[2024-11-10T13:15:46.201+0000] {taskinstance.py:1083} INFO - Dependencies all met for <TaskInstance: python_operator.data_clear manual__2024-11-10T13:15:41.348059+00:00 [queued]>
[2024-11-10T13:15:46.222+0000] {taskinstance.py:1083} INFO - Dependencies all met for <TaskInstance: python_operator.data_clear manual__2024-11-10T13:15:41.348059+00:00 [queued]>
[2024-11-10T13:15:46.223+0000] {taskinstance.py:1279} INFO - 
--------------------------------------------------------------------------------
[2024-11-10T13:15:46.223+0000] {taskinstance.py:1280} INFO - Starting attempt 1 of 1
[2024-11-10T13:15:46.223+0000] {taskinstance.py:1281} INFO - 
--------------------------------------------------------------------------------
[2024-11-10T13:15:46.282+0000] {taskinstance.py:1300} INFO - Executing <Task(PythonOperator): data_clear> on 2024-11-10 13:15:41.348059+00:00
[2024-11-10T13:15:46.306+0000] {standard_task_runner.py:55} INFO - Started process 1481 to run task
[2024-11-10T13:15:46.317+0000] {standard_task_runner.py:82} INFO - Running: ['***', 'tasks', 'run', 'python_operator', 'data_clear', 'manual__2024-11-10T13:15:41.348059+00:00', '--job-id', '170', '--raw', '--subdir', 'DAGS_FOLDER/python_operator.py', '--cfg-path', '/tmp/tmp0ttbvckf']
[2024-11-10T13:15:46.321+0000] {standard_task_runner.py:83} INFO - Job 170: Subtask data_clear
[2024-11-10T13:15:46.467+0000] {task_command.py:388} INFO - Running <TaskInstance: python_operator.data_clear manual__2024-11-10T13:15:41.348059+00:00 [running]> on host c860a17743c7
[2024-11-10T13:15:46.580+0000] {taskinstance.py:1509} INFO - Exporting the following env vars:
AIRFLOW_CTX_DAG_OWNER=***
AIRFLOW_CTX_DAG_ID=python_operator
AIRFLOW_CTX_TASK_ID=data_clear
AIRFLOW_CTX_EXECUTION_DATE=2024-11-10T13:15:41.348059+00:00
AIRFLOW_CTX_TRY_NUMBER=1
AIRFLOW_CTX_DAG_RUN_ID=manual__2024-11-10T13:15:41.348059+00:00
[2024-11-10T13:15:46.634+0000] {python.py:177} INFO - Done. Returned value was: None
[2024-11-10T13:15:46.644+0000] {taskinstance.py:1323} INFO - Marking task as SUCCESS. dag_id=python_operator, task_id=data_clear, execution_date=20241110T131541, start_date=20241110T131546, end_date=20241110T131546
[2024-11-10T13:15:46.703+0000] {local_task_job.py:208} INFO - Task exited with return code 0
[2024-11-10T13:15:46.731+0000] {taskinstance.py:2578} INFO - 0 downstream tasks scheduled from follow-on schedule check
