[2024-11-09T20:20:50.994+0000] {taskinstance.py:1083} INFO - Dependencies all met for <TaskInstance: second_dag.tsk1 manual__2024-11-09T20:20:50.030474+00:00 [queued]>
[2024-11-09T20:20:51.004+0000] {taskinstance.py:1083} INFO - Dependencies all met for <TaskInstance: second_dag.tsk1 manual__2024-11-09T20:20:50.030474+00:00 [queued]>
[2024-11-09T20:20:51.004+0000] {taskinstance.py:1279} INFO - 
--------------------------------------------------------------------------------
[2024-11-09T20:20:51.005+0000] {taskinstance.py:1280} INFO - Starting attempt 1 of 1
[2024-11-09T20:20:51.005+0000] {taskinstance.py:1281} INFO - 
--------------------------------------------------------------------------------
[2024-11-09T20:20:51.014+0000] {taskinstance.py:1300} INFO - Executing <Task(BashOperator): tsk1> on 2024-11-09 20:20:50.030474+00:00
[2024-11-09T20:20:51.019+0000] {standard_task_runner.py:55} INFO - Started process 4747 to run task
[2024-11-09T20:20:51.022+0000] {standard_task_runner.py:82} INFO - Running: ['***', 'tasks', 'run', 'second_dag', 'tsk1', 'manual__2024-11-09T20:20:50.030474+00:00', '--job-id', '62', '--raw', '--subdir', 'DAGS_FOLDER/second_dag.py', '--cfg-path', '/tmp/tmp81m5js3l']
[2024-11-09T20:20:51.022+0000] {standard_task_runner.py:83} INFO - Job 62: Subtask tsk1
[2024-11-09T20:20:51.088+0000] {task_command.py:388} INFO - Running <TaskInstance: second_dag.tsk1 manual__2024-11-09T20:20:50.030474+00:00 [running]> on host a8ff7d7dd89a
[2024-11-09T20:20:51.137+0000] {taskinstance.py:1509} INFO - Exporting the following env vars:
AIRFLOW_CTX_DAG_OWNER=***
AIRFLOW_CTX_DAG_ID=second_dag
AIRFLOW_CTX_TASK_ID=tsk1
AIRFLOW_CTX_EXECUTION_DATE=2024-11-09T20:20:50.030474+00:00
AIRFLOW_CTX_TRY_NUMBER=1
AIRFLOW_CTX_DAG_RUN_ID=manual__2024-11-09T20:20:50.030474+00:00
[2024-11-09T20:20:51.138+0000] {subprocess.py:63} INFO - Tmp dir root location: 
 /tmp
[2024-11-09T20:20:51.139+0000] {subprocess.py:75} INFO - Running command: ['/bin/bash', '-c', 'sleep 5']
[2024-11-09T20:20:51.147+0000] {subprocess.py:86} INFO - Output:
[2024-11-09T20:20:56.165+0000] {subprocess.py:97} INFO - Command exited with return code 0
[2024-11-09T20:20:56.204+0000] {taskinstance.py:1323} INFO - Marking task as SUCCESS. dag_id=second_dag, task_id=tsk1, execution_date=20241109T202050, start_date=20241109T202050, end_date=20241109T202056
[2024-11-09T20:20:56.230+0000] {local_task_job.py:208} INFO - Task exited with return code 0
[2024-11-09T20:20:56.262+0000] {taskinstance.py:2578} INFO - 2 downstream tasks scheduled from follow-on schedule check
