[2024-11-09T20:38:57.990+0000] {taskinstance.py:1083} INFO - Dependencies all met for <TaskInstance: trigger_dag2.tsk2 manual__2024-11-09T20:38:56.868563+00:00 [queued]>
[2024-11-09T20:38:58.001+0000] {taskinstance.py:1083} INFO - Dependencies all met for <TaskInstance: trigger_dag2.tsk2 manual__2024-11-09T20:38:56.868563+00:00 [queued]>
[2024-11-09T20:38:58.001+0000] {taskinstance.py:1279} INFO - 
--------------------------------------------------------------------------------
[2024-11-09T20:38:58.001+0000] {taskinstance.py:1280} INFO - Starting attempt 1 of 1
[2024-11-09T20:38:58.002+0000] {taskinstance.py:1281} INFO - 
--------------------------------------------------------------------------------
[2024-11-09T20:38:58.012+0000] {taskinstance.py:1300} INFO - Executing <Task(BashOperator): tsk2> on 2024-11-09 20:38:56.868563+00:00
[2024-11-09T20:38:58.017+0000] {standard_task_runner.py:55} INFO - Started process 6316 to run task
[2024-11-09T20:38:58.020+0000] {standard_task_runner.py:82} INFO - Running: ['***', 'tasks', 'run', 'trigger_dag2', 'tsk2', 'manual__2024-11-09T20:38:56.868563+00:00', '--job-id', '74', '--raw', '--subdir', 'DAGS_FOLDER/trigger_dag2.py', '--cfg-path', '/tmp/tmp3t4h5sk6']
[2024-11-09T20:38:58.021+0000] {standard_task_runner.py:83} INFO - Job 74: Subtask tsk2
[2024-11-09T20:38:58.089+0000] {task_command.py:388} INFO - Running <TaskInstance: trigger_dag2.tsk2 manual__2024-11-09T20:38:56.868563+00:00 [running]> on host a8ff7d7dd89a
[2024-11-09T20:38:58.146+0000] {taskinstance.py:1509} INFO - Exporting the following env vars:
AIRFLOW_CTX_DAG_OWNER=***
AIRFLOW_CTX_DAG_ID=trigger_dag2
AIRFLOW_CTX_TASK_ID=tsk2
AIRFLOW_CTX_EXECUTION_DATE=2024-11-09T20:38:56.868563+00:00
AIRFLOW_CTX_TRY_NUMBER=1
AIRFLOW_CTX_DAG_RUN_ID=manual__2024-11-09T20:38:56.868563+00:00
[2024-11-09T20:38:58.149+0000] {subprocess.py:63} INFO - Tmp dir root location: 
 /tmp
[2024-11-09T20:38:58.150+0000] {subprocess.py:75} INFO - Running command: ['/bin/bash', '-c', 'sleep 5']
[2024-11-09T20:38:58.158+0000] {subprocess.py:86} INFO - Output:
[2024-11-09T20:39:03.175+0000] {subprocess.py:97} INFO - Command exited with return code 0
[2024-11-09T20:39:03.217+0000] {taskinstance.py:1323} INFO - Marking task as SUCCESS. dag_id=trigger_dag2, task_id=tsk2, execution_date=20241109T203856, start_date=20241109T203857, end_date=20241109T203903
[2024-11-09T20:39:03.244+0000] {local_task_job.py:208} INFO - Task exited with return code 0
[2024-11-09T20:39:03.257+0000] {taskinstance.py:2578} INFO - 0 downstream tasks scheduled from follow-on schedule check
