[2024-11-10T00:31:19.083+0000] {taskinstance.py:1083} INFO - Dependencies all met for <TaskInstance: default_args_dag.task3 manual__2024-11-10T00:31:12.734581+00:00 [queued]>
[2024-11-10T00:31:19.089+0000] {taskinstance.py:1083} INFO - Dependencies all met for <TaskInstance: default_args_dag.task3 manual__2024-11-10T00:31:12.734581+00:00 [queued]>
[2024-11-10T00:31:19.090+0000] {taskinstance.py:1279} INFO - 
--------------------------------------------------------------------------------
[2024-11-10T00:31:19.090+0000] {taskinstance.py:1280} INFO - Starting attempt 1 of 2
[2024-11-10T00:31:19.090+0000] {taskinstance.py:1281} INFO - 
--------------------------------------------------------------------------------
[2024-11-10T00:31:19.099+0000] {taskinstance.py:1300} INFO - Executing <Task(BashOperator): task3> on 2024-11-10 00:31:12.734581+00:00
[2024-11-10T00:31:19.103+0000] {standard_task_runner.py:55} INFO - Started process 18959 to run task
[2024-11-10T00:31:19.106+0000] {standard_task_runner.py:82} INFO - Running: ['***', 'tasks', 'run', 'default_args_dag', 'task3', 'manual__2024-11-10T00:31:12.734581+00:00', '--job-id', '145', '--raw', '--subdir', 'DAGS_FOLDER/default_args.py', '--cfg-path', '/tmp/tmpyqcrj0gb']
[2024-11-10T00:31:19.107+0000] {standard_task_runner.py:83} INFO - Job 145: Subtask task3
[2024-11-10T00:31:19.168+0000] {task_command.py:388} INFO - Running <TaskInstance: default_args_dag.task3 manual__2024-11-10T00:31:12.734581+00:00 [running]> on host a8ff7d7dd89a
[2024-11-10T00:31:19.210+0000] {taskinstance.py:1509} INFO - Exporting the following env vars:
AIRFLOW_CTX_DAG_EMAIL=caubineto@outlook.com
AIRFLOW_CTX_DAG_OWNER=***
AIRFLOW_CTX_DAG_ID=default_args_dag
AIRFLOW_CTX_TASK_ID=task3
AIRFLOW_CTX_EXECUTION_DATE=2024-11-10T00:31:12.734581+00:00
AIRFLOW_CTX_TRY_NUMBER=1
AIRFLOW_CTX_DAG_RUN_ID=manual__2024-11-10T00:31:12.734581+00:00
[2024-11-10T00:31:19.211+0000] {subprocess.py:63} INFO - Tmp dir root location: 
 /tmp
[2024-11-10T00:31:19.212+0000] {subprocess.py:75} INFO - Running command: ['/bin/bash', '-c', 'sleep 5']
[2024-11-10T00:31:19.218+0000] {subprocess.py:86} INFO - Output:
[2024-11-10T00:31:24.223+0000] {subprocess.py:97} INFO - Command exited with return code 0
[2024-11-10T00:31:24.277+0000] {taskinstance.py:1323} INFO - Marking task as SUCCESS. dag_id=default_args_dag, task_id=task3, execution_date=20241110T003112, start_date=20241110T003119, end_date=20241110T003124
[2024-11-10T00:31:24.352+0000] {local_task_job.py:208} INFO - Task exited with return code 0
[2024-11-10T00:31:24.373+0000] {taskinstance.py:2578} INFO - 0 downstream tasks scheduled from follow-on schedule check
