[2024-11-10T00:51:53.795+0000] {taskinstance.py:1083} INFO - Dependencies all met for <TaskInstance: xcon.tsk2 manual__2024-11-10T00:51:52.124322+00:00 [queued]>
[2024-11-10T00:51:53.800+0000] {taskinstance.py:1083} INFO - Dependencies all met for <TaskInstance: xcon.tsk2 manual__2024-11-10T00:51:52.124322+00:00 [queued]>
[2024-11-10T00:51:53.800+0000] {taskinstance.py:1279} INFO - 
--------------------------------------------------------------------------------
[2024-11-10T00:51:53.800+0000] {taskinstance.py:1280} INFO - Starting attempt 1 of 1
[2024-11-10T00:51:53.800+0000] {taskinstance.py:1281} INFO - 
--------------------------------------------------------------------------------
[2024-11-10T00:51:53.806+0000] {taskinstance.py:1300} INFO - Executing <Task(PythonOperator): tsk2> on 2024-11-10 00:51:52.124322+00:00
[2024-11-10T00:51:53.809+0000] {standard_task_runner.py:55} INFO - Started process 20515 to run task
[2024-11-10T00:51:53.811+0000] {standard_task_runner.py:82} INFO - Running: ['***', 'tasks', 'run', 'xcon', 'tsk2', 'manual__2024-11-10T00:51:52.124322+00:00', '--job-id', '147', '--raw', '--subdir', 'DAGS_FOLDER/xcon.py', '--cfg-path', '/tmp/tmprsm63qcb']
[2024-11-10T00:51:53.811+0000] {standard_task_runner.py:83} INFO - Job 147: Subtask tsk2
[2024-11-10T00:51:53.847+0000] {task_command.py:388} INFO - Running <TaskInstance: xcon.tsk2 manual__2024-11-10T00:51:52.124322+00:00 [running]> on host a8ff7d7dd89a
[2024-11-10T00:51:53.888+0000] {taskinstance.py:1509} INFO - Exporting the following env vars:
AIRFLOW_CTX_DAG_OWNER=***
AIRFLOW_CTX_DAG_ID=xcon
AIRFLOW_CTX_TASK_ID=tsk2
AIRFLOW_CTX_EXECUTION_DATE=2024-11-10T00:51:52.124322+00:00
AIRFLOW_CTX_TRY_NUMBER=1
AIRFLOW_CTX_DAG_RUN_ID=manual__2024-11-10T00:51:52.124322+00:00
[2024-11-10T00:51:53.896+0000] {logging_mixin.py:137} INFO - valor recuperado: 1328
[2024-11-10T00:51:53.896+0000] {python.py:177} INFO - Done. Returned value was: None
[2024-11-10T00:51:53.901+0000] {taskinstance.py:1323} INFO - Marking task as SUCCESS. dag_id=xcon, task_id=tsk2, execution_date=20241110T005152, start_date=20241110T005153, end_date=20241110T005153
[2024-11-10T00:51:53.948+0000] {local_task_job.py:208} INFO - Task exited with return code 0
[2024-11-10T00:51:53.964+0000] {taskinstance.py:2578} INFO - 0 downstream tasks scheduled from follow-on schedule check
