[2024-11-09T20:36:58.875+0000] {taskinstance.py:1083} INFO - Dependencies all met for <TaskInstance: trigger_dag1.tsk2 manual__2024-11-09T20:36:56.933333+00:00 [queued]>
[2024-11-09T20:36:58.921+0000] {taskinstance.py:1083} INFO - Dependencies all met for <TaskInstance: trigger_dag1.tsk2 manual__2024-11-09T20:36:56.933333+00:00 [queued]>
[2024-11-09T20:36:58.921+0000] {taskinstance.py:1279} INFO - 
--------------------------------------------------------------------------------
[2024-11-09T20:36:58.926+0000] {taskinstance.py:1280} INFO - Starting attempt 1 of 1
[2024-11-09T20:36:58.926+0000] {taskinstance.py:1281} INFO - 
--------------------------------------------------------------------------------
[2024-11-09T20:36:58.961+0000] {taskinstance.py:1300} INFO - Executing <Task(BashOperator): tsk2> on 2024-11-09 20:36:56.933333+00:00
[2024-11-09T20:36:58.971+0000] {standard_task_runner.py:55} INFO - Started process 6152 to run task
[2024-11-09T20:36:58.981+0000] {standard_task_runner.py:82} INFO - Running: ['***', 'tasks', 'run', 'trigger_dag1', 'tsk2', 'manual__2024-11-09T20:36:56.933333+00:00', '--job-id', '73', '--raw', '--subdir', 'DAGS_FOLDER/trigger_dag1.py', '--cfg-path', '/tmp/tmpa1bpl4_y']
[2024-11-09T20:36:58.983+0000] {standard_task_runner.py:83} INFO - Job 73: Subtask tsk2
[2024-11-09T20:36:59.117+0000] {task_command.py:388} INFO - Running <TaskInstance: trigger_dag1.tsk2 manual__2024-11-09T20:36:56.933333+00:00 [running]> on host a8ff7d7dd89a
[2024-11-09T20:36:59.242+0000] {taskinstance.py:1509} INFO - Exporting the following env vars:
AIRFLOW_CTX_DAG_OWNER=***
AIRFLOW_CTX_DAG_ID=trigger_dag1
AIRFLOW_CTX_TASK_ID=tsk2
AIRFLOW_CTX_EXECUTION_DATE=2024-11-09T20:36:56.933333+00:00
AIRFLOW_CTX_TRY_NUMBER=1
AIRFLOW_CTX_DAG_RUN_ID=manual__2024-11-09T20:36:56.933333+00:00
[2024-11-09T20:36:59.245+0000] {subprocess.py:63} INFO - Tmp dir root location: 
 /tmp
[2024-11-09T20:36:59.249+0000] {subprocess.py:75} INFO - Running command: ['/bin/bash', '-c', 'sleep 5']
[2024-11-09T20:36:59.262+0000] {subprocess.py:86} INFO - Output:
[2024-11-09T20:37:04.266+0000] {subprocess.py:97} INFO - Command exited with return code 0
[2024-11-09T20:37:04.304+0000] {taskinstance.py:1323} INFO - Marking task as SUCCESS. dag_id=trigger_dag1, task_id=tsk2, execution_date=20241109T203656, start_date=20241109T203658, end_date=20241109T203704
[2024-11-09T20:37:04.329+0000] {local_task_job.py:208} INFO - Task exited with return code 0
[2024-11-09T20:37:04.358+0000] {taskinstance.py:2578} INFO - 0 downstream tasks scheduled from follow-on schedule check
