[2024-11-09T21:12:40.695+0000] {taskinstance.py:1083} INFO - Dependencies all met for <TaskInstance: complex_group.tsk5 manual__2024-11-09T21:12:26.861689+00:00 [queued]>
[2024-11-09T21:12:40.701+0000] {taskinstance.py:1083} INFO - Dependencies all met for <TaskInstance: complex_group.tsk5 manual__2024-11-09T21:12:26.861689+00:00 [queued]>
[2024-11-09T21:12:40.701+0000] {taskinstance.py:1279} INFO - 
--------------------------------------------------------------------------------
[2024-11-09T21:12:40.701+0000] {taskinstance.py:1280} INFO - Starting attempt 1 of 1
[2024-11-09T21:12:40.701+0000] {taskinstance.py:1281} INFO - 
--------------------------------------------------------------------------------
[2024-11-09T21:12:40.708+0000] {taskinstance.py:1300} INFO - Executing <Task(BashOperator): tsk5> on 2024-11-09 21:12:26.861689+00:00
[2024-11-09T21:12:40.711+0000] {standard_task_runner.py:55} INFO - Started process 9267 to run task
[2024-11-09T21:12:40.713+0000] {standard_task_runner.py:82} INFO - Running: ['***', 'tasks', 'run', 'complex_group', 'tsk5', 'manual__2024-11-09T21:12:26.861689+00:00', '--job-id', '110', '--raw', '--subdir', 'DAGS_FOLDER/complex_group_dag.py', '--cfg-path', '/tmp/tmpgb9q_0wn']
[2024-11-09T21:12:40.713+0000] {standard_task_runner.py:83} INFO - Job 110: Subtask tsk5
[2024-11-09T21:12:40.751+0000] {task_command.py:388} INFO - Running <TaskInstance: complex_group.tsk5 manual__2024-11-09T21:12:26.861689+00:00 [running]> on host a8ff7d7dd89a
[2024-11-09T21:12:40.790+0000] {taskinstance.py:1509} INFO - Exporting the following env vars:
AIRFLOW_CTX_DAG_OWNER=***
AIRFLOW_CTX_DAG_ID=complex_group
AIRFLOW_CTX_TASK_ID=tsk5
AIRFLOW_CTX_EXECUTION_DATE=2024-11-09T21:12:26.861689+00:00
AIRFLOW_CTX_TRY_NUMBER=1
AIRFLOW_CTX_DAG_RUN_ID=manual__2024-11-09T21:12:26.861689+00:00
[2024-11-09T21:12:40.790+0000] {subprocess.py:63} INFO - Tmp dir root location: 
 /tmp
[2024-11-09T21:12:40.791+0000] {subprocess.py:75} INFO - Running command: ['/bin/bash', '-c', 'sleep 5']
[2024-11-09T21:12:40.796+0000] {subprocess.py:86} INFO - Output:
[2024-11-09T21:12:45.800+0000] {subprocess.py:97} INFO - Command exited with return code 0
[2024-11-09T21:12:45.835+0000] {taskinstance.py:1323} INFO - Marking task as SUCCESS. dag_id=complex_group, task_id=tsk5, execution_date=20241109T211226, start_date=20241109T211240, end_date=20241109T211245
[2024-11-09T21:12:45.854+0000] {local_task_job.py:208} INFO - Task exited with return code 0
[2024-11-09T21:12:45.873+0000] {taskinstance.py:2578} INFO - 1 downstream tasks scheduled from follow-on schedule check
