[2024-11-10T11:51:02.917+0000] {taskinstance.py:1083} INFO - Dependencies all met for <TaskInstance: default_args_dag.task2 scheduled__2024-11-10T01:00:00+00:00 [queued]>
[2024-11-10T11:51:02.933+0000] {taskinstance.py:1083} INFO - Dependencies all met for <TaskInstance: default_args_dag.task2 scheduled__2024-11-10T01:00:00+00:00 [queued]>
[2024-11-10T11:51:02.933+0000] {taskinstance.py:1279} INFO - 
--------------------------------------------------------------------------------
[2024-11-10T11:51:02.933+0000] {taskinstance.py:1280} INFO - Starting attempt 1 of 2
[2024-11-10T11:51:02.934+0000] {taskinstance.py:1281} INFO - 
--------------------------------------------------------------------------------
[2024-11-10T11:51:02.956+0000] {taskinstance.py:1300} INFO - Executing <Task(BashOperator): task2> on 2024-11-10 01:00:00+00:00
[2024-11-10T11:51:02.963+0000] {standard_task_runner.py:55} INFO - Started process 82 to run task
[2024-11-10T11:51:02.969+0000] {standard_task_runner.py:82} INFO - Running: ['***', 'tasks', 'run', 'default_args_dag', 'task2', 'scheduled__2024-11-10T01:00:00+00:00', '--job-id', '155', '--raw', '--subdir', 'DAGS_FOLDER/default_args.py', '--cfg-path', '/tmp/tmpo7n0ubf6']
[2024-11-10T11:51:02.969+0000] {standard_task_runner.py:83} INFO - Job 155: Subtask task2
[2024-11-10T11:51:03.084+0000] {task_command.py:388} INFO - Running <TaskInstance: default_args_dag.task2 scheduled__2024-11-10T01:00:00+00:00 [running]> on host a8ff7d7dd89a
[2024-11-10T11:51:03.235+0000] {taskinstance.py:1509} INFO - Exporting the following env vars:
AIRFLOW_CTX_DAG_EMAIL=caubineto@outlook.com
AIRFLOW_CTX_DAG_OWNER=***
AIRFLOW_CTX_DAG_ID=default_args_dag
AIRFLOW_CTX_TASK_ID=task2
AIRFLOW_CTX_EXECUTION_DATE=2024-11-10T01:00:00+00:00
AIRFLOW_CTX_TRY_NUMBER=1
AIRFLOW_CTX_DAG_RUN_ID=scheduled__2024-11-10T01:00:00+00:00
[2024-11-10T11:51:03.241+0000] {subprocess.py:63} INFO - Tmp dir root location: 
 /tmp
[2024-11-10T11:51:03.242+0000] {subprocess.py:75} INFO - Running command: ['/bin/bash', '-c', 'sleep 5']
[2024-11-10T11:51:03.265+0000] {subprocess.py:86} INFO - Output:
[2024-11-10T11:51:08.275+0000] {subprocess.py:97} INFO - Command exited with return code 0
[2024-11-10T11:51:08.330+0000] {taskinstance.py:1323} INFO - Marking task as SUCCESS. dag_id=default_args_dag, task_id=task2, execution_date=20241110T010000, start_date=20241110T115102, end_date=20241110T115108
[2024-11-10T11:51:08.365+0000] {local_task_job.py:208} INFO - Task exited with return code 0
[2024-11-10T11:51:08.390+0000] {taskinstance.py:2578} INFO - 0 downstream tasks scheduled from follow-on schedule check
