[2024-11-10T13:50:49.727+0000] {taskinstance.py:1083} INFO - Dependencies all met for <TaskInstance: banco_de_dados.query_data manual__2024-11-10T13:50:43.582266+00:00 [queued]>
[2024-11-10T13:50:49.735+0000] {taskinstance.py:1083} INFO - Dependencies all met for <TaskInstance: banco_de_dados.query_data manual__2024-11-10T13:50:43.582266+00:00 [queued]>
[2024-11-10T13:50:49.735+0000] {taskinstance.py:1279} INFO - 
--------------------------------------------------------------------------------
[2024-11-10T13:50:49.735+0000] {taskinstance.py:1280} INFO - Starting attempt 1 of 1
[2024-11-10T13:50:49.735+0000] {taskinstance.py:1281} INFO - 
--------------------------------------------------------------------------------
[2024-11-10T13:50:49.747+0000] {taskinstance.py:1300} INFO - Executing <Task(PostgresOperator): query_data> on 2024-11-10 13:50:43.582266+00:00
[2024-11-10T13:50:49.752+0000] {standard_task_runner.py:55} INFO - Started process 4048 to run task
[2024-11-10T13:50:49.756+0000] {standard_task_runner.py:82} INFO - Running: ['***', 'tasks', 'run', 'banco_de_dados', 'query_data', 'manual__2024-11-10T13:50:43.582266+00:00', '--job-id', '173', '--raw', '--subdir', 'DAGS_FOLDER/banco_de_dados.py', '--cfg-path', '/tmp/tmpg_oa9cbs']
[2024-11-10T13:50:49.757+0000] {standard_task_runner.py:83} INFO - Job 173: Subtask query_data
[2024-11-10T13:50:49.810+0000] {task_command.py:388} INFO - Running <TaskInstance: banco_de_dados.query_data manual__2024-11-10T13:50:43.582266+00:00 [running]> on host c860a17743c7
[2024-11-10T13:50:49.864+0000] {taskinstance.py:1509} INFO - Exporting the following env vars:
AIRFLOW_CTX_DAG_OWNER=***
AIRFLOW_CTX_DAG_ID=banco_de_dados
AIRFLOW_CTX_TASK_ID=query_data
AIRFLOW_CTX_EXECUTION_DATE=2024-11-10T13:50:43.582266+00:00
AIRFLOW_CTX_TRY_NUMBER=1
AIRFLOW_CTX_DAG_RUN_ID=manual__2024-11-10T13:50:43.582266+00:00
[2024-11-10T13:50:49.865+0000] {sql.py:254} INFO - Executing: select * from teste;
[2024-11-10T13:50:49.871+0000] {base.py:73} INFO - Using connection ID 'postgres' for task execution.
[2024-11-10T13:50:50.039+0000] {base.py:73} INFO - Using connection ID 'postgres' for task execution.
[2024-11-10T13:50:50.042+0000] {sql.py:375} INFO - Running statement: select * from teste;, parameters: None
[2024-11-10T13:50:50.043+0000] {sql.py:384} INFO - Rows affected: 1
[2024-11-10T13:50:50.062+0000] {taskinstance.py:1323} INFO - Marking task as SUCCESS. dag_id=banco_de_dados, task_id=query_data, execution_date=20241110T135043, start_date=20241110T135049, end_date=20241110T135050
[2024-11-10T13:50:50.113+0000] {local_task_job.py:208} INFO - Task exited with return code 0
[2024-11-10T13:50:50.132+0000] {taskinstance.py:2578} INFO - 1 downstream tasks scheduled from follow-on schedule check
