[2024-11-10T13:51:20.183+0000] {taskinstance.py:1083} INFO - Dependencies all met for <TaskInstance: banco_de_dados.query_data manual__2024-11-10T13:51:13.735563+00:00 [queued]>
[2024-11-10T13:51:20.205+0000] {taskinstance.py:1083} INFO - Dependencies all met for <TaskInstance: banco_de_dados.query_data manual__2024-11-10T13:51:13.735563+00:00 [queued]>
[2024-11-10T13:51:20.206+0000] {taskinstance.py:1279} INFO - 
--------------------------------------------------------------------------------
[2024-11-10T13:51:20.206+0000] {taskinstance.py:1280} INFO - Starting attempt 1 of 1
[2024-11-10T13:51:20.206+0000] {taskinstance.py:1281} INFO - 
--------------------------------------------------------------------------------
[2024-11-10T13:51:20.219+0000] {taskinstance.py:1300} INFO - Executing <Task(PostgresOperator): query_data> on 2024-11-10 13:51:13.735563+00:00
[2024-11-10T13:51:20.227+0000] {standard_task_runner.py:55} INFO - Started process 4088 to run task
[2024-11-10T13:51:20.236+0000] {standard_task_runner.py:82} INFO - Running: ['***', 'tasks', 'run', 'banco_de_dados', 'query_data', 'manual__2024-11-10T13:51:13.735563+00:00', '--job-id', '177', '--raw', '--subdir', 'DAGS_FOLDER/banco_de_dados.py', '--cfg-path', '/tmp/tmpwrf5ytrp']
[2024-11-10T13:51:20.237+0000] {standard_task_runner.py:83} INFO - Job 177: Subtask query_data
[2024-11-10T13:51:20.328+0000] {task_command.py:388} INFO - Running <TaskInstance: banco_de_dados.query_data manual__2024-11-10T13:51:13.735563+00:00 [running]> on host c860a17743c7
[2024-11-10T13:51:20.388+0000] {taskinstance.py:1509} INFO - Exporting the following env vars:
AIRFLOW_CTX_DAG_OWNER=***
AIRFLOW_CTX_DAG_ID=banco_de_dados
AIRFLOW_CTX_TASK_ID=query_data
AIRFLOW_CTX_EXECUTION_DATE=2024-11-10T13:51:13.735563+00:00
AIRFLOW_CTX_TRY_NUMBER=1
AIRFLOW_CTX_DAG_RUN_ID=manual__2024-11-10T13:51:13.735563+00:00
[2024-11-10T13:51:20.389+0000] {sql.py:254} INFO - Executing: select * from teste;
[2024-11-10T13:51:20.399+0000] {base.py:73} INFO - Using connection ID 'postgres' for task execution.
[2024-11-10T13:51:20.578+0000] {base.py:73} INFO - Using connection ID 'postgres' for task execution.
[2024-11-10T13:51:20.581+0000] {sql.py:375} INFO - Running statement: select * from teste;, parameters: None
[2024-11-10T13:51:20.582+0000] {sql.py:384} INFO - Rows affected: 2
[2024-11-10T13:51:20.599+0000] {taskinstance.py:1323} INFO - Marking task as SUCCESS. dag_id=banco_de_dados, task_id=query_data, execution_date=20241110T135113, start_date=20241110T135120, end_date=20241110T135120
[2024-11-10T13:51:20.625+0000] {local_task_job.py:208} INFO - Task exited with return code 0
[2024-11-10T13:51:20.644+0000] {taskinstance.py:2578} INFO - 1 downstream tasks scheduled from follow-on schedule check
