[2024-11-09T20:55:18.343+0000] {taskinstance.py:1083} INFO - Dependencies all met for <TaskInstance: fifity_dag.tsk8 manual__2024-11-09T20:54:53.398831+00:00 [queued]>
[2024-11-09T20:55:18.353+0000] {taskinstance.py:1083} INFO - Dependencies all met for <TaskInstance: fifity_dag.tsk8 manual__2024-11-09T20:54:53.398831+00:00 [queued]>
[2024-11-09T20:55:18.353+0000] {taskinstance.py:1279} INFO - 
--------------------------------------------------------------------------------
[2024-11-09T20:55:18.353+0000] {taskinstance.py:1280} INFO - Starting attempt 1 of 1
[2024-11-09T20:55:18.354+0000] {taskinstance.py:1281} INFO - 
--------------------------------------------------------------------------------
[2024-11-09T20:55:18.368+0000] {taskinstance.py:1300} INFO - Executing <Task(BashOperator): tsk8> on 2024-11-09 20:54:53.398831+00:00
[2024-11-09T20:55:18.374+0000] {standard_task_runner.py:55} INFO - Started process 7731 to run task
[2024-11-09T20:55:18.381+0000] {standard_task_runner.py:82} INFO - Running: ['***', 'tasks', 'run', 'fifity_dag', 'tsk8', 'manual__2024-11-09T20:54:53.398831+00:00', '--job-id', '88', '--raw', '--subdir', 'DAGS_FOLDER/fifity_dag.py', '--cfg-path', '/tmp/tmp5utd4ghc']
[2024-11-09T20:55:18.381+0000] {standard_task_runner.py:83} INFO - Job 88: Subtask tsk8
[2024-11-09T20:55:18.447+0000] {task_command.py:388} INFO - Running <TaskInstance: fifity_dag.tsk8 manual__2024-11-09T20:54:53.398831+00:00 [running]> on host a8ff7d7dd89a
[2024-11-09T20:55:18.496+0000] {taskinstance.py:1509} INFO - Exporting the following env vars:
AIRFLOW_CTX_DAG_OWNER=***
AIRFLOW_CTX_DAG_ID=fifity_dag
AIRFLOW_CTX_TASK_ID=tsk8
AIRFLOW_CTX_EXECUTION_DATE=2024-11-09T20:54:53.398831+00:00
AIRFLOW_CTX_TRY_NUMBER=1
AIRFLOW_CTX_DAG_RUN_ID=manual__2024-11-09T20:54:53.398831+00:00
[2024-11-09T20:55:18.497+0000] {subprocess.py:63} INFO - Tmp dir root location: 
 /tmp
[2024-11-09T20:55:18.498+0000] {subprocess.py:75} INFO - Running command: ['/bin/bash', '-c', 'sleep 5']
[2024-11-09T20:55:18.504+0000] {subprocess.py:86} INFO - Output:
[2024-11-09T20:55:23.510+0000] {subprocess.py:97} INFO - Command exited with return code 0
[2024-11-09T20:55:23.569+0000] {taskinstance.py:1323} INFO - Marking task as SUCCESS. dag_id=fifity_dag, task_id=tsk8, execution_date=20241109T205453, start_date=20241109T205518, end_date=20241109T205523
[2024-11-09T20:55:23.602+0000] {local_task_job.py:208} INFO - Task exited with return code 0
[2024-11-09T20:55:23.624+0000] {taskinstance.py:2578} INFO - 0 downstream tasks scheduled from follow-on schedule check
