[2024-11-09T17:43:53.901+0000] {taskinstance.py:1083} INFO - Dependencies all met for <TaskInstance: example_bash_operator.runme_0 scheduled__2024-11-08T00:00:00+00:00 [queued]>
[2024-11-09T17:43:53.954+0000] {taskinstance.py:1083} INFO - Dependencies all met for <TaskInstance: example_bash_operator.runme_0 scheduled__2024-11-08T00:00:00+00:00 [queued]>
[2024-11-09T17:43:53.956+0000] {taskinstance.py:1279} INFO - 
--------------------------------------------------------------------------------
[2024-11-09T17:43:53.957+0000] {taskinstance.py:1280} INFO - Starting attempt 1 of 1
[2024-11-09T17:43:53.958+0000] {taskinstance.py:1281} INFO - 
--------------------------------------------------------------------------------
[2024-11-09T17:43:54.008+0000] {taskinstance.py:1300} INFO - Executing <Task(BashOperator): runme_0> on 2024-11-08 00:00:00+00:00
[2024-11-09T17:43:54.015+0000] {standard_task_runner.py:55} INFO - Started process 959 to run task
[2024-11-09T17:43:54.021+0000] {standard_task_runner.py:82} INFO - Running: ['***', 'tasks', 'run', 'example_bash_operator', 'runme_0', 'scheduled__2024-11-08T00:00:00+00:00', '--job-id', '45', '--raw', '--subdir', '/home/***/.local/lib/python3.7/site-packages/***/example_dags/example_bash_operator.py', '--cfg-path', '/tmp/tmp64v7_6kv']
[2024-11-09T17:43:54.023+0000] {standard_task_runner.py:83} INFO - Job 45: Subtask runme_0
[2024-11-09T17:43:54.131+0000] {task_command.py:388} INFO - Running <TaskInstance: example_bash_operator.runme_0 scheduled__2024-11-08T00:00:00+00:00 [running]> on host a8ff7d7dd89a
[2024-11-09T17:43:54.214+0000] {taskinstance.py:1509} INFO - Exporting the following env vars:
AIRFLOW_CTX_DAG_OWNER=***
AIRFLOW_CTX_DAG_ID=example_bash_operator
AIRFLOW_CTX_TASK_ID=runme_0
AIRFLOW_CTX_EXECUTION_DATE=2024-11-08T00:00:00+00:00
AIRFLOW_CTX_TRY_NUMBER=1
AIRFLOW_CTX_DAG_RUN_ID=scheduled__2024-11-08T00:00:00+00:00
[2024-11-09T17:43:54.218+0000] {subprocess.py:63} INFO - Tmp dir root location: 
 /tmp
[2024-11-09T17:43:54.221+0000] {subprocess.py:75} INFO - Running command: ['/bin/bash', '-c', 'echo "example_bash_operator__runme_0__20241108" && sleep 1']
[2024-11-09T17:43:54.234+0000] {subprocess.py:86} INFO - Output:
[2024-11-09T17:43:54.236+0000] {subprocess.py:93} INFO - example_bash_operator__runme_0__20241108
[2024-11-09T17:43:55.247+0000] {subprocess.py:97} INFO - Command exited with return code 0
[2024-11-09T17:43:55.298+0000] {taskinstance.py:1323} INFO - Marking task as SUCCESS. dag_id=example_bash_operator, task_id=runme_0, execution_date=20241108T000000, start_date=20241109T174353, end_date=20241109T174355
[2024-11-09T17:43:55.345+0000] {local_task_job.py:208} INFO - Task exited with return code 0
[2024-11-09T17:43:55.377+0000] {taskinstance.py:2578} INFO - 1 downstream tasks scheduled from follow-on schedule check
