[2024-11-09T22:24:27.943+0000] {taskinstance.py:1083} INFO - Dependencies all met for <TaskInstance: dag_run1.tsk1 manual__2024-11-09T22:24:26.081733+00:00 [queued]>
[2024-11-09T22:24:27.955+0000] {taskinstance.py:1083} INFO - Dependencies all met for <TaskInstance: dag_run1.tsk1 manual__2024-11-09T22:24:26.081733+00:00 [queued]>
[2024-11-09T22:24:27.956+0000] {taskinstance.py:1279} INFO - 
--------------------------------------------------------------------------------
[2024-11-09T22:24:27.956+0000] {taskinstance.py:1280} INFO - Starting attempt 1 of 1
[2024-11-09T22:24:27.956+0000] {taskinstance.py:1281} INFO - 
--------------------------------------------------------------------------------
[2024-11-09T22:24:27.974+0000] {taskinstance.py:1300} INFO - Executing <Task(BashOperator): tsk1> on 2024-11-09 22:24:26.081733+00:00
[2024-11-09T22:24:27.980+0000] {standard_task_runner.py:55} INFO - Started process 13601 to run task
[2024-11-09T22:24:27.989+0000] {standard_task_runner.py:82} INFO - Running: ['***', 'tasks', 'run', 'dag_run1', 'tsk1', 'manual__2024-11-09T22:24:26.081733+00:00', '--job-id', '118', '--raw', '--subdir', 'DAGS_FOLDER/dag_run1.py', '--cfg-path', '/tmp/tmp3vf23oiw']
[2024-11-09T22:24:27.990+0000] {standard_task_runner.py:83} INFO - Job 118: Subtask tsk1
[2024-11-09T22:24:28.101+0000] {task_command.py:388} INFO - Running <TaskInstance: dag_run1.tsk1 manual__2024-11-09T22:24:26.081733+00:00 [running]> on host a8ff7d7dd89a
[2024-11-09T22:24:28.183+0000] {taskinstance.py:1509} INFO - Exporting the following env vars:
AIRFLOW_CTX_DAG_OWNER=***
AIRFLOW_CTX_DAG_ID=dag_run1
AIRFLOW_CTX_TASK_ID=tsk1
AIRFLOW_CTX_EXECUTION_DATE=2024-11-09T22:24:26.081733+00:00
AIRFLOW_CTX_TRY_NUMBER=1
AIRFLOW_CTX_DAG_RUN_ID=manual__2024-11-09T22:24:26.081733+00:00
[2024-11-09T22:24:28.185+0000] {subprocess.py:63} INFO - Tmp dir root location: 
 /tmp
[2024-11-09T22:24:28.186+0000] {subprocess.py:75} INFO - Running command: ['/bin/bash', '-c', 'sleep 5']
[2024-11-09T22:24:28.197+0000] {subprocess.py:86} INFO - Output:
[2024-11-09T22:24:33.214+0000] {subprocess.py:97} INFO - Command exited with return code 0
[2024-11-09T22:24:33.271+0000] {taskinstance.py:1323} INFO - Marking task as SUCCESS. dag_id=dag_run1, task_id=tsk1, execution_date=20241109T222426, start_date=20241109T222427, end_date=20241109T222433
[2024-11-09T22:24:33.346+0000] {local_task_job.py:208} INFO - Task exited with return code 0
[2024-11-09T22:24:33.374+0000] {taskinstance.py:2578} INFO - 1 downstream tasks scheduled from follow-on schedule check
