[2024-11-10T00:31:13.475+0000] {taskinstance.py:1083} INFO - Dependencies all met for <TaskInstance: default_args_dag.task1 manual__2024-11-10T00:31:12.734581+00:00 [queued]>
[2024-11-10T00:31:13.481+0000] {taskinstance.py:1083} INFO - Dependencies all met for <TaskInstance: default_args_dag.task1 manual__2024-11-10T00:31:12.734581+00:00 [queued]>
[2024-11-10T00:31:13.482+0000] {taskinstance.py:1279} INFO - 
--------------------------------------------------------------------------------
[2024-11-10T00:31:13.482+0000] {taskinstance.py:1280} INFO - Starting attempt 1 of 4
[2024-11-10T00:31:13.482+0000] {taskinstance.py:1281} INFO - 
--------------------------------------------------------------------------------
[2024-11-10T00:31:13.491+0000] {taskinstance.py:1300} INFO - Executing <Task(BashOperator): task1> on 2024-11-10 00:31:12.734581+00:00
[2024-11-10T00:31:13.495+0000] {standard_task_runner.py:55} INFO - Started process 18954 to run task
[2024-11-10T00:31:13.499+0000] {standard_task_runner.py:82} INFO - Running: ['***', 'tasks', 'run', 'default_args_dag', 'task1', 'manual__2024-11-10T00:31:12.734581+00:00', '--job-id', '143', '--raw', '--subdir', 'DAGS_FOLDER/default_args.py', '--cfg-path', '/tmp/tmp_z8vmzan']
[2024-11-10T00:31:13.499+0000] {standard_task_runner.py:83} INFO - Job 143: Subtask task1
[2024-11-10T00:31:13.573+0000] {task_command.py:388} INFO - Running <TaskInstance: default_args_dag.task1 manual__2024-11-10T00:31:12.734581+00:00 [running]> on host a8ff7d7dd89a
[2024-11-10T00:31:13.620+0000] {taskinstance.py:1509} INFO - Exporting the following env vars:
AIRFLOW_CTX_DAG_EMAIL=caubineto@outlook.com
AIRFLOW_CTX_DAG_OWNER=***
AIRFLOW_CTX_DAG_ID=default_args_dag
AIRFLOW_CTX_TASK_ID=task1
AIRFLOW_CTX_EXECUTION_DATE=2024-11-10T00:31:12.734581+00:00
AIRFLOW_CTX_TRY_NUMBER=1
AIRFLOW_CTX_DAG_RUN_ID=manual__2024-11-10T00:31:12.734581+00:00
[2024-11-10T00:31:13.621+0000] {subprocess.py:63} INFO - Tmp dir root location: 
 /tmp
[2024-11-10T00:31:13.622+0000] {subprocess.py:75} INFO - Running command: ['/bin/bash', '-c', 'sleep 5']
[2024-11-10T00:31:13.628+0000] {subprocess.py:86} INFO - Output:
[2024-11-10T00:31:18.658+0000] {subprocess.py:97} INFO - Command exited with return code 0
[2024-11-10T00:31:18.691+0000] {taskinstance.py:1323} INFO - Marking task as SUCCESS. dag_id=default_args_dag, task_id=task1, execution_date=20241110T003112, start_date=20241110T003113, end_date=20241110T003118
[2024-11-10T00:31:18.739+0000] {local_task_job.py:208} INFO - Task exited with return code 0
[2024-11-10T00:31:18.757+0000] {taskinstance.py:2578} INFO - 2 downstream tasks scheduled from follow-on schedule check
