[2024-11-10T00:30:41.006+0000] {taskinstance.py:1083} INFO - Dependencies all met for <TaskInstance: default_args_dag.task1 scheduled__2024-11-09T23:00:00+00:00 [queued]>
[2024-11-10T00:30:41.012+0000] {taskinstance.py:1083} INFO - Dependencies all met for <TaskInstance: default_args_dag.task1 scheduled__2024-11-09T23:00:00+00:00 [queued]>
[2024-11-10T00:30:41.013+0000] {taskinstance.py:1279} INFO - 
--------------------------------------------------------------------------------
[2024-11-10T00:30:41.015+0000] {taskinstance.py:1280} INFO - Starting attempt 3 of 4
[2024-11-10T00:30:41.015+0000] {taskinstance.py:1281} INFO - 
--------------------------------------------------------------------------------
[2024-11-10T00:30:41.024+0000] {taskinstance.py:1300} INFO - Executing <Task(BashOperator): task1> on 2024-11-09 23:00:00+00:00
[2024-11-10T00:30:41.028+0000] {standard_task_runner.py:55} INFO - Started process 18896 to run task
[2024-11-10T00:30:41.031+0000] {standard_task_runner.py:82} INFO - Running: ['***', 'tasks', 'run', 'default_args_dag', 'task1', 'scheduled__2024-11-09T23:00:00+00:00', '--job-id', '139', '--raw', '--subdir', 'DAGS_FOLDER/default_args.py', '--cfg-path', '/tmp/tmpy8chac56']
[2024-11-10T00:30:41.031+0000] {standard_task_runner.py:83} INFO - Job 139: Subtask task1
[2024-11-10T00:30:41.087+0000] {task_command.py:388} INFO - Running <TaskInstance: default_args_dag.task1 scheduled__2024-11-09T23:00:00+00:00 [running]> on host a8ff7d7dd89a
[2024-11-10T00:30:41.132+0000] {taskinstance.py:1509} INFO - Exporting the following env vars:
AIRFLOW_CTX_DAG_EMAIL=caubineto@outlook.com
AIRFLOW_CTX_DAG_OWNER=***
AIRFLOW_CTX_DAG_ID=default_args_dag
AIRFLOW_CTX_TASK_ID=task1
AIRFLOW_CTX_EXECUTION_DATE=2024-11-09T23:00:00+00:00
AIRFLOW_CTX_TRY_NUMBER=3
AIRFLOW_CTX_DAG_RUN_ID=scheduled__2024-11-09T23:00:00+00:00
[2024-11-10T00:30:41.133+0000] {subprocess.py:63} INFO - Tmp dir root location: 
 /tmp
[2024-11-10T00:30:41.134+0000] {subprocess.py:75} INFO - Running command: ['/bin/bash', '-c', 'exit 1']
[2024-11-10T00:30:41.141+0000] {subprocess.py:86} INFO - Output:
[2024-11-10T00:30:41.144+0000] {subprocess.py:97} INFO - Command exited with return code 1
[2024-11-10T00:30:41.151+0000] {taskinstance.py:1768} ERROR - Task failed with exception
Traceback (most recent call last):
  File "/home/airflow/.local/lib/python3.7/site-packages/airflow/operators/bash.py", line 197, in execute
    f"Bash command failed. The command returned a non-zero exit code {result.exit_code}."
airflow.exceptions.AirflowException: Bash command failed. The command returned a non-zero exit code 1.
[2024-11-10T00:30:41.154+0000] {taskinstance.py:1323} INFO - Marking task as UP_FOR_RETRY. dag_id=default_args_dag, task_id=task1, execution_date=20241109T230000, start_date=20241110T003041, end_date=20241110T003041
[2024-11-10T00:30:41.162+0000] {standard_task_runner.py:105} ERROR - Failed to execute job 139 for task task1 (Bash command failed. The command returned a non-zero exit code 1.; 18896)
[2024-11-10T00:30:41.168+0000] {local_task_job.py:208} INFO - Task exited with return code 1
[2024-11-10T00:30:41.192+0000] {taskinstance.py:2578} INFO - 0 downstream tasks scheduled from follow-on schedule check
