[2024-11-09T22:23:21.396+0000] {taskinstance.py:1083} INFO - Dependencies all met for <TaskInstance: dag_run1.tsk2 manual__2024-11-09T22:23:12.927825+00:00 [queued]>
[2024-11-09T22:23:21.420+0000] {taskinstance.py:1083} INFO - Dependencies all met for <TaskInstance: dag_run1.tsk2 manual__2024-11-09T22:23:12.927825+00:00 [queued]>
[2024-11-09T22:23:21.420+0000] {taskinstance.py:1279} INFO - 
--------------------------------------------------------------------------------
[2024-11-09T22:23:21.421+0000] {taskinstance.py:1280} INFO - Starting attempt 1 of 1
[2024-11-09T22:23:21.421+0000] {taskinstance.py:1281} INFO - 
--------------------------------------------------------------------------------
[2024-11-09T22:23:21.444+0000] {taskinstance.py:1300} INFO - Executing <Task(TriggerDagRunOperator): tsk2> on 2024-11-09 22:23:12.927825+00:00
[2024-11-09T22:23:21.453+0000] {standard_task_runner.py:55} INFO - Started process 13513 to run task
[2024-11-09T22:23:21.460+0000] {standard_task_runner.py:82} INFO - Running: ['***', 'tasks', 'run', 'dag_run1', 'tsk2', 'manual__2024-11-09T22:23:12.927825+00:00', '--job-id', '115', '--raw', '--subdir', 'DAGS_FOLDER/dag_run1.py', '--cfg-path', '/tmp/tmpfya8o1sf']
[2024-11-09T22:23:21.462+0000] {standard_task_runner.py:83} INFO - Job 115: Subtask tsk2
[2024-11-09T22:23:21.588+0000] {task_command.py:388} INFO - Running <TaskInstance: dag_run1.tsk2 manual__2024-11-09T22:23:12.927825+00:00 [running]> on host a8ff7d7dd89a
[2024-11-09T22:23:21.712+0000] {taskinstance.py:1509} INFO - Exporting the following env vars:
AIRFLOW_CTX_DAG_OWNER=***
AIRFLOW_CTX_DAG_ID=dag_run1
AIRFLOW_CTX_TASK_ID=tsk2
AIRFLOW_CTX_EXECUTION_DATE=2024-11-09T22:23:12.927825+00:00
AIRFLOW_CTX_TRY_NUMBER=1
AIRFLOW_CTX_DAG_RUN_ID=manual__2024-11-09T22:23:12.927825+00:00
[2024-11-09T22:23:21.920+0000] {taskinstance.py:1323} INFO - Marking task as SUCCESS. dag_id=dag_run1, task_id=tsk2, execution_date=20241109T222312, start_date=20241109T222321, end_date=20241109T222321
[2024-11-09T22:23:21.970+0000] {local_task_job.py:208} INFO - Task exited with return code 0
[2024-11-09T22:23:22.010+0000] {taskinstance.py:2578} INFO - 0 downstream tasks scheduled from follow-on schedule check
