[2024-11-10T19:24:15.446+0000] {taskinstance.py:1083} INFO - Dependencies all met for <TaskInstance: bigdata.big_data manual__2024-11-10T19:24:14.408670+00:00 [queued]>
[2024-11-10T19:24:15.452+0000] {taskinstance.py:1083} INFO - Dependencies all met for <TaskInstance: bigdata.big_data manual__2024-11-10T19:24:14.408670+00:00 [queued]>
[2024-11-10T19:24:15.452+0000] {taskinstance.py:1279} INFO - 
--------------------------------------------------------------------------------
[2024-11-10T19:24:15.452+0000] {taskinstance.py:1280} INFO - Starting attempt 1 of 1
[2024-11-10T19:24:15.452+0000] {taskinstance.py:1281} INFO - 
--------------------------------------------------------------------------------
[2024-11-10T19:24:15.460+0000] {taskinstance.py:1300} INFO - Executing <Task(BigDataOperator): big_data> on 2024-11-10 19:24:14.408670+00:00
[2024-11-10T19:24:15.464+0000] {standard_task_runner.py:55} INFO - Started process 359 to run task
[2024-11-10T19:24:15.468+0000] {standard_task_runner.py:82} INFO - Running: ['***', 'tasks', 'run', 'bigdata', 'big_data', 'manual__2024-11-10T19:24:14.408670+00:00', '--job-id', '193', '--raw', '--subdir', 'DAGS_FOLDER/biga_data.py', '--cfg-path', '/tmp/tmpod4r2djx']
[2024-11-10T19:24:15.469+0000] {standard_task_runner.py:83} INFO - Job 193: Subtask big_data
[2024-11-10T19:24:15.512+0000] {task_command.py:388} INFO - Running <TaskInstance: bigdata.big_data manual__2024-11-10T19:24:14.408670+00:00 [running]> on host dc889531e182
[2024-11-10T19:24:15.557+0000] {taskinstance.py:1509} INFO - Exporting the following env vars:
AIRFLOW_CTX_DAG_OWNER=***
AIRFLOW_CTX_DAG_ID=bigdata
AIRFLOW_CTX_TASK_ID=big_data
AIRFLOW_CTX_EXECUTION_DATE=2024-11-10T19:24:14.408670+00:00
AIRFLOW_CTX_TRY_NUMBER=1
AIRFLOW_CTX_DAG_RUN_ID=manual__2024-11-10T19:24:14.408670+00:00
[2024-11-10T19:24:15.571+0000] {taskinstance.py:1323} INFO - Marking task as SUCCESS. dag_id=bigdata, task_id=big_data, execution_date=20241110T192414, start_date=20241110T192415, end_date=20241110T192415
[2024-11-10T19:24:15.607+0000] {local_task_job.py:208} INFO - Task exited with return code 0
[2024-11-10T19:24:15.618+0000] {taskinstance.py:2578} INFO - 0 downstream tasks scheduled from follow-on schedule check
