[2024-11-10T00:05:38.450+0000] {taskinstance.py:1083} INFO - Dependencies all met for <TaskInstance: dag_run1.tsk1 manual__2024-11-10T00:05:37.687877+00:00 [queued]>
[2024-11-10T00:05:38.461+0000] {taskinstance.py:1083} INFO - Dependencies all met for <TaskInstance: dag_run1.tsk1 manual__2024-11-10T00:05:37.687877+00:00 [queued]>
[2024-11-10T00:05:38.461+0000] {taskinstance.py:1279} INFO - 
--------------------------------------------------------------------------------
[2024-11-10T00:05:38.461+0000] {taskinstance.py:1280} INFO - Starting attempt 1 of 1
[2024-11-10T00:05:38.461+0000] {taskinstance.py:1281} INFO - 
--------------------------------------------------------------------------------
[2024-11-10T00:05:38.470+0000] {taskinstance.py:1300} INFO - Executing <Task(BashOperator): tsk1> on 2024-11-10 00:05:37.687877+00:00
[2024-11-10T00:05:38.476+0000] {standard_task_runner.py:55} INFO - Started process 16736 to run task
[2024-11-10T00:05:38.482+0000] {standard_task_runner.py:82} INFO - Running: ['***', 'tasks', 'run', 'dag_run1', 'tsk1', 'manual__2024-11-10T00:05:37.687877+00:00', '--job-id', '122', '--raw', '--subdir', 'DAGS_FOLDER/dag_run1.py', '--cfg-path', '/tmp/tmpnriy5fd2']
[2024-11-10T00:05:38.482+0000] {standard_task_runner.py:83} INFO - Job 122: Subtask tsk1
[2024-11-10T00:05:38.619+0000] {task_command.py:388} INFO - Running <TaskInstance: dag_run1.tsk1 manual__2024-11-10T00:05:37.687877+00:00 [running]> on host a8ff7d7dd89a
[2024-11-10T00:05:38.688+0000] {taskinstance.py:1509} INFO - Exporting the following env vars:
AIRFLOW_CTX_DAG_OWNER=***
AIRFLOW_CTX_DAG_ID=dag_run1
AIRFLOW_CTX_TASK_ID=tsk1
AIRFLOW_CTX_EXECUTION_DATE=2024-11-10T00:05:37.687877+00:00
AIRFLOW_CTX_TRY_NUMBER=1
AIRFLOW_CTX_DAG_RUN_ID=manual__2024-11-10T00:05:37.687877+00:00
[2024-11-10T00:05:38.691+0000] {subprocess.py:63} INFO - Tmp dir root location: 
 /tmp
[2024-11-10T00:05:38.698+0000] {subprocess.py:75} INFO - Running command: ['/bin/bash', '-c', 'sleep 5']
[2024-11-10T00:05:38.715+0000] {subprocess.py:86} INFO - Output:
[2024-11-10T00:05:43.724+0000] {subprocess.py:97} INFO - Command exited with return code 0
[2024-11-10T00:05:43.791+0000] {taskinstance.py:1323} INFO - Marking task as SUCCESS. dag_id=dag_run1, task_id=tsk1, execution_date=20241110T000537, start_date=20241110T000538, end_date=20241110T000543
[2024-11-10T00:05:43.844+0000] {local_task_job.py:208} INFO - Task exited with return code 0
[2024-11-10T00:05:43.879+0000] {taskinstance.py:2578} INFO - 1 downstream tasks scheduled from follow-on schedule check
