[2024-11-09T20:20:57.755+0000] {taskinstance.py:1083} INFO - Dependencies all met for <TaskInstance: first_dag.tsk3 manual__2024-11-09T20:20:44.746630+00:00 [queued]>
[2024-11-09T20:20:57.773+0000] {taskinstance.py:1083} INFO - Dependencies all met for <TaskInstance: first_dag.tsk3 manual__2024-11-09T20:20:44.746630+00:00 [queued]>
[2024-11-09T20:20:57.774+0000] {taskinstance.py:1279} INFO - 
--------------------------------------------------------------------------------
[2024-11-09T20:20:57.774+0000] {taskinstance.py:1280} INFO - Starting attempt 1 of 1
[2024-11-09T20:20:57.774+0000] {taskinstance.py:1281} INFO - 
--------------------------------------------------------------------------------
[2024-11-09T20:20:57.790+0000] {taskinstance.py:1300} INFO - Executing <Task(BashOperator): tsk3> on 2024-11-09 20:20:44.746630+00:00
[2024-11-09T20:20:57.798+0000] {standard_task_runner.py:55} INFO - Started process 4773 to run task
[2024-11-09T20:20:57.807+0000] {standard_task_runner.py:82} INFO - Running: ['***', 'tasks', 'run', 'first_dag', 'tsk3', 'manual__2024-11-09T20:20:44.746630+00:00', '--job-id', '67', '--raw', '--subdir', 'DAGS_FOLDER/first_dag.py', '--cfg-path', '/tmp/tmp15pvdtph']
[2024-11-09T20:20:57.808+0000] {standard_task_runner.py:83} INFO - Job 67: Subtask tsk3
[2024-11-09T20:20:58.137+0000] {task_command.py:388} INFO - Running <TaskInstance: first_dag.tsk3 manual__2024-11-09T20:20:44.746630+00:00 [running]> on host a8ff7d7dd89a
[2024-11-09T20:20:58.714+0000] {taskinstance.py:1509} INFO - Exporting the following env vars:
AIRFLOW_CTX_DAG_OWNER=***
AIRFLOW_CTX_DAG_ID=first_dag
AIRFLOW_CTX_TASK_ID=tsk3
AIRFLOW_CTX_EXECUTION_DATE=2024-11-09T20:20:44.746630+00:00
AIRFLOW_CTX_TRY_NUMBER=1
AIRFLOW_CTX_DAG_RUN_ID=manual__2024-11-09T20:20:44.746630+00:00
[2024-11-09T20:20:58.734+0000] {subprocess.py:63} INFO - Tmp dir root location: 
 /tmp
[2024-11-09T20:20:58.735+0000] {subprocess.py:75} INFO - Running command: ['/bin/bash', '-c', 'sleep 5']
[2024-11-09T20:20:58.789+0000] {subprocess.py:86} INFO - Output:
[2024-11-09T20:21:03.858+0000] {subprocess.py:97} INFO - Command exited with return code 0
[2024-11-09T20:21:03.916+0000] {taskinstance.py:1323} INFO - Marking task as SUCCESS. dag_id=first_dag, task_id=tsk3, execution_date=20241109T202044, start_date=20241109T202057, end_date=20241109T202103
[2024-11-09T20:21:03.960+0000] {local_task_job.py:208} INFO - Task exited with return code 0
[2024-11-09T20:21:03.977+0000] {taskinstance.py:2578} INFO - 0 downstream tasks scheduled from follow-on schedule check
