[2024-11-10T00:12:01.001+0000] {taskinstance.py:1083} INFO - Dependencies all met for <TaskInstance: dag_run1.tsk1 manual__2024-11-10T00:11:59.796572+00:00 [queued]>
[2024-11-10T00:12:01.008+0000] {taskinstance.py:1083} INFO - Dependencies all met for <TaskInstance: dag_run1.tsk1 manual__2024-11-10T00:11:59.796572+00:00 [queued]>
[2024-11-10T00:12:01.008+0000] {taskinstance.py:1279} INFO - 
--------------------------------------------------------------------------------
[2024-11-10T00:12:01.008+0000] {taskinstance.py:1280} INFO - Starting attempt 1 of 1
[2024-11-10T00:12:01.008+0000] {taskinstance.py:1281} INFO - 
--------------------------------------------------------------------------------
[2024-11-10T00:12:01.015+0000] {taskinstance.py:1300} INFO - Executing <Task(BashOperator): tsk1> on 2024-11-10 00:11:59.796572+00:00
[2024-11-10T00:12:01.018+0000] {standard_task_runner.py:55} INFO - Started process 17289 to run task
[2024-11-10T00:12:01.023+0000] {standard_task_runner.py:82} INFO - Running: ['***', 'tasks', 'run', 'dag_run1', 'tsk1', 'manual__2024-11-10T00:11:59.796572+00:00', '--job-id', '129', '--raw', '--subdir', 'DAGS_FOLDER/dag_run1.py', '--cfg-path', '/tmp/tmpvzqhtz0c']
[2024-11-10T00:12:01.023+0000] {standard_task_runner.py:83} INFO - Job 129: Subtask tsk1
[2024-11-10T00:12:01.069+0000] {task_command.py:388} INFO - Running <TaskInstance: dag_run1.tsk1 manual__2024-11-10T00:11:59.796572+00:00 [running]> on host a8ff7d7dd89a
[2024-11-10T00:12:01.109+0000] {taskinstance.py:1509} INFO - Exporting the following env vars:
AIRFLOW_CTX_DAG_OWNER=***
AIRFLOW_CTX_DAG_ID=dag_run1
AIRFLOW_CTX_TASK_ID=tsk1
AIRFLOW_CTX_EXECUTION_DATE=2024-11-10T00:11:59.796572+00:00
AIRFLOW_CTX_TRY_NUMBER=1
AIRFLOW_CTX_DAG_RUN_ID=manual__2024-11-10T00:11:59.796572+00:00
[2024-11-10T00:12:01.111+0000] {subprocess.py:63} INFO - Tmp dir root location: 
 /tmp
[2024-11-10T00:12:01.111+0000] {subprocess.py:75} INFO - Running command: ['/bin/bash', '-c', 'sleep 5']
[2024-11-10T00:12:01.117+0000] {subprocess.py:86} INFO - Output:
[2024-11-10T00:12:06.162+0000] {subprocess.py:97} INFO - Command exited with return code 0
[2024-11-10T00:12:06.271+0000] {taskinstance.py:1323} INFO - Marking task as SUCCESS. dag_id=dag_run1, task_id=tsk1, execution_date=20241110T001159, start_date=20241110T001201, end_date=20241110T001206
[2024-11-10T00:12:06.318+0000] {local_task_job.py:208} INFO - Task exited with return code 0
[2024-11-10T00:12:06.339+0000] {taskinstance.py:2578} INFO - 1 downstream tasks scheduled from follow-on schedule check
