[2024-11-09T17:10:06.240+0000] {processor.py:153} INFO - Started process (PID=65) to work on /home/airflow/.local/lib/python3.7/site-packages/airflow/example_dags/example_task_group_decorator.py
[2024-11-09T17:10:06.241+0000] {processor.py:743} INFO - Processing file /home/airflow/.local/lib/python3.7/site-packages/airflow/example_dags/example_task_group_decorator.py for tasks to queue
[2024-11-09T17:10:06.241+0000] {logging_mixin.py:137} INFO - [2024-11-09T17:10:06.241+0000] {dagbag.py:538} INFO - Filling up the DagBag from /home/airflow/.local/lib/python3.7/site-packages/airflow/example_dags/example_task_group_decorator.py
[2024-11-09T17:10:06.266+0000] {processor.py:753} INFO - DAG(s) dict_keys(['example_task_group_decorator']) retrieved from /home/airflow/.local/lib/python3.7/site-packages/airflow/example_dags/example_task_group_decorator.py
[2024-11-09T17:10:06.279+0000] {logging_mixin.py:137} INFO - [2024-11-09T17:10:06.279+0000] {dag.py:2690} INFO - Sync 1 DAGs
[2024-11-09T17:10:06.297+0000] {logging_mixin.py:137} INFO - [2024-11-09T17:10:06.297+0000] {dag.py:3441} INFO - Setting next_dagrun for example_task_group_decorator to 2024-11-08T17:10:06.297078+00:00, run_after=2024-11-09T17:10:06.297078+00:00
[2024-11-09T17:10:06.311+0000] {processor.py:175} INFO - Processing /home/airflow/.local/lib/python3.7/site-packages/airflow/example_dags/example_task_group_decorator.py took 0.073 seconds
[2024-11-09T17:10:37.011+0000] {processor.py:153} INFO - Started process (PID=152) to work on /home/airflow/.local/lib/python3.7/site-packages/airflow/example_dags/example_task_group_decorator.py
[2024-11-09T17:10:37.012+0000] {processor.py:743} INFO - Processing file /home/airflow/.local/lib/python3.7/site-packages/airflow/example_dags/example_task_group_decorator.py for tasks to queue
[2024-11-09T17:10:37.013+0000] {logging_mixin.py:137} INFO - [2024-11-09T17:10:37.013+0000] {dagbag.py:538} INFO - Filling up the DagBag from /home/airflow/.local/lib/python3.7/site-packages/airflow/example_dags/example_task_group_decorator.py
[2024-11-09T17:10:37.029+0000] {processor.py:753} INFO - DAG(s) dict_keys(['example_task_group_decorator']) retrieved from /home/airflow/.local/lib/python3.7/site-packages/airflow/example_dags/example_task_group_decorator.py
[2024-11-09T17:10:37.046+0000] {logging_mixin.py:137} INFO - [2024-11-09T17:10:37.046+0000] {dag.py:2690} INFO - Sync 1 DAGs
[2024-11-09T17:10:37.061+0000] {logging_mixin.py:137} INFO - [2024-11-09T17:10:37.061+0000] {dag.py:3441} INFO - Setting next_dagrun for example_task_group_decorator to 2024-11-08T17:10:37.061584+00:00, run_after=2024-11-09T17:10:37.061584+00:00
[2024-11-09T17:10:37.073+0000] {processor.py:175} INFO - Processing /home/airflow/.local/lib/python3.7/site-packages/airflow/example_dags/example_task_group_decorator.py took 0.064 seconds
[2024-11-09T17:11:07.657+0000] {processor.py:153} INFO - Started process (PID=222) to work on /home/airflow/.local/lib/python3.7/site-packages/airflow/example_dags/example_task_group_decorator.py
[2024-11-09T17:11:07.658+0000] {processor.py:743} INFO - Processing file /home/airflow/.local/lib/python3.7/site-packages/airflow/example_dags/example_task_group_decorator.py for tasks to queue
[2024-11-09T17:11:07.658+0000] {logging_mixin.py:137} INFO - [2024-11-09T17:11:07.658+0000] {dagbag.py:538} INFO - Filling up the DagBag from /home/airflow/.local/lib/python3.7/site-packages/airflow/example_dags/example_task_group_decorator.py
[2024-11-09T17:11:07.675+0000] {processor.py:753} INFO - DAG(s) dict_keys(['example_task_group_decorator']) retrieved from /home/airflow/.local/lib/python3.7/site-packages/airflow/example_dags/example_task_group_decorator.py
[2024-11-09T17:11:07.693+0000] {logging_mixin.py:137} INFO - [2024-11-09T17:11:07.693+0000] {dag.py:2690} INFO - Sync 1 DAGs
[2024-11-09T17:11:07.708+0000] {logging_mixin.py:137} INFO - [2024-11-09T17:11:07.708+0000] {dag.py:3441} INFO - Setting next_dagrun for example_task_group_decorator to 2024-11-08T17:11:07.707935+00:00, run_after=2024-11-09T17:11:07.707935+00:00
[2024-11-09T17:11:07.723+0000] {processor.py:175} INFO - Processing /home/airflow/.local/lib/python3.7/site-packages/airflow/example_dags/example_task_group_decorator.py took 0.068 seconds
[2024-11-09T17:11:38.493+0000] {processor.py:153} INFO - Started process (PID=309) to work on /home/airflow/.local/lib/python3.7/site-packages/airflow/example_dags/example_task_group_decorator.py
[2024-11-09T17:11:38.494+0000] {processor.py:743} INFO - Processing file /home/airflow/.local/lib/python3.7/site-packages/airflow/example_dags/example_task_group_decorator.py for tasks to queue
[2024-11-09T17:11:38.494+0000] {logging_mixin.py:137} INFO - [2024-11-09T17:11:38.494+0000] {dagbag.py:538} INFO - Filling up the DagBag from /home/airflow/.local/lib/python3.7/site-packages/airflow/example_dags/example_task_group_decorator.py
[2024-11-09T17:11:38.509+0000] {processor.py:753} INFO - DAG(s) dict_keys(['example_task_group_decorator']) retrieved from /home/airflow/.local/lib/python3.7/site-packages/airflow/example_dags/example_task_group_decorator.py
[2024-11-09T17:11:38.524+0000] {logging_mixin.py:137} INFO - [2024-11-09T17:11:38.523+0000] {dag.py:2690} INFO - Sync 1 DAGs
[2024-11-09T17:11:38.538+0000] {logging_mixin.py:137} INFO - [2024-11-09T17:11:38.538+0000] {dag.py:3441} INFO - Setting next_dagrun for example_task_group_decorator to 2024-11-08T17:11:38.538534+00:00, run_after=2024-11-09T17:11:38.538534+00:00
[2024-11-09T17:11:38.549+0000] {processor.py:175} INFO - Processing /home/airflow/.local/lib/python3.7/site-packages/airflow/example_dags/example_task_group_decorator.py took 0.057 seconds
[2024-11-09T17:12:09.160+0000] {processor.py:153} INFO - Started process (PID=396) to work on /home/airflow/.local/lib/python3.7/site-packages/airflow/example_dags/example_task_group_decorator.py
[2024-11-09T17:12:09.162+0000] {processor.py:743} INFO - Processing file /home/airflow/.local/lib/python3.7/site-packages/airflow/example_dags/example_task_group_decorator.py for tasks to queue
[2024-11-09T17:12:09.163+0000] {logging_mixin.py:137} INFO - [2024-11-09T17:12:09.163+0000] {dagbag.py:538} INFO - Filling up the DagBag from /home/airflow/.local/lib/python3.7/site-packages/airflow/example_dags/example_task_group_decorator.py
[2024-11-09T17:12:09.177+0000] {processor.py:753} INFO - DAG(s) dict_keys(['example_task_group_decorator']) retrieved from /home/airflow/.local/lib/python3.7/site-packages/airflow/example_dags/example_task_group_decorator.py
[2024-11-09T17:12:09.192+0000] {logging_mixin.py:137} INFO - [2024-11-09T17:12:09.192+0000] {dag.py:2690} INFO - Sync 1 DAGs
[2024-11-09T17:12:09.205+0000] {logging_mixin.py:137} INFO - [2024-11-09T17:12:09.205+0000] {dag.py:3441} INFO - Setting next_dagrun for example_task_group_decorator to 2024-11-08T17:12:09.204887+00:00, run_after=2024-11-09T17:12:09.204887+00:00
[2024-11-09T17:12:09.214+0000] {processor.py:175} INFO - Processing /home/airflow/.local/lib/python3.7/site-packages/airflow/example_dags/example_task_group_decorator.py took 0.056 seconds
[2024-11-09T17:12:39.838+0000] {processor.py:153} INFO - Started process (PID=483) to work on /home/airflow/.local/lib/python3.7/site-packages/airflow/example_dags/example_task_group_decorator.py
[2024-11-09T17:12:39.839+0000] {processor.py:743} INFO - Processing file /home/airflow/.local/lib/python3.7/site-packages/airflow/example_dags/example_task_group_decorator.py for tasks to queue
[2024-11-09T17:12:39.839+0000] {logging_mixin.py:137} INFO - [2024-11-09T17:12:39.839+0000] {dagbag.py:538} INFO - Filling up the DagBag from /home/airflow/.local/lib/python3.7/site-packages/airflow/example_dags/example_task_group_decorator.py
[2024-11-09T17:12:39.853+0000] {processor.py:753} INFO - DAG(s) dict_keys(['example_task_group_decorator']) retrieved from /home/airflow/.local/lib/python3.7/site-packages/airflow/example_dags/example_task_group_decorator.py
[2024-11-09T17:12:39.868+0000] {logging_mixin.py:137} INFO - [2024-11-09T17:12:39.868+0000] {dag.py:2690} INFO - Sync 1 DAGs
[2024-11-09T17:12:39.882+0000] {logging_mixin.py:137} INFO - [2024-11-09T17:12:39.882+0000] {dag.py:3441} INFO - Setting next_dagrun for example_task_group_decorator to 2024-11-08T17:12:39.882277+00:00, run_after=2024-11-09T17:12:39.882277+00:00
[2024-11-09T17:12:39.894+0000] {processor.py:175} INFO - Processing /home/airflow/.local/lib/python3.7/site-packages/airflow/example_dags/example_task_group_decorator.py took 0.058 seconds
[2024-11-09T17:13:10.446+0000] {processor.py:153} INFO - Started process (PID=554) to work on /home/airflow/.local/lib/python3.7/site-packages/airflow/example_dags/example_task_group_decorator.py
[2024-11-09T17:13:10.446+0000] {processor.py:743} INFO - Processing file /home/airflow/.local/lib/python3.7/site-packages/airflow/example_dags/example_task_group_decorator.py for tasks to queue
[2024-11-09T17:13:10.446+0000] {logging_mixin.py:137} INFO - [2024-11-09T17:13:10.446+0000] {dagbag.py:538} INFO - Filling up the DagBag from /home/airflow/.local/lib/python3.7/site-packages/airflow/example_dags/example_task_group_decorator.py
[2024-11-09T17:13:10.461+0000] {processor.py:753} INFO - DAG(s) dict_keys(['example_task_group_decorator']) retrieved from /home/airflow/.local/lib/python3.7/site-packages/airflow/example_dags/example_task_group_decorator.py
[2024-11-09T17:13:10.478+0000] {logging_mixin.py:137} INFO - [2024-11-09T17:13:10.478+0000] {dag.py:2690} INFO - Sync 1 DAGs
[2024-11-09T17:13:10.491+0000] {logging_mixin.py:137} INFO - [2024-11-09T17:13:10.491+0000] {dag.py:3441} INFO - Setting next_dagrun for example_task_group_decorator to 2024-11-08T17:13:10.491426+00:00, run_after=2024-11-09T17:13:10.491426+00:00
[2024-11-09T17:13:10.504+0000] {processor.py:175} INFO - Processing /home/airflow/.local/lib/python3.7/site-packages/airflow/example_dags/example_task_group_decorator.py took 0.060 seconds
[2024-11-09T17:13:42.415+0000] {processor.py:153} INFO - Started process (PID=641) to work on /home/airflow/.local/lib/python3.7/site-packages/airflow/example_dags/example_task_group_decorator.py
[2024-11-09T17:13:42.416+0000] {processor.py:743} INFO - Processing file /home/airflow/.local/lib/python3.7/site-packages/airflow/example_dags/example_task_group_decorator.py for tasks to queue
[2024-11-09T17:13:42.417+0000] {logging_mixin.py:137} INFO - [2024-11-09T17:13:42.417+0000] {dagbag.py:538} INFO - Filling up the DagBag from /home/airflow/.local/lib/python3.7/site-packages/airflow/example_dags/example_task_group_decorator.py
[2024-11-09T17:13:42.454+0000] {processor.py:753} INFO - DAG(s) dict_keys(['example_task_group_decorator']) retrieved from /home/airflow/.local/lib/python3.7/site-packages/airflow/example_dags/example_task_group_decorator.py
[2024-11-09T17:13:42.479+0000] {logging_mixin.py:137} INFO - [2024-11-09T17:13:42.479+0000] {dag.py:2690} INFO - Sync 1 DAGs
[2024-11-09T17:13:42.500+0000] {logging_mixin.py:137} INFO - [2024-11-09T17:13:42.499+0000] {dag.py:3441} INFO - Setting next_dagrun for example_task_group_decorator to 2024-11-08T17:13:42.499801+00:00, run_after=2024-11-09T17:13:42.499801+00:00
[2024-11-09T17:13:42.513+0000] {processor.py:175} INFO - Processing /home/airflow/.local/lib/python3.7/site-packages/airflow/example_dags/example_task_group_decorator.py took 0.100 seconds
[2024-11-09T17:14:13.512+0000] {processor.py:153} INFO - Started process (PID=728) to work on /home/airflow/.local/lib/python3.7/site-packages/airflow/example_dags/example_task_group_decorator.py
[2024-11-09T17:14:13.517+0000] {processor.py:743} INFO - Processing file /home/airflow/.local/lib/python3.7/site-packages/airflow/example_dags/example_task_group_decorator.py for tasks to queue
[2024-11-09T17:14:13.522+0000] {logging_mixin.py:137} INFO - [2024-11-09T17:14:13.521+0000] {dagbag.py:538} INFO - Filling up the DagBag from /home/airflow/.local/lib/python3.7/site-packages/airflow/example_dags/example_task_group_decorator.py
[2024-11-09T17:14:13.546+0000] {processor.py:753} INFO - DAG(s) dict_keys(['example_task_group_decorator']) retrieved from /home/airflow/.local/lib/python3.7/site-packages/airflow/example_dags/example_task_group_decorator.py
[2024-11-09T17:14:13.569+0000] {logging_mixin.py:137} INFO - [2024-11-09T17:14:13.569+0000] {dag.py:2690} INFO - Sync 1 DAGs
[2024-11-09T17:14:13.585+0000] {logging_mixin.py:137} INFO - [2024-11-09T17:14:13.585+0000] {dag.py:3441} INFO - Setting next_dagrun for example_task_group_decorator to 2024-11-08T17:14:13.585048+00:00, run_after=2024-11-09T17:14:13.585048+00:00
[2024-11-09T17:14:13.601+0000] {processor.py:175} INFO - Processing /home/airflow/.local/lib/python3.7/site-packages/airflow/example_dags/example_task_group_decorator.py took 0.092 seconds
[2024-11-09T17:14:44.336+0000] {processor.py:153} INFO - Started process (PID=799) to work on /home/airflow/.local/lib/python3.7/site-packages/airflow/example_dags/example_task_group_decorator.py
[2024-11-09T17:14:44.338+0000] {processor.py:743} INFO - Processing file /home/airflow/.local/lib/python3.7/site-packages/airflow/example_dags/example_task_group_decorator.py for tasks to queue
[2024-11-09T17:14:44.339+0000] {logging_mixin.py:137} INFO - [2024-11-09T17:14:44.339+0000] {dagbag.py:538} INFO - Filling up the DagBag from /home/airflow/.local/lib/python3.7/site-packages/airflow/example_dags/example_task_group_decorator.py
[2024-11-09T17:14:44.367+0000] {processor.py:753} INFO - DAG(s) dict_keys(['example_task_group_decorator']) retrieved from /home/airflow/.local/lib/python3.7/site-packages/airflow/example_dags/example_task_group_decorator.py
[2024-11-09T17:14:44.389+0000] {logging_mixin.py:137} INFO - [2024-11-09T17:14:44.389+0000] {dag.py:2690} INFO - Sync 1 DAGs
[2024-11-09T17:14:44.403+0000] {logging_mixin.py:137} INFO - [2024-11-09T17:14:44.403+0000] {dag.py:3441} INFO - Setting next_dagrun for example_task_group_decorator to 2024-11-08T17:14:44.403300+00:00, run_after=2024-11-09T17:14:44.403300+00:00
[2024-11-09T17:14:44.418+0000] {processor.py:175} INFO - Processing /home/airflow/.local/lib/python3.7/site-packages/airflow/example_dags/example_task_group_decorator.py took 0.086 seconds
[2024-11-09T17:15:15.168+0000] {processor.py:153} INFO - Started process (PID=886) to work on /home/airflow/.local/lib/python3.7/site-packages/airflow/example_dags/example_task_group_decorator.py
[2024-11-09T17:15:15.170+0000] {processor.py:743} INFO - Processing file /home/airflow/.local/lib/python3.7/site-packages/airflow/example_dags/example_task_group_decorator.py for tasks to queue
[2024-11-09T17:15:15.170+0000] {logging_mixin.py:137} INFO - [2024-11-09T17:15:15.170+0000] {dagbag.py:538} INFO - Filling up the DagBag from /home/airflow/.local/lib/python3.7/site-packages/airflow/example_dags/example_task_group_decorator.py
[2024-11-09T17:15:15.193+0000] {processor.py:753} INFO - DAG(s) dict_keys(['example_task_group_decorator']) retrieved from /home/airflow/.local/lib/python3.7/site-packages/airflow/example_dags/example_task_group_decorator.py
[2024-11-09T17:15:15.229+0000] {logging_mixin.py:137} INFO - [2024-11-09T17:15:15.228+0000] {dag.py:2690} INFO - Sync 1 DAGs
[2024-11-09T17:15:15.258+0000] {logging_mixin.py:137} INFO - [2024-11-09T17:15:15.258+0000] {dag.py:3441} INFO - Setting next_dagrun for example_task_group_decorator to 2024-11-08T17:15:15.257990+00:00, run_after=2024-11-09T17:15:15.257990+00:00
[2024-11-09T17:15:15.283+0000] {processor.py:175} INFO - Processing /home/airflow/.local/lib/python3.7/site-packages/airflow/example_dags/example_task_group_decorator.py took 0.117 seconds
[2024-11-09T17:15:46.080+0000] {processor.py:153} INFO - Started process (PID=973) to work on /home/airflow/.local/lib/python3.7/site-packages/airflow/example_dags/example_task_group_decorator.py
[2024-11-09T17:15:46.088+0000] {processor.py:743} INFO - Processing file /home/airflow/.local/lib/python3.7/site-packages/airflow/example_dags/example_task_group_decorator.py for tasks to queue
[2024-11-09T17:15:46.089+0000] {logging_mixin.py:137} INFO - [2024-11-09T17:15:46.089+0000] {dagbag.py:538} INFO - Filling up the DagBag from /home/airflow/.local/lib/python3.7/site-packages/airflow/example_dags/example_task_group_decorator.py
[2024-11-09T17:15:46.113+0000] {processor.py:753} INFO - DAG(s) dict_keys(['example_task_group_decorator']) retrieved from /home/airflow/.local/lib/python3.7/site-packages/airflow/example_dags/example_task_group_decorator.py
[2024-11-09T17:15:46.136+0000] {logging_mixin.py:137} INFO - [2024-11-09T17:15:46.136+0000] {dag.py:2690} INFO - Sync 1 DAGs
[2024-11-09T17:15:46.152+0000] {logging_mixin.py:137} INFO - [2024-11-09T17:15:46.152+0000] {dag.py:3441} INFO - Setting next_dagrun for example_task_group_decorator to 2024-11-08T17:15:46.152753+00:00, run_after=2024-11-09T17:15:46.152753+00:00
[2024-11-09T17:15:46.164+0000] {processor.py:175} INFO - Processing /home/airflow/.local/lib/python3.7/site-packages/airflow/example_dags/example_task_group_decorator.py took 0.091 seconds
[2024-11-09T17:16:16.845+0000] {processor.py:153} INFO - Started process (PID=1060) to work on /home/airflow/.local/lib/python3.7/site-packages/airflow/example_dags/example_task_group_decorator.py
[2024-11-09T17:16:16.847+0000] {processor.py:743} INFO - Processing file /home/airflow/.local/lib/python3.7/site-packages/airflow/example_dags/example_task_group_decorator.py for tasks to queue
[2024-11-09T17:16:16.849+0000] {logging_mixin.py:137} INFO - [2024-11-09T17:16:16.849+0000] {dagbag.py:538} INFO - Filling up the DagBag from /home/airflow/.local/lib/python3.7/site-packages/airflow/example_dags/example_task_group_decorator.py
[2024-11-09T17:16:16.870+0000] {processor.py:753} INFO - DAG(s) dict_keys(['example_task_group_decorator']) retrieved from /home/airflow/.local/lib/python3.7/site-packages/airflow/example_dags/example_task_group_decorator.py
[2024-11-09T17:16:16.890+0000] {logging_mixin.py:137} INFO - [2024-11-09T17:16:16.890+0000] {dag.py:2690} INFO - Sync 1 DAGs
[2024-11-09T17:16:16.904+0000] {logging_mixin.py:137} INFO - [2024-11-09T17:16:16.904+0000] {dag.py:3441} INFO - Setting next_dagrun for example_task_group_decorator to 2024-11-08T17:16:16.904329+00:00, run_after=2024-11-09T17:16:16.904329+00:00
[2024-11-09T17:16:16.916+0000] {processor.py:175} INFO - Processing /home/airflow/.local/lib/python3.7/site-packages/airflow/example_dags/example_task_group_decorator.py took 0.074 seconds
[2024-11-09T17:16:47.000+0000] {processor.py:153} INFO - Started process (PID=1130) to work on /home/airflow/.local/lib/python3.7/site-packages/airflow/example_dags/example_task_group_decorator.py
[2024-11-09T17:16:47.002+0000] {processor.py:743} INFO - Processing file /home/airflow/.local/lib/python3.7/site-packages/airflow/example_dags/example_task_group_decorator.py for tasks to queue
[2024-11-09T17:16:47.002+0000] {logging_mixin.py:137} INFO - [2024-11-09T17:16:47.002+0000] {dagbag.py:538} INFO - Filling up the DagBag from /home/airflow/.local/lib/python3.7/site-packages/airflow/example_dags/example_task_group_decorator.py
[2024-11-09T17:16:47.019+0000] {processor.py:753} INFO - DAG(s) dict_keys(['example_task_group_decorator']) retrieved from /home/airflow/.local/lib/python3.7/site-packages/airflow/example_dags/example_task_group_decorator.py
[2024-11-09T17:16:47.038+0000] {logging_mixin.py:137} INFO - [2024-11-09T17:16:47.038+0000] {dag.py:2690} INFO - Sync 1 DAGs
[2024-11-09T17:16:47.055+0000] {logging_mixin.py:137} INFO - [2024-11-09T17:16:47.055+0000] {dag.py:3441} INFO - Setting next_dagrun for example_task_group_decorator to 2024-11-08T17:16:47.055287+00:00, run_after=2024-11-09T17:16:47.055287+00:00
[2024-11-09T17:16:47.074+0000] {processor.py:175} INFO - Processing /home/airflow/.local/lib/python3.7/site-packages/airflow/example_dags/example_task_group_decorator.py took 0.076 seconds
[2024-11-09T17:17:17.831+0000] {processor.py:153} INFO - Started process (PID=1217) to work on /home/airflow/.local/lib/python3.7/site-packages/airflow/example_dags/example_task_group_decorator.py
[2024-11-09T17:17:17.832+0000] {processor.py:743} INFO - Processing file /home/airflow/.local/lib/python3.7/site-packages/airflow/example_dags/example_task_group_decorator.py for tasks to queue
[2024-11-09T17:17:17.833+0000] {logging_mixin.py:137} INFO - [2024-11-09T17:17:17.833+0000] {dagbag.py:538} INFO - Filling up the DagBag from /home/airflow/.local/lib/python3.7/site-packages/airflow/example_dags/example_task_group_decorator.py
[2024-11-09T17:17:17.850+0000] {processor.py:753} INFO - DAG(s) dict_keys(['example_task_group_decorator']) retrieved from /home/airflow/.local/lib/python3.7/site-packages/airflow/example_dags/example_task_group_decorator.py
[2024-11-09T17:17:17.863+0000] {logging_mixin.py:137} INFO - [2024-11-09T17:17:17.863+0000] {dag.py:2690} INFO - Sync 1 DAGs
[2024-11-09T17:17:17.876+0000] {logging_mixin.py:137} INFO - [2024-11-09T17:17:17.876+0000] {dag.py:3441} INFO - Setting next_dagrun for example_task_group_decorator to 2024-11-08T17:17:17.876529+00:00, run_after=2024-11-09T17:17:17.876529+00:00
[2024-11-09T17:17:17.890+0000] {processor.py:175} INFO - Processing /home/airflow/.local/lib/python3.7/site-packages/airflow/example_dags/example_task_group_decorator.py took 0.060 seconds
[2024-11-09T17:17:48.659+0000] {processor.py:153} INFO - Started process (PID=1304) to work on /home/airflow/.local/lib/python3.7/site-packages/airflow/example_dags/example_task_group_decorator.py
[2024-11-09T17:17:48.660+0000] {processor.py:743} INFO - Processing file /home/airflow/.local/lib/python3.7/site-packages/airflow/example_dags/example_task_group_decorator.py for tasks to queue
[2024-11-09T17:17:48.661+0000] {logging_mixin.py:137} INFO - [2024-11-09T17:17:48.661+0000] {dagbag.py:538} INFO - Filling up the DagBag from /home/airflow/.local/lib/python3.7/site-packages/airflow/example_dags/example_task_group_decorator.py
[2024-11-09T17:17:48.676+0000] {processor.py:753} INFO - DAG(s) dict_keys(['example_task_group_decorator']) retrieved from /home/airflow/.local/lib/python3.7/site-packages/airflow/example_dags/example_task_group_decorator.py
[2024-11-09T17:17:48.695+0000] {logging_mixin.py:137} INFO - [2024-11-09T17:17:48.695+0000] {dag.py:2690} INFO - Sync 1 DAGs
[2024-11-09T17:17:48.708+0000] {logging_mixin.py:137} INFO - [2024-11-09T17:17:48.708+0000] {dag.py:3441} INFO - Setting next_dagrun for example_task_group_decorator to 2024-11-08T17:17:48.708046+00:00, run_after=2024-11-09T17:17:48.708046+00:00
[2024-11-09T17:17:48.729+0000] {processor.py:175} INFO - Processing /home/airflow/.local/lib/python3.7/site-packages/airflow/example_dags/example_task_group_decorator.py took 0.072 seconds
[2024-11-09T17:18:19.458+0000] {processor.py:153} INFO - Started process (PID=1375) to work on /home/airflow/.local/lib/python3.7/site-packages/airflow/example_dags/example_task_group_decorator.py
[2024-11-09T17:18:19.459+0000] {processor.py:743} INFO - Processing file /home/airflow/.local/lib/python3.7/site-packages/airflow/example_dags/example_task_group_decorator.py for tasks to queue
[2024-11-09T17:18:19.460+0000] {logging_mixin.py:137} INFO - [2024-11-09T17:18:19.459+0000] {dagbag.py:538} INFO - Filling up the DagBag from /home/airflow/.local/lib/python3.7/site-packages/airflow/example_dags/example_task_group_decorator.py
[2024-11-09T17:18:19.474+0000] {processor.py:753} INFO - DAG(s) dict_keys(['example_task_group_decorator']) retrieved from /home/airflow/.local/lib/python3.7/site-packages/airflow/example_dags/example_task_group_decorator.py
[2024-11-09T17:18:19.502+0000] {logging_mixin.py:137} INFO - [2024-11-09T17:18:19.502+0000] {dag.py:2690} INFO - Sync 1 DAGs
[2024-11-09T17:18:19.517+0000] {logging_mixin.py:137} INFO - [2024-11-09T17:18:19.516+0000] {dag.py:3441} INFO - Setting next_dagrun for example_task_group_decorator to 2024-11-08T17:18:19.516847+00:00, run_after=2024-11-09T17:18:19.516847+00:00
[2024-11-09T17:18:19.531+0000] {processor.py:175} INFO - Processing /home/airflow/.local/lib/python3.7/site-packages/airflow/example_dags/example_task_group_decorator.py took 0.074 seconds
[2024-11-09T17:18:50.348+0000] {processor.py:153} INFO - Started process (PID=1462) to work on /home/airflow/.local/lib/python3.7/site-packages/airflow/example_dags/example_task_group_decorator.py
[2024-11-09T17:18:50.349+0000] {processor.py:743} INFO - Processing file /home/airflow/.local/lib/python3.7/site-packages/airflow/example_dags/example_task_group_decorator.py for tasks to queue
[2024-11-09T17:18:50.349+0000] {logging_mixin.py:137} INFO - [2024-11-09T17:18:50.349+0000] {dagbag.py:538} INFO - Filling up the DagBag from /home/airflow/.local/lib/python3.7/site-packages/airflow/example_dags/example_task_group_decorator.py
[2024-11-09T17:18:50.365+0000] {processor.py:753} INFO - DAG(s) dict_keys(['example_task_group_decorator']) retrieved from /home/airflow/.local/lib/python3.7/site-packages/airflow/example_dags/example_task_group_decorator.py
[2024-11-09T17:18:50.381+0000] {logging_mixin.py:137} INFO - [2024-11-09T17:18:50.380+0000] {dag.py:2690} INFO - Sync 1 DAGs
[2024-11-09T17:18:50.395+0000] {logging_mixin.py:137} INFO - [2024-11-09T17:18:50.395+0000] {dag.py:3441} INFO - Setting next_dagrun for example_task_group_decorator to 2024-11-08T17:18:50.395271+00:00, run_after=2024-11-09T17:18:50.395271+00:00
[2024-11-09T17:18:50.405+0000] {processor.py:175} INFO - Processing /home/airflow/.local/lib/python3.7/site-packages/airflow/example_dags/example_task_group_decorator.py took 0.059 seconds
[2024-11-09T17:19:21.221+0000] {processor.py:153} INFO - Started process (PID=1549) to work on /home/airflow/.local/lib/python3.7/site-packages/airflow/example_dags/example_task_group_decorator.py
[2024-11-09T17:19:21.222+0000] {processor.py:743} INFO - Processing file /home/airflow/.local/lib/python3.7/site-packages/airflow/example_dags/example_task_group_decorator.py for tasks to queue
[2024-11-09T17:19:21.222+0000] {logging_mixin.py:137} INFO - [2024-11-09T17:19:21.222+0000] {dagbag.py:538} INFO - Filling up the DagBag from /home/airflow/.local/lib/python3.7/site-packages/airflow/example_dags/example_task_group_decorator.py
[2024-11-09T17:19:21.237+0000] {processor.py:753} INFO - DAG(s) dict_keys(['example_task_group_decorator']) retrieved from /home/airflow/.local/lib/python3.7/site-packages/airflow/example_dags/example_task_group_decorator.py
[2024-11-09T17:19:21.251+0000] {logging_mixin.py:137} INFO - [2024-11-09T17:19:21.251+0000] {dag.py:2690} INFO - Sync 1 DAGs
[2024-11-09T17:19:21.265+0000] {logging_mixin.py:137} INFO - [2024-11-09T17:19:21.265+0000] {dag.py:3441} INFO - Setting next_dagrun for example_task_group_decorator to 2024-11-08T17:19:21.264988+00:00, run_after=2024-11-09T17:19:21.264988+00:00
[2024-11-09T17:19:21.274+0000] {processor.py:175} INFO - Processing /home/airflow/.local/lib/python3.7/site-packages/airflow/example_dags/example_task_group_decorator.py took 0.054 seconds
[2024-11-09T17:19:52.260+0000] {processor.py:153} INFO - Started process (PID=1636) to work on /home/airflow/.local/lib/python3.7/site-packages/airflow/example_dags/example_task_group_decorator.py
[2024-11-09T17:19:52.265+0000] {processor.py:743} INFO - Processing file /home/airflow/.local/lib/python3.7/site-packages/airflow/example_dags/example_task_group_decorator.py for tasks to queue
[2024-11-09T17:19:52.267+0000] {logging_mixin.py:137} INFO - [2024-11-09T17:19:52.266+0000] {dagbag.py:538} INFO - Filling up the DagBag from /home/airflow/.local/lib/python3.7/site-packages/airflow/example_dags/example_task_group_decorator.py
[2024-11-09T17:19:52.311+0000] {processor.py:753} INFO - DAG(s) dict_keys(['example_task_group_decorator']) retrieved from /home/airflow/.local/lib/python3.7/site-packages/airflow/example_dags/example_task_group_decorator.py
[2024-11-09T17:19:52.337+0000] {logging_mixin.py:137} INFO - [2024-11-09T17:19:52.337+0000] {dag.py:2690} INFO - Sync 1 DAGs
[2024-11-09T17:19:52.354+0000] {logging_mixin.py:137} INFO - [2024-11-09T17:19:52.354+0000] {dag.py:3441} INFO - Setting next_dagrun for example_task_group_decorator to 2024-11-08T17:19:52.354585+00:00, run_after=2024-11-09T17:19:52.354585+00:00
[2024-11-09T17:19:52.366+0000] {processor.py:175} INFO - Processing /home/airflow/.local/lib/python3.7/site-packages/airflow/example_dags/example_task_group_decorator.py took 0.111 seconds
[2024-11-09T17:20:23.093+0000] {processor.py:153} INFO - Started process (PID=1716) to work on /home/airflow/.local/lib/python3.7/site-packages/airflow/example_dags/example_task_group_decorator.py
[2024-11-09T17:20:23.093+0000] {processor.py:743} INFO - Processing file /home/airflow/.local/lib/python3.7/site-packages/airflow/example_dags/example_task_group_decorator.py for tasks to queue
[2024-11-09T17:20:23.094+0000] {logging_mixin.py:137} INFO - [2024-11-09T17:20:23.094+0000] {dagbag.py:538} INFO - Filling up the DagBag from /home/airflow/.local/lib/python3.7/site-packages/airflow/example_dags/example_task_group_decorator.py
[2024-11-09T17:20:23.111+0000] {processor.py:753} INFO - DAG(s) dict_keys(['example_task_group_decorator']) retrieved from /home/airflow/.local/lib/python3.7/site-packages/airflow/example_dags/example_task_group_decorator.py
[2024-11-09T17:20:23.126+0000] {logging_mixin.py:137} INFO - [2024-11-09T17:20:23.126+0000] {dag.py:2690} INFO - Sync 1 DAGs
[2024-11-09T17:20:23.139+0000] {logging_mixin.py:137} INFO - [2024-11-09T17:20:23.139+0000] {dag.py:3441} INFO - Setting next_dagrun for example_task_group_decorator to 2024-11-08T17:20:23.139292+00:00, run_after=2024-11-09T17:20:23.139292+00:00
[2024-11-09T17:20:23.149+0000] {processor.py:175} INFO - Processing /home/airflow/.local/lib/python3.7/site-packages/airflow/example_dags/example_task_group_decorator.py took 0.058 seconds
[2024-11-09T17:20:51.328+0000] {processor.py:153} INFO - Started process (PID=55) to work on /home/airflow/.local/lib/python3.7/site-packages/airflow/example_dags/example_task_group_decorator.py
[2024-11-09T17:20:51.329+0000] {processor.py:743} INFO - Processing file /home/airflow/.local/lib/python3.7/site-packages/airflow/example_dags/example_task_group_decorator.py for tasks to queue
[2024-11-09T17:20:51.329+0000] {logging_mixin.py:137} INFO - [2024-11-09T17:20:51.329+0000] {dagbag.py:538} INFO - Filling up the DagBag from /home/airflow/.local/lib/python3.7/site-packages/airflow/example_dags/example_task_group_decorator.py
[2024-11-09T17:20:51.346+0000] {processor.py:753} INFO - DAG(s) dict_keys(['example_task_group_decorator']) retrieved from /home/airflow/.local/lib/python3.7/site-packages/airflow/example_dags/example_task_group_decorator.py
[2024-11-09T17:20:51.358+0000] {logging_mixin.py:137} INFO - [2024-11-09T17:20:51.358+0000] {dag.py:2690} INFO - Sync 1 DAGs
[2024-11-09T17:20:51.374+0000] {logging_mixin.py:137} INFO - [2024-11-09T17:20:51.374+0000] {dag.py:3441} INFO - Setting next_dagrun for example_task_group_decorator to 2024-11-08T17:20:51.374304+00:00, run_after=2024-11-09T17:20:51.374304+00:00
[2024-11-09T17:20:51.390+0000] {processor.py:175} INFO - Processing /home/airflow/.local/lib/python3.7/site-packages/airflow/example_dags/example_task_group_decorator.py took 0.064 seconds
[2024-11-09T17:21:22.247+0000] {processor.py:153} INFO - Started process (PID=142) to work on /home/airflow/.local/lib/python3.7/site-packages/airflow/example_dags/example_task_group_decorator.py
[2024-11-09T17:21:22.247+0000] {processor.py:743} INFO - Processing file /home/airflow/.local/lib/python3.7/site-packages/airflow/example_dags/example_task_group_decorator.py for tasks to queue
[2024-11-09T17:21:22.248+0000] {logging_mixin.py:137} INFO - [2024-11-09T17:21:22.248+0000] {dagbag.py:538} INFO - Filling up the DagBag from /home/airflow/.local/lib/python3.7/site-packages/airflow/example_dags/example_task_group_decorator.py
[2024-11-09T17:21:22.265+0000] {processor.py:753} INFO - DAG(s) dict_keys(['example_task_group_decorator']) retrieved from /home/airflow/.local/lib/python3.7/site-packages/airflow/example_dags/example_task_group_decorator.py
[2024-11-09T17:21:22.284+0000] {logging_mixin.py:137} INFO - [2024-11-09T17:21:22.284+0000] {dag.py:2690} INFO - Sync 1 DAGs
[2024-11-09T17:21:22.300+0000] {logging_mixin.py:137} INFO - [2024-11-09T17:21:22.300+0000] {dag.py:3441} INFO - Setting next_dagrun for example_task_group_decorator to 2024-11-08T17:21:22.299858+00:00, run_after=2024-11-09T17:21:22.299858+00:00
[2024-11-09T17:21:22.314+0000] {processor.py:175} INFO - Processing /home/airflow/.local/lib/python3.7/site-packages/airflow/example_dags/example_task_group_decorator.py took 0.069 seconds
[2024-11-09T17:21:52.994+0000] {processor.py:153} INFO - Started process (PID=213) to work on /home/airflow/.local/lib/python3.7/site-packages/airflow/example_dags/example_task_group_decorator.py
[2024-11-09T17:21:52.996+0000] {processor.py:743} INFO - Processing file /home/airflow/.local/lib/python3.7/site-packages/airflow/example_dags/example_task_group_decorator.py for tasks to queue
[2024-11-09T17:21:52.997+0000] {logging_mixin.py:137} INFO - [2024-11-09T17:21:52.997+0000] {dagbag.py:538} INFO - Filling up the DagBag from /home/airflow/.local/lib/python3.7/site-packages/airflow/example_dags/example_task_group_decorator.py
[2024-11-09T17:21:53.017+0000] {processor.py:753} INFO - DAG(s) dict_keys(['example_task_group_decorator']) retrieved from /home/airflow/.local/lib/python3.7/site-packages/airflow/example_dags/example_task_group_decorator.py
[2024-11-09T17:21:53.032+0000] {logging_mixin.py:137} INFO - [2024-11-09T17:21:53.032+0000] {dag.py:2690} INFO - Sync 1 DAGs
[2024-11-09T17:21:53.046+0000] {logging_mixin.py:137} INFO - [2024-11-09T17:21:53.046+0000] {dag.py:3441} INFO - Setting next_dagrun for example_task_group_decorator to 2024-11-08T17:21:53.046125+00:00, run_after=2024-11-09T17:21:53.046125+00:00
[2024-11-09T17:21:53.056+0000] {processor.py:175} INFO - Processing /home/airflow/.local/lib/python3.7/site-packages/airflow/example_dags/example_task_group_decorator.py took 0.065 seconds
[2024-11-09T17:22:24.040+0000] {processor.py:153} INFO - Started process (PID=300) to work on /home/airflow/.local/lib/python3.7/site-packages/airflow/example_dags/example_task_group_decorator.py
[2024-11-09T17:22:24.041+0000] {processor.py:743} INFO - Processing file /home/airflow/.local/lib/python3.7/site-packages/airflow/example_dags/example_task_group_decorator.py for tasks to queue
[2024-11-09T17:22:24.042+0000] {logging_mixin.py:137} INFO - [2024-11-09T17:22:24.041+0000] {dagbag.py:538} INFO - Filling up the DagBag from /home/airflow/.local/lib/python3.7/site-packages/airflow/example_dags/example_task_group_decorator.py
[2024-11-09T17:22:24.070+0000] {processor.py:753} INFO - DAG(s) dict_keys(['example_task_group_decorator']) retrieved from /home/airflow/.local/lib/python3.7/site-packages/airflow/example_dags/example_task_group_decorator.py
[2024-11-09T17:22:24.086+0000] {logging_mixin.py:137} INFO - [2024-11-09T17:22:24.086+0000] {dag.py:2690} INFO - Sync 1 DAGs
[2024-11-09T17:22:24.101+0000] {logging_mixin.py:137} INFO - [2024-11-09T17:22:24.100+0000] {dag.py:3441} INFO - Setting next_dagrun for example_task_group_decorator to 2024-11-08T17:22:24.100748+00:00, run_after=2024-11-09T17:22:24.100748+00:00
[2024-11-09T17:22:24.114+0000] {processor.py:175} INFO - Processing /home/airflow/.local/lib/python3.7/site-packages/airflow/example_dags/example_task_group_decorator.py took 0.076 seconds
[2024-11-09T17:22:54.991+0000] {processor.py:153} INFO - Started process (PID=387) to work on /home/airflow/.local/lib/python3.7/site-packages/airflow/example_dags/example_task_group_decorator.py
[2024-11-09T17:22:54.992+0000] {processor.py:743} INFO - Processing file /home/airflow/.local/lib/python3.7/site-packages/airflow/example_dags/example_task_group_decorator.py for tasks to queue
[2024-11-09T17:22:54.992+0000] {logging_mixin.py:137} INFO - [2024-11-09T17:22:54.992+0000] {dagbag.py:538} INFO - Filling up the DagBag from /home/airflow/.local/lib/python3.7/site-packages/airflow/example_dags/example_task_group_decorator.py
[2024-11-09T17:22:55.008+0000] {processor.py:753} INFO - DAG(s) dict_keys(['example_task_group_decorator']) retrieved from /home/airflow/.local/lib/python3.7/site-packages/airflow/example_dags/example_task_group_decorator.py
[2024-11-09T17:22:55.022+0000] {logging_mixin.py:137} INFO - [2024-11-09T17:22:55.022+0000] {dag.py:2690} INFO - Sync 1 DAGs
[2024-11-09T17:22:55.034+0000] {logging_mixin.py:137} INFO - [2024-11-09T17:22:55.034+0000] {dag.py:3441} INFO - Setting next_dagrun for example_task_group_decorator to 2024-11-08T17:22:55.034732+00:00, run_after=2024-11-09T17:22:55.034732+00:00
[2024-11-09T17:22:55.043+0000] {processor.py:175} INFO - Processing /home/airflow/.local/lib/python3.7/site-packages/airflow/example_dags/example_task_group_decorator.py took 0.055 seconds
[2024-11-09T17:23:25.779+0000] {processor.py:153} INFO - Started process (PID=467) to work on /home/airflow/.local/lib/python3.7/site-packages/airflow/example_dags/example_task_group_decorator.py
[2024-11-09T17:23:25.779+0000] {processor.py:743} INFO - Processing file /home/airflow/.local/lib/python3.7/site-packages/airflow/example_dags/example_task_group_decorator.py for tasks to queue
[2024-11-09T17:23:25.781+0000] {logging_mixin.py:137} INFO - [2024-11-09T17:23:25.780+0000] {dagbag.py:538} INFO - Filling up the DagBag from /home/airflow/.local/lib/python3.7/site-packages/airflow/example_dags/example_task_group_decorator.py
[2024-11-09T17:23:25.797+0000] {processor.py:753} INFO - DAG(s) dict_keys(['example_task_group_decorator']) retrieved from /home/airflow/.local/lib/python3.7/site-packages/airflow/example_dags/example_task_group_decorator.py
[2024-11-09T17:23:25.816+0000] {logging_mixin.py:137} INFO - [2024-11-09T17:23:25.816+0000] {dag.py:2690} INFO - Sync 1 DAGs
[2024-11-09T17:23:25.833+0000] {logging_mixin.py:137} INFO - [2024-11-09T17:23:25.833+0000] {dag.py:3441} INFO - Setting next_dagrun for example_task_group_decorator to 2024-11-08T17:23:25.833187+00:00, run_after=2024-11-09T17:23:25.833187+00:00
[2024-11-09T17:23:25.851+0000] {processor.py:175} INFO - Processing /home/airflow/.local/lib/python3.7/site-packages/airflow/example_dags/example_task_group_decorator.py took 0.074 seconds
[2024-11-09T17:28:53.505+0000] {processor.py:153} INFO - Started process (PID=55) to work on /home/airflow/.local/lib/python3.7/site-packages/airflow/example_dags/example_task_group_decorator.py
[2024-11-09T17:28:53.505+0000] {processor.py:743} INFO - Processing file /home/airflow/.local/lib/python3.7/site-packages/airflow/example_dags/example_task_group_decorator.py for tasks to queue
[2024-11-09T17:28:53.506+0000] {logging_mixin.py:137} INFO - [2024-11-09T17:28:53.506+0000] {dagbag.py:538} INFO - Filling up the DagBag from /home/airflow/.local/lib/python3.7/site-packages/airflow/example_dags/example_task_group_decorator.py
[2024-11-09T17:28:53.522+0000] {processor.py:753} INFO - DAG(s) dict_keys(['example_task_group_decorator']) retrieved from /home/airflow/.local/lib/python3.7/site-packages/airflow/example_dags/example_task_group_decorator.py
[2024-11-09T17:28:53.531+0000] {logging_mixin.py:137} INFO - [2024-11-09T17:28:53.531+0000] {dag.py:2690} INFO - Sync 1 DAGs
[2024-11-09T17:28:53.547+0000] {logging_mixin.py:137} INFO - [2024-11-09T17:28:53.547+0000] {dag.py:3441} INFO - Setting next_dagrun for example_task_group_decorator to 2024-11-08T17:28:53.547238+00:00, run_after=2024-11-09T17:28:53.547238+00:00
[2024-11-09T17:28:53.564+0000] {processor.py:175} INFO - Processing /home/airflow/.local/lib/python3.7/site-packages/airflow/example_dags/example_task_group_decorator.py took 0.062 seconds
[2024-11-09T17:29:24.247+0000] {processor.py:153} INFO - Started process (PID=142) to work on /home/airflow/.local/lib/python3.7/site-packages/airflow/example_dags/example_task_group_decorator.py
[2024-11-09T17:29:24.250+0000] {processor.py:743} INFO - Processing file /home/airflow/.local/lib/python3.7/site-packages/airflow/example_dags/example_task_group_decorator.py for tasks to queue
[2024-11-09T17:29:24.250+0000] {logging_mixin.py:137} INFO - [2024-11-09T17:29:24.250+0000] {dagbag.py:538} INFO - Filling up the DagBag from /home/airflow/.local/lib/python3.7/site-packages/airflow/example_dags/example_task_group_decorator.py
[2024-11-09T17:29:24.266+0000] {processor.py:753} INFO - DAG(s) dict_keys(['example_task_group_decorator']) retrieved from /home/airflow/.local/lib/python3.7/site-packages/airflow/example_dags/example_task_group_decorator.py
[2024-11-09T17:29:24.283+0000] {logging_mixin.py:137} INFO - [2024-11-09T17:29:24.283+0000] {dag.py:2690} INFO - Sync 1 DAGs
[2024-11-09T17:29:24.298+0000] {logging_mixin.py:137} INFO - [2024-11-09T17:29:24.298+0000] {dag.py:3441} INFO - Setting next_dagrun for example_task_group_decorator to 2024-11-08T17:29:24.297995+00:00, run_after=2024-11-09T17:29:24.297995+00:00
[2024-11-09T17:29:24.318+0000] {processor.py:175} INFO - Processing /home/airflow/.local/lib/python3.7/site-packages/airflow/example_dags/example_task_group_decorator.py took 0.072 seconds
[2024-11-09T17:29:55.035+0000] {processor.py:153} INFO - Started process (PID=213) to work on /home/airflow/.local/lib/python3.7/site-packages/airflow/example_dags/example_task_group_decorator.py
[2024-11-09T17:29:55.042+0000] {processor.py:743} INFO - Processing file /home/airflow/.local/lib/python3.7/site-packages/airflow/example_dags/example_task_group_decorator.py for tasks to queue
[2024-11-09T17:29:55.045+0000] {logging_mixin.py:137} INFO - [2024-11-09T17:29:55.045+0000] {dagbag.py:538} INFO - Filling up the DagBag from /home/airflow/.local/lib/python3.7/site-packages/airflow/example_dags/example_task_group_decorator.py
[2024-11-09T17:29:55.067+0000] {processor.py:753} INFO - DAG(s) dict_keys(['example_task_group_decorator']) retrieved from /home/airflow/.local/lib/python3.7/site-packages/airflow/example_dags/example_task_group_decorator.py
[2024-11-09T17:29:55.088+0000] {logging_mixin.py:137} INFO - [2024-11-09T17:29:55.088+0000] {dag.py:2690} INFO - Sync 1 DAGs
[2024-11-09T17:29:55.104+0000] {logging_mixin.py:137} INFO - [2024-11-09T17:29:55.104+0000] {dag.py:3441} INFO - Setting next_dagrun for example_task_group_decorator to 2024-11-08T17:29:55.103867+00:00, run_after=2024-11-09T17:29:55.103867+00:00
[2024-11-09T17:29:55.115+0000] {processor.py:175} INFO - Processing /home/airflow/.local/lib/python3.7/site-packages/airflow/example_dags/example_task_group_decorator.py took 0.083 seconds
[2024-11-09T17:30:14.508+0000] {processor.py:153} INFO - Started process (PID=55) to work on /home/airflow/.local/lib/python3.7/site-packages/airflow/example_dags/example_task_group_decorator.py
[2024-11-09T17:30:14.510+0000] {processor.py:743} INFO - Processing file /home/airflow/.local/lib/python3.7/site-packages/airflow/example_dags/example_task_group_decorator.py for tasks to queue
[2024-11-09T17:30:14.511+0000] {logging_mixin.py:137} INFO - [2024-11-09T17:30:14.511+0000] {dagbag.py:538} INFO - Filling up the DagBag from /home/airflow/.local/lib/python3.7/site-packages/airflow/example_dags/example_task_group_decorator.py
[2024-11-09T17:30:14.527+0000] {processor.py:753} INFO - DAG(s) dict_keys(['example_task_group_decorator']) retrieved from /home/airflow/.local/lib/python3.7/site-packages/airflow/example_dags/example_task_group_decorator.py
[2024-11-09T17:30:14.538+0000] {logging_mixin.py:137} INFO - [2024-11-09T17:30:14.538+0000] {dag.py:2690} INFO - Sync 1 DAGs
[2024-11-09T17:30:14.556+0000] {logging_mixin.py:137} INFO - [2024-11-09T17:30:14.556+0000] {dag.py:3441} INFO - Setting next_dagrun for example_task_group_decorator to 2024-11-08T17:30:14.556056+00:00, run_after=2024-11-09T17:30:14.556056+00:00
[2024-11-09T17:30:14.567+0000] {processor.py:175} INFO - Processing /home/airflow/.local/lib/python3.7/site-packages/airflow/example_dags/example_task_group_decorator.py took 0.061 seconds
[2024-11-09T17:30:45.254+0000] {processor.py:153} INFO - Started process (PID=142) to work on /home/airflow/.local/lib/python3.7/site-packages/airflow/example_dags/example_task_group_decorator.py
[2024-11-09T17:30:45.256+0000] {processor.py:743} INFO - Processing file /home/airflow/.local/lib/python3.7/site-packages/airflow/example_dags/example_task_group_decorator.py for tasks to queue
[2024-11-09T17:30:45.256+0000] {logging_mixin.py:137} INFO - [2024-11-09T17:30:45.256+0000] {dagbag.py:538} INFO - Filling up the DagBag from /home/airflow/.local/lib/python3.7/site-packages/airflow/example_dags/example_task_group_decorator.py
[2024-11-09T17:30:45.273+0000] {processor.py:753} INFO - DAG(s) dict_keys(['example_task_group_decorator']) retrieved from /home/airflow/.local/lib/python3.7/site-packages/airflow/example_dags/example_task_group_decorator.py
[2024-11-09T17:30:45.289+0000] {logging_mixin.py:137} INFO - [2024-11-09T17:30:45.289+0000] {dag.py:2690} INFO - Sync 1 DAGs
[2024-11-09T17:30:45.303+0000] {logging_mixin.py:137} INFO - [2024-11-09T17:30:45.303+0000] {dag.py:3441} INFO - Setting next_dagrun for example_task_group_decorator to 2024-11-08T17:30:45.303599+00:00, run_after=2024-11-09T17:30:45.303599+00:00
[2024-11-09T17:30:45.316+0000] {processor.py:175} INFO - Processing /home/airflow/.local/lib/python3.7/site-packages/airflow/example_dags/example_task_group_decorator.py took 0.064 seconds
[2024-11-09T17:31:15.923+0000] {processor.py:153} INFO - Started process (PID=213) to work on /home/airflow/.local/lib/python3.7/site-packages/airflow/example_dags/example_task_group_decorator.py
[2024-11-09T17:31:15.923+0000] {processor.py:743} INFO - Processing file /home/airflow/.local/lib/python3.7/site-packages/airflow/example_dags/example_task_group_decorator.py for tasks to queue
[2024-11-09T17:31:15.924+0000] {logging_mixin.py:137} INFO - [2024-11-09T17:31:15.924+0000] {dagbag.py:538} INFO - Filling up the DagBag from /home/airflow/.local/lib/python3.7/site-packages/airflow/example_dags/example_task_group_decorator.py
[2024-11-09T17:31:15.939+0000] {processor.py:753} INFO - DAG(s) dict_keys(['example_task_group_decorator']) retrieved from /home/airflow/.local/lib/python3.7/site-packages/airflow/example_dags/example_task_group_decorator.py
[2024-11-09T17:31:15.956+0000] {logging_mixin.py:137} INFO - [2024-11-09T17:31:15.956+0000] {dag.py:2690} INFO - Sync 1 DAGs
[2024-11-09T17:31:15.970+0000] {logging_mixin.py:137} INFO - [2024-11-09T17:31:15.970+0000] {dag.py:3441} INFO - Setting next_dagrun for example_task_group_decorator to 2024-11-08T17:31:15.970459+00:00, run_after=2024-11-09T17:31:15.970459+00:00
[2024-11-09T17:31:15.982+0000] {processor.py:175} INFO - Processing /home/airflow/.local/lib/python3.7/site-packages/airflow/example_dags/example_task_group_decorator.py took 0.061 seconds
[2024-11-09T17:31:46.537+0000] {processor.py:153} INFO - Started process (PID=300) to work on /home/airflow/.local/lib/python3.7/site-packages/airflow/example_dags/example_task_group_decorator.py
[2024-11-09T17:31:46.538+0000] {processor.py:743} INFO - Processing file /home/airflow/.local/lib/python3.7/site-packages/airflow/example_dags/example_task_group_decorator.py for tasks to queue
[2024-11-09T17:31:46.539+0000] {logging_mixin.py:137} INFO - [2024-11-09T17:31:46.539+0000] {dagbag.py:538} INFO - Filling up the DagBag from /home/airflow/.local/lib/python3.7/site-packages/airflow/example_dags/example_task_group_decorator.py
[2024-11-09T17:31:46.568+0000] {processor.py:753} INFO - DAG(s) dict_keys(['example_task_group_decorator']) retrieved from /home/airflow/.local/lib/python3.7/site-packages/airflow/example_dags/example_task_group_decorator.py
[2024-11-09T17:31:46.596+0000] {logging_mixin.py:137} INFO - [2024-11-09T17:31:46.596+0000] {dag.py:2690} INFO - Sync 1 DAGs
[2024-11-09T17:31:46.618+0000] {logging_mixin.py:137} INFO - [2024-11-09T17:31:46.617+0000] {dag.py:3441} INFO - Setting next_dagrun for example_task_group_decorator to 2024-11-08T17:31:46.617778+00:00, run_after=2024-11-09T17:31:46.617778+00:00
[2024-11-09T17:31:46.629+0000] {processor.py:175} INFO - Processing /home/airflow/.local/lib/python3.7/site-packages/airflow/example_dags/example_task_group_decorator.py took 0.095 seconds
[2024-11-09T17:32:17.137+0000] {processor.py:153} INFO - Started process (PID=387) to work on /home/airflow/.local/lib/python3.7/site-packages/airflow/example_dags/example_task_group_decorator.py
[2024-11-09T17:32:17.137+0000] {processor.py:743} INFO - Processing file /home/airflow/.local/lib/python3.7/site-packages/airflow/example_dags/example_task_group_decorator.py for tasks to queue
[2024-11-09T17:32:17.138+0000] {logging_mixin.py:137} INFO - [2024-11-09T17:32:17.138+0000] {dagbag.py:538} INFO - Filling up the DagBag from /home/airflow/.local/lib/python3.7/site-packages/airflow/example_dags/example_task_group_decorator.py
[2024-11-09T17:32:17.152+0000] {processor.py:753} INFO - DAG(s) dict_keys(['example_task_group_decorator']) retrieved from /home/airflow/.local/lib/python3.7/site-packages/airflow/example_dags/example_task_group_decorator.py
[2024-11-09T17:32:17.168+0000] {logging_mixin.py:137} INFO - [2024-11-09T17:32:17.168+0000] {dag.py:2690} INFO - Sync 1 DAGs
[2024-11-09T17:32:17.184+0000] {logging_mixin.py:137} INFO - [2024-11-09T17:32:17.184+0000] {dag.py:3441} INFO - Setting next_dagrun for example_task_group_decorator to 2024-11-08T17:32:17.184269+00:00, run_after=2024-11-09T17:32:17.184269+00:00
[2024-11-09T17:32:17.194+0000] {processor.py:175} INFO - Processing /home/airflow/.local/lib/python3.7/site-packages/airflow/example_dags/example_task_group_decorator.py took 0.059 seconds
[2024-11-09T17:32:47.847+0000] {processor.py:153} INFO - Started process (PID=458) to work on /home/airflow/.local/lib/python3.7/site-packages/airflow/example_dags/example_task_group_decorator.py
[2024-11-09T17:32:47.848+0000] {processor.py:743} INFO - Processing file /home/airflow/.local/lib/python3.7/site-packages/airflow/example_dags/example_task_group_decorator.py for tasks to queue
[2024-11-09T17:32:47.848+0000] {logging_mixin.py:137} INFO - [2024-11-09T17:32:47.848+0000] {dagbag.py:538} INFO - Filling up the DagBag from /home/airflow/.local/lib/python3.7/site-packages/airflow/example_dags/example_task_group_decorator.py
[2024-11-09T17:32:47.861+0000] {processor.py:753} INFO - DAG(s) dict_keys(['example_task_group_decorator']) retrieved from /home/airflow/.local/lib/python3.7/site-packages/airflow/example_dags/example_task_group_decorator.py
[2024-11-09T17:32:47.877+0000] {logging_mixin.py:137} INFO - [2024-11-09T17:32:47.877+0000] {dag.py:2690} INFO - Sync 1 DAGs
[2024-11-09T17:32:47.891+0000] {logging_mixin.py:137} INFO - [2024-11-09T17:32:47.891+0000] {dag.py:3441} INFO - Setting next_dagrun for example_task_group_decorator to 2024-11-08T17:32:47.891353+00:00, run_after=2024-11-09T17:32:47.891353+00:00
[2024-11-09T17:32:47.901+0000] {processor.py:175} INFO - Processing /home/airflow/.local/lib/python3.7/site-packages/airflow/example_dags/example_task_group_decorator.py took 0.055 seconds
