[2024-11-09T17:10:06.632+0000] {processor.py:153} INFO - Started process (PID=76) to work on /home/airflow/.local/lib/python3.7/site-packages/airflow/example_dags/example_branch_python_dop_operator_3.py
[2024-11-09T17:10:06.634+0000] {processor.py:743} INFO - Processing file /home/airflow/.local/lib/python3.7/site-packages/airflow/example_dags/example_branch_python_dop_operator_3.py for tasks to queue
[2024-11-09T17:10:06.635+0000] {logging_mixin.py:137} INFO - [2024-11-09T17:10:06.635+0000] {dagbag.py:538} INFO - Filling up the DagBag from /home/airflow/.local/lib/python3.7/site-packages/airflow/example_dags/example_branch_python_dop_operator_3.py
[2024-11-09T17:10:06.649+0000] {processor.py:753} INFO - DAG(s) dict_keys(['example_branch_dop_operator_v3']) retrieved from /home/airflow/.local/lib/python3.7/site-packages/airflow/example_dags/example_branch_python_dop_operator_3.py
[2024-11-09T17:10:06.665+0000] {logging_mixin.py:137} INFO - [2024-11-09T17:10:06.665+0000] {dag.py:2690} INFO - Sync 1 DAGs
[2024-11-09T17:10:06.684+0000] {logging_mixin.py:137} INFO - [2024-11-09T17:10:06.684+0000] {dag.py:3441} INFO - Setting next_dagrun for example_branch_dop_operator_v3 to 2024-11-09T17:09:00+00:00, run_after=2024-11-09T17:10:00+00:00
[2024-11-09T17:10:06.695+0000] {processor.py:175} INFO - Processing /home/airflow/.local/lib/python3.7/site-packages/airflow/example_dags/example_branch_python_dop_operator_3.py took 0.065 seconds
[2024-11-09T17:10:37.391+0000] {processor.py:153} INFO - Started process (PID=163) to work on /home/airflow/.local/lib/python3.7/site-packages/airflow/example_dags/example_branch_python_dop_operator_3.py
[2024-11-09T17:10:37.392+0000] {processor.py:743} INFO - Processing file /home/airflow/.local/lib/python3.7/site-packages/airflow/example_dags/example_branch_python_dop_operator_3.py for tasks to queue
[2024-11-09T17:10:37.392+0000] {logging_mixin.py:137} INFO - [2024-11-09T17:10:37.392+0000] {dagbag.py:538} INFO - Filling up the DagBag from /home/airflow/.local/lib/python3.7/site-packages/airflow/example_dags/example_branch_python_dop_operator_3.py
[2024-11-09T17:10:37.404+0000] {processor.py:753} INFO - DAG(s) dict_keys(['example_branch_dop_operator_v3']) retrieved from /home/airflow/.local/lib/python3.7/site-packages/airflow/example_dags/example_branch_python_dop_operator_3.py
[2024-11-09T17:10:37.422+0000] {logging_mixin.py:137} INFO - [2024-11-09T17:10:37.422+0000] {dag.py:2690} INFO - Sync 1 DAGs
[2024-11-09T17:10:37.439+0000] {logging_mixin.py:137} INFO - [2024-11-09T17:10:37.438+0000] {dag.py:3441} INFO - Setting next_dagrun for example_branch_dop_operator_v3 to 2024-11-09T17:09:00+00:00, run_after=2024-11-09T17:10:00+00:00
[2024-11-09T17:10:37.452+0000] {processor.py:175} INFO - Processing /home/airflow/.local/lib/python3.7/site-packages/airflow/example_dags/example_branch_python_dop_operator_3.py took 0.063 seconds
[2024-11-09T17:11:08.069+0000] {processor.py:153} INFO - Started process (PID=242) to work on /home/airflow/.local/lib/python3.7/site-packages/airflow/example_dags/example_branch_python_dop_operator_3.py
[2024-11-09T17:11:08.074+0000] {processor.py:743} INFO - Processing file /home/airflow/.local/lib/python3.7/site-packages/airflow/example_dags/example_branch_python_dop_operator_3.py for tasks to queue
[2024-11-09T17:11:08.074+0000] {logging_mixin.py:137} INFO - [2024-11-09T17:11:08.074+0000] {dagbag.py:538} INFO - Filling up the DagBag from /home/airflow/.local/lib/python3.7/site-packages/airflow/example_dags/example_branch_python_dop_operator_3.py
[2024-11-09T17:11:08.089+0000] {processor.py:753} INFO - DAG(s) dict_keys(['example_branch_dop_operator_v3']) retrieved from /home/airflow/.local/lib/python3.7/site-packages/airflow/example_dags/example_branch_python_dop_operator_3.py
[2024-11-09T17:11:08.107+0000] {logging_mixin.py:137} INFO - [2024-11-09T17:11:08.107+0000] {dag.py:2690} INFO - Sync 1 DAGs
[2024-11-09T17:11:08.124+0000] {logging_mixin.py:137} INFO - [2024-11-09T17:11:08.124+0000] {dag.py:3441} INFO - Setting next_dagrun for example_branch_dop_operator_v3 to 2024-11-09T17:10:00+00:00, run_after=2024-11-09T17:11:00+00:00
[2024-11-09T17:11:08.162+0000] {processor.py:175} INFO - Processing /home/airflow/.local/lib/python3.7/site-packages/airflow/example_dags/example_branch_python_dop_operator_3.py took 0.095 seconds
[2024-11-09T17:11:38.901+0000] {processor.py:153} INFO - Started process (PID=320) to work on /home/airflow/.local/lib/python3.7/site-packages/airflow/example_dags/example_branch_python_dop_operator_3.py
[2024-11-09T17:11:38.902+0000] {processor.py:743} INFO - Processing file /home/airflow/.local/lib/python3.7/site-packages/airflow/example_dags/example_branch_python_dop_operator_3.py for tasks to queue
[2024-11-09T17:11:38.902+0000] {logging_mixin.py:137} INFO - [2024-11-09T17:11:38.902+0000] {dagbag.py:538} INFO - Filling up the DagBag from /home/airflow/.local/lib/python3.7/site-packages/airflow/example_dags/example_branch_python_dop_operator_3.py
[2024-11-09T17:11:38.916+0000] {processor.py:753} INFO - DAG(s) dict_keys(['example_branch_dop_operator_v3']) retrieved from /home/airflow/.local/lib/python3.7/site-packages/airflow/example_dags/example_branch_python_dop_operator_3.py
[2024-11-09T17:11:38.932+0000] {logging_mixin.py:137} INFO - [2024-11-09T17:11:38.932+0000] {dag.py:2690} INFO - Sync 1 DAGs
[2024-11-09T17:11:38.948+0000] {logging_mixin.py:137} INFO - [2024-11-09T17:11:38.948+0000] {dag.py:3441} INFO - Setting next_dagrun for example_branch_dop_operator_v3 to 2024-11-09T17:10:00+00:00, run_after=2024-11-09T17:11:00+00:00
[2024-11-09T17:11:38.961+0000] {processor.py:175} INFO - Processing /home/airflow/.local/lib/python3.7/site-packages/airflow/example_dags/example_branch_python_dop_operator_3.py took 0.062 seconds
[2024-11-09T17:12:09.553+0000] {processor.py:153} INFO - Started process (PID=407) to work on /home/airflow/.local/lib/python3.7/site-packages/airflow/example_dags/example_branch_python_dop_operator_3.py
[2024-11-09T17:12:09.555+0000] {processor.py:743} INFO - Processing file /home/airflow/.local/lib/python3.7/site-packages/airflow/example_dags/example_branch_python_dop_operator_3.py for tasks to queue
[2024-11-09T17:12:09.555+0000] {logging_mixin.py:137} INFO - [2024-11-09T17:12:09.555+0000] {dagbag.py:538} INFO - Filling up the DagBag from /home/airflow/.local/lib/python3.7/site-packages/airflow/example_dags/example_branch_python_dop_operator_3.py
[2024-11-09T17:12:09.567+0000] {processor.py:753} INFO - DAG(s) dict_keys(['example_branch_dop_operator_v3']) retrieved from /home/airflow/.local/lib/python3.7/site-packages/airflow/example_dags/example_branch_python_dop_operator_3.py
[2024-11-09T17:12:09.579+0000] {logging_mixin.py:137} INFO - [2024-11-09T17:12:09.579+0000] {dag.py:2690} INFO - Sync 1 DAGs
[2024-11-09T17:12:09.595+0000] {logging_mixin.py:137} INFO - [2024-11-09T17:12:09.595+0000] {dag.py:3441} INFO - Setting next_dagrun for example_branch_dop_operator_v3 to 2024-11-09T17:11:00+00:00, run_after=2024-11-09T17:12:00+00:00
[2024-11-09T17:12:09.608+0000] {processor.py:175} INFO - Processing /home/airflow/.local/lib/python3.7/site-packages/airflow/example_dags/example_branch_python_dop_operator_3.py took 0.056 seconds
[2024-11-09T17:12:40.165+0000] {processor.py:153} INFO - Started process (PID=494) to work on /home/airflow/.local/lib/python3.7/site-packages/airflow/example_dags/example_branch_python_dop_operator_3.py
[2024-11-09T17:12:40.166+0000] {processor.py:743} INFO - Processing file /home/airflow/.local/lib/python3.7/site-packages/airflow/example_dags/example_branch_python_dop_operator_3.py for tasks to queue
[2024-11-09T17:12:40.167+0000] {logging_mixin.py:137} INFO - [2024-11-09T17:12:40.167+0000] {dagbag.py:538} INFO - Filling up the DagBag from /home/airflow/.local/lib/python3.7/site-packages/airflow/example_dags/example_branch_python_dop_operator_3.py
[2024-11-09T17:12:40.181+0000] {processor.py:753} INFO - DAG(s) dict_keys(['example_branch_dop_operator_v3']) retrieved from /home/airflow/.local/lib/python3.7/site-packages/airflow/example_dags/example_branch_python_dop_operator_3.py
[2024-11-09T17:12:40.197+0000] {logging_mixin.py:137} INFO - [2024-11-09T17:12:40.197+0000] {dag.py:2690} INFO - Sync 1 DAGs
[2024-11-09T17:12:40.212+0000] {logging_mixin.py:137} INFO - [2024-11-09T17:12:40.212+0000] {dag.py:3441} INFO - Setting next_dagrun for example_branch_dop_operator_v3 to 2024-11-09T17:11:00+00:00, run_after=2024-11-09T17:12:00+00:00
[2024-11-09T17:12:40.223+0000] {processor.py:175} INFO - Processing /home/airflow/.local/lib/python3.7/site-packages/airflow/example_dags/example_branch_python_dop_operator_3.py took 0.060 seconds
[2024-11-09T17:13:10.841+0000] {processor.py:153} INFO - Started process (PID=565) to work on /home/airflow/.local/lib/python3.7/site-packages/airflow/example_dags/example_branch_python_dop_operator_3.py
[2024-11-09T17:13:10.846+0000] {processor.py:743} INFO - Processing file /home/airflow/.local/lib/python3.7/site-packages/airflow/example_dags/example_branch_python_dop_operator_3.py for tasks to queue
[2024-11-09T17:13:10.846+0000] {logging_mixin.py:137} INFO - [2024-11-09T17:13:10.846+0000] {dagbag.py:538} INFO - Filling up the DagBag from /home/airflow/.local/lib/python3.7/site-packages/airflow/example_dags/example_branch_python_dop_operator_3.py
[2024-11-09T17:13:10.860+0000] {processor.py:753} INFO - DAG(s) dict_keys(['example_branch_dop_operator_v3']) retrieved from /home/airflow/.local/lib/python3.7/site-packages/airflow/example_dags/example_branch_python_dop_operator_3.py
[2024-11-09T17:13:10.879+0000] {logging_mixin.py:137} INFO - [2024-11-09T17:13:10.879+0000] {dag.py:2690} INFO - Sync 1 DAGs
[2024-11-09T17:13:10.904+0000] {logging_mixin.py:137} INFO - [2024-11-09T17:13:10.903+0000] {dag.py:3441} INFO - Setting next_dagrun for example_branch_dop_operator_v3 to 2024-11-09T17:12:00+00:00, run_after=2024-11-09T17:13:00+00:00
[2024-11-09T17:13:10.922+0000] {processor.py:175} INFO - Processing /home/airflow/.local/lib/python3.7/site-packages/airflow/example_dags/example_branch_python_dop_operator_3.py took 0.083 seconds
[2024-11-09T17:13:43.044+0000] {processor.py:153} INFO - Started process (PID=652) to work on /home/airflow/.local/lib/python3.7/site-packages/airflow/example_dags/example_branch_python_dop_operator_3.py
[2024-11-09T17:13:43.046+0000] {processor.py:743} INFO - Processing file /home/airflow/.local/lib/python3.7/site-packages/airflow/example_dags/example_branch_python_dop_operator_3.py for tasks to queue
[2024-11-09T17:13:43.047+0000] {logging_mixin.py:137} INFO - [2024-11-09T17:13:43.047+0000] {dagbag.py:538} INFO - Filling up the DagBag from /home/airflow/.local/lib/python3.7/site-packages/airflow/example_dags/example_branch_python_dop_operator_3.py
[2024-11-09T17:13:43.070+0000] {processor.py:753} INFO - DAG(s) dict_keys(['example_branch_dop_operator_v3']) retrieved from /home/airflow/.local/lib/python3.7/site-packages/airflow/example_dags/example_branch_python_dop_operator_3.py
[2024-11-09T17:13:43.111+0000] {logging_mixin.py:137} INFO - [2024-11-09T17:13:43.111+0000] {dag.py:2690} INFO - Sync 1 DAGs
[2024-11-09T17:13:43.135+0000] {logging_mixin.py:137} INFO - [2024-11-09T17:13:43.135+0000] {dag.py:3441} INFO - Setting next_dagrun for example_branch_dop_operator_v3 to 2024-11-09T17:12:00+00:00, run_after=2024-11-09T17:13:00+00:00
[2024-11-09T17:13:43.153+0000] {processor.py:175} INFO - Processing /home/airflow/.local/lib/python3.7/site-packages/airflow/example_dags/example_branch_python_dop_operator_3.py took 0.115 seconds
[2024-11-09T17:14:13.980+0000] {processor.py:153} INFO - Started process (PID=739) to work on /home/airflow/.local/lib/python3.7/site-packages/airflow/example_dags/example_branch_python_dop_operator_3.py
[2024-11-09T17:14:13.982+0000] {processor.py:743} INFO - Processing file /home/airflow/.local/lib/python3.7/site-packages/airflow/example_dags/example_branch_python_dop_operator_3.py for tasks to queue
[2024-11-09T17:14:13.982+0000] {logging_mixin.py:137} INFO - [2024-11-09T17:14:13.982+0000] {dagbag.py:538} INFO - Filling up the DagBag from /home/airflow/.local/lib/python3.7/site-packages/airflow/example_dags/example_branch_python_dop_operator_3.py
[2024-11-09T17:14:13.996+0000] {processor.py:753} INFO - DAG(s) dict_keys(['example_branch_dop_operator_v3']) retrieved from /home/airflow/.local/lib/python3.7/site-packages/airflow/example_dags/example_branch_python_dop_operator_3.py
[2024-11-09T17:14:14.013+0000] {logging_mixin.py:137} INFO - [2024-11-09T17:14:14.013+0000] {dag.py:2690} INFO - Sync 1 DAGs
[2024-11-09T17:14:14.032+0000] {logging_mixin.py:137} INFO - [2024-11-09T17:14:14.032+0000] {dag.py:3441} INFO - Setting next_dagrun for example_branch_dop_operator_v3 to 2024-11-09T17:13:00+00:00, run_after=2024-11-09T17:14:00+00:00
[2024-11-09T17:14:14.047+0000] {processor.py:175} INFO - Processing /home/airflow/.local/lib/python3.7/site-packages/airflow/example_dags/example_branch_python_dop_operator_3.py took 0.068 seconds
[2024-11-09T17:14:44.794+0000] {processor.py:153} INFO - Started process (PID=810) to work on /home/airflow/.local/lib/python3.7/site-packages/airflow/example_dags/example_branch_python_dop_operator_3.py
[2024-11-09T17:14:44.795+0000] {processor.py:743} INFO - Processing file /home/airflow/.local/lib/python3.7/site-packages/airflow/example_dags/example_branch_python_dop_operator_3.py for tasks to queue
[2024-11-09T17:14:44.796+0000] {logging_mixin.py:137} INFO - [2024-11-09T17:14:44.796+0000] {dagbag.py:538} INFO - Filling up the DagBag from /home/airflow/.local/lib/python3.7/site-packages/airflow/example_dags/example_branch_python_dop_operator_3.py
[2024-11-09T17:14:44.811+0000] {processor.py:753} INFO - DAG(s) dict_keys(['example_branch_dop_operator_v3']) retrieved from /home/airflow/.local/lib/python3.7/site-packages/airflow/example_dags/example_branch_python_dop_operator_3.py
[2024-11-09T17:14:44.831+0000] {logging_mixin.py:137} INFO - [2024-11-09T17:14:44.831+0000] {dag.py:2690} INFO - Sync 1 DAGs
[2024-11-09T17:14:44.852+0000] {logging_mixin.py:137} INFO - [2024-11-09T17:14:44.852+0000] {dag.py:3441} INFO - Setting next_dagrun for example_branch_dop_operator_v3 to 2024-11-09T17:13:00+00:00, run_after=2024-11-09T17:14:00+00:00
[2024-11-09T17:14:44.866+0000] {processor.py:175} INFO - Processing /home/airflow/.local/lib/python3.7/site-packages/airflow/example_dags/example_branch_python_dop_operator_3.py took 0.074 seconds
[2024-11-09T17:15:15.698+0000] {processor.py:153} INFO - Started process (PID=897) to work on /home/airflow/.local/lib/python3.7/site-packages/airflow/example_dags/example_branch_python_dop_operator_3.py
[2024-11-09T17:15:15.700+0000] {processor.py:743} INFO - Processing file /home/airflow/.local/lib/python3.7/site-packages/airflow/example_dags/example_branch_python_dop_operator_3.py for tasks to queue
[2024-11-09T17:15:15.700+0000] {logging_mixin.py:137} INFO - [2024-11-09T17:15:15.700+0000] {dagbag.py:538} INFO - Filling up the DagBag from /home/airflow/.local/lib/python3.7/site-packages/airflow/example_dags/example_branch_python_dop_operator_3.py
[2024-11-09T17:15:15.712+0000] {processor.py:753} INFO - DAG(s) dict_keys(['example_branch_dop_operator_v3']) retrieved from /home/airflow/.local/lib/python3.7/site-packages/airflow/example_dags/example_branch_python_dop_operator_3.py
[2024-11-09T17:15:15.733+0000] {logging_mixin.py:137} INFO - [2024-11-09T17:15:15.733+0000] {dag.py:2690} INFO - Sync 1 DAGs
[2024-11-09T17:15:15.751+0000] {logging_mixin.py:137} INFO - [2024-11-09T17:15:15.751+0000] {dag.py:3441} INFO - Setting next_dagrun for example_branch_dop_operator_v3 to 2024-11-09T17:14:00+00:00, run_after=2024-11-09T17:15:00+00:00
[2024-11-09T17:15:15.772+0000] {processor.py:175} INFO - Processing /home/airflow/.local/lib/python3.7/site-packages/airflow/example_dags/example_branch_python_dop_operator_3.py took 0.076 seconds
[2024-11-09T17:15:46.484+0000] {processor.py:153} INFO - Started process (PID=984) to work on /home/airflow/.local/lib/python3.7/site-packages/airflow/example_dags/example_branch_python_dop_operator_3.py
[2024-11-09T17:15:46.485+0000] {processor.py:743} INFO - Processing file /home/airflow/.local/lib/python3.7/site-packages/airflow/example_dags/example_branch_python_dop_operator_3.py for tasks to queue
[2024-11-09T17:15:46.486+0000] {logging_mixin.py:137} INFO - [2024-11-09T17:15:46.486+0000] {dagbag.py:538} INFO - Filling up the DagBag from /home/airflow/.local/lib/python3.7/site-packages/airflow/example_dags/example_branch_python_dop_operator_3.py
[2024-11-09T17:15:46.499+0000] {processor.py:753} INFO - DAG(s) dict_keys(['example_branch_dop_operator_v3']) retrieved from /home/airflow/.local/lib/python3.7/site-packages/airflow/example_dags/example_branch_python_dop_operator_3.py
[2024-11-09T17:15:46.515+0000] {logging_mixin.py:137} INFO - [2024-11-09T17:15:46.515+0000] {dag.py:2690} INFO - Sync 1 DAGs
[2024-11-09T17:15:46.532+0000] {logging_mixin.py:137} INFO - [2024-11-09T17:15:46.532+0000] {dag.py:3441} INFO - Setting next_dagrun for example_branch_dop_operator_v3 to 2024-11-09T17:14:00+00:00, run_after=2024-11-09T17:15:00+00:00
[2024-11-09T17:15:46.541+0000] {processor.py:175} INFO - Processing /home/airflow/.local/lib/python3.7/site-packages/airflow/example_dags/example_branch_python_dop_operator_3.py took 0.059 seconds
[2024-11-09T17:16:17.258+0000] {processor.py:153} INFO - Started process (PID=1071) to work on /home/airflow/.local/lib/python3.7/site-packages/airflow/example_dags/example_branch_python_dop_operator_3.py
[2024-11-09T17:16:17.261+0000] {processor.py:743} INFO - Processing file /home/airflow/.local/lib/python3.7/site-packages/airflow/example_dags/example_branch_python_dop_operator_3.py for tasks to queue
[2024-11-09T17:16:17.263+0000] {logging_mixin.py:137} INFO - [2024-11-09T17:16:17.263+0000] {dagbag.py:538} INFO - Filling up the DagBag from /home/airflow/.local/lib/python3.7/site-packages/airflow/example_dags/example_branch_python_dop_operator_3.py
[2024-11-09T17:16:17.276+0000] {processor.py:753} INFO - DAG(s) dict_keys(['example_branch_dop_operator_v3']) retrieved from /home/airflow/.local/lib/python3.7/site-packages/airflow/example_dags/example_branch_python_dop_operator_3.py
[2024-11-09T17:16:17.293+0000] {logging_mixin.py:137} INFO - [2024-11-09T17:16:17.293+0000] {dag.py:2690} INFO - Sync 1 DAGs
[2024-11-09T17:16:17.310+0000] {logging_mixin.py:137} INFO - [2024-11-09T17:16:17.310+0000] {dag.py:3441} INFO - Setting next_dagrun for example_branch_dop_operator_v3 to 2024-11-09T17:15:00+00:00, run_after=2024-11-09T17:16:00+00:00
[2024-11-09T17:16:17.332+0000] {processor.py:175} INFO - Processing /home/airflow/.local/lib/python3.7/site-packages/airflow/example_dags/example_branch_python_dop_operator_3.py took 0.076 seconds
[2024-11-09T17:16:47.416+0000] {processor.py:153} INFO - Started process (PID=1141) to work on /home/airflow/.local/lib/python3.7/site-packages/airflow/example_dags/example_branch_python_dop_operator_3.py
[2024-11-09T17:16:47.418+0000] {processor.py:743} INFO - Processing file /home/airflow/.local/lib/python3.7/site-packages/airflow/example_dags/example_branch_python_dop_operator_3.py for tasks to queue
[2024-11-09T17:16:47.420+0000] {logging_mixin.py:137} INFO - [2024-11-09T17:16:47.420+0000] {dagbag.py:538} INFO - Filling up the DagBag from /home/airflow/.local/lib/python3.7/site-packages/airflow/example_dags/example_branch_python_dop_operator_3.py
[2024-11-09T17:16:47.433+0000] {processor.py:753} INFO - DAG(s) dict_keys(['example_branch_dop_operator_v3']) retrieved from /home/airflow/.local/lib/python3.7/site-packages/airflow/example_dags/example_branch_python_dop_operator_3.py
[2024-11-09T17:16:47.452+0000] {logging_mixin.py:137} INFO - [2024-11-09T17:16:47.452+0000] {dag.py:2690} INFO - Sync 1 DAGs
[2024-11-09T17:16:47.468+0000] {logging_mixin.py:137} INFO - [2024-11-09T17:16:47.467+0000] {dag.py:3441} INFO - Setting next_dagrun for example_branch_dop_operator_v3 to 2024-11-09T17:15:00+00:00, run_after=2024-11-09T17:16:00+00:00
[2024-11-09T17:16:47.483+0000] {processor.py:175} INFO - Processing /home/airflow/.local/lib/python3.7/site-packages/airflow/example_dags/example_branch_python_dop_operator_3.py took 0.068 seconds
[2024-11-09T17:17:18.241+0000] {processor.py:153} INFO - Started process (PID=1228) to work on /home/airflow/.local/lib/python3.7/site-packages/airflow/example_dags/example_branch_python_dop_operator_3.py
[2024-11-09T17:17:18.243+0000] {processor.py:743} INFO - Processing file /home/airflow/.local/lib/python3.7/site-packages/airflow/example_dags/example_branch_python_dop_operator_3.py for tasks to queue
[2024-11-09T17:17:18.245+0000] {logging_mixin.py:137} INFO - [2024-11-09T17:17:18.245+0000] {dagbag.py:538} INFO - Filling up the DagBag from /home/airflow/.local/lib/python3.7/site-packages/airflow/example_dags/example_branch_python_dop_operator_3.py
[2024-11-09T17:17:18.256+0000] {processor.py:753} INFO - DAG(s) dict_keys(['example_branch_dop_operator_v3']) retrieved from /home/airflow/.local/lib/python3.7/site-packages/airflow/example_dags/example_branch_python_dop_operator_3.py
[2024-11-09T17:17:18.270+0000] {logging_mixin.py:137} INFO - [2024-11-09T17:17:18.270+0000] {dag.py:2690} INFO - Sync 1 DAGs
[2024-11-09T17:17:18.287+0000] {logging_mixin.py:137} INFO - [2024-11-09T17:17:18.287+0000] {dag.py:3441} INFO - Setting next_dagrun for example_branch_dop_operator_v3 to 2024-11-09T17:16:00+00:00, run_after=2024-11-09T17:17:00+00:00
[2024-11-09T17:17:18.302+0000] {processor.py:175} INFO - Processing /home/airflow/.local/lib/python3.7/site-packages/airflow/example_dags/example_branch_python_dop_operator_3.py took 0.064 seconds
[2024-11-09T17:17:49.081+0000] {processor.py:153} INFO - Started process (PID=1315) to work on /home/airflow/.local/lib/python3.7/site-packages/airflow/example_dags/example_branch_python_dop_operator_3.py
[2024-11-09T17:17:49.082+0000] {processor.py:743} INFO - Processing file /home/airflow/.local/lib/python3.7/site-packages/airflow/example_dags/example_branch_python_dop_operator_3.py for tasks to queue
[2024-11-09T17:17:49.082+0000] {logging_mixin.py:137} INFO - [2024-11-09T17:17:49.082+0000] {dagbag.py:538} INFO - Filling up the DagBag from /home/airflow/.local/lib/python3.7/site-packages/airflow/example_dags/example_branch_python_dop_operator_3.py
[2024-11-09T17:17:49.096+0000] {processor.py:753} INFO - DAG(s) dict_keys(['example_branch_dop_operator_v3']) retrieved from /home/airflow/.local/lib/python3.7/site-packages/airflow/example_dags/example_branch_python_dop_operator_3.py
[2024-11-09T17:17:49.108+0000] {logging_mixin.py:137} INFO - [2024-11-09T17:17:49.108+0000] {dag.py:2690} INFO - Sync 1 DAGs
[2024-11-09T17:17:49.123+0000] {logging_mixin.py:137} INFO - [2024-11-09T17:17:49.123+0000] {dag.py:3441} INFO - Setting next_dagrun for example_branch_dop_operator_v3 to 2024-11-09T17:16:00+00:00, run_after=2024-11-09T17:17:00+00:00
[2024-11-09T17:17:49.134+0000] {processor.py:175} INFO - Processing /home/airflow/.local/lib/python3.7/site-packages/airflow/example_dags/example_branch_python_dop_operator_3.py took 0.055 seconds
[2024-11-09T17:18:19.907+0000] {processor.py:153} INFO - Started process (PID=1386) to work on /home/airflow/.local/lib/python3.7/site-packages/airflow/example_dags/example_branch_python_dop_operator_3.py
[2024-11-09T17:18:19.907+0000] {processor.py:743} INFO - Processing file /home/airflow/.local/lib/python3.7/site-packages/airflow/example_dags/example_branch_python_dop_operator_3.py for tasks to queue
[2024-11-09T17:18:19.908+0000] {logging_mixin.py:137} INFO - [2024-11-09T17:18:19.908+0000] {dagbag.py:538} INFO - Filling up the DagBag from /home/airflow/.local/lib/python3.7/site-packages/airflow/example_dags/example_branch_python_dop_operator_3.py
[2024-11-09T17:18:19.922+0000] {processor.py:753} INFO - DAG(s) dict_keys(['example_branch_dop_operator_v3']) retrieved from /home/airflow/.local/lib/python3.7/site-packages/airflow/example_dags/example_branch_python_dop_operator_3.py
[2024-11-09T17:18:19.935+0000] {logging_mixin.py:137} INFO - [2024-11-09T17:18:19.935+0000] {dag.py:2690} INFO - Sync 1 DAGs
[2024-11-09T17:18:19.952+0000] {logging_mixin.py:137} INFO - [2024-11-09T17:18:19.952+0000] {dag.py:3441} INFO - Setting next_dagrun for example_branch_dop_operator_v3 to 2024-11-09T17:17:00+00:00, run_after=2024-11-09T17:18:00+00:00
[2024-11-09T17:18:19.964+0000] {processor.py:175} INFO - Processing /home/airflow/.local/lib/python3.7/site-packages/airflow/example_dags/example_branch_python_dop_operator_3.py took 0.059 seconds
[2024-11-09T17:18:50.758+0000] {processor.py:153} INFO - Started process (PID=1473) to work on /home/airflow/.local/lib/python3.7/site-packages/airflow/example_dags/example_branch_python_dop_operator_3.py
[2024-11-09T17:18:50.759+0000] {processor.py:743} INFO - Processing file /home/airflow/.local/lib/python3.7/site-packages/airflow/example_dags/example_branch_python_dop_operator_3.py for tasks to queue
[2024-11-09T17:18:50.759+0000] {logging_mixin.py:137} INFO - [2024-11-09T17:18:50.759+0000] {dagbag.py:538} INFO - Filling up the DagBag from /home/airflow/.local/lib/python3.7/site-packages/airflow/example_dags/example_branch_python_dop_operator_3.py
[2024-11-09T17:18:50.772+0000] {processor.py:753} INFO - DAG(s) dict_keys(['example_branch_dop_operator_v3']) retrieved from /home/airflow/.local/lib/python3.7/site-packages/airflow/example_dags/example_branch_python_dop_operator_3.py
[2024-11-09T17:18:50.786+0000] {logging_mixin.py:137} INFO - [2024-11-09T17:18:50.786+0000] {dag.py:2690} INFO - Sync 1 DAGs
[2024-11-09T17:18:50.801+0000] {logging_mixin.py:137} INFO - [2024-11-09T17:18:50.801+0000] {dag.py:3441} INFO - Setting next_dagrun for example_branch_dop_operator_v3 to 2024-11-09T17:17:00+00:00, run_after=2024-11-09T17:18:00+00:00
[2024-11-09T17:18:50.813+0000] {processor.py:175} INFO - Processing /home/airflow/.local/lib/python3.7/site-packages/airflow/example_dags/example_branch_python_dop_operator_3.py took 0.057 seconds
[2024-11-09T17:19:21.667+0000] {processor.py:153} INFO - Started process (PID=1560) to work on /home/airflow/.local/lib/python3.7/site-packages/airflow/example_dags/example_branch_python_dop_operator_3.py
[2024-11-09T17:19:21.668+0000] {processor.py:743} INFO - Processing file /home/airflow/.local/lib/python3.7/site-packages/airflow/example_dags/example_branch_python_dop_operator_3.py for tasks to queue
[2024-11-09T17:19:21.668+0000] {logging_mixin.py:137} INFO - [2024-11-09T17:19:21.668+0000] {dagbag.py:538} INFO - Filling up the DagBag from /home/airflow/.local/lib/python3.7/site-packages/airflow/example_dags/example_branch_python_dop_operator_3.py
[2024-11-09T17:19:21.681+0000] {processor.py:753} INFO - DAG(s) dict_keys(['example_branch_dop_operator_v3']) retrieved from /home/airflow/.local/lib/python3.7/site-packages/airflow/example_dags/example_branch_python_dop_operator_3.py
[2024-11-09T17:19:21.697+0000] {logging_mixin.py:137} INFO - [2024-11-09T17:19:21.697+0000] {dag.py:2690} INFO - Sync 1 DAGs
[2024-11-09T17:19:21.715+0000] {logging_mixin.py:137} INFO - [2024-11-09T17:19:21.715+0000] {dag.py:3441} INFO - Setting next_dagrun for example_branch_dop_operator_v3 to 2024-11-09T17:18:00+00:00, run_after=2024-11-09T17:19:00+00:00
[2024-11-09T17:19:21.734+0000] {processor.py:175} INFO - Processing /home/airflow/.local/lib/python3.7/site-packages/airflow/example_dags/example_branch_python_dop_operator_3.py took 0.068 seconds
[2024-11-09T17:19:52.778+0000] {processor.py:153} INFO - Started process (PID=1647) to work on /home/airflow/.local/lib/python3.7/site-packages/airflow/example_dags/example_branch_python_dop_operator_3.py
[2024-11-09T17:19:52.780+0000] {processor.py:743} INFO - Processing file /home/airflow/.local/lib/python3.7/site-packages/airflow/example_dags/example_branch_python_dop_operator_3.py for tasks to queue
[2024-11-09T17:19:52.781+0000] {logging_mixin.py:137} INFO - [2024-11-09T17:19:52.780+0000] {dagbag.py:538} INFO - Filling up the DagBag from /home/airflow/.local/lib/python3.7/site-packages/airflow/example_dags/example_branch_python_dop_operator_3.py
[2024-11-09T17:19:52.798+0000] {processor.py:753} INFO - DAG(s) dict_keys(['example_branch_dop_operator_v3']) retrieved from /home/airflow/.local/lib/python3.7/site-packages/airflow/example_dags/example_branch_python_dop_operator_3.py
[2024-11-09T17:19:52.816+0000] {logging_mixin.py:137} INFO - [2024-11-09T17:19:52.816+0000] {dag.py:2690} INFO - Sync 1 DAGs
[2024-11-09T17:19:52.833+0000] {logging_mixin.py:137} INFO - [2024-11-09T17:19:52.833+0000] {dag.py:3441} INFO - Setting next_dagrun for example_branch_dop_operator_v3 to 2024-11-09T17:18:00+00:00, run_after=2024-11-09T17:19:00+00:00
[2024-11-09T17:19:52.846+0000] {processor.py:175} INFO - Processing /home/airflow/.local/lib/python3.7/site-packages/airflow/example_dags/example_branch_python_dop_operator_3.py took 0.071 seconds
[2024-11-09T17:20:23.463+0000] {processor.py:153} INFO - Started process (PID=1727) to work on /home/airflow/.local/lib/python3.7/site-packages/airflow/example_dags/example_branch_python_dop_operator_3.py
[2024-11-09T17:20:23.463+0000] {processor.py:743} INFO - Processing file /home/airflow/.local/lib/python3.7/site-packages/airflow/example_dags/example_branch_python_dop_operator_3.py for tasks to queue
[2024-11-09T17:20:23.464+0000] {logging_mixin.py:137} INFO - [2024-11-09T17:20:23.464+0000] {dagbag.py:538} INFO - Filling up the DagBag from /home/airflow/.local/lib/python3.7/site-packages/airflow/example_dags/example_branch_python_dop_operator_3.py
[2024-11-09T17:20:23.476+0000] {processor.py:753} INFO - DAG(s) dict_keys(['example_branch_dop_operator_v3']) retrieved from /home/airflow/.local/lib/python3.7/site-packages/airflow/example_dags/example_branch_python_dop_operator_3.py
[2024-11-09T17:20:23.492+0000] {logging_mixin.py:137} INFO - [2024-11-09T17:20:23.492+0000] {dag.py:2690} INFO - Sync 1 DAGs
[2024-11-09T17:20:23.507+0000] {logging_mixin.py:137} INFO - [2024-11-09T17:20:23.507+0000] {dag.py:3441} INFO - Setting next_dagrun for example_branch_dop_operator_v3 to 2024-11-09T17:19:00+00:00, run_after=2024-11-09T17:20:00+00:00
[2024-11-09T17:20:23.517+0000] {processor.py:175} INFO - Processing /home/airflow/.local/lib/python3.7/site-packages/airflow/example_dags/example_branch_python_dop_operator_3.py took 0.056 seconds
[2024-11-09T17:20:51.797+0000] {processor.py:153} INFO - Started process (PID=66) to work on /home/airflow/.local/lib/python3.7/site-packages/airflow/example_dags/example_branch_python_dop_operator_3.py
[2024-11-09T17:20:51.798+0000] {processor.py:743} INFO - Processing file /home/airflow/.local/lib/python3.7/site-packages/airflow/example_dags/example_branch_python_dop_operator_3.py for tasks to queue
[2024-11-09T17:20:51.799+0000] {logging_mixin.py:137} INFO - [2024-11-09T17:20:51.799+0000] {dagbag.py:538} INFO - Filling up the DagBag from /home/airflow/.local/lib/python3.7/site-packages/airflow/example_dags/example_branch_python_dop_operator_3.py
[2024-11-09T17:20:51.814+0000] {processor.py:753} INFO - DAG(s) dict_keys(['example_branch_dop_operator_v3']) retrieved from /home/airflow/.local/lib/python3.7/site-packages/airflow/example_dags/example_branch_python_dop_operator_3.py
[2024-11-09T17:20:51.824+0000] {logging_mixin.py:137} INFO - [2024-11-09T17:20:51.824+0000] {dag.py:2690} INFO - Sync 1 DAGs
[2024-11-09T17:20:51.849+0000] {logging_mixin.py:137} INFO - [2024-11-09T17:20:51.849+0000] {dag.py:3441} INFO - Setting next_dagrun for example_branch_dop_operator_v3 to 2024-11-09T17:19:00+00:00, run_after=2024-11-09T17:20:00+00:00
[2024-11-09T17:20:51.924+0000] {processor.py:175} INFO - Processing /home/airflow/.local/lib/python3.7/site-packages/airflow/example_dags/example_branch_python_dop_operator_3.py took 0.129 seconds
[2024-11-09T17:21:22.650+0000] {processor.py:153} INFO - Started process (PID=153) to work on /home/airflow/.local/lib/python3.7/site-packages/airflow/example_dags/example_branch_python_dop_operator_3.py
[2024-11-09T17:21:22.651+0000] {processor.py:743} INFO - Processing file /home/airflow/.local/lib/python3.7/site-packages/airflow/example_dags/example_branch_python_dop_operator_3.py for tasks to queue
[2024-11-09T17:21:22.653+0000] {logging_mixin.py:137} INFO - [2024-11-09T17:21:22.653+0000] {dagbag.py:538} INFO - Filling up the DagBag from /home/airflow/.local/lib/python3.7/site-packages/airflow/example_dags/example_branch_python_dop_operator_3.py
[2024-11-09T17:21:22.667+0000] {processor.py:753} INFO - DAG(s) dict_keys(['example_branch_dop_operator_v3']) retrieved from /home/airflow/.local/lib/python3.7/site-packages/airflow/example_dags/example_branch_python_dop_operator_3.py
[2024-11-09T17:21:22.685+0000] {logging_mixin.py:137} INFO - [2024-11-09T17:21:22.684+0000] {dag.py:2690} INFO - Sync 1 DAGs
[2024-11-09T17:21:22.699+0000] {logging_mixin.py:137} INFO - [2024-11-09T17:21:22.699+0000] {dag.py:3441} INFO - Setting next_dagrun for example_branch_dop_operator_v3 to 2024-11-09T17:20:00+00:00, run_after=2024-11-09T17:21:00+00:00
[2024-11-09T17:21:22.709+0000] {processor.py:175} INFO - Processing /home/airflow/.local/lib/python3.7/site-packages/airflow/example_dags/example_branch_python_dop_operator_3.py took 0.061 seconds
[2024-11-09T17:21:53.595+0000] {processor.py:153} INFO - Started process (PID=224) to work on /home/airflow/.local/lib/python3.7/site-packages/airflow/example_dags/example_branch_python_dop_operator_3.py
[2024-11-09T17:21:53.596+0000] {processor.py:743} INFO - Processing file /home/airflow/.local/lib/python3.7/site-packages/airflow/example_dags/example_branch_python_dop_operator_3.py for tasks to queue
[2024-11-09T17:21:53.597+0000] {logging_mixin.py:137} INFO - [2024-11-09T17:21:53.597+0000] {dagbag.py:538} INFO - Filling up the DagBag from /home/airflow/.local/lib/python3.7/site-packages/airflow/example_dags/example_branch_python_dop_operator_3.py
[2024-11-09T17:21:53.611+0000] {processor.py:753} INFO - DAG(s) dict_keys(['example_branch_dop_operator_v3']) retrieved from /home/airflow/.local/lib/python3.7/site-packages/airflow/example_dags/example_branch_python_dop_operator_3.py
[2024-11-09T17:21:53.637+0000] {logging_mixin.py:137} INFO - [2024-11-09T17:21:53.637+0000] {dag.py:2690} INFO - Sync 1 DAGs
[2024-11-09T17:21:53.658+0000] {logging_mixin.py:137} INFO - [2024-11-09T17:21:53.658+0000] {dag.py:3441} INFO - Setting next_dagrun for example_branch_dop_operator_v3 to 2024-11-09T17:20:00+00:00, run_after=2024-11-09T17:21:00+00:00
[2024-11-09T17:21:53.680+0000] {processor.py:175} INFO - Processing /home/airflow/.local/lib/python3.7/site-packages/airflow/example_dags/example_branch_python_dop_operator_3.py took 0.086 seconds
[2024-11-09T17:22:24.502+0000] {processor.py:153} INFO - Started process (PID=311) to work on /home/airflow/.local/lib/python3.7/site-packages/airflow/example_dags/example_branch_python_dop_operator_3.py
[2024-11-09T17:22:24.503+0000] {processor.py:743} INFO - Processing file /home/airflow/.local/lib/python3.7/site-packages/airflow/example_dags/example_branch_python_dop_operator_3.py for tasks to queue
[2024-11-09T17:22:24.504+0000] {logging_mixin.py:137} INFO - [2024-11-09T17:22:24.504+0000] {dagbag.py:538} INFO - Filling up the DagBag from /home/airflow/.local/lib/python3.7/site-packages/airflow/example_dags/example_branch_python_dop_operator_3.py
[2024-11-09T17:22:24.515+0000] {processor.py:753} INFO - DAG(s) dict_keys(['example_branch_dop_operator_v3']) retrieved from /home/airflow/.local/lib/python3.7/site-packages/airflow/example_dags/example_branch_python_dop_operator_3.py
[2024-11-09T17:22:24.530+0000] {logging_mixin.py:137} INFO - [2024-11-09T17:22:24.530+0000] {dag.py:2690} INFO - Sync 1 DAGs
[2024-11-09T17:22:24.548+0000] {logging_mixin.py:137} INFO - [2024-11-09T17:22:24.548+0000] {dag.py:3441} INFO - Setting next_dagrun for example_branch_dop_operator_v3 to 2024-11-09T17:21:00+00:00, run_after=2024-11-09T17:22:00+00:00
[2024-11-09T17:22:24.561+0000] {processor.py:175} INFO - Processing /home/airflow/.local/lib/python3.7/site-packages/airflow/example_dags/example_branch_python_dop_operator_3.py took 0.061 seconds
[2024-11-09T17:22:55.476+0000] {processor.py:153} INFO - Started process (PID=398) to work on /home/airflow/.local/lib/python3.7/site-packages/airflow/example_dags/example_branch_python_dop_operator_3.py
[2024-11-09T17:22:55.476+0000] {processor.py:743} INFO - Processing file /home/airflow/.local/lib/python3.7/site-packages/airflow/example_dags/example_branch_python_dop_operator_3.py for tasks to queue
[2024-11-09T17:22:55.477+0000] {logging_mixin.py:137} INFO - [2024-11-09T17:22:55.477+0000] {dagbag.py:538} INFO - Filling up the DagBag from /home/airflow/.local/lib/python3.7/site-packages/airflow/example_dags/example_branch_python_dop_operator_3.py
[2024-11-09T17:22:55.489+0000] {processor.py:753} INFO - DAG(s) dict_keys(['example_branch_dop_operator_v3']) retrieved from /home/airflow/.local/lib/python3.7/site-packages/airflow/example_dags/example_branch_python_dop_operator_3.py
[2024-11-09T17:22:55.504+0000] {logging_mixin.py:137} INFO - [2024-11-09T17:22:55.503+0000] {dag.py:2690} INFO - Sync 1 DAGs
[2024-11-09T17:22:55.521+0000] {logging_mixin.py:137} INFO - [2024-11-09T17:22:55.521+0000] {dag.py:3441} INFO - Setting next_dagrun for example_branch_dop_operator_v3 to 2024-11-09T17:21:00+00:00, run_after=2024-11-09T17:22:00+00:00
[2024-11-09T17:22:55.533+0000] {processor.py:175} INFO - Processing /home/airflow/.local/lib/python3.7/site-packages/airflow/example_dags/example_branch_python_dop_operator_3.py took 0.059 seconds
[2024-11-09T17:23:26.311+0000] {processor.py:153} INFO - Started process (PID=485) to work on /home/airflow/.local/lib/python3.7/site-packages/airflow/example_dags/example_branch_python_dop_operator_3.py
[2024-11-09T17:23:26.313+0000] {processor.py:743} INFO - Processing file /home/airflow/.local/lib/python3.7/site-packages/airflow/example_dags/example_branch_python_dop_operator_3.py for tasks to queue
[2024-11-09T17:23:26.313+0000] {logging_mixin.py:137} INFO - [2024-11-09T17:23:26.313+0000] {dagbag.py:538} INFO - Filling up the DagBag from /home/airflow/.local/lib/python3.7/site-packages/airflow/example_dags/example_branch_python_dop_operator_3.py
[2024-11-09T17:23:26.333+0000] {processor.py:753} INFO - DAG(s) dict_keys(['example_branch_dop_operator_v3']) retrieved from /home/airflow/.local/lib/python3.7/site-packages/airflow/example_dags/example_branch_python_dop_operator_3.py
[2024-11-09T17:23:26.351+0000] {logging_mixin.py:137} INFO - [2024-11-09T17:23:26.351+0000] {dag.py:2690} INFO - Sync 1 DAGs
[2024-11-09T17:23:26.369+0000] {logging_mixin.py:137} INFO - [2024-11-09T17:23:26.369+0000] {dag.py:3441} INFO - Setting next_dagrun for example_branch_dop_operator_v3 to 2024-11-09T17:22:00+00:00, run_after=2024-11-09T17:23:00+00:00
[2024-11-09T17:23:26.379+0000] {processor.py:175} INFO - Processing /home/airflow/.local/lib/python3.7/site-packages/airflow/example_dags/example_branch_python_dop_operator_3.py took 0.070 seconds
[2024-11-09T17:28:53.904+0000] {processor.py:153} INFO - Started process (PID=66) to work on /home/airflow/.local/lib/python3.7/site-packages/airflow/example_dags/example_branch_python_dop_operator_3.py
[2024-11-09T17:28:53.905+0000] {processor.py:743} INFO - Processing file /home/airflow/.local/lib/python3.7/site-packages/airflow/example_dags/example_branch_python_dop_operator_3.py for tasks to queue
[2024-11-09T17:28:53.906+0000] {logging_mixin.py:137} INFO - [2024-11-09T17:28:53.906+0000] {dagbag.py:538} INFO - Filling up the DagBag from /home/airflow/.local/lib/python3.7/site-packages/airflow/example_dags/example_branch_python_dop_operator_3.py
[2024-11-09T17:28:53.922+0000] {processor.py:753} INFO - DAG(s) dict_keys(['example_branch_dop_operator_v3']) retrieved from /home/airflow/.local/lib/python3.7/site-packages/airflow/example_dags/example_branch_python_dop_operator_3.py
[2024-11-09T17:28:53.931+0000] {logging_mixin.py:137} INFO - [2024-11-09T17:28:53.931+0000] {dag.py:2690} INFO - Sync 1 DAGs
[2024-11-09T17:28:53.951+0000] {logging_mixin.py:137} INFO - [2024-11-09T17:28:53.951+0000] {dag.py:3441} INFO - Setting next_dagrun for example_branch_dop_operator_v3 to 2024-11-09T17:27:00+00:00, run_after=2024-11-09T17:28:00+00:00
[2024-11-09T17:28:53.965+0000] {processor.py:175} INFO - Processing /home/airflow/.local/lib/python3.7/site-packages/airflow/example_dags/example_branch_python_dop_operator_3.py took 0.065 seconds
[2024-11-09T17:29:24.661+0000] {processor.py:153} INFO - Started process (PID=153) to work on /home/airflow/.local/lib/python3.7/site-packages/airflow/example_dags/example_branch_python_dop_operator_3.py
[2024-11-09T17:29:24.663+0000] {processor.py:743} INFO - Processing file /home/airflow/.local/lib/python3.7/site-packages/airflow/example_dags/example_branch_python_dop_operator_3.py for tasks to queue
[2024-11-09T17:29:24.666+0000] {logging_mixin.py:137} INFO - [2024-11-09T17:29:24.665+0000] {dagbag.py:538} INFO - Filling up the DagBag from /home/airflow/.local/lib/python3.7/site-packages/airflow/example_dags/example_branch_python_dop_operator_3.py
[2024-11-09T17:29:24.679+0000] {processor.py:753} INFO - DAG(s) dict_keys(['example_branch_dop_operator_v3']) retrieved from /home/airflow/.local/lib/python3.7/site-packages/airflow/example_dags/example_branch_python_dop_operator_3.py
[2024-11-09T17:29:24.698+0000] {logging_mixin.py:137} INFO - [2024-11-09T17:29:24.698+0000] {dag.py:2690} INFO - Sync 1 DAGs
[2024-11-09T17:29:24.717+0000] {logging_mixin.py:137} INFO - [2024-11-09T17:29:24.717+0000] {dag.py:3441} INFO - Setting next_dagrun for example_branch_dop_operator_v3 to 2024-11-09T17:28:00+00:00, run_after=2024-11-09T17:29:00+00:00
[2024-11-09T17:29:24.727+0000] {processor.py:175} INFO - Processing /home/airflow/.local/lib/python3.7/site-packages/airflow/example_dags/example_branch_python_dop_operator_3.py took 0.068 seconds
[2024-11-09T17:29:55.595+0000] {processor.py:153} INFO - Started process (PID=224) to work on /home/airflow/.local/lib/python3.7/site-packages/airflow/example_dags/example_branch_python_dop_operator_3.py
[2024-11-09T17:29:55.596+0000] {processor.py:743} INFO - Processing file /home/airflow/.local/lib/python3.7/site-packages/airflow/example_dags/example_branch_python_dop_operator_3.py for tasks to queue
[2024-11-09T17:29:55.597+0000] {logging_mixin.py:137} INFO - [2024-11-09T17:29:55.597+0000] {dagbag.py:538} INFO - Filling up the DagBag from /home/airflow/.local/lib/python3.7/site-packages/airflow/example_dags/example_branch_python_dop_operator_3.py
[2024-11-09T17:29:55.611+0000] {processor.py:753} INFO - DAG(s) dict_keys(['example_branch_dop_operator_v3']) retrieved from /home/airflow/.local/lib/python3.7/site-packages/airflow/example_dags/example_branch_python_dop_operator_3.py
[2024-11-09T17:29:55.628+0000] {logging_mixin.py:137} INFO - [2024-11-09T17:29:55.628+0000] {dag.py:2690} INFO - Sync 1 DAGs
[2024-11-09T17:29:55.646+0000] {logging_mixin.py:137} INFO - [2024-11-09T17:29:55.646+0000] {dag.py:3441} INFO - Setting next_dagrun for example_branch_dop_operator_v3 to 2024-11-09T17:28:00+00:00, run_after=2024-11-09T17:29:00+00:00
[2024-11-09T17:29:55.655+0000] {processor.py:175} INFO - Processing /home/airflow/.local/lib/python3.7/site-packages/airflow/example_dags/example_branch_python_dop_operator_3.py took 0.062 seconds
[2024-11-09T17:30:14.883+0000] {processor.py:153} INFO - Started process (PID=66) to work on /home/airflow/.local/lib/python3.7/site-packages/airflow/example_dags/example_branch_python_dop_operator_3.py
[2024-11-09T17:30:14.884+0000] {processor.py:743} INFO - Processing file /home/airflow/.local/lib/python3.7/site-packages/airflow/example_dags/example_branch_python_dop_operator_3.py for tasks to queue
[2024-11-09T17:30:14.886+0000] {logging_mixin.py:137} INFO - [2024-11-09T17:30:14.886+0000] {dagbag.py:538} INFO - Filling up the DagBag from /home/airflow/.local/lib/python3.7/site-packages/airflow/example_dags/example_branch_python_dop_operator_3.py
[2024-11-09T17:30:14.904+0000] {processor.py:753} INFO - DAG(s) dict_keys(['example_branch_dop_operator_v3']) retrieved from /home/airflow/.local/lib/python3.7/site-packages/airflow/example_dags/example_branch_python_dop_operator_3.py
[2024-11-09T17:30:14.916+0000] {logging_mixin.py:137} INFO - [2024-11-09T17:30:14.915+0000] {dag.py:2690} INFO - Sync 1 DAGs
[2024-11-09T17:30:14.942+0000] {logging_mixin.py:137} INFO - [2024-11-09T17:30:14.942+0000] {dag.py:3441} INFO - Setting next_dagrun for example_branch_dop_operator_v3 to 2024-11-09T17:29:00+00:00, run_after=2024-11-09T17:30:00+00:00
[2024-11-09T17:30:14.957+0000] {processor.py:175} INFO - Processing /home/airflow/.local/lib/python3.7/site-packages/airflow/example_dags/example_branch_python_dop_operator_3.py took 0.077 seconds
[2024-11-09T17:30:45.624+0000] {processor.py:153} INFO - Started process (PID=153) to work on /home/airflow/.local/lib/python3.7/site-packages/airflow/example_dags/example_branch_python_dop_operator_3.py
[2024-11-09T17:30:45.624+0000] {processor.py:743} INFO - Processing file /home/airflow/.local/lib/python3.7/site-packages/airflow/example_dags/example_branch_python_dop_operator_3.py for tasks to queue
[2024-11-09T17:30:45.625+0000] {logging_mixin.py:137} INFO - [2024-11-09T17:30:45.625+0000] {dagbag.py:538} INFO - Filling up the DagBag from /home/airflow/.local/lib/python3.7/site-packages/airflow/example_dags/example_branch_python_dop_operator_3.py
[2024-11-09T17:30:45.636+0000] {processor.py:753} INFO - DAG(s) dict_keys(['example_branch_dop_operator_v3']) retrieved from /home/airflow/.local/lib/python3.7/site-packages/airflow/example_dags/example_branch_python_dop_operator_3.py
[2024-11-09T17:30:45.650+0000] {logging_mixin.py:137} INFO - [2024-11-09T17:30:45.650+0000] {dag.py:2690} INFO - Sync 1 DAGs
[2024-11-09T17:30:45.667+0000] {logging_mixin.py:137} INFO - [2024-11-09T17:30:45.667+0000] {dag.py:3441} INFO - Setting next_dagrun for example_branch_dop_operator_v3 to 2024-11-09T17:29:00+00:00, run_after=2024-11-09T17:30:00+00:00
[2024-11-09T17:30:45.677+0000] {processor.py:175} INFO - Processing /home/airflow/.local/lib/python3.7/site-packages/airflow/example_dags/example_branch_python_dop_operator_3.py took 0.055 seconds
[2024-11-09T17:31:16.302+0000] {processor.py:153} INFO - Started process (PID=224) to work on /home/airflow/.local/lib/python3.7/site-packages/airflow/example_dags/example_branch_python_dop_operator_3.py
[2024-11-09T17:31:16.302+0000] {processor.py:743} INFO - Processing file /home/airflow/.local/lib/python3.7/site-packages/airflow/example_dags/example_branch_python_dop_operator_3.py for tasks to queue
[2024-11-09T17:31:16.303+0000] {logging_mixin.py:137} INFO - [2024-11-09T17:31:16.303+0000] {dagbag.py:538} INFO - Filling up the DagBag from /home/airflow/.local/lib/python3.7/site-packages/airflow/example_dags/example_branch_python_dop_operator_3.py
[2024-11-09T17:31:16.316+0000] {processor.py:753} INFO - DAG(s) dict_keys(['example_branch_dop_operator_v3']) retrieved from /home/airflow/.local/lib/python3.7/site-packages/airflow/example_dags/example_branch_python_dop_operator_3.py
[2024-11-09T17:31:16.331+0000] {logging_mixin.py:137} INFO - [2024-11-09T17:31:16.331+0000] {dag.py:2690} INFO - Sync 1 DAGs
[2024-11-09T17:31:16.348+0000] {logging_mixin.py:137} INFO - [2024-11-09T17:31:16.348+0000] {dag.py:3441} INFO - Setting next_dagrun for example_branch_dop_operator_v3 to 2024-11-09T17:30:00+00:00, run_after=2024-11-09T17:31:00+00:00
[2024-11-09T17:31:16.358+0000] {processor.py:175} INFO - Processing /home/airflow/.local/lib/python3.7/site-packages/airflow/example_dags/example_branch_python_dop_operator_3.py took 0.059 seconds
[2024-11-09T17:31:46.948+0000] {processor.py:153} INFO - Started process (PID=311) to work on /home/airflow/.local/lib/python3.7/site-packages/airflow/example_dags/example_branch_python_dop_operator_3.py
[2024-11-09T17:31:46.949+0000] {processor.py:743} INFO - Processing file /home/airflow/.local/lib/python3.7/site-packages/airflow/example_dags/example_branch_python_dop_operator_3.py for tasks to queue
[2024-11-09T17:31:46.949+0000] {logging_mixin.py:137} INFO - [2024-11-09T17:31:46.949+0000] {dagbag.py:538} INFO - Filling up the DagBag from /home/airflow/.local/lib/python3.7/site-packages/airflow/example_dags/example_branch_python_dop_operator_3.py
[2024-11-09T17:31:46.961+0000] {processor.py:753} INFO - DAG(s) dict_keys(['example_branch_dop_operator_v3']) retrieved from /home/airflow/.local/lib/python3.7/site-packages/airflow/example_dags/example_branch_python_dop_operator_3.py
[2024-11-09T17:31:46.977+0000] {logging_mixin.py:137} INFO - [2024-11-09T17:31:46.977+0000] {dag.py:2690} INFO - Sync 1 DAGs
[2024-11-09T17:31:46.995+0000] {logging_mixin.py:137} INFO - [2024-11-09T17:31:46.994+0000] {dag.py:3441} INFO - Setting next_dagrun for example_branch_dop_operator_v3 to 2024-11-09T17:30:00+00:00, run_after=2024-11-09T17:31:00+00:00
[2024-11-09T17:31:47.005+0000] {processor.py:175} INFO - Processing /home/airflow/.local/lib/python3.7/site-packages/airflow/example_dags/example_branch_python_dop_operator_3.py took 0.059 seconds
[2024-11-09T17:32:17.528+0000] {processor.py:153} INFO - Started process (PID=398) to work on /home/airflow/.local/lib/python3.7/site-packages/airflow/example_dags/example_branch_python_dop_operator_3.py
[2024-11-09T17:32:17.529+0000] {processor.py:743} INFO - Processing file /home/airflow/.local/lib/python3.7/site-packages/airflow/example_dags/example_branch_python_dop_operator_3.py for tasks to queue
[2024-11-09T17:32:17.530+0000] {logging_mixin.py:137} INFO - [2024-11-09T17:32:17.530+0000] {dagbag.py:538} INFO - Filling up the DagBag from /home/airflow/.local/lib/python3.7/site-packages/airflow/example_dags/example_branch_python_dop_operator_3.py
[2024-11-09T17:32:17.544+0000] {processor.py:753} INFO - DAG(s) dict_keys(['example_branch_dop_operator_v3']) retrieved from /home/airflow/.local/lib/python3.7/site-packages/airflow/example_dags/example_branch_python_dop_operator_3.py
[2024-11-09T17:32:17.557+0000] {logging_mixin.py:137} INFO - [2024-11-09T17:32:17.557+0000] {dag.py:2690} INFO - Sync 1 DAGs
[2024-11-09T17:32:17.573+0000] {logging_mixin.py:137} INFO - [2024-11-09T17:32:17.573+0000] {dag.py:3441} INFO - Setting next_dagrun for example_branch_dop_operator_v3 to 2024-11-09T17:31:00+00:00, run_after=2024-11-09T17:32:00+00:00
[2024-11-09T17:32:17.585+0000] {processor.py:175} INFO - Processing /home/airflow/.local/lib/python3.7/site-packages/airflow/example_dags/example_branch_python_dop_operator_3.py took 0.059 seconds
[2024-11-09T17:32:48.220+0000] {processor.py:153} INFO - Started process (PID=469) to work on /home/airflow/.local/lib/python3.7/site-packages/airflow/example_dags/example_branch_python_dop_operator_3.py
[2024-11-09T17:32:48.221+0000] {processor.py:743} INFO - Processing file /home/airflow/.local/lib/python3.7/site-packages/airflow/example_dags/example_branch_python_dop_operator_3.py for tasks to queue
[2024-11-09T17:32:48.221+0000] {logging_mixin.py:137} INFO - [2024-11-09T17:32:48.221+0000] {dagbag.py:538} INFO - Filling up the DagBag from /home/airflow/.local/lib/python3.7/site-packages/airflow/example_dags/example_branch_python_dop_operator_3.py
[2024-11-09T17:32:48.233+0000] {processor.py:753} INFO - DAG(s) dict_keys(['example_branch_dop_operator_v3']) retrieved from /home/airflow/.local/lib/python3.7/site-packages/airflow/example_dags/example_branch_python_dop_operator_3.py
[2024-11-09T17:32:48.247+0000] {logging_mixin.py:137} INFO - [2024-11-09T17:32:48.247+0000] {dag.py:2690} INFO - Sync 1 DAGs
[2024-11-09T17:32:48.263+0000] {logging_mixin.py:137} INFO - [2024-11-09T17:32:48.263+0000] {dag.py:3441} INFO - Setting next_dagrun for example_branch_dop_operator_v3 to 2024-11-09T17:31:00+00:00, run_after=2024-11-09T17:32:00+00:00
[2024-11-09T17:32:48.273+0000] {processor.py:175} INFO - Processing /home/airflow/.local/lib/python3.7/site-packages/airflow/example_dags/example_branch_python_dop_operator_3.py took 0.055 seconds
