[2024-11-09T17:10:05.643+0000] {processor.py:153} INFO - Started process (PID=43) to work on /home/airflow/.local/lib/python3.7/site-packages/airflow/example_dags/example_short_circuit_operator.py
[2024-11-09T17:10:05.645+0000] {processor.py:743} INFO - Processing file /home/airflow/.local/lib/python3.7/site-packages/airflow/example_dags/example_short_circuit_operator.py for tasks to queue
[2024-11-09T17:10:05.646+0000] {logging_mixin.py:137} INFO - [2024-11-09T17:10:05.646+0000] {dagbag.py:538} INFO - Filling up the DagBag from /home/airflow/.local/lib/python3.7/site-packages/airflow/example_dags/example_short_circuit_operator.py
[2024-11-09T17:10:05.656+0000] {processor.py:753} INFO - DAG(s) dict_keys(['example_short_circuit_operator']) retrieved from /home/airflow/.local/lib/python3.7/site-packages/airflow/example_dags/example_short_circuit_operator.py
[2024-11-09T17:10:05.667+0000] {logging_mixin.py:137} INFO - [2024-11-09T17:10:05.667+0000] {dag.py:2690} INFO - Sync 1 DAGs
[2024-11-09T17:10:05.685+0000] {logging_mixin.py:137} INFO - [2024-11-09T17:10:05.684+0000] {dag.py:3441} INFO - Setting next_dagrun for example_short_circuit_operator to 2024-11-08T17:10:05.684563+00:00, run_after=2024-11-09T17:10:05.684563+00:00
[2024-11-09T17:10:05.713+0000] {processor.py:175} INFO - Processing /home/airflow/.local/lib/python3.7/site-packages/airflow/example_dags/example_short_circuit_operator.py took 0.072 seconds
[2024-11-09T17:10:36.558+0000] {processor.py:153} INFO - Started process (PID=139) to work on /home/airflow/.local/lib/python3.7/site-packages/airflow/example_dags/example_short_circuit_operator.py
[2024-11-09T17:10:36.559+0000] {processor.py:743} INFO - Processing file /home/airflow/.local/lib/python3.7/site-packages/airflow/example_dags/example_short_circuit_operator.py for tasks to queue
[2024-11-09T17:10:36.559+0000] {logging_mixin.py:137} INFO - [2024-11-09T17:10:36.559+0000] {dagbag.py:538} INFO - Filling up the DagBag from /home/airflow/.local/lib/python3.7/site-packages/airflow/example_dags/example_short_circuit_operator.py
[2024-11-09T17:10:36.567+0000] {processor.py:753} INFO - DAG(s) dict_keys(['example_short_circuit_operator']) retrieved from /home/airflow/.local/lib/python3.7/site-packages/airflow/example_dags/example_short_circuit_operator.py
[2024-11-09T17:10:36.587+0000] {logging_mixin.py:137} INFO - [2024-11-09T17:10:36.587+0000] {dag.py:2690} INFO - Sync 1 DAGs
[2024-11-09T17:10:36.602+0000] {logging_mixin.py:137} INFO - [2024-11-09T17:10:36.602+0000] {dag.py:3441} INFO - Setting next_dagrun for example_short_circuit_operator to 2024-11-08T17:10:36.602392+00:00, run_after=2024-11-09T17:10:36.602392+00:00
[2024-11-09T17:10:36.612+0000] {processor.py:175} INFO - Processing /home/airflow/.local/lib/python3.7/site-packages/airflow/example_dags/example_short_circuit_operator.py took 0.056 seconds
[2024-11-09T17:11:07.155+0000] {processor.py:153} INFO - Started process (PID=210) to work on /home/airflow/.local/lib/python3.7/site-packages/airflow/example_dags/example_short_circuit_operator.py
[2024-11-09T17:11:07.156+0000] {processor.py:743} INFO - Processing file /home/airflow/.local/lib/python3.7/site-packages/airflow/example_dags/example_short_circuit_operator.py for tasks to queue
[2024-11-09T17:11:07.156+0000] {logging_mixin.py:137} INFO - [2024-11-09T17:11:07.156+0000] {dagbag.py:538} INFO - Filling up the DagBag from /home/airflow/.local/lib/python3.7/site-packages/airflow/example_dags/example_short_circuit_operator.py
[2024-11-09T17:11:07.165+0000] {processor.py:753} INFO - DAG(s) dict_keys(['example_short_circuit_operator']) retrieved from /home/airflow/.local/lib/python3.7/site-packages/airflow/example_dags/example_short_circuit_operator.py
[2024-11-09T17:11:07.182+0000] {logging_mixin.py:137} INFO - [2024-11-09T17:11:07.182+0000] {dag.py:2690} INFO - Sync 1 DAGs
[2024-11-09T17:11:07.195+0000] {logging_mixin.py:137} INFO - [2024-11-09T17:11:07.195+0000] {dag.py:3441} INFO - Setting next_dagrun for example_short_circuit_operator to 2024-11-08T17:11:07.194993+00:00, run_after=2024-11-09T17:11:07.194993+00:00
[2024-11-09T17:11:07.209+0000] {processor.py:175} INFO - Processing /home/airflow/.local/lib/python3.7/site-packages/airflow/example_dags/example_short_circuit_operator.py took 0.056 seconds
[2024-11-09T17:11:38.053+0000] {processor.py:153} INFO - Started process (PID=297) to work on /home/airflow/.local/lib/python3.7/site-packages/airflow/example_dags/example_short_circuit_operator.py
[2024-11-09T17:11:38.054+0000] {processor.py:743} INFO - Processing file /home/airflow/.local/lib/python3.7/site-packages/airflow/example_dags/example_short_circuit_operator.py for tasks to queue
[2024-11-09T17:11:38.054+0000] {logging_mixin.py:137} INFO - [2024-11-09T17:11:38.054+0000] {dagbag.py:538} INFO - Filling up the DagBag from /home/airflow/.local/lib/python3.7/site-packages/airflow/example_dags/example_short_circuit_operator.py
[2024-11-09T17:11:38.064+0000] {processor.py:753} INFO - DAG(s) dict_keys(['example_short_circuit_operator']) retrieved from /home/airflow/.local/lib/python3.7/site-packages/airflow/example_dags/example_short_circuit_operator.py
[2024-11-09T17:11:38.081+0000] {logging_mixin.py:137} INFO - [2024-11-09T17:11:38.081+0000] {dag.py:2690} INFO - Sync 1 DAGs
[2024-11-09T17:11:38.098+0000] {logging_mixin.py:137} INFO - [2024-11-09T17:11:38.098+0000] {dag.py:3441} INFO - Setting next_dagrun for example_short_circuit_operator to 2024-11-08T17:11:38.098020+00:00, run_after=2024-11-09T17:11:38.098020+00:00
[2024-11-09T17:11:38.115+0000] {processor.py:175} INFO - Processing /home/airflow/.local/lib/python3.7/site-packages/airflow/example_dags/example_short_circuit_operator.py took 0.064 seconds
[2024-11-09T17:12:08.754+0000] {processor.py:153} INFO - Started process (PID=384) to work on /home/airflow/.local/lib/python3.7/site-packages/airflow/example_dags/example_short_circuit_operator.py
[2024-11-09T17:12:08.757+0000] {processor.py:743} INFO - Processing file /home/airflow/.local/lib/python3.7/site-packages/airflow/example_dags/example_short_circuit_operator.py for tasks to queue
[2024-11-09T17:12:08.757+0000] {logging_mixin.py:137} INFO - [2024-11-09T17:12:08.757+0000] {dagbag.py:538} INFO - Filling up the DagBag from /home/airflow/.local/lib/python3.7/site-packages/airflow/example_dags/example_short_circuit_operator.py
[2024-11-09T17:12:08.766+0000] {processor.py:753} INFO - DAG(s) dict_keys(['example_short_circuit_operator']) retrieved from /home/airflow/.local/lib/python3.7/site-packages/airflow/example_dags/example_short_circuit_operator.py
[2024-11-09T17:12:08.782+0000] {logging_mixin.py:137} INFO - [2024-11-09T17:12:08.782+0000] {dag.py:2690} INFO - Sync 1 DAGs
[2024-11-09T17:12:08.797+0000] {logging_mixin.py:137} INFO - [2024-11-09T17:12:08.797+0000] {dag.py:3441} INFO - Setting next_dagrun for example_short_circuit_operator to 2024-11-08T17:12:08.797440+00:00, run_after=2024-11-09T17:12:08.797440+00:00
[2024-11-09T17:12:08.812+0000] {processor.py:175} INFO - Processing /home/airflow/.local/lib/python3.7/site-packages/airflow/example_dags/example_short_circuit_operator.py took 0.060 seconds
[2024-11-09T17:12:39.335+0000] {processor.py:153} INFO - Started process (PID=471) to work on /home/airflow/.local/lib/python3.7/site-packages/airflow/example_dags/example_short_circuit_operator.py
[2024-11-09T17:12:39.336+0000] {processor.py:743} INFO - Processing file /home/airflow/.local/lib/python3.7/site-packages/airflow/example_dags/example_short_circuit_operator.py for tasks to queue
[2024-11-09T17:12:39.337+0000] {logging_mixin.py:137} INFO - [2024-11-09T17:12:39.337+0000] {dagbag.py:538} INFO - Filling up the DagBag from /home/airflow/.local/lib/python3.7/site-packages/airflow/example_dags/example_short_circuit_operator.py
[2024-11-09T17:12:39.346+0000] {processor.py:753} INFO - DAG(s) dict_keys(['example_short_circuit_operator']) retrieved from /home/airflow/.local/lib/python3.7/site-packages/airflow/example_dags/example_short_circuit_operator.py
[2024-11-09T17:12:39.361+0000] {logging_mixin.py:137} INFO - [2024-11-09T17:12:39.361+0000] {dag.py:2690} INFO - Sync 1 DAGs
[2024-11-09T17:12:39.375+0000] {logging_mixin.py:137} INFO - [2024-11-09T17:12:39.375+0000] {dag.py:3441} INFO - Setting next_dagrun for example_short_circuit_operator to 2024-11-08T17:12:39.375412+00:00, run_after=2024-11-09T17:12:39.375412+00:00
[2024-11-09T17:12:39.386+0000] {processor.py:175} INFO - Processing /home/airflow/.local/lib/python3.7/site-packages/airflow/example_dags/example_short_circuit_operator.py took 0.053 seconds
[2024-11-09T17:13:10.007+0000] {processor.py:153} INFO - Started process (PID=542) to work on /home/airflow/.local/lib/python3.7/site-packages/airflow/example_dags/example_short_circuit_operator.py
[2024-11-09T17:13:10.008+0000] {processor.py:743} INFO - Processing file /home/airflow/.local/lib/python3.7/site-packages/airflow/example_dags/example_short_circuit_operator.py for tasks to queue
[2024-11-09T17:13:10.009+0000] {logging_mixin.py:137} INFO - [2024-11-09T17:13:10.009+0000] {dagbag.py:538} INFO - Filling up the DagBag from /home/airflow/.local/lib/python3.7/site-packages/airflow/example_dags/example_short_circuit_operator.py
[2024-11-09T17:13:10.018+0000] {processor.py:753} INFO - DAG(s) dict_keys(['example_short_circuit_operator']) retrieved from /home/airflow/.local/lib/python3.7/site-packages/airflow/example_dags/example_short_circuit_operator.py
[2024-11-09T17:13:10.032+0000] {logging_mixin.py:137} INFO - [2024-11-09T17:13:10.032+0000] {dag.py:2690} INFO - Sync 1 DAGs
[2024-11-09T17:13:10.045+0000] {logging_mixin.py:137} INFO - [2024-11-09T17:13:10.044+0000] {dag.py:3441} INFO - Setting next_dagrun for example_short_circuit_operator to 2024-11-08T17:13:10.044811+00:00, run_after=2024-11-09T17:13:10.044811+00:00
[2024-11-09T17:13:10.054+0000] {processor.py:175} INFO - Processing /home/airflow/.local/lib/python3.7/site-packages/airflow/example_dags/example_short_circuit_operator.py took 0.049 seconds
[2024-11-09T17:13:41.433+0000] {processor.py:153} INFO - Started process (PID=629) to work on /home/airflow/.local/lib/python3.7/site-packages/airflow/example_dags/example_short_circuit_operator.py
[2024-11-09T17:13:41.459+0000] {processor.py:743} INFO - Processing file /home/airflow/.local/lib/python3.7/site-packages/airflow/example_dags/example_short_circuit_operator.py for tasks to queue
[2024-11-09T17:13:41.465+0000] {logging_mixin.py:137} INFO - [2024-11-09T17:13:41.464+0000] {dagbag.py:538} INFO - Filling up the DagBag from /home/airflow/.local/lib/python3.7/site-packages/airflow/example_dags/example_short_circuit_operator.py
[2024-11-09T17:13:41.542+0000] {processor.py:753} INFO - DAG(s) dict_keys(['example_short_circuit_operator']) retrieved from /home/airflow/.local/lib/python3.7/site-packages/airflow/example_dags/example_short_circuit_operator.py
[2024-11-09T17:13:41.673+0000] {logging_mixin.py:137} INFO - [2024-11-09T17:13:41.673+0000] {dag.py:2690} INFO - Sync 1 DAGs
[2024-11-09T17:13:41.711+0000] {logging_mixin.py:137} INFO - [2024-11-09T17:13:41.711+0000] {dag.py:3441} INFO - Setting next_dagrun for example_short_circuit_operator to 2024-11-08T17:13:41.710931+00:00, run_after=2024-11-09T17:13:41.710931+00:00
[2024-11-09T17:13:41.735+0000] {processor.py:175} INFO - Processing /home/airflow/.local/lib/python3.7/site-packages/airflow/example_dags/example_short_circuit_operator.py took 0.317 seconds
[2024-11-09T17:14:12.040+0000] {processor.py:153} INFO - Started process (PID=716) to work on /home/airflow/.local/lib/python3.7/site-packages/airflow/example_dags/example_short_circuit_operator.py
[2024-11-09T17:14:12.041+0000] {processor.py:743} INFO - Processing file /home/airflow/.local/lib/python3.7/site-packages/airflow/example_dags/example_short_circuit_operator.py for tasks to queue
[2024-11-09T17:14:12.042+0000] {logging_mixin.py:137} INFO - [2024-11-09T17:14:12.042+0000] {dagbag.py:538} INFO - Filling up the DagBag from /home/airflow/.local/lib/python3.7/site-packages/airflow/example_dags/example_short_circuit_operator.py
[2024-11-09T17:14:12.051+0000] {processor.py:753} INFO - DAG(s) dict_keys(['example_short_circuit_operator']) retrieved from /home/airflow/.local/lib/python3.7/site-packages/airflow/example_dags/example_short_circuit_operator.py
[2024-11-09T17:14:12.070+0000] {logging_mixin.py:137} INFO - [2024-11-09T17:14:12.070+0000] {dag.py:2690} INFO - Sync 1 DAGs
[2024-11-09T17:14:12.085+0000] {logging_mixin.py:137} INFO - [2024-11-09T17:14:12.085+0000] {dag.py:3441} INFO - Setting next_dagrun for example_short_circuit_operator to 2024-11-08T17:14:12.085652+00:00, run_after=2024-11-09T17:14:12.085652+00:00
[2024-11-09T17:14:12.100+0000] {processor.py:175} INFO - Processing /home/airflow/.local/lib/python3.7/site-packages/airflow/example_dags/example_short_circuit_operator.py took 0.061 seconds
[2024-11-09T17:14:42.862+0000] {processor.py:153} INFO - Started process (PID=787) to work on /home/airflow/.local/lib/python3.7/site-packages/airflow/example_dags/example_short_circuit_operator.py
[2024-11-09T17:14:42.862+0000] {processor.py:743} INFO - Processing file /home/airflow/.local/lib/python3.7/site-packages/airflow/example_dags/example_short_circuit_operator.py for tasks to queue
[2024-11-09T17:14:42.863+0000] {logging_mixin.py:137} INFO - [2024-11-09T17:14:42.863+0000] {dagbag.py:538} INFO - Filling up the DagBag from /home/airflow/.local/lib/python3.7/site-packages/airflow/example_dags/example_short_circuit_operator.py
[2024-11-09T17:14:42.874+0000] {processor.py:753} INFO - DAG(s) dict_keys(['example_short_circuit_operator']) retrieved from /home/airflow/.local/lib/python3.7/site-packages/airflow/example_dags/example_short_circuit_operator.py
[2024-11-09T17:14:42.895+0000] {logging_mixin.py:137} INFO - [2024-11-09T17:14:42.895+0000] {dag.py:2690} INFO - Sync 1 DAGs
[2024-11-09T17:14:42.914+0000] {logging_mixin.py:137} INFO - [2024-11-09T17:14:42.914+0000] {dag.py:3441} INFO - Setting next_dagrun for example_short_circuit_operator to 2024-11-08T17:14:42.913932+00:00, run_after=2024-11-09T17:14:42.913932+00:00
[2024-11-09T17:14:42.924+0000] {processor.py:175} INFO - Processing /home/airflow/.local/lib/python3.7/site-packages/airflow/example_dags/example_short_circuit_operator.py took 0.065 seconds
[2024-11-09T17:15:13.671+0000] {processor.py:153} INFO - Started process (PID=874) to work on /home/airflow/.local/lib/python3.7/site-packages/airflow/example_dags/example_short_circuit_operator.py
[2024-11-09T17:15:13.675+0000] {processor.py:743} INFO - Processing file /home/airflow/.local/lib/python3.7/site-packages/airflow/example_dags/example_short_circuit_operator.py for tasks to queue
[2024-11-09T17:15:13.675+0000] {logging_mixin.py:137} INFO - [2024-11-09T17:15:13.675+0000] {dagbag.py:538} INFO - Filling up the DagBag from /home/airflow/.local/lib/python3.7/site-packages/airflow/example_dags/example_short_circuit_operator.py
[2024-11-09T17:15:13.683+0000] {processor.py:753} INFO - DAG(s) dict_keys(['example_short_circuit_operator']) retrieved from /home/airflow/.local/lib/python3.7/site-packages/airflow/example_dags/example_short_circuit_operator.py
[2024-11-09T17:15:13.696+0000] {logging_mixin.py:137} INFO - [2024-11-09T17:15:13.696+0000] {dag.py:2690} INFO - Sync 1 DAGs
[2024-11-09T17:15:13.713+0000] {logging_mixin.py:137} INFO - [2024-11-09T17:15:13.713+0000] {dag.py:3441} INFO - Setting next_dagrun for example_short_circuit_operator to 2024-11-08T17:15:13.713434+00:00, run_after=2024-11-09T17:15:13.713434+00:00
[2024-11-09T17:15:13.722+0000] {processor.py:175} INFO - Processing /home/airflow/.local/lib/python3.7/site-packages/airflow/example_dags/example_short_circuit_operator.py took 0.053 seconds
[2024-11-09T17:15:44.623+0000] {processor.py:153} INFO - Started process (PID=961) to work on /home/airflow/.local/lib/python3.7/site-packages/airflow/example_dags/example_short_circuit_operator.py
[2024-11-09T17:15:44.626+0000] {processor.py:743} INFO - Processing file /home/airflow/.local/lib/python3.7/site-packages/airflow/example_dags/example_short_circuit_operator.py for tasks to queue
[2024-11-09T17:15:44.627+0000] {logging_mixin.py:137} INFO - [2024-11-09T17:15:44.627+0000] {dagbag.py:538} INFO - Filling up the DagBag from /home/airflow/.local/lib/python3.7/site-packages/airflow/example_dags/example_short_circuit_operator.py
[2024-11-09T17:15:44.636+0000] {processor.py:753} INFO - DAG(s) dict_keys(['example_short_circuit_operator']) retrieved from /home/airflow/.local/lib/python3.7/site-packages/airflow/example_dags/example_short_circuit_operator.py
[2024-11-09T17:15:44.658+0000] {logging_mixin.py:137} INFO - [2024-11-09T17:15:44.657+0000] {dag.py:2690} INFO - Sync 1 DAGs
[2024-11-09T17:15:44.673+0000] {logging_mixin.py:137} INFO - [2024-11-09T17:15:44.672+0000] {dag.py:3441} INFO - Setting next_dagrun for example_short_circuit_operator to 2024-11-08T17:15:44.672845+00:00, run_after=2024-11-09T17:15:44.672845+00:00
[2024-11-09T17:15:44.688+0000] {processor.py:175} INFO - Processing /home/airflow/.local/lib/python3.7/site-packages/airflow/example_dags/example_short_circuit_operator.py took 0.067 seconds
[2024-11-09T17:16:15.361+0000] {processor.py:153} INFO - Started process (PID=1032) to work on /home/airflow/.local/lib/python3.7/site-packages/airflow/example_dags/example_short_circuit_operator.py
[2024-11-09T17:16:15.361+0000] {processor.py:743} INFO - Processing file /home/airflow/.local/lib/python3.7/site-packages/airflow/example_dags/example_short_circuit_operator.py for tasks to queue
[2024-11-09T17:16:15.363+0000] {logging_mixin.py:137} INFO - [2024-11-09T17:16:15.362+0000] {dagbag.py:538} INFO - Filling up the DagBag from /home/airflow/.local/lib/python3.7/site-packages/airflow/example_dags/example_short_circuit_operator.py
[2024-11-09T17:16:15.371+0000] {processor.py:753} INFO - DAG(s) dict_keys(['example_short_circuit_operator']) retrieved from /home/airflow/.local/lib/python3.7/site-packages/airflow/example_dags/example_short_circuit_operator.py
[2024-11-09T17:16:15.388+0000] {logging_mixin.py:137} INFO - [2024-11-09T17:16:15.388+0000] {dag.py:2690} INFO - Sync 1 DAGs
[2024-11-09T17:16:15.401+0000] {logging_mixin.py:137} INFO - [2024-11-09T17:16:15.401+0000] {dag.py:3441} INFO - Setting next_dagrun for example_short_circuit_operator to 2024-11-08T17:16:15.400988+00:00, run_after=2024-11-09T17:16:15.400988+00:00
[2024-11-09T17:16:15.414+0000] {processor.py:175} INFO - Processing /home/airflow/.local/lib/python3.7/site-packages/airflow/example_dags/example_short_circuit_operator.py took 0.055 seconds
[2024-11-09T17:16:46.476+0000] {processor.py:153} INFO - Started process (PID=1118) to work on /home/airflow/.local/lib/python3.7/site-packages/airflow/example_dags/example_short_circuit_operator.py
[2024-11-09T17:16:46.477+0000] {processor.py:743} INFO - Processing file /home/airflow/.local/lib/python3.7/site-packages/airflow/example_dags/example_short_circuit_operator.py for tasks to queue
[2024-11-09T17:16:46.477+0000] {logging_mixin.py:137} INFO - [2024-11-09T17:16:46.477+0000] {dagbag.py:538} INFO - Filling up the DagBag from /home/airflow/.local/lib/python3.7/site-packages/airflow/example_dags/example_short_circuit_operator.py
[2024-11-09T17:16:46.485+0000] {processor.py:753} INFO - DAG(s) dict_keys(['example_short_circuit_operator']) retrieved from /home/airflow/.local/lib/python3.7/site-packages/airflow/example_dags/example_short_circuit_operator.py
[2024-11-09T17:16:46.500+0000] {logging_mixin.py:137} INFO - [2024-11-09T17:16:46.500+0000] {dag.py:2690} INFO - Sync 1 DAGs
[2024-11-09T17:16:46.512+0000] {logging_mixin.py:137} INFO - [2024-11-09T17:16:46.512+0000] {dag.py:3441} INFO - Setting next_dagrun for example_short_circuit_operator to 2024-11-08T17:16:46.511998+00:00, run_after=2024-11-09T17:16:46.511998+00:00
[2024-11-09T17:16:46.524+0000] {processor.py:175} INFO - Processing /home/airflow/.local/lib/python3.7/site-packages/airflow/example_dags/example_short_circuit_operator.py took 0.051 seconds
[2024-11-09T17:17:17.336+0000] {processor.py:153} INFO - Started process (PID=1205) to work on /home/airflow/.local/lib/python3.7/site-packages/airflow/example_dags/example_short_circuit_operator.py
[2024-11-09T17:17:17.337+0000] {processor.py:743} INFO - Processing file /home/airflow/.local/lib/python3.7/site-packages/airflow/example_dags/example_short_circuit_operator.py for tasks to queue
[2024-11-09T17:17:17.337+0000] {logging_mixin.py:137} INFO - [2024-11-09T17:17:17.337+0000] {dagbag.py:538} INFO - Filling up the DagBag from /home/airflow/.local/lib/python3.7/site-packages/airflow/example_dags/example_short_circuit_operator.py
[2024-11-09T17:17:17.346+0000] {processor.py:753} INFO - DAG(s) dict_keys(['example_short_circuit_operator']) retrieved from /home/airflow/.local/lib/python3.7/site-packages/airflow/example_dags/example_short_circuit_operator.py
[2024-11-09T17:17:17.363+0000] {logging_mixin.py:137} INFO - [2024-11-09T17:17:17.363+0000] {dag.py:2690} INFO - Sync 1 DAGs
[2024-11-09T17:17:17.375+0000] {logging_mixin.py:137} INFO - [2024-11-09T17:17:17.375+0000] {dag.py:3441} INFO - Setting next_dagrun for example_short_circuit_operator to 2024-11-08T17:17:17.375613+00:00, run_after=2024-11-09T17:17:17.375613+00:00
[2024-11-09T17:17:17.391+0000] {processor.py:175} INFO - Processing /home/airflow/.local/lib/python3.7/site-packages/airflow/example_dags/example_short_circuit_operator.py took 0.057 seconds
[2024-11-09T17:17:48.144+0000] {processor.py:153} INFO - Started process (PID=1292) to work on /home/airflow/.local/lib/python3.7/site-packages/airflow/example_dags/example_short_circuit_operator.py
[2024-11-09T17:17:48.145+0000] {processor.py:743} INFO - Processing file /home/airflow/.local/lib/python3.7/site-packages/airflow/example_dags/example_short_circuit_operator.py for tasks to queue
[2024-11-09T17:17:48.145+0000] {logging_mixin.py:137} INFO - [2024-11-09T17:17:48.145+0000] {dagbag.py:538} INFO - Filling up the DagBag from /home/airflow/.local/lib/python3.7/site-packages/airflow/example_dags/example_short_circuit_operator.py
[2024-11-09T17:17:48.155+0000] {processor.py:753} INFO - DAG(s) dict_keys(['example_short_circuit_operator']) retrieved from /home/airflow/.local/lib/python3.7/site-packages/airflow/example_dags/example_short_circuit_operator.py
[2024-11-09T17:17:48.173+0000] {logging_mixin.py:137} INFO - [2024-11-09T17:17:48.172+0000] {dag.py:2690} INFO - Sync 1 DAGs
[2024-11-09T17:17:48.189+0000] {logging_mixin.py:137} INFO - [2024-11-09T17:17:48.189+0000] {dag.py:3441} INFO - Setting next_dagrun for example_short_circuit_operator to 2024-11-08T17:17:48.189142+00:00, run_after=2024-11-09T17:17:48.189142+00:00
[2024-11-09T17:17:48.203+0000] {processor.py:175} INFO - Processing /home/airflow/.local/lib/python3.7/site-packages/airflow/example_dags/example_short_circuit_operator.py took 0.061 seconds
[2024-11-09T17:18:18.970+0000] {processor.py:153} INFO - Started process (PID=1363) to work on /home/airflow/.local/lib/python3.7/site-packages/airflow/example_dags/example_short_circuit_operator.py
[2024-11-09T17:18:18.970+0000] {processor.py:743} INFO - Processing file /home/airflow/.local/lib/python3.7/site-packages/airflow/example_dags/example_short_circuit_operator.py for tasks to queue
[2024-11-09T17:18:18.971+0000] {logging_mixin.py:137} INFO - [2024-11-09T17:18:18.971+0000] {dagbag.py:538} INFO - Filling up the DagBag from /home/airflow/.local/lib/python3.7/site-packages/airflow/example_dags/example_short_circuit_operator.py
[2024-11-09T17:18:18.980+0000] {processor.py:753} INFO - DAG(s) dict_keys(['example_short_circuit_operator']) retrieved from /home/airflow/.local/lib/python3.7/site-packages/airflow/example_dags/example_short_circuit_operator.py
[2024-11-09T17:18:18.996+0000] {logging_mixin.py:137} INFO - [2024-11-09T17:18:18.996+0000] {dag.py:2690} INFO - Sync 1 DAGs
[2024-11-09T17:18:19.010+0000] {logging_mixin.py:137} INFO - [2024-11-09T17:18:19.010+0000] {dag.py:3441} INFO - Setting next_dagrun for example_short_circuit_operator to 2024-11-08T17:18:19.009934+00:00, run_after=2024-11-09T17:18:19.009934+00:00
[2024-11-09T17:18:19.022+0000] {processor.py:175} INFO - Processing /home/airflow/.local/lib/python3.7/site-packages/airflow/example_dags/example_short_circuit_operator.py took 0.054 seconds
[2024-11-09T17:18:49.931+0000] {processor.py:153} INFO - Started process (PID=1450) to work on /home/airflow/.local/lib/python3.7/site-packages/airflow/example_dags/example_short_circuit_operator.py
[2024-11-09T17:18:49.932+0000] {processor.py:743} INFO - Processing file /home/airflow/.local/lib/python3.7/site-packages/airflow/example_dags/example_short_circuit_operator.py for tasks to queue
[2024-11-09T17:18:49.932+0000] {logging_mixin.py:137} INFO - [2024-11-09T17:18:49.932+0000] {dagbag.py:538} INFO - Filling up the DagBag from /home/airflow/.local/lib/python3.7/site-packages/airflow/example_dags/example_short_circuit_operator.py
[2024-11-09T17:18:49.943+0000] {processor.py:753} INFO - DAG(s) dict_keys(['example_short_circuit_operator']) retrieved from /home/airflow/.local/lib/python3.7/site-packages/airflow/example_dags/example_short_circuit_operator.py
[2024-11-09T17:18:49.961+0000] {logging_mixin.py:137} INFO - [2024-11-09T17:18:49.961+0000] {dag.py:2690} INFO - Sync 1 DAGs
[2024-11-09T17:18:49.976+0000] {logging_mixin.py:137} INFO - [2024-11-09T17:18:49.975+0000] {dag.py:3441} INFO - Setting next_dagrun for example_short_circuit_operator to 2024-11-08T17:18:49.975810+00:00, run_after=2024-11-09T17:18:49.975810+00:00
[2024-11-09T17:18:49.988+0000] {processor.py:175} INFO - Processing /home/airflow/.local/lib/python3.7/site-packages/airflow/example_dags/example_short_circuit_operator.py took 0.060 seconds
[2024-11-09T17:19:20.696+0000] {processor.py:153} INFO - Started process (PID=1537) to work on /home/airflow/.local/lib/python3.7/site-packages/airflow/example_dags/example_short_circuit_operator.py
[2024-11-09T17:19:20.697+0000] {processor.py:743} INFO - Processing file /home/airflow/.local/lib/python3.7/site-packages/airflow/example_dags/example_short_circuit_operator.py for tasks to queue
[2024-11-09T17:19:20.698+0000] {logging_mixin.py:137} INFO - [2024-11-09T17:19:20.698+0000] {dagbag.py:538} INFO - Filling up the DagBag from /home/airflow/.local/lib/python3.7/site-packages/airflow/example_dags/example_short_circuit_operator.py
[2024-11-09T17:19:20.714+0000] {processor.py:753} INFO - DAG(s) dict_keys(['example_short_circuit_operator']) retrieved from /home/airflow/.local/lib/python3.7/site-packages/airflow/example_dags/example_short_circuit_operator.py
[2024-11-09T17:19:20.733+0000] {logging_mixin.py:137} INFO - [2024-11-09T17:19:20.733+0000] {dag.py:2690} INFO - Sync 1 DAGs
[2024-11-09T17:19:20.751+0000] {logging_mixin.py:137} INFO - [2024-11-09T17:19:20.751+0000] {dag.py:3441} INFO - Setting next_dagrun for example_short_circuit_operator to 2024-11-08T17:19:20.750127+00:00, run_after=2024-11-09T17:19:20.750127+00:00
[2024-11-09T17:19:20.761+0000] {processor.py:175} INFO - Processing /home/airflow/.local/lib/python3.7/site-packages/airflow/example_dags/example_short_circuit_operator.py took 0.068 seconds
[2024-11-09T17:19:51.681+0000] {processor.py:153} INFO - Started process (PID=1617) to work on /home/airflow/.local/lib/python3.7/site-packages/airflow/example_dags/example_short_circuit_operator.py
[2024-11-09T17:19:51.683+0000] {processor.py:743} INFO - Processing file /home/airflow/.local/lib/python3.7/site-packages/airflow/example_dags/example_short_circuit_operator.py for tasks to queue
[2024-11-09T17:19:51.684+0000] {logging_mixin.py:137} INFO - [2024-11-09T17:19:51.683+0000] {dagbag.py:538} INFO - Filling up the DagBag from /home/airflow/.local/lib/python3.7/site-packages/airflow/example_dags/example_short_circuit_operator.py
[2024-11-09T17:19:51.693+0000] {processor.py:753} INFO - DAG(s) dict_keys(['example_short_circuit_operator']) retrieved from /home/airflow/.local/lib/python3.7/site-packages/airflow/example_dags/example_short_circuit_operator.py
[2024-11-09T17:19:51.716+0000] {logging_mixin.py:137} INFO - [2024-11-09T17:19:51.716+0000] {dag.py:2690} INFO - Sync 1 DAGs
[2024-11-09T17:19:51.737+0000] {logging_mixin.py:137} INFO - [2024-11-09T17:19:51.737+0000] {dag.py:3441} INFO - Setting next_dagrun for example_short_circuit_operator to 2024-11-08T17:19:51.737094+00:00, run_after=2024-11-09T17:19:51.737094+00:00
[2024-11-09T17:19:51.747+0000] {processor.py:175} INFO - Processing /home/airflow/.local/lib/python3.7/site-packages/airflow/example_dags/example_short_circuit_operator.py took 0.068 seconds
[2024-11-09T17:20:22.663+0000] {processor.py:153} INFO - Started process (PID=1704) to work on /home/airflow/.local/lib/python3.7/site-packages/airflow/example_dags/example_short_circuit_operator.py
[2024-11-09T17:20:22.666+0000] {processor.py:743} INFO - Processing file /home/airflow/.local/lib/python3.7/site-packages/airflow/example_dags/example_short_circuit_operator.py for tasks to queue
[2024-11-09T17:20:22.667+0000] {logging_mixin.py:137} INFO - [2024-11-09T17:20:22.667+0000] {dagbag.py:538} INFO - Filling up the DagBag from /home/airflow/.local/lib/python3.7/site-packages/airflow/example_dags/example_short_circuit_operator.py
[2024-11-09T17:20:22.676+0000] {processor.py:753} INFO - DAG(s) dict_keys(['example_short_circuit_operator']) retrieved from /home/airflow/.local/lib/python3.7/site-packages/airflow/example_dags/example_short_circuit_operator.py
[2024-11-09T17:20:22.691+0000] {logging_mixin.py:137} INFO - [2024-11-09T17:20:22.691+0000] {dag.py:2690} INFO - Sync 1 DAGs
[2024-11-09T17:20:22.706+0000] {logging_mixin.py:137} INFO - [2024-11-09T17:20:22.705+0000] {dag.py:3441} INFO - Setting next_dagrun for example_short_circuit_operator to 2024-11-08T17:20:22.705823+00:00, run_after=2024-11-09T17:20:22.705823+00:00
[2024-11-09T17:20:22.717+0000] {processor.py:175} INFO - Processing /home/airflow/.local/lib/python3.7/site-packages/airflow/example_dags/example_short_circuit_operator.py took 0.056 seconds
[2024-11-09T17:20:50.826+0000] {processor.py:153} INFO - Started process (PID=43) to work on /home/airflow/.local/lib/python3.7/site-packages/airflow/example_dags/example_short_circuit_operator.py
[2024-11-09T17:20:50.828+0000] {processor.py:743} INFO - Processing file /home/airflow/.local/lib/python3.7/site-packages/airflow/example_dags/example_short_circuit_operator.py for tasks to queue
[2024-11-09T17:20:50.828+0000] {logging_mixin.py:137} INFO - [2024-11-09T17:20:50.828+0000] {dagbag.py:538} INFO - Filling up the DagBag from /home/airflow/.local/lib/python3.7/site-packages/airflow/example_dags/example_short_circuit_operator.py
[2024-11-09T17:20:50.837+0000] {processor.py:753} INFO - DAG(s) dict_keys(['example_short_circuit_operator']) retrieved from /home/airflow/.local/lib/python3.7/site-packages/airflow/example_dags/example_short_circuit_operator.py
[2024-11-09T17:20:50.849+0000] {logging_mixin.py:137} INFO - [2024-11-09T17:20:50.849+0000] {dag.py:2690} INFO - Sync 1 DAGs
[2024-11-09T17:20:50.866+0000] {logging_mixin.py:137} INFO - [2024-11-09T17:20:50.866+0000] {dag.py:3441} INFO - Setting next_dagrun for example_short_circuit_operator to 2024-11-08T17:20:50.866007+00:00, run_after=2024-11-09T17:20:50.866007+00:00
[2024-11-09T17:20:50.877+0000] {processor.py:175} INFO - Processing /home/airflow/.local/lib/python3.7/site-packages/airflow/example_dags/example_short_circuit_operator.py took 0.054 seconds
[2024-11-09T17:21:21.776+0000] {processor.py:153} INFO - Started process (PID=130) to work on /home/airflow/.local/lib/python3.7/site-packages/airflow/example_dags/example_short_circuit_operator.py
[2024-11-09T17:21:21.777+0000] {processor.py:743} INFO - Processing file /home/airflow/.local/lib/python3.7/site-packages/airflow/example_dags/example_short_circuit_operator.py for tasks to queue
[2024-11-09T17:21:21.777+0000] {logging_mixin.py:137} INFO - [2024-11-09T17:21:21.777+0000] {dagbag.py:538} INFO - Filling up the DagBag from /home/airflow/.local/lib/python3.7/site-packages/airflow/example_dags/example_short_circuit_operator.py
[2024-11-09T17:21:21.786+0000] {processor.py:753} INFO - DAG(s) dict_keys(['example_short_circuit_operator']) retrieved from /home/airflow/.local/lib/python3.7/site-packages/airflow/example_dags/example_short_circuit_operator.py
[2024-11-09T17:21:21.806+0000] {logging_mixin.py:137} INFO - [2024-11-09T17:21:21.806+0000] {dag.py:2690} INFO - Sync 1 DAGs
[2024-11-09T17:21:21.819+0000] {logging_mixin.py:137} INFO - [2024-11-09T17:21:21.819+0000] {dag.py:3441} INFO - Setting next_dagrun for example_short_circuit_operator to 2024-11-08T17:21:21.819384+00:00, run_after=2024-11-09T17:21:21.819384+00:00
[2024-11-09T17:21:21.832+0000] {processor.py:175} INFO - Processing /home/airflow/.local/lib/python3.7/site-packages/airflow/example_dags/example_short_circuit_operator.py took 0.057 seconds
[2024-11-09T17:21:52.549+0000] {processor.py:153} INFO - Started process (PID=201) to work on /home/airflow/.local/lib/python3.7/site-packages/airflow/example_dags/example_short_circuit_operator.py
[2024-11-09T17:21:52.550+0000] {processor.py:743} INFO - Processing file /home/airflow/.local/lib/python3.7/site-packages/airflow/example_dags/example_short_circuit_operator.py for tasks to queue
[2024-11-09T17:21:52.551+0000] {logging_mixin.py:137} INFO - [2024-11-09T17:21:52.551+0000] {dagbag.py:538} INFO - Filling up the DagBag from /home/airflow/.local/lib/python3.7/site-packages/airflow/example_dags/example_short_circuit_operator.py
[2024-11-09T17:21:52.561+0000] {processor.py:753} INFO - DAG(s) dict_keys(['example_short_circuit_operator']) retrieved from /home/airflow/.local/lib/python3.7/site-packages/airflow/example_dags/example_short_circuit_operator.py
[2024-11-09T17:21:52.580+0000] {logging_mixin.py:137} INFO - [2024-11-09T17:21:52.580+0000] {dag.py:2690} INFO - Sync 1 DAGs
[2024-11-09T17:21:52.594+0000] {logging_mixin.py:137} INFO - [2024-11-09T17:21:52.594+0000] {dag.py:3441} INFO - Setting next_dagrun for example_short_circuit_operator to 2024-11-08T17:21:52.593966+00:00, run_after=2024-11-09T17:21:52.593966+00:00
[2024-11-09T17:21:52.603+0000] {processor.py:175} INFO - Processing /home/airflow/.local/lib/python3.7/site-packages/airflow/example_dags/example_short_circuit_operator.py took 0.056 seconds
[2024-11-09T17:22:23.614+0000] {processor.py:153} INFO - Started process (PID=288) to work on /home/airflow/.local/lib/python3.7/site-packages/airflow/example_dags/example_short_circuit_operator.py
[2024-11-09T17:22:23.615+0000] {processor.py:743} INFO - Processing file /home/airflow/.local/lib/python3.7/site-packages/airflow/example_dags/example_short_circuit_operator.py for tasks to queue
[2024-11-09T17:22:23.618+0000] {logging_mixin.py:137} INFO - [2024-11-09T17:22:23.618+0000] {dagbag.py:538} INFO - Filling up the DagBag from /home/airflow/.local/lib/python3.7/site-packages/airflow/example_dags/example_short_circuit_operator.py
[2024-11-09T17:22:23.629+0000] {processor.py:753} INFO - DAG(s) dict_keys(['example_short_circuit_operator']) retrieved from /home/airflow/.local/lib/python3.7/site-packages/airflow/example_dags/example_short_circuit_operator.py
[2024-11-09T17:22:23.645+0000] {logging_mixin.py:137} INFO - [2024-11-09T17:22:23.645+0000] {dag.py:2690} INFO - Sync 1 DAGs
[2024-11-09T17:22:23.659+0000] {logging_mixin.py:137} INFO - [2024-11-09T17:22:23.659+0000] {dag.py:3441} INFO - Setting next_dagrun for example_short_circuit_operator to 2024-11-08T17:22:23.658948+00:00, run_after=2024-11-09T17:22:23.658948+00:00
[2024-11-09T17:22:23.669+0000] {processor.py:175} INFO - Processing /home/airflow/.local/lib/python3.7/site-packages/airflow/example_dags/example_short_circuit_operator.py took 0.058 seconds
[2024-11-09T17:22:54.471+0000] {processor.py:153} INFO - Started process (PID=375) to work on /home/airflow/.local/lib/python3.7/site-packages/airflow/example_dags/example_short_circuit_operator.py
[2024-11-09T17:22:54.472+0000] {processor.py:743} INFO - Processing file /home/airflow/.local/lib/python3.7/site-packages/airflow/example_dags/example_short_circuit_operator.py for tasks to queue
[2024-11-09T17:22:54.473+0000] {logging_mixin.py:137} INFO - [2024-11-09T17:22:54.473+0000] {dagbag.py:538} INFO - Filling up the DagBag from /home/airflow/.local/lib/python3.7/site-packages/airflow/example_dags/example_short_circuit_operator.py
[2024-11-09T17:22:54.483+0000] {processor.py:753} INFO - DAG(s) dict_keys(['example_short_circuit_operator']) retrieved from /home/airflow/.local/lib/python3.7/site-packages/airflow/example_dags/example_short_circuit_operator.py
[2024-11-09T17:22:54.500+0000] {logging_mixin.py:137} INFO - [2024-11-09T17:22:54.500+0000] {dag.py:2690} INFO - Sync 1 DAGs
[2024-11-09T17:22:54.514+0000] {logging_mixin.py:137} INFO - [2024-11-09T17:22:54.514+0000] {dag.py:3441} INFO - Setting next_dagrun for example_short_circuit_operator to 2024-11-08T17:22:54.514689+00:00, run_after=2024-11-09T17:22:54.514689+00:00
[2024-11-09T17:22:54.527+0000] {processor.py:175} INFO - Processing /home/airflow/.local/lib/python3.7/site-packages/airflow/example_dags/example_short_circuit_operator.py took 0.058 seconds
[2024-11-09T17:23:25.309+0000] {processor.py:153} INFO - Started process (PID=446) to work on /home/airflow/.local/lib/python3.7/site-packages/airflow/example_dags/example_short_circuit_operator.py
[2024-11-09T17:23:25.310+0000] {processor.py:743} INFO - Processing file /home/airflow/.local/lib/python3.7/site-packages/airflow/example_dags/example_short_circuit_operator.py for tasks to queue
[2024-11-09T17:23:25.311+0000] {logging_mixin.py:137} INFO - [2024-11-09T17:23:25.311+0000] {dagbag.py:538} INFO - Filling up the DagBag from /home/airflow/.local/lib/python3.7/site-packages/airflow/example_dags/example_short_circuit_operator.py
[2024-11-09T17:23:25.320+0000] {processor.py:753} INFO - DAG(s) dict_keys(['example_short_circuit_operator']) retrieved from /home/airflow/.local/lib/python3.7/site-packages/airflow/example_dags/example_short_circuit_operator.py
[2024-11-09T17:23:25.338+0000] {logging_mixin.py:137} INFO - [2024-11-09T17:23:25.338+0000] {dag.py:2690} INFO - Sync 1 DAGs
[2024-11-09T17:23:25.352+0000] {logging_mixin.py:137} INFO - [2024-11-09T17:23:25.352+0000] {dag.py:3441} INFO - Setting next_dagrun for example_short_circuit_operator to 2024-11-08T17:23:25.352548+00:00, run_after=2024-11-09T17:23:25.352548+00:00
[2024-11-09T17:23:25.363+0000] {processor.py:175} INFO - Processing /home/airflow/.local/lib/python3.7/site-packages/airflow/example_dags/example_short_circuit_operator.py took 0.057 seconds
[2024-11-09T17:23:56.581+0000] {processor.py:153} INFO - Started process (PID=533) to work on /home/airflow/.local/lib/python3.7/site-packages/airflow/example_dags/example_short_circuit_operator.py
[2024-11-09T17:23:56.583+0000] {processor.py:743} INFO - Processing file /home/airflow/.local/lib/python3.7/site-packages/airflow/example_dags/example_short_circuit_operator.py for tasks to queue
[2024-11-09T17:23:56.586+0000] {logging_mixin.py:137} INFO - [2024-11-09T17:23:56.586+0000] {dagbag.py:538} INFO - Filling up the DagBag from /home/airflow/.local/lib/python3.7/site-packages/airflow/example_dags/example_short_circuit_operator.py
[2024-11-09T17:23:56.607+0000] {processor.py:753} INFO - DAG(s) dict_keys(['example_short_circuit_operator']) retrieved from /home/airflow/.local/lib/python3.7/site-packages/airflow/example_dags/example_short_circuit_operator.py
[2024-11-09T17:23:56.903+0000] {logging_mixin.py:137} INFO - [2024-11-09T17:23:56.903+0000] {process_utils.py:256} INFO - Waiting up to 5 seconds for processes to exit...
[2024-11-09T17:28:53.032+0000] {processor.py:153} INFO - Started process (PID=43) to work on /home/airflow/.local/lib/python3.7/site-packages/airflow/example_dags/example_short_circuit_operator.py
[2024-11-09T17:28:53.034+0000] {processor.py:743} INFO - Processing file /home/airflow/.local/lib/python3.7/site-packages/airflow/example_dags/example_short_circuit_operator.py for tasks to queue
[2024-11-09T17:28:53.034+0000] {logging_mixin.py:137} INFO - [2024-11-09T17:28:53.034+0000] {dagbag.py:538} INFO - Filling up the DagBag from /home/airflow/.local/lib/python3.7/site-packages/airflow/example_dags/example_short_circuit_operator.py
[2024-11-09T17:28:53.043+0000] {processor.py:753} INFO - DAG(s) dict_keys(['example_short_circuit_operator']) retrieved from /home/airflow/.local/lib/python3.7/site-packages/airflow/example_dags/example_short_circuit_operator.py
[2024-11-09T17:28:53.051+0000] {logging_mixin.py:137} INFO - [2024-11-09T17:28:53.051+0000] {dag.py:2690} INFO - Sync 1 DAGs
[2024-11-09T17:28:53.064+0000] {logging_mixin.py:137} INFO - [2024-11-09T17:28:53.064+0000] {dag.py:3441} INFO - Setting next_dagrun for example_short_circuit_operator to 2024-11-08T17:28:53.064262+00:00, run_after=2024-11-09T17:28:53.064262+00:00
[2024-11-09T17:28:53.080+0000] {processor.py:175} INFO - Processing /home/airflow/.local/lib/python3.7/site-packages/airflow/example_dags/example_short_circuit_operator.py took 0.049 seconds
[2024-11-09T17:29:23.769+0000] {processor.py:153} INFO - Started process (PID=130) to work on /home/airflow/.local/lib/python3.7/site-packages/airflow/example_dags/example_short_circuit_operator.py
[2024-11-09T17:29:23.771+0000] {processor.py:743} INFO - Processing file /home/airflow/.local/lib/python3.7/site-packages/airflow/example_dags/example_short_circuit_operator.py for tasks to queue
[2024-11-09T17:29:23.771+0000] {logging_mixin.py:137} INFO - [2024-11-09T17:29:23.771+0000] {dagbag.py:538} INFO - Filling up the DagBag from /home/airflow/.local/lib/python3.7/site-packages/airflow/example_dags/example_short_circuit_operator.py
[2024-11-09T17:29:23.781+0000] {processor.py:753} INFO - DAG(s) dict_keys(['example_short_circuit_operator']) retrieved from /home/airflow/.local/lib/python3.7/site-packages/airflow/example_dags/example_short_circuit_operator.py
[2024-11-09T17:29:23.801+0000] {logging_mixin.py:137} INFO - [2024-11-09T17:29:23.801+0000] {dag.py:2690} INFO - Sync 1 DAGs
[2024-11-09T17:29:23.819+0000] {logging_mixin.py:137} INFO - [2024-11-09T17:29:23.819+0000] {dag.py:3441} INFO - Setting next_dagrun for example_short_circuit_operator to 2024-11-08T17:29:23.819617+00:00, run_after=2024-11-09T17:29:23.819617+00:00
[2024-11-09T17:29:23.832+0000] {processor.py:175} INFO - Processing /home/airflow/.local/lib/python3.7/site-packages/airflow/example_dags/example_short_circuit_operator.py took 0.066 seconds
[2024-11-09T17:29:54.533+0000] {processor.py:153} INFO - Started process (PID=201) to work on /home/airflow/.local/lib/python3.7/site-packages/airflow/example_dags/example_short_circuit_operator.py
[2024-11-09T17:29:54.534+0000] {processor.py:743} INFO - Processing file /home/airflow/.local/lib/python3.7/site-packages/airflow/example_dags/example_short_circuit_operator.py for tasks to queue
[2024-11-09T17:29:54.536+0000] {logging_mixin.py:137} INFO - [2024-11-09T17:29:54.536+0000] {dagbag.py:538} INFO - Filling up the DagBag from /home/airflow/.local/lib/python3.7/site-packages/airflow/example_dags/example_short_circuit_operator.py
[2024-11-09T17:29:54.543+0000] {processor.py:753} INFO - DAG(s) dict_keys(['example_short_circuit_operator']) retrieved from /home/airflow/.local/lib/python3.7/site-packages/airflow/example_dags/example_short_circuit_operator.py
[2024-11-09T17:29:54.560+0000] {logging_mixin.py:137} INFO - [2024-11-09T17:29:54.560+0000] {dag.py:2690} INFO - Sync 1 DAGs
[2024-11-09T17:29:54.573+0000] {logging_mixin.py:137} INFO - [2024-11-09T17:29:54.573+0000] {dag.py:3441} INFO - Setting next_dagrun for example_short_circuit_operator to 2024-11-08T17:29:54.573043+00:00, run_after=2024-11-09T17:29:54.573043+00:00
[2024-11-09T17:29:54.586+0000] {processor.py:175} INFO - Processing /home/airflow/.local/lib/python3.7/site-packages/airflow/example_dags/example_short_circuit_operator.py took 0.055 seconds
[2024-11-09T17:30:14.013+0000] {processor.py:153} INFO - Started process (PID=43) to work on /home/airflow/.local/lib/python3.7/site-packages/airflow/example_dags/example_short_circuit_operator.py
[2024-11-09T17:30:14.016+0000] {processor.py:743} INFO - Processing file /home/airflow/.local/lib/python3.7/site-packages/airflow/example_dags/example_short_circuit_operator.py for tasks to queue
[2024-11-09T17:30:14.017+0000] {logging_mixin.py:137} INFO - [2024-11-09T17:30:14.017+0000] {dagbag.py:538} INFO - Filling up the DagBag from /home/airflow/.local/lib/python3.7/site-packages/airflow/example_dags/example_short_circuit_operator.py
[2024-11-09T17:30:14.036+0000] {processor.py:753} INFO - DAG(s) dict_keys(['example_short_circuit_operator']) retrieved from /home/airflow/.local/lib/python3.7/site-packages/airflow/example_dags/example_short_circuit_operator.py
[2024-11-09T17:30:14.049+0000] {logging_mixin.py:137} INFO - [2024-11-09T17:30:14.049+0000] {dag.py:2690} INFO - Sync 1 DAGs
[2024-11-09T17:30:14.068+0000] {logging_mixin.py:137} INFO - [2024-11-09T17:30:14.068+0000] {dag.py:3441} INFO - Setting next_dagrun for example_short_circuit_operator to 2024-11-08T17:30:14.068275+00:00, run_after=2024-11-09T17:30:14.068275+00:00
[2024-11-09T17:30:14.083+0000] {processor.py:175} INFO - Processing /home/airflow/.local/lib/python3.7/site-packages/airflow/example_dags/example_short_circuit_operator.py took 0.074 seconds
[2024-11-09T17:30:44.859+0000] {processor.py:153} INFO - Started process (PID=130) to work on /home/airflow/.local/lib/python3.7/site-packages/airflow/example_dags/example_short_circuit_operator.py
[2024-11-09T17:30:44.860+0000] {processor.py:743} INFO - Processing file /home/airflow/.local/lib/python3.7/site-packages/airflow/example_dags/example_short_circuit_operator.py for tasks to queue
[2024-11-09T17:30:44.860+0000] {logging_mixin.py:137} INFO - [2024-11-09T17:30:44.860+0000] {dagbag.py:538} INFO - Filling up the DagBag from /home/airflow/.local/lib/python3.7/site-packages/airflow/example_dags/example_short_circuit_operator.py
[2024-11-09T17:30:44.870+0000] {processor.py:753} INFO - DAG(s) dict_keys(['example_short_circuit_operator']) retrieved from /home/airflow/.local/lib/python3.7/site-packages/airflow/example_dags/example_short_circuit_operator.py
[2024-11-09T17:30:44.885+0000] {logging_mixin.py:137} INFO - [2024-11-09T17:30:44.884+0000] {dag.py:2690} INFO - Sync 1 DAGs
[2024-11-09T17:30:44.899+0000] {logging_mixin.py:137} INFO - [2024-11-09T17:30:44.899+0000] {dag.py:3441} INFO - Setting next_dagrun for example_short_circuit_operator to 2024-11-08T17:30:44.898844+00:00, run_after=2024-11-09T17:30:44.898844+00:00
[2024-11-09T17:30:44.909+0000] {processor.py:175} INFO - Processing /home/airflow/.local/lib/python3.7/site-packages/airflow/example_dags/example_short_circuit_operator.py took 0.051 seconds
[2024-11-09T17:31:15.483+0000] {processor.py:153} INFO - Started process (PID=201) to work on /home/airflow/.local/lib/python3.7/site-packages/airflow/example_dags/example_short_circuit_operator.py
[2024-11-09T17:31:15.487+0000] {processor.py:743} INFO - Processing file /home/airflow/.local/lib/python3.7/site-packages/airflow/example_dags/example_short_circuit_operator.py for tasks to queue
[2024-11-09T17:31:15.487+0000] {logging_mixin.py:137} INFO - [2024-11-09T17:31:15.487+0000] {dagbag.py:538} INFO - Filling up the DagBag from /home/airflow/.local/lib/python3.7/site-packages/airflow/example_dags/example_short_circuit_operator.py
[2024-11-09T17:31:15.495+0000] {processor.py:753} INFO - DAG(s) dict_keys(['example_short_circuit_operator']) retrieved from /home/airflow/.local/lib/python3.7/site-packages/airflow/example_dags/example_short_circuit_operator.py
[2024-11-09T17:31:15.509+0000] {logging_mixin.py:137} INFO - [2024-11-09T17:31:15.509+0000] {dag.py:2690} INFO - Sync 1 DAGs
[2024-11-09T17:31:15.523+0000] {logging_mixin.py:137} INFO - [2024-11-09T17:31:15.523+0000] {dag.py:3441} INFO - Setting next_dagrun for example_short_circuit_operator to 2024-11-08T17:31:15.523697+00:00, run_after=2024-11-09T17:31:15.523697+00:00
[2024-11-09T17:31:15.535+0000] {processor.py:175} INFO - Processing /home/airflow/.local/lib/python3.7/site-packages/airflow/example_dags/example_short_circuit_operator.py took 0.053 seconds
[2024-11-09T17:31:46.101+0000] {processor.py:153} INFO - Started process (PID=288) to work on /home/airflow/.local/lib/python3.7/site-packages/airflow/example_dags/example_short_circuit_operator.py
[2024-11-09T17:31:46.102+0000] {processor.py:743} INFO - Processing file /home/airflow/.local/lib/python3.7/site-packages/airflow/example_dags/example_short_circuit_operator.py for tasks to queue
[2024-11-09T17:31:46.103+0000] {logging_mixin.py:137} INFO - [2024-11-09T17:31:46.103+0000] {dagbag.py:538} INFO - Filling up the DagBag from /home/airflow/.local/lib/python3.7/site-packages/airflow/example_dags/example_short_circuit_operator.py
[2024-11-09T17:31:46.117+0000] {processor.py:753} INFO - DAG(s) dict_keys(['example_short_circuit_operator']) retrieved from /home/airflow/.local/lib/python3.7/site-packages/airflow/example_dags/example_short_circuit_operator.py
[2024-11-09T17:31:46.135+0000] {logging_mixin.py:137} INFO - [2024-11-09T17:31:46.135+0000] {dag.py:2690} INFO - Sync 1 DAGs
[2024-11-09T17:31:46.150+0000] {logging_mixin.py:137} INFO - [2024-11-09T17:31:46.150+0000] {dag.py:3441} INFO - Setting next_dagrun for example_short_circuit_operator to 2024-11-08T17:31:46.150580+00:00, run_after=2024-11-09T17:31:46.150580+00:00
[2024-11-09T17:31:46.161+0000] {processor.py:175} INFO - Processing /home/airflow/.local/lib/python3.7/site-packages/airflow/example_dags/example_short_circuit_operator.py took 0.062 seconds
[2024-11-09T17:32:16.731+0000] {processor.py:153} INFO - Started process (PID=375) to work on /home/airflow/.local/lib/python3.7/site-packages/airflow/example_dags/example_short_circuit_operator.py
[2024-11-09T17:32:16.731+0000] {processor.py:743} INFO - Processing file /home/airflow/.local/lib/python3.7/site-packages/airflow/example_dags/example_short_circuit_operator.py for tasks to queue
[2024-11-09T17:32:16.732+0000] {logging_mixin.py:137} INFO - [2024-11-09T17:32:16.732+0000] {dagbag.py:538} INFO - Filling up the DagBag from /home/airflow/.local/lib/python3.7/site-packages/airflow/example_dags/example_short_circuit_operator.py
[2024-11-09T17:32:16.740+0000] {processor.py:753} INFO - DAG(s) dict_keys(['example_short_circuit_operator']) retrieved from /home/airflow/.local/lib/python3.7/site-packages/airflow/example_dags/example_short_circuit_operator.py
[2024-11-09T17:32:16.755+0000] {logging_mixin.py:137} INFO - [2024-11-09T17:32:16.755+0000] {dag.py:2690} INFO - Sync 1 DAGs
[2024-11-09T17:32:16.772+0000] {logging_mixin.py:137} INFO - [2024-11-09T17:32:16.772+0000] {dag.py:3441} INFO - Setting next_dagrun for example_short_circuit_operator to 2024-11-08T17:32:16.772106+00:00, run_after=2024-11-09T17:32:16.772106+00:00
[2024-11-09T17:32:16.781+0000] {processor.py:175} INFO - Processing /home/airflow/.local/lib/python3.7/site-packages/airflow/example_dags/example_short_circuit_operator.py took 0.052 seconds
[2024-11-09T17:32:47.423+0000] {processor.py:153} INFO - Started process (PID=446) to work on /home/airflow/.local/lib/python3.7/site-packages/airflow/example_dags/example_short_circuit_operator.py
[2024-11-09T17:32:47.423+0000] {processor.py:743} INFO - Processing file /home/airflow/.local/lib/python3.7/site-packages/airflow/example_dags/example_short_circuit_operator.py for tasks to queue
[2024-11-09T17:32:47.423+0000] {logging_mixin.py:137} INFO - [2024-11-09T17:32:47.423+0000] {dagbag.py:538} INFO - Filling up the DagBag from /home/airflow/.local/lib/python3.7/site-packages/airflow/example_dags/example_short_circuit_operator.py
[2024-11-09T17:32:47.431+0000] {processor.py:753} INFO - DAG(s) dict_keys(['example_short_circuit_operator']) retrieved from /home/airflow/.local/lib/python3.7/site-packages/airflow/example_dags/example_short_circuit_operator.py
[2024-11-09T17:32:47.448+0000] {logging_mixin.py:137} INFO - [2024-11-09T17:32:47.448+0000] {dag.py:2690} INFO - Sync 1 DAGs
[2024-11-09T17:32:47.463+0000] {logging_mixin.py:137} INFO - [2024-11-09T17:32:47.463+0000] {dag.py:3441} INFO - Setting next_dagrun for example_short_circuit_operator to 2024-11-08T17:32:47.463332+00:00, run_after=2024-11-09T17:32:47.463332+00:00
[2024-11-09T17:32:47.473+0000] {processor.py:175} INFO - Processing /home/airflow/.local/lib/python3.7/site-packages/airflow/example_dags/example_short_circuit_operator.py took 0.053 seconds
