[2024-11-09T17:10:06.323+0000] {processor.py:153} INFO - Started process (PID=67) to work on /home/airflow/.local/lib/python3.7/site-packages/airflow/example_dags/example_dag_decorator.py
[2024-11-09T17:10:06.324+0000] {processor.py:743} INFO - Processing file /home/airflow/.local/lib/python3.7/site-packages/airflow/example_dags/example_dag_decorator.py for tasks to queue
[2024-11-09T17:10:06.324+0000] {logging_mixin.py:137} INFO - [2024-11-09T17:10:06.324+0000] {dagbag.py:538} INFO - Filling up the DagBag from /home/airflow/.local/lib/python3.7/site-packages/airflow/example_dags/example_dag_decorator.py
[2024-11-09T17:10:06.335+0000] {logging_mixin.py:137} INFO - [2024-11-09T17:10:06.335+0000] {taskmixin.py:205} WARNING - Dependency <Task(_PythonDecoratedOperator): prepare_email>, send_email already registered for DAG: example_dag_decorator
[2024-11-09T17:10:06.335+0000] {logging_mixin.py:137} INFO - [2024-11-09T17:10:06.335+0000] {taskmixin.py:205} WARNING - Dependency <Task(EmailOperator): send_email>, prepare_email already registered for DAG: example_dag_decorator
[2024-11-09T17:10:06.342+0000] {processor.py:753} INFO - DAG(s) dict_keys(['example_dag_decorator']) retrieved from /home/airflow/.local/lib/python3.7/site-packages/airflow/example_dags/example_dag_decorator.py
[2024-11-09T17:10:06.350+0000] {logging_mixin.py:137} INFO - [2024-11-09T17:10:06.350+0000] {dag.py:2690} INFO - Sync 1 DAGs
[2024-11-09T17:10:06.367+0000] {logging_mixin.py:137} INFO - [2024-11-09T17:10:06.367+0000] {dag.py:3441} INFO - Setting next_dagrun for example_dag_decorator to None, run_after=None
[2024-11-09T17:10:06.384+0000] {processor.py:175} INFO - Processing /home/airflow/.local/lib/python3.7/site-packages/airflow/example_dags/example_dag_decorator.py took 0.063 seconds
[2024-11-09T17:10:37.086+0000] {processor.py:153} INFO - Started process (PID=154) to work on /home/airflow/.local/lib/python3.7/site-packages/airflow/example_dags/example_dag_decorator.py
[2024-11-09T17:10:37.087+0000] {processor.py:743} INFO - Processing file /home/airflow/.local/lib/python3.7/site-packages/airflow/example_dags/example_dag_decorator.py for tasks to queue
[2024-11-09T17:10:37.087+0000] {logging_mixin.py:137} INFO - [2024-11-09T17:10:37.087+0000] {dagbag.py:538} INFO - Filling up the DagBag from /home/airflow/.local/lib/python3.7/site-packages/airflow/example_dags/example_dag_decorator.py
[2024-11-09T17:10:37.097+0000] {logging_mixin.py:137} INFO - [2024-11-09T17:10:37.097+0000] {taskmixin.py:205} WARNING - Dependency <Task(_PythonDecoratedOperator): prepare_email>, send_email already registered for DAG: example_dag_decorator
[2024-11-09T17:10:37.098+0000] {logging_mixin.py:137} INFO - [2024-11-09T17:10:37.098+0000] {taskmixin.py:205} WARNING - Dependency <Task(EmailOperator): send_email>, prepare_email already registered for DAG: example_dag_decorator
[2024-11-09T17:10:37.104+0000] {processor.py:753} INFO - DAG(s) dict_keys(['example_dag_decorator']) retrieved from /home/airflow/.local/lib/python3.7/site-packages/airflow/example_dags/example_dag_decorator.py
[2024-11-09T17:10:37.140+0000] {logging_mixin.py:137} INFO - [2024-11-09T17:10:37.140+0000] {dag.py:2690} INFO - Sync 1 DAGs
[2024-11-09T17:10:37.153+0000] {logging_mixin.py:137} INFO - [2024-11-09T17:10:37.153+0000] {dag.py:3441} INFO - Setting next_dagrun for example_dag_decorator to None, run_after=None
[2024-11-09T17:10:37.167+0000] {processor.py:175} INFO - Processing /home/airflow/.local/lib/python3.7/site-packages/airflow/example_dags/example_dag_decorator.py took 0.083 seconds
[2024-11-09T17:11:07.735+0000] {processor.py:153} INFO - Started process (PID=224) to work on /home/airflow/.local/lib/python3.7/site-packages/airflow/example_dags/example_dag_decorator.py
[2024-11-09T17:11:07.736+0000] {processor.py:743} INFO - Processing file /home/airflow/.local/lib/python3.7/site-packages/airflow/example_dags/example_dag_decorator.py for tasks to queue
[2024-11-09T17:11:07.737+0000] {logging_mixin.py:137} INFO - [2024-11-09T17:11:07.737+0000] {dagbag.py:538} INFO - Filling up the DagBag from /home/airflow/.local/lib/python3.7/site-packages/airflow/example_dags/example_dag_decorator.py
[2024-11-09T17:11:07.747+0000] {logging_mixin.py:137} INFO - [2024-11-09T17:11:07.747+0000] {taskmixin.py:205} WARNING - Dependency <Task(_PythonDecoratedOperator): prepare_email>, send_email already registered for DAG: example_dag_decorator
[2024-11-09T17:11:07.749+0000] {logging_mixin.py:137} INFO - [2024-11-09T17:11:07.749+0000] {taskmixin.py:205} WARNING - Dependency <Task(EmailOperator): send_email>, prepare_email already registered for DAG: example_dag_decorator
[2024-11-09T17:11:07.756+0000] {processor.py:753} INFO - DAG(s) dict_keys(['example_dag_decorator']) retrieved from /home/airflow/.local/lib/python3.7/site-packages/airflow/example_dags/example_dag_decorator.py
[2024-11-09T17:11:07.800+0000] {logging_mixin.py:137} INFO - [2024-11-09T17:11:07.800+0000] {dag.py:2690} INFO - Sync 1 DAGs
[2024-11-09T17:11:07.814+0000] {logging_mixin.py:137} INFO - [2024-11-09T17:11:07.814+0000] {dag.py:3441} INFO - Setting next_dagrun for example_dag_decorator to None, run_after=None
[2024-11-09T17:11:07.827+0000] {processor.py:175} INFO - Processing /home/airflow/.local/lib/python3.7/site-packages/airflow/example_dags/example_dag_decorator.py took 0.093 seconds
[2024-11-09T17:11:38.561+0000] {processor.py:153} INFO - Started process (PID=311) to work on /home/airflow/.local/lib/python3.7/site-packages/airflow/example_dags/example_dag_decorator.py
[2024-11-09T17:11:38.561+0000] {processor.py:743} INFO - Processing file /home/airflow/.local/lib/python3.7/site-packages/airflow/example_dags/example_dag_decorator.py for tasks to queue
[2024-11-09T17:11:38.561+0000] {logging_mixin.py:137} INFO - [2024-11-09T17:11:38.561+0000] {dagbag.py:538} INFO - Filling up the DagBag from /home/airflow/.local/lib/python3.7/site-packages/airflow/example_dags/example_dag_decorator.py
[2024-11-09T17:11:38.572+0000] {logging_mixin.py:137} INFO - [2024-11-09T17:11:38.572+0000] {taskmixin.py:205} WARNING - Dependency <Task(_PythonDecoratedOperator): prepare_email>, send_email already registered for DAG: example_dag_decorator
[2024-11-09T17:11:38.572+0000] {logging_mixin.py:137} INFO - [2024-11-09T17:11:38.572+0000] {taskmixin.py:205} WARNING - Dependency <Task(EmailOperator): send_email>, prepare_email already registered for DAG: example_dag_decorator
[2024-11-09T17:11:38.579+0000] {processor.py:753} INFO - DAG(s) dict_keys(['example_dag_decorator']) retrieved from /home/airflow/.local/lib/python3.7/site-packages/airflow/example_dags/example_dag_decorator.py
[2024-11-09T17:11:38.614+0000] {logging_mixin.py:137} INFO - [2024-11-09T17:11:38.614+0000] {dag.py:2690} INFO - Sync 1 DAGs
[2024-11-09T17:11:38.626+0000] {logging_mixin.py:137} INFO - [2024-11-09T17:11:38.626+0000] {dag.py:3441} INFO - Setting next_dagrun for example_dag_decorator to None, run_after=None
[2024-11-09T17:11:38.638+0000] {processor.py:175} INFO - Processing /home/airflow/.local/lib/python3.7/site-packages/airflow/example_dags/example_dag_decorator.py took 0.079 seconds
[2024-11-09T17:12:09.225+0000] {processor.py:153} INFO - Started process (PID=398) to work on /home/airflow/.local/lib/python3.7/site-packages/airflow/example_dags/example_dag_decorator.py
[2024-11-09T17:12:09.227+0000] {processor.py:743} INFO - Processing file /home/airflow/.local/lib/python3.7/site-packages/airflow/example_dags/example_dag_decorator.py for tasks to queue
[2024-11-09T17:12:09.228+0000] {logging_mixin.py:137} INFO - [2024-11-09T17:12:09.228+0000] {dagbag.py:538} INFO - Filling up the DagBag from /home/airflow/.local/lib/python3.7/site-packages/airflow/example_dags/example_dag_decorator.py
[2024-11-09T17:12:09.237+0000] {logging_mixin.py:137} INFO - [2024-11-09T17:12:09.237+0000] {taskmixin.py:205} WARNING - Dependency <Task(_PythonDecoratedOperator): prepare_email>, send_email already registered for DAG: example_dag_decorator
[2024-11-09T17:12:09.237+0000] {logging_mixin.py:137} INFO - [2024-11-09T17:12:09.237+0000] {taskmixin.py:205} WARNING - Dependency <Task(EmailOperator): send_email>, prepare_email already registered for DAG: example_dag_decorator
[2024-11-09T17:12:09.243+0000] {processor.py:753} INFO - DAG(s) dict_keys(['example_dag_decorator']) retrieved from /home/airflow/.local/lib/python3.7/site-packages/airflow/example_dags/example_dag_decorator.py
[2024-11-09T17:12:09.282+0000] {logging_mixin.py:137} INFO - [2024-11-09T17:12:09.282+0000] {dag.py:2690} INFO - Sync 1 DAGs
[2024-11-09T17:12:09.297+0000] {logging_mixin.py:137} INFO - [2024-11-09T17:12:09.297+0000] {dag.py:3441} INFO - Setting next_dagrun for example_dag_decorator to None, run_after=None
[2024-11-09T17:12:09.308+0000] {processor.py:175} INFO - Processing /home/airflow/.local/lib/python3.7/site-packages/airflow/example_dags/example_dag_decorator.py took 0.085 seconds
[2024-11-09T17:12:39.899+0000] {processor.py:153} INFO - Started process (PID=485) to work on /home/airflow/.local/lib/python3.7/site-packages/airflow/example_dags/example_dag_decorator.py
[2024-11-09T17:12:39.900+0000] {processor.py:743} INFO - Processing file /home/airflow/.local/lib/python3.7/site-packages/airflow/example_dags/example_dag_decorator.py for tasks to queue
[2024-11-09T17:12:39.900+0000] {logging_mixin.py:137} INFO - [2024-11-09T17:12:39.900+0000] {dagbag.py:538} INFO - Filling up the DagBag from /home/airflow/.local/lib/python3.7/site-packages/airflow/example_dags/example_dag_decorator.py
[2024-11-09T17:12:39.909+0000] {logging_mixin.py:137} INFO - [2024-11-09T17:12:39.909+0000] {taskmixin.py:205} WARNING - Dependency <Task(_PythonDecoratedOperator): prepare_email>, send_email already registered for DAG: example_dag_decorator
[2024-11-09T17:12:39.910+0000] {logging_mixin.py:137} INFO - [2024-11-09T17:12:39.909+0000] {taskmixin.py:205} WARNING - Dependency <Task(EmailOperator): send_email>, prepare_email already registered for DAG: example_dag_decorator
[2024-11-09T17:12:39.916+0000] {processor.py:753} INFO - DAG(s) dict_keys(['example_dag_decorator']) retrieved from /home/airflow/.local/lib/python3.7/site-packages/airflow/example_dags/example_dag_decorator.py
[2024-11-09T17:12:39.949+0000] {logging_mixin.py:137} INFO - [2024-11-09T17:12:39.949+0000] {dag.py:2690} INFO - Sync 1 DAGs
[2024-11-09T17:12:39.962+0000] {logging_mixin.py:137} INFO - [2024-11-09T17:12:39.962+0000] {dag.py:3441} INFO - Setting next_dagrun for example_dag_decorator to None, run_after=None
[2024-11-09T17:12:39.973+0000] {processor.py:175} INFO - Processing /home/airflow/.local/lib/python3.7/site-packages/airflow/example_dags/example_dag_decorator.py took 0.075 seconds
[2024-11-09T17:13:10.517+0000] {processor.py:153} INFO - Started process (PID=556) to work on /home/airflow/.local/lib/python3.7/site-packages/airflow/example_dags/example_dag_decorator.py
[2024-11-09T17:13:10.518+0000] {processor.py:743} INFO - Processing file /home/airflow/.local/lib/python3.7/site-packages/airflow/example_dags/example_dag_decorator.py for tasks to queue
[2024-11-09T17:13:10.518+0000] {logging_mixin.py:137} INFO - [2024-11-09T17:13:10.518+0000] {dagbag.py:538} INFO - Filling up the DagBag from /home/airflow/.local/lib/python3.7/site-packages/airflow/example_dags/example_dag_decorator.py
[2024-11-09T17:13:10.528+0000] {logging_mixin.py:137} INFO - [2024-11-09T17:13:10.528+0000] {taskmixin.py:205} WARNING - Dependency <Task(_PythonDecoratedOperator): prepare_email>, send_email already registered for DAG: example_dag_decorator
[2024-11-09T17:13:10.529+0000] {logging_mixin.py:137} INFO - [2024-11-09T17:13:10.529+0000] {taskmixin.py:205} WARNING - Dependency <Task(EmailOperator): send_email>, prepare_email already registered for DAG: example_dag_decorator
[2024-11-09T17:13:10.540+0000] {processor.py:753} INFO - DAG(s) dict_keys(['example_dag_decorator']) retrieved from /home/airflow/.local/lib/python3.7/site-packages/airflow/example_dags/example_dag_decorator.py
[2024-11-09T17:13:10.580+0000] {logging_mixin.py:137} INFO - [2024-11-09T17:13:10.579+0000] {dag.py:2690} INFO - Sync 1 DAGs
[2024-11-09T17:13:10.593+0000] {logging_mixin.py:137} INFO - [2024-11-09T17:13:10.593+0000] {dag.py:3441} INFO - Setting next_dagrun for example_dag_decorator to None, run_after=None
[2024-11-09T17:13:10.606+0000] {processor.py:175} INFO - Processing /home/airflow/.local/lib/python3.7/site-packages/airflow/example_dags/example_dag_decorator.py took 0.091 seconds
[2024-11-09T17:13:42.529+0000] {processor.py:153} INFO - Started process (PID=643) to work on /home/airflow/.local/lib/python3.7/site-packages/airflow/example_dags/example_dag_decorator.py
[2024-11-09T17:13:42.531+0000] {processor.py:743} INFO - Processing file /home/airflow/.local/lib/python3.7/site-packages/airflow/example_dags/example_dag_decorator.py for tasks to queue
[2024-11-09T17:13:42.531+0000] {logging_mixin.py:137} INFO - [2024-11-09T17:13:42.531+0000] {dagbag.py:538} INFO - Filling up the DagBag from /home/airflow/.local/lib/python3.7/site-packages/airflow/example_dags/example_dag_decorator.py
[2024-11-09T17:13:42.542+0000] {logging_mixin.py:137} INFO - [2024-11-09T17:13:42.542+0000] {taskmixin.py:205} WARNING - Dependency <Task(_PythonDecoratedOperator): prepare_email>, send_email already registered for DAG: example_dag_decorator
[2024-11-09T17:13:42.543+0000] {logging_mixin.py:137} INFO - [2024-11-09T17:13:42.543+0000] {taskmixin.py:205} WARNING - Dependency <Task(EmailOperator): send_email>, prepare_email already registered for DAG: example_dag_decorator
[2024-11-09T17:13:42.554+0000] {processor.py:753} INFO - DAG(s) dict_keys(['example_dag_decorator']) retrieved from /home/airflow/.local/lib/python3.7/site-packages/airflow/example_dags/example_dag_decorator.py
[2024-11-09T17:13:42.607+0000] {logging_mixin.py:137} INFO - [2024-11-09T17:13:42.607+0000] {dag.py:2690} INFO - Sync 1 DAGs
[2024-11-09T17:13:42.624+0000] {logging_mixin.py:137} INFO - [2024-11-09T17:13:42.623+0000] {dag.py:3441} INFO - Setting next_dagrun for example_dag_decorator to None, run_after=None
[2024-11-09T17:13:42.644+0000] {processor.py:175} INFO - Processing /home/airflow/.local/lib/python3.7/site-packages/airflow/example_dags/example_dag_decorator.py took 0.117 seconds
[2024-11-09T17:14:13.614+0000] {processor.py:153} INFO - Started process (PID=730) to work on /home/airflow/.local/lib/python3.7/site-packages/airflow/example_dags/example_dag_decorator.py
[2024-11-09T17:14:13.615+0000] {processor.py:743} INFO - Processing file /home/airflow/.local/lib/python3.7/site-packages/airflow/example_dags/example_dag_decorator.py for tasks to queue
[2024-11-09T17:14:13.615+0000] {logging_mixin.py:137} INFO - [2024-11-09T17:14:13.615+0000] {dagbag.py:538} INFO - Filling up the DagBag from /home/airflow/.local/lib/python3.7/site-packages/airflow/example_dags/example_dag_decorator.py
[2024-11-09T17:14:13.624+0000] {logging_mixin.py:137} INFO - [2024-11-09T17:14:13.624+0000] {taskmixin.py:205} WARNING - Dependency <Task(_PythonDecoratedOperator): prepare_email>, send_email already registered for DAG: example_dag_decorator
[2024-11-09T17:14:13.624+0000] {logging_mixin.py:137} INFO - [2024-11-09T17:14:13.624+0000] {taskmixin.py:205} WARNING - Dependency <Task(EmailOperator): send_email>, prepare_email already registered for DAG: example_dag_decorator
[2024-11-09T17:14:13.631+0000] {processor.py:753} INFO - DAG(s) dict_keys(['example_dag_decorator']) retrieved from /home/airflow/.local/lib/python3.7/site-packages/airflow/example_dags/example_dag_decorator.py
[2024-11-09T17:14:13.673+0000] {logging_mixin.py:137} INFO - [2024-11-09T17:14:13.672+0000] {dag.py:2690} INFO - Sync 1 DAGs
[2024-11-09T17:14:13.686+0000] {logging_mixin.py:137} INFO - [2024-11-09T17:14:13.686+0000] {dag.py:3441} INFO - Setting next_dagrun for example_dag_decorator to None, run_after=None
[2024-11-09T17:14:13.698+0000] {processor.py:175} INFO - Processing /home/airflow/.local/lib/python3.7/site-packages/airflow/example_dags/example_dag_decorator.py took 0.085 seconds
[2024-11-09T17:14:44.431+0000] {processor.py:153} INFO - Started process (PID=801) to work on /home/airflow/.local/lib/python3.7/site-packages/airflow/example_dags/example_dag_decorator.py
[2024-11-09T17:14:44.432+0000] {processor.py:743} INFO - Processing file /home/airflow/.local/lib/python3.7/site-packages/airflow/example_dags/example_dag_decorator.py for tasks to queue
[2024-11-09T17:14:44.436+0000] {logging_mixin.py:137} INFO - [2024-11-09T17:14:44.435+0000] {dagbag.py:538} INFO - Filling up the DagBag from /home/airflow/.local/lib/python3.7/site-packages/airflow/example_dags/example_dag_decorator.py
[2024-11-09T17:14:44.445+0000] {logging_mixin.py:137} INFO - [2024-11-09T17:14:44.445+0000] {taskmixin.py:205} WARNING - Dependency <Task(_PythonDecoratedOperator): prepare_email>, send_email already registered for DAG: example_dag_decorator
[2024-11-09T17:14:44.446+0000] {logging_mixin.py:137} INFO - [2024-11-09T17:14:44.446+0000] {taskmixin.py:205} WARNING - Dependency <Task(EmailOperator): send_email>, prepare_email already registered for DAG: example_dag_decorator
[2024-11-09T17:14:44.454+0000] {processor.py:753} INFO - DAG(s) dict_keys(['example_dag_decorator']) retrieved from /home/airflow/.local/lib/python3.7/site-packages/airflow/example_dags/example_dag_decorator.py
[2024-11-09T17:14:44.501+0000] {logging_mixin.py:137} INFO - [2024-11-09T17:14:44.501+0000] {dag.py:2690} INFO - Sync 1 DAGs
[2024-11-09T17:14:44.515+0000] {logging_mixin.py:137} INFO - [2024-11-09T17:14:44.515+0000] {dag.py:3441} INFO - Setting next_dagrun for example_dag_decorator to None, run_after=None
[2024-11-09T17:14:44.534+0000] {processor.py:175} INFO - Processing /home/airflow/.local/lib/python3.7/site-packages/airflow/example_dags/example_dag_decorator.py took 0.106 seconds
[2024-11-09T17:15:15.299+0000] {processor.py:153} INFO - Started process (PID=888) to work on /home/airflow/.local/lib/python3.7/site-packages/airflow/example_dags/example_dag_decorator.py
[2024-11-09T17:15:15.301+0000] {processor.py:743} INFO - Processing file /home/airflow/.local/lib/python3.7/site-packages/airflow/example_dags/example_dag_decorator.py for tasks to queue
[2024-11-09T17:15:15.303+0000] {logging_mixin.py:137} INFO - [2024-11-09T17:15:15.302+0000] {dagbag.py:538} INFO - Filling up the DagBag from /home/airflow/.local/lib/python3.7/site-packages/airflow/example_dags/example_dag_decorator.py
[2024-11-09T17:15:15.318+0000] {logging_mixin.py:137} INFO - [2024-11-09T17:15:15.318+0000] {taskmixin.py:205} WARNING - Dependency <Task(_PythonDecoratedOperator): prepare_email>, send_email already registered for DAG: example_dag_decorator
[2024-11-09T17:15:15.319+0000] {logging_mixin.py:137} INFO - [2024-11-09T17:15:15.319+0000] {taskmixin.py:205} WARNING - Dependency <Task(EmailOperator): send_email>, prepare_email already registered for DAG: example_dag_decorator
[2024-11-09T17:15:15.336+0000] {processor.py:753} INFO - DAG(s) dict_keys(['example_dag_decorator']) retrieved from /home/airflow/.local/lib/python3.7/site-packages/airflow/example_dags/example_dag_decorator.py
[2024-11-09T17:15:15.394+0000] {logging_mixin.py:137} INFO - [2024-11-09T17:15:15.394+0000] {dag.py:2690} INFO - Sync 1 DAGs
[2024-11-09T17:15:15.411+0000] {logging_mixin.py:137} INFO - [2024-11-09T17:15:15.411+0000] {dag.py:3441} INFO - Setting next_dagrun for example_dag_decorator to None, run_after=None
[2024-11-09T17:15:15.430+0000] {processor.py:175} INFO - Processing /home/airflow/.local/lib/python3.7/site-packages/airflow/example_dags/example_dag_decorator.py took 0.133 seconds
[2024-11-09T17:15:46.180+0000] {processor.py:153} INFO - Started process (PID=975) to work on /home/airflow/.local/lib/python3.7/site-packages/airflow/example_dags/example_dag_decorator.py
[2024-11-09T17:15:46.182+0000] {processor.py:743} INFO - Processing file /home/airflow/.local/lib/python3.7/site-packages/airflow/example_dags/example_dag_decorator.py for tasks to queue
[2024-11-09T17:15:46.182+0000] {logging_mixin.py:137} INFO - [2024-11-09T17:15:46.182+0000] {dagbag.py:538} INFO - Filling up the DagBag from /home/airflow/.local/lib/python3.7/site-packages/airflow/example_dags/example_dag_decorator.py
[2024-11-09T17:15:46.191+0000] {logging_mixin.py:137} INFO - [2024-11-09T17:15:46.191+0000] {taskmixin.py:205} WARNING - Dependency <Task(_PythonDecoratedOperator): prepare_email>, send_email already registered for DAG: example_dag_decorator
[2024-11-09T17:15:46.192+0000] {logging_mixin.py:137} INFO - [2024-11-09T17:15:46.192+0000] {taskmixin.py:205} WARNING - Dependency <Task(EmailOperator): send_email>, prepare_email already registered for DAG: example_dag_decorator
[2024-11-09T17:15:46.201+0000] {processor.py:753} INFO - DAG(s) dict_keys(['example_dag_decorator']) retrieved from /home/airflow/.local/lib/python3.7/site-packages/airflow/example_dags/example_dag_decorator.py
[2024-11-09T17:15:46.244+0000] {logging_mixin.py:137} INFO - [2024-11-09T17:15:46.243+0000] {dag.py:2690} INFO - Sync 1 DAGs
[2024-11-09T17:15:46.257+0000] {logging_mixin.py:137} INFO - [2024-11-09T17:15:46.257+0000] {dag.py:3441} INFO - Setting next_dagrun for example_dag_decorator to None, run_after=None
[2024-11-09T17:15:46.274+0000] {processor.py:175} INFO - Processing /home/airflow/.local/lib/python3.7/site-packages/airflow/example_dags/example_dag_decorator.py took 0.096 seconds
[2024-11-09T17:16:16.929+0000] {processor.py:153} INFO - Started process (PID=1062) to work on /home/airflow/.local/lib/python3.7/site-packages/airflow/example_dags/example_dag_decorator.py
[2024-11-09T17:16:16.930+0000] {processor.py:743} INFO - Processing file /home/airflow/.local/lib/python3.7/site-packages/airflow/example_dags/example_dag_decorator.py for tasks to queue
[2024-11-09T17:16:16.931+0000] {logging_mixin.py:137} INFO - [2024-11-09T17:16:16.931+0000] {dagbag.py:538} INFO - Filling up the DagBag from /home/airflow/.local/lib/python3.7/site-packages/airflow/example_dags/example_dag_decorator.py
[2024-11-09T17:16:16.942+0000] {logging_mixin.py:137} INFO - [2024-11-09T17:16:16.942+0000] {taskmixin.py:205} WARNING - Dependency <Task(_PythonDecoratedOperator): prepare_email>, send_email already registered for DAG: example_dag_decorator
[2024-11-09T17:16:16.946+0000] {logging_mixin.py:137} INFO - [2024-11-09T17:16:16.946+0000] {taskmixin.py:205} WARNING - Dependency <Task(EmailOperator): send_email>, prepare_email already registered for DAG: example_dag_decorator
[2024-11-09T17:16:16.955+0000] {processor.py:753} INFO - DAG(s) dict_keys(['example_dag_decorator']) retrieved from /home/airflow/.local/lib/python3.7/site-packages/airflow/example_dags/example_dag_decorator.py
[2024-11-09T17:16:16.994+0000] {logging_mixin.py:137} INFO - [2024-11-09T17:16:16.994+0000] {dag.py:2690} INFO - Sync 1 DAGs
[2024-11-09T17:16:17.007+0000] {logging_mixin.py:137} INFO - [2024-11-09T17:16:17.007+0000] {dag.py:3441} INFO - Setting next_dagrun for example_dag_decorator to None, run_after=None
[2024-11-09T17:16:17.018+0000] {processor.py:175} INFO - Processing /home/airflow/.local/lib/python3.7/site-packages/airflow/example_dags/example_dag_decorator.py took 0.091 seconds
[2024-11-09T17:16:47.087+0000] {processor.py:153} INFO - Started process (PID=1132) to work on /home/airflow/.local/lib/python3.7/site-packages/airflow/example_dags/example_dag_decorator.py
[2024-11-09T17:16:47.087+0000] {processor.py:743} INFO - Processing file /home/airflow/.local/lib/python3.7/site-packages/airflow/example_dags/example_dag_decorator.py for tasks to queue
[2024-11-09T17:16:47.088+0000] {logging_mixin.py:137} INFO - [2024-11-09T17:16:47.088+0000] {dagbag.py:538} INFO - Filling up the DagBag from /home/airflow/.local/lib/python3.7/site-packages/airflow/example_dags/example_dag_decorator.py
[2024-11-09T17:16:47.098+0000] {logging_mixin.py:137} INFO - [2024-11-09T17:16:47.098+0000] {taskmixin.py:205} WARNING - Dependency <Task(_PythonDecoratedOperator): prepare_email>, send_email already registered for DAG: example_dag_decorator
[2024-11-09T17:16:47.098+0000] {logging_mixin.py:137} INFO - [2024-11-09T17:16:47.098+0000] {taskmixin.py:205} WARNING - Dependency <Task(EmailOperator): send_email>, prepare_email already registered for DAG: example_dag_decorator
[2024-11-09T17:16:47.106+0000] {processor.py:753} INFO - DAG(s) dict_keys(['example_dag_decorator']) retrieved from /home/airflow/.local/lib/python3.7/site-packages/airflow/example_dags/example_dag_decorator.py
[2024-11-09T17:16:47.154+0000] {logging_mixin.py:137} INFO - [2024-11-09T17:16:47.154+0000] {dag.py:2690} INFO - Sync 1 DAGs
[2024-11-09T17:16:47.173+0000] {logging_mixin.py:137} INFO - [2024-11-09T17:16:47.173+0000] {dag.py:3441} INFO - Setting next_dagrun for example_dag_decorator to None, run_after=None
[2024-11-09T17:16:47.188+0000] {processor.py:175} INFO - Processing /home/airflow/.local/lib/python3.7/site-packages/airflow/example_dags/example_dag_decorator.py took 0.103 seconds
[2024-11-09T17:17:17.900+0000] {processor.py:153} INFO - Started process (PID=1219) to work on /home/airflow/.local/lib/python3.7/site-packages/airflow/example_dags/example_dag_decorator.py
[2024-11-09T17:17:17.902+0000] {processor.py:743} INFO - Processing file /home/airflow/.local/lib/python3.7/site-packages/airflow/example_dags/example_dag_decorator.py for tasks to queue
[2024-11-09T17:17:17.902+0000] {logging_mixin.py:137} INFO - [2024-11-09T17:17:17.902+0000] {dagbag.py:538} INFO - Filling up the DagBag from /home/airflow/.local/lib/python3.7/site-packages/airflow/example_dags/example_dag_decorator.py
[2024-11-09T17:17:17.912+0000] {logging_mixin.py:137} INFO - [2024-11-09T17:17:17.912+0000] {taskmixin.py:205} WARNING - Dependency <Task(_PythonDecoratedOperator): prepare_email>, send_email already registered for DAG: example_dag_decorator
[2024-11-09T17:17:17.912+0000] {logging_mixin.py:137} INFO - [2024-11-09T17:17:17.912+0000] {taskmixin.py:205} WARNING - Dependency <Task(EmailOperator): send_email>, prepare_email already registered for DAG: example_dag_decorator
[2024-11-09T17:17:17.918+0000] {processor.py:753} INFO - DAG(s) dict_keys(['example_dag_decorator']) retrieved from /home/airflow/.local/lib/python3.7/site-packages/airflow/example_dags/example_dag_decorator.py
[2024-11-09T17:17:17.960+0000] {logging_mixin.py:137} INFO - [2024-11-09T17:17:17.960+0000] {dag.py:2690} INFO - Sync 1 DAGs
[2024-11-09T17:17:17.973+0000] {logging_mixin.py:137} INFO - [2024-11-09T17:17:17.972+0000] {dag.py:3441} INFO - Setting next_dagrun for example_dag_decorator to None, run_after=None
[2024-11-09T17:17:17.988+0000] {processor.py:175} INFO - Processing /home/airflow/.local/lib/python3.7/site-packages/airflow/example_dags/example_dag_decorator.py took 0.089 seconds
[2024-11-09T17:17:48.742+0000] {processor.py:153} INFO - Started process (PID=1306) to work on /home/airflow/.local/lib/python3.7/site-packages/airflow/example_dags/example_dag_decorator.py
[2024-11-09T17:17:48.743+0000] {processor.py:743} INFO - Processing file /home/airflow/.local/lib/python3.7/site-packages/airflow/example_dags/example_dag_decorator.py for tasks to queue
[2024-11-09T17:17:48.743+0000] {logging_mixin.py:137} INFO - [2024-11-09T17:17:48.743+0000] {dagbag.py:538} INFO - Filling up the DagBag from /home/airflow/.local/lib/python3.7/site-packages/airflow/example_dags/example_dag_decorator.py
[2024-11-09T17:17:48.753+0000] {logging_mixin.py:137} INFO - [2024-11-09T17:17:48.753+0000] {taskmixin.py:205} WARNING - Dependency <Task(_PythonDecoratedOperator): prepare_email>, send_email already registered for DAG: example_dag_decorator
[2024-11-09T17:17:48.753+0000] {logging_mixin.py:137} INFO - [2024-11-09T17:17:48.753+0000] {taskmixin.py:205} WARNING - Dependency <Task(EmailOperator): send_email>, prepare_email already registered for DAG: example_dag_decorator
[2024-11-09T17:17:48.760+0000] {processor.py:753} INFO - DAG(s) dict_keys(['example_dag_decorator']) retrieved from /home/airflow/.local/lib/python3.7/site-packages/airflow/example_dags/example_dag_decorator.py
[2024-11-09T17:17:48.799+0000] {logging_mixin.py:137} INFO - [2024-11-09T17:17:48.799+0000] {dag.py:2690} INFO - Sync 1 DAGs
[2024-11-09T17:17:48.811+0000] {logging_mixin.py:137} INFO - [2024-11-09T17:17:48.811+0000] {dag.py:3441} INFO - Setting next_dagrun for example_dag_decorator to None, run_after=None
[2024-11-09T17:17:48.825+0000] {processor.py:175} INFO - Processing /home/airflow/.local/lib/python3.7/site-packages/airflow/example_dags/example_dag_decorator.py took 0.084 seconds
[2024-11-09T17:18:19.544+0000] {processor.py:153} INFO - Started process (PID=1377) to work on /home/airflow/.local/lib/python3.7/site-packages/airflow/example_dags/example_dag_decorator.py
[2024-11-09T17:18:19.549+0000] {processor.py:743} INFO - Processing file /home/airflow/.local/lib/python3.7/site-packages/airflow/example_dags/example_dag_decorator.py for tasks to queue
[2024-11-09T17:18:19.551+0000] {logging_mixin.py:137} INFO - [2024-11-09T17:18:19.551+0000] {dagbag.py:538} INFO - Filling up the DagBag from /home/airflow/.local/lib/python3.7/site-packages/airflow/example_dags/example_dag_decorator.py
[2024-11-09T17:18:19.562+0000] {logging_mixin.py:137} INFO - [2024-11-09T17:18:19.562+0000] {taskmixin.py:205} WARNING - Dependency <Task(_PythonDecoratedOperator): prepare_email>, send_email already registered for DAG: example_dag_decorator
[2024-11-09T17:18:19.562+0000] {logging_mixin.py:137} INFO - [2024-11-09T17:18:19.562+0000] {taskmixin.py:205} WARNING - Dependency <Task(EmailOperator): send_email>, prepare_email already registered for DAG: example_dag_decorator
[2024-11-09T17:18:19.571+0000] {processor.py:753} INFO - DAG(s) dict_keys(['example_dag_decorator']) retrieved from /home/airflow/.local/lib/python3.7/site-packages/airflow/example_dags/example_dag_decorator.py
[2024-11-09T17:18:19.610+0000] {logging_mixin.py:137} INFO - [2024-11-09T17:18:19.610+0000] {dag.py:2690} INFO - Sync 1 DAGs
[2024-11-09T17:18:19.626+0000] {logging_mixin.py:137} INFO - [2024-11-09T17:18:19.626+0000] {dag.py:3441} INFO - Setting next_dagrun for example_dag_decorator to None, run_after=None
[2024-11-09T17:18:19.639+0000] {processor.py:175} INFO - Processing /home/airflow/.local/lib/python3.7/site-packages/airflow/example_dags/example_dag_decorator.py took 0.096 seconds
[2024-11-09T17:18:50.416+0000] {processor.py:153} INFO - Started process (PID=1464) to work on /home/airflow/.local/lib/python3.7/site-packages/airflow/example_dags/example_dag_decorator.py
[2024-11-09T17:18:50.417+0000] {processor.py:743} INFO - Processing file /home/airflow/.local/lib/python3.7/site-packages/airflow/example_dags/example_dag_decorator.py for tasks to queue
[2024-11-09T17:18:50.417+0000] {logging_mixin.py:137} INFO - [2024-11-09T17:18:50.417+0000] {dagbag.py:538} INFO - Filling up the DagBag from /home/airflow/.local/lib/python3.7/site-packages/airflow/example_dags/example_dag_decorator.py
[2024-11-09T17:18:50.427+0000] {logging_mixin.py:137} INFO - [2024-11-09T17:18:50.427+0000] {taskmixin.py:205} WARNING - Dependency <Task(_PythonDecoratedOperator): prepare_email>, send_email already registered for DAG: example_dag_decorator
[2024-11-09T17:18:50.428+0000] {logging_mixin.py:137} INFO - [2024-11-09T17:18:50.428+0000] {taskmixin.py:205} WARNING - Dependency <Task(EmailOperator): send_email>, prepare_email already registered for DAG: example_dag_decorator
[2024-11-09T17:18:50.437+0000] {processor.py:753} INFO - DAG(s) dict_keys(['example_dag_decorator']) retrieved from /home/airflow/.local/lib/python3.7/site-packages/airflow/example_dags/example_dag_decorator.py
[2024-11-09T17:18:50.494+0000] {logging_mixin.py:137} INFO - [2024-11-09T17:18:50.493+0000] {dag.py:2690} INFO - Sync 1 DAGs
[2024-11-09T17:18:50.506+0000] {logging_mixin.py:137} INFO - [2024-11-09T17:18:50.506+0000] {dag.py:3441} INFO - Setting next_dagrun for example_dag_decorator to None, run_after=None
[2024-11-09T17:18:50.516+0000] {processor.py:175} INFO - Processing /home/airflow/.local/lib/python3.7/site-packages/airflow/example_dags/example_dag_decorator.py took 0.101 seconds
[2024-11-09T17:19:21.286+0000] {processor.py:153} INFO - Started process (PID=1551) to work on /home/airflow/.local/lib/python3.7/site-packages/airflow/example_dags/example_dag_decorator.py
[2024-11-09T17:19:21.288+0000] {processor.py:743} INFO - Processing file /home/airflow/.local/lib/python3.7/site-packages/airflow/example_dags/example_dag_decorator.py for tasks to queue
[2024-11-09T17:19:21.288+0000] {logging_mixin.py:137} INFO - [2024-11-09T17:19:21.288+0000] {dagbag.py:538} INFO - Filling up the DagBag from /home/airflow/.local/lib/python3.7/site-packages/airflow/example_dags/example_dag_decorator.py
[2024-11-09T17:19:21.298+0000] {logging_mixin.py:137} INFO - [2024-11-09T17:19:21.298+0000] {taskmixin.py:205} WARNING - Dependency <Task(_PythonDecoratedOperator): prepare_email>, send_email already registered for DAG: example_dag_decorator
[2024-11-09T17:19:21.299+0000] {logging_mixin.py:137} INFO - [2024-11-09T17:19:21.299+0000] {taskmixin.py:205} WARNING - Dependency <Task(EmailOperator): send_email>, prepare_email already registered for DAG: example_dag_decorator
[2024-11-09T17:19:21.307+0000] {processor.py:753} INFO - DAG(s) dict_keys(['example_dag_decorator']) retrieved from /home/airflow/.local/lib/python3.7/site-packages/airflow/example_dags/example_dag_decorator.py
[2024-11-09T17:19:21.353+0000] {logging_mixin.py:137} INFO - [2024-11-09T17:19:21.353+0000] {dag.py:2690} INFO - Sync 1 DAGs
[2024-11-09T17:19:21.366+0000] {logging_mixin.py:137} INFO - [2024-11-09T17:19:21.366+0000] {dag.py:3441} INFO - Setting next_dagrun for example_dag_decorator to None, run_after=None
[2024-11-09T17:19:21.387+0000] {processor.py:175} INFO - Processing /home/airflow/.local/lib/python3.7/site-packages/airflow/example_dags/example_dag_decorator.py took 0.102 seconds
[2024-11-09T17:19:52.380+0000] {processor.py:153} INFO - Started process (PID=1638) to work on /home/airflow/.local/lib/python3.7/site-packages/airflow/example_dags/example_dag_decorator.py
[2024-11-09T17:19:52.382+0000] {processor.py:743} INFO - Processing file /home/airflow/.local/lib/python3.7/site-packages/airflow/example_dags/example_dag_decorator.py for tasks to queue
[2024-11-09T17:19:52.382+0000] {logging_mixin.py:137} INFO - [2024-11-09T17:19:52.382+0000] {dagbag.py:538} INFO - Filling up the DagBag from /home/airflow/.local/lib/python3.7/site-packages/airflow/example_dags/example_dag_decorator.py
[2024-11-09T17:19:52.392+0000] {logging_mixin.py:137} INFO - [2024-11-09T17:19:52.392+0000] {taskmixin.py:205} WARNING - Dependency <Task(_PythonDecoratedOperator): prepare_email>, send_email already registered for DAG: example_dag_decorator
[2024-11-09T17:19:52.393+0000] {logging_mixin.py:137} INFO - [2024-11-09T17:19:52.393+0000] {taskmixin.py:205} WARNING - Dependency <Task(EmailOperator): send_email>, prepare_email already registered for DAG: example_dag_decorator
[2024-11-09T17:19:52.401+0000] {processor.py:753} INFO - DAG(s) dict_keys(['example_dag_decorator']) retrieved from /home/airflow/.local/lib/python3.7/site-packages/airflow/example_dags/example_dag_decorator.py
[2024-11-09T17:19:52.447+0000] {logging_mixin.py:137} INFO - [2024-11-09T17:19:52.447+0000] {dag.py:2690} INFO - Sync 1 DAGs
[2024-11-09T17:19:52.461+0000] {logging_mixin.py:137} INFO - [2024-11-09T17:19:52.461+0000] {dag.py:3441} INFO - Setting next_dagrun for example_dag_decorator to None, run_after=None
[2024-11-09T17:19:52.476+0000] {processor.py:175} INFO - Processing /home/airflow/.local/lib/python3.7/site-packages/airflow/example_dags/example_dag_decorator.py took 0.098 seconds
[2024-11-09T17:20:23.161+0000] {processor.py:153} INFO - Started process (PID=1718) to work on /home/airflow/.local/lib/python3.7/site-packages/airflow/example_dags/example_dag_decorator.py
[2024-11-09T17:20:23.162+0000] {processor.py:743} INFO - Processing file /home/airflow/.local/lib/python3.7/site-packages/airflow/example_dags/example_dag_decorator.py for tasks to queue
[2024-11-09T17:20:23.163+0000] {logging_mixin.py:137} INFO - [2024-11-09T17:20:23.163+0000] {dagbag.py:538} INFO - Filling up the DagBag from /home/airflow/.local/lib/python3.7/site-packages/airflow/example_dags/example_dag_decorator.py
[2024-11-09T17:20:23.173+0000] {logging_mixin.py:137} INFO - [2024-11-09T17:20:23.173+0000] {taskmixin.py:205} WARNING - Dependency <Task(_PythonDecoratedOperator): prepare_email>, send_email already registered for DAG: example_dag_decorator
[2024-11-09T17:20:23.173+0000] {logging_mixin.py:137} INFO - [2024-11-09T17:20:23.173+0000] {taskmixin.py:205} WARNING - Dependency <Task(EmailOperator): send_email>, prepare_email already registered for DAG: example_dag_decorator
[2024-11-09T17:20:23.182+0000] {processor.py:753} INFO - DAG(s) dict_keys(['example_dag_decorator']) retrieved from /home/airflow/.local/lib/python3.7/site-packages/airflow/example_dags/example_dag_decorator.py
[2024-11-09T17:20:23.215+0000] {logging_mixin.py:137} INFO - [2024-11-09T17:20:23.215+0000] {dag.py:2690} INFO - Sync 1 DAGs
[2024-11-09T17:20:23.227+0000] {logging_mixin.py:137} INFO - [2024-11-09T17:20:23.227+0000] {dag.py:3441} INFO - Setting next_dagrun for example_dag_decorator to None, run_after=None
[2024-11-09T17:20:23.236+0000] {processor.py:175} INFO - Processing /home/airflow/.local/lib/python3.7/site-packages/airflow/example_dags/example_dag_decorator.py took 0.077 seconds
[2024-11-09T17:20:51.404+0000] {processor.py:153} INFO - Started process (PID=57) to work on /home/airflow/.local/lib/python3.7/site-packages/airflow/example_dags/example_dag_decorator.py
[2024-11-09T17:20:51.407+0000] {processor.py:743} INFO - Processing file /home/airflow/.local/lib/python3.7/site-packages/airflow/example_dags/example_dag_decorator.py for tasks to queue
[2024-11-09T17:20:51.408+0000] {logging_mixin.py:137} INFO - [2024-11-09T17:20:51.408+0000] {dagbag.py:538} INFO - Filling up the DagBag from /home/airflow/.local/lib/python3.7/site-packages/airflow/example_dags/example_dag_decorator.py
[2024-11-09T17:20:51.421+0000] {logging_mixin.py:137} INFO - [2024-11-09T17:20:51.421+0000] {taskmixin.py:205} WARNING - Dependency <Task(_PythonDecoratedOperator): prepare_email>, send_email already registered for DAG: example_dag_decorator
[2024-11-09T17:20:51.424+0000] {logging_mixin.py:137} INFO - [2024-11-09T17:20:51.424+0000] {taskmixin.py:205} WARNING - Dependency <Task(EmailOperator): send_email>, prepare_email already registered for DAG: example_dag_decorator
[2024-11-09T17:20:51.431+0000] {processor.py:753} INFO - DAG(s) dict_keys(['example_dag_decorator']) retrieved from /home/airflow/.local/lib/python3.7/site-packages/airflow/example_dags/example_dag_decorator.py
[2024-11-09T17:20:51.440+0000] {logging_mixin.py:137} INFO - [2024-11-09T17:20:51.440+0000] {dag.py:2690} INFO - Sync 1 DAGs
[2024-11-09T17:20:51.457+0000] {logging_mixin.py:137} INFO - [2024-11-09T17:20:51.457+0000] {dag.py:3441} INFO - Setting next_dagrun for example_dag_decorator to None, run_after=None
[2024-11-09T17:20:51.476+0000] {processor.py:175} INFO - Processing /home/airflow/.local/lib/python3.7/site-packages/airflow/example_dags/example_dag_decorator.py took 0.075 seconds
[2024-11-09T17:21:22.326+0000] {processor.py:153} INFO - Started process (PID=144) to work on /home/airflow/.local/lib/python3.7/site-packages/airflow/example_dags/example_dag_decorator.py
[2024-11-09T17:21:22.327+0000] {processor.py:743} INFO - Processing file /home/airflow/.local/lib/python3.7/site-packages/airflow/example_dags/example_dag_decorator.py for tasks to queue
[2024-11-09T17:21:22.328+0000] {logging_mixin.py:137} INFO - [2024-11-09T17:21:22.327+0000] {dagbag.py:538} INFO - Filling up the DagBag from /home/airflow/.local/lib/python3.7/site-packages/airflow/example_dags/example_dag_decorator.py
[2024-11-09T17:21:22.343+0000] {logging_mixin.py:137} INFO - [2024-11-09T17:21:22.343+0000] {taskmixin.py:205} WARNING - Dependency <Task(_PythonDecoratedOperator): prepare_email>, send_email already registered for DAG: example_dag_decorator
[2024-11-09T17:21:22.343+0000] {logging_mixin.py:137} INFO - [2024-11-09T17:21:22.343+0000] {taskmixin.py:205} WARNING - Dependency <Task(EmailOperator): send_email>, prepare_email already registered for DAG: example_dag_decorator
[2024-11-09T17:21:22.351+0000] {processor.py:753} INFO - DAG(s) dict_keys(['example_dag_decorator']) retrieved from /home/airflow/.local/lib/python3.7/site-packages/airflow/example_dags/example_dag_decorator.py
[2024-11-09T17:21:22.393+0000] {logging_mixin.py:137} INFO - [2024-11-09T17:21:22.393+0000] {dag.py:2690} INFO - Sync 1 DAGs
[2024-11-09T17:21:22.411+0000] {logging_mixin.py:137} INFO - [2024-11-09T17:21:22.411+0000] {dag.py:3441} INFO - Setting next_dagrun for example_dag_decorator to None, run_after=None
[2024-11-09T17:21:22.429+0000] {processor.py:175} INFO - Processing /home/airflow/.local/lib/python3.7/site-packages/airflow/example_dags/example_dag_decorator.py took 0.105 seconds
[2024-11-09T17:21:53.071+0000] {processor.py:153} INFO - Started process (PID=215) to work on /home/airflow/.local/lib/python3.7/site-packages/airflow/example_dags/example_dag_decorator.py
[2024-11-09T17:21:53.073+0000] {processor.py:743} INFO - Processing file /home/airflow/.local/lib/python3.7/site-packages/airflow/example_dags/example_dag_decorator.py for tasks to queue
[2024-11-09T17:21:53.073+0000] {logging_mixin.py:137} INFO - [2024-11-09T17:21:53.073+0000] {dagbag.py:538} INFO - Filling up the DagBag from /home/airflow/.local/lib/python3.7/site-packages/airflow/example_dags/example_dag_decorator.py
[2024-11-09T17:21:53.086+0000] {logging_mixin.py:137} INFO - [2024-11-09T17:21:53.086+0000] {taskmixin.py:205} WARNING - Dependency <Task(_PythonDecoratedOperator): prepare_email>, send_email already registered for DAG: example_dag_decorator
[2024-11-09T17:21:53.088+0000] {logging_mixin.py:137} INFO - [2024-11-09T17:21:53.088+0000] {taskmixin.py:205} WARNING - Dependency <Task(EmailOperator): send_email>, prepare_email already registered for DAG: example_dag_decorator
[2024-11-09T17:21:53.096+0000] {processor.py:753} INFO - DAG(s) dict_keys(['example_dag_decorator']) retrieved from /home/airflow/.local/lib/python3.7/site-packages/airflow/example_dags/example_dag_decorator.py
[2024-11-09T17:21:53.131+0000] {logging_mixin.py:137} INFO - [2024-11-09T17:21:53.131+0000] {dag.py:2690} INFO - Sync 1 DAGs
[2024-11-09T17:21:53.149+0000] {logging_mixin.py:137} INFO - [2024-11-09T17:21:53.149+0000] {dag.py:3441} INFO - Setting next_dagrun for example_dag_decorator to None, run_after=None
[2024-11-09T17:21:53.168+0000] {processor.py:175} INFO - Processing /home/airflow/.local/lib/python3.7/site-packages/airflow/example_dags/example_dag_decorator.py took 0.100 seconds
[2024-11-09T17:22:24.127+0000] {processor.py:153} INFO - Started process (PID=302) to work on /home/airflow/.local/lib/python3.7/site-packages/airflow/example_dags/example_dag_decorator.py
[2024-11-09T17:22:24.128+0000] {processor.py:743} INFO - Processing file /home/airflow/.local/lib/python3.7/site-packages/airflow/example_dags/example_dag_decorator.py for tasks to queue
[2024-11-09T17:22:24.128+0000] {logging_mixin.py:137} INFO - [2024-11-09T17:22:24.128+0000] {dagbag.py:538} INFO - Filling up the DagBag from /home/airflow/.local/lib/python3.7/site-packages/airflow/example_dags/example_dag_decorator.py
[2024-11-09T17:22:24.137+0000] {logging_mixin.py:137} INFO - [2024-11-09T17:22:24.137+0000] {taskmixin.py:205} WARNING - Dependency <Task(_PythonDecoratedOperator): prepare_email>, send_email already registered for DAG: example_dag_decorator
[2024-11-09T17:22:24.138+0000] {logging_mixin.py:137} INFO - [2024-11-09T17:22:24.138+0000] {taskmixin.py:205} WARNING - Dependency <Task(EmailOperator): send_email>, prepare_email already registered for DAG: example_dag_decorator
[2024-11-09T17:22:24.144+0000] {processor.py:753} INFO - DAG(s) dict_keys(['example_dag_decorator']) retrieved from /home/airflow/.local/lib/python3.7/site-packages/airflow/example_dags/example_dag_decorator.py
[2024-11-09T17:22:24.183+0000] {logging_mixin.py:137} INFO - [2024-11-09T17:22:24.183+0000] {dag.py:2690} INFO - Sync 1 DAGs
[2024-11-09T17:22:24.196+0000] {logging_mixin.py:137} INFO - [2024-11-09T17:22:24.196+0000] {dag.py:3441} INFO - Setting next_dagrun for example_dag_decorator to None, run_after=None
[2024-11-09T17:22:24.209+0000] {processor.py:175} INFO - Processing /home/airflow/.local/lib/python3.7/site-packages/airflow/example_dags/example_dag_decorator.py took 0.084 seconds
[2024-11-09T17:22:55.055+0000] {processor.py:153} INFO - Started process (PID=389) to work on /home/airflow/.local/lib/python3.7/site-packages/airflow/example_dags/example_dag_decorator.py
[2024-11-09T17:22:55.056+0000] {processor.py:743} INFO - Processing file /home/airflow/.local/lib/python3.7/site-packages/airflow/example_dags/example_dag_decorator.py for tasks to queue
[2024-11-09T17:22:55.058+0000] {logging_mixin.py:137} INFO - [2024-11-09T17:22:55.058+0000] {dagbag.py:538} INFO - Filling up the DagBag from /home/airflow/.local/lib/python3.7/site-packages/airflow/example_dags/example_dag_decorator.py
[2024-11-09T17:22:55.067+0000] {logging_mixin.py:137} INFO - [2024-11-09T17:22:55.067+0000] {taskmixin.py:205} WARNING - Dependency <Task(_PythonDecoratedOperator): prepare_email>, send_email already registered for DAG: example_dag_decorator
[2024-11-09T17:22:55.067+0000] {logging_mixin.py:137} INFO - [2024-11-09T17:22:55.067+0000] {taskmixin.py:205} WARNING - Dependency <Task(EmailOperator): send_email>, prepare_email already registered for DAG: example_dag_decorator
[2024-11-09T17:22:55.074+0000] {processor.py:753} INFO - DAG(s) dict_keys(['example_dag_decorator']) retrieved from /home/airflow/.local/lib/python3.7/site-packages/airflow/example_dags/example_dag_decorator.py
[2024-11-09T17:22:55.113+0000] {logging_mixin.py:137} INFO - [2024-11-09T17:22:55.113+0000] {dag.py:2690} INFO - Sync 1 DAGs
[2024-11-09T17:22:55.128+0000] {logging_mixin.py:137} INFO - [2024-11-09T17:22:55.128+0000] {dag.py:3441} INFO - Setting next_dagrun for example_dag_decorator to None, run_after=None
[2024-11-09T17:22:55.141+0000] {processor.py:175} INFO - Processing /home/airflow/.local/lib/python3.7/site-packages/airflow/example_dags/example_dag_decorator.py took 0.088 seconds
[2024-11-09T17:23:25.866+0000] {processor.py:153} INFO - Started process (PID=469) to work on /home/airflow/.local/lib/python3.7/site-packages/airflow/example_dags/example_dag_decorator.py
[2024-11-09T17:23:25.867+0000] {processor.py:743} INFO - Processing file /home/airflow/.local/lib/python3.7/site-packages/airflow/example_dags/example_dag_decorator.py for tasks to queue
[2024-11-09T17:23:25.868+0000] {logging_mixin.py:137} INFO - [2024-11-09T17:23:25.867+0000] {dagbag.py:538} INFO - Filling up the DagBag from /home/airflow/.local/lib/python3.7/site-packages/airflow/example_dags/example_dag_decorator.py
[2024-11-09T17:23:25.878+0000] {logging_mixin.py:137} INFO - [2024-11-09T17:23:25.878+0000] {taskmixin.py:205} WARNING - Dependency <Task(_PythonDecoratedOperator): prepare_email>, send_email already registered for DAG: example_dag_decorator
[2024-11-09T17:23:25.881+0000] {logging_mixin.py:137} INFO - [2024-11-09T17:23:25.881+0000] {taskmixin.py:205} WARNING - Dependency <Task(EmailOperator): send_email>, prepare_email already registered for DAG: example_dag_decorator
[2024-11-09T17:23:25.889+0000] {processor.py:753} INFO - DAG(s) dict_keys(['example_dag_decorator']) retrieved from /home/airflow/.local/lib/python3.7/site-packages/airflow/example_dags/example_dag_decorator.py
[2024-11-09T17:23:25.940+0000] {logging_mixin.py:137} INFO - [2024-11-09T17:23:25.940+0000] {dag.py:2690} INFO - Sync 1 DAGs
[2024-11-09T17:23:25.960+0000] {logging_mixin.py:137} INFO - [2024-11-09T17:23:25.960+0000] {dag.py:3441} INFO - Setting next_dagrun for example_dag_decorator to None, run_after=None
[2024-11-09T17:23:25.975+0000] {processor.py:175} INFO - Processing /home/airflow/.local/lib/python3.7/site-packages/airflow/example_dags/example_dag_decorator.py took 0.111 seconds
[2024-11-09T17:28:53.581+0000] {processor.py:153} INFO - Started process (PID=57) to work on /home/airflow/.local/lib/python3.7/site-packages/airflow/example_dags/example_dag_decorator.py
[2024-11-09T17:28:53.582+0000] {processor.py:743} INFO - Processing file /home/airflow/.local/lib/python3.7/site-packages/airflow/example_dags/example_dag_decorator.py for tasks to queue
[2024-11-09T17:28:53.582+0000] {logging_mixin.py:137} INFO - [2024-11-09T17:28:53.582+0000] {dagbag.py:538} INFO - Filling up the DagBag from /home/airflow/.local/lib/python3.7/site-packages/airflow/example_dags/example_dag_decorator.py
[2024-11-09T17:28:53.593+0000] {logging_mixin.py:137} INFO - [2024-11-09T17:28:53.593+0000] {taskmixin.py:205} WARNING - Dependency <Task(_PythonDecoratedOperator): prepare_email>, send_email already registered for DAG: example_dag_decorator
[2024-11-09T17:28:53.594+0000] {logging_mixin.py:137} INFO - [2024-11-09T17:28:53.594+0000] {taskmixin.py:205} WARNING - Dependency <Task(EmailOperator): send_email>, prepare_email already registered for DAG: example_dag_decorator
[2024-11-09T17:28:53.604+0000] {processor.py:753} INFO - DAG(s) dict_keys(['example_dag_decorator']) retrieved from /home/airflow/.local/lib/python3.7/site-packages/airflow/example_dags/example_dag_decorator.py
[2024-11-09T17:28:53.614+0000] {logging_mixin.py:137} INFO - [2024-11-09T17:28:53.613+0000] {dag.py:2690} INFO - Sync 1 DAGs
[2024-11-09T17:28:53.635+0000] {logging_mixin.py:137} INFO - [2024-11-09T17:28:53.635+0000] {dag.py:3441} INFO - Setting next_dagrun for example_dag_decorator to None, run_after=None
[2024-11-09T17:28:53.652+0000] {processor.py:175} INFO - Processing /home/airflow/.local/lib/python3.7/site-packages/airflow/example_dags/example_dag_decorator.py took 0.073 seconds
[2024-11-09T17:29:24.330+0000] {processor.py:153} INFO - Started process (PID=144) to work on /home/airflow/.local/lib/python3.7/site-packages/airflow/example_dags/example_dag_decorator.py
[2024-11-09T17:29:24.331+0000] {processor.py:743} INFO - Processing file /home/airflow/.local/lib/python3.7/site-packages/airflow/example_dags/example_dag_decorator.py for tasks to queue
[2024-11-09T17:29:24.333+0000] {logging_mixin.py:137} INFO - [2024-11-09T17:29:24.333+0000] {dagbag.py:538} INFO - Filling up the DagBag from /home/airflow/.local/lib/python3.7/site-packages/airflow/example_dags/example_dag_decorator.py
[2024-11-09T17:29:24.344+0000] {logging_mixin.py:137} INFO - [2024-11-09T17:29:24.344+0000] {taskmixin.py:205} WARNING - Dependency <Task(_PythonDecoratedOperator): prepare_email>, send_email already registered for DAG: example_dag_decorator
[2024-11-09T17:29:24.344+0000] {logging_mixin.py:137} INFO - [2024-11-09T17:29:24.344+0000] {taskmixin.py:205} WARNING - Dependency <Task(EmailOperator): send_email>, prepare_email already registered for DAG: example_dag_decorator
[2024-11-09T17:29:24.352+0000] {processor.py:753} INFO - DAG(s) dict_keys(['example_dag_decorator']) retrieved from /home/airflow/.local/lib/python3.7/site-packages/airflow/example_dags/example_dag_decorator.py
[2024-11-09T17:29:24.391+0000] {logging_mixin.py:137} INFO - [2024-11-09T17:29:24.391+0000] {dag.py:2690} INFO - Sync 1 DAGs
[2024-11-09T17:29:24.405+0000] {logging_mixin.py:137} INFO - [2024-11-09T17:29:24.405+0000] {dag.py:3441} INFO - Setting next_dagrun for example_dag_decorator to None, run_after=None
[2024-11-09T17:29:24.420+0000] {processor.py:175} INFO - Processing /home/airflow/.local/lib/python3.7/site-packages/airflow/example_dags/example_dag_decorator.py took 0.091 seconds
[2024-11-09T17:29:55.128+0000] {processor.py:153} INFO - Started process (PID=215) to work on /home/airflow/.local/lib/python3.7/site-packages/airflow/example_dags/example_dag_decorator.py
[2024-11-09T17:29:55.128+0000] {processor.py:743} INFO - Processing file /home/airflow/.local/lib/python3.7/site-packages/airflow/example_dags/example_dag_decorator.py for tasks to queue
[2024-11-09T17:29:55.129+0000] {logging_mixin.py:137} INFO - [2024-11-09T17:29:55.129+0000] {dagbag.py:538} INFO - Filling up the DagBag from /home/airflow/.local/lib/python3.7/site-packages/airflow/example_dags/example_dag_decorator.py
[2024-11-09T17:29:55.140+0000] {logging_mixin.py:137} INFO - [2024-11-09T17:29:55.140+0000] {taskmixin.py:205} WARNING - Dependency <Task(_PythonDecoratedOperator): prepare_email>, send_email already registered for DAG: example_dag_decorator
[2024-11-09T17:29:55.140+0000] {logging_mixin.py:137} INFO - [2024-11-09T17:29:55.140+0000] {taskmixin.py:205} WARNING - Dependency <Task(EmailOperator): send_email>, prepare_email already registered for DAG: example_dag_decorator
[2024-11-09T17:29:55.151+0000] {processor.py:753} INFO - DAG(s) dict_keys(['example_dag_decorator']) retrieved from /home/airflow/.local/lib/python3.7/site-packages/airflow/example_dags/example_dag_decorator.py
[2024-11-09T17:29:55.208+0000] {logging_mixin.py:137} INFO - [2024-11-09T17:29:55.208+0000] {dag.py:2690} INFO - Sync 1 DAGs
[2024-11-09T17:29:55.226+0000] {logging_mixin.py:137} INFO - [2024-11-09T17:29:55.226+0000] {dag.py:3441} INFO - Setting next_dagrun for example_dag_decorator to None, run_after=None
[2024-11-09T17:29:55.245+0000] {processor.py:175} INFO - Processing /home/airflow/.local/lib/python3.7/site-packages/airflow/example_dags/example_dag_decorator.py took 0.118 seconds
[2024-11-09T17:30:14.581+0000] {processor.py:153} INFO - Started process (PID=57) to work on /home/airflow/.local/lib/python3.7/site-packages/airflow/example_dags/example_dag_decorator.py
[2024-11-09T17:30:14.582+0000] {processor.py:743} INFO - Processing file /home/airflow/.local/lib/python3.7/site-packages/airflow/example_dags/example_dag_decorator.py for tasks to queue
[2024-11-09T17:30:14.584+0000] {logging_mixin.py:137} INFO - [2024-11-09T17:30:14.584+0000] {dagbag.py:538} INFO - Filling up the DagBag from /home/airflow/.local/lib/python3.7/site-packages/airflow/example_dags/example_dag_decorator.py
[2024-11-09T17:30:14.595+0000] {logging_mixin.py:137} INFO - [2024-11-09T17:30:14.595+0000] {taskmixin.py:205} WARNING - Dependency <Task(_PythonDecoratedOperator): prepare_email>, send_email already registered for DAG: example_dag_decorator
[2024-11-09T17:30:14.596+0000] {logging_mixin.py:137} INFO - [2024-11-09T17:30:14.596+0000] {taskmixin.py:205} WARNING - Dependency <Task(EmailOperator): send_email>, prepare_email already registered for DAG: example_dag_decorator
[2024-11-09T17:30:14.606+0000] {processor.py:753} INFO - DAG(s) dict_keys(['example_dag_decorator']) retrieved from /home/airflow/.local/lib/python3.7/site-packages/airflow/example_dags/example_dag_decorator.py
[2024-11-09T17:30:14.615+0000] {logging_mixin.py:137} INFO - [2024-11-09T17:30:14.615+0000] {dag.py:2690} INFO - Sync 1 DAGs
[2024-11-09T17:30:14.630+0000] {logging_mixin.py:137} INFO - [2024-11-09T17:30:14.630+0000] {dag.py:3441} INFO - Setting next_dagrun for example_dag_decorator to None, run_after=None
[2024-11-09T17:30:14.640+0000] {processor.py:175} INFO - Processing /home/airflow/.local/lib/python3.7/site-packages/airflow/example_dags/example_dag_decorator.py took 0.062 seconds
[2024-11-09T17:30:45.327+0000] {processor.py:153} INFO - Started process (PID=144) to work on /home/airflow/.local/lib/python3.7/site-packages/airflow/example_dags/example_dag_decorator.py
[2024-11-09T17:30:45.328+0000] {processor.py:743} INFO - Processing file /home/airflow/.local/lib/python3.7/site-packages/airflow/example_dags/example_dag_decorator.py for tasks to queue
[2024-11-09T17:30:45.328+0000] {logging_mixin.py:137} INFO - [2024-11-09T17:30:45.328+0000] {dagbag.py:538} INFO - Filling up the DagBag from /home/airflow/.local/lib/python3.7/site-packages/airflow/example_dags/example_dag_decorator.py
[2024-11-09T17:30:45.336+0000] {logging_mixin.py:137} INFO - [2024-11-09T17:30:45.336+0000] {taskmixin.py:205} WARNING - Dependency <Task(_PythonDecoratedOperator): prepare_email>, send_email already registered for DAG: example_dag_decorator
[2024-11-09T17:30:45.336+0000] {logging_mixin.py:137} INFO - [2024-11-09T17:30:45.336+0000] {taskmixin.py:205} WARNING - Dependency <Task(EmailOperator): send_email>, prepare_email already registered for DAG: example_dag_decorator
[2024-11-09T17:30:45.342+0000] {processor.py:753} INFO - DAG(s) dict_keys(['example_dag_decorator']) retrieved from /home/airflow/.local/lib/python3.7/site-packages/airflow/example_dags/example_dag_decorator.py
[2024-11-09T17:30:45.377+0000] {logging_mixin.py:137} INFO - [2024-11-09T17:30:45.377+0000] {dag.py:2690} INFO - Sync 1 DAGs
[2024-11-09T17:30:45.390+0000] {logging_mixin.py:137} INFO - [2024-11-09T17:30:45.390+0000] {dag.py:3441} INFO - Setting next_dagrun for example_dag_decorator to None, run_after=None
[2024-11-09T17:30:45.403+0000] {processor.py:175} INFO - Processing /home/airflow/.local/lib/python3.7/site-packages/airflow/example_dags/example_dag_decorator.py took 0.078 seconds
[2024-11-09T17:31:15.999+0000] {processor.py:153} INFO - Started process (PID=215) to work on /home/airflow/.local/lib/python3.7/site-packages/airflow/example_dags/example_dag_decorator.py
[2024-11-09T17:31:16.000+0000] {processor.py:743} INFO - Processing file /home/airflow/.local/lib/python3.7/site-packages/airflow/example_dags/example_dag_decorator.py for tasks to queue
[2024-11-09T17:31:16.001+0000] {logging_mixin.py:137} INFO - [2024-11-09T17:31:16.001+0000] {dagbag.py:538} INFO - Filling up the DagBag from /home/airflow/.local/lib/python3.7/site-packages/airflow/example_dags/example_dag_decorator.py
[2024-11-09T17:31:16.010+0000] {logging_mixin.py:137} INFO - [2024-11-09T17:31:16.010+0000] {taskmixin.py:205} WARNING - Dependency <Task(_PythonDecoratedOperator): prepare_email>, send_email already registered for DAG: example_dag_decorator
[2024-11-09T17:31:16.010+0000] {logging_mixin.py:137} INFO - [2024-11-09T17:31:16.010+0000] {taskmixin.py:205} WARNING - Dependency <Task(EmailOperator): send_email>, prepare_email already registered for DAG: example_dag_decorator
[2024-11-09T17:31:16.017+0000] {processor.py:753} INFO - DAG(s) dict_keys(['example_dag_decorator']) retrieved from /home/airflow/.local/lib/python3.7/site-packages/airflow/example_dags/example_dag_decorator.py
[2024-11-09T17:31:16.056+0000] {logging_mixin.py:137} INFO - [2024-11-09T17:31:16.056+0000] {dag.py:2690} INFO - Sync 1 DAGs
[2024-11-09T17:31:16.071+0000] {logging_mixin.py:137} INFO - [2024-11-09T17:31:16.071+0000] {dag.py:3441} INFO - Setting next_dagrun for example_dag_decorator to None, run_after=None
[2024-11-09T17:31:16.081+0000] {processor.py:175} INFO - Processing /home/airflow/.local/lib/python3.7/site-packages/airflow/example_dags/example_dag_decorator.py took 0.084 seconds
[2024-11-09T17:31:46.641+0000] {processor.py:153} INFO - Started process (PID=302) to work on /home/airflow/.local/lib/python3.7/site-packages/airflow/example_dags/example_dag_decorator.py
[2024-11-09T17:31:46.642+0000] {processor.py:743} INFO - Processing file /home/airflow/.local/lib/python3.7/site-packages/airflow/example_dags/example_dag_decorator.py for tasks to queue
[2024-11-09T17:31:46.643+0000] {logging_mixin.py:137} INFO - [2024-11-09T17:31:46.642+0000] {dagbag.py:538} INFO - Filling up the DagBag from /home/airflow/.local/lib/python3.7/site-packages/airflow/example_dags/example_dag_decorator.py
[2024-11-09T17:31:46.652+0000] {logging_mixin.py:137} INFO - [2024-11-09T17:31:46.652+0000] {taskmixin.py:205} WARNING - Dependency <Task(_PythonDecoratedOperator): prepare_email>, send_email already registered for DAG: example_dag_decorator
[2024-11-09T17:31:46.652+0000] {logging_mixin.py:137} INFO - [2024-11-09T17:31:46.652+0000] {taskmixin.py:205} WARNING - Dependency <Task(EmailOperator): send_email>, prepare_email already registered for DAG: example_dag_decorator
[2024-11-09T17:31:46.659+0000] {processor.py:753} INFO - DAG(s) dict_keys(['example_dag_decorator']) retrieved from /home/airflow/.local/lib/python3.7/site-packages/airflow/example_dags/example_dag_decorator.py
[2024-11-09T17:31:46.700+0000] {logging_mixin.py:137} INFO - [2024-11-09T17:31:46.700+0000] {dag.py:2690} INFO - Sync 1 DAGs
[2024-11-09T17:31:46.714+0000] {logging_mixin.py:137} INFO - [2024-11-09T17:31:46.714+0000] {dag.py:3441} INFO - Setting next_dagrun for example_dag_decorator to None, run_after=None
[2024-11-09T17:31:46.724+0000] {processor.py:175} INFO - Processing /home/airflow/.local/lib/python3.7/site-packages/airflow/example_dags/example_dag_decorator.py took 0.085 seconds
[2024-11-09T17:32:17.206+0000] {processor.py:153} INFO - Started process (PID=389) to work on /home/airflow/.local/lib/python3.7/site-packages/airflow/example_dags/example_dag_decorator.py
[2024-11-09T17:32:17.207+0000] {processor.py:743} INFO - Processing file /home/airflow/.local/lib/python3.7/site-packages/airflow/example_dags/example_dag_decorator.py for tasks to queue
[2024-11-09T17:32:17.211+0000] {logging_mixin.py:137} INFO - [2024-11-09T17:32:17.211+0000] {dagbag.py:538} INFO - Filling up the DagBag from /home/airflow/.local/lib/python3.7/site-packages/airflow/example_dags/example_dag_decorator.py
[2024-11-09T17:32:17.219+0000] {logging_mixin.py:137} INFO - [2024-11-09T17:32:17.219+0000] {taskmixin.py:205} WARNING - Dependency <Task(_PythonDecoratedOperator): prepare_email>, send_email already registered for DAG: example_dag_decorator
[2024-11-09T17:32:17.220+0000] {logging_mixin.py:137} INFO - [2024-11-09T17:32:17.220+0000] {taskmixin.py:205} WARNING - Dependency <Task(EmailOperator): send_email>, prepare_email already registered for DAG: example_dag_decorator
[2024-11-09T17:32:17.226+0000] {processor.py:753} INFO - DAG(s) dict_keys(['example_dag_decorator']) retrieved from /home/airflow/.local/lib/python3.7/site-packages/airflow/example_dags/example_dag_decorator.py
[2024-11-09T17:32:17.261+0000] {logging_mixin.py:137} INFO - [2024-11-09T17:32:17.261+0000] {dag.py:2690} INFO - Sync 1 DAGs
[2024-11-09T17:32:17.275+0000] {logging_mixin.py:137} INFO - [2024-11-09T17:32:17.275+0000] {dag.py:3441} INFO - Setting next_dagrun for example_dag_decorator to None, run_after=None
[2024-11-09T17:32:17.288+0000] {processor.py:175} INFO - Processing /home/airflow/.local/lib/python3.7/site-packages/airflow/example_dags/example_dag_decorator.py took 0.084 seconds
[2024-11-09T17:32:47.914+0000] {processor.py:153} INFO - Started process (PID=460) to work on /home/airflow/.local/lib/python3.7/site-packages/airflow/example_dags/example_dag_decorator.py
[2024-11-09T17:32:47.916+0000] {processor.py:743} INFO - Processing file /home/airflow/.local/lib/python3.7/site-packages/airflow/example_dags/example_dag_decorator.py for tasks to queue
[2024-11-09T17:32:47.917+0000] {logging_mixin.py:137} INFO - [2024-11-09T17:32:47.916+0000] {dagbag.py:538} INFO - Filling up the DagBag from /home/airflow/.local/lib/python3.7/site-packages/airflow/example_dags/example_dag_decorator.py
[2024-11-09T17:32:47.925+0000] {logging_mixin.py:137} INFO - [2024-11-09T17:32:47.925+0000] {taskmixin.py:205} WARNING - Dependency <Task(_PythonDecoratedOperator): prepare_email>, send_email already registered for DAG: example_dag_decorator
[2024-11-09T17:32:47.926+0000] {logging_mixin.py:137} INFO - [2024-11-09T17:32:47.926+0000] {taskmixin.py:205} WARNING - Dependency <Task(EmailOperator): send_email>, prepare_email already registered for DAG: example_dag_decorator
[2024-11-09T17:32:47.932+0000] {processor.py:753} INFO - DAG(s) dict_keys(['example_dag_decorator']) retrieved from /home/airflow/.local/lib/python3.7/site-packages/airflow/example_dags/example_dag_decorator.py
[2024-11-09T17:32:47.968+0000] {logging_mixin.py:137} INFO - [2024-11-09T17:32:47.968+0000] {dag.py:2690} INFO - Sync 1 DAGs
[2024-11-09T17:32:47.981+0000] {logging_mixin.py:137} INFO - [2024-11-09T17:32:47.981+0000] {dag.py:3441} INFO - Setting next_dagrun for example_dag_decorator to None, run_after=None
[2024-11-09T17:32:47.994+0000] {processor.py:175} INFO - Processing /home/airflow/.local/lib/python3.7/site-packages/airflow/example_dags/example_dag_decorator.py took 0.083 seconds
