[2024-11-09T17:10:06.689+0000] {processor.py:153} INFO - Started process (PID=77) to work on /home/airflow/.local/lib/python3.7/site-packages/airflow/example_dags/example_branch_labels.py
[2024-11-09T17:10:06.689+0000] {processor.py:743} INFO - Processing file /home/airflow/.local/lib/python3.7/site-packages/airflow/example_dags/example_branch_labels.py for tasks to queue
[2024-11-09T17:10:06.690+0000] {logging_mixin.py:137} INFO - [2024-11-09T17:10:06.690+0000] {dagbag.py:538} INFO - Filling up the DagBag from /home/airflow/.local/lib/python3.7/site-packages/airflow/example_dags/example_branch_labels.py
[2024-11-09T17:10:06.698+0000] {processor.py:753} INFO - DAG(s) dict_keys(['example_branch_labels']) retrieved from /home/airflow/.local/lib/python3.7/site-packages/airflow/example_dags/example_branch_labels.py
[2024-11-09T17:10:06.705+0000] {logging_mixin.py:137} INFO - [2024-11-09T17:10:06.705+0000] {dag.py:2690} INFO - Sync 1 DAGs
[2024-11-09T17:10:06.724+0000] {logging_mixin.py:137} INFO - [2024-11-09T17:10:06.724+0000] {dag.py:3441} INFO - Setting next_dagrun for example_branch_labels to 2024-11-08T00:00:00+00:00, run_after=2024-11-09T00:00:00+00:00
[2024-11-09T17:10:06.742+0000] {processor.py:175} INFO - Processing /home/airflow/.local/lib/python3.7/site-packages/airflow/example_dags/example_branch_labels.py took 0.055 seconds
[2024-11-09T17:10:37.460+0000] {processor.py:153} INFO - Started process (PID=164) to work on /home/airflow/.local/lib/python3.7/site-packages/airflow/example_dags/example_branch_labels.py
[2024-11-09T17:10:37.460+0000] {processor.py:743} INFO - Processing file /home/airflow/.local/lib/python3.7/site-packages/airflow/example_dags/example_branch_labels.py for tasks to queue
[2024-11-09T17:10:37.461+0000] {logging_mixin.py:137} INFO - [2024-11-09T17:10:37.460+0000] {dagbag.py:538} INFO - Filling up the DagBag from /home/airflow/.local/lib/python3.7/site-packages/airflow/example_dags/example_branch_labels.py
[2024-11-09T17:10:37.468+0000] {processor.py:753} INFO - DAG(s) dict_keys(['example_branch_labels']) retrieved from /home/airflow/.local/lib/python3.7/site-packages/airflow/example_dags/example_branch_labels.py
[2024-11-09T17:10:37.488+0000] {logging_mixin.py:137} INFO - [2024-11-09T17:10:37.488+0000] {dag.py:2690} INFO - Sync 1 DAGs
[2024-11-09T17:10:37.506+0000] {logging_mixin.py:137} INFO - [2024-11-09T17:10:37.506+0000] {dag.py:3441} INFO - Setting next_dagrun for example_branch_labels to 2024-11-08T00:00:00+00:00, run_after=2024-11-09T00:00:00+00:00
[2024-11-09T17:10:37.517+0000] {processor.py:175} INFO - Processing /home/airflow/.local/lib/python3.7/site-packages/airflow/example_dags/example_branch_labels.py took 0.059 seconds
[2024-11-09T17:11:08.119+0000] {processor.py:153} INFO - Started process (PID=243) to work on /home/airflow/.local/lib/python3.7/site-packages/airflow/example_dags/example_branch_labels.py
[2024-11-09T17:11:08.121+0000] {processor.py:743} INFO - Processing file /home/airflow/.local/lib/python3.7/site-packages/airflow/example_dags/example_branch_labels.py for tasks to queue
[2024-11-09T17:11:08.121+0000] {logging_mixin.py:137} INFO - [2024-11-09T17:11:08.121+0000] {dagbag.py:538} INFO - Filling up the DagBag from /home/airflow/.local/lib/python3.7/site-packages/airflow/example_dags/example_branch_labels.py
[2024-11-09T17:11:08.130+0000] {processor.py:753} INFO - DAG(s) dict_keys(['example_branch_labels']) retrieved from /home/airflow/.local/lib/python3.7/site-packages/airflow/example_dags/example_branch_labels.py
[2024-11-09T17:11:08.166+0000] {logging_mixin.py:137} INFO - [2024-11-09T17:11:08.166+0000] {dag.py:2690} INFO - Sync 1 DAGs
[2024-11-09T17:11:08.183+0000] {logging_mixin.py:137} INFO - [2024-11-09T17:11:08.183+0000] {dag.py:3441} INFO - Setting next_dagrun for example_branch_labels to 2024-11-08T00:00:00+00:00, run_after=2024-11-09T00:00:00+00:00
[2024-11-09T17:11:08.199+0000] {processor.py:175} INFO - Processing /home/airflow/.local/lib/python3.7/site-packages/airflow/example_dags/example_branch_labels.py took 0.082 seconds
[2024-11-09T17:11:38.909+0000] {processor.py:153} INFO - Started process (PID=321) to work on /home/airflow/.local/lib/python3.7/site-packages/airflow/example_dags/example_branch_labels.py
[2024-11-09T17:11:38.911+0000] {processor.py:743} INFO - Processing file /home/airflow/.local/lib/python3.7/site-packages/airflow/example_dags/example_branch_labels.py for tasks to queue
[2024-11-09T17:11:38.912+0000] {logging_mixin.py:137} INFO - [2024-11-09T17:11:38.912+0000] {dagbag.py:538} INFO - Filling up the DagBag from /home/airflow/.local/lib/python3.7/site-packages/airflow/example_dags/example_branch_labels.py
[2024-11-09T17:11:38.920+0000] {processor.py:753} INFO - DAG(s) dict_keys(['example_branch_labels']) retrieved from /home/airflow/.local/lib/python3.7/site-packages/airflow/example_dags/example_branch_labels.py
[2024-11-09T17:11:38.938+0000] {logging_mixin.py:137} INFO - [2024-11-09T17:11:38.938+0000] {dag.py:2690} INFO - Sync 1 DAGs
[2024-11-09T17:11:38.951+0000] {logging_mixin.py:137} INFO - [2024-11-09T17:11:38.951+0000] {dag.py:3441} INFO - Setting next_dagrun for example_branch_labels to 2024-11-08T00:00:00+00:00, run_after=2024-11-09T00:00:00+00:00
[2024-11-09T17:11:38.964+0000] {processor.py:175} INFO - Processing /home/airflow/.local/lib/python3.7/site-packages/airflow/example_dags/example_branch_labels.py took 0.057 seconds
[2024-11-09T17:12:09.590+0000] {processor.py:153} INFO - Started process (PID=408) to work on /home/airflow/.local/lib/python3.7/site-packages/airflow/example_dags/example_branch_labels.py
[2024-11-09T17:12:09.591+0000] {processor.py:743} INFO - Processing file /home/airflow/.local/lib/python3.7/site-packages/airflow/example_dags/example_branch_labels.py for tasks to queue
[2024-11-09T17:12:09.591+0000] {logging_mixin.py:137} INFO - [2024-11-09T17:12:09.591+0000] {dagbag.py:538} INFO - Filling up the DagBag from /home/airflow/.local/lib/python3.7/site-packages/airflow/example_dags/example_branch_labels.py
[2024-11-09T17:12:09.599+0000] {processor.py:753} INFO - DAG(s) dict_keys(['example_branch_labels']) retrieved from /home/airflow/.local/lib/python3.7/site-packages/airflow/example_dags/example_branch_labels.py
[2024-11-09T17:12:09.613+0000] {logging_mixin.py:137} INFO - [2024-11-09T17:12:09.613+0000] {dag.py:2690} INFO - Sync 1 DAGs
[2024-11-09T17:12:09.627+0000] {logging_mixin.py:137} INFO - [2024-11-09T17:12:09.627+0000] {dag.py:3441} INFO - Setting next_dagrun for example_branch_labels to 2024-11-08T00:00:00+00:00, run_after=2024-11-09T00:00:00+00:00
[2024-11-09T17:12:09.637+0000] {processor.py:175} INFO - Processing /home/airflow/.local/lib/python3.7/site-packages/airflow/example_dags/example_branch_labels.py took 0.048 seconds
[2024-11-09T17:12:40.222+0000] {processor.py:153} INFO - Started process (PID=495) to work on /home/airflow/.local/lib/python3.7/site-packages/airflow/example_dags/example_branch_labels.py
[2024-11-09T17:12:40.223+0000] {processor.py:743} INFO - Processing file /home/airflow/.local/lib/python3.7/site-packages/airflow/example_dags/example_branch_labels.py for tasks to queue
[2024-11-09T17:12:40.223+0000] {logging_mixin.py:137} INFO - [2024-11-09T17:12:40.223+0000] {dagbag.py:538} INFO - Filling up the DagBag from /home/airflow/.local/lib/python3.7/site-packages/airflow/example_dags/example_branch_labels.py
[2024-11-09T17:12:40.232+0000] {processor.py:753} INFO - DAG(s) dict_keys(['example_branch_labels']) retrieved from /home/airflow/.local/lib/python3.7/site-packages/airflow/example_dags/example_branch_labels.py
[2024-11-09T17:12:40.246+0000] {logging_mixin.py:137} INFO - [2024-11-09T17:12:40.246+0000] {dag.py:2690} INFO - Sync 1 DAGs
[2024-11-09T17:12:40.260+0000] {logging_mixin.py:137} INFO - [2024-11-09T17:12:40.260+0000] {dag.py:3441} INFO - Setting next_dagrun for example_branch_labels to 2024-11-08T00:00:00+00:00, run_after=2024-11-09T00:00:00+00:00
[2024-11-09T17:12:40.270+0000] {processor.py:175} INFO - Processing /home/airflow/.local/lib/python3.7/site-packages/airflow/example_dags/example_branch_labels.py took 0.050 seconds
[2024-11-09T17:13:10.905+0000] {processor.py:153} INFO - Started process (PID=566) to work on /home/airflow/.local/lib/python3.7/site-packages/airflow/example_dags/example_branch_labels.py
[2024-11-09T17:13:10.907+0000] {processor.py:743} INFO - Processing file /home/airflow/.local/lib/python3.7/site-packages/airflow/example_dags/example_branch_labels.py for tasks to queue
[2024-11-09T17:13:10.907+0000] {logging_mixin.py:137} INFO - [2024-11-09T17:13:10.907+0000] {dagbag.py:538} INFO - Filling up the DagBag from /home/airflow/.local/lib/python3.7/site-packages/airflow/example_dags/example_branch_labels.py
[2024-11-09T17:13:10.916+0000] {processor.py:753} INFO - DAG(s) dict_keys(['example_branch_labels']) retrieved from /home/airflow/.local/lib/python3.7/site-packages/airflow/example_dags/example_branch_labels.py
[2024-11-09T17:13:10.935+0000] {logging_mixin.py:137} INFO - [2024-11-09T17:13:10.935+0000] {dag.py:2690} INFO - Sync 1 DAGs
[2024-11-09T17:13:10.949+0000] {logging_mixin.py:137} INFO - [2024-11-09T17:13:10.949+0000] {dag.py:3441} INFO - Setting next_dagrun for example_branch_labels to 2024-11-08T00:00:00+00:00, run_after=2024-11-09T00:00:00+00:00
[2024-11-09T17:13:10.960+0000] {processor.py:175} INFO - Processing /home/airflow/.local/lib/python3.7/site-packages/airflow/example_dags/example_branch_labels.py took 0.060 seconds
[2024-11-09T17:13:43.134+0000] {processor.py:153} INFO - Started process (PID=653) to work on /home/airflow/.local/lib/python3.7/site-packages/airflow/example_dags/example_branch_labels.py
[2024-11-09T17:13:43.135+0000] {processor.py:743} INFO - Processing file /home/airflow/.local/lib/python3.7/site-packages/airflow/example_dags/example_branch_labels.py for tasks to queue
[2024-11-09T17:13:43.136+0000] {logging_mixin.py:137} INFO - [2024-11-09T17:13:43.136+0000] {dagbag.py:538} INFO - Filling up the DagBag from /home/airflow/.local/lib/python3.7/site-packages/airflow/example_dags/example_branch_labels.py
[2024-11-09T17:13:43.146+0000] {processor.py:753} INFO - DAG(s) dict_keys(['example_branch_labels']) retrieved from /home/airflow/.local/lib/python3.7/site-packages/airflow/example_dags/example_branch_labels.py
[2024-11-09T17:13:43.167+0000] {logging_mixin.py:137} INFO - [2024-11-09T17:13:43.167+0000] {dag.py:2690} INFO - Sync 1 DAGs
[2024-11-09T17:13:43.183+0000] {logging_mixin.py:137} INFO - [2024-11-09T17:13:43.183+0000] {dag.py:3441} INFO - Setting next_dagrun for example_branch_labels to 2024-11-08T00:00:00+00:00, run_after=2024-11-09T00:00:00+00:00
[2024-11-09T17:13:43.202+0000] {processor.py:175} INFO - Processing /home/airflow/.local/lib/python3.7/site-packages/airflow/example_dags/example_branch_labels.py took 0.071 seconds
[2024-11-09T17:14:14.001+0000] {processor.py:153} INFO - Started process (PID=740) to work on /home/airflow/.local/lib/python3.7/site-packages/airflow/example_dags/example_branch_labels.py
[2024-11-09T17:14:14.003+0000] {processor.py:743} INFO - Processing file /home/airflow/.local/lib/python3.7/site-packages/airflow/example_dags/example_branch_labels.py for tasks to queue
[2024-11-09T17:14:14.003+0000] {logging_mixin.py:137} INFO - [2024-11-09T17:14:14.003+0000] {dagbag.py:538} INFO - Filling up the DagBag from /home/airflow/.local/lib/python3.7/site-packages/airflow/example_dags/example_branch_labels.py
[2024-11-09T17:14:14.011+0000] {processor.py:753} INFO - DAG(s) dict_keys(['example_branch_labels']) retrieved from /home/airflow/.local/lib/python3.7/site-packages/airflow/example_dags/example_branch_labels.py
[2024-11-09T17:14:14.033+0000] {logging_mixin.py:137} INFO - [2024-11-09T17:14:14.033+0000] {dag.py:2690} INFO - Sync 1 DAGs
[2024-11-09T17:14:14.051+0000] {logging_mixin.py:137} INFO - [2024-11-09T17:14:14.051+0000] {dag.py:3441} INFO - Setting next_dagrun for example_branch_labels to 2024-11-08T00:00:00+00:00, run_after=2024-11-09T00:00:00+00:00
[2024-11-09T17:14:14.061+0000] {processor.py:175} INFO - Processing /home/airflow/.local/lib/python3.7/site-packages/airflow/example_dags/example_branch_labels.py took 0.062 seconds
[2024-11-09T17:14:44.860+0000] {processor.py:153} INFO - Started process (PID=811) to work on /home/airflow/.local/lib/python3.7/site-packages/airflow/example_dags/example_branch_labels.py
[2024-11-09T17:14:44.862+0000] {processor.py:743} INFO - Processing file /home/airflow/.local/lib/python3.7/site-packages/airflow/example_dags/example_branch_labels.py for tasks to queue
[2024-11-09T17:14:44.862+0000] {logging_mixin.py:137} INFO - [2024-11-09T17:14:44.862+0000] {dagbag.py:538} INFO - Filling up the DagBag from /home/airflow/.local/lib/python3.7/site-packages/airflow/example_dags/example_branch_labels.py
[2024-11-09T17:14:44.874+0000] {processor.py:753} INFO - DAG(s) dict_keys(['example_branch_labels']) retrieved from /home/airflow/.local/lib/python3.7/site-packages/airflow/example_dags/example_branch_labels.py
[2024-11-09T17:14:44.888+0000] {logging_mixin.py:137} INFO - [2024-11-09T17:14:44.888+0000] {dag.py:2690} INFO - Sync 1 DAGs
[2024-11-09T17:14:44.903+0000] {logging_mixin.py:137} INFO - [2024-11-09T17:14:44.903+0000] {dag.py:3441} INFO - Setting next_dagrun for example_branch_labels to 2024-11-08T00:00:00+00:00, run_after=2024-11-09T00:00:00+00:00
[2024-11-09T17:14:44.914+0000] {processor.py:175} INFO - Processing /home/airflow/.local/lib/python3.7/site-packages/airflow/example_dags/example_branch_labels.py took 0.056 seconds
[2024-11-09T17:15:15.743+0000] {processor.py:153} INFO - Started process (PID=898) to work on /home/airflow/.local/lib/python3.7/site-packages/airflow/example_dags/example_branch_labels.py
[2024-11-09T17:15:15.745+0000] {processor.py:743} INFO - Processing file /home/airflow/.local/lib/python3.7/site-packages/airflow/example_dags/example_branch_labels.py for tasks to queue
[2024-11-09T17:15:15.745+0000] {logging_mixin.py:137} INFO - [2024-11-09T17:15:15.745+0000] {dagbag.py:538} INFO - Filling up the DagBag from /home/airflow/.local/lib/python3.7/site-packages/airflow/example_dags/example_branch_labels.py
[2024-11-09T17:15:15.754+0000] {processor.py:753} INFO - DAG(s) dict_keys(['example_branch_labels']) retrieved from /home/airflow/.local/lib/python3.7/site-packages/airflow/example_dags/example_branch_labels.py
[2024-11-09T17:15:15.776+0000] {logging_mixin.py:137} INFO - [2024-11-09T17:15:15.776+0000] {dag.py:2690} INFO - Sync 1 DAGs
[2024-11-09T17:15:15.796+0000] {logging_mixin.py:137} INFO - [2024-11-09T17:15:15.795+0000] {dag.py:3441} INFO - Setting next_dagrun for example_branch_labels to 2024-11-08T00:00:00+00:00, run_after=2024-11-09T00:00:00+00:00
[2024-11-09T17:15:15.812+0000] {processor.py:175} INFO - Processing /home/airflow/.local/lib/python3.7/site-packages/airflow/example_dags/example_branch_labels.py took 0.071 seconds
[2024-11-09T17:15:46.539+0000] {processor.py:153} INFO - Started process (PID=985) to work on /home/airflow/.local/lib/python3.7/site-packages/airflow/example_dags/example_branch_labels.py
[2024-11-09T17:15:46.540+0000] {processor.py:743} INFO - Processing file /home/airflow/.local/lib/python3.7/site-packages/airflow/example_dags/example_branch_labels.py for tasks to queue
[2024-11-09T17:15:46.540+0000] {logging_mixin.py:137} INFO - [2024-11-09T17:15:46.540+0000] {dagbag.py:538} INFO - Filling up the DagBag from /home/airflow/.local/lib/python3.7/site-packages/airflow/example_dags/example_branch_labels.py
[2024-11-09T17:15:46.548+0000] {processor.py:753} INFO - DAG(s) dict_keys(['example_branch_labels']) retrieved from /home/airflow/.local/lib/python3.7/site-packages/airflow/example_dags/example_branch_labels.py
[2024-11-09T17:15:46.561+0000] {logging_mixin.py:137} INFO - [2024-11-09T17:15:46.561+0000] {dag.py:2690} INFO - Sync 1 DAGs
[2024-11-09T17:15:46.578+0000] {logging_mixin.py:137} INFO - [2024-11-09T17:15:46.578+0000] {dag.py:3441} INFO - Setting next_dagrun for example_branch_labels to 2024-11-08T00:00:00+00:00, run_after=2024-11-09T00:00:00+00:00
[2024-11-09T17:15:46.595+0000] {processor.py:175} INFO - Processing /home/airflow/.local/lib/python3.7/site-packages/airflow/example_dags/example_branch_labels.py took 0.058 seconds
[2024-11-09T17:16:17.304+0000] {processor.py:153} INFO - Started process (PID=1072) to work on /home/airflow/.local/lib/python3.7/site-packages/airflow/example_dags/example_branch_labels.py
[2024-11-09T17:16:17.305+0000] {processor.py:743} INFO - Processing file /home/airflow/.local/lib/python3.7/site-packages/airflow/example_dags/example_branch_labels.py for tasks to queue
[2024-11-09T17:16:17.305+0000] {logging_mixin.py:137} INFO - [2024-11-09T17:16:17.305+0000] {dagbag.py:538} INFO - Filling up the DagBag from /home/airflow/.local/lib/python3.7/site-packages/airflow/example_dags/example_branch_labels.py
[2024-11-09T17:16:17.314+0000] {processor.py:753} INFO - DAG(s) dict_keys(['example_branch_labels']) retrieved from /home/airflow/.local/lib/python3.7/site-packages/airflow/example_dags/example_branch_labels.py
[2024-11-09T17:16:17.341+0000] {logging_mixin.py:137} INFO - [2024-11-09T17:16:17.341+0000] {dag.py:2690} INFO - Sync 1 DAGs
[2024-11-09T17:16:17.374+0000] {logging_mixin.py:137} INFO - [2024-11-09T17:16:17.374+0000] {dag.py:3441} INFO - Setting next_dagrun for example_branch_labels to 2024-11-08T00:00:00+00:00, run_after=2024-11-09T00:00:00+00:00
[2024-11-09T17:16:17.440+0000] {processor.py:175} INFO - Processing /home/airflow/.local/lib/python3.7/site-packages/airflow/example_dags/example_branch_labels.py took 0.138 seconds
[2024-11-09T17:16:47.462+0000] {processor.py:153} INFO - Started process (PID=1142) to work on /home/airflow/.local/lib/python3.7/site-packages/airflow/example_dags/example_branch_labels.py
[2024-11-09T17:16:47.462+0000] {processor.py:743} INFO - Processing file /home/airflow/.local/lib/python3.7/site-packages/airflow/example_dags/example_branch_labels.py for tasks to queue
[2024-11-09T17:16:47.463+0000] {logging_mixin.py:137} INFO - [2024-11-09T17:16:47.463+0000] {dagbag.py:538} INFO - Filling up the DagBag from /home/airflow/.local/lib/python3.7/site-packages/airflow/example_dags/example_branch_labels.py
[2024-11-09T17:16:47.470+0000] {processor.py:753} INFO - DAG(s) dict_keys(['example_branch_labels']) retrieved from /home/airflow/.local/lib/python3.7/site-packages/airflow/example_dags/example_branch_labels.py
[2024-11-09T17:16:47.486+0000] {logging_mixin.py:137} INFO - [2024-11-09T17:16:47.486+0000] {dag.py:2690} INFO - Sync 1 DAGs
[2024-11-09T17:16:47.499+0000] {logging_mixin.py:137} INFO - [2024-11-09T17:16:47.499+0000] {dag.py:3441} INFO - Setting next_dagrun for example_branch_labels to 2024-11-08T00:00:00+00:00, run_after=2024-11-09T00:00:00+00:00
[2024-11-09T17:16:47.507+0000] {processor.py:175} INFO - Processing /home/airflow/.local/lib/python3.7/site-packages/airflow/example_dags/example_branch_labels.py took 0.047 seconds
[2024-11-09T17:17:18.308+0000] {processor.py:153} INFO - Started process (PID=1229) to work on /home/airflow/.local/lib/python3.7/site-packages/airflow/example_dags/example_branch_labels.py
[2024-11-09T17:17:18.309+0000] {processor.py:743} INFO - Processing file /home/airflow/.local/lib/python3.7/site-packages/airflow/example_dags/example_branch_labels.py for tasks to queue
[2024-11-09T17:17:18.309+0000] {logging_mixin.py:137} INFO - [2024-11-09T17:17:18.309+0000] {dagbag.py:538} INFO - Filling up the DagBag from /home/airflow/.local/lib/python3.7/site-packages/airflow/example_dags/example_branch_labels.py
[2024-11-09T17:17:18.317+0000] {processor.py:753} INFO - DAG(s) dict_keys(['example_branch_labels']) retrieved from /home/airflow/.local/lib/python3.7/site-packages/airflow/example_dags/example_branch_labels.py
[2024-11-09T17:17:18.330+0000] {logging_mixin.py:137} INFO - [2024-11-09T17:17:18.330+0000] {dag.py:2690} INFO - Sync 1 DAGs
[2024-11-09T17:17:18.345+0000] {logging_mixin.py:137} INFO - [2024-11-09T17:17:18.345+0000] {dag.py:3441} INFO - Setting next_dagrun for example_branch_labels to 2024-11-08T00:00:00+00:00, run_after=2024-11-09T00:00:00+00:00
[2024-11-09T17:17:18.356+0000] {processor.py:175} INFO - Processing /home/airflow/.local/lib/python3.7/site-packages/airflow/example_dags/example_branch_labels.py took 0.050 seconds
[2024-11-09T17:17:49.097+0000] {processor.py:153} INFO - Started process (PID=1316) to work on /home/airflow/.local/lib/python3.7/site-packages/airflow/example_dags/example_branch_labels.py
[2024-11-09T17:17:49.098+0000] {processor.py:743} INFO - Processing file /home/airflow/.local/lib/python3.7/site-packages/airflow/example_dags/example_branch_labels.py for tasks to queue
[2024-11-09T17:17:49.099+0000] {logging_mixin.py:137} INFO - [2024-11-09T17:17:49.098+0000] {dagbag.py:538} INFO - Filling up the DagBag from /home/airflow/.local/lib/python3.7/site-packages/airflow/example_dags/example_branch_labels.py
[2024-11-09T17:17:49.106+0000] {processor.py:753} INFO - DAG(s) dict_keys(['example_branch_labels']) retrieved from /home/airflow/.local/lib/python3.7/site-packages/airflow/example_dags/example_branch_labels.py
[2024-11-09T17:17:49.119+0000] {logging_mixin.py:137} INFO - [2024-11-09T17:17:49.119+0000] {dag.py:2690} INFO - Sync 1 DAGs
[2024-11-09T17:17:49.132+0000] {logging_mixin.py:137} INFO - [2024-11-09T17:17:49.132+0000] {dag.py:3441} INFO - Setting next_dagrun for example_branch_labels to 2024-11-08T00:00:00+00:00, run_after=2024-11-09T00:00:00+00:00
[2024-11-09T17:17:49.141+0000] {processor.py:175} INFO - Processing /home/airflow/.local/lib/python3.7/site-packages/airflow/example_dags/example_branch_labels.py took 0.046 seconds
[2024-11-09T17:18:19.922+0000] {processor.py:153} INFO - Started process (PID=1387) to work on /home/airflow/.local/lib/python3.7/site-packages/airflow/example_dags/example_branch_labels.py
[2024-11-09T17:18:19.922+0000] {processor.py:743} INFO - Processing file /home/airflow/.local/lib/python3.7/site-packages/airflow/example_dags/example_branch_labels.py for tasks to queue
[2024-11-09T17:18:19.923+0000] {logging_mixin.py:137} INFO - [2024-11-09T17:18:19.923+0000] {dagbag.py:538} INFO - Filling up the DagBag from /home/airflow/.local/lib/python3.7/site-packages/airflow/example_dags/example_branch_labels.py
[2024-11-09T17:18:19.930+0000] {processor.py:753} INFO - DAG(s) dict_keys(['example_branch_labels']) retrieved from /home/airflow/.local/lib/python3.7/site-packages/airflow/example_dags/example_branch_labels.py
[2024-11-09T17:18:19.945+0000] {logging_mixin.py:137} INFO - [2024-11-09T17:18:19.945+0000] {dag.py:2690} INFO - Sync 1 DAGs
[2024-11-09T17:18:19.960+0000] {logging_mixin.py:137} INFO - [2024-11-09T17:18:19.959+0000] {dag.py:3441} INFO - Setting next_dagrun for example_branch_labels to 2024-11-08T00:00:00+00:00, run_after=2024-11-09T00:00:00+00:00
[2024-11-09T17:18:19.970+0000] {processor.py:175} INFO - Processing /home/airflow/.local/lib/python3.7/site-packages/airflow/example_dags/example_branch_labels.py took 0.050 seconds
[2024-11-09T17:18:50.785+0000] {processor.py:153} INFO - Started process (PID=1474) to work on /home/airflow/.local/lib/python3.7/site-packages/airflow/example_dags/example_branch_labels.py
[2024-11-09T17:18:50.786+0000] {processor.py:743} INFO - Processing file /home/airflow/.local/lib/python3.7/site-packages/airflow/example_dags/example_branch_labels.py for tasks to queue
[2024-11-09T17:18:50.786+0000] {logging_mixin.py:137} INFO - [2024-11-09T17:18:50.786+0000] {dagbag.py:538} INFO - Filling up the DagBag from /home/airflow/.local/lib/python3.7/site-packages/airflow/example_dags/example_branch_labels.py
[2024-11-09T17:18:50.796+0000] {processor.py:753} INFO - DAG(s) dict_keys(['example_branch_labels']) retrieved from /home/airflow/.local/lib/python3.7/site-packages/airflow/example_dags/example_branch_labels.py
[2024-11-09T17:18:50.815+0000] {logging_mixin.py:137} INFO - [2024-11-09T17:18:50.814+0000] {dag.py:2690} INFO - Sync 1 DAGs
[2024-11-09T17:18:50.828+0000] {logging_mixin.py:137} INFO - [2024-11-09T17:18:50.828+0000] {dag.py:3441} INFO - Setting next_dagrun for example_branch_labels to 2024-11-08T00:00:00+00:00, run_after=2024-11-09T00:00:00+00:00
[2024-11-09T17:18:50.837+0000] {processor.py:175} INFO - Processing /home/airflow/.local/lib/python3.7/site-packages/airflow/example_dags/example_branch_labels.py took 0.053 seconds
[2024-11-09T17:19:21.696+0000] {processor.py:153} INFO - Started process (PID=1561) to work on /home/airflow/.local/lib/python3.7/site-packages/airflow/example_dags/example_branch_labels.py
[2024-11-09T17:19:21.697+0000] {processor.py:743} INFO - Processing file /home/airflow/.local/lib/python3.7/site-packages/airflow/example_dags/example_branch_labels.py for tasks to queue
[2024-11-09T17:19:21.698+0000] {logging_mixin.py:137} INFO - [2024-11-09T17:19:21.698+0000] {dagbag.py:538} INFO - Filling up the DagBag from /home/airflow/.local/lib/python3.7/site-packages/airflow/example_dags/example_branch_labels.py
[2024-11-09T17:19:21.706+0000] {processor.py:753} INFO - DAG(s) dict_keys(['example_branch_labels']) retrieved from /home/airflow/.local/lib/python3.7/site-packages/airflow/example_dags/example_branch_labels.py
[2024-11-09T17:19:21.721+0000] {logging_mixin.py:137} INFO - [2024-11-09T17:19:21.721+0000] {dag.py:2690} INFO - Sync 1 DAGs
[2024-11-09T17:19:21.738+0000] {logging_mixin.py:137} INFO - [2024-11-09T17:19:21.738+0000] {dag.py:3441} INFO - Setting next_dagrun for example_branch_labels to 2024-11-08T00:00:00+00:00, run_after=2024-11-09T00:00:00+00:00
[2024-11-09T17:19:21.747+0000] {processor.py:175} INFO - Processing /home/airflow/.local/lib/python3.7/site-packages/airflow/example_dags/example_branch_labels.py took 0.053 seconds
[2024-11-09T17:19:52.817+0000] {processor.py:153} INFO - Started process (PID=1648) to work on /home/airflow/.local/lib/python3.7/site-packages/airflow/example_dags/example_branch_labels.py
[2024-11-09T17:19:52.820+0000] {processor.py:743} INFO - Processing file /home/airflow/.local/lib/python3.7/site-packages/airflow/example_dags/example_branch_labels.py for tasks to queue
[2024-11-09T17:19:52.821+0000] {logging_mixin.py:137} INFO - [2024-11-09T17:19:52.821+0000] {dagbag.py:538} INFO - Filling up the DagBag from /home/airflow/.local/lib/python3.7/site-packages/airflow/example_dags/example_branch_labels.py
[2024-11-09T17:19:52.830+0000] {processor.py:753} INFO - DAG(s) dict_keys(['example_branch_labels']) retrieved from /home/airflow/.local/lib/python3.7/site-packages/airflow/example_dags/example_branch_labels.py
[2024-11-09T17:19:52.849+0000] {logging_mixin.py:137} INFO - [2024-11-09T17:19:52.849+0000] {dag.py:2690} INFO - Sync 1 DAGs
[2024-11-09T17:19:52.866+0000] {logging_mixin.py:137} INFO - [2024-11-09T17:19:52.866+0000] {dag.py:3441} INFO - Setting next_dagrun for example_branch_labels to 2024-11-08T00:00:00+00:00, run_after=2024-11-09T00:00:00+00:00
[2024-11-09T17:19:52.874+0000] {processor.py:175} INFO - Processing /home/airflow/.local/lib/python3.7/site-packages/airflow/example_dags/example_branch_labels.py took 0.062 seconds
[2024-11-09T17:20:23.507+0000] {processor.py:153} INFO - Started process (PID=1728) to work on /home/airflow/.local/lib/python3.7/site-packages/airflow/example_dags/example_branch_labels.py
[2024-11-09T17:20:23.507+0000] {processor.py:743} INFO - Processing file /home/airflow/.local/lib/python3.7/site-packages/airflow/example_dags/example_branch_labels.py for tasks to queue
[2024-11-09T17:20:23.509+0000] {logging_mixin.py:137} INFO - [2024-11-09T17:20:23.509+0000] {dagbag.py:538} INFO - Filling up the DagBag from /home/airflow/.local/lib/python3.7/site-packages/airflow/example_dags/example_branch_labels.py
[2024-11-09T17:20:23.517+0000] {processor.py:753} INFO - DAG(s) dict_keys(['example_branch_labels']) retrieved from /home/airflow/.local/lib/python3.7/site-packages/airflow/example_dags/example_branch_labels.py
[2024-11-09T17:20:23.532+0000] {logging_mixin.py:137} INFO - [2024-11-09T17:20:23.532+0000] {dag.py:2690} INFO - Sync 1 DAGs
[2024-11-09T17:20:23.546+0000] {logging_mixin.py:137} INFO - [2024-11-09T17:20:23.545+0000] {dag.py:3441} INFO - Setting next_dagrun for example_branch_labels to 2024-11-08T00:00:00+00:00, run_after=2024-11-09T00:00:00+00:00
[2024-11-09T17:20:23.554+0000] {processor.py:175} INFO - Processing /home/airflow/.local/lib/python3.7/site-packages/airflow/example_dags/example_branch_labels.py took 0.049 seconds
[2024-11-09T17:20:51.806+0000] {processor.py:153} INFO - Started process (PID=67) to work on /home/airflow/.local/lib/python3.7/site-packages/airflow/example_dags/example_branch_labels.py
[2024-11-09T17:20:51.807+0000] {processor.py:743} INFO - Processing file /home/airflow/.local/lib/python3.7/site-packages/airflow/example_dags/example_branch_labels.py for tasks to queue
[2024-11-09T17:20:51.808+0000] {logging_mixin.py:137} INFO - [2024-11-09T17:20:51.808+0000] {dagbag.py:538} INFO - Filling up the DagBag from /home/airflow/.local/lib/python3.7/site-packages/airflow/example_dags/example_branch_labels.py
[2024-11-09T17:20:51.818+0000] {processor.py:753} INFO - DAG(s) dict_keys(['example_branch_labels']) retrieved from /home/airflow/.local/lib/python3.7/site-packages/airflow/example_dags/example_branch_labels.py
[2024-11-09T17:20:51.830+0000] {logging_mixin.py:137} INFO - [2024-11-09T17:20:51.830+0000] {dag.py:2690} INFO - Sync 1 DAGs
[2024-11-09T17:20:51.852+0000] {logging_mixin.py:137} INFO - [2024-11-09T17:20:51.852+0000] {dag.py:3441} INFO - Setting next_dagrun for example_branch_labels to 2024-11-08T00:00:00+00:00, run_after=2024-11-09T00:00:00+00:00
[2024-11-09T17:20:51.929+0000] {processor.py:175} INFO - Processing /home/airflow/.local/lib/python3.7/site-packages/airflow/example_dags/example_branch_labels.py took 0.125 seconds
[2024-11-09T17:21:22.709+0000] {processor.py:153} INFO - Started process (PID=154) to work on /home/airflow/.local/lib/python3.7/site-packages/airflow/example_dags/example_branch_labels.py
[2024-11-09T17:21:22.712+0000] {processor.py:743} INFO - Processing file /home/airflow/.local/lib/python3.7/site-packages/airflow/example_dags/example_branch_labels.py for tasks to queue
[2024-11-09T17:21:22.713+0000] {logging_mixin.py:137} INFO - [2024-11-09T17:21:22.712+0000] {dagbag.py:538} INFO - Filling up the DagBag from /home/airflow/.local/lib/python3.7/site-packages/airflow/example_dags/example_branch_labels.py
[2024-11-09T17:21:22.721+0000] {processor.py:753} INFO - DAG(s) dict_keys(['example_branch_labels']) retrieved from /home/airflow/.local/lib/python3.7/site-packages/airflow/example_dags/example_branch_labels.py
[2024-11-09T17:21:22.741+0000] {logging_mixin.py:137} INFO - [2024-11-09T17:21:22.741+0000] {dag.py:2690} INFO - Sync 1 DAGs
[2024-11-09T17:21:22.755+0000] {logging_mixin.py:137} INFO - [2024-11-09T17:21:22.755+0000] {dag.py:3441} INFO - Setting next_dagrun for example_branch_labels to 2024-11-08T00:00:00+00:00, run_after=2024-11-09T00:00:00+00:00
[2024-11-09T17:21:22.772+0000] {processor.py:175} INFO - Processing /home/airflow/.local/lib/python3.7/site-packages/airflow/example_dags/example_branch_labels.py took 0.064 seconds
[2024-11-09T17:21:53.645+0000] {processor.py:153} INFO - Started process (PID=225) to work on /home/airflow/.local/lib/python3.7/site-packages/airflow/example_dags/example_branch_labels.py
[2024-11-09T17:21:53.646+0000] {processor.py:743} INFO - Processing file /home/airflow/.local/lib/python3.7/site-packages/airflow/example_dags/example_branch_labels.py for tasks to queue
[2024-11-09T17:21:53.646+0000] {logging_mixin.py:137} INFO - [2024-11-09T17:21:53.646+0000] {dagbag.py:538} INFO - Filling up the DagBag from /home/airflow/.local/lib/python3.7/site-packages/airflow/example_dags/example_branch_labels.py
[2024-11-09T17:21:53.657+0000] {processor.py:753} INFO - DAG(s) dict_keys(['example_branch_labels']) retrieved from /home/airflow/.local/lib/python3.7/site-packages/airflow/example_dags/example_branch_labels.py
[2024-11-09T17:21:53.676+0000] {logging_mixin.py:137} INFO - [2024-11-09T17:21:53.675+0000] {dag.py:2690} INFO - Sync 1 DAGs
[2024-11-09T17:21:53.691+0000] {logging_mixin.py:137} INFO - [2024-11-09T17:21:53.691+0000] {dag.py:3441} INFO - Setting next_dagrun for example_branch_labels to 2024-11-08T00:00:00+00:00, run_after=2024-11-09T00:00:00+00:00
[2024-11-09T17:21:53.701+0000] {processor.py:175} INFO - Processing /home/airflow/.local/lib/python3.7/site-packages/airflow/example_dags/example_branch_labels.py took 0.063 seconds
[2024-11-09T17:22:24.541+0000] {processor.py:153} INFO - Started process (PID=312) to work on /home/airflow/.local/lib/python3.7/site-packages/airflow/example_dags/example_branch_labels.py
[2024-11-09T17:22:24.542+0000] {processor.py:743} INFO - Processing file /home/airflow/.local/lib/python3.7/site-packages/airflow/example_dags/example_branch_labels.py for tasks to queue
[2024-11-09T17:22:24.542+0000] {logging_mixin.py:137} INFO - [2024-11-09T17:22:24.542+0000] {dagbag.py:538} INFO - Filling up the DagBag from /home/airflow/.local/lib/python3.7/site-packages/airflow/example_dags/example_branch_labels.py
[2024-11-09T17:22:24.550+0000] {processor.py:753} INFO - DAG(s) dict_keys(['example_branch_labels']) retrieved from /home/airflow/.local/lib/python3.7/site-packages/airflow/example_dags/example_branch_labels.py
[2024-11-09T17:22:24.564+0000] {logging_mixin.py:137} INFO - [2024-11-09T17:22:24.564+0000] {dag.py:2690} INFO - Sync 1 DAGs
[2024-11-09T17:22:24.580+0000] {logging_mixin.py:137} INFO - [2024-11-09T17:22:24.580+0000] {dag.py:3441} INFO - Setting next_dagrun for example_branch_labels to 2024-11-08T00:00:00+00:00, run_after=2024-11-09T00:00:00+00:00
[2024-11-09T17:22:24.593+0000] {processor.py:175} INFO - Processing /home/airflow/.local/lib/python3.7/site-packages/airflow/example_dags/example_branch_labels.py took 0.053 seconds
[2024-11-09T17:22:55.479+0000] {processor.py:153} INFO - Started process (PID=399) to work on /home/airflow/.local/lib/python3.7/site-packages/airflow/example_dags/example_branch_labels.py
[2024-11-09T17:22:55.481+0000] {processor.py:743} INFO - Processing file /home/airflow/.local/lib/python3.7/site-packages/airflow/example_dags/example_branch_labels.py for tasks to queue
[2024-11-09T17:22:55.481+0000] {logging_mixin.py:137} INFO - [2024-11-09T17:22:55.481+0000] {dagbag.py:538} INFO - Filling up the DagBag from /home/airflow/.local/lib/python3.7/site-packages/airflow/example_dags/example_branch_labels.py
[2024-11-09T17:22:55.489+0000] {processor.py:753} INFO - DAG(s) dict_keys(['example_branch_labels']) retrieved from /home/airflow/.local/lib/python3.7/site-packages/airflow/example_dags/example_branch_labels.py
[2024-11-09T17:22:55.503+0000] {logging_mixin.py:137} INFO - [2024-11-09T17:22:55.503+0000] {dag.py:2690} INFO - Sync 1 DAGs
[2024-11-09T17:22:55.516+0000] {logging_mixin.py:137} INFO - [2024-11-09T17:22:55.516+0000] {dag.py:3441} INFO - Setting next_dagrun for example_branch_labels to 2024-11-08T00:00:00+00:00, run_after=2024-11-09T00:00:00+00:00
[2024-11-09T17:22:55.528+0000] {processor.py:175} INFO - Processing /home/airflow/.local/lib/python3.7/site-packages/airflow/example_dags/example_branch_labels.py took 0.051 seconds
[2024-11-09T17:23:26.353+0000] {processor.py:153} INFO - Started process (PID=486) to work on /home/airflow/.local/lib/python3.7/site-packages/airflow/example_dags/example_branch_labels.py
[2024-11-09T17:23:26.355+0000] {processor.py:743} INFO - Processing file /home/airflow/.local/lib/python3.7/site-packages/airflow/example_dags/example_branch_labels.py for tasks to queue
[2024-11-09T17:23:26.357+0000] {logging_mixin.py:137} INFO - [2024-11-09T17:23:26.357+0000] {dagbag.py:538} INFO - Filling up the DagBag from /home/airflow/.local/lib/python3.7/site-packages/airflow/example_dags/example_branch_labels.py
[2024-11-09T17:23:26.366+0000] {processor.py:753} INFO - DAG(s) dict_keys(['example_branch_labels']) retrieved from /home/airflow/.local/lib/python3.7/site-packages/airflow/example_dags/example_branch_labels.py
[2024-11-09T17:23:26.382+0000] {logging_mixin.py:137} INFO - [2024-11-09T17:23:26.382+0000] {dag.py:2690} INFO - Sync 1 DAGs
[2024-11-09T17:23:26.398+0000] {logging_mixin.py:137} INFO - [2024-11-09T17:23:26.397+0000] {dag.py:3441} INFO - Setting next_dagrun for example_branch_labels to 2024-11-08T00:00:00+00:00, run_after=2024-11-09T00:00:00+00:00
[2024-11-09T17:23:26.408+0000] {processor.py:175} INFO - Processing /home/airflow/.local/lib/python3.7/site-packages/airflow/example_dags/example_branch_labels.py took 0.057 seconds
[2024-11-09T17:28:53.942+0000] {processor.py:153} INFO - Started process (PID=67) to work on /home/airflow/.local/lib/python3.7/site-packages/airflow/example_dags/example_branch_labels.py
[2024-11-09T17:28:53.944+0000] {processor.py:743} INFO - Processing file /home/airflow/.local/lib/python3.7/site-packages/airflow/example_dags/example_branch_labels.py for tasks to queue
[2024-11-09T17:28:53.945+0000] {logging_mixin.py:137} INFO - [2024-11-09T17:28:53.945+0000] {dagbag.py:538} INFO - Filling up the DagBag from /home/airflow/.local/lib/python3.7/site-packages/airflow/example_dags/example_branch_labels.py
[2024-11-09T17:28:53.956+0000] {processor.py:753} INFO - DAG(s) dict_keys(['example_branch_labels']) retrieved from /home/airflow/.local/lib/python3.7/site-packages/airflow/example_dags/example_branch_labels.py
[2024-11-09T17:28:53.966+0000] {logging_mixin.py:137} INFO - [2024-11-09T17:28:53.966+0000] {dag.py:2690} INFO - Sync 1 DAGs
[2024-11-09T17:28:53.983+0000] {logging_mixin.py:137} INFO - [2024-11-09T17:28:53.983+0000] {dag.py:3441} INFO - Setting next_dagrun for example_branch_labels to 2024-11-08T00:00:00+00:00, run_after=2024-11-09T00:00:00+00:00
[2024-11-09T17:28:53.997+0000] {processor.py:175} INFO - Processing /home/airflow/.local/lib/python3.7/site-packages/airflow/example_dags/example_branch_labels.py took 0.057 seconds
[2024-11-09T17:29:24.725+0000] {processor.py:153} INFO - Started process (PID=154) to work on /home/airflow/.local/lib/python3.7/site-packages/airflow/example_dags/example_branch_labels.py
[2024-11-09T17:29:24.726+0000] {processor.py:743} INFO - Processing file /home/airflow/.local/lib/python3.7/site-packages/airflow/example_dags/example_branch_labels.py for tasks to queue
[2024-11-09T17:29:24.727+0000] {logging_mixin.py:137} INFO - [2024-11-09T17:29:24.727+0000] {dagbag.py:538} INFO - Filling up the DagBag from /home/airflow/.local/lib/python3.7/site-packages/airflow/example_dags/example_branch_labels.py
[2024-11-09T17:29:24.735+0000] {processor.py:753} INFO - DAG(s) dict_keys(['example_branch_labels']) retrieved from /home/airflow/.local/lib/python3.7/site-packages/airflow/example_dags/example_branch_labels.py
[2024-11-09T17:29:24.752+0000] {logging_mixin.py:137} INFO - [2024-11-09T17:29:24.752+0000] {dag.py:2690} INFO - Sync 1 DAGs
[2024-11-09T17:29:24.767+0000] {logging_mixin.py:137} INFO - [2024-11-09T17:29:24.767+0000] {dag.py:3441} INFO - Setting next_dagrun for example_branch_labels to 2024-11-08T00:00:00+00:00, run_after=2024-11-09T00:00:00+00:00
[2024-11-09T17:29:24.787+0000] {processor.py:175} INFO - Processing /home/airflow/.local/lib/python3.7/site-packages/airflow/example_dags/example_branch_labels.py took 0.063 seconds
[2024-11-09T17:29:55.631+0000] {processor.py:153} INFO - Started process (PID=225) to work on /home/airflow/.local/lib/python3.7/site-packages/airflow/example_dags/example_branch_labels.py
[2024-11-09T17:29:55.634+0000] {processor.py:743} INFO - Processing file /home/airflow/.local/lib/python3.7/site-packages/airflow/example_dags/example_branch_labels.py for tasks to queue
[2024-11-09T17:29:55.634+0000] {logging_mixin.py:137} INFO - [2024-11-09T17:29:55.634+0000] {dagbag.py:538} INFO - Filling up the DagBag from /home/airflow/.local/lib/python3.7/site-packages/airflow/example_dags/example_branch_labels.py
[2024-11-09T17:29:55.642+0000] {processor.py:753} INFO - DAG(s) dict_keys(['example_branch_labels']) retrieved from /home/airflow/.local/lib/python3.7/site-packages/airflow/example_dags/example_branch_labels.py
[2024-11-09T17:29:55.655+0000] {logging_mixin.py:137} INFO - [2024-11-09T17:29:55.655+0000] {dag.py:2690} INFO - Sync 1 DAGs
[2024-11-09T17:29:55.676+0000] {logging_mixin.py:137} INFO - [2024-11-09T17:29:55.676+0000] {dag.py:3441} INFO - Setting next_dagrun for example_branch_labels to 2024-11-08T00:00:00+00:00, run_after=2024-11-09T00:00:00+00:00
[2024-11-09T17:29:55.693+0000] {processor.py:175} INFO - Processing /home/airflow/.local/lib/python3.7/site-packages/airflow/example_dags/example_branch_labels.py took 0.064 seconds
[2024-11-09T17:30:14.911+0000] {processor.py:153} INFO - Started process (PID=67) to work on /home/airflow/.local/lib/python3.7/site-packages/airflow/example_dags/example_branch_labels.py
[2024-11-09T17:30:14.911+0000] {processor.py:743} INFO - Processing file /home/airflow/.local/lib/python3.7/site-packages/airflow/example_dags/example_branch_labels.py for tasks to queue
[2024-11-09T17:30:14.913+0000] {logging_mixin.py:137} INFO - [2024-11-09T17:30:14.912+0000] {dagbag.py:538} INFO - Filling up the DagBag from /home/airflow/.local/lib/python3.7/site-packages/airflow/example_dags/example_branch_labels.py
[2024-11-09T17:30:14.922+0000] {processor.py:753} INFO - DAG(s) dict_keys(['example_branch_labels']) retrieved from /home/airflow/.local/lib/python3.7/site-packages/airflow/example_dags/example_branch_labels.py
[2024-11-09T17:30:14.938+0000] {logging_mixin.py:137} INFO - [2024-11-09T17:30:14.938+0000] {dag.py:2690} INFO - Sync 1 DAGs
[2024-11-09T17:30:14.959+0000] {logging_mixin.py:137} INFO - [2024-11-09T17:30:14.959+0000] {dag.py:3441} INFO - Setting next_dagrun for example_branch_labels to 2024-11-08T00:00:00+00:00, run_after=2024-11-09T00:00:00+00:00
[2024-11-09T17:30:14.976+0000] {processor.py:175} INFO - Processing /home/airflow/.local/lib/python3.7/site-packages/airflow/example_dags/example_branch_labels.py took 0.068 seconds
[2024-11-09T17:30:45.650+0000] {processor.py:153} INFO - Started process (PID=154) to work on /home/airflow/.local/lib/python3.7/site-packages/airflow/example_dags/example_branch_labels.py
[2024-11-09T17:30:45.653+0000] {processor.py:743} INFO - Processing file /home/airflow/.local/lib/python3.7/site-packages/airflow/example_dags/example_branch_labels.py for tasks to queue
[2024-11-09T17:30:45.655+0000] {logging_mixin.py:137} INFO - [2024-11-09T17:30:45.654+0000] {dagbag.py:538} INFO - Filling up the DagBag from /home/airflow/.local/lib/python3.7/site-packages/airflow/example_dags/example_branch_labels.py
[2024-11-09T17:30:45.662+0000] {processor.py:753} INFO - DAG(s) dict_keys(['example_branch_labels']) retrieved from /home/airflow/.local/lib/python3.7/site-packages/airflow/example_dags/example_branch_labels.py
[2024-11-09T17:30:45.675+0000] {logging_mixin.py:137} INFO - [2024-11-09T17:30:45.675+0000] {dag.py:2690} INFO - Sync 1 DAGs
[2024-11-09T17:30:45.691+0000] {logging_mixin.py:137} INFO - [2024-11-09T17:30:45.691+0000] {dag.py:3441} INFO - Setting next_dagrun for example_branch_labels to 2024-11-08T00:00:00+00:00, run_after=2024-11-09T00:00:00+00:00
[2024-11-09T17:30:45.700+0000] {processor.py:175} INFO - Processing /home/airflow/.local/lib/python3.7/site-packages/airflow/example_dags/example_branch_labels.py took 0.052 seconds
[2024-11-09T17:31:16.348+0000] {processor.py:153} INFO - Started process (PID=225) to work on /home/airflow/.local/lib/python3.7/site-packages/airflow/example_dags/example_branch_labels.py
[2024-11-09T17:31:16.348+0000] {processor.py:743} INFO - Processing file /home/airflow/.local/lib/python3.7/site-packages/airflow/example_dags/example_branch_labels.py for tasks to queue
[2024-11-09T17:31:16.349+0000] {logging_mixin.py:137} INFO - [2024-11-09T17:31:16.349+0000] {dagbag.py:538} INFO - Filling up the DagBag from /home/airflow/.local/lib/python3.7/site-packages/airflow/example_dags/example_branch_labels.py
[2024-11-09T17:31:16.356+0000] {processor.py:753} INFO - DAG(s) dict_keys(['example_branch_labels']) retrieved from /home/airflow/.local/lib/python3.7/site-packages/airflow/example_dags/example_branch_labels.py
[2024-11-09T17:31:16.371+0000] {logging_mixin.py:137} INFO - [2024-11-09T17:31:16.371+0000] {dag.py:2690} INFO - Sync 1 DAGs
[2024-11-09T17:31:16.385+0000] {logging_mixin.py:137} INFO - [2024-11-09T17:31:16.385+0000] {dag.py:3441} INFO - Setting next_dagrun for example_branch_labels to 2024-11-08T00:00:00+00:00, run_after=2024-11-09T00:00:00+00:00
[2024-11-09T17:31:16.394+0000] {processor.py:175} INFO - Processing /home/airflow/.local/lib/python3.7/site-packages/airflow/example_dags/example_branch_labels.py took 0.048 seconds
[2024-11-09T17:31:46.985+0000] {processor.py:153} INFO - Started process (PID=312) to work on /home/airflow/.local/lib/python3.7/site-packages/airflow/example_dags/example_branch_labels.py
[2024-11-09T17:31:46.986+0000] {processor.py:743} INFO - Processing file /home/airflow/.local/lib/python3.7/site-packages/airflow/example_dags/example_branch_labels.py for tasks to queue
[2024-11-09T17:31:46.987+0000] {logging_mixin.py:137} INFO - [2024-11-09T17:31:46.986+0000] {dagbag.py:538} INFO - Filling up the DagBag from /home/airflow/.local/lib/python3.7/site-packages/airflow/example_dags/example_branch_labels.py
[2024-11-09T17:31:46.995+0000] {processor.py:753} INFO - DAG(s) dict_keys(['example_branch_labels']) retrieved from /home/airflow/.local/lib/python3.7/site-packages/airflow/example_dags/example_branch_labels.py
[2024-11-09T17:31:47.009+0000] {logging_mixin.py:137} INFO - [2024-11-09T17:31:47.009+0000] {dag.py:2690} INFO - Sync 1 DAGs
[2024-11-09T17:31:47.026+0000] {logging_mixin.py:137} INFO - [2024-11-09T17:31:47.026+0000] {dag.py:3441} INFO - Setting next_dagrun for example_branch_labels to 2024-11-08T00:00:00+00:00, run_after=2024-11-09T00:00:00+00:00
[2024-11-09T17:31:47.036+0000] {processor.py:175} INFO - Processing /home/airflow/.local/lib/python3.7/site-packages/airflow/example_dags/example_branch_labels.py took 0.053 seconds
[2024-11-09T17:32:17.546+0000] {processor.py:153} INFO - Started process (PID=399) to work on /home/airflow/.local/lib/python3.7/site-packages/airflow/example_dags/example_branch_labels.py
[2024-11-09T17:32:17.547+0000] {processor.py:743} INFO - Processing file /home/airflow/.local/lib/python3.7/site-packages/airflow/example_dags/example_branch_labels.py for tasks to queue
[2024-11-09T17:32:17.547+0000] {logging_mixin.py:137} INFO - [2024-11-09T17:32:17.547+0000] {dagbag.py:538} INFO - Filling up the DagBag from /home/airflow/.local/lib/python3.7/site-packages/airflow/example_dags/example_branch_labels.py
[2024-11-09T17:32:17.555+0000] {processor.py:753} INFO - DAG(s) dict_keys(['example_branch_labels']) retrieved from /home/airflow/.local/lib/python3.7/site-packages/airflow/example_dags/example_branch_labels.py
[2024-11-09T17:32:17.568+0000] {logging_mixin.py:137} INFO - [2024-11-09T17:32:17.567+0000] {dag.py:2690} INFO - Sync 1 DAGs
[2024-11-09T17:32:17.585+0000] {logging_mixin.py:137} INFO - [2024-11-09T17:32:17.584+0000] {dag.py:3441} INFO - Setting next_dagrun for example_branch_labels to 2024-11-08T00:00:00+00:00, run_after=2024-11-09T00:00:00+00:00
[2024-11-09T17:32:17.594+0000] {processor.py:175} INFO - Processing /home/airflow/.local/lib/python3.7/site-packages/airflow/example_dags/example_branch_labels.py took 0.050 seconds
[2024-11-09T17:32:48.247+0000] {processor.py:153} INFO - Started process (PID=470) to work on /home/airflow/.local/lib/python3.7/site-packages/airflow/example_dags/example_branch_labels.py
[2024-11-09T17:32:48.251+0000] {processor.py:743} INFO - Processing file /home/airflow/.local/lib/python3.7/site-packages/airflow/example_dags/example_branch_labels.py for tasks to queue
[2024-11-09T17:32:48.252+0000] {logging_mixin.py:137} INFO - [2024-11-09T17:32:48.252+0000] {dagbag.py:538} INFO - Filling up the DagBag from /home/airflow/.local/lib/python3.7/site-packages/airflow/example_dags/example_branch_labels.py
[2024-11-09T17:32:48.259+0000] {processor.py:753} INFO - DAG(s) dict_keys(['example_branch_labels']) retrieved from /home/airflow/.local/lib/python3.7/site-packages/airflow/example_dags/example_branch_labels.py
[2024-11-09T17:32:48.275+0000] {logging_mixin.py:137} INFO - [2024-11-09T17:32:48.275+0000] {dag.py:2690} INFO - Sync 1 DAGs
[2024-11-09T17:32:48.291+0000] {logging_mixin.py:137} INFO - [2024-11-09T17:32:48.291+0000] {dag.py:3441} INFO - Setting next_dagrun for example_branch_labels to 2024-11-08T00:00:00+00:00, run_after=2024-11-09T00:00:00+00:00
[2024-11-09T17:32:48.304+0000] {processor.py:175} INFO - Processing /home/airflow/.local/lib/python3.7/site-packages/airflow/example_dags/example_branch_labels.py took 0.059 seconds
