[2024-11-09T17:10:05.936+0000] {processor.py:153} INFO - Started process (PID=58) to work on /home/airflow/.local/lib/python3.7/site-packages/airflow/example_dags/example_sensors.py
[2024-11-09T17:10:05.936+0000] {processor.py:743} INFO - Processing file /home/airflow/.local/lib/python3.7/site-packages/airflow/example_dags/example_sensors.py for tasks to queue
[2024-11-09T17:10:05.937+0000] {logging_mixin.py:137} INFO - [2024-11-09T17:10:05.937+0000] {dagbag.py:538} INFO - Filling up the DagBag from /home/airflow/.local/lib/python3.7/site-packages/airflow/example_dags/example_sensors.py
[2024-11-09T17:10:05.949+0000] {processor.py:753} INFO - DAG(s) dict_keys(['example_sensors']) retrieved from /home/airflow/.local/lib/python3.7/site-packages/airflow/example_dags/example_sensors.py
[2024-11-09T17:10:05.958+0000] {logging_mixin.py:137} INFO - [2024-11-09T17:10:05.958+0000] {dag.py:2690} INFO - Sync 1 DAGs
[2024-11-09T17:10:05.973+0000] {logging_mixin.py:137} INFO - [2024-11-09T17:10:05.973+0000] {dag.py:3441} INFO - Setting next_dagrun for example_sensors to None, run_after=None
[2024-11-09T17:10:05.990+0000] {processor.py:175} INFO - Processing /home/airflow/.local/lib/python3.7/site-packages/airflow/example_dags/example_sensors.py took 0.056 seconds
[2024-11-09T17:10:36.743+0000] {processor.py:153} INFO - Started process (PID=144) to work on /home/airflow/.local/lib/python3.7/site-packages/airflow/example_dags/example_sensors.py
[2024-11-09T17:10:36.743+0000] {processor.py:743} INFO - Processing file /home/airflow/.local/lib/python3.7/site-packages/airflow/example_dags/example_sensors.py for tasks to queue
[2024-11-09T17:10:36.744+0000] {logging_mixin.py:137} INFO - [2024-11-09T17:10:36.744+0000] {dagbag.py:538} INFO - Filling up the DagBag from /home/airflow/.local/lib/python3.7/site-packages/airflow/example_dags/example_sensors.py
[2024-11-09T17:10:36.754+0000] {processor.py:753} INFO - DAG(s) dict_keys(['example_sensors']) retrieved from /home/airflow/.local/lib/python3.7/site-packages/airflow/example_dags/example_sensors.py
[2024-11-09T17:10:36.772+0000] {logging_mixin.py:137} INFO - [2024-11-09T17:10:36.772+0000] {dag.py:2690} INFO - Sync 1 DAGs
[2024-11-09T17:10:36.785+0000] {logging_mixin.py:137} INFO - [2024-11-09T17:10:36.785+0000] {dag.py:3441} INFO - Setting next_dagrun for example_sensors to None, run_after=None
[2024-11-09T17:10:36.798+0000] {processor.py:175} INFO - Processing /home/airflow/.local/lib/python3.7/site-packages/airflow/example_dags/example_sensors.py took 0.056 seconds
[2024-11-09T17:11:07.409+0000] {processor.py:153} INFO - Started process (PID=215) to work on /home/airflow/.local/lib/python3.7/site-packages/airflow/example_dags/example_sensors.py
[2024-11-09T17:11:07.410+0000] {processor.py:743} INFO - Processing file /home/airflow/.local/lib/python3.7/site-packages/airflow/example_dags/example_sensors.py for tasks to queue
[2024-11-09T17:11:07.410+0000] {logging_mixin.py:137} INFO - [2024-11-09T17:11:07.410+0000] {dagbag.py:538} INFO - Filling up the DagBag from /home/airflow/.local/lib/python3.7/site-packages/airflow/example_dags/example_sensors.py
[2024-11-09T17:11:07.423+0000] {processor.py:753} INFO - DAG(s) dict_keys(['example_sensors']) retrieved from /home/airflow/.local/lib/python3.7/site-packages/airflow/example_dags/example_sensors.py
[2024-11-09T17:11:07.436+0000] {logging_mixin.py:137} INFO - [2024-11-09T17:11:07.436+0000] {dag.py:2690} INFO - Sync 1 DAGs
[2024-11-09T17:11:07.450+0000] {logging_mixin.py:137} INFO - [2024-11-09T17:11:07.450+0000] {dag.py:3441} INFO - Setting next_dagrun for example_sensors to None, run_after=None
[2024-11-09T17:11:07.463+0000] {processor.py:175} INFO - Processing /home/airflow/.local/lib/python3.7/site-packages/airflow/example_dags/example_sensors.py took 0.056 seconds
[2024-11-09T17:11:38.210+0000] {processor.py:153} INFO - Started process (PID=302) to work on /home/airflow/.local/lib/python3.7/site-packages/airflow/example_dags/example_sensors.py
[2024-11-09T17:11:38.211+0000] {processor.py:743} INFO - Processing file /home/airflow/.local/lib/python3.7/site-packages/airflow/example_dags/example_sensors.py for tasks to queue
[2024-11-09T17:11:38.212+0000] {logging_mixin.py:137} INFO - [2024-11-09T17:11:38.212+0000] {dagbag.py:538} INFO - Filling up the DagBag from /home/airflow/.local/lib/python3.7/site-packages/airflow/example_dags/example_sensors.py
[2024-11-09T17:11:38.224+0000] {processor.py:753} INFO - DAG(s) dict_keys(['example_sensors']) retrieved from /home/airflow/.local/lib/python3.7/site-packages/airflow/example_dags/example_sensors.py
[2024-11-09T17:11:38.239+0000] {logging_mixin.py:137} INFO - [2024-11-09T17:11:38.239+0000] {dag.py:2690} INFO - Sync 1 DAGs
[2024-11-09T17:11:38.251+0000] {logging_mixin.py:137} INFO - [2024-11-09T17:11:38.251+0000] {dag.py:3441} INFO - Setting next_dagrun for example_sensors to None, run_after=None
[2024-11-09T17:11:38.262+0000] {processor.py:175} INFO - Processing /home/airflow/.local/lib/python3.7/site-packages/airflow/example_dags/example_sensors.py took 0.054 seconds
[2024-11-09T17:12:08.951+0000] {processor.py:153} INFO - Started process (PID=389) to work on /home/airflow/.local/lib/python3.7/site-packages/airflow/example_dags/example_sensors.py
[2024-11-09T17:12:08.951+0000] {processor.py:743} INFO - Processing file /home/airflow/.local/lib/python3.7/site-packages/airflow/example_dags/example_sensors.py for tasks to queue
[2024-11-09T17:12:08.952+0000] {logging_mixin.py:137} INFO - [2024-11-09T17:12:08.952+0000] {dagbag.py:538} INFO - Filling up the DagBag from /home/airflow/.local/lib/python3.7/site-packages/airflow/example_dags/example_sensors.py
[2024-11-09T17:12:08.962+0000] {processor.py:753} INFO - DAG(s) dict_keys(['example_sensors']) retrieved from /home/airflow/.local/lib/python3.7/site-packages/airflow/example_dags/example_sensors.py
[2024-11-09T17:12:08.976+0000] {logging_mixin.py:137} INFO - [2024-11-09T17:12:08.976+0000] {dag.py:2690} INFO - Sync 1 DAGs
[2024-11-09T17:12:08.989+0000] {logging_mixin.py:137} INFO - [2024-11-09T17:12:08.989+0000] {dag.py:3441} INFO - Setting next_dagrun for example_sensors to None, run_after=None
[2024-11-09T17:12:08.999+0000] {processor.py:175} INFO - Processing /home/airflow/.local/lib/python3.7/site-packages/airflow/example_dags/example_sensors.py took 0.050 seconds
[2024-11-09T17:12:39.513+0000] {processor.py:153} INFO - Started process (PID=476) to work on /home/airflow/.local/lib/python3.7/site-packages/airflow/example_dags/example_sensors.py
[2024-11-09T17:12:39.513+0000] {processor.py:743} INFO - Processing file /home/airflow/.local/lib/python3.7/site-packages/airflow/example_dags/example_sensors.py for tasks to queue
[2024-11-09T17:12:39.514+0000] {logging_mixin.py:137} INFO - [2024-11-09T17:12:39.514+0000] {dagbag.py:538} INFO - Filling up the DagBag from /home/airflow/.local/lib/python3.7/site-packages/airflow/example_dags/example_sensors.py
[2024-11-09T17:12:39.532+0000] {processor.py:753} INFO - DAG(s) dict_keys(['example_sensors']) retrieved from /home/airflow/.local/lib/python3.7/site-packages/airflow/example_dags/example_sensors.py
[2024-11-09T17:12:39.546+0000] {logging_mixin.py:137} INFO - [2024-11-09T17:12:39.546+0000] {dag.py:2690} INFO - Sync 1 DAGs
[2024-11-09T17:12:39.562+0000] {logging_mixin.py:137} INFO - [2024-11-09T17:12:39.562+0000] {dag.py:3441} INFO - Setting next_dagrun for example_sensors to None, run_after=None
[2024-11-09T17:12:39.575+0000] {processor.py:175} INFO - Processing /home/airflow/.local/lib/python3.7/site-packages/airflow/example_dags/example_sensors.py took 0.065 seconds
[2024-11-09T17:13:10.180+0000] {processor.py:153} INFO - Started process (PID=547) to work on /home/airflow/.local/lib/python3.7/site-packages/airflow/example_dags/example_sensors.py
[2024-11-09T17:13:10.181+0000] {processor.py:743} INFO - Processing file /home/airflow/.local/lib/python3.7/site-packages/airflow/example_dags/example_sensors.py for tasks to queue
[2024-11-09T17:13:10.182+0000] {logging_mixin.py:137} INFO - [2024-11-09T17:13:10.182+0000] {dagbag.py:538} INFO - Filling up the DagBag from /home/airflow/.local/lib/python3.7/site-packages/airflow/example_dags/example_sensors.py
[2024-11-09T17:13:10.192+0000] {processor.py:753} INFO - DAG(s) dict_keys(['example_sensors']) retrieved from /home/airflow/.local/lib/python3.7/site-packages/airflow/example_dags/example_sensors.py
[2024-11-09T17:13:10.206+0000] {logging_mixin.py:137} INFO - [2024-11-09T17:13:10.206+0000] {dag.py:2690} INFO - Sync 1 DAGs
[2024-11-09T17:13:10.219+0000] {logging_mixin.py:137} INFO - [2024-11-09T17:13:10.219+0000] {dag.py:3441} INFO - Setting next_dagrun for example_sensors to None, run_after=None
[2024-11-09T17:13:10.233+0000] {processor.py:175} INFO - Processing /home/airflow/.local/lib/python3.7/site-packages/airflow/example_dags/example_sensors.py took 0.055 seconds
[2024-11-09T17:13:42.071+0000] {processor.py:153} INFO - Started process (PID=634) to work on /home/airflow/.local/lib/python3.7/site-packages/airflow/example_dags/example_sensors.py
[2024-11-09T17:13:42.072+0000] {processor.py:743} INFO - Processing file /home/airflow/.local/lib/python3.7/site-packages/airflow/example_dags/example_sensors.py for tasks to queue
[2024-11-09T17:13:42.073+0000] {logging_mixin.py:137} INFO - [2024-11-09T17:13:42.073+0000] {dagbag.py:538} INFO - Filling up the DagBag from /home/airflow/.local/lib/python3.7/site-packages/airflow/example_dags/example_sensors.py
[2024-11-09T17:13:42.095+0000] {processor.py:753} INFO - DAG(s) dict_keys(['example_sensors']) retrieved from /home/airflow/.local/lib/python3.7/site-packages/airflow/example_dags/example_sensors.py
[2024-11-09T17:13:42.120+0000] {logging_mixin.py:137} INFO - [2024-11-09T17:13:42.120+0000] {dag.py:2690} INFO - Sync 1 DAGs
[2024-11-09T17:13:42.140+0000] {logging_mixin.py:137} INFO - [2024-11-09T17:13:42.140+0000] {dag.py:3441} INFO - Setting next_dagrun for example_sensors to None, run_after=None
[2024-11-09T17:13:42.165+0000] {processor.py:175} INFO - Processing /home/airflow/.local/lib/python3.7/site-packages/airflow/example_dags/example_sensors.py took 0.097 seconds
[2024-11-09T17:14:12.226+0000] {processor.py:153} INFO - Started process (PID=721) to work on /home/airflow/.local/lib/python3.7/site-packages/airflow/example_dags/example_sensors.py
[2024-11-09T17:14:12.228+0000] {processor.py:743} INFO - Processing file /home/airflow/.local/lib/python3.7/site-packages/airflow/example_dags/example_sensors.py for tasks to queue
[2024-11-09T17:14:12.229+0000] {logging_mixin.py:137} INFO - [2024-11-09T17:14:12.228+0000] {dagbag.py:538} INFO - Filling up the DagBag from /home/airflow/.local/lib/python3.7/site-packages/airflow/example_dags/example_sensors.py
[2024-11-09T17:14:12.245+0000] {processor.py:753} INFO - DAG(s) dict_keys(['example_sensors']) retrieved from /home/airflow/.local/lib/python3.7/site-packages/airflow/example_dags/example_sensors.py
[2024-11-09T17:14:12.267+0000] {logging_mixin.py:137} INFO - [2024-11-09T17:14:12.267+0000] {dag.py:2690} INFO - Sync 1 DAGs
[2024-11-09T17:14:12.281+0000] {logging_mixin.py:137} INFO - [2024-11-09T17:14:12.281+0000] {dag.py:3441} INFO - Setting next_dagrun for example_sensors to None, run_after=None
[2024-11-09T17:14:12.297+0000] {processor.py:175} INFO - Processing /home/airflow/.local/lib/python3.7/site-packages/airflow/example_dags/example_sensors.py took 0.073 seconds
[2024-11-09T17:14:43.055+0000] {processor.py:153} INFO - Started process (PID=792) to work on /home/airflow/.local/lib/python3.7/site-packages/airflow/example_dags/example_sensors.py
[2024-11-09T17:14:43.057+0000] {processor.py:743} INFO - Processing file /home/airflow/.local/lib/python3.7/site-packages/airflow/example_dags/example_sensors.py for tasks to queue
[2024-11-09T17:14:43.058+0000] {logging_mixin.py:137} INFO - [2024-11-09T17:14:43.058+0000] {dagbag.py:538} INFO - Filling up the DagBag from /home/airflow/.local/lib/python3.7/site-packages/airflow/example_dags/example_sensors.py
[2024-11-09T17:14:43.071+0000] {processor.py:753} INFO - DAG(s) dict_keys(['example_sensors']) retrieved from /home/airflow/.local/lib/python3.7/site-packages/airflow/example_dags/example_sensors.py
[2024-11-09T17:14:43.093+0000] {logging_mixin.py:137} INFO - [2024-11-09T17:14:43.093+0000] {dag.py:2690} INFO - Sync 1 DAGs
[2024-11-09T17:14:43.109+0000] {logging_mixin.py:137} INFO - [2024-11-09T17:14:43.109+0000] {dag.py:3441} INFO - Setting next_dagrun for example_sensors to None, run_after=None
[2024-11-09T17:14:43.120+0000] {processor.py:175} INFO - Processing /home/airflow/.local/lib/python3.7/site-packages/airflow/example_dags/example_sensors.py took 0.068 seconds
[2024-11-09T17:15:13.855+0000] {processor.py:153} INFO - Started process (PID=879) to work on /home/airflow/.local/lib/python3.7/site-packages/airflow/example_dags/example_sensors.py
[2024-11-09T17:15:13.856+0000] {processor.py:743} INFO - Processing file /home/airflow/.local/lib/python3.7/site-packages/airflow/example_dags/example_sensors.py for tasks to queue
[2024-11-09T17:15:13.856+0000] {logging_mixin.py:137} INFO - [2024-11-09T17:15:13.856+0000] {dagbag.py:538} INFO - Filling up the DagBag from /home/airflow/.local/lib/python3.7/site-packages/airflow/example_dags/example_sensors.py
[2024-11-09T17:15:13.865+0000] {processor.py:753} INFO - DAG(s) dict_keys(['example_sensors']) retrieved from /home/airflow/.local/lib/python3.7/site-packages/airflow/example_dags/example_sensors.py
[2024-11-09T17:15:13.879+0000] {logging_mixin.py:137} INFO - [2024-11-09T17:15:13.879+0000] {dag.py:2690} INFO - Sync 1 DAGs
[2024-11-09T17:15:13.893+0000] {logging_mixin.py:137} INFO - [2024-11-09T17:15:13.893+0000] {dag.py:3441} INFO - Setting next_dagrun for example_sensors to None, run_after=None
[2024-11-09T17:15:13.902+0000] {processor.py:175} INFO - Processing /home/airflow/.local/lib/python3.7/site-packages/airflow/example_dags/example_sensors.py took 0.050 seconds
[2024-11-09T17:15:44.810+0000] {processor.py:153} INFO - Started process (PID=966) to work on /home/airflow/.local/lib/python3.7/site-packages/airflow/example_dags/example_sensors.py
[2024-11-09T17:15:44.811+0000] {processor.py:743} INFO - Processing file /home/airflow/.local/lib/python3.7/site-packages/airflow/example_dags/example_sensors.py for tasks to queue
[2024-11-09T17:15:44.813+0000] {logging_mixin.py:137} INFO - [2024-11-09T17:15:44.813+0000] {dagbag.py:538} INFO - Filling up the DagBag from /home/airflow/.local/lib/python3.7/site-packages/airflow/example_dags/example_sensors.py
[2024-11-09T17:15:44.824+0000] {processor.py:753} INFO - DAG(s) dict_keys(['example_sensors']) retrieved from /home/airflow/.local/lib/python3.7/site-packages/airflow/example_dags/example_sensors.py
[2024-11-09T17:15:44.841+0000] {logging_mixin.py:137} INFO - [2024-11-09T17:15:44.841+0000] {dag.py:2690} INFO - Sync 1 DAGs
[2024-11-09T17:15:44.858+0000] {logging_mixin.py:137} INFO - [2024-11-09T17:15:44.858+0000] {dag.py:3441} INFO - Setting next_dagrun for example_sensors to None, run_after=None
[2024-11-09T17:15:44.877+0000] {processor.py:175} INFO - Processing /home/airflow/.local/lib/python3.7/site-packages/airflow/example_dags/example_sensors.py took 0.069 seconds
[2024-11-09T17:16:15.564+0000] {processor.py:153} INFO - Started process (PID=1044) to work on /home/airflow/.local/lib/python3.7/site-packages/airflow/example_dags/example_sensors.py
[2024-11-09T17:16:15.565+0000] {processor.py:743} INFO - Processing file /home/airflow/.local/lib/python3.7/site-packages/airflow/example_dags/example_sensors.py for tasks to queue
[2024-11-09T17:16:15.566+0000] {logging_mixin.py:137} INFO - [2024-11-09T17:16:15.566+0000] {dagbag.py:538} INFO - Filling up the DagBag from /home/airflow/.local/lib/python3.7/site-packages/airflow/example_dags/example_sensors.py
[2024-11-09T17:16:15.588+0000] {processor.py:753} INFO - DAG(s) dict_keys(['example_sensors']) retrieved from /home/airflow/.local/lib/python3.7/site-packages/airflow/example_dags/example_sensors.py
[2024-11-09T17:16:15.611+0000] {logging_mixin.py:137} INFO - [2024-11-09T17:16:15.611+0000] {dag.py:2690} INFO - Sync 1 DAGs
[2024-11-09T17:16:15.629+0000] {logging_mixin.py:137} INFO - [2024-11-09T17:16:15.629+0000] {dag.py:3441} INFO - Setting next_dagrun for example_sensors to None, run_after=None
[2024-11-09T17:16:15.645+0000] {processor.py:175} INFO - Processing /home/airflow/.local/lib/python3.7/site-packages/airflow/example_dags/example_sensors.py took 0.083 seconds
[2024-11-09T17:16:46.725+0000] {processor.py:153} INFO - Started process (PID=1123) to work on /home/airflow/.local/lib/python3.7/site-packages/airflow/example_dags/example_sensors.py
[2024-11-09T17:16:46.726+0000] {processor.py:743} INFO - Processing file /home/airflow/.local/lib/python3.7/site-packages/airflow/example_dags/example_sensors.py for tasks to queue
[2024-11-09T17:16:46.726+0000] {logging_mixin.py:137} INFO - [2024-11-09T17:16:46.726+0000] {dagbag.py:538} INFO - Filling up the DagBag from /home/airflow/.local/lib/python3.7/site-packages/airflow/example_dags/example_sensors.py
[2024-11-09T17:16:46.738+0000] {processor.py:753} INFO - DAG(s) dict_keys(['example_sensors']) retrieved from /home/airflow/.local/lib/python3.7/site-packages/airflow/example_dags/example_sensors.py
[2024-11-09T17:16:46.755+0000] {logging_mixin.py:137} INFO - [2024-11-09T17:16:46.755+0000] {dag.py:2690} INFO - Sync 1 DAGs
[2024-11-09T17:16:46.772+0000] {logging_mixin.py:137} INFO - [2024-11-09T17:16:46.772+0000] {dag.py:3441} INFO - Setting next_dagrun for example_sensors to None, run_after=None
[2024-11-09T17:16:46.786+0000] {processor.py:175} INFO - Processing /home/airflow/.local/lib/python3.7/site-packages/airflow/example_dags/example_sensors.py took 0.064 seconds
[2024-11-09T17:17:17.539+0000] {processor.py:153} INFO - Started process (PID=1210) to work on /home/airflow/.local/lib/python3.7/site-packages/airflow/example_dags/example_sensors.py
[2024-11-09T17:17:17.540+0000] {processor.py:743} INFO - Processing file /home/airflow/.local/lib/python3.7/site-packages/airflow/example_dags/example_sensors.py for tasks to queue
[2024-11-09T17:17:17.540+0000] {logging_mixin.py:137} INFO - [2024-11-09T17:17:17.540+0000] {dagbag.py:538} INFO - Filling up the DagBag from /home/airflow/.local/lib/python3.7/site-packages/airflow/example_dags/example_sensors.py
[2024-11-09T17:17:17.552+0000] {processor.py:753} INFO - DAG(s) dict_keys(['example_sensors']) retrieved from /home/airflow/.local/lib/python3.7/site-packages/airflow/example_dags/example_sensors.py
[2024-11-09T17:17:17.570+0000] {logging_mixin.py:137} INFO - [2024-11-09T17:17:17.570+0000] {dag.py:2690} INFO - Sync 1 DAGs
[2024-11-09T17:17:17.590+0000] {logging_mixin.py:137} INFO - [2024-11-09T17:17:17.590+0000] {dag.py:3441} INFO - Setting next_dagrun for example_sensors to None, run_after=None
[2024-11-09T17:17:17.610+0000] {processor.py:175} INFO - Processing /home/airflow/.local/lib/python3.7/site-packages/airflow/example_dags/example_sensors.py took 0.073 seconds
[2024-11-09T17:17:48.357+0000] {processor.py:153} INFO - Started process (PID=1297) to work on /home/airflow/.local/lib/python3.7/site-packages/airflow/example_dags/example_sensors.py
[2024-11-09T17:17:48.358+0000] {processor.py:743} INFO - Processing file /home/airflow/.local/lib/python3.7/site-packages/airflow/example_dags/example_sensors.py for tasks to queue
[2024-11-09T17:17:48.359+0000] {logging_mixin.py:137} INFO - [2024-11-09T17:17:48.359+0000] {dagbag.py:538} INFO - Filling up the DagBag from /home/airflow/.local/lib/python3.7/site-packages/airflow/example_dags/example_sensors.py
[2024-11-09T17:17:48.372+0000] {processor.py:753} INFO - DAG(s) dict_keys(['example_sensors']) retrieved from /home/airflow/.local/lib/python3.7/site-packages/airflow/example_dags/example_sensors.py
[2024-11-09T17:17:48.392+0000] {logging_mixin.py:137} INFO - [2024-11-09T17:17:48.391+0000] {dag.py:2690} INFO - Sync 1 DAGs
[2024-11-09T17:17:48.418+0000] {logging_mixin.py:137} INFO - [2024-11-09T17:17:48.418+0000] {dag.py:3441} INFO - Setting next_dagrun for example_sensors to None, run_after=None
[2024-11-09T17:17:48.445+0000] {processor.py:175} INFO - Processing /home/airflow/.local/lib/python3.7/site-packages/airflow/example_dags/example_sensors.py took 0.090 seconds
[2024-11-09T17:18:19.171+0000] {processor.py:153} INFO - Started process (PID=1368) to work on /home/airflow/.local/lib/python3.7/site-packages/airflow/example_dags/example_sensors.py
[2024-11-09T17:18:19.172+0000] {processor.py:743} INFO - Processing file /home/airflow/.local/lib/python3.7/site-packages/airflow/example_dags/example_sensors.py for tasks to queue
[2024-11-09T17:18:19.172+0000] {logging_mixin.py:137} INFO - [2024-11-09T17:18:19.172+0000] {dagbag.py:538} INFO - Filling up the DagBag from /home/airflow/.local/lib/python3.7/site-packages/airflow/example_dags/example_sensors.py
[2024-11-09T17:18:19.183+0000] {processor.py:753} INFO - DAG(s) dict_keys(['example_sensors']) retrieved from /home/airflow/.local/lib/python3.7/site-packages/airflow/example_dags/example_sensors.py
[2024-11-09T17:18:19.197+0000] {logging_mixin.py:137} INFO - [2024-11-09T17:18:19.197+0000] {dag.py:2690} INFO - Sync 1 DAGs
[2024-11-09T17:18:19.210+0000] {logging_mixin.py:137} INFO - [2024-11-09T17:18:19.210+0000] {dag.py:3441} INFO - Setting next_dagrun for example_sensors to None, run_after=None
[2024-11-09T17:18:19.221+0000] {processor.py:175} INFO - Processing /home/airflow/.local/lib/python3.7/site-packages/airflow/example_dags/example_sensors.py took 0.052 seconds
[2024-11-09T17:18:50.116+0000] {processor.py:153} INFO - Started process (PID=1455) to work on /home/airflow/.local/lib/python3.7/site-packages/airflow/example_dags/example_sensors.py
[2024-11-09T17:18:50.118+0000] {processor.py:743} INFO - Processing file /home/airflow/.local/lib/python3.7/site-packages/airflow/example_dags/example_sensors.py for tasks to queue
[2024-11-09T17:18:50.119+0000] {logging_mixin.py:137} INFO - [2024-11-09T17:18:50.119+0000] {dagbag.py:538} INFO - Filling up the DagBag from /home/airflow/.local/lib/python3.7/site-packages/airflow/example_dags/example_sensors.py
[2024-11-09T17:18:50.130+0000] {processor.py:753} INFO - DAG(s) dict_keys(['example_sensors']) retrieved from /home/airflow/.local/lib/python3.7/site-packages/airflow/example_dags/example_sensors.py
[2024-11-09T17:18:50.148+0000] {logging_mixin.py:137} INFO - [2024-11-09T17:18:50.148+0000] {dag.py:2690} INFO - Sync 1 DAGs
[2024-11-09T17:18:50.162+0000] {logging_mixin.py:137} INFO - [2024-11-09T17:18:50.162+0000] {dag.py:3441} INFO - Setting next_dagrun for example_sensors to None, run_after=None
[2024-11-09T17:18:50.174+0000] {processor.py:175} INFO - Processing /home/airflow/.local/lib/python3.7/site-packages/airflow/example_dags/example_sensors.py took 0.060 seconds
[2024-11-09T17:19:20.904+0000] {processor.py:153} INFO - Started process (PID=1542) to work on /home/airflow/.local/lib/python3.7/site-packages/airflow/example_dags/example_sensors.py
[2024-11-09T17:19:20.906+0000] {processor.py:743} INFO - Processing file /home/airflow/.local/lib/python3.7/site-packages/airflow/example_dags/example_sensors.py for tasks to queue
[2024-11-09T17:19:20.906+0000] {logging_mixin.py:137} INFO - [2024-11-09T17:19:20.906+0000] {dagbag.py:538} INFO - Filling up the DagBag from /home/airflow/.local/lib/python3.7/site-packages/airflow/example_dags/example_sensors.py
[2024-11-09T17:19:20.917+0000] {processor.py:753} INFO - DAG(s) dict_keys(['example_sensors']) retrieved from /home/airflow/.local/lib/python3.7/site-packages/airflow/example_dags/example_sensors.py
[2024-11-09T17:19:20.941+0000] {logging_mixin.py:137} INFO - [2024-11-09T17:19:20.941+0000] {dag.py:2690} INFO - Sync 1 DAGs
[2024-11-09T17:19:20.957+0000] {logging_mixin.py:137} INFO - [2024-11-09T17:19:20.957+0000] {dag.py:3441} INFO - Setting next_dagrun for example_sensors to None, run_after=None
[2024-11-09T17:19:20.973+0000] {processor.py:175} INFO - Processing /home/airflow/.local/lib/python3.7/site-packages/airflow/example_dags/example_sensors.py took 0.071 seconds
[2024-11-09T17:19:51.896+0000] {processor.py:153} INFO - Started process (PID=1622) to work on /home/airflow/.local/lib/python3.7/site-packages/airflow/example_dags/example_sensors.py
[2024-11-09T17:19:51.897+0000] {processor.py:743} INFO - Processing file /home/airflow/.local/lib/python3.7/site-packages/airflow/example_dags/example_sensors.py for tasks to queue
[2024-11-09T17:19:51.899+0000] {logging_mixin.py:137} INFO - [2024-11-09T17:19:51.899+0000] {dagbag.py:538} INFO - Filling up the DagBag from /home/airflow/.local/lib/python3.7/site-packages/airflow/example_dags/example_sensors.py
[2024-11-09T17:19:51.914+0000] {processor.py:753} INFO - DAG(s) dict_keys(['example_sensors']) retrieved from /home/airflow/.local/lib/python3.7/site-packages/airflow/example_dags/example_sensors.py
[2024-11-09T17:19:51.937+0000] {logging_mixin.py:137} INFO - [2024-11-09T17:19:51.936+0000] {dag.py:2690} INFO - Sync 1 DAGs
[2024-11-09T17:19:51.951+0000] {logging_mixin.py:137} INFO - [2024-11-09T17:19:51.951+0000] {dag.py:3441} INFO - Setting next_dagrun for example_sensors to None, run_after=None
[2024-11-09T17:19:51.970+0000] {processor.py:175} INFO - Processing /home/airflow/.local/lib/python3.7/site-packages/airflow/example_dags/example_sensors.py took 0.076 seconds
[2024-11-09T17:20:22.847+0000] {processor.py:153} INFO - Started process (PID=1709) to work on /home/airflow/.local/lib/python3.7/site-packages/airflow/example_dags/example_sensors.py
[2024-11-09T17:20:22.848+0000] {processor.py:743} INFO - Processing file /home/airflow/.local/lib/python3.7/site-packages/airflow/example_dags/example_sensors.py for tasks to queue
[2024-11-09T17:20:22.848+0000] {logging_mixin.py:137} INFO - [2024-11-09T17:20:22.848+0000] {dagbag.py:538} INFO - Filling up the DagBag from /home/airflow/.local/lib/python3.7/site-packages/airflow/example_dags/example_sensors.py
[2024-11-09T17:20:22.859+0000] {processor.py:753} INFO - DAG(s) dict_keys(['example_sensors']) retrieved from /home/airflow/.local/lib/python3.7/site-packages/airflow/example_dags/example_sensors.py
[2024-11-09T17:20:22.875+0000] {logging_mixin.py:137} INFO - [2024-11-09T17:20:22.875+0000] {dag.py:2690} INFO - Sync 1 DAGs
[2024-11-09T17:20:22.891+0000] {logging_mixin.py:137} INFO - [2024-11-09T17:20:22.891+0000] {dag.py:3441} INFO - Setting next_dagrun for example_sensors to None, run_after=None
[2024-11-09T17:20:22.901+0000] {processor.py:175} INFO - Processing /home/airflow/.local/lib/python3.7/site-packages/airflow/example_dags/example_sensors.py took 0.056 seconds
[2024-11-09T17:20:51.032+0000] {processor.py:153} INFO - Started process (PID=48) to work on /home/airflow/.local/lib/python3.7/site-packages/airflow/example_dags/example_sensors.py
[2024-11-09T17:20:51.033+0000] {processor.py:743} INFO - Processing file /home/airflow/.local/lib/python3.7/site-packages/airflow/example_dags/example_sensors.py for tasks to queue
[2024-11-09T17:20:51.033+0000] {logging_mixin.py:137} INFO - [2024-11-09T17:20:51.033+0000] {dagbag.py:538} INFO - Filling up the DagBag from /home/airflow/.local/lib/python3.7/site-packages/airflow/example_dags/example_sensors.py
[2024-11-09T17:20:51.046+0000] {processor.py:753} INFO - DAG(s) dict_keys(['example_sensors']) retrieved from /home/airflow/.local/lib/python3.7/site-packages/airflow/example_dags/example_sensors.py
[2024-11-09T17:20:51.054+0000] {logging_mixin.py:137} INFO - [2024-11-09T17:20:51.054+0000] {dag.py:2690} INFO - Sync 1 DAGs
[2024-11-09T17:20:51.073+0000] {logging_mixin.py:137} INFO - [2024-11-09T17:20:51.073+0000] {dag.py:3441} INFO - Setting next_dagrun for example_sensors to None, run_after=None
[2024-11-09T17:20:51.094+0000] {processor.py:175} INFO - Processing /home/airflow/.local/lib/python3.7/site-packages/airflow/example_dags/example_sensors.py took 0.064 seconds
[2024-11-09T17:21:21.929+0000] {processor.py:153} INFO - Started process (PID=135) to work on /home/airflow/.local/lib/python3.7/site-packages/airflow/example_dags/example_sensors.py
[2024-11-09T17:21:21.930+0000] {processor.py:743} INFO - Processing file /home/airflow/.local/lib/python3.7/site-packages/airflow/example_dags/example_sensors.py for tasks to queue
[2024-11-09T17:21:21.932+0000] {logging_mixin.py:137} INFO - [2024-11-09T17:21:21.931+0000] {dagbag.py:538} INFO - Filling up the DagBag from /home/airflow/.local/lib/python3.7/site-packages/airflow/example_dags/example_sensors.py
[2024-11-09T17:21:21.943+0000] {processor.py:753} INFO - DAG(s) dict_keys(['example_sensors']) retrieved from /home/airflow/.local/lib/python3.7/site-packages/airflow/example_dags/example_sensors.py
[2024-11-09T17:21:21.960+0000] {logging_mixin.py:137} INFO - [2024-11-09T17:21:21.959+0000] {dag.py:2690} INFO - Sync 1 DAGs
[2024-11-09T17:21:21.972+0000] {logging_mixin.py:137} INFO - [2024-11-09T17:21:21.972+0000] {dag.py:3441} INFO - Setting next_dagrun for example_sensors to None, run_after=None
[2024-11-09T17:21:21.987+0000] {processor.py:175} INFO - Processing /home/airflow/.local/lib/python3.7/site-packages/airflow/example_dags/example_sensors.py took 0.060 seconds
[2024-11-09T17:21:52.742+0000] {processor.py:153} INFO - Started process (PID=206) to work on /home/airflow/.local/lib/python3.7/site-packages/airflow/example_dags/example_sensors.py
[2024-11-09T17:21:52.742+0000] {processor.py:743} INFO - Processing file /home/airflow/.local/lib/python3.7/site-packages/airflow/example_dags/example_sensors.py for tasks to queue
[2024-11-09T17:21:52.743+0000] {logging_mixin.py:137} INFO - [2024-11-09T17:21:52.742+0000] {dagbag.py:538} INFO - Filling up the DagBag from /home/airflow/.local/lib/python3.7/site-packages/airflow/example_dags/example_sensors.py
[2024-11-09T17:21:52.760+0000] {processor.py:753} INFO - DAG(s) dict_keys(['example_sensors']) retrieved from /home/airflow/.local/lib/python3.7/site-packages/airflow/example_dags/example_sensors.py
[2024-11-09T17:21:52.776+0000] {logging_mixin.py:137} INFO - [2024-11-09T17:21:52.776+0000] {dag.py:2690} INFO - Sync 1 DAGs
[2024-11-09T17:21:52.790+0000] {logging_mixin.py:137} INFO - [2024-11-09T17:21:52.790+0000] {dag.py:3441} INFO - Setting next_dagrun for example_sensors to None, run_after=None
[2024-11-09T17:21:52.811+0000] {processor.py:175} INFO - Processing /home/airflow/.local/lib/python3.7/site-packages/airflow/example_dags/example_sensors.py took 0.071 seconds
[2024-11-09T17:22:23.786+0000] {processor.py:153} INFO - Started process (PID=293) to work on /home/airflow/.local/lib/python3.7/site-packages/airflow/example_dags/example_sensors.py
[2024-11-09T17:22:23.787+0000] {processor.py:743} INFO - Processing file /home/airflow/.local/lib/python3.7/site-packages/airflow/example_dags/example_sensors.py for tasks to queue
[2024-11-09T17:22:23.788+0000] {logging_mixin.py:137} INFO - [2024-11-09T17:22:23.788+0000] {dagbag.py:538} INFO - Filling up the DagBag from /home/airflow/.local/lib/python3.7/site-packages/airflow/example_dags/example_sensors.py
[2024-11-09T17:22:23.799+0000] {processor.py:753} INFO - DAG(s) dict_keys(['example_sensors']) retrieved from /home/airflow/.local/lib/python3.7/site-packages/airflow/example_dags/example_sensors.py
[2024-11-09T17:22:23.817+0000] {logging_mixin.py:137} INFO - [2024-11-09T17:22:23.817+0000] {dag.py:2690} INFO - Sync 1 DAGs
[2024-11-09T17:22:23.833+0000] {logging_mixin.py:137} INFO - [2024-11-09T17:22:23.833+0000] {dag.py:3441} INFO - Setting next_dagrun for example_sensors to None, run_after=None
[2024-11-09T17:22:23.844+0000] {processor.py:175} INFO - Processing /home/airflow/.local/lib/python3.7/site-packages/airflow/example_dags/example_sensors.py took 0.059 seconds
[2024-11-09T17:22:54.677+0000] {processor.py:153} INFO - Started process (PID=380) to work on /home/airflow/.local/lib/python3.7/site-packages/airflow/example_dags/example_sensors.py
[2024-11-09T17:22:54.680+0000] {processor.py:743} INFO - Processing file /home/airflow/.local/lib/python3.7/site-packages/airflow/example_dags/example_sensors.py for tasks to queue
[2024-11-09T17:22:54.681+0000] {logging_mixin.py:137} INFO - [2024-11-09T17:22:54.681+0000] {dagbag.py:538} INFO - Filling up the DagBag from /home/airflow/.local/lib/python3.7/site-packages/airflow/example_dags/example_sensors.py
[2024-11-09T17:22:54.698+0000] {processor.py:753} INFO - DAG(s) dict_keys(['example_sensors']) retrieved from /home/airflow/.local/lib/python3.7/site-packages/airflow/example_dags/example_sensors.py
[2024-11-09T17:22:54.722+0000] {logging_mixin.py:137} INFO - [2024-11-09T17:22:54.722+0000] {dag.py:2690} INFO - Sync 1 DAGs
[2024-11-09T17:22:54.738+0000] {logging_mixin.py:137} INFO - [2024-11-09T17:22:54.738+0000] {dag.py:3441} INFO - Setting next_dagrun for example_sensors to None, run_after=None
[2024-11-09T17:22:54.758+0000] {processor.py:175} INFO - Processing /home/airflow/.local/lib/python3.7/site-packages/airflow/example_dags/example_sensors.py took 0.084 seconds
[2024-11-09T17:23:25.521+0000] {processor.py:153} INFO - Started process (PID=458) to work on /home/airflow/.local/lib/python3.7/site-packages/airflow/example_dags/example_sensors.py
[2024-11-09T17:23:25.523+0000] {processor.py:743} INFO - Processing file /home/airflow/.local/lib/python3.7/site-packages/airflow/example_dags/example_sensors.py for tasks to queue
[2024-11-09T17:23:25.523+0000] {logging_mixin.py:137} INFO - [2024-11-09T17:23:25.523+0000] {dagbag.py:538} INFO - Filling up the DagBag from /home/airflow/.local/lib/python3.7/site-packages/airflow/example_dags/example_sensors.py
[2024-11-09T17:23:25.536+0000] {processor.py:753} INFO - DAG(s) dict_keys(['example_sensors']) retrieved from /home/airflow/.local/lib/python3.7/site-packages/airflow/example_dags/example_sensors.py
[2024-11-09T17:23:25.556+0000] {logging_mixin.py:137} INFO - [2024-11-09T17:23:25.556+0000] {dag.py:2690} INFO - Sync 1 DAGs
[2024-11-09T17:23:25.586+0000] {logging_mixin.py:137} INFO - [2024-11-09T17:23:25.586+0000] {dag.py:3441} INFO - Setting next_dagrun for example_sensors to None, run_after=None
[2024-11-09T17:23:25.598+0000] {processor.py:175} INFO - Processing /home/airflow/.local/lib/python3.7/site-packages/airflow/example_dags/example_sensors.py took 0.080 seconds
[2024-11-09T17:28:53.251+0000] {processor.py:153} INFO - Started process (PID=48) to work on /home/airflow/.local/lib/python3.7/site-packages/airflow/example_dags/example_sensors.py
[2024-11-09T17:28:53.252+0000] {processor.py:743} INFO - Processing file /home/airflow/.local/lib/python3.7/site-packages/airflow/example_dags/example_sensors.py for tasks to queue
[2024-11-09T17:28:53.253+0000] {logging_mixin.py:137} INFO - [2024-11-09T17:28:53.253+0000] {dagbag.py:538} INFO - Filling up the DagBag from /home/airflow/.local/lib/python3.7/site-packages/airflow/example_dags/example_sensors.py
[2024-11-09T17:28:53.273+0000] {processor.py:753} INFO - DAG(s) dict_keys(['example_sensors']) retrieved from /home/airflow/.local/lib/python3.7/site-packages/airflow/example_dags/example_sensors.py
[2024-11-09T17:28:53.288+0000] {logging_mixin.py:137} INFO - [2024-11-09T17:28:53.287+0000] {dag.py:2690} INFO - Sync 1 DAGs
[2024-11-09T17:28:53.302+0000] {logging_mixin.py:137} INFO - [2024-11-09T17:28:53.302+0000] {dag.py:3441} INFO - Setting next_dagrun for example_sensors to None, run_after=None
[2024-11-09T17:28:53.315+0000] {processor.py:175} INFO - Processing /home/airflow/.local/lib/python3.7/site-packages/airflow/example_dags/example_sensors.py took 0.066 seconds
[2024-11-09T17:29:23.926+0000] {processor.py:153} INFO - Started process (PID=135) to work on /home/airflow/.local/lib/python3.7/site-packages/airflow/example_dags/example_sensors.py
[2024-11-09T17:29:23.927+0000] {processor.py:743} INFO - Processing file /home/airflow/.local/lib/python3.7/site-packages/airflow/example_dags/example_sensors.py for tasks to queue
[2024-11-09T17:29:23.931+0000] {logging_mixin.py:137} INFO - [2024-11-09T17:29:23.930+0000] {dagbag.py:538} INFO - Filling up the DagBag from /home/airflow/.local/lib/python3.7/site-packages/airflow/example_dags/example_sensors.py
[2024-11-09T17:29:23.942+0000] {processor.py:753} INFO - DAG(s) dict_keys(['example_sensors']) retrieved from /home/airflow/.local/lib/python3.7/site-packages/airflow/example_dags/example_sensors.py
[2024-11-09T17:29:23.966+0000] {logging_mixin.py:137} INFO - [2024-11-09T17:29:23.966+0000] {dag.py:2690} INFO - Sync 1 DAGs
[2024-11-09T17:29:23.979+0000] {logging_mixin.py:137} INFO - [2024-11-09T17:29:23.979+0000] {dag.py:3441} INFO - Setting next_dagrun for example_sensors to None, run_after=None
[2024-11-09T17:29:23.992+0000] {processor.py:175} INFO - Processing /home/airflow/.local/lib/python3.7/site-packages/airflow/example_dags/example_sensors.py took 0.068 seconds
[2024-11-09T17:29:54.722+0000] {processor.py:153} INFO - Started process (PID=206) to work on /home/airflow/.local/lib/python3.7/site-packages/airflow/example_dags/example_sensors.py
[2024-11-09T17:29:54.723+0000] {processor.py:743} INFO - Processing file /home/airflow/.local/lib/python3.7/site-packages/airflow/example_dags/example_sensors.py for tasks to queue
[2024-11-09T17:29:54.726+0000] {logging_mixin.py:137} INFO - [2024-11-09T17:29:54.726+0000] {dagbag.py:538} INFO - Filling up the DagBag from /home/airflow/.local/lib/python3.7/site-packages/airflow/example_dags/example_sensors.py
[2024-11-09T17:29:54.735+0000] {processor.py:753} INFO - DAG(s) dict_keys(['example_sensors']) retrieved from /home/airflow/.local/lib/python3.7/site-packages/airflow/example_dags/example_sensors.py
[2024-11-09T17:29:54.753+0000] {logging_mixin.py:137} INFO - [2024-11-09T17:29:54.753+0000] {dag.py:2690} INFO - Sync 1 DAGs
[2024-11-09T17:29:54.766+0000] {logging_mixin.py:137} INFO - [2024-11-09T17:29:54.765+0000] {dag.py:3441} INFO - Setting next_dagrun for example_sensors to None, run_after=None
[2024-11-09T17:29:54.778+0000] {processor.py:175} INFO - Processing /home/airflow/.local/lib/python3.7/site-packages/airflow/example_dags/example_sensors.py took 0.059 seconds
[2024-11-09T17:30:14.222+0000] {processor.py:153} INFO - Started process (PID=48) to work on /home/airflow/.local/lib/python3.7/site-packages/airflow/example_dags/example_sensors.py
[2024-11-09T17:30:14.223+0000] {processor.py:743} INFO - Processing file /home/airflow/.local/lib/python3.7/site-packages/airflow/example_dags/example_sensors.py for tasks to queue
[2024-11-09T17:30:14.224+0000] {logging_mixin.py:137} INFO - [2024-11-09T17:30:14.224+0000] {dagbag.py:538} INFO - Filling up the DagBag from /home/airflow/.local/lib/python3.7/site-packages/airflow/example_dags/example_sensors.py
[2024-11-09T17:30:14.238+0000] {processor.py:753} INFO - DAG(s) dict_keys(['example_sensors']) retrieved from /home/airflow/.local/lib/python3.7/site-packages/airflow/example_dags/example_sensors.py
[2024-11-09T17:30:14.245+0000] {logging_mixin.py:137} INFO - [2024-11-09T17:30:14.245+0000] {dag.py:2690} INFO - Sync 1 DAGs
[2024-11-09T17:30:14.264+0000] {logging_mixin.py:137} INFO - [2024-11-09T17:30:14.263+0000] {dag.py:3441} INFO - Setting next_dagrun for example_sensors to None, run_after=None
[2024-11-09T17:30:14.276+0000] {processor.py:175} INFO - Processing /home/airflow/.local/lib/python3.7/site-packages/airflow/example_dags/example_sensors.py took 0.056 seconds
[2024-11-09T17:30:45.015+0000] {processor.py:153} INFO - Started process (PID=135) to work on /home/airflow/.local/lib/python3.7/site-packages/airflow/example_dags/example_sensors.py
[2024-11-09T17:30:45.016+0000] {processor.py:743} INFO - Processing file /home/airflow/.local/lib/python3.7/site-packages/airflow/example_dags/example_sensors.py for tasks to queue
[2024-11-09T17:30:45.016+0000] {logging_mixin.py:137} INFO - [2024-11-09T17:30:45.016+0000] {dagbag.py:538} INFO - Filling up the DagBag from /home/airflow/.local/lib/python3.7/site-packages/airflow/example_dags/example_sensors.py
[2024-11-09T17:30:45.026+0000] {processor.py:753} INFO - DAG(s) dict_keys(['example_sensors']) retrieved from /home/airflow/.local/lib/python3.7/site-packages/airflow/example_dags/example_sensors.py
[2024-11-09T17:30:45.044+0000] {logging_mixin.py:137} INFO - [2024-11-09T17:30:45.044+0000] {dag.py:2690} INFO - Sync 1 DAGs
[2024-11-09T17:30:45.060+0000] {logging_mixin.py:137} INFO - [2024-11-09T17:30:45.060+0000] {dag.py:3441} INFO - Setting next_dagrun for example_sensors to None, run_after=None
[2024-11-09T17:30:45.071+0000] {processor.py:175} INFO - Processing /home/airflow/.local/lib/python3.7/site-packages/airflow/example_dags/example_sensors.py took 0.057 seconds
[2024-11-09T17:31:15.687+0000] {processor.py:153} INFO - Started process (PID=206) to work on /home/airflow/.local/lib/python3.7/site-packages/airflow/example_dags/example_sensors.py
[2024-11-09T17:31:15.691+0000] {processor.py:743} INFO - Processing file /home/airflow/.local/lib/python3.7/site-packages/airflow/example_dags/example_sensors.py for tasks to queue
[2024-11-09T17:31:15.691+0000] {logging_mixin.py:137} INFO - [2024-11-09T17:31:15.691+0000] {dagbag.py:538} INFO - Filling up the DagBag from /home/airflow/.local/lib/python3.7/site-packages/airflow/example_dags/example_sensors.py
[2024-11-09T17:31:15.703+0000] {processor.py:753} INFO - DAG(s) dict_keys(['example_sensors']) retrieved from /home/airflow/.local/lib/python3.7/site-packages/airflow/example_dags/example_sensors.py
[2024-11-09T17:31:15.721+0000] {logging_mixin.py:137} INFO - [2024-11-09T17:31:15.721+0000] {dag.py:2690} INFO - Sync 1 DAGs
[2024-11-09T17:31:15.734+0000] {logging_mixin.py:137} INFO - [2024-11-09T17:31:15.734+0000] {dag.py:3441} INFO - Setting next_dagrun for example_sensors to None, run_after=None
[2024-11-09T17:31:15.743+0000] {processor.py:175} INFO - Processing /home/airflow/.local/lib/python3.7/site-packages/airflow/example_dags/example_sensors.py took 0.058 seconds
[2024-11-09T17:31:46.278+0000] {processor.py:153} INFO - Started process (PID=293) to work on /home/airflow/.local/lib/python3.7/site-packages/airflow/example_dags/example_sensors.py
[2024-11-09T17:31:46.279+0000] {processor.py:743} INFO - Processing file /home/airflow/.local/lib/python3.7/site-packages/airflow/example_dags/example_sensors.py for tasks to queue
[2024-11-09T17:31:46.279+0000] {logging_mixin.py:137} INFO - [2024-11-09T17:31:46.279+0000] {dagbag.py:538} INFO - Filling up the DagBag from /home/airflow/.local/lib/python3.7/site-packages/airflow/example_dags/example_sensors.py
[2024-11-09T17:31:46.290+0000] {processor.py:753} INFO - DAG(s) dict_keys(['example_sensors']) retrieved from /home/airflow/.local/lib/python3.7/site-packages/airflow/example_dags/example_sensors.py
[2024-11-09T17:31:46.304+0000] {logging_mixin.py:137} INFO - [2024-11-09T17:31:46.304+0000] {dag.py:2690} INFO - Sync 1 DAGs
[2024-11-09T17:31:46.319+0000] {logging_mixin.py:137} INFO - [2024-11-09T17:31:46.319+0000] {dag.py:3441} INFO - Setting next_dagrun for example_sensors to None, run_after=None
[2024-11-09T17:31:46.329+0000] {processor.py:175} INFO - Processing /home/airflow/.local/lib/python3.7/site-packages/airflow/example_dags/example_sensors.py took 0.052 seconds
[2024-11-09T17:32:16.891+0000] {processor.py:153} INFO - Started process (PID=380) to work on /home/airflow/.local/lib/python3.7/site-packages/airflow/example_dags/example_sensors.py
[2024-11-09T17:32:16.891+0000] {processor.py:743} INFO - Processing file /home/airflow/.local/lib/python3.7/site-packages/airflow/example_dags/example_sensors.py for tasks to queue
[2024-11-09T17:32:16.892+0000] {logging_mixin.py:137} INFO - [2024-11-09T17:32:16.892+0000] {dagbag.py:538} INFO - Filling up the DagBag from /home/airflow/.local/lib/python3.7/site-packages/airflow/example_dags/example_sensors.py
[2024-11-09T17:32:16.902+0000] {processor.py:753} INFO - DAG(s) dict_keys(['example_sensors']) retrieved from /home/airflow/.local/lib/python3.7/site-packages/airflow/example_dags/example_sensors.py
[2024-11-09T17:32:16.917+0000] {logging_mixin.py:137} INFO - [2024-11-09T17:32:16.917+0000] {dag.py:2690} INFO - Sync 1 DAGs
[2024-11-09T17:32:16.933+0000] {logging_mixin.py:137} INFO - [2024-11-09T17:32:16.933+0000] {dag.py:3441} INFO - Setting next_dagrun for example_sensors to None, run_after=None
[2024-11-09T17:32:16.943+0000] {processor.py:175} INFO - Processing /home/airflow/.local/lib/python3.7/site-packages/airflow/example_dags/example_sensors.py took 0.055 seconds
[2024-11-09T17:32:47.585+0000] {processor.py:153} INFO - Started process (PID=451) to work on /home/airflow/.local/lib/python3.7/site-packages/airflow/example_dags/example_sensors.py
[2024-11-09T17:32:47.585+0000] {processor.py:743} INFO - Processing file /home/airflow/.local/lib/python3.7/site-packages/airflow/example_dags/example_sensors.py for tasks to queue
[2024-11-09T17:32:47.586+0000] {logging_mixin.py:137} INFO - [2024-11-09T17:32:47.586+0000] {dagbag.py:538} INFO - Filling up the DagBag from /home/airflow/.local/lib/python3.7/site-packages/airflow/example_dags/example_sensors.py
[2024-11-09T17:32:47.596+0000] {processor.py:753} INFO - DAG(s) dict_keys(['example_sensors']) retrieved from /home/airflow/.local/lib/python3.7/site-packages/airflow/example_dags/example_sensors.py
[2024-11-09T17:32:47.610+0000] {logging_mixin.py:137} INFO - [2024-11-09T17:32:47.610+0000] {dag.py:2690} INFO - Sync 1 DAGs
[2024-11-09T17:32:47.624+0000] {logging_mixin.py:137} INFO - [2024-11-09T17:32:47.624+0000] {dag.py:3441} INFO - Setting next_dagrun for example_sensors to None, run_after=None
[2024-11-09T17:32:47.640+0000] {processor.py:175} INFO - Processing /home/airflow/.local/lib/python3.7/site-packages/airflow/example_dags/example_sensors.py took 0.057 seconds
