[2024-11-09T17:10:06.463+0000] {processor.py:153} INFO - Started process (PID=71) to work on /home/airflow/.local/lib/python3.7/site-packages/airflow/example_dags/example_complex.py
[2024-11-09T17:10:06.464+0000] {processor.py:743} INFO - Processing file /home/airflow/.local/lib/python3.7/site-packages/airflow/example_dags/example_complex.py for tasks to queue
[2024-11-09T17:10:06.465+0000] {logging_mixin.py:137} INFO - [2024-11-09T17:10:06.465+0000] {dagbag.py:538} INFO - Filling up the DagBag from /home/airflow/.local/lib/python3.7/site-packages/airflow/example_dags/example_complex.py
[2024-11-09T17:10:06.472+0000] {logging_mixin.py:137} INFO - [2024-11-09T17:10:06.472+0000] {taskmixin.py:205} WARNING - Dependency <Task(BashOperator): create_entry_group>, delete_entry_group already registered for DAG: example_complex
[2024-11-09T17:10:06.472+0000] {logging_mixin.py:137} INFO - [2024-11-09T17:10:06.472+0000] {taskmixin.py:205} WARNING - Dependency <Task(BashOperator): delete_entry_group>, create_entry_group already registered for DAG: example_complex
[2024-11-09T17:10:06.472+0000] {logging_mixin.py:137} INFO - [2024-11-09T17:10:06.472+0000] {taskmixin.py:205} WARNING - Dependency <Task(BashOperator): create_entry_gcs>, delete_entry already registered for DAG: example_complex
[2024-11-09T17:10:06.472+0000] {logging_mixin.py:137} INFO - [2024-11-09T17:10:06.472+0000] {taskmixin.py:205} WARNING - Dependency <Task(BashOperator): delete_entry>, create_entry_gcs already registered for DAG: example_complex
[2024-11-09T17:10:06.473+0000] {logging_mixin.py:137} INFO - [2024-11-09T17:10:06.473+0000] {taskmixin.py:205} WARNING - Dependency <Task(BashOperator): create_tag>, delete_tag already registered for DAG: example_complex
[2024-11-09T17:10:06.473+0000] {logging_mixin.py:137} INFO - [2024-11-09T17:10:06.473+0000] {taskmixin.py:205} WARNING - Dependency <Task(BashOperator): delete_tag>, create_tag already registered for DAG: example_complex
[2024-11-09T17:10:06.477+0000] {processor.py:753} INFO - DAG(s) dict_keys(['example_complex']) retrieved from /home/airflow/.local/lib/python3.7/site-packages/airflow/example_dags/example_complex.py
[2024-11-09T17:10:06.484+0000] {logging_mixin.py:137} INFO - [2024-11-09T17:10:06.484+0000] {dag.py:2690} INFO - Sync 1 DAGs
[2024-11-09T17:10:06.511+0000] {logging_mixin.py:137} INFO - [2024-11-09T17:10:06.511+0000] {dag.py:3441} INFO - Setting next_dagrun for example_complex to None, run_after=None
[2024-11-09T17:10:06.533+0000] {processor.py:175} INFO - Processing /home/airflow/.local/lib/python3.7/site-packages/airflow/example_dags/example_complex.py took 0.072 seconds
[2024-11-09T17:10:37.241+0000] {processor.py:153} INFO - Started process (PID=158) to work on /home/airflow/.local/lib/python3.7/site-packages/airflow/example_dags/example_complex.py
[2024-11-09T17:10:37.242+0000] {processor.py:743} INFO - Processing file /home/airflow/.local/lib/python3.7/site-packages/airflow/example_dags/example_complex.py for tasks to queue
[2024-11-09T17:10:37.242+0000] {logging_mixin.py:137} INFO - [2024-11-09T17:10:37.242+0000] {dagbag.py:538} INFO - Filling up the DagBag from /home/airflow/.local/lib/python3.7/site-packages/airflow/example_dags/example_complex.py
[2024-11-09T17:10:37.248+0000] {logging_mixin.py:137} INFO - [2024-11-09T17:10:37.248+0000] {taskmixin.py:205} WARNING - Dependency <Task(BashOperator): create_entry_group>, delete_entry_group already registered for DAG: example_complex
[2024-11-09T17:10:37.249+0000] {logging_mixin.py:137} INFO - [2024-11-09T17:10:37.249+0000] {taskmixin.py:205} WARNING - Dependency <Task(BashOperator): delete_entry_group>, create_entry_group already registered for DAG: example_complex
[2024-11-09T17:10:37.249+0000] {logging_mixin.py:137} INFO - [2024-11-09T17:10:37.249+0000] {taskmixin.py:205} WARNING - Dependency <Task(BashOperator): create_entry_gcs>, delete_entry already registered for DAG: example_complex
[2024-11-09T17:10:37.249+0000] {logging_mixin.py:137} INFO - [2024-11-09T17:10:37.249+0000] {taskmixin.py:205} WARNING - Dependency <Task(BashOperator): delete_entry>, create_entry_gcs already registered for DAG: example_complex
[2024-11-09T17:10:37.249+0000] {logging_mixin.py:137} INFO - [2024-11-09T17:10:37.249+0000] {taskmixin.py:205} WARNING - Dependency <Task(BashOperator): create_tag>, delete_tag already registered for DAG: example_complex
[2024-11-09T17:10:37.249+0000] {logging_mixin.py:137} INFO - [2024-11-09T17:10:37.249+0000] {taskmixin.py:205} WARNING - Dependency <Task(BashOperator): delete_tag>, create_tag already registered for DAG: example_complex
[2024-11-09T17:10:37.253+0000] {processor.py:753} INFO - DAG(s) dict_keys(['example_complex']) retrieved from /home/airflow/.local/lib/python3.7/site-packages/airflow/example_dags/example_complex.py
[2024-11-09T17:10:37.282+0000] {logging_mixin.py:137} INFO - [2024-11-09T17:10:37.282+0000] {dag.py:2690} INFO - Sync 1 DAGs
[2024-11-09T17:10:37.296+0000] {logging_mixin.py:137} INFO - [2024-11-09T17:10:37.296+0000] {dag.py:3441} INFO - Setting next_dagrun for example_complex to None, run_after=None
[2024-11-09T17:10:37.311+0000] {processor.py:175} INFO - Processing /home/airflow/.local/lib/python3.7/site-packages/airflow/example_dags/example_complex.py took 0.072 seconds
[2024-11-09T17:11:07.913+0000] {processor.py:153} INFO - Started process (PID=235) to work on /home/airflow/.local/lib/python3.7/site-packages/airflow/example_dags/example_complex.py
[2024-11-09T17:11:07.914+0000] {processor.py:743} INFO - Processing file /home/airflow/.local/lib/python3.7/site-packages/airflow/example_dags/example_complex.py for tasks to queue
[2024-11-09T17:11:07.914+0000] {logging_mixin.py:137} INFO - [2024-11-09T17:11:07.914+0000] {dagbag.py:538} INFO - Filling up the DagBag from /home/airflow/.local/lib/python3.7/site-packages/airflow/example_dags/example_complex.py
[2024-11-09T17:11:07.921+0000] {logging_mixin.py:137} INFO - [2024-11-09T17:11:07.921+0000] {taskmixin.py:205} WARNING - Dependency <Task(BashOperator): create_entry_group>, delete_entry_group already registered for DAG: example_complex
[2024-11-09T17:11:07.921+0000] {logging_mixin.py:137} INFO - [2024-11-09T17:11:07.921+0000] {taskmixin.py:205} WARNING - Dependency <Task(BashOperator): delete_entry_group>, create_entry_group already registered for DAG: example_complex
[2024-11-09T17:11:07.921+0000] {logging_mixin.py:137} INFO - [2024-11-09T17:11:07.921+0000] {taskmixin.py:205} WARNING - Dependency <Task(BashOperator): create_entry_gcs>, delete_entry already registered for DAG: example_complex
[2024-11-09T17:11:07.921+0000] {logging_mixin.py:137} INFO - [2024-11-09T17:11:07.921+0000] {taskmixin.py:205} WARNING - Dependency <Task(BashOperator): delete_entry>, create_entry_gcs already registered for DAG: example_complex
[2024-11-09T17:11:07.922+0000] {logging_mixin.py:137} INFO - [2024-11-09T17:11:07.922+0000] {taskmixin.py:205} WARNING - Dependency <Task(BashOperator): create_tag>, delete_tag already registered for DAG: example_complex
[2024-11-09T17:11:07.922+0000] {logging_mixin.py:137} INFO - [2024-11-09T17:11:07.922+0000] {taskmixin.py:205} WARNING - Dependency <Task(BashOperator): delete_tag>, create_tag already registered for DAG: example_complex
[2024-11-09T17:11:07.925+0000] {processor.py:753} INFO - DAG(s) dict_keys(['example_complex']) retrieved from /home/airflow/.local/lib/python3.7/site-packages/airflow/example_dags/example_complex.py
[2024-11-09T17:11:07.947+0000] {logging_mixin.py:137} INFO - [2024-11-09T17:11:07.947+0000] {dag.py:2690} INFO - Sync 1 DAGs
[2024-11-09T17:11:07.961+0000] {logging_mixin.py:137} INFO - [2024-11-09T17:11:07.961+0000] {dag.py:3441} INFO - Setting next_dagrun for example_complex to None, run_after=None
[2024-11-09T17:11:07.973+0000] {processor.py:175} INFO - Processing /home/airflow/.local/lib/python3.7/site-packages/airflow/example_dags/example_complex.py took 0.062 seconds
[2024-11-09T17:11:38.716+0000] {processor.py:153} INFO - Started process (PID=315) to work on /home/airflow/.local/lib/python3.7/site-packages/airflow/example_dags/example_complex.py
[2024-11-09T17:11:38.717+0000] {processor.py:743} INFO - Processing file /home/airflow/.local/lib/python3.7/site-packages/airflow/example_dags/example_complex.py for tasks to queue
[2024-11-09T17:11:38.718+0000] {logging_mixin.py:137} INFO - [2024-11-09T17:11:38.717+0000] {dagbag.py:538} INFO - Filling up the DagBag from /home/airflow/.local/lib/python3.7/site-packages/airflow/example_dags/example_complex.py
[2024-11-09T17:11:38.723+0000] {logging_mixin.py:137} INFO - [2024-11-09T17:11:38.723+0000] {taskmixin.py:205} WARNING - Dependency <Task(BashOperator): create_entry_group>, delete_entry_group already registered for DAG: example_complex
[2024-11-09T17:11:38.724+0000] {logging_mixin.py:137} INFO - [2024-11-09T17:11:38.724+0000] {taskmixin.py:205} WARNING - Dependency <Task(BashOperator): delete_entry_group>, create_entry_group already registered for DAG: example_complex
[2024-11-09T17:11:38.725+0000] {logging_mixin.py:137} INFO - [2024-11-09T17:11:38.725+0000] {taskmixin.py:205} WARNING - Dependency <Task(BashOperator): create_entry_gcs>, delete_entry already registered for DAG: example_complex
[2024-11-09T17:11:38.725+0000] {logging_mixin.py:137} INFO - [2024-11-09T17:11:38.725+0000] {taskmixin.py:205} WARNING - Dependency <Task(BashOperator): delete_entry>, create_entry_gcs already registered for DAG: example_complex
[2024-11-09T17:11:38.725+0000] {logging_mixin.py:137} INFO - [2024-11-09T17:11:38.725+0000] {taskmixin.py:205} WARNING - Dependency <Task(BashOperator): create_tag>, delete_tag already registered for DAG: example_complex
[2024-11-09T17:11:38.725+0000] {logging_mixin.py:137} INFO - [2024-11-09T17:11:38.725+0000] {taskmixin.py:205} WARNING - Dependency <Task(BashOperator): delete_tag>, create_tag already registered for DAG: example_complex
[2024-11-09T17:11:38.731+0000] {processor.py:753} INFO - DAG(s) dict_keys(['example_complex']) retrieved from /home/airflow/.local/lib/python3.7/site-packages/airflow/example_dags/example_complex.py
[2024-11-09T17:11:38.749+0000] {logging_mixin.py:137} INFO - [2024-11-09T17:11:38.749+0000] {dag.py:2690} INFO - Sync 1 DAGs
[2024-11-09T17:11:38.763+0000] {logging_mixin.py:137} INFO - [2024-11-09T17:11:38.763+0000] {dag.py:3441} INFO - Setting next_dagrun for example_complex to None, run_after=None
[2024-11-09T17:11:38.777+0000] {processor.py:175} INFO - Processing /home/airflow/.local/lib/python3.7/site-packages/airflow/example_dags/example_complex.py took 0.063 seconds
[2024-11-09T17:12:09.384+0000] {processor.py:153} INFO - Started process (PID=402) to work on /home/airflow/.local/lib/python3.7/site-packages/airflow/example_dags/example_complex.py
[2024-11-09T17:12:09.386+0000] {processor.py:743} INFO - Processing file /home/airflow/.local/lib/python3.7/site-packages/airflow/example_dags/example_complex.py for tasks to queue
[2024-11-09T17:12:09.387+0000] {logging_mixin.py:137} INFO - [2024-11-09T17:12:09.387+0000] {dagbag.py:538} INFO - Filling up the DagBag from /home/airflow/.local/lib/python3.7/site-packages/airflow/example_dags/example_complex.py
[2024-11-09T17:12:09.395+0000] {logging_mixin.py:137} INFO - [2024-11-09T17:12:09.395+0000] {taskmixin.py:205} WARNING - Dependency <Task(BashOperator): create_entry_group>, delete_entry_group already registered for DAG: example_complex
[2024-11-09T17:12:09.396+0000] {logging_mixin.py:137} INFO - [2024-11-09T17:12:09.396+0000] {taskmixin.py:205} WARNING - Dependency <Task(BashOperator): delete_entry_group>, create_entry_group already registered for DAG: example_complex
[2024-11-09T17:12:09.396+0000] {logging_mixin.py:137} INFO - [2024-11-09T17:12:09.396+0000] {taskmixin.py:205} WARNING - Dependency <Task(BashOperator): create_entry_gcs>, delete_entry already registered for DAG: example_complex
[2024-11-09T17:12:09.396+0000] {logging_mixin.py:137} INFO - [2024-11-09T17:12:09.396+0000] {taskmixin.py:205} WARNING - Dependency <Task(BashOperator): delete_entry>, create_entry_gcs already registered for DAG: example_complex
[2024-11-09T17:12:09.396+0000] {logging_mixin.py:137} INFO - [2024-11-09T17:12:09.396+0000] {taskmixin.py:205} WARNING - Dependency <Task(BashOperator): create_tag>, delete_tag already registered for DAG: example_complex
[2024-11-09T17:12:09.396+0000] {logging_mixin.py:137} INFO - [2024-11-09T17:12:09.396+0000] {taskmixin.py:205} WARNING - Dependency <Task(BashOperator): delete_tag>, create_tag already registered for DAG: example_complex
[2024-11-09T17:12:09.400+0000] {processor.py:753} INFO - DAG(s) dict_keys(['example_complex']) retrieved from /home/airflow/.local/lib/python3.7/site-packages/airflow/example_dags/example_complex.py
[2024-11-09T17:12:09.417+0000] {logging_mixin.py:137} INFO - [2024-11-09T17:12:09.417+0000] {dag.py:2690} INFO - Sync 1 DAGs
[2024-11-09T17:12:09.432+0000] {logging_mixin.py:137} INFO - [2024-11-09T17:12:09.432+0000] {dag.py:3441} INFO - Setting next_dagrun for example_complex to None, run_after=None
[2024-11-09T17:12:09.446+0000] {processor.py:175} INFO - Processing /home/airflow/.local/lib/python3.7/site-packages/airflow/example_dags/example_complex.py took 0.063 seconds
[2024-11-09T17:12:40.032+0000] {processor.py:153} INFO - Started process (PID=489) to work on /home/airflow/.local/lib/python3.7/site-packages/airflow/example_dags/example_complex.py
[2024-11-09T17:12:40.033+0000] {processor.py:743} INFO - Processing file /home/airflow/.local/lib/python3.7/site-packages/airflow/example_dags/example_complex.py for tasks to queue
[2024-11-09T17:12:40.034+0000] {logging_mixin.py:137} INFO - [2024-11-09T17:12:40.034+0000] {dagbag.py:538} INFO - Filling up the DagBag from /home/airflow/.local/lib/python3.7/site-packages/airflow/example_dags/example_complex.py
[2024-11-09T17:12:40.040+0000] {logging_mixin.py:137} INFO - [2024-11-09T17:12:40.040+0000] {taskmixin.py:205} WARNING - Dependency <Task(BashOperator): create_entry_group>, delete_entry_group already registered for DAG: example_complex
[2024-11-09T17:12:40.040+0000] {logging_mixin.py:137} INFO - [2024-11-09T17:12:40.040+0000] {taskmixin.py:205} WARNING - Dependency <Task(BashOperator): delete_entry_group>, create_entry_group already registered for DAG: example_complex
[2024-11-09T17:12:40.040+0000] {logging_mixin.py:137} INFO - [2024-11-09T17:12:40.040+0000] {taskmixin.py:205} WARNING - Dependency <Task(BashOperator): create_entry_gcs>, delete_entry already registered for DAG: example_complex
[2024-11-09T17:12:40.041+0000] {logging_mixin.py:137} INFO - [2024-11-09T17:12:40.041+0000] {taskmixin.py:205} WARNING - Dependency <Task(BashOperator): delete_entry>, create_entry_gcs already registered for DAG: example_complex
[2024-11-09T17:12:40.041+0000] {logging_mixin.py:137} INFO - [2024-11-09T17:12:40.041+0000] {taskmixin.py:205} WARNING - Dependency <Task(BashOperator): create_tag>, delete_tag already registered for DAG: example_complex
[2024-11-09T17:12:40.041+0000] {logging_mixin.py:137} INFO - [2024-11-09T17:12:40.041+0000] {taskmixin.py:205} WARNING - Dependency <Task(BashOperator): delete_tag>, create_tag already registered for DAG: example_complex
[2024-11-09T17:12:40.045+0000] {processor.py:753} INFO - DAG(s) dict_keys(['example_complex']) retrieved from /home/airflow/.local/lib/python3.7/site-packages/airflow/example_dags/example_complex.py
[2024-11-09T17:12:40.060+0000] {logging_mixin.py:137} INFO - [2024-11-09T17:12:40.060+0000] {dag.py:2690} INFO - Sync 1 DAGs
[2024-11-09T17:12:40.073+0000] {logging_mixin.py:137} INFO - [2024-11-09T17:12:40.072+0000] {dag.py:3441} INFO - Setting next_dagrun for example_complex to None, run_after=None
[2024-11-09T17:12:40.082+0000] {processor.py:175} INFO - Processing /home/airflow/.local/lib/python3.7/site-packages/airflow/example_dags/example_complex.py took 0.052 seconds
[2024-11-09T17:13:10.683+0000] {processor.py:153} INFO - Started process (PID=560) to work on /home/airflow/.local/lib/python3.7/site-packages/airflow/example_dags/example_complex.py
[2024-11-09T17:13:10.683+0000] {processor.py:743} INFO - Processing file /home/airflow/.local/lib/python3.7/site-packages/airflow/example_dags/example_complex.py for tasks to queue
[2024-11-09T17:13:10.684+0000] {logging_mixin.py:137} INFO - [2024-11-09T17:13:10.684+0000] {dagbag.py:538} INFO - Filling up the DagBag from /home/airflow/.local/lib/python3.7/site-packages/airflow/example_dags/example_complex.py
[2024-11-09T17:13:10.691+0000] {logging_mixin.py:137} INFO - [2024-11-09T17:13:10.691+0000] {taskmixin.py:205} WARNING - Dependency <Task(BashOperator): create_entry_group>, delete_entry_group already registered for DAG: example_complex
[2024-11-09T17:13:10.691+0000] {logging_mixin.py:137} INFO - [2024-11-09T17:13:10.691+0000] {taskmixin.py:205} WARNING - Dependency <Task(BashOperator): delete_entry_group>, create_entry_group already registered for DAG: example_complex
[2024-11-09T17:13:10.691+0000] {logging_mixin.py:137} INFO - [2024-11-09T17:13:10.691+0000] {taskmixin.py:205} WARNING - Dependency <Task(BashOperator): create_entry_gcs>, delete_entry already registered for DAG: example_complex
[2024-11-09T17:13:10.692+0000] {logging_mixin.py:137} INFO - [2024-11-09T17:13:10.692+0000] {taskmixin.py:205} WARNING - Dependency <Task(BashOperator): delete_entry>, create_entry_gcs already registered for DAG: example_complex
[2024-11-09T17:13:10.692+0000] {logging_mixin.py:137} INFO - [2024-11-09T17:13:10.692+0000] {taskmixin.py:205} WARNING - Dependency <Task(BashOperator): create_tag>, delete_tag already registered for DAG: example_complex
[2024-11-09T17:13:10.692+0000] {logging_mixin.py:137} INFO - [2024-11-09T17:13:10.692+0000] {taskmixin.py:205} WARNING - Dependency <Task(BashOperator): delete_tag>, create_tag already registered for DAG: example_complex
[2024-11-09T17:13:10.696+0000] {processor.py:753} INFO - DAG(s) dict_keys(['example_complex']) retrieved from /home/airflow/.local/lib/python3.7/site-packages/airflow/example_dags/example_complex.py
[2024-11-09T17:13:10.715+0000] {logging_mixin.py:137} INFO - [2024-11-09T17:13:10.715+0000] {dag.py:2690} INFO - Sync 1 DAGs
[2024-11-09T17:13:10.729+0000] {logging_mixin.py:137} INFO - [2024-11-09T17:13:10.729+0000] {dag.py:3441} INFO - Setting next_dagrun for example_complex to None, run_after=None
[2024-11-09T17:13:10.747+0000] {processor.py:175} INFO - Processing /home/airflow/.local/lib/python3.7/site-packages/airflow/example_dags/example_complex.py took 0.066 seconds
[2024-11-09T17:13:42.788+0000] {processor.py:153} INFO - Started process (PID=647) to work on /home/airflow/.local/lib/python3.7/site-packages/airflow/example_dags/example_complex.py
[2024-11-09T17:13:42.789+0000] {processor.py:743} INFO - Processing file /home/airflow/.local/lib/python3.7/site-packages/airflow/example_dags/example_complex.py for tasks to queue
[2024-11-09T17:13:42.792+0000] {logging_mixin.py:137} INFO - [2024-11-09T17:13:42.792+0000] {dagbag.py:538} INFO - Filling up the DagBag from /home/airflow/.local/lib/python3.7/site-packages/airflow/example_dags/example_complex.py
[2024-11-09T17:13:42.808+0000] {logging_mixin.py:137} INFO - [2024-11-09T17:13:42.808+0000] {taskmixin.py:205} WARNING - Dependency <Task(BashOperator): create_entry_group>, delete_entry_group already registered for DAG: example_complex
[2024-11-09T17:13:42.809+0000] {logging_mixin.py:137} INFO - [2024-11-09T17:13:42.809+0000] {taskmixin.py:205} WARNING - Dependency <Task(BashOperator): delete_entry_group>, create_entry_group already registered for DAG: example_complex
[2024-11-09T17:13:42.809+0000] {logging_mixin.py:137} INFO - [2024-11-09T17:13:42.809+0000] {taskmixin.py:205} WARNING - Dependency <Task(BashOperator): create_entry_gcs>, delete_entry already registered for DAG: example_complex
[2024-11-09T17:13:42.809+0000] {logging_mixin.py:137} INFO - [2024-11-09T17:13:42.809+0000] {taskmixin.py:205} WARNING - Dependency <Task(BashOperator): delete_entry>, create_entry_gcs already registered for DAG: example_complex
[2024-11-09T17:13:42.810+0000] {logging_mixin.py:137} INFO - [2024-11-09T17:13:42.810+0000] {taskmixin.py:205} WARNING - Dependency <Task(BashOperator): create_tag>, delete_tag already registered for DAG: example_complex
[2024-11-09T17:13:42.810+0000] {logging_mixin.py:137} INFO - [2024-11-09T17:13:42.810+0000] {taskmixin.py:205} WARNING - Dependency <Task(BashOperator): delete_tag>, create_tag already registered for DAG: example_complex
[2024-11-09T17:13:42.820+0000] {processor.py:753} INFO - DAG(s) dict_keys(['example_complex']) retrieved from /home/airflow/.local/lib/python3.7/site-packages/airflow/example_dags/example_complex.py
[2024-11-09T17:13:42.846+0000] {logging_mixin.py:137} INFO - [2024-11-09T17:13:42.846+0000] {dag.py:2690} INFO - Sync 1 DAGs
[2024-11-09T17:13:42.866+0000] {logging_mixin.py:137} INFO - [2024-11-09T17:13:42.865+0000] {dag.py:3441} INFO - Setting next_dagrun for example_complex to None, run_after=None
[2024-11-09T17:13:42.880+0000] {processor.py:175} INFO - Processing /home/airflow/.local/lib/python3.7/site-packages/airflow/example_dags/example_complex.py took 0.097 seconds
[2024-11-09T17:14:13.781+0000] {processor.py:153} INFO - Started process (PID=734) to work on /home/airflow/.local/lib/python3.7/site-packages/airflow/example_dags/example_complex.py
[2024-11-09T17:14:13.782+0000] {processor.py:743} INFO - Processing file /home/airflow/.local/lib/python3.7/site-packages/airflow/example_dags/example_complex.py for tasks to queue
[2024-11-09T17:14:13.783+0000] {logging_mixin.py:137} INFO - [2024-11-09T17:14:13.782+0000] {dagbag.py:538} INFO - Filling up the DagBag from /home/airflow/.local/lib/python3.7/site-packages/airflow/example_dags/example_complex.py
[2024-11-09T17:14:13.789+0000] {logging_mixin.py:137} INFO - [2024-11-09T17:14:13.789+0000] {taskmixin.py:205} WARNING - Dependency <Task(BashOperator): create_entry_group>, delete_entry_group already registered for DAG: example_complex
[2024-11-09T17:14:13.789+0000] {logging_mixin.py:137} INFO - [2024-11-09T17:14:13.789+0000] {taskmixin.py:205} WARNING - Dependency <Task(BashOperator): delete_entry_group>, create_entry_group already registered for DAG: example_complex
[2024-11-09T17:14:13.789+0000] {logging_mixin.py:137} INFO - [2024-11-09T17:14:13.789+0000] {taskmixin.py:205} WARNING - Dependency <Task(BashOperator): create_entry_gcs>, delete_entry already registered for DAG: example_complex
[2024-11-09T17:14:13.789+0000] {logging_mixin.py:137} INFO - [2024-11-09T17:14:13.789+0000] {taskmixin.py:205} WARNING - Dependency <Task(BashOperator): delete_entry>, create_entry_gcs already registered for DAG: example_complex
[2024-11-09T17:14:13.790+0000] {logging_mixin.py:137} INFO - [2024-11-09T17:14:13.790+0000] {taskmixin.py:205} WARNING - Dependency <Task(BashOperator): create_tag>, delete_tag already registered for DAG: example_complex
[2024-11-09T17:14:13.790+0000] {logging_mixin.py:137} INFO - [2024-11-09T17:14:13.790+0000] {taskmixin.py:205} WARNING - Dependency <Task(BashOperator): delete_tag>, create_tag already registered for DAG: example_complex
[2024-11-09T17:14:13.794+0000] {processor.py:753} INFO - DAG(s) dict_keys(['example_complex']) retrieved from /home/airflow/.local/lib/python3.7/site-packages/airflow/example_dags/example_complex.py
[2024-11-09T17:14:13.811+0000] {logging_mixin.py:137} INFO - [2024-11-09T17:14:13.811+0000] {dag.py:2690} INFO - Sync 1 DAGs
[2024-11-09T17:14:13.827+0000] {logging_mixin.py:137} INFO - [2024-11-09T17:14:13.827+0000] {dag.py:3441} INFO - Setting next_dagrun for example_complex to None, run_after=None
[2024-11-09T17:14:13.837+0000] {processor.py:175} INFO - Processing /home/airflow/.local/lib/python3.7/site-packages/airflow/example_dags/example_complex.py took 0.059 seconds
[2024-11-09T17:14:44.624+0000] {processor.py:153} INFO - Started process (PID=805) to work on /home/airflow/.local/lib/python3.7/site-packages/airflow/example_dags/example_complex.py
[2024-11-09T17:14:44.626+0000] {processor.py:743} INFO - Processing file /home/airflow/.local/lib/python3.7/site-packages/airflow/example_dags/example_complex.py for tasks to queue
[2024-11-09T17:14:44.626+0000] {logging_mixin.py:137} INFO - [2024-11-09T17:14:44.626+0000] {dagbag.py:538} INFO - Filling up the DagBag from /home/airflow/.local/lib/python3.7/site-packages/airflow/example_dags/example_complex.py
[2024-11-09T17:14:44.634+0000] {logging_mixin.py:137} INFO - [2024-11-09T17:14:44.634+0000] {taskmixin.py:205} WARNING - Dependency <Task(BashOperator): create_entry_group>, delete_entry_group already registered for DAG: example_complex
[2024-11-09T17:14:44.635+0000] {logging_mixin.py:137} INFO - [2024-11-09T17:14:44.635+0000] {taskmixin.py:205} WARNING - Dependency <Task(BashOperator): delete_entry_group>, create_entry_group already registered for DAG: example_complex
[2024-11-09T17:14:44.635+0000] {logging_mixin.py:137} INFO - [2024-11-09T17:14:44.635+0000] {taskmixin.py:205} WARNING - Dependency <Task(BashOperator): create_entry_gcs>, delete_entry already registered for DAG: example_complex
[2024-11-09T17:14:44.635+0000] {logging_mixin.py:137} INFO - [2024-11-09T17:14:44.635+0000] {taskmixin.py:205} WARNING - Dependency <Task(BashOperator): delete_entry>, create_entry_gcs already registered for DAG: example_complex
[2024-11-09T17:14:44.636+0000] {logging_mixin.py:137} INFO - [2024-11-09T17:14:44.636+0000] {taskmixin.py:205} WARNING - Dependency <Task(BashOperator): create_tag>, delete_tag already registered for DAG: example_complex
[2024-11-09T17:14:44.636+0000] {logging_mixin.py:137} INFO - [2024-11-09T17:14:44.636+0000] {taskmixin.py:205} WARNING - Dependency <Task(BashOperator): delete_tag>, create_tag already registered for DAG: example_complex
[2024-11-09T17:14:44.640+0000] {processor.py:753} INFO - DAG(s) dict_keys(['example_complex']) retrieved from /home/airflow/.local/lib/python3.7/site-packages/airflow/example_dags/example_complex.py
[2024-11-09T17:14:44.662+0000] {logging_mixin.py:137} INFO - [2024-11-09T17:14:44.662+0000] {dag.py:2690} INFO - Sync 1 DAGs
[2024-11-09T17:14:44.684+0000] {logging_mixin.py:137} INFO - [2024-11-09T17:14:44.683+0000] {dag.py:3441} INFO - Setting next_dagrun for example_complex to None, run_after=None
[2024-11-09T17:14:44.699+0000] {processor.py:175} INFO - Processing /home/airflow/.local/lib/python3.7/site-packages/airflow/example_dags/example_complex.py took 0.077 seconds
[2024-11-09T17:15:15.514+0000] {processor.py:153} INFO - Started process (PID=892) to work on /home/airflow/.local/lib/python3.7/site-packages/airflow/example_dags/example_complex.py
[2024-11-09T17:15:15.515+0000] {processor.py:743} INFO - Processing file /home/airflow/.local/lib/python3.7/site-packages/airflow/example_dags/example_complex.py for tasks to queue
[2024-11-09T17:15:15.516+0000] {logging_mixin.py:137} INFO - [2024-11-09T17:15:15.516+0000] {dagbag.py:538} INFO - Filling up the DagBag from /home/airflow/.local/lib/python3.7/site-packages/airflow/example_dags/example_complex.py
[2024-11-09T17:15:15.524+0000] {logging_mixin.py:137} INFO - [2024-11-09T17:15:15.523+0000] {taskmixin.py:205} WARNING - Dependency <Task(BashOperator): create_entry_group>, delete_entry_group already registered for DAG: example_complex
[2024-11-09T17:15:15.524+0000] {logging_mixin.py:137} INFO - [2024-11-09T17:15:15.524+0000] {taskmixin.py:205} WARNING - Dependency <Task(BashOperator): delete_entry_group>, create_entry_group already registered for DAG: example_complex
[2024-11-09T17:15:15.528+0000] {logging_mixin.py:137} INFO - [2024-11-09T17:15:15.528+0000] {taskmixin.py:205} WARNING - Dependency <Task(BashOperator): create_entry_gcs>, delete_entry already registered for DAG: example_complex
[2024-11-09T17:15:15.528+0000] {logging_mixin.py:137} INFO - [2024-11-09T17:15:15.528+0000] {taskmixin.py:205} WARNING - Dependency <Task(BashOperator): delete_entry>, create_entry_gcs already registered for DAG: example_complex
[2024-11-09T17:15:15.528+0000] {logging_mixin.py:137} INFO - [2024-11-09T17:15:15.528+0000] {taskmixin.py:205} WARNING - Dependency <Task(BashOperator): create_tag>, delete_tag already registered for DAG: example_complex
[2024-11-09T17:15:15.528+0000] {logging_mixin.py:137} INFO - [2024-11-09T17:15:15.528+0000] {taskmixin.py:205} WARNING - Dependency <Task(BashOperator): delete_tag>, create_tag already registered for DAG: example_complex
[2024-11-09T17:15:15.534+0000] {processor.py:753} INFO - DAG(s) dict_keys(['example_complex']) retrieved from /home/airflow/.local/lib/python3.7/site-packages/airflow/example_dags/example_complex.py
[2024-11-09T17:15:15.555+0000] {logging_mixin.py:137} INFO - [2024-11-09T17:15:15.555+0000] {dag.py:2690} INFO - Sync 1 DAGs
[2024-11-09T17:15:15.568+0000] {logging_mixin.py:137} INFO - [2024-11-09T17:15:15.568+0000] {dag.py:3441} INFO - Setting next_dagrun for example_complex to None, run_after=None
[2024-11-09T17:15:15.581+0000] {processor.py:175} INFO - Processing /home/airflow/.local/lib/python3.7/site-packages/airflow/example_dags/example_complex.py took 0.068 seconds
[2024-11-09T17:15:46.348+0000] {processor.py:153} INFO - Started process (PID=979) to work on /home/airflow/.local/lib/python3.7/site-packages/airflow/example_dags/example_complex.py
[2024-11-09T17:15:46.349+0000] {processor.py:743} INFO - Processing file /home/airflow/.local/lib/python3.7/site-packages/airflow/example_dags/example_complex.py for tasks to queue
[2024-11-09T17:15:46.349+0000] {logging_mixin.py:137} INFO - [2024-11-09T17:15:46.349+0000] {dagbag.py:538} INFO - Filling up the DagBag from /home/airflow/.local/lib/python3.7/site-packages/airflow/example_dags/example_complex.py
[2024-11-09T17:15:46.358+0000] {logging_mixin.py:137} INFO - [2024-11-09T17:15:46.358+0000] {taskmixin.py:205} WARNING - Dependency <Task(BashOperator): create_entry_group>, delete_entry_group already registered for DAG: example_complex
[2024-11-09T17:15:46.358+0000] {logging_mixin.py:137} INFO - [2024-11-09T17:15:46.358+0000] {taskmixin.py:205} WARNING - Dependency <Task(BashOperator): delete_entry_group>, create_entry_group already registered for DAG: example_complex
[2024-11-09T17:15:46.358+0000] {logging_mixin.py:137} INFO - [2024-11-09T17:15:46.358+0000] {taskmixin.py:205} WARNING - Dependency <Task(BashOperator): create_entry_gcs>, delete_entry already registered for DAG: example_complex
[2024-11-09T17:15:46.358+0000] {logging_mixin.py:137} INFO - [2024-11-09T17:15:46.358+0000] {taskmixin.py:205} WARNING - Dependency <Task(BashOperator): delete_entry>, create_entry_gcs already registered for DAG: example_complex
[2024-11-09T17:15:46.359+0000] {logging_mixin.py:137} INFO - [2024-11-09T17:15:46.359+0000] {taskmixin.py:205} WARNING - Dependency <Task(BashOperator): create_tag>, delete_tag already registered for DAG: example_complex
[2024-11-09T17:15:46.359+0000] {logging_mixin.py:137} INFO - [2024-11-09T17:15:46.359+0000] {taskmixin.py:205} WARNING - Dependency <Task(BashOperator): delete_tag>, create_tag already registered for DAG: example_complex
[2024-11-09T17:15:46.363+0000] {processor.py:753} INFO - DAG(s) dict_keys(['example_complex']) retrieved from /home/airflow/.local/lib/python3.7/site-packages/airflow/example_dags/example_complex.py
[2024-11-09T17:15:46.378+0000] {logging_mixin.py:137} INFO - [2024-11-09T17:15:46.378+0000] {dag.py:2690} INFO - Sync 1 DAGs
[2024-11-09T17:15:46.392+0000] {logging_mixin.py:137} INFO - [2024-11-09T17:15:46.391+0000] {dag.py:3441} INFO - Setting next_dagrun for example_complex to None, run_after=None
[2024-11-09T17:15:46.403+0000] {processor.py:175} INFO - Processing /home/airflow/.local/lib/python3.7/site-packages/airflow/example_dags/example_complex.py took 0.057 seconds
[2024-11-09T17:16:17.101+0000] {processor.py:153} INFO - Started process (PID=1066) to work on /home/airflow/.local/lib/python3.7/site-packages/airflow/example_dags/example_complex.py
[2024-11-09T17:16:17.103+0000] {processor.py:743} INFO - Processing file /home/airflow/.local/lib/python3.7/site-packages/airflow/example_dags/example_complex.py for tasks to queue
[2024-11-09T17:16:17.104+0000] {logging_mixin.py:137} INFO - [2024-11-09T17:16:17.104+0000] {dagbag.py:538} INFO - Filling up the DagBag from /home/airflow/.local/lib/python3.7/site-packages/airflow/example_dags/example_complex.py
[2024-11-09T17:16:17.109+0000] {logging_mixin.py:137} INFO - [2024-11-09T17:16:17.109+0000] {taskmixin.py:205} WARNING - Dependency <Task(BashOperator): create_entry_group>, delete_entry_group already registered for DAG: example_complex
[2024-11-09T17:16:17.110+0000] {logging_mixin.py:137} INFO - [2024-11-09T17:16:17.110+0000] {taskmixin.py:205} WARNING - Dependency <Task(BashOperator): delete_entry_group>, create_entry_group already registered for DAG: example_complex
[2024-11-09T17:16:17.110+0000] {logging_mixin.py:137} INFO - [2024-11-09T17:16:17.110+0000] {taskmixin.py:205} WARNING - Dependency <Task(BashOperator): create_entry_gcs>, delete_entry already registered for DAG: example_complex
[2024-11-09T17:16:17.110+0000] {logging_mixin.py:137} INFO - [2024-11-09T17:16:17.110+0000] {taskmixin.py:205} WARNING - Dependency <Task(BashOperator): delete_entry>, create_entry_gcs already registered for DAG: example_complex
[2024-11-09T17:16:17.110+0000] {logging_mixin.py:137} INFO - [2024-11-09T17:16:17.110+0000] {taskmixin.py:205} WARNING - Dependency <Task(BashOperator): create_tag>, delete_tag already registered for DAG: example_complex
[2024-11-09T17:16:17.110+0000] {logging_mixin.py:137} INFO - [2024-11-09T17:16:17.110+0000] {taskmixin.py:205} WARNING - Dependency <Task(BashOperator): delete_tag>, create_tag already registered for DAG: example_complex
[2024-11-09T17:16:17.114+0000] {processor.py:753} INFO - DAG(s) dict_keys(['example_complex']) retrieved from /home/airflow/.local/lib/python3.7/site-packages/airflow/example_dags/example_complex.py
[2024-11-09T17:16:17.132+0000] {logging_mixin.py:137} INFO - [2024-11-09T17:16:17.132+0000] {dag.py:2690} INFO - Sync 1 DAGs
[2024-11-09T17:16:17.147+0000] {logging_mixin.py:137} INFO - [2024-11-09T17:16:17.147+0000] {dag.py:3441} INFO - Setting next_dagrun for example_complex to None, run_after=None
[2024-11-09T17:16:17.160+0000] {processor.py:175} INFO - Processing /home/airflow/.local/lib/python3.7/site-packages/airflow/example_dags/example_complex.py took 0.061 seconds
[2024-11-09T17:16:47.268+0000] {processor.py:153} INFO - Started process (PID=1136) to work on /home/airflow/.local/lib/python3.7/site-packages/airflow/example_dags/example_complex.py
[2024-11-09T17:16:47.269+0000] {processor.py:743} INFO - Processing file /home/airflow/.local/lib/python3.7/site-packages/airflow/example_dags/example_complex.py for tasks to queue
[2024-11-09T17:16:47.269+0000] {logging_mixin.py:137} INFO - [2024-11-09T17:16:47.269+0000] {dagbag.py:538} INFO - Filling up the DagBag from /home/airflow/.local/lib/python3.7/site-packages/airflow/example_dags/example_complex.py
[2024-11-09T17:16:47.276+0000] {logging_mixin.py:137} INFO - [2024-11-09T17:16:47.276+0000] {taskmixin.py:205} WARNING - Dependency <Task(BashOperator): create_entry_group>, delete_entry_group already registered for DAG: example_complex
[2024-11-09T17:16:47.276+0000] {logging_mixin.py:137} INFO - [2024-11-09T17:16:47.276+0000] {taskmixin.py:205} WARNING - Dependency <Task(BashOperator): delete_entry_group>, create_entry_group already registered for DAG: example_complex
[2024-11-09T17:16:47.277+0000] {logging_mixin.py:137} INFO - [2024-11-09T17:16:47.277+0000] {taskmixin.py:205} WARNING - Dependency <Task(BashOperator): create_entry_gcs>, delete_entry already registered for DAG: example_complex
[2024-11-09T17:16:47.277+0000] {logging_mixin.py:137} INFO - [2024-11-09T17:16:47.277+0000] {taskmixin.py:205} WARNING - Dependency <Task(BashOperator): delete_entry>, create_entry_gcs already registered for DAG: example_complex
[2024-11-09T17:16:47.277+0000] {logging_mixin.py:137} INFO - [2024-11-09T17:16:47.277+0000] {taskmixin.py:205} WARNING - Dependency <Task(BashOperator): create_tag>, delete_tag already registered for DAG: example_complex
[2024-11-09T17:16:47.277+0000] {logging_mixin.py:137} INFO - [2024-11-09T17:16:47.277+0000] {taskmixin.py:205} WARNING - Dependency <Task(BashOperator): delete_tag>, create_tag already registered for DAG: example_complex
[2024-11-09T17:16:47.281+0000] {processor.py:753} INFO - DAG(s) dict_keys(['example_complex']) retrieved from /home/airflow/.local/lib/python3.7/site-packages/airflow/example_dags/example_complex.py
[2024-11-09T17:16:47.298+0000] {logging_mixin.py:137} INFO - [2024-11-09T17:16:47.298+0000] {dag.py:2690} INFO - Sync 1 DAGs
[2024-11-09T17:16:47.312+0000] {logging_mixin.py:137} INFO - [2024-11-09T17:16:47.312+0000] {dag.py:3441} INFO - Setting next_dagrun for example_complex to None, run_after=None
[2024-11-09T17:16:47.324+0000] {processor.py:175} INFO - Processing /home/airflow/.local/lib/python3.7/site-packages/airflow/example_dags/example_complex.py took 0.058 seconds
[2024-11-09T17:17:18.047+0000] {processor.py:153} INFO - Started process (PID=1223) to work on /home/airflow/.local/lib/python3.7/site-packages/airflow/example_dags/example_complex.py
[2024-11-09T17:17:18.048+0000] {processor.py:743} INFO - Processing file /home/airflow/.local/lib/python3.7/site-packages/airflow/example_dags/example_complex.py for tasks to queue
[2024-11-09T17:17:18.049+0000] {logging_mixin.py:137} INFO - [2024-11-09T17:17:18.049+0000] {dagbag.py:538} INFO - Filling up the DagBag from /home/airflow/.local/lib/python3.7/site-packages/airflow/example_dags/example_complex.py
[2024-11-09T17:17:18.055+0000] {logging_mixin.py:137} INFO - [2024-11-09T17:17:18.055+0000] {taskmixin.py:205} WARNING - Dependency <Task(BashOperator): create_entry_group>, delete_entry_group already registered for DAG: example_complex
[2024-11-09T17:17:18.055+0000] {logging_mixin.py:137} INFO - [2024-11-09T17:17:18.055+0000] {taskmixin.py:205} WARNING - Dependency <Task(BashOperator): delete_entry_group>, create_entry_group already registered for DAG: example_complex
[2024-11-09T17:17:18.055+0000] {logging_mixin.py:137} INFO - [2024-11-09T17:17:18.055+0000] {taskmixin.py:205} WARNING - Dependency <Task(BashOperator): create_entry_gcs>, delete_entry already registered for DAG: example_complex
[2024-11-09T17:17:18.055+0000] {logging_mixin.py:137} INFO - [2024-11-09T17:17:18.055+0000] {taskmixin.py:205} WARNING - Dependency <Task(BashOperator): delete_entry>, create_entry_gcs already registered for DAG: example_complex
[2024-11-09T17:17:18.055+0000] {logging_mixin.py:137} INFO - [2024-11-09T17:17:18.055+0000] {taskmixin.py:205} WARNING - Dependency <Task(BashOperator): create_tag>, delete_tag already registered for DAG: example_complex
[2024-11-09T17:17:18.056+0000] {logging_mixin.py:137} INFO - [2024-11-09T17:17:18.056+0000] {taskmixin.py:205} WARNING - Dependency <Task(BashOperator): delete_tag>, create_tag already registered for DAG: example_complex
[2024-11-09T17:17:18.059+0000] {processor.py:753} INFO - DAG(s) dict_keys(['example_complex']) retrieved from /home/airflow/.local/lib/python3.7/site-packages/airflow/example_dags/example_complex.py
[2024-11-09T17:17:18.076+0000] {logging_mixin.py:137} INFO - [2024-11-09T17:17:18.076+0000] {dag.py:2690} INFO - Sync 1 DAGs
[2024-11-09T17:17:18.089+0000] {logging_mixin.py:137} INFO - [2024-11-09T17:17:18.089+0000] {dag.py:3441} INFO - Setting next_dagrun for example_complex to None, run_after=None
[2024-11-09T17:17:18.104+0000] {processor.py:175} INFO - Processing /home/airflow/.local/lib/python3.7/site-packages/airflow/example_dags/example_complex.py took 0.058 seconds
[2024-11-09T17:17:48.889+0000] {processor.py:153} INFO - Started process (PID=1310) to work on /home/airflow/.local/lib/python3.7/site-packages/airflow/example_dags/example_complex.py
[2024-11-09T17:17:48.890+0000] {processor.py:743} INFO - Processing file /home/airflow/.local/lib/python3.7/site-packages/airflow/example_dags/example_complex.py for tasks to queue
[2024-11-09T17:17:48.891+0000] {logging_mixin.py:137} INFO - [2024-11-09T17:17:48.891+0000] {dagbag.py:538} INFO - Filling up the DagBag from /home/airflow/.local/lib/python3.7/site-packages/airflow/example_dags/example_complex.py
[2024-11-09T17:17:48.896+0000] {logging_mixin.py:137} INFO - [2024-11-09T17:17:48.896+0000] {taskmixin.py:205} WARNING - Dependency <Task(BashOperator): create_entry_group>, delete_entry_group already registered for DAG: example_complex
[2024-11-09T17:17:48.896+0000] {logging_mixin.py:137} INFO - [2024-11-09T17:17:48.896+0000] {taskmixin.py:205} WARNING - Dependency <Task(BashOperator): delete_entry_group>, create_entry_group already registered for DAG: example_complex
[2024-11-09T17:17:48.896+0000] {logging_mixin.py:137} INFO - [2024-11-09T17:17:48.896+0000] {taskmixin.py:205} WARNING - Dependency <Task(BashOperator): create_entry_gcs>, delete_entry already registered for DAG: example_complex
[2024-11-09T17:17:48.897+0000] {logging_mixin.py:137} INFO - [2024-11-09T17:17:48.897+0000] {taskmixin.py:205} WARNING - Dependency <Task(BashOperator): delete_entry>, create_entry_gcs already registered for DAG: example_complex
[2024-11-09T17:17:48.897+0000] {logging_mixin.py:137} INFO - [2024-11-09T17:17:48.897+0000] {taskmixin.py:205} WARNING - Dependency <Task(BashOperator): create_tag>, delete_tag already registered for DAG: example_complex
[2024-11-09T17:17:48.897+0000] {logging_mixin.py:137} INFO - [2024-11-09T17:17:48.897+0000] {taskmixin.py:205} WARNING - Dependency <Task(BashOperator): delete_tag>, create_tag already registered for DAG: example_complex
[2024-11-09T17:17:48.900+0000] {processor.py:753} INFO - DAG(s) dict_keys(['example_complex']) retrieved from /home/airflow/.local/lib/python3.7/site-packages/airflow/example_dags/example_complex.py
[2024-11-09T17:17:48.921+0000] {logging_mixin.py:137} INFO - [2024-11-09T17:17:48.921+0000] {dag.py:2690} INFO - Sync 1 DAGs
[2024-11-09T17:17:48.935+0000] {logging_mixin.py:137} INFO - [2024-11-09T17:17:48.935+0000] {dag.py:3441} INFO - Setting next_dagrun for example_complex to None, run_after=None
[2024-11-09T17:17:48.948+0000] {processor.py:175} INFO - Processing /home/airflow/.local/lib/python3.7/site-packages/airflow/example_dags/example_complex.py took 0.062 seconds
[2024-11-09T17:18:19.721+0000] {processor.py:153} INFO - Started process (PID=1381) to work on /home/airflow/.local/lib/python3.7/site-packages/airflow/example_dags/example_complex.py
[2024-11-09T17:18:19.725+0000] {processor.py:743} INFO - Processing file /home/airflow/.local/lib/python3.7/site-packages/airflow/example_dags/example_complex.py for tasks to queue
[2024-11-09T17:18:19.725+0000] {logging_mixin.py:137} INFO - [2024-11-09T17:18:19.725+0000] {dagbag.py:538} INFO - Filling up the DagBag from /home/airflow/.local/lib/python3.7/site-packages/airflow/example_dags/example_complex.py
[2024-11-09T17:18:19.732+0000] {logging_mixin.py:137} INFO - [2024-11-09T17:18:19.731+0000] {taskmixin.py:205} WARNING - Dependency <Task(BashOperator): create_entry_group>, delete_entry_group already registered for DAG: example_complex
[2024-11-09T17:18:19.732+0000] {logging_mixin.py:137} INFO - [2024-11-09T17:18:19.732+0000] {taskmixin.py:205} WARNING - Dependency <Task(BashOperator): delete_entry_group>, create_entry_group already registered for DAG: example_complex
[2024-11-09T17:18:19.732+0000] {logging_mixin.py:137} INFO - [2024-11-09T17:18:19.732+0000] {taskmixin.py:205} WARNING - Dependency <Task(BashOperator): create_entry_gcs>, delete_entry already registered for DAG: example_complex
[2024-11-09T17:18:19.732+0000] {logging_mixin.py:137} INFO - [2024-11-09T17:18:19.732+0000] {taskmixin.py:205} WARNING - Dependency <Task(BashOperator): delete_entry>, create_entry_gcs already registered for DAG: example_complex
[2024-11-09T17:18:19.732+0000] {logging_mixin.py:137} INFO - [2024-11-09T17:18:19.732+0000] {taskmixin.py:205} WARNING - Dependency <Task(BashOperator): create_tag>, delete_tag already registered for DAG: example_complex
[2024-11-09T17:18:19.732+0000] {logging_mixin.py:137} INFO - [2024-11-09T17:18:19.732+0000] {taskmixin.py:205} WARNING - Dependency <Task(BashOperator): delete_tag>, create_tag already registered for DAG: example_complex
[2024-11-09T17:18:19.736+0000] {processor.py:753} INFO - DAG(s) dict_keys(['example_complex']) retrieved from /home/airflow/.local/lib/python3.7/site-packages/airflow/example_dags/example_complex.py
[2024-11-09T17:18:19.756+0000] {logging_mixin.py:137} INFO - [2024-11-09T17:18:19.756+0000] {dag.py:2690} INFO - Sync 1 DAGs
[2024-11-09T17:18:19.770+0000] {logging_mixin.py:137} INFO - [2024-11-09T17:18:19.769+0000] {dag.py:3441} INFO - Setting next_dagrun for example_complex to None, run_after=None
[2024-11-09T17:18:19.783+0000] {processor.py:175} INFO - Processing /home/airflow/.local/lib/python3.7/site-packages/airflow/example_dags/example_complex.py took 0.064 seconds
[2024-11-09T17:18:50.585+0000] {processor.py:153} INFO - Started process (PID=1468) to work on /home/airflow/.local/lib/python3.7/site-packages/airflow/example_dags/example_complex.py
[2024-11-09T17:18:50.586+0000] {processor.py:743} INFO - Processing file /home/airflow/.local/lib/python3.7/site-packages/airflow/example_dags/example_complex.py for tasks to queue
[2024-11-09T17:18:50.587+0000] {logging_mixin.py:137} INFO - [2024-11-09T17:18:50.587+0000] {dagbag.py:538} INFO - Filling up the DagBag from /home/airflow/.local/lib/python3.7/site-packages/airflow/example_dags/example_complex.py
[2024-11-09T17:18:50.594+0000] {logging_mixin.py:137} INFO - [2024-11-09T17:18:50.594+0000] {taskmixin.py:205} WARNING - Dependency <Task(BashOperator): create_entry_group>, delete_entry_group already registered for DAG: example_complex
[2024-11-09T17:18:50.594+0000] {logging_mixin.py:137} INFO - [2024-11-09T17:18:50.594+0000] {taskmixin.py:205} WARNING - Dependency <Task(BashOperator): delete_entry_group>, create_entry_group already registered for DAG: example_complex
[2024-11-09T17:18:50.594+0000] {logging_mixin.py:137} INFO - [2024-11-09T17:18:50.594+0000] {taskmixin.py:205} WARNING - Dependency <Task(BashOperator): create_entry_gcs>, delete_entry already registered for DAG: example_complex
[2024-11-09T17:18:50.594+0000] {logging_mixin.py:137} INFO - [2024-11-09T17:18:50.594+0000] {taskmixin.py:205} WARNING - Dependency <Task(BashOperator): delete_entry>, create_entry_gcs already registered for DAG: example_complex
[2024-11-09T17:18:50.594+0000] {logging_mixin.py:137} INFO - [2024-11-09T17:18:50.594+0000] {taskmixin.py:205} WARNING - Dependency <Task(BashOperator): create_tag>, delete_tag already registered for DAG: example_complex
[2024-11-09T17:18:50.595+0000] {logging_mixin.py:137} INFO - [2024-11-09T17:18:50.595+0000] {taskmixin.py:205} WARNING - Dependency <Task(BashOperator): delete_tag>, create_tag already registered for DAG: example_complex
[2024-11-09T17:18:50.598+0000] {processor.py:753} INFO - DAG(s) dict_keys(['example_complex']) retrieved from /home/airflow/.local/lib/python3.7/site-packages/airflow/example_dags/example_complex.py
[2024-11-09T17:18:50.617+0000] {logging_mixin.py:137} INFO - [2024-11-09T17:18:50.617+0000] {dag.py:2690} INFO - Sync 1 DAGs
[2024-11-09T17:18:50.630+0000] {logging_mixin.py:137} INFO - [2024-11-09T17:18:50.630+0000] {dag.py:3441} INFO - Setting next_dagrun for example_complex to None, run_after=None
[2024-11-09T17:18:50.640+0000] {processor.py:175} INFO - Processing /home/airflow/.local/lib/python3.7/site-packages/airflow/example_dags/example_complex.py took 0.057 seconds
[2024-11-09T17:19:21.469+0000] {processor.py:153} INFO - Started process (PID=1555) to work on /home/airflow/.local/lib/python3.7/site-packages/airflow/example_dags/example_complex.py
[2024-11-09T17:19:21.471+0000] {processor.py:743} INFO - Processing file /home/airflow/.local/lib/python3.7/site-packages/airflow/example_dags/example_complex.py for tasks to queue
[2024-11-09T17:19:21.471+0000] {logging_mixin.py:137} INFO - [2024-11-09T17:19:21.471+0000] {dagbag.py:538} INFO - Filling up the DagBag from /home/airflow/.local/lib/python3.7/site-packages/airflow/example_dags/example_complex.py
[2024-11-09T17:19:21.477+0000] {logging_mixin.py:137} INFO - [2024-11-09T17:19:21.477+0000] {taskmixin.py:205} WARNING - Dependency <Task(BashOperator): create_entry_group>, delete_entry_group already registered for DAG: example_complex
[2024-11-09T17:19:21.477+0000] {logging_mixin.py:137} INFO - [2024-11-09T17:19:21.477+0000] {taskmixin.py:205} WARNING - Dependency <Task(BashOperator): delete_entry_group>, create_entry_group already registered for DAG: example_complex
[2024-11-09T17:19:21.477+0000] {logging_mixin.py:137} INFO - [2024-11-09T17:19:21.477+0000] {taskmixin.py:205} WARNING - Dependency <Task(BashOperator): create_entry_gcs>, delete_entry already registered for DAG: example_complex
[2024-11-09T17:19:21.478+0000] {logging_mixin.py:137} INFO - [2024-11-09T17:19:21.477+0000] {taskmixin.py:205} WARNING - Dependency <Task(BashOperator): delete_entry>, create_entry_gcs already registered for DAG: example_complex
[2024-11-09T17:19:21.479+0000] {logging_mixin.py:137} INFO - [2024-11-09T17:19:21.479+0000] {taskmixin.py:205} WARNING - Dependency <Task(BashOperator): create_tag>, delete_tag already registered for DAG: example_complex
[2024-11-09T17:19:21.480+0000] {logging_mixin.py:137} INFO - [2024-11-09T17:19:21.480+0000] {taskmixin.py:205} WARNING - Dependency <Task(BashOperator): delete_tag>, create_tag already registered for DAG: example_complex
[2024-11-09T17:19:21.484+0000] {processor.py:753} INFO - DAG(s) dict_keys(['example_complex']) retrieved from /home/airflow/.local/lib/python3.7/site-packages/airflow/example_dags/example_complex.py
[2024-11-09T17:19:21.509+0000] {logging_mixin.py:137} INFO - [2024-11-09T17:19:21.509+0000] {dag.py:2690} INFO - Sync 1 DAGs
[2024-11-09T17:19:21.526+0000] {logging_mixin.py:137} INFO - [2024-11-09T17:19:21.526+0000] {dag.py:3441} INFO - Setting next_dagrun for example_complex to None, run_after=None
[2024-11-09T17:19:21.537+0000] {processor.py:175} INFO - Processing /home/airflow/.local/lib/python3.7/site-packages/airflow/example_dags/example_complex.py took 0.070 seconds
[2024-11-09T17:19:52.559+0000] {processor.py:153} INFO - Started process (PID=1642) to work on /home/airflow/.local/lib/python3.7/site-packages/airflow/example_dags/example_complex.py
[2024-11-09T17:19:52.561+0000] {processor.py:743} INFO - Processing file /home/airflow/.local/lib/python3.7/site-packages/airflow/example_dags/example_complex.py for tasks to queue
[2024-11-09T17:19:52.562+0000] {logging_mixin.py:137} INFO - [2024-11-09T17:19:52.562+0000] {dagbag.py:538} INFO - Filling up the DagBag from /home/airflow/.local/lib/python3.7/site-packages/airflow/example_dags/example_complex.py
[2024-11-09T17:19:52.568+0000] {logging_mixin.py:137} INFO - [2024-11-09T17:19:52.568+0000] {taskmixin.py:205} WARNING - Dependency <Task(BashOperator): create_entry_group>, delete_entry_group already registered for DAG: example_complex
[2024-11-09T17:19:52.568+0000] {logging_mixin.py:137} INFO - [2024-11-09T17:19:52.568+0000] {taskmixin.py:205} WARNING - Dependency <Task(BashOperator): delete_entry_group>, create_entry_group already registered for DAG: example_complex
[2024-11-09T17:19:52.568+0000] {logging_mixin.py:137} INFO - [2024-11-09T17:19:52.568+0000] {taskmixin.py:205} WARNING - Dependency <Task(BashOperator): create_entry_gcs>, delete_entry already registered for DAG: example_complex
[2024-11-09T17:19:52.569+0000] {logging_mixin.py:137} INFO - [2024-11-09T17:19:52.568+0000] {taskmixin.py:205} WARNING - Dependency <Task(BashOperator): delete_entry>, create_entry_gcs already registered for DAG: example_complex
[2024-11-09T17:19:52.569+0000] {logging_mixin.py:137} INFO - [2024-11-09T17:19:52.569+0000] {taskmixin.py:205} WARNING - Dependency <Task(BashOperator): create_tag>, delete_tag already registered for DAG: example_complex
[2024-11-09T17:19:52.569+0000] {logging_mixin.py:137} INFO - [2024-11-09T17:19:52.569+0000] {taskmixin.py:205} WARNING - Dependency <Task(BashOperator): delete_tag>, create_tag already registered for DAG: example_complex
[2024-11-09T17:19:52.573+0000] {processor.py:753} INFO - DAG(s) dict_keys(['example_complex']) retrieved from /home/airflow/.local/lib/python3.7/site-packages/airflow/example_dags/example_complex.py
[2024-11-09T17:19:52.598+0000] {logging_mixin.py:137} INFO - [2024-11-09T17:19:52.597+0000] {dag.py:2690} INFO - Sync 1 DAGs
[2024-11-09T17:19:52.614+0000] {logging_mixin.py:137} INFO - [2024-11-09T17:19:52.614+0000] {dag.py:3441} INFO - Setting next_dagrun for example_complex to None, run_after=None
[2024-11-09T17:19:52.630+0000] {processor.py:175} INFO - Processing /home/airflow/.local/lib/python3.7/site-packages/airflow/example_dags/example_complex.py took 0.073 seconds
[2024-11-09T17:20:23.312+0000] {processor.py:153} INFO - Started process (PID=1722) to work on /home/airflow/.local/lib/python3.7/site-packages/airflow/example_dags/example_complex.py
[2024-11-09T17:20:23.314+0000] {processor.py:743} INFO - Processing file /home/airflow/.local/lib/python3.7/site-packages/airflow/example_dags/example_complex.py for tasks to queue
[2024-11-09T17:20:23.317+0000] {logging_mixin.py:137} INFO - [2024-11-09T17:20:23.316+0000] {dagbag.py:538} INFO - Filling up the DagBag from /home/airflow/.local/lib/python3.7/site-packages/airflow/example_dags/example_complex.py
[2024-11-09T17:20:23.325+0000] {logging_mixin.py:137} INFO - [2024-11-09T17:20:23.324+0000] {taskmixin.py:205} WARNING - Dependency <Task(BashOperator): create_entry_group>, delete_entry_group already registered for DAG: example_complex
[2024-11-09T17:20:23.325+0000] {logging_mixin.py:137} INFO - [2024-11-09T17:20:23.325+0000] {taskmixin.py:205} WARNING - Dependency <Task(BashOperator): delete_entry_group>, create_entry_group already registered for DAG: example_complex
[2024-11-09T17:20:23.325+0000] {logging_mixin.py:137} INFO - [2024-11-09T17:20:23.325+0000] {taskmixin.py:205} WARNING - Dependency <Task(BashOperator): create_entry_gcs>, delete_entry already registered for DAG: example_complex
[2024-11-09T17:20:23.325+0000] {logging_mixin.py:137} INFO - [2024-11-09T17:20:23.325+0000] {taskmixin.py:205} WARNING - Dependency <Task(BashOperator): delete_entry>, create_entry_gcs already registered for DAG: example_complex
[2024-11-09T17:20:23.325+0000] {logging_mixin.py:137} INFO - [2024-11-09T17:20:23.325+0000] {taskmixin.py:205} WARNING - Dependency <Task(BashOperator): create_tag>, delete_tag already registered for DAG: example_complex
[2024-11-09T17:20:23.325+0000] {logging_mixin.py:137} INFO - [2024-11-09T17:20:23.325+0000] {taskmixin.py:205} WARNING - Dependency <Task(BashOperator): delete_tag>, create_tag already registered for DAG: example_complex
[2024-11-09T17:20:23.329+0000] {processor.py:753} INFO - DAG(s) dict_keys(['example_complex']) retrieved from /home/airflow/.local/lib/python3.7/site-packages/airflow/example_dags/example_complex.py
[2024-11-09T17:20:23.345+0000] {logging_mixin.py:137} INFO - [2024-11-09T17:20:23.345+0000] {dag.py:2690} INFO - Sync 1 DAGs
[2024-11-09T17:20:23.358+0000] {logging_mixin.py:137} INFO - [2024-11-09T17:20:23.358+0000] {dag.py:3441} INFO - Setting next_dagrun for example_complex to None, run_after=None
[2024-11-09T17:20:23.368+0000] {processor.py:175} INFO - Processing /home/airflow/.local/lib/python3.7/site-packages/airflow/example_dags/example_complex.py took 0.058 seconds
[2024-11-09T17:20:51.575+0000] {processor.py:153} INFO - Started process (PID=61) to work on /home/airflow/.local/lib/python3.7/site-packages/airflow/example_dags/example_complex.py
[2024-11-09T17:20:51.575+0000] {processor.py:743} INFO - Processing file /home/airflow/.local/lib/python3.7/site-packages/airflow/example_dags/example_complex.py for tasks to queue
[2024-11-09T17:20:51.576+0000] {logging_mixin.py:137} INFO - [2024-11-09T17:20:51.576+0000] {dagbag.py:538} INFO - Filling up the DagBag from /home/airflow/.local/lib/python3.7/site-packages/airflow/example_dags/example_complex.py
[2024-11-09T17:20:51.583+0000] {logging_mixin.py:137} INFO - [2024-11-09T17:20:51.583+0000] {taskmixin.py:205} WARNING - Dependency <Task(BashOperator): create_entry_group>, delete_entry_group already registered for DAG: example_complex
[2024-11-09T17:20:51.583+0000] {logging_mixin.py:137} INFO - [2024-11-09T17:20:51.583+0000] {taskmixin.py:205} WARNING - Dependency <Task(BashOperator): delete_entry_group>, create_entry_group already registered for DAG: example_complex
[2024-11-09T17:20:51.583+0000] {logging_mixin.py:137} INFO - [2024-11-09T17:20:51.583+0000] {taskmixin.py:205} WARNING - Dependency <Task(BashOperator): create_entry_gcs>, delete_entry already registered for DAG: example_complex
[2024-11-09T17:20:51.584+0000] {logging_mixin.py:137} INFO - [2024-11-09T17:20:51.584+0000] {taskmixin.py:205} WARNING - Dependency <Task(BashOperator): delete_entry>, create_entry_gcs already registered for DAG: example_complex
[2024-11-09T17:20:51.584+0000] {logging_mixin.py:137} INFO - [2024-11-09T17:20:51.584+0000] {taskmixin.py:205} WARNING - Dependency <Task(BashOperator): create_tag>, delete_tag already registered for DAG: example_complex
[2024-11-09T17:20:51.586+0000] {logging_mixin.py:137} INFO - [2024-11-09T17:20:51.585+0000] {taskmixin.py:205} WARNING - Dependency <Task(BashOperator): delete_tag>, create_tag already registered for DAG: example_complex
[2024-11-09T17:20:51.591+0000] {processor.py:753} INFO - DAG(s) dict_keys(['example_complex']) retrieved from /home/airflow/.local/lib/python3.7/site-packages/airflow/example_dags/example_complex.py
[2024-11-09T17:20:51.599+0000] {logging_mixin.py:137} INFO - [2024-11-09T17:20:51.599+0000] {dag.py:2690} INFO - Sync 1 DAGs
[2024-11-09T17:20:51.618+0000] {logging_mixin.py:137} INFO - [2024-11-09T17:20:51.618+0000] {dag.py:3441} INFO - Setting next_dagrun for example_complex to None, run_after=None
[2024-11-09T17:20:51.635+0000] {processor.py:175} INFO - Processing /home/airflow/.local/lib/python3.7/site-packages/airflow/example_dags/example_complex.py took 0.062 seconds
[2024-11-09T17:21:22.517+0000] {processor.py:153} INFO - Started process (PID=148) to work on /home/airflow/.local/lib/python3.7/site-packages/airflow/example_dags/example_complex.py
[2024-11-09T17:21:22.517+0000] {processor.py:743} INFO - Processing file /home/airflow/.local/lib/python3.7/site-packages/airflow/example_dags/example_complex.py for tasks to queue
[2024-11-09T17:21:22.518+0000] {logging_mixin.py:137} INFO - [2024-11-09T17:21:22.518+0000] {dagbag.py:538} INFO - Filling up the DagBag from /home/airflow/.local/lib/python3.7/site-packages/airflow/example_dags/example_complex.py
[2024-11-09T17:21:22.524+0000] {logging_mixin.py:137} INFO - [2024-11-09T17:21:22.523+0000] {taskmixin.py:205} WARNING - Dependency <Task(BashOperator): create_entry_group>, delete_entry_group already registered for DAG: example_complex
[2024-11-09T17:21:22.524+0000] {logging_mixin.py:137} INFO - [2024-11-09T17:21:22.524+0000] {taskmixin.py:205} WARNING - Dependency <Task(BashOperator): delete_entry_group>, create_entry_group already registered for DAG: example_complex
[2024-11-09T17:21:22.524+0000] {logging_mixin.py:137} INFO - [2024-11-09T17:21:22.524+0000] {taskmixin.py:205} WARNING - Dependency <Task(BashOperator): create_entry_gcs>, delete_entry already registered for DAG: example_complex
[2024-11-09T17:21:22.524+0000] {logging_mixin.py:137} INFO - [2024-11-09T17:21:22.524+0000] {taskmixin.py:205} WARNING - Dependency <Task(BashOperator): delete_entry>, create_entry_gcs already registered for DAG: example_complex
[2024-11-09T17:21:22.524+0000] {logging_mixin.py:137} INFO - [2024-11-09T17:21:22.524+0000] {taskmixin.py:205} WARNING - Dependency <Task(BashOperator): create_tag>, delete_tag already registered for DAG: example_complex
[2024-11-09T17:21:22.525+0000] {logging_mixin.py:137} INFO - [2024-11-09T17:21:22.525+0000] {taskmixin.py:205} WARNING - Dependency <Task(BashOperator): delete_tag>, create_tag already registered for DAG: example_complex
[2024-11-09T17:21:22.528+0000] {processor.py:753} INFO - DAG(s) dict_keys(['example_complex']) retrieved from /home/airflow/.local/lib/python3.7/site-packages/airflow/example_dags/example_complex.py
[2024-11-09T17:21:22.545+0000] {logging_mixin.py:137} INFO - [2024-11-09T17:21:22.544+0000] {dag.py:2690} INFO - Sync 1 DAGs
[2024-11-09T17:21:22.557+0000] {logging_mixin.py:137} INFO - [2024-11-09T17:21:22.557+0000] {dag.py:3441} INFO - Setting next_dagrun for example_complex to None, run_after=None
[2024-11-09T17:21:22.569+0000] {processor.py:175} INFO - Processing /home/airflow/.local/lib/python3.7/site-packages/airflow/example_dags/example_complex.py took 0.054 seconds
[2024-11-09T17:21:53.410+0000] {processor.py:153} INFO - Started process (PID=219) to work on /home/airflow/.local/lib/python3.7/site-packages/airflow/example_dags/example_complex.py
[2024-11-09T17:21:53.411+0000] {processor.py:743} INFO - Processing file /home/airflow/.local/lib/python3.7/site-packages/airflow/example_dags/example_complex.py for tasks to queue
[2024-11-09T17:21:53.411+0000] {logging_mixin.py:137} INFO - [2024-11-09T17:21:53.411+0000] {dagbag.py:538} INFO - Filling up the DagBag from /home/airflow/.local/lib/python3.7/site-packages/airflow/example_dags/example_complex.py
[2024-11-09T17:21:53.422+0000] {logging_mixin.py:137} INFO - [2024-11-09T17:21:53.422+0000] {taskmixin.py:205} WARNING - Dependency <Task(BashOperator): create_entry_group>, delete_entry_group already registered for DAG: example_complex
[2024-11-09T17:21:53.424+0000] {logging_mixin.py:137} INFO - [2024-11-09T17:21:53.423+0000] {taskmixin.py:205} WARNING - Dependency <Task(BashOperator): delete_entry_group>, create_entry_group already registered for DAG: example_complex
[2024-11-09T17:21:53.424+0000] {logging_mixin.py:137} INFO - [2024-11-09T17:21:53.424+0000] {taskmixin.py:205} WARNING - Dependency <Task(BashOperator): create_entry_gcs>, delete_entry already registered for DAG: example_complex
[2024-11-09T17:21:53.424+0000] {logging_mixin.py:137} INFO - [2024-11-09T17:21:53.424+0000] {taskmixin.py:205} WARNING - Dependency <Task(BashOperator): delete_entry>, create_entry_gcs already registered for DAG: example_complex
[2024-11-09T17:21:53.424+0000] {logging_mixin.py:137} INFO - [2024-11-09T17:21:53.424+0000] {taskmixin.py:205} WARNING - Dependency <Task(BashOperator): create_tag>, delete_tag already registered for DAG: example_complex
[2024-11-09T17:21:53.424+0000] {logging_mixin.py:137} INFO - [2024-11-09T17:21:53.424+0000] {taskmixin.py:205} WARNING - Dependency <Task(BashOperator): delete_tag>, create_tag already registered for DAG: example_complex
[2024-11-09T17:21:53.431+0000] {processor.py:753} INFO - DAG(s) dict_keys(['example_complex']) retrieved from /home/airflow/.local/lib/python3.7/site-packages/airflow/example_dags/example_complex.py
[2024-11-09T17:21:53.451+0000] {logging_mixin.py:137} INFO - [2024-11-09T17:21:53.451+0000] {dag.py:2690} INFO - Sync 1 DAGs
[2024-11-09T17:21:53.465+0000] {logging_mixin.py:137} INFO - [2024-11-09T17:21:53.465+0000] {dag.py:3441} INFO - Setting next_dagrun for example_complex to None, run_after=None
[2024-11-09T17:21:53.479+0000] {processor.py:175} INFO - Processing /home/airflow/.local/lib/python3.7/site-packages/airflow/example_dags/example_complex.py took 0.071 seconds
[2024-11-09T17:22:24.294+0000] {processor.py:153} INFO - Started process (PID=306) to work on /home/airflow/.local/lib/python3.7/site-packages/airflow/example_dags/example_complex.py
[2024-11-09T17:22:24.295+0000] {processor.py:743} INFO - Processing file /home/airflow/.local/lib/python3.7/site-packages/airflow/example_dags/example_complex.py for tasks to queue
[2024-11-09T17:22:24.298+0000] {logging_mixin.py:137} INFO - [2024-11-09T17:22:24.297+0000] {dagbag.py:538} INFO - Filling up the DagBag from /home/airflow/.local/lib/python3.7/site-packages/airflow/example_dags/example_complex.py
[2024-11-09T17:22:24.317+0000] {logging_mixin.py:137} INFO - [2024-11-09T17:22:24.316+0000] {taskmixin.py:205} WARNING - Dependency <Task(BashOperator): create_entry_group>, delete_entry_group already registered for DAG: example_complex
[2024-11-09T17:22:24.318+0000] {logging_mixin.py:137} INFO - [2024-11-09T17:22:24.318+0000] {taskmixin.py:205} WARNING - Dependency <Task(BashOperator): delete_entry_group>, create_entry_group already registered for DAG: example_complex
[2024-11-09T17:22:24.319+0000] {logging_mixin.py:137} INFO - [2024-11-09T17:22:24.319+0000] {taskmixin.py:205} WARNING - Dependency <Task(BashOperator): create_entry_gcs>, delete_entry already registered for DAG: example_complex
[2024-11-09T17:22:24.320+0000] {logging_mixin.py:137} INFO - [2024-11-09T17:22:24.320+0000] {taskmixin.py:205} WARNING - Dependency <Task(BashOperator): delete_entry>, create_entry_gcs already registered for DAG: example_complex
[2024-11-09T17:22:24.321+0000] {logging_mixin.py:137} INFO - [2024-11-09T17:22:24.320+0000] {taskmixin.py:205} WARNING - Dependency <Task(BashOperator): create_tag>, delete_tag already registered for DAG: example_complex
[2024-11-09T17:22:24.321+0000] {logging_mixin.py:137} INFO - [2024-11-09T17:22:24.321+0000] {taskmixin.py:205} WARNING - Dependency <Task(BashOperator): delete_tag>, create_tag already registered for DAG: example_complex
[2024-11-09T17:22:24.328+0000] {processor.py:753} INFO - DAG(s) dict_keys(['example_complex']) retrieved from /home/airflow/.local/lib/python3.7/site-packages/airflow/example_dags/example_complex.py
[2024-11-09T17:22:24.352+0000] {logging_mixin.py:137} INFO - [2024-11-09T17:22:24.352+0000] {dag.py:2690} INFO - Sync 1 DAGs
[2024-11-09T17:22:24.369+0000] {logging_mixin.py:137} INFO - [2024-11-09T17:22:24.369+0000] {dag.py:3441} INFO - Setting next_dagrun for example_complex to None, run_after=None
[2024-11-09T17:22:24.386+0000] {processor.py:175} INFO - Processing /home/airflow/.local/lib/python3.7/site-packages/airflow/example_dags/example_complex.py took 0.098 seconds
[2024-11-09T17:22:55.207+0000] {processor.py:153} INFO - Started process (PID=393) to work on /home/airflow/.local/lib/python3.7/site-packages/airflow/example_dags/example_complex.py
[2024-11-09T17:22:55.210+0000] {processor.py:743} INFO - Processing file /home/airflow/.local/lib/python3.7/site-packages/airflow/example_dags/example_complex.py for tasks to queue
[2024-11-09T17:22:55.210+0000] {logging_mixin.py:137} INFO - [2024-11-09T17:22:55.210+0000] {dagbag.py:538} INFO - Filling up the DagBag from /home/airflow/.local/lib/python3.7/site-packages/airflow/example_dags/example_complex.py
[2024-11-09T17:22:55.216+0000] {logging_mixin.py:137} INFO - [2024-11-09T17:22:55.216+0000] {taskmixin.py:205} WARNING - Dependency <Task(BashOperator): create_entry_group>, delete_entry_group already registered for DAG: example_complex
[2024-11-09T17:22:55.216+0000] {logging_mixin.py:137} INFO - [2024-11-09T17:22:55.216+0000] {taskmixin.py:205} WARNING - Dependency <Task(BashOperator): delete_entry_group>, create_entry_group already registered for DAG: example_complex
[2024-11-09T17:22:55.217+0000] {logging_mixin.py:137} INFO - [2024-11-09T17:22:55.217+0000] {taskmixin.py:205} WARNING - Dependency <Task(BashOperator): create_entry_gcs>, delete_entry already registered for DAG: example_complex
[2024-11-09T17:22:55.217+0000] {logging_mixin.py:137} INFO - [2024-11-09T17:22:55.217+0000] {taskmixin.py:205} WARNING - Dependency <Task(BashOperator): delete_entry>, create_entry_gcs already registered for DAG: example_complex
[2024-11-09T17:22:55.218+0000] {logging_mixin.py:137} INFO - [2024-11-09T17:22:55.218+0000] {taskmixin.py:205} WARNING - Dependency <Task(BashOperator): create_tag>, delete_tag already registered for DAG: example_complex
[2024-11-09T17:22:55.218+0000] {logging_mixin.py:137} INFO - [2024-11-09T17:22:55.218+0000] {taskmixin.py:205} WARNING - Dependency <Task(BashOperator): delete_tag>, create_tag already registered for DAG: example_complex
[2024-11-09T17:22:55.227+0000] {processor.py:753} INFO - DAG(s) dict_keys(['example_complex']) retrieved from /home/airflow/.local/lib/python3.7/site-packages/airflow/example_dags/example_complex.py
[2024-11-09T17:22:55.254+0000] {logging_mixin.py:137} INFO - [2024-11-09T17:22:55.254+0000] {dag.py:2690} INFO - Sync 1 DAGs
[2024-11-09T17:22:55.269+0000] {logging_mixin.py:137} INFO - [2024-11-09T17:22:55.269+0000] {dag.py:3441} INFO - Setting next_dagrun for example_complex to None, run_after=None
[2024-11-09T17:22:55.280+0000] {processor.py:175} INFO - Processing /home/airflow/.local/lib/python3.7/site-packages/airflow/example_dags/example_complex.py took 0.075 seconds
[2024-11-09T17:23:26.060+0000] {processor.py:153} INFO - Started process (PID=473) to work on /home/airflow/.local/lib/python3.7/site-packages/airflow/example_dags/example_complex.py
[2024-11-09T17:23:26.061+0000] {processor.py:743} INFO - Processing file /home/airflow/.local/lib/python3.7/site-packages/airflow/example_dags/example_complex.py for tasks to queue
[2024-11-09T17:23:26.062+0000] {logging_mixin.py:137} INFO - [2024-11-09T17:23:26.061+0000] {dagbag.py:538} INFO - Filling up the DagBag from /home/airflow/.local/lib/python3.7/site-packages/airflow/example_dags/example_complex.py
[2024-11-09T17:23:26.068+0000] {logging_mixin.py:137} INFO - [2024-11-09T17:23:26.068+0000] {taskmixin.py:205} WARNING - Dependency <Task(BashOperator): create_entry_group>, delete_entry_group already registered for DAG: example_complex
[2024-11-09T17:23:26.069+0000] {logging_mixin.py:137} INFO - [2024-11-09T17:23:26.069+0000] {taskmixin.py:205} WARNING - Dependency <Task(BashOperator): delete_entry_group>, create_entry_group already registered for DAG: example_complex
[2024-11-09T17:23:26.069+0000] {logging_mixin.py:137} INFO - [2024-11-09T17:23:26.069+0000] {taskmixin.py:205} WARNING - Dependency <Task(BashOperator): create_entry_gcs>, delete_entry already registered for DAG: example_complex
[2024-11-09T17:23:26.069+0000] {logging_mixin.py:137} INFO - [2024-11-09T17:23:26.069+0000] {taskmixin.py:205} WARNING - Dependency <Task(BashOperator): delete_entry>, create_entry_gcs already registered for DAG: example_complex
[2024-11-09T17:23:26.069+0000] {logging_mixin.py:137} INFO - [2024-11-09T17:23:26.069+0000] {taskmixin.py:205} WARNING - Dependency <Task(BashOperator): create_tag>, delete_tag already registered for DAG: example_complex
[2024-11-09T17:23:26.069+0000] {logging_mixin.py:137} INFO - [2024-11-09T17:23:26.069+0000] {taskmixin.py:205} WARNING - Dependency <Task(BashOperator): delete_tag>, create_tag already registered for DAG: example_complex
[2024-11-09T17:23:26.073+0000] {processor.py:753} INFO - DAG(s) dict_keys(['example_complex']) retrieved from /home/airflow/.local/lib/python3.7/site-packages/airflow/example_dags/example_complex.py
[2024-11-09T17:23:26.117+0000] {logging_mixin.py:137} INFO - [2024-11-09T17:23:26.117+0000] {dag.py:2690} INFO - Sync 1 DAGs
[2024-11-09T17:23:26.169+0000] {logging_mixin.py:137} INFO - [2024-11-09T17:23:26.169+0000] {dag.py:3441} INFO - Setting next_dagrun for example_complex to None, run_after=None
[2024-11-09T17:23:26.182+0000] {processor.py:175} INFO - Processing /home/airflow/.local/lib/python3.7/site-packages/airflow/example_dags/example_complex.py took 0.124 seconds
[2024-11-09T17:28:53.736+0000] {processor.py:153} INFO - Started process (PID=61) to work on /home/airflow/.local/lib/python3.7/site-packages/airflow/example_dags/example_complex.py
[2024-11-09T17:28:53.737+0000] {processor.py:743} INFO - Processing file /home/airflow/.local/lib/python3.7/site-packages/airflow/example_dags/example_complex.py for tasks to queue
[2024-11-09T17:28:53.737+0000] {logging_mixin.py:137} INFO - [2024-11-09T17:28:53.737+0000] {dagbag.py:538} INFO - Filling up the DagBag from /home/airflow/.local/lib/python3.7/site-packages/airflow/example_dags/example_complex.py
[2024-11-09T17:28:53.744+0000] {logging_mixin.py:137} INFO - [2024-11-09T17:28:53.744+0000] {taskmixin.py:205} WARNING - Dependency <Task(BashOperator): create_entry_group>, delete_entry_group already registered for DAG: example_complex
[2024-11-09T17:28:53.745+0000] {logging_mixin.py:137} INFO - [2024-11-09T17:28:53.745+0000] {taskmixin.py:205} WARNING - Dependency <Task(BashOperator): delete_entry_group>, create_entry_group already registered for DAG: example_complex
[2024-11-09T17:28:53.745+0000] {logging_mixin.py:137} INFO - [2024-11-09T17:28:53.745+0000] {taskmixin.py:205} WARNING - Dependency <Task(BashOperator): create_entry_gcs>, delete_entry already registered for DAG: example_complex
[2024-11-09T17:28:53.745+0000] {logging_mixin.py:137} INFO - [2024-11-09T17:28:53.745+0000] {taskmixin.py:205} WARNING - Dependency <Task(BashOperator): delete_entry>, create_entry_gcs already registered for DAG: example_complex
[2024-11-09T17:28:53.745+0000] {logging_mixin.py:137} INFO - [2024-11-09T17:28:53.745+0000] {taskmixin.py:205} WARNING - Dependency <Task(BashOperator): create_tag>, delete_tag already registered for DAG: example_complex
[2024-11-09T17:28:53.745+0000] {logging_mixin.py:137} INFO - [2024-11-09T17:28:53.745+0000] {taskmixin.py:205} WARNING - Dependency <Task(BashOperator): delete_tag>, create_tag already registered for DAG: example_complex
[2024-11-09T17:28:53.749+0000] {processor.py:753} INFO - DAG(s) dict_keys(['example_complex']) retrieved from /home/airflow/.local/lib/python3.7/site-packages/airflow/example_dags/example_complex.py
[2024-11-09T17:28:53.760+0000] {logging_mixin.py:137} INFO - [2024-11-09T17:28:53.760+0000] {dag.py:2690} INFO - Sync 1 DAGs
[2024-11-09T17:28:53.776+0000] {logging_mixin.py:137} INFO - [2024-11-09T17:28:53.776+0000] {dag.py:3441} INFO - Setting next_dagrun for example_complex to None, run_after=None
[2024-11-09T17:28:53.790+0000] {processor.py:175} INFO - Processing /home/airflow/.local/lib/python3.7/site-packages/airflow/example_dags/example_complex.py took 0.056 seconds
[2024-11-09T17:29:24.501+0000] {processor.py:153} INFO - Started process (PID=148) to work on /home/airflow/.local/lib/python3.7/site-packages/airflow/example_dags/example_complex.py
[2024-11-09T17:29:24.503+0000] {processor.py:743} INFO - Processing file /home/airflow/.local/lib/python3.7/site-packages/airflow/example_dags/example_complex.py for tasks to queue
[2024-11-09T17:29:24.505+0000] {logging_mixin.py:137} INFO - [2024-11-09T17:29:24.505+0000] {dagbag.py:538} INFO - Filling up the DagBag from /home/airflow/.local/lib/python3.7/site-packages/airflow/example_dags/example_complex.py
[2024-11-09T17:29:24.511+0000] {logging_mixin.py:137} INFO - [2024-11-09T17:29:24.511+0000] {taskmixin.py:205} WARNING - Dependency <Task(BashOperator): create_entry_group>, delete_entry_group already registered for DAG: example_complex
[2024-11-09T17:29:24.512+0000] {logging_mixin.py:137} INFO - [2024-11-09T17:29:24.511+0000] {taskmixin.py:205} WARNING - Dependency <Task(BashOperator): delete_entry_group>, create_entry_group already registered for DAG: example_complex
[2024-11-09T17:29:24.512+0000] {logging_mixin.py:137} INFO - [2024-11-09T17:29:24.512+0000] {taskmixin.py:205} WARNING - Dependency <Task(BashOperator): create_entry_gcs>, delete_entry already registered for DAG: example_complex
[2024-11-09T17:29:24.512+0000] {logging_mixin.py:137} INFO - [2024-11-09T17:29:24.512+0000] {taskmixin.py:205} WARNING - Dependency <Task(BashOperator): delete_entry>, create_entry_gcs already registered for DAG: example_complex
[2024-11-09T17:29:24.512+0000] {logging_mixin.py:137} INFO - [2024-11-09T17:29:24.512+0000] {taskmixin.py:205} WARNING - Dependency <Task(BashOperator): create_tag>, delete_tag already registered for DAG: example_complex
[2024-11-09T17:29:24.512+0000] {logging_mixin.py:137} INFO - [2024-11-09T17:29:24.512+0000] {taskmixin.py:205} WARNING - Dependency <Task(BashOperator): delete_tag>, create_tag already registered for DAG: example_complex
[2024-11-09T17:29:24.516+0000] {processor.py:753} INFO - DAG(s) dict_keys(['example_complex']) retrieved from /home/airflow/.local/lib/python3.7/site-packages/airflow/example_dags/example_complex.py
[2024-11-09T17:29:24.538+0000] {logging_mixin.py:137} INFO - [2024-11-09T17:29:24.537+0000] {dag.py:2690} INFO - Sync 1 DAGs
[2024-11-09T17:29:24.555+0000] {logging_mixin.py:137} INFO - [2024-11-09T17:29:24.555+0000] {dag.py:3441} INFO - Setting next_dagrun for example_complex to None, run_after=None
[2024-11-09T17:29:24.571+0000] {processor.py:175} INFO - Processing /home/airflow/.local/lib/python3.7/site-packages/airflow/example_dags/example_complex.py took 0.072 seconds
[2024-11-09T17:29:55.407+0000] {processor.py:153} INFO - Started process (PID=219) to work on /home/airflow/.local/lib/python3.7/site-packages/airflow/example_dags/example_complex.py
[2024-11-09T17:29:55.408+0000] {processor.py:743} INFO - Processing file /home/airflow/.local/lib/python3.7/site-packages/airflow/example_dags/example_complex.py for tasks to queue
[2024-11-09T17:29:55.408+0000] {logging_mixin.py:137} INFO - [2024-11-09T17:29:55.408+0000] {dagbag.py:538} INFO - Filling up the DagBag from /home/airflow/.local/lib/python3.7/site-packages/airflow/example_dags/example_complex.py
[2024-11-09T17:29:55.417+0000] {logging_mixin.py:137} INFO - [2024-11-09T17:29:55.417+0000] {taskmixin.py:205} WARNING - Dependency <Task(BashOperator): create_entry_group>, delete_entry_group already registered for DAG: example_complex
[2024-11-09T17:29:55.417+0000] {logging_mixin.py:137} INFO - [2024-11-09T17:29:55.417+0000] {taskmixin.py:205} WARNING - Dependency <Task(BashOperator): delete_entry_group>, create_entry_group already registered for DAG: example_complex
[2024-11-09T17:29:55.418+0000] {logging_mixin.py:137} INFO - [2024-11-09T17:29:55.417+0000] {taskmixin.py:205} WARNING - Dependency <Task(BashOperator): create_entry_gcs>, delete_entry already registered for DAG: example_complex
[2024-11-09T17:29:55.418+0000] {logging_mixin.py:137} INFO - [2024-11-09T17:29:55.418+0000] {taskmixin.py:205} WARNING - Dependency <Task(BashOperator): delete_entry>, create_entry_gcs already registered for DAG: example_complex
[2024-11-09T17:29:55.418+0000] {logging_mixin.py:137} INFO - [2024-11-09T17:29:55.418+0000] {taskmixin.py:205} WARNING - Dependency <Task(BashOperator): create_tag>, delete_tag already registered for DAG: example_complex
[2024-11-09T17:29:55.418+0000] {logging_mixin.py:137} INFO - [2024-11-09T17:29:55.418+0000] {taskmixin.py:205} WARNING - Dependency <Task(BashOperator): delete_tag>, create_tag already registered for DAG: example_complex
[2024-11-09T17:29:55.422+0000] {processor.py:753} INFO - DAG(s) dict_keys(['example_complex']) retrieved from /home/airflow/.local/lib/python3.7/site-packages/airflow/example_dags/example_complex.py
[2024-11-09T17:29:55.439+0000] {logging_mixin.py:137} INFO - [2024-11-09T17:29:55.439+0000] {dag.py:2690} INFO - Sync 1 DAGs
[2024-11-09T17:29:55.458+0000] {logging_mixin.py:137} INFO - [2024-11-09T17:29:55.458+0000] {dag.py:3441} INFO - Setting next_dagrun for example_complex to None, run_after=None
[2024-11-09T17:29:55.474+0000] {processor.py:175} INFO - Processing /home/airflow/.local/lib/python3.7/site-packages/airflow/example_dags/example_complex.py took 0.069 seconds
[2024-11-09T17:30:14.711+0000] {processor.py:153} INFO - Started process (PID=61) to work on /home/airflow/.local/lib/python3.7/site-packages/airflow/example_dags/example_complex.py
[2024-11-09T17:30:14.712+0000] {processor.py:743} INFO - Processing file /home/airflow/.local/lib/python3.7/site-packages/airflow/example_dags/example_complex.py for tasks to queue
[2024-11-09T17:30:14.712+0000] {logging_mixin.py:137} INFO - [2024-11-09T17:30:14.712+0000] {dagbag.py:538} INFO - Filling up the DagBag from /home/airflow/.local/lib/python3.7/site-packages/airflow/example_dags/example_complex.py
[2024-11-09T17:30:14.718+0000] {logging_mixin.py:137} INFO - [2024-11-09T17:30:14.718+0000] {taskmixin.py:205} WARNING - Dependency <Task(BashOperator): create_entry_group>, delete_entry_group already registered for DAG: example_complex
[2024-11-09T17:30:14.718+0000] {logging_mixin.py:137} INFO - [2024-11-09T17:30:14.718+0000] {taskmixin.py:205} WARNING - Dependency <Task(BashOperator): delete_entry_group>, create_entry_group already registered for DAG: example_complex
[2024-11-09T17:30:14.719+0000] {logging_mixin.py:137} INFO - [2024-11-09T17:30:14.718+0000] {taskmixin.py:205} WARNING - Dependency <Task(BashOperator): create_entry_gcs>, delete_entry already registered for DAG: example_complex
[2024-11-09T17:30:14.719+0000] {logging_mixin.py:137} INFO - [2024-11-09T17:30:14.719+0000] {taskmixin.py:205} WARNING - Dependency <Task(BashOperator): delete_entry>, create_entry_gcs already registered for DAG: example_complex
[2024-11-09T17:30:14.719+0000] {logging_mixin.py:137} INFO - [2024-11-09T17:30:14.719+0000] {taskmixin.py:205} WARNING - Dependency <Task(BashOperator): create_tag>, delete_tag already registered for DAG: example_complex
[2024-11-09T17:30:14.719+0000] {logging_mixin.py:137} INFO - [2024-11-09T17:30:14.719+0000] {taskmixin.py:205} WARNING - Dependency <Task(BashOperator): delete_tag>, create_tag already registered for DAG: example_complex
[2024-11-09T17:30:14.723+0000] {processor.py:753} INFO - DAG(s) dict_keys(['example_complex']) retrieved from /home/airflow/.local/lib/python3.7/site-packages/airflow/example_dags/example_complex.py
[2024-11-09T17:30:14.732+0000] {logging_mixin.py:137} INFO - [2024-11-09T17:30:14.732+0000] {dag.py:2690} INFO - Sync 1 DAGs
[2024-11-09T17:30:14.750+0000] {logging_mixin.py:137} INFO - [2024-11-09T17:30:14.750+0000] {dag.py:3441} INFO - Setting next_dagrun for example_complex to None, run_after=None
[2024-11-09T17:30:14.766+0000] {processor.py:175} INFO - Processing /home/airflow/.local/lib/python3.7/site-packages/airflow/example_dags/example_complex.py took 0.057 seconds
[2024-11-09T17:30:45.469+0000] {processor.py:153} INFO - Started process (PID=148) to work on /home/airflow/.local/lib/python3.7/site-packages/airflow/example_dags/example_complex.py
[2024-11-09T17:30:45.470+0000] {processor.py:743} INFO - Processing file /home/airflow/.local/lib/python3.7/site-packages/airflow/example_dags/example_complex.py for tasks to queue
[2024-11-09T17:30:45.470+0000] {logging_mixin.py:137} INFO - [2024-11-09T17:30:45.470+0000] {dagbag.py:538} INFO - Filling up the DagBag from /home/airflow/.local/lib/python3.7/site-packages/airflow/example_dags/example_complex.py
[2024-11-09T17:30:45.476+0000] {logging_mixin.py:137} INFO - [2024-11-09T17:30:45.476+0000] {taskmixin.py:205} WARNING - Dependency <Task(BashOperator): create_entry_group>, delete_entry_group already registered for DAG: example_complex
[2024-11-09T17:30:45.476+0000] {logging_mixin.py:137} INFO - [2024-11-09T17:30:45.476+0000] {taskmixin.py:205} WARNING - Dependency <Task(BashOperator): delete_entry_group>, create_entry_group already registered for DAG: example_complex
[2024-11-09T17:30:45.476+0000] {logging_mixin.py:137} INFO - [2024-11-09T17:30:45.476+0000] {taskmixin.py:205} WARNING - Dependency <Task(BashOperator): create_entry_gcs>, delete_entry already registered for DAG: example_complex
[2024-11-09T17:30:45.476+0000] {logging_mixin.py:137} INFO - [2024-11-09T17:30:45.476+0000] {taskmixin.py:205} WARNING - Dependency <Task(BashOperator): delete_entry>, create_entry_gcs already registered for DAG: example_complex
[2024-11-09T17:30:45.477+0000] {logging_mixin.py:137} INFO - [2024-11-09T17:30:45.476+0000] {taskmixin.py:205} WARNING - Dependency <Task(BashOperator): create_tag>, delete_tag already registered for DAG: example_complex
[2024-11-09T17:30:45.477+0000] {logging_mixin.py:137} INFO - [2024-11-09T17:30:45.477+0000] {taskmixin.py:205} WARNING - Dependency <Task(BashOperator): delete_tag>, create_tag already registered for DAG: example_complex
[2024-11-09T17:30:45.480+0000] {processor.py:753} INFO - DAG(s) dict_keys(['example_complex']) retrieved from /home/airflow/.local/lib/python3.7/site-packages/airflow/example_dags/example_complex.py
[2024-11-09T17:30:45.501+0000] {logging_mixin.py:137} INFO - [2024-11-09T17:30:45.501+0000] {dag.py:2690} INFO - Sync 1 DAGs
[2024-11-09T17:30:45.514+0000] {logging_mixin.py:137} INFO - [2024-11-09T17:30:45.514+0000] {dag.py:3441} INFO - Setting next_dagrun for example_complex to None, run_after=None
[2024-11-09T17:30:45.523+0000] {processor.py:175} INFO - Processing /home/airflow/.local/lib/python3.7/site-packages/airflow/example_dags/example_complex.py took 0.055 seconds
[2024-11-09T17:31:16.159+0000] {processor.py:153} INFO - Started process (PID=219) to work on /home/airflow/.local/lib/python3.7/site-packages/airflow/example_dags/example_complex.py
[2024-11-09T17:31:16.160+0000] {processor.py:743} INFO - Processing file /home/airflow/.local/lib/python3.7/site-packages/airflow/example_dags/example_complex.py for tasks to queue
[2024-11-09T17:31:16.160+0000] {logging_mixin.py:137} INFO - [2024-11-09T17:31:16.160+0000] {dagbag.py:538} INFO - Filling up the DagBag from /home/airflow/.local/lib/python3.7/site-packages/airflow/example_dags/example_complex.py
[2024-11-09T17:31:16.167+0000] {logging_mixin.py:137} INFO - [2024-11-09T17:31:16.167+0000] {taskmixin.py:205} WARNING - Dependency <Task(BashOperator): create_entry_group>, delete_entry_group already registered for DAG: example_complex
[2024-11-09T17:31:16.167+0000] {logging_mixin.py:137} INFO - [2024-11-09T17:31:16.167+0000] {taskmixin.py:205} WARNING - Dependency <Task(BashOperator): delete_entry_group>, create_entry_group already registered for DAG: example_complex
[2024-11-09T17:31:16.168+0000] {logging_mixin.py:137} INFO - [2024-11-09T17:31:16.167+0000] {taskmixin.py:205} WARNING - Dependency <Task(BashOperator): create_entry_gcs>, delete_entry already registered for DAG: example_complex
[2024-11-09T17:31:16.168+0000] {logging_mixin.py:137} INFO - [2024-11-09T17:31:16.168+0000] {taskmixin.py:205} WARNING - Dependency <Task(BashOperator): delete_entry>, create_entry_gcs already registered for DAG: example_complex
[2024-11-09T17:31:16.168+0000] {logging_mixin.py:137} INFO - [2024-11-09T17:31:16.168+0000] {taskmixin.py:205} WARNING - Dependency <Task(BashOperator): create_tag>, delete_tag already registered for DAG: example_complex
[2024-11-09T17:31:16.168+0000] {logging_mixin.py:137} INFO - [2024-11-09T17:31:16.168+0000] {taskmixin.py:205} WARNING - Dependency <Task(BashOperator): delete_tag>, create_tag already registered for DAG: example_complex
[2024-11-09T17:31:16.172+0000] {processor.py:753} INFO - DAG(s) dict_keys(['example_complex']) retrieved from /home/airflow/.local/lib/python3.7/site-packages/airflow/example_dags/example_complex.py
[2024-11-09T17:31:16.190+0000] {logging_mixin.py:137} INFO - [2024-11-09T17:31:16.189+0000] {dag.py:2690} INFO - Sync 1 DAGs
[2024-11-09T17:31:16.202+0000] {logging_mixin.py:137} INFO - [2024-11-09T17:31:16.202+0000] {dag.py:3441} INFO - Setting next_dagrun for example_complex to None, run_after=None
[2024-11-09T17:31:16.212+0000] {processor.py:175} INFO - Processing /home/airflow/.local/lib/python3.7/site-packages/airflow/example_dags/example_complex.py took 0.054 seconds
[2024-11-09T17:31:46.792+0000] {processor.py:153} INFO - Started process (PID=306) to work on /home/airflow/.local/lib/python3.7/site-packages/airflow/example_dags/example_complex.py
[2024-11-09T17:31:46.793+0000] {processor.py:743} INFO - Processing file /home/airflow/.local/lib/python3.7/site-packages/airflow/example_dags/example_complex.py for tasks to queue
[2024-11-09T17:31:46.793+0000] {logging_mixin.py:137} INFO - [2024-11-09T17:31:46.793+0000] {dagbag.py:538} INFO - Filling up the DagBag from /home/airflow/.local/lib/python3.7/site-packages/airflow/example_dags/example_complex.py
[2024-11-09T17:31:46.799+0000] {logging_mixin.py:137} INFO - [2024-11-09T17:31:46.799+0000] {taskmixin.py:205} WARNING - Dependency <Task(BashOperator): create_entry_group>, delete_entry_group already registered for DAG: example_complex
[2024-11-09T17:31:46.799+0000] {logging_mixin.py:137} INFO - [2024-11-09T17:31:46.799+0000] {taskmixin.py:205} WARNING - Dependency <Task(BashOperator): delete_entry_group>, create_entry_group already registered for DAG: example_complex
[2024-11-09T17:31:46.799+0000] {logging_mixin.py:137} INFO - [2024-11-09T17:31:46.799+0000] {taskmixin.py:205} WARNING - Dependency <Task(BashOperator): create_entry_gcs>, delete_entry already registered for DAG: example_complex
[2024-11-09T17:31:46.799+0000] {logging_mixin.py:137} INFO - [2024-11-09T17:31:46.799+0000] {taskmixin.py:205} WARNING - Dependency <Task(BashOperator): delete_entry>, create_entry_gcs already registered for DAG: example_complex
[2024-11-09T17:31:46.801+0000] {logging_mixin.py:137} INFO - [2024-11-09T17:31:46.801+0000] {taskmixin.py:205} WARNING - Dependency <Task(BashOperator): create_tag>, delete_tag already registered for DAG: example_complex
[2024-11-09T17:31:46.801+0000] {logging_mixin.py:137} INFO - [2024-11-09T17:31:46.801+0000] {taskmixin.py:205} WARNING - Dependency <Task(BashOperator): delete_tag>, create_tag already registered for DAG: example_complex
[2024-11-09T17:31:46.805+0000] {processor.py:753} INFO - DAG(s) dict_keys(['example_complex']) retrieved from /home/airflow/.local/lib/python3.7/site-packages/airflow/example_dags/example_complex.py
[2024-11-09T17:31:46.820+0000] {logging_mixin.py:137} INFO - [2024-11-09T17:31:46.820+0000] {dag.py:2690} INFO - Sync 1 DAGs
[2024-11-09T17:31:46.834+0000] {logging_mixin.py:137} INFO - [2024-11-09T17:31:46.833+0000] {dag.py:3441} INFO - Setting next_dagrun for example_complex to None, run_after=None
[2024-11-09T17:31:46.843+0000] {processor.py:175} INFO - Processing /home/airflow/.local/lib/python3.7/site-packages/airflow/example_dags/example_complex.py took 0.053 seconds
[2024-11-09T17:32:17.353+0000] {processor.py:153} INFO - Started process (PID=393) to work on /home/airflow/.local/lib/python3.7/site-packages/airflow/example_dags/example_complex.py
[2024-11-09T17:32:17.356+0000] {processor.py:743} INFO - Processing file /home/airflow/.local/lib/python3.7/site-packages/airflow/example_dags/example_complex.py for tasks to queue
[2024-11-09T17:32:17.356+0000] {logging_mixin.py:137} INFO - [2024-11-09T17:32:17.356+0000] {dagbag.py:538} INFO - Filling up the DagBag from /home/airflow/.local/lib/python3.7/site-packages/airflow/example_dags/example_complex.py
[2024-11-09T17:32:17.362+0000] {logging_mixin.py:137} INFO - [2024-11-09T17:32:17.362+0000] {taskmixin.py:205} WARNING - Dependency <Task(BashOperator): create_entry_group>, delete_entry_group already registered for DAG: example_complex
[2024-11-09T17:32:17.362+0000] {logging_mixin.py:137} INFO - [2024-11-09T17:32:17.362+0000] {taskmixin.py:205} WARNING - Dependency <Task(BashOperator): delete_entry_group>, create_entry_group already registered for DAG: example_complex
[2024-11-09T17:32:17.362+0000] {logging_mixin.py:137} INFO - [2024-11-09T17:32:17.362+0000] {taskmixin.py:205} WARNING - Dependency <Task(BashOperator): create_entry_gcs>, delete_entry already registered for DAG: example_complex
[2024-11-09T17:32:17.362+0000] {logging_mixin.py:137} INFO - [2024-11-09T17:32:17.362+0000] {taskmixin.py:205} WARNING - Dependency <Task(BashOperator): delete_entry>, create_entry_gcs already registered for DAG: example_complex
[2024-11-09T17:32:17.362+0000] {logging_mixin.py:137} INFO - [2024-11-09T17:32:17.362+0000] {taskmixin.py:205} WARNING - Dependency <Task(BashOperator): create_tag>, delete_tag already registered for DAG: example_complex
[2024-11-09T17:32:17.362+0000] {logging_mixin.py:137} INFO - [2024-11-09T17:32:17.362+0000] {taskmixin.py:205} WARNING - Dependency <Task(BashOperator): delete_tag>, create_tag already registered for DAG: example_complex
[2024-11-09T17:32:17.366+0000] {processor.py:753} INFO - DAG(s) dict_keys(['example_complex']) retrieved from /home/airflow/.local/lib/python3.7/site-packages/airflow/example_dags/example_complex.py
[2024-11-09T17:32:17.380+0000] {logging_mixin.py:137} INFO - [2024-11-09T17:32:17.380+0000] {dag.py:2690} INFO - Sync 1 DAGs
[2024-11-09T17:32:17.397+0000] {logging_mixin.py:137} INFO - [2024-11-09T17:32:17.396+0000] {dag.py:3441} INFO - Setting next_dagrun for example_complex to None, run_after=None
[2024-11-09T17:32:17.408+0000] {processor.py:175} INFO - Processing /home/airflow/.local/lib/python3.7/site-packages/airflow/example_dags/example_complex.py took 0.057 seconds
[2024-11-09T17:32:48.066+0000] {processor.py:153} INFO - Started process (PID=464) to work on /home/airflow/.local/lib/python3.7/site-packages/airflow/example_dags/example_complex.py
[2024-11-09T17:32:48.067+0000] {processor.py:743} INFO - Processing file /home/airflow/.local/lib/python3.7/site-packages/airflow/example_dags/example_complex.py for tasks to queue
[2024-11-09T17:32:48.068+0000] {logging_mixin.py:137} INFO - [2024-11-09T17:32:48.068+0000] {dagbag.py:538} INFO - Filling up the DagBag from /home/airflow/.local/lib/python3.7/site-packages/airflow/example_dags/example_complex.py
[2024-11-09T17:32:48.074+0000] {logging_mixin.py:137} INFO - [2024-11-09T17:32:48.074+0000] {taskmixin.py:205} WARNING - Dependency <Task(BashOperator): create_entry_group>, delete_entry_group already registered for DAG: example_complex
[2024-11-09T17:32:48.075+0000] {logging_mixin.py:137} INFO - [2024-11-09T17:32:48.075+0000] {taskmixin.py:205} WARNING - Dependency <Task(BashOperator): delete_entry_group>, create_entry_group already registered for DAG: example_complex
[2024-11-09T17:32:48.075+0000] {logging_mixin.py:137} INFO - [2024-11-09T17:32:48.075+0000] {taskmixin.py:205} WARNING - Dependency <Task(BashOperator): create_entry_gcs>, delete_entry already registered for DAG: example_complex
[2024-11-09T17:32:48.075+0000] {logging_mixin.py:137} INFO - [2024-11-09T17:32:48.075+0000] {taskmixin.py:205} WARNING - Dependency <Task(BashOperator): delete_entry>, create_entry_gcs already registered for DAG: example_complex
[2024-11-09T17:32:48.075+0000] {logging_mixin.py:137} INFO - [2024-11-09T17:32:48.075+0000] {taskmixin.py:205} WARNING - Dependency <Task(BashOperator): create_tag>, delete_tag already registered for DAG: example_complex
[2024-11-09T17:32:48.075+0000] {logging_mixin.py:137} INFO - [2024-11-09T17:32:48.075+0000] {taskmixin.py:205} WARNING - Dependency <Task(BashOperator): delete_tag>, create_tag already registered for DAG: example_complex
[2024-11-09T17:32:48.079+0000] {processor.py:753} INFO - DAG(s) dict_keys(['example_complex']) retrieved from /home/airflow/.local/lib/python3.7/site-packages/airflow/example_dags/example_complex.py
[2024-11-09T17:32:48.099+0000] {logging_mixin.py:137} INFO - [2024-11-09T17:32:48.098+0000] {dag.py:2690} INFO - Sync 1 DAGs
[2024-11-09T17:32:48.111+0000] {logging_mixin.py:137} INFO - [2024-11-09T17:32:48.111+0000] {dag.py:3441} INFO - Setting next_dagrun for example_complex to None, run_after=None
[2024-11-09T17:32:48.120+0000] {processor.py:175} INFO - Processing /home/airflow/.local/lib/python3.7/site-packages/airflow/example_dags/example_complex.py took 0.056 seconds
