[2024-11-09T17:10:06.897+0000] {processor.py:153} INFO - Started process (PID=81) to work on /home/airflow/.local/lib/python3.7/site-packages/airflow/example_dags/example_branch_datetime_operator.py
[2024-11-09T17:10:06.899+0000] {processor.py:743} INFO - Processing file /home/airflow/.local/lib/python3.7/site-packages/airflow/example_dags/example_branch_datetime_operator.py for tasks to queue
[2024-11-09T17:10:06.901+0000] {logging_mixin.py:137} INFO - [2024-11-09T17:10:06.901+0000] {dagbag.py:538} INFO - Filling up the DagBag from /home/airflow/.local/lib/python3.7/site-packages/airflow/example_dags/example_branch_datetime_operator.py
[2024-11-09T17:10:06.924+0000] {processor.py:753} INFO - DAG(s) dict_keys(['example_branch_datetime_operator_3', 'example_branch_datetime_operator', 'example_branch_datetime_operator_2']) retrieved from /home/airflow/.local/lib/python3.7/site-packages/airflow/example_dags/example_branch_datetime_operator.py
[2024-11-09T17:10:06.946+0000] {logging_mixin.py:137} INFO - [2024-11-09T17:10:06.946+0000] {dag.py:2690} INFO - Sync 3 DAGs
[2024-11-09T17:10:06.970+0000] {logging_mixin.py:137} INFO - [2024-11-09T17:10:06.970+0000] {dag.py:3441} INFO - Setting next_dagrun for example_branch_datetime_operator to 2024-11-08T00:00:00+00:00, run_after=2024-11-09T00:00:00+00:00
[2024-11-09T17:10:06.976+0000] {logging_mixin.py:137} INFO - [2024-11-09T17:10:06.976+0000] {dag.py:3441} INFO - Setting next_dagrun for example_branch_datetime_operator_2 to 2024-11-08T00:00:00+00:00, run_after=2024-11-09T00:00:00+00:00
[2024-11-09T17:10:06.980+0000] {logging_mixin.py:137} INFO - [2024-11-09T17:10:06.980+0000] {dag.py:3441} INFO - Setting next_dagrun for example_branch_datetime_operator_3 to 2024-11-08T00:00:00+00:00, run_after=2024-11-09T00:00:00+00:00
[2024-11-09T17:10:07.005+0000] {processor.py:175} INFO - Processing /home/airflow/.local/lib/python3.7/site-packages/airflow/example_dags/example_branch_datetime_operator.py took 0.112 seconds
[2024-11-09T17:10:37.596+0000] {processor.py:153} INFO - Started process (PID=168) to work on /home/airflow/.local/lib/python3.7/site-packages/airflow/example_dags/example_branch_datetime_operator.py
[2024-11-09T17:10:37.597+0000] {processor.py:743} INFO - Processing file /home/airflow/.local/lib/python3.7/site-packages/airflow/example_dags/example_branch_datetime_operator.py for tasks to queue
[2024-11-09T17:10:37.597+0000] {logging_mixin.py:137} INFO - [2024-11-09T17:10:37.597+0000] {dagbag.py:538} INFO - Filling up the DagBag from /home/airflow/.local/lib/python3.7/site-packages/airflow/example_dags/example_branch_datetime_operator.py
[2024-11-09T17:10:37.607+0000] {processor.py:753} INFO - DAG(s) dict_keys(['example_branch_datetime_operator_3', 'example_branch_datetime_operator', 'example_branch_datetime_operator_2']) retrieved from /home/airflow/.local/lib/python3.7/site-packages/airflow/example_dags/example_branch_datetime_operator.py
[2024-11-09T17:10:37.623+0000] {logging_mixin.py:137} INFO - [2024-11-09T17:10:37.623+0000] {dag.py:2690} INFO - Sync 3 DAGs
[2024-11-09T17:10:37.636+0000] {logging_mixin.py:137} INFO - [2024-11-09T17:10:37.636+0000] {dag.py:3441} INFO - Setting next_dagrun for example_branch_datetime_operator to 2024-11-08T00:00:00+00:00, run_after=2024-11-09T00:00:00+00:00
[2024-11-09T17:10:37.640+0000] {logging_mixin.py:137} INFO - [2024-11-09T17:10:37.640+0000] {dag.py:3441} INFO - Setting next_dagrun for example_branch_datetime_operator_2 to 2024-11-08T00:00:00+00:00, run_after=2024-11-09T00:00:00+00:00
[2024-11-09T17:10:37.641+0000] {logging_mixin.py:137} INFO - [2024-11-09T17:10:37.641+0000] {dag.py:3441} INFO - Setting next_dagrun for example_branch_datetime_operator_3 to 2024-11-08T00:00:00+00:00, run_after=2024-11-09T00:00:00+00:00
[2024-11-09T17:10:37.650+0000] {processor.py:175} INFO - Processing /home/airflow/.local/lib/python3.7/site-packages/airflow/example_dags/example_branch_datetime_operator.py took 0.056 seconds
[2024-11-09T17:11:08.389+0000] {processor.py:153} INFO - Started process (PID=248) to work on /home/airflow/.local/lib/python3.7/site-packages/airflow/example_dags/example_branch_datetime_operator.py
[2024-11-09T17:11:08.390+0000] {processor.py:743} INFO - Processing file /home/airflow/.local/lib/python3.7/site-packages/airflow/example_dags/example_branch_datetime_operator.py for tasks to queue
[2024-11-09T17:11:08.391+0000] {logging_mixin.py:137} INFO - [2024-11-09T17:11:08.391+0000] {dagbag.py:538} INFO - Filling up the DagBag from /home/airflow/.local/lib/python3.7/site-packages/airflow/example_dags/example_branch_datetime_operator.py
[2024-11-09T17:11:08.401+0000] {processor.py:753} INFO - DAG(s) dict_keys(['example_branch_datetime_operator_3', 'example_branch_datetime_operator', 'example_branch_datetime_operator_2']) retrieved from /home/airflow/.local/lib/python3.7/site-packages/airflow/example_dags/example_branch_datetime_operator.py
[2024-11-09T17:11:08.420+0000] {logging_mixin.py:137} INFO - [2024-11-09T17:11:08.420+0000] {dag.py:2690} INFO - Sync 3 DAGs
[2024-11-09T17:11:08.438+0000] {logging_mixin.py:137} INFO - [2024-11-09T17:11:08.438+0000] {dag.py:3441} INFO - Setting next_dagrun for example_branch_datetime_operator to 2024-11-08T00:00:00+00:00, run_after=2024-11-09T00:00:00+00:00
[2024-11-09T17:11:08.441+0000] {logging_mixin.py:137} INFO - [2024-11-09T17:11:08.441+0000] {dag.py:3441} INFO - Setting next_dagrun for example_branch_datetime_operator_2 to 2024-11-08T00:00:00+00:00, run_after=2024-11-09T00:00:00+00:00
[2024-11-09T17:11:08.443+0000] {logging_mixin.py:137} INFO - [2024-11-09T17:11:08.443+0000] {dag.py:3441} INFO - Setting next_dagrun for example_branch_datetime_operator_3 to 2024-11-08T00:00:00+00:00, run_after=2024-11-09T00:00:00+00:00
[2024-11-09T17:11:08.489+0000] {processor.py:175} INFO - Processing /home/airflow/.local/lib/python3.7/site-packages/airflow/example_dags/example_branch_datetime_operator.py took 0.103 seconds
[2024-11-09T17:11:39.213+0000] {processor.py:153} INFO - Started process (PID=326) to work on /home/airflow/.local/lib/python3.7/site-packages/airflow/example_dags/example_branch_datetime_operator.py
[2024-11-09T17:11:39.214+0000] {processor.py:743} INFO - Processing file /home/airflow/.local/lib/python3.7/site-packages/airflow/example_dags/example_branch_datetime_operator.py for tasks to queue
[2024-11-09T17:11:39.214+0000] {logging_mixin.py:137} INFO - [2024-11-09T17:11:39.214+0000] {dagbag.py:538} INFO - Filling up the DagBag from /home/airflow/.local/lib/python3.7/site-packages/airflow/example_dags/example_branch_datetime_operator.py
[2024-11-09T17:11:39.224+0000] {processor.py:753} INFO - DAG(s) dict_keys(['example_branch_datetime_operator', 'example_branch_datetime_operator_2', 'example_branch_datetime_operator_3']) retrieved from /home/airflow/.local/lib/python3.7/site-packages/airflow/example_dags/example_branch_datetime_operator.py
[2024-11-09T17:11:39.244+0000] {logging_mixin.py:137} INFO - [2024-11-09T17:11:39.244+0000] {dag.py:2690} INFO - Sync 3 DAGs
[2024-11-09T17:11:39.260+0000] {logging_mixin.py:137} INFO - [2024-11-09T17:11:39.260+0000] {dag.py:3441} INFO - Setting next_dagrun for example_branch_datetime_operator to 2024-11-08T00:00:00+00:00, run_after=2024-11-09T00:00:00+00:00
[2024-11-09T17:11:39.263+0000] {logging_mixin.py:137} INFO - [2024-11-09T17:11:39.263+0000] {dag.py:3441} INFO - Setting next_dagrun for example_branch_datetime_operator_2 to 2024-11-08T00:00:00+00:00, run_after=2024-11-09T00:00:00+00:00
[2024-11-09T17:11:39.265+0000] {logging_mixin.py:137} INFO - [2024-11-09T17:11:39.265+0000] {dag.py:3441} INFO - Setting next_dagrun for example_branch_datetime_operator_3 to 2024-11-08T00:00:00+00:00, run_after=2024-11-09T00:00:00+00:00
[2024-11-09T17:11:39.279+0000] {processor.py:175} INFO - Processing /home/airflow/.local/lib/python3.7/site-packages/airflow/example_dags/example_branch_datetime_operator.py took 0.067 seconds
[2024-11-09T17:12:09.757+0000] {processor.py:153} INFO - Started process (PID=413) to work on /home/airflow/.local/lib/python3.7/site-packages/airflow/example_dags/example_branch_datetime_operator.py
[2024-11-09T17:12:09.758+0000] {processor.py:743} INFO - Processing file /home/airflow/.local/lib/python3.7/site-packages/airflow/example_dags/example_branch_datetime_operator.py for tasks to queue
[2024-11-09T17:12:09.758+0000] {logging_mixin.py:137} INFO - [2024-11-09T17:12:09.758+0000] {dagbag.py:538} INFO - Filling up the DagBag from /home/airflow/.local/lib/python3.7/site-packages/airflow/example_dags/example_branch_datetime_operator.py
[2024-11-09T17:12:09.767+0000] {processor.py:753} INFO - DAG(s) dict_keys(['example_branch_datetime_operator_3', 'example_branch_datetime_operator', 'example_branch_datetime_operator_2']) retrieved from /home/airflow/.local/lib/python3.7/site-packages/airflow/example_dags/example_branch_datetime_operator.py
[2024-11-09T17:12:09.784+0000] {logging_mixin.py:137} INFO - [2024-11-09T17:12:09.784+0000] {dag.py:2690} INFO - Sync 3 DAGs
[2024-11-09T17:12:09.800+0000] {logging_mixin.py:137} INFO - [2024-11-09T17:12:09.800+0000] {dag.py:3441} INFO - Setting next_dagrun for example_branch_datetime_operator to 2024-11-08T00:00:00+00:00, run_after=2024-11-09T00:00:00+00:00
[2024-11-09T17:12:09.807+0000] {logging_mixin.py:137} INFO - [2024-11-09T17:12:09.807+0000] {dag.py:3441} INFO - Setting next_dagrun for example_branch_datetime_operator_2 to 2024-11-08T00:00:00+00:00, run_after=2024-11-09T00:00:00+00:00
[2024-11-09T17:12:09.808+0000] {logging_mixin.py:137} INFO - [2024-11-09T17:12:09.808+0000] {dag.py:3441} INFO - Setting next_dagrun for example_branch_datetime_operator_3 to 2024-11-08T00:00:00+00:00, run_after=2024-11-09T00:00:00+00:00
[2024-11-09T17:12:09.824+0000] {processor.py:175} INFO - Processing /home/airflow/.local/lib/python3.7/site-packages/airflow/example_dags/example_branch_datetime_operator.py took 0.069 seconds
[2024-11-09T17:12:40.363+0000] {processor.py:153} INFO - Started process (PID=500) to work on /home/airflow/.local/lib/python3.7/site-packages/airflow/example_dags/example_branch_datetime_operator.py
[2024-11-09T17:12:40.364+0000] {processor.py:743} INFO - Processing file /home/airflow/.local/lib/python3.7/site-packages/airflow/example_dags/example_branch_datetime_operator.py for tasks to queue
[2024-11-09T17:12:40.365+0000] {logging_mixin.py:137} INFO - [2024-11-09T17:12:40.365+0000] {dagbag.py:538} INFO - Filling up the DagBag from /home/airflow/.local/lib/python3.7/site-packages/airflow/example_dags/example_branch_datetime_operator.py
[2024-11-09T17:12:40.374+0000] {processor.py:753} INFO - DAG(s) dict_keys(['example_branch_datetime_operator_2', 'example_branch_datetime_operator', 'example_branch_datetime_operator_3']) retrieved from /home/airflow/.local/lib/python3.7/site-packages/airflow/example_dags/example_branch_datetime_operator.py
[2024-11-09T17:12:40.390+0000] {logging_mixin.py:137} INFO - [2024-11-09T17:12:40.390+0000] {dag.py:2690} INFO - Sync 3 DAGs
[2024-11-09T17:12:40.403+0000] {logging_mixin.py:137} INFO - [2024-11-09T17:12:40.403+0000] {dag.py:3441} INFO - Setting next_dagrun for example_branch_datetime_operator to 2024-11-08T00:00:00+00:00, run_after=2024-11-09T00:00:00+00:00
[2024-11-09T17:12:40.406+0000] {logging_mixin.py:137} INFO - [2024-11-09T17:12:40.406+0000] {dag.py:3441} INFO - Setting next_dagrun for example_branch_datetime_operator_2 to 2024-11-08T00:00:00+00:00, run_after=2024-11-09T00:00:00+00:00
[2024-11-09T17:12:40.408+0000] {logging_mixin.py:137} INFO - [2024-11-09T17:12:40.408+0000] {dag.py:3441} INFO - Setting next_dagrun for example_branch_datetime_operator_3 to 2024-11-08T00:00:00+00:00, run_after=2024-11-09T00:00:00+00:00
[2024-11-09T17:12:40.420+0000] {processor.py:175} INFO - Processing /home/airflow/.local/lib/python3.7/site-packages/airflow/example_dags/example_branch_datetime_operator.py took 0.059 seconds
[2024-11-09T17:13:11.079+0000] {processor.py:153} INFO - Started process (PID=571) to work on /home/airflow/.local/lib/python3.7/site-packages/airflow/example_dags/example_branch_datetime_operator.py
[2024-11-09T17:13:11.080+0000] {processor.py:743} INFO - Processing file /home/airflow/.local/lib/python3.7/site-packages/airflow/example_dags/example_branch_datetime_operator.py for tasks to queue
[2024-11-09T17:13:11.081+0000] {logging_mixin.py:137} INFO - [2024-11-09T17:13:11.081+0000] {dagbag.py:538} INFO - Filling up the DagBag from /home/airflow/.local/lib/python3.7/site-packages/airflow/example_dags/example_branch_datetime_operator.py
[2024-11-09T17:13:11.090+0000] {processor.py:753} INFO - DAG(s) dict_keys(['example_branch_datetime_operator_2', 'example_branch_datetime_operator_3', 'example_branch_datetime_operator']) retrieved from /home/airflow/.local/lib/python3.7/site-packages/airflow/example_dags/example_branch_datetime_operator.py
[2024-11-09T17:13:11.107+0000] {logging_mixin.py:137} INFO - [2024-11-09T17:13:11.107+0000] {dag.py:2690} INFO - Sync 3 DAGs
[2024-11-09T17:13:11.121+0000] {logging_mixin.py:137} INFO - [2024-11-09T17:13:11.120+0000] {dag.py:3441} INFO - Setting next_dagrun for example_branch_datetime_operator to 2024-11-08T00:00:00+00:00, run_after=2024-11-09T00:00:00+00:00
[2024-11-09T17:13:11.123+0000] {logging_mixin.py:137} INFO - [2024-11-09T17:13:11.123+0000] {dag.py:3441} INFO - Setting next_dagrun for example_branch_datetime_operator_2 to 2024-11-08T00:00:00+00:00, run_after=2024-11-09T00:00:00+00:00
[2024-11-09T17:13:11.124+0000] {logging_mixin.py:137} INFO - [2024-11-09T17:13:11.124+0000] {dag.py:3441} INFO - Setting next_dagrun for example_branch_datetime_operator_3 to 2024-11-08T00:00:00+00:00, run_after=2024-11-09T00:00:00+00:00
[2024-11-09T17:13:11.138+0000] {processor.py:175} INFO - Processing /home/airflow/.local/lib/python3.7/site-packages/airflow/example_dags/example_branch_datetime_operator.py took 0.061 seconds
[2024-11-09T17:13:43.393+0000] {processor.py:153} INFO - Started process (PID=658) to work on /home/airflow/.local/lib/python3.7/site-packages/airflow/example_dags/example_branch_datetime_operator.py
[2024-11-09T17:13:43.394+0000] {processor.py:743} INFO - Processing file /home/airflow/.local/lib/python3.7/site-packages/airflow/example_dags/example_branch_datetime_operator.py for tasks to queue
[2024-11-09T17:13:43.395+0000] {logging_mixin.py:137} INFO - [2024-11-09T17:13:43.394+0000] {dagbag.py:538} INFO - Filling up the DagBag from /home/airflow/.local/lib/python3.7/site-packages/airflow/example_dags/example_branch_datetime_operator.py
[2024-11-09T17:13:43.405+0000] {processor.py:753} INFO - DAG(s) dict_keys(['example_branch_datetime_operator_2', 'example_branch_datetime_operator_3', 'example_branch_datetime_operator']) retrieved from /home/airflow/.local/lib/python3.7/site-packages/airflow/example_dags/example_branch_datetime_operator.py
[2024-11-09T17:13:43.426+0000] {logging_mixin.py:137} INFO - [2024-11-09T17:13:43.426+0000] {dag.py:2690} INFO - Sync 3 DAGs
[2024-11-09T17:13:43.446+0000] {logging_mixin.py:137} INFO - [2024-11-09T17:13:43.446+0000] {dag.py:3441} INFO - Setting next_dagrun for example_branch_datetime_operator to 2024-11-08T00:00:00+00:00, run_after=2024-11-09T00:00:00+00:00
[2024-11-09T17:13:43.451+0000] {logging_mixin.py:137} INFO - [2024-11-09T17:13:43.451+0000] {dag.py:3441} INFO - Setting next_dagrun for example_branch_datetime_operator_2 to 2024-11-08T00:00:00+00:00, run_after=2024-11-09T00:00:00+00:00
[2024-11-09T17:13:43.455+0000] {logging_mixin.py:137} INFO - [2024-11-09T17:13:43.455+0000] {dag.py:3441} INFO - Setting next_dagrun for example_branch_datetime_operator_3 to 2024-11-08T00:00:00+00:00, run_after=2024-11-09T00:00:00+00:00
[2024-11-09T17:13:43.468+0000] {processor.py:175} INFO - Processing /home/airflow/.local/lib/python3.7/site-packages/airflow/example_dags/example_branch_datetime_operator.py took 0.076 seconds
[2024-11-09T17:14:14.214+0000] {processor.py:153} INFO - Started process (PID=745) to work on /home/airflow/.local/lib/python3.7/site-packages/airflow/example_dags/example_branch_datetime_operator.py
[2024-11-09T17:14:14.218+0000] {processor.py:743} INFO - Processing file /home/airflow/.local/lib/python3.7/site-packages/airflow/example_dags/example_branch_datetime_operator.py for tasks to queue
[2024-11-09T17:14:14.219+0000] {logging_mixin.py:137} INFO - [2024-11-09T17:14:14.219+0000] {dagbag.py:538} INFO - Filling up the DagBag from /home/airflow/.local/lib/python3.7/site-packages/airflow/example_dags/example_branch_datetime_operator.py
[2024-11-09T17:14:14.228+0000] {processor.py:753} INFO - DAG(s) dict_keys(['example_branch_datetime_operator', 'example_branch_datetime_operator_3', 'example_branch_datetime_operator_2']) retrieved from /home/airflow/.local/lib/python3.7/site-packages/airflow/example_dags/example_branch_datetime_operator.py
[2024-11-09T17:14:14.250+0000] {logging_mixin.py:137} INFO - [2024-11-09T17:14:14.250+0000] {dag.py:2690} INFO - Sync 3 DAGs
[2024-11-09T17:14:14.267+0000] {logging_mixin.py:137} INFO - [2024-11-09T17:14:14.267+0000] {dag.py:3441} INFO - Setting next_dagrun for example_branch_datetime_operator to 2024-11-08T00:00:00+00:00, run_after=2024-11-09T00:00:00+00:00
[2024-11-09T17:14:14.270+0000] {logging_mixin.py:137} INFO - [2024-11-09T17:14:14.270+0000] {dag.py:3441} INFO - Setting next_dagrun for example_branch_datetime_operator_2 to 2024-11-08T00:00:00+00:00, run_after=2024-11-09T00:00:00+00:00
[2024-11-09T17:14:14.271+0000] {logging_mixin.py:137} INFO - [2024-11-09T17:14:14.271+0000] {dag.py:3441} INFO - Setting next_dagrun for example_branch_datetime_operator_3 to 2024-11-08T00:00:00+00:00, run_after=2024-11-09T00:00:00+00:00
[2024-11-09T17:14:14.289+0000] {processor.py:175} INFO - Processing /home/airflow/.local/lib/python3.7/site-packages/airflow/example_dags/example_branch_datetime_operator.py took 0.077 seconds
[2024-11-09T17:14:45.034+0000] {processor.py:153} INFO - Started process (PID=816) to work on /home/airflow/.local/lib/python3.7/site-packages/airflow/example_dags/example_branch_datetime_operator.py
[2024-11-09T17:14:45.034+0000] {processor.py:743} INFO - Processing file /home/airflow/.local/lib/python3.7/site-packages/airflow/example_dags/example_branch_datetime_operator.py for tasks to queue
[2024-11-09T17:14:45.035+0000] {logging_mixin.py:137} INFO - [2024-11-09T17:14:45.035+0000] {dagbag.py:538} INFO - Filling up the DagBag from /home/airflow/.local/lib/python3.7/site-packages/airflow/example_dags/example_branch_datetime_operator.py
[2024-11-09T17:14:45.047+0000] {processor.py:753} INFO - DAG(s) dict_keys(['example_branch_datetime_operator_2', 'example_branch_datetime_operator', 'example_branch_datetime_operator_3']) retrieved from /home/airflow/.local/lib/python3.7/site-packages/airflow/example_dags/example_branch_datetime_operator.py
[2024-11-09T17:14:45.068+0000] {logging_mixin.py:137} INFO - [2024-11-09T17:14:45.068+0000] {dag.py:2690} INFO - Sync 3 DAGs
[2024-11-09T17:14:45.085+0000] {logging_mixin.py:137} INFO - [2024-11-09T17:14:45.084+0000] {dag.py:3441} INFO - Setting next_dagrun for example_branch_datetime_operator to 2024-11-08T00:00:00+00:00, run_after=2024-11-09T00:00:00+00:00
[2024-11-09T17:14:45.091+0000] {logging_mixin.py:137} INFO - [2024-11-09T17:14:45.091+0000] {dag.py:3441} INFO - Setting next_dagrun for example_branch_datetime_operator_2 to 2024-11-08T00:00:00+00:00, run_after=2024-11-09T00:00:00+00:00
[2024-11-09T17:14:45.097+0000] {logging_mixin.py:137} INFO - [2024-11-09T17:14:45.096+0000] {dag.py:3441} INFO - Setting next_dagrun for example_branch_datetime_operator_3 to 2024-11-08T00:00:00+00:00, run_after=2024-11-09T00:00:00+00:00
[2024-11-09T17:14:45.107+0000] {processor.py:175} INFO - Processing /home/airflow/.local/lib/python3.7/site-packages/airflow/example_dags/example_branch_datetime_operator.py took 0.075 seconds
[2024-11-09T17:15:15.998+0000] {processor.py:153} INFO - Started process (PID=903) to work on /home/airflow/.local/lib/python3.7/site-packages/airflow/example_dags/example_branch_datetime_operator.py
[2024-11-09T17:15:16.000+0000] {processor.py:743} INFO - Processing file /home/airflow/.local/lib/python3.7/site-packages/airflow/example_dags/example_branch_datetime_operator.py for tasks to queue
[2024-11-09T17:15:16.002+0000] {logging_mixin.py:137} INFO - [2024-11-09T17:15:16.002+0000] {dagbag.py:538} INFO - Filling up the DagBag from /home/airflow/.local/lib/python3.7/site-packages/airflow/example_dags/example_branch_datetime_operator.py
[2024-11-09T17:15:16.012+0000] {processor.py:753} INFO - DAG(s) dict_keys(['example_branch_datetime_operator', 'example_branch_datetime_operator_2', 'example_branch_datetime_operator_3']) retrieved from /home/airflow/.local/lib/python3.7/site-packages/airflow/example_dags/example_branch_datetime_operator.py
[2024-11-09T17:15:16.036+0000] {logging_mixin.py:137} INFO - [2024-11-09T17:15:16.036+0000] {dag.py:2690} INFO - Sync 3 DAGs
[2024-11-09T17:15:16.054+0000] {logging_mixin.py:137} INFO - [2024-11-09T17:15:16.053+0000] {dag.py:3441} INFO - Setting next_dagrun for example_branch_datetime_operator to 2024-11-08T00:00:00+00:00, run_after=2024-11-09T00:00:00+00:00
[2024-11-09T17:15:16.061+0000] {logging_mixin.py:137} INFO - [2024-11-09T17:15:16.061+0000] {dag.py:3441} INFO - Setting next_dagrun for example_branch_datetime_operator_2 to 2024-11-08T00:00:00+00:00, run_after=2024-11-09T00:00:00+00:00
[2024-11-09T17:15:16.063+0000] {logging_mixin.py:137} INFO - [2024-11-09T17:15:16.063+0000] {dag.py:3441} INFO - Setting next_dagrun for example_branch_datetime_operator_3 to 2024-11-08T00:00:00+00:00, run_after=2024-11-09T00:00:00+00:00
[2024-11-09T17:15:16.078+0000] {processor.py:175} INFO - Processing /home/airflow/.local/lib/python3.7/site-packages/airflow/example_dags/example_branch_datetime_operator.py took 0.082 seconds
[2024-11-09T17:15:46.720+0000] {processor.py:153} INFO - Started process (PID=990) to work on /home/airflow/.local/lib/python3.7/site-packages/airflow/example_dags/example_branch_datetime_operator.py
[2024-11-09T17:15:46.721+0000] {processor.py:743} INFO - Processing file /home/airflow/.local/lib/python3.7/site-packages/airflow/example_dags/example_branch_datetime_operator.py for tasks to queue
[2024-11-09T17:15:46.722+0000] {logging_mixin.py:137} INFO - [2024-11-09T17:15:46.722+0000] {dagbag.py:538} INFO - Filling up the DagBag from /home/airflow/.local/lib/python3.7/site-packages/airflow/example_dags/example_branch_datetime_operator.py
[2024-11-09T17:15:46.732+0000] {processor.py:753} INFO - DAG(s) dict_keys(['example_branch_datetime_operator_3', 'example_branch_datetime_operator', 'example_branch_datetime_operator_2']) retrieved from /home/airflow/.local/lib/python3.7/site-packages/airflow/example_dags/example_branch_datetime_operator.py
[2024-11-09T17:15:46.755+0000] {logging_mixin.py:137} INFO - [2024-11-09T17:15:46.755+0000] {dag.py:2690} INFO - Sync 3 DAGs
[2024-11-09T17:15:46.771+0000] {logging_mixin.py:137} INFO - [2024-11-09T17:15:46.771+0000] {dag.py:3441} INFO - Setting next_dagrun for example_branch_datetime_operator to 2024-11-08T00:00:00+00:00, run_after=2024-11-09T00:00:00+00:00
[2024-11-09T17:15:46.775+0000] {logging_mixin.py:137} INFO - [2024-11-09T17:15:46.775+0000] {dag.py:3441} INFO - Setting next_dagrun for example_branch_datetime_operator_2 to 2024-11-08T00:00:00+00:00, run_after=2024-11-09T00:00:00+00:00
[2024-11-09T17:15:46.777+0000] {logging_mixin.py:137} INFO - [2024-11-09T17:15:46.777+0000] {dag.py:3441} INFO - Setting next_dagrun for example_branch_datetime_operator_3 to 2024-11-08T00:00:00+00:00, run_after=2024-11-09T00:00:00+00:00
[2024-11-09T17:15:46.792+0000] {processor.py:175} INFO - Processing /home/airflow/.local/lib/python3.7/site-packages/airflow/example_dags/example_branch_datetime_operator.py took 0.074 seconds
[2024-11-09T17:16:17.789+0000] {processor.py:153} INFO - Started process (PID=1077) to work on /home/airflow/.local/lib/python3.7/site-packages/airflow/example_dags/example_branch_datetime_operator.py
[2024-11-09T17:16:17.790+0000] {processor.py:743} INFO - Processing file /home/airflow/.local/lib/python3.7/site-packages/airflow/example_dags/example_branch_datetime_operator.py for tasks to queue
[2024-11-09T17:16:17.791+0000] {logging_mixin.py:137} INFO - [2024-11-09T17:16:17.791+0000] {dagbag.py:538} INFO - Filling up the DagBag from /home/airflow/.local/lib/python3.7/site-packages/airflow/example_dags/example_branch_datetime_operator.py
[2024-11-09T17:16:17.803+0000] {processor.py:753} INFO - DAG(s) dict_keys(['example_branch_datetime_operator_3', 'example_branch_datetime_operator_2', 'example_branch_datetime_operator']) retrieved from /home/airflow/.local/lib/python3.7/site-packages/airflow/example_dags/example_branch_datetime_operator.py
[2024-11-09T17:16:17.829+0000] {logging_mixin.py:137} INFO - [2024-11-09T17:16:17.829+0000] {dag.py:2690} INFO - Sync 3 DAGs
[2024-11-09T17:16:17.849+0000] {logging_mixin.py:137} INFO - [2024-11-09T17:16:17.849+0000] {dag.py:3441} INFO - Setting next_dagrun for example_branch_datetime_operator to 2024-11-08T00:00:00+00:00, run_after=2024-11-09T00:00:00+00:00
[2024-11-09T17:16:17.853+0000] {logging_mixin.py:137} INFO - [2024-11-09T17:16:17.852+0000] {dag.py:3441} INFO - Setting next_dagrun for example_branch_datetime_operator_2 to 2024-11-08T00:00:00+00:00, run_after=2024-11-09T00:00:00+00:00
[2024-11-09T17:16:17.855+0000] {logging_mixin.py:137} INFO - [2024-11-09T17:16:17.854+0000] {dag.py:3441} INFO - Setting next_dagrun for example_branch_datetime_operator_3 to 2024-11-08T00:00:00+00:00, run_after=2024-11-09T00:00:00+00:00
[2024-11-09T17:16:17.876+0000] {processor.py:175} INFO - Processing /home/airflow/.local/lib/python3.7/site-packages/airflow/example_dags/example_branch_datetime_operator.py took 0.093 seconds
[2024-11-09T17:16:48.634+0000] {processor.py:153} INFO - Started process (PID=1147) to work on /home/airflow/.local/lib/python3.7/site-packages/airflow/example_dags/example_branch_datetime_operator.py
[2024-11-09T17:16:48.635+0000] {processor.py:743} INFO - Processing file /home/airflow/.local/lib/python3.7/site-packages/airflow/example_dags/example_branch_datetime_operator.py for tasks to queue
[2024-11-09T17:16:48.636+0000] {logging_mixin.py:137} INFO - [2024-11-09T17:16:48.636+0000] {dagbag.py:538} INFO - Filling up the DagBag from /home/airflow/.local/lib/python3.7/site-packages/airflow/example_dags/example_branch_datetime_operator.py
[2024-11-09T17:16:48.644+0000] {processor.py:753} INFO - DAG(s) dict_keys(['example_branch_datetime_operator', 'example_branch_datetime_operator_2', 'example_branch_datetime_operator_3']) retrieved from /home/airflow/.local/lib/python3.7/site-packages/airflow/example_dags/example_branch_datetime_operator.py
[2024-11-09T17:16:48.662+0000] {logging_mixin.py:137} INFO - [2024-11-09T17:16:48.662+0000] {dag.py:2690} INFO - Sync 3 DAGs
[2024-11-09T17:16:48.675+0000] {logging_mixin.py:137} INFO - [2024-11-09T17:16:48.675+0000] {dag.py:3441} INFO - Setting next_dagrun for example_branch_datetime_operator to 2024-11-08T00:00:00+00:00, run_after=2024-11-09T00:00:00+00:00
[2024-11-09T17:16:48.677+0000] {logging_mixin.py:137} INFO - [2024-11-09T17:16:48.677+0000] {dag.py:3441} INFO - Setting next_dagrun for example_branch_datetime_operator_2 to 2024-11-08T00:00:00+00:00, run_after=2024-11-09T00:00:00+00:00
[2024-11-09T17:16:48.679+0000] {logging_mixin.py:137} INFO - [2024-11-09T17:16:48.679+0000] {dag.py:3441} INFO - Setting next_dagrun for example_branch_datetime_operator_3 to 2024-11-08T00:00:00+00:00, run_after=2024-11-09T00:00:00+00:00
[2024-11-09T17:16:48.690+0000] {processor.py:175} INFO - Processing /home/airflow/.local/lib/python3.7/site-packages/airflow/example_dags/example_branch_datetime_operator.py took 0.057 seconds
[2024-11-09T17:17:19.505+0000] {processor.py:153} INFO - Started process (PID=1234) to work on /home/airflow/.local/lib/python3.7/site-packages/airflow/example_dags/example_branch_datetime_operator.py
[2024-11-09T17:17:19.506+0000] {processor.py:743} INFO - Processing file /home/airflow/.local/lib/python3.7/site-packages/airflow/example_dags/example_branch_datetime_operator.py for tasks to queue
[2024-11-09T17:17:19.506+0000] {logging_mixin.py:137} INFO - [2024-11-09T17:17:19.506+0000] {dagbag.py:538} INFO - Filling up the DagBag from /home/airflow/.local/lib/python3.7/site-packages/airflow/example_dags/example_branch_datetime_operator.py
[2024-11-09T17:17:19.515+0000] {processor.py:753} INFO - DAG(s) dict_keys(['example_branch_datetime_operator_3', 'example_branch_datetime_operator', 'example_branch_datetime_operator_2']) retrieved from /home/airflow/.local/lib/python3.7/site-packages/airflow/example_dags/example_branch_datetime_operator.py
[2024-11-09T17:17:19.532+0000] {logging_mixin.py:137} INFO - [2024-11-09T17:17:19.532+0000] {dag.py:2690} INFO - Sync 3 DAGs
[2024-11-09T17:17:19.546+0000] {logging_mixin.py:137} INFO - [2024-11-09T17:17:19.546+0000] {dag.py:3441} INFO - Setting next_dagrun for example_branch_datetime_operator to 2024-11-08T00:00:00+00:00, run_after=2024-11-09T00:00:00+00:00
[2024-11-09T17:17:19.551+0000] {logging_mixin.py:137} INFO - [2024-11-09T17:17:19.551+0000] {dag.py:3441} INFO - Setting next_dagrun for example_branch_datetime_operator_2 to 2024-11-08T00:00:00+00:00, run_after=2024-11-09T00:00:00+00:00
[2024-11-09T17:17:19.554+0000] {logging_mixin.py:137} INFO - [2024-11-09T17:17:19.554+0000] {dag.py:3441} INFO - Setting next_dagrun for example_branch_datetime_operator_3 to 2024-11-08T00:00:00+00:00, run_after=2024-11-09T00:00:00+00:00
[2024-11-09T17:17:19.566+0000] {processor.py:175} INFO - Processing /home/airflow/.local/lib/python3.7/site-packages/airflow/example_dags/example_branch_datetime_operator.py took 0.063 seconds
[2024-11-09T17:17:50.290+0000] {processor.py:153} INFO - Started process (PID=1321) to work on /home/airflow/.local/lib/python3.7/site-packages/airflow/example_dags/example_branch_datetime_operator.py
[2024-11-09T17:17:50.291+0000] {processor.py:743} INFO - Processing file /home/airflow/.local/lib/python3.7/site-packages/airflow/example_dags/example_branch_datetime_operator.py for tasks to queue
[2024-11-09T17:17:50.292+0000] {logging_mixin.py:137} INFO - [2024-11-09T17:17:50.292+0000] {dagbag.py:538} INFO - Filling up the DagBag from /home/airflow/.local/lib/python3.7/site-packages/airflow/example_dags/example_branch_datetime_operator.py
[2024-11-09T17:17:50.301+0000] {processor.py:753} INFO - DAG(s) dict_keys(['example_branch_datetime_operator_3', 'example_branch_datetime_operator_2', 'example_branch_datetime_operator']) retrieved from /home/airflow/.local/lib/python3.7/site-packages/airflow/example_dags/example_branch_datetime_operator.py
[2024-11-09T17:17:50.320+0000] {logging_mixin.py:137} INFO - [2024-11-09T17:17:50.320+0000] {dag.py:2690} INFO - Sync 3 DAGs
[2024-11-09T17:17:50.339+0000] {logging_mixin.py:137} INFO - [2024-11-09T17:17:50.339+0000] {dag.py:3441} INFO - Setting next_dagrun for example_branch_datetime_operator to 2024-11-08T00:00:00+00:00, run_after=2024-11-09T00:00:00+00:00
[2024-11-09T17:17:50.346+0000] {logging_mixin.py:137} INFO - [2024-11-09T17:17:50.346+0000] {dag.py:3441} INFO - Setting next_dagrun for example_branch_datetime_operator_2 to 2024-11-08T00:00:00+00:00, run_after=2024-11-09T00:00:00+00:00
[2024-11-09T17:17:50.348+0000] {logging_mixin.py:137} INFO - [2024-11-09T17:17:50.348+0000] {dag.py:3441} INFO - Setting next_dagrun for example_branch_datetime_operator_3 to 2024-11-08T00:00:00+00:00, run_after=2024-11-09T00:00:00+00:00
[2024-11-09T17:17:50.357+0000] {processor.py:175} INFO - Processing /home/airflow/.local/lib/python3.7/site-packages/airflow/example_dags/example_branch_datetime_operator.py took 0.069 seconds
[2024-11-09T17:18:21.214+0000] {processor.py:153} INFO - Started process (PID=1408) to work on /home/airflow/.local/lib/python3.7/site-packages/airflow/example_dags/example_branch_datetime_operator.py
[2024-11-09T17:18:21.214+0000] {processor.py:743} INFO - Processing file /home/airflow/.local/lib/python3.7/site-packages/airflow/example_dags/example_branch_datetime_operator.py for tasks to queue
[2024-11-09T17:18:21.215+0000] {logging_mixin.py:137} INFO - [2024-11-09T17:18:21.215+0000] {dagbag.py:538} INFO - Filling up the DagBag from /home/airflow/.local/lib/python3.7/site-packages/airflow/example_dags/example_branch_datetime_operator.py
[2024-11-09T17:18:21.225+0000] {processor.py:753} INFO - DAG(s) dict_keys(['example_branch_datetime_operator_3', 'example_branch_datetime_operator', 'example_branch_datetime_operator_2']) retrieved from /home/airflow/.local/lib/python3.7/site-packages/airflow/example_dags/example_branch_datetime_operator.py
[2024-11-09T17:18:21.243+0000] {logging_mixin.py:137} INFO - [2024-11-09T17:18:21.243+0000] {dag.py:2690} INFO - Sync 3 DAGs
[2024-11-09T17:18:21.259+0000] {logging_mixin.py:137} INFO - [2024-11-09T17:18:21.259+0000] {dag.py:3441} INFO - Setting next_dagrun for example_branch_datetime_operator to 2024-11-08T00:00:00+00:00, run_after=2024-11-09T00:00:00+00:00
[2024-11-09T17:18:21.263+0000] {logging_mixin.py:137} INFO - [2024-11-09T17:18:21.263+0000] {dag.py:3441} INFO - Setting next_dagrun for example_branch_datetime_operator_2 to 2024-11-08T00:00:00+00:00, run_after=2024-11-09T00:00:00+00:00
[2024-11-09T17:18:21.265+0000] {logging_mixin.py:137} INFO - [2024-11-09T17:18:21.264+0000] {dag.py:3441} INFO - Setting next_dagrun for example_branch_datetime_operator_3 to 2024-11-08T00:00:00+00:00, run_after=2024-11-09T00:00:00+00:00
[2024-11-09T17:18:21.275+0000] {processor.py:175} INFO - Processing /home/airflow/.local/lib/python3.7/site-packages/airflow/example_dags/example_branch_datetime_operator.py took 0.064 seconds
[2024-11-09T17:18:52.007+0000] {processor.py:153} INFO - Started process (PID=1479) to work on /home/airflow/.local/lib/python3.7/site-packages/airflow/example_dags/example_branch_datetime_operator.py
[2024-11-09T17:18:52.009+0000] {processor.py:743} INFO - Processing file /home/airflow/.local/lib/python3.7/site-packages/airflow/example_dags/example_branch_datetime_operator.py for tasks to queue
[2024-11-09T17:18:52.010+0000] {logging_mixin.py:137} INFO - [2024-11-09T17:18:52.010+0000] {dagbag.py:538} INFO - Filling up the DagBag from /home/airflow/.local/lib/python3.7/site-packages/airflow/example_dags/example_branch_datetime_operator.py
[2024-11-09T17:18:52.021+0000] {processor.py:753} INFO - DAG(s) dict_keys(['example_branch_datetime_operator', 'example_branch_datetime_operator_3', 'example_branch_datetime_operator_2']) retrieved from /home/airflow/.local/lib/python3.7/site-packages/airflow/example_dags/example_branch_datetime_operator.py
[2024-11-09T17:18:52.039+0000] {logging_mixin.py:137} INFO - [2024-11-09T17:18:52.039+0000] {dag.py:2690} INFO - Sync 3 DAGs
[2024-11-09T17:18:52.056+0000] {logging_mixin.py:137} INFO - [2024-11-09T17:18:52.056+0000] {dag.py:3441} INFO - Setting next_dagrun for example_branch_datetime_operator to 2024-11-08T00:00:00+00:00, run_after=2024-11-09T00:00:00+00:00
[2024-11-09T17:18:52.059+0000] {logging_mixin.py:137} INFO - [2024-11-09T17:18:52.059+0000] {dag.py:3441} INFO - Setting next_dagrun for example_branch_datetime_operator_2 to 2024-11-08T00:00:00+00:00, run_after=2024-11-09T00:00:00+00:00
[2024-11-09T17:18:52.060+0000] {logging_mixin.py:137} INFO - [2024-11-09T17:18:52.060+0000] {dag.py:3441} INFO - Setting next_dagrun for example_branch_datetime_operator_3 to 2024-11-08T00:00:00+00:00, run_after=2024-11-09T00:00:00+00:00
[2024-11-09T17:18:52.070+0000] {processor.py:175} INFO - Processing /home/airflow/.local/lib/python3.7/site-packages/airflow/example_dags/example_branch_datetime_operator.py took 0.067 seconds
[2024-11-09T17:19:22.925+0000] {processor.py:153} INFO - Started process (PID=1566) to work on /home/airflow/.local/lib/python3.7/site-packages/airflow/example_dags/example_branch_datetime_operator.py
[2024-11-09T17:19:22.926+0000] {processor.py:743} INFO - Processing file /home/airflow/.local/lib/python3.7/site-packages/airflow/example_dags/example_branch_datetime_operator.py for tasks to queue
[2024-11-09T17:19:22.926+0000] {logging_mixin.py:137} INFO - [2024-11-09T17:19:22.926+0000] {dagbag.py:538} INFO - Filling up the DagBag from /home/airflow/.local/lib/python3.7/site-packages/airflow/example_dags/example_branch_datetime_operator.py
[2024-11-09T17:19:22.937+0000] {processor.py:753} INFO - DAG(s) dict_keys(['example_branch_datetime_operator_3', 'example_branch_datetime_operator', 'example_branch_datetime_operator_2']) retrieved from /home/airflow/.local/lib/python3.7/site-packages/airflow/example_dags/example_branch_datetime_operator.py
[2024-11-09T17:19:22.958+0000] {logging_mixin.py:137} INFO - [2024-11-09T17:19:22.958+0000] {dag.py:2690} INFO - Sync 3 DAGs
[2024-11-09T17:19:22.973+0000] {logging_mixin.py:137} INFO - [2024-11-09T17:19:22.973+0000] {dag.py:3441} INFO - Setting next_dagrun for example_branch_datetime_operator to 2024-11-08T00:00:00+00:00, run_after=2024-11-09T00:00:00+00:00
[2024-11-09T17:19:22.977+0000] {logging_mixin.py:137} INFO - [2024-11-09T17:19:22.977+0000] {dag.py:3441} INFO - Setting next_dagrun for example_branch_datetime_operator_2 to 2024-11-08T00:00:00+00:00, run_after=2024-11-09T00:00:00+00:00
[2024-11-09T17:19:22.980+0000] {logging_mixin.py:137} INFO - [2024-11-09T17:19:22.980+0000] {dag.py:3441} INFO - Setting next_dagrun for example_branch_datetime_operator_3 to 2024-11-08T00:00:00+00:00, run_after=2024-11-09T00:00:00+00:00
[2024-11-09T17:19:22.992+0000] {processor.py:175} INFO - Processing /home/airflow/.local/lib/python3.7/site-packages/airflow/example_dags/example_branch_datetime_operator.py took 0.069 seconds
[2024-11-09T17:19:53.024+0000] {processor.py:153} INFO - Started process (PID=1653) to work on /home/airflow/.local/lib/python3.7/site-packages/airflow/example_dags/example_branch_datetime_operator.py
[2024-11-09T17:19:53.025+0000] {processor.py:743} INFO - Processing file /home/airflow/.local/lib/python3.7/site-packages/airflow/example_dags/example_branch_datetime_operator.py for tasks to queue
[2024-11-09T17:19:53.025+0000] {logging_mixin.py:137} INFO - [2024-11-09T17:19:53.025+0000] {dagbag.py:538} INFO - Filling up the DagBag from /home/airflow/.local/lib/python3.7/site-packages/airflow/example_dags/example_branch_datetime_operator.py
[2024-11-09T17:19:53.034+0000] {processor.py:753} INFO - DAG(s) dict_keys(['example_branch_datetime_operator_3', 'example_branch_datetime_operator', 'example_branch_datetime_operator_2']) retrieved from /home/airflow/.local/lib/python3.7/site-packages/airflow/example_dags/example_branch_datetime_operator.py
[2024-11-09T17:19:53.055+0000] {logging_mixin.py:137} INFO - [2024-11-09T17:19:53.055+0000] {dag.py:2690} INFO - Sync 3 DAGs
[2024-11-09T17:19:53.069+0000] {logging_mixin.py:137} INFO - [2024-11-09T17:19:53.069+0000] {dag.py:3441} INFO - Setting next_dagrun for example_branch_datetime_operator to 2024-11-08T00:00:00+00:00, run_after=2024-11-09T00:00:00+00:00
[2024-11-09T17:19:53.072+0000] {logging_mixin.py:137} INFO - [2024-11-09T17:19:53.072+0000] {dag.py:3441} INFO - Setting next_dagrun for example_branch_datetime_operator_2 to 2024-11-08T00:00:00+00:00, run_after=2024-11-09T00:00:00+00:00
[2024-11-09T17:19:53.075+0000] {logging_mixin.py:137} INFO - [2024-11-09T17:19:53.075+0000] {dag.py:3441} INFO - Setting next_dagrun for example_branch_datetime_operator_3 to 2024-11-08T00:00:00+00:00, run_after=2024-11-09T00:00:00+00:00
[2024-11-09T17:19:53.087+0000] {processor.py:175} INFO - Processing /home/airflow/.local/lib/python3.7/site-packages/airflow/example_dags/example_branch_datetime_operator.py took 0.065 seconds
[2024-11-09T17:20:23.654+0000] {processor.py:153} INFO - Started process (PID=1733) to work on /home/airflow/.local/lib/python3.7/site-packages/airflow/example_dags/example_branch_datetime_operator.py
[2024-11-09T17:20:23.655+0000] {processor.py:743} INFO - Processing file /home/airflow/.local/lib/python3.7/site-packages/airflow/example_dags/example_branch_datetime_operator.py for tasks to queue
[2024-11-09T17:20:23.658+0000] {logging_mixin.py:137} INFO - [2024-11-09T17:20:23.658+0000] {dagbag.py:538} INFO - Filling up the DagBag from /home/airflow/.local/lib/python3.7/site-packages/airflow/example_dags/example_branch_datetime_operator.py
[2024-11-09T17:20:23.667+0000] {processor.py:753} INFO - DAG(s) dict_keys(['example_branch_datetime_operator_2', 'example_branch_datetime_operator_3', 'example_branch_datetime_operator']) retrieved from /home/airflow/.local/lib/python3.7/site-packages/airflow/example_dags/example_branch_datetime_operator.py
[2024-11-09T17:20:23.684+0000] {logging_mixin.py:137} INFO - [2024-11-09T17:20:23.684+0000] {dag.py:2690} INFO - Sync 3 DAGs
[2024-11-09T17:20:23.699+0000] {logging_mixin.py:137} INFO - [2024-11-09T17:20:23.699+0000] {dag.py:3441} INFO - Setting next_dagrun for example_branch_datetime_operator to 2024-11-08T00:00:00+00:00, run_after=2024-11-09T00:00:00+00:00
[2024-11-09T17:20:23.705+0000] {logging_mixin.py:137} INFO - [2024-11-09T17:20:23.705+0000] {dag.py:3441} INFO - Setting next_dagrun for example_branch_datetime_operator_2 to 2024-11-08T00:00:00+00:00, run_after=2024-11-09T00:00:00+00:00
[2024-11-09T17:20:23.706+0000] {logging_mixin.py:137} INFO - [2024-11-09T17:20:23.706+0000] {dag.py:3441} INFO - Setting next_dagrun for example_branch_datetime_operator_3 to 2024-11-08T00:00:00+00:00, run_after=2024-11-09T00:00:00+00:00
[2024-11-09T17:20:23.715+0000] {processor.py:175} INFO - Processing /home/airflow/.local/lib/python3.7/site-packages/airflow/example_dags/example_branch_datetime_operator.py took 0.062 seconds
[2024-11-09T17:20:52.101+0000] {processor.py:153} INFO - Started process (PID=72) to work on /home/airflow/.local/lib/python3.7/site-packages/airflow/example_dags/example_branch_datetime_operator.py
[2024-11-09T17:20:52.103+0000] {processor.py:743} INFO - Processing file /home/airflow/.local/lib/python3.7/site-packages/airflow/example_dags/example_branch_datetime_operator.py for tasks to queue
[2024-11-09T17:20:52.104+0000] {logging_mixin.py:137} INFO - [2024-11-09T17:20:52.104+0000] {dagbag.py:538} INFO - Filling up the DagBag from /home/airflow/.local/lib/python3.7/site-packages/airflow/example_dags/example_branch_datetime_operator.py
[2024-11-09T17:20:52.116+0000] {processor.py:753} INFO - DAG(s) dict_keys(['example_branch_datetime_operator', 'example_branch_datetime_operator_2', 'example_branch_datetime_operator_3']) retrieved from /home/airflow/.local/lib/python3.7/site-packages/airflow/example_dags/example_branch_datetime_operator.py
[2024-11-09T17:20:52.131+0000] {logging_mixin.py:137} INFO - [2024-11-09T17:20:52.131+0000] {dag.py:2690} INFO - Sync 3 DAGs
[2024-11-09T17:20:52.147+0000] {logging_mixin.py:137} INFO - [2024-11-09T17:20:52.147+0000] {dag.py:3441} INFO - Setting next_dagrun for example_branch_datetime_operator to 2024-11-08T00:00:00+00:00, run_after=2024-11-09T00:00:00+00:00
[2024-11-09T17:20:52.151+0000] {logging_mixin.py:137} INFO - [2024-11-09T17:20:52.151+0000] {dag.py:3441} INFO - Setting next_dagrun for example_branch_datetime_operator_2 to 2024-11-08T00:00:00+00:00, run_after=2024-11-09T00:00:00+00:00
[2024-11-09T17:20:52.155+0000] {logging_mixin.py:137} INFO - [2024-11-09T17:20:52.155+0000] {dag.py:3441} INFO - Setting next_dagrun for example_branch_datetime_operator_3 to 2024-11-08T00:00:00+00:00, run_after=2024-11-09T00:00:00+00:00
[2024-11-09T17:20:52.179+0000] {processor.py:175} INFO - Processing /home/airflow/.local/lib/python3.7/site-packages/airflow/example_dags/example_branch_datetime_operator.py took 0.081 seconds
[2024-11-09T17:21:22.866+0000] {processor.py:153} INFO - Started process (PID=159) to work on /home/airflow/.local/lib/python3.7/site-packages/airflow/example_dags/example_branch_datetime_operator.py
[2024-11-09T17:21:22.868+0000] {processor.py:743} INFO - Processing file /home/airflow/.local/lib/python3.7/site-packages/airflow/example_dags/example_branch_datetime_operator.py for tasks to queue
[2024-11-09T17:21:22.868+0000] {logging_mixin.py:137} INFO - [2024-11-09T17:21:22.868+0000] {dagbag.py:538} INFO - Filling up the DagBag from /home/airflow/.local/lib/python3.7/site-packages/airflow/example_dags/example_branch_datetime_operator.py
[2024-11-09T17:21:22.878+0000] {processor.py:753} INFO - DAG(s) dict_keys(['example_branch_datetime_operator_2', 'example_branch_datetime_operator_3', 'example_branch_datetime_operator']) retrieved from /home/airflow/.local/lib/python3.7/site-packages/airflow/example_dags/example_branch_datetime_operator.py
[2024-11-09T17:21:22.898+0000] {logging_mixin.py:137} INFO - [2024-11-09T17:21:22.898+0000] {dag.py:2690} INFO - Sync 3 DAGs
[2024-11-09T17:21:22.913+0000] {logging_mixin.py:137} INFO - [2024-11-09T17:21:22.912+0000] {dag.py:3441} INFO - Setting next_dagrun for example_branch_datetime_operator to 2024-11-08T00:00:00+00:00, run_after=2024-11-09T00:00:00+00:00
[2024-11-09T17:21:22.915+0000] {logging_mixin.py:137} INFO - [2024-11-09T17:21:22.915+0000] {dag.py:3441} INFO - Setting next_dagrun for example_branch_datetime_operator_2 to 2024-11-08T00:00:00+00:00, run_after=2024-11-09T00:00:00+00:00
[2024-11-09T17:21:22.917+0000] {logging_mixin.py:137} INFO - [2024-11-09T17:21:22.917+0000] {dag.py:3441} INFO - Setting next_dagrun for example_branch_datetime_operator_3 to 2024-11-08T00:00:00+00:00, run_after=2024-11-09T00:00:00+00:00
[2024-11-09T17:21:22.927+0000] {processor.py:175} INFO - Processing /home/airflow/.local/lib/python3.7/site-packages/airflow/example_dags/example_branch_datetime_operator.py took 0.063 seconds
[2024-11-09T17:21:53.844+0000] {processor.py:153} INFO - Started process (PID=239) to work on /home/airflow/.local/lib/python3.7/site-packages/airflow/example_dags/example_branch_datetime_operator.py
[2024-11-09T17:21:53.846+0000] {processor.py:743} INFO - Processing file /home/airflow/.local/lib/python3.7/site-packages/airflow/example_dags/example_branch_datetime_operator.py for tasks to queue
[2024-11-09T17:21:53.847+0000] {logging_mixin.py:137} INFO - [2024-11-09T17:21:53.847+0000] {dagbag.py:538} INFO - Filling up the DagBag from /home/airflow/.local/lib/python3.7/site-packages/airflow/example_dags/example_branch_datetime_operator.py
[2024-11-09T17:21:53.855+0000] {processor.py:753} INFO - DAG(s) dict_keys(['example_branch_datetime_operator_3', 'example_branch_datetime_operator_2', 'example_branch_datetime_operator']) retrieved from /home/airflow/.local/lib/python3.7/site-packages/airflow/example_dags/example_branch_datetime_operator.py
[2024-11-09T17:21:53.877+0000] {logging_mixin.py:137} INFO - [2024-11-09T17:21:53.877+0000] {dag.py:2690} INFO - Sync 3 DAGs
[2024-11-09T17:21:53.892+0000] {logging_mixin.py:137} INFO - [2024-11-09T17:21:53.892+0000] {dag.py:3441} INFO - Setting next_dagrun for example_branch_datetime_operator to 2024-11-08T00:00:00+00:00, run_after=2024-11-09T00:00:00+00:00
[2024-11-09T17:21:53.896+0000] {logging_mixin.py:137} INFO - [2024-11-09T17:21:53.896+0000] {dag.py:3441} INFO - Setting next_dagrun for example_branch_datetime_operator_2 to 2024-11-08T00:00:00+00:00, run_after=2024-11-09T00:00:00+00:00
[2024-11-09T17:21:53.898+0000] {logging_mixin.py:137} INFO - [2024-11-09T17:21:53.897+0000] {dag.py:3441} INFO - Setting next_dagrun for example_branch_datetime_operator_3 to 2024-11-08T00:00:00+00:00, run_after=2024-11-09T00:00:00+00:00
[2024-11-09T17:21:53.907+0000] {processor.py:175} INFO - Processing /home/airflow/.local/lib/python3.7/site-packages/airflow/example_dags/example_branch_datetime_operator.py took 0.065 seconds
[2024-11-09T17:22:24.705+0000] {processor.py:153} INFO - Started process (PID=317) to work on /home/airflow/.local/lib/python3.7/site-packages/airflow/example_dags/example_branch_datetime_operator.py
[2024-11-09T17:22:24.706+0000] {processor.py:743} INFO - Processing file /home/airflow/.local/lib/python3.7/site-packages/airflow/example_dags/example_branch_datetime_operator.py for tasks to queue
[2024-11-09T17:22:24.707+0000] {logging_mixin.py:137} INFO - [2024-11-09T17:22:24.707+0000] {dagbag.py:538} INFO - Filling up the DagBag from /home/airflow/.local/lib/python3.7/site-packages/airflow/example_dags/example_branch_datetime_operator.py
[2024-11-09T17:22:24.716+0000] {processor.py:753} INFO - DAG(s) dict_keys(['example_branch_datetime_operator_3', 'example_branch_datetime_operator_2', 'example_branch_datetime_operator']) retrieved from /home/airflow/.local/lib/python3.7/site-packages/airflow/example_dags/example_branch_datetime_operator.py
[2024-11-09T17:22:24.732+0000] {logging_mixin.py:137} INFO - [2024-11-09T17:22:24.732+0000] {dag.py:2690} INFO - Sync 3 DAGs
[2024-11-09T17:22:24.746+0000] {logging_mixin.py:137} INFO - [2024-11-09T17:22:24.746+0000] {dag.py:3441} INFO - Setting next_dagrun for example_branch_datetime_operator to 2024-11-08T00:00:00+00:00, run_after=2024-11-09T00:00:00+00:00
[2024-11-09T17:22:24.749+0000] {logging_mixin.py:137} INFO - [2024-11-09T17:22:24.749+0000] {dag.py:3441} INFO - Setting next_dagrun for example_branch_datetime_operator_2 to 2024-11-08T00:00:00+00:00, run_after=2024-11-09T00:00:00+00:00
[2024-11-09T17:22:24.750+0000] {logging_mixin.py:137} INFO - [2024-11-09T17:22:24.750+0000] {dag.py:3441} INFO - Setting next_dagrun for example_branch_datetime_operator_3 to 2024-11-08T00:00:00+00:00, run_after=2024-11-09T00:00:00+00:00
[2024-11-09T17:22:24.761+0000] {processor.py:175} INFO - Processing /home/airflow/.local/lib/python3.7/site-packages/airflow/example_dags/example_branch_datetime_operator.py took 0.057 seconds
[2024-11-09T17:22:55.678+0000] {processor.py:153} INFO - Started process (PID=404) to work on /home/airflow/.local/lib/python3.7/site-packages/airflow/example_dags/example_branch_datetime_operator.py
[2024-11-09T17:22:55.679+0000] {processor.py:743} INFO - Processing file /home/airflow/.local/lib/python3.7/site-packages/airflow/example_dags/example_branch_datetime_operator.py for tasks to queue
[2024-11-09T17:22:55.679+0000] {logging_mixin.py:137} INFO - [2024-11-09T17:22:55.679+0000] {dagbag.py:538} INFO - Filling up the DagBag from /home/airflow/.local/lib/python3.7/site-packages/airflow/example_dags/example_branch_datetime_operator.py
[2024-11-09T17:22:55.688+0000] {processor.py:753} INFO - DAG(s) dict_keys(['example_branch_datetime_operator', 'example_branch_datetime_operator_2', 'example_branch_datetime_operator_3']) retrieved from /home/airflow/.local/lib/python3.7/site-packages/airflow/example_dags/example_branch_datetime_operator.py
[2024-11-09T17:22:55.705+0000] {logging_mixin.py:137} INFO - [2024-11-09T17:22:55.704+0000] {dag.py:2690} INFO - Sync 3 DAGs
[2024-11-09T17:22:55.718+0000] {logging_mixin.py:137} INFO - [2024-11-09T17:22:55.718+0000] {dag.py:3441} INFO - Setting next_dagrun for example_branch_datetime_operator to 2024-11-08T00:00:00+00:00, run_after=2024-11-09T00:00:00+00:00
[2024-11-09T17:22:55.722+0000] {logging_mixin.py:137} INFO - [2024-11-09T17:22:55.721+0000] {dag.py:3441} INFO - Setting next_dagrun for example_branch_datetime_operator_2 to 2024-11-08T00:00:00+00:00, run_after=2024-11-09T00:00:00+00:00
[2024-11-09T17:22:55.723+0000] {logging_mixin.py:137} INFO - [2024-11-09T17:22:55.723+0000] {dag.py:3441} INFO - Setting next_dagrun for example_branch_datetime_operator_3 to 2024-11-08T00:00:00+00:00, run_after=2024-11-09T00:00:00+00:00
[2024-11-09T17:22:55.733+0000] {processor.py:175} INFO - Processing /home/airflow/.local/lib/python3.7/site-packages/airflow/example_dags/example_branch_datetime_operator.py took 0.057 seconds
[2024-11-09T17:23:26.543+0000] {processor.py:153} INFO - Started process (PID=491) to work on /home/airflow/.local/lib/python3.7/site-packages/airflow/example_dags/example_branch_datetime_operator.py
[2024-11-09T17:23:26.544+0000] {processor.py:743} INFO - Processing file /home/airflow/.local/lib/python3.7/site-packages/airflow/example_dags/example_branch_datetime_operator.py for tasks to queue
[2024-11-09T17:23:26.546+0000] {logging_mixin.py:137} INFO - [2024-11-09T17:23:26.545+0000] {dagbag.py:538} INFO - Filling up the DagBag from /home/airflow/.local/lib/python3.7/site-packages/airflow/example_dags/example_branch_datetime_operator.py
[2024-11-09T17:23:26.556+0000] {processor.py:753} INFO - DAG(s) dict_keys(['example_branch_datetime_operator_3', 'example_branch_datetime_operator_2', 'example_branch_datetime_operator']) retrieved from /home/airflow/.local/lib/python3.7/site-packages/airflow/example_dags/example_branch_datetime_operator.py
[2024-11-09T17:23:26.579+0000] {logging_mixin.py:137} INFO - [2024-11-09T17:23:26.578+0000] {dag.py:2690} INFO - Sync 3 DAGs
[2024-11-09T17:23:26.597+0000] {logging_mixin.py:137} INFO - [2024-11-09T17:23:26.597+0000] {dag.py:3441} INFO - Setting next_dagrun for example_branch_datetime_operator to 2024-11-08T00:00:00+00:00, run_after=2024-11-09T00:00:00+00:00
[2024-11-09T17:23:26.600+0000] {logging_mixin.py:137} INFO - [2024-11-09T17:23:26.600+0000] {dag.py:3441} INFO - Setting next_dagrun for example_branch_datetime_operator_2 to 2024-11-08T00:00:00+00:00, run_after=2024-11-09T00:00:00+00:00
[2024-11-09T17:23:26.603+0000] {logging_mixin.py:137} INFO - [2024-11-09T17:23:26.603+0000] {dag.py:3441} INFO - Setting next_dagrun for example_branch_datetime_operator_3 to 2024-11-08T00:00:00+00:00, run_after=2024-11-09T00:00:00+00:00
[2024-11-09T17:23:26.618+0000] {processor.py:175} INFO - Processing /home/airflow/.local/lib/python3.7/site-packages/airflow/example_dags/example_branch_datetime_operator.py took 0.077 seconds
[2024-11-09T17:28:54.108+0000] {processor.py:153} INFO - Started process (PID=72) to work on /home/airflow/.local/lib/python3.7/site-packages/airflow/example_dags/example_branch_datetime_operator.py
[2024-11-09T17:28:54.111+0000] {processor.py:743} INFO - Processing file /home/airflow/.local/lib/python3.7/site-packages/airflow/example_dags/example_branch_datetime_operator.py for tasks to queue
[2024-11-09T17:28:54.114+0000] {logging_mixin.py:137} INFO - [2024-11-09T17:28:54.114+0000] {dagbag.py:538} INFO - Filling up the DagBag from /home/airflow/.local/lib/python3.7/site-packages/airflow/example_dags/example_branch_datetime_operator.py
[2024-11-09T17:28:54.131+0000] {processor.py:753} INFO - DAG(s) dict_keys(['example_branch_datetime_operator', 'example_branch_datetime_operator_2', 'example_branch_datetime_operator_3']) retrieved from /home/airflow/.local/lib/python3.7/site-packages/airflow/example_dags/example_branch_datetime_operator.py
[2024-11-09T17:28:54.148+0000] {logging_mixin.py:137} INFO - [2024-11-09T17:28:54.148+0000] {dag.py:2690} INFO - Sync 3 DAGs
[2024-11-09T17:28:54.171+0000] {logging_mixin.py:137} INFO - [2024-11-09T17:28:54.170+0000] {dag.py:3441} INFO - Setting next_dagrun for example_branch_datetime_operator to 2024-11-08T00:00:00+00:00, run_after=2024-11-09T00:00:00+00:00
[2024-11-09T17:28:54.177+0000] {logging_mixin.py:137} INFO - [2024-11-09T17:28:54.177+0000] {dag.py:3441} INFO - Setting next_dagrun for example_branch_datetime_operator_2 to 2024-11-08T00:00:00+00:00, run_after=2024-11-09T00:00:00+00:00
[2024-11-09T17:28:54.180+0000] {logging_mixin.py:137} INFO - [2024-11-09T17:28:54.180+0000] {dag.py:3441} INFO - Setting next_dagrun for example_branch_datetime_operator_3 to 2024-11-08T00:00:00+00:00, run_after=2024-11-09T00:00:00+00:00
[2024-11-09T17:28:54.193+0000] {processor.py:175} INFO - Processing /home/airflow/.local/lib/python3.7/site-packages/airflow/example_dags/example_branch_datetime_operator.py took 0.087 seconds
[2024-11-09T17:29:24.900+0000] {processor.py:153} INFO - Started process (PID=159) to work on /home/airflow/.local/lib/python3.7/site-packages/airflow/example_dags/example_branch_datetime_operator.py
[2024-11-09T17:29:24.901+0000] {processor.py:743} INFO - Processing file /home/airflow/.local/lib/python3.7/site-packages/airflow/example_dags/example_branch_datetime_operator.py for tasks to queue
[2024-11-09T17:29:24.902+0000] {logging_mixin.py:137} INFO - [2024-11-09T17:29:24.902+0000] {dagbag.py:538} INFO - Filling up the DagBag from /home/airflow/.local/lib/python3.7/site-packages/airflow/example_dags/example_branch_datetime_operator.py
[2024-11-09T17:29:24.917+0000] {processor.py:753} INFO - DAG(s) dict_keys(['example_branch_datetime_operator', 'example_branch_datetime_operator_2', 'example_branch_datetime_operator_3']) retrieved from /home/airflow/.local/lib/python3.7/site-packages/airflow/example_dags/example_branch_datetime_operator.py
[2024-11-09T17:29:24.945+0000] {logging_mixin.py:137} INFO - [2024-11-09T17:29:24.945+0000] {dag.py:2690} INFO - Sync 3 DAGs
[2024-11-09T17:29:24.961+0000] {logging_mixin.py:137} INFO - [2024-11-09T17:29:24.961+0000] {dag.py:3441} INFO - Setting next_dagrun for example_branch_datetime_operator to 2024-11-08T00:00:00+00:00, run_after=2024-11-09T00:00:00+00:00
[2024-11-09T17:29:24.964+0000] {logging_mixin.py:137} INFO - [2024-11-09T17:29:24.964+0000] {dag.py:3441} INFO - Setting next_dagrun for example_branch_datetime_operator_2 to 2024-11-08T00:00:00+00:00, run_after=2024-11-09T00:00:00+00:00
[2024-11-09T17:29:24.966+0000] {logging_mixin.py:137} INFO - [2024-11-09T17:29:24.966+0000] {dag.py:3441} INFO - Setting next_dagrun for example_branch_datetime_operator_3 to 2024-11-08T00:00:00+00:00, run_after=2024-11-09T00:00:00+00:00
[2024-11-09T17:29:24.978+0000] {processor.py:175} INFO - Processing /home/airflow/.local/lib/python3.7/site-packages/airflow/example_dags/example_branch_datetime_operator.py took 0.080 seconds
[2024-11-09T17:29:55.852+0000] {processor.py:153} INFO - Started process (PID=237) to work on /home/airflow/.local/lib/python3.7/site-packages/airflow/example_dags/example_branch_datetime_operator.py
[2024-11-09T17:29:55.855+0000] {processor.py:743} INFO - Processing file /home/airflow/.local/lib/python3.7/site-packages/airflow/example_dags/example_branch_datetime_operator.py for tasks to queue
[2024-11-09T17:29:55.856+0000] {logging_mixin.py:137} INFO - [2024-11-09T17:29:55.856+0000] {dagbag.py:538} INFO - Filling up the DagBag from /home/airflow/.local/lib/python3.7/site-packages/airflow/example_dags/example_branch_datetime_operator.py
[2024-11-09T17:29:55.866+0000] {processor.py:753} INFO - DAG(s) dict_keys(['example_branch_datetime_operator_3', 'example_branch_datetime_operator_2', 'example_branch_datetime_operator']) retrieved from /home/airflow/.local/lib/python3.7/site-packages/airflow/example_dags/example_branch_datetime_operator.py
[2024-11-09T17:29:55.891+0000] {logging_mixin.py:137} INFO - [2024-11-09T17:29:55.891+0000] {dag.py:2690} INFO - Sync 3 DAGs
[2024-11-09T17:29:55.910+0000] {logging_mixin.py:137} INFO - [2024-11-09T17:29:55.910+0000] {dag.py:3441} INFO - Setting next_dagrun for example_branch_datetime_operator to 2024-11-08T00:00:00+00:00, run_after=2024-11-09T00:00:00+00:00
[2024-11-09T17:29:55.912+0000] {logging_mixin.py:137} INFO - [2024-11-09T17:29:55.912+0000] {dag.py:3441} INFO - Setting next_dagrun for example_branch_datetime_operator_2 to 2024-11-08T00:00:00+00:00, run_after=2024-11-09T00:00:00+00:00
[2024-11-09T17:29:55.914+0000] {logging_mixin.py:137} INFO - [2024-11-09T17:29:55.914+0000] {dag.py:3441} INFO - Setting next_dagrun for example_branch_datetime_operator_3 to 2024-11-08T00:00:00+00:00, run_after=2024-11-09T00:00:00+00:00
[2024-11-09T17:29:55.928+0000] {processor.py:175} INFO - Processing /home/airflow/.local/lib/python3.7/site-packages/airflow/example_dags/example_branch_datetime_operator.py took 0.078 seconds
[2024-11-09T17:30:15.178+0000] {processor.py:153} INFO - Started process (PID=72) to work on /home/airflow/.local/lib/python3.7/site-packages/airflow/example_dags/example_branch_datetime_operator.py
[2024-11-09T17:30:15.180+0000] {processor.py:743} INFO - Processing file /home/airflow/.local/lib/python3.7/site-packages/airflow/example_dags/example_branch_datetime_operator.py for tasks to queue
[2024-11-09T17:30:15.181+0000] {logging_mixin.py:137} INFO - [2024-11-09T17:30:15.181+0000] {dagbag.py:538} INFO - Filling up the DagBag from /home/airflow/.local/lib/python3.7/site-packages/airflow/example_dags/example_branch_datetime_operator.py
[2024-11-09T17:30:15.194+0000] {processor.py:753} INFO - DAG(s) dict_keys(['example_branch_datetime_operator_3', 'example_branch_datetime_operator_2', 'example_branch_datetime_operator']) retrieved from /home/airflow/.local/lib/python3.7/site-packages/airflow/example_dags/example_branch_datetime_operator.py
[2024-11-09T17:30:15.210+0000] {logging_mixin.py:137} INFO - [2024-11-09T17:30:15.210+0000] {dag.py:2690} INFO - Sync 3 DAGs
[2024-11-09T17:30:15.229+0000] {logging_mixin.py:137} INFO - [2024-11-09T17:30:15.229+0000] {dag.py:3441} INFO - Setting next_dagrun for example_branch_datetime_operator to 2024-11-08T00:00:00+00:00, run_after=2024-11-09T00:00:00+00:00
[2024-11-09T17:30:15.232+0000] {logging_mixin.py:137} INFO - [2024-11-09T17:30:15.232+0000] {dag.py:3441} INFO - Setting next_dagrun for example_branch_datetime_operator_2 to 2024-11-08T00:00:00+00:00, run_after=2024-11-09T00:00:00+00:00
[2024-11-09T17:30:15.234+0000] {logging_mixin.py:137} INFO - [2024-11-09T17:30:15.234+0000] {dag.py:3441} INFO - Setting next_dagrun for example_branch_datetime_operator_3 to 2024-11-08T00:00:00+00:00, run_after=2024-11-09T00:00:00+00:00
[2024-11-09T17:30:15.246+0000] {processor.py:175} INFO - Processing /home/airflow/.local/lib/python3.7/site-packages/airflow/example_dags/example_branch_datetime_operator.py took 0.071 seconds
[2024-11-09T17:30:45.825+0000] {processor.py:153} INFO - Started process (PID=159) to work on /home/airflow/.local/lib/python3.7/site-packages/airflow/example_dags/example_branch_datetime_operator.py
[2024-11-09T17:30:45.826+0000] {processor.py:743} INFO - Processing file /home/airflow/.local/lib/python3.7/site-packages/airflow/example_dags/example_branch_datetime_operator.py for tasks to queue
[2024-11-09T17:30:45.828+0000] {logging_mixin.py:137} INFO - [2024-11-09T17:30:45.828+0000] {dagbag.py:538} INFO - Filling up the DagBag from /home/airflow/.local/lib/python3.7/site-packages/airflow/example_dags/example_branch_datetime_operator.py
[2024-11-09T17:30:45.837+0000] {processor.py:753} INFO - DAG(s) dict_keys(['example_branch_datetime_operator_2', 'example_branch_datetime_operator', 'example_branch_datetime_operator_3']) retrieved from /home/airflow/.local/lib/python3.7/site-packages/airflow/example_dags/example_branch_datetime_operator.py
[2024-11-09T17:30:45.855+0000] {logging_mixin.py:137} INFO - [2024-11-09T17:30:45.855+0000] {dag.py:2690} INFO - Sync 3 DAGs
[2024-11-09T17:30:45.869+0000] {logging_mixin.py:137} INFO - [2024-11-09T17:30:45.869+0000] {dag.py:3441} INFO - Setting next_dagrun for example_branch_datetime_operator to 2024-11-08T00:00:00+00:00, run_after=2024-11-09T00:00:00+00:00
[2024-11-09T17:30:45.871+0000] {logging_mixin.py:137} INFO - [2024-11-09T17:30:45.871+0000] {dag.py:3441} INFO - Setting next_dagrun for example_branch_datetime_operator_2 to 2024-11-08T00:00:00+00:00, run_after=2024-11-09T00:00:00+00:00
[2024-11-09T17:30:45.872+0000] {logging_mixin.py:137} INFO - [2024-11-09T17:30:45.872+0000] {dag.py:3441} INFO - Setting next_dagrun for example_branch_datetime_operator_3 to 2024-11-08T00:00:00+00:00, run_after=2024-11-09T00:00:00+00:00
[2024-11-09T17:30:45.880+0000] {processor.py:175} INFO - Processing /home/airflow/.local/lib/python3.7/site-packages/airflow/example_dags/example_branch_datetime_operator.py took 0.057 seconds
[2024-11-09T17:31:16.505+0000] {processor.py:153} INFO - Started process (PID=230) to work on /home/airflow/.local/lib/python3.7/site-packages/airflow/example_dags/example_branch_datetime_operator.py
[2024-11-09T17:31:16.508+0000] {processor.py:743} INFO - Processing file /home/airflow/.local/lib/python3.7/site-packages/airflow/example_dags/example_branch_datetime_operator.py for tasks to queue
[2024-11-09T17:31:16.508+0000] {logging_mixin.py:137} INFO - [2024-11-09T17:31:16.508+0000] {dagbag.py:538} INFO - Filling up the DagBag from /home/airflow/.local/lib/python3.7/site-packages/airflow/example_dags/example_branch_datetime_operator.py
[2024-11-09T17:31:16.516+0000] {processor.py:753} INFO - DAG(s) dict_keys(['example_branch_datetime_operator_3', 'example_branch_datetime_operator_2', 'example_branch_datetime_operator']) retrieved from /home/airflow/.local/lib/python3.7/site-packages/airflow/example_dags/example_branch_datetime_operator.py
[2024-11-09T17:31:16.534+0000] {logging_mixin.py:137} INFO - [2024-11-09T17:31:16.534+0000] {dag.py:2690} INFO - Sync 3 DAGs
[2024-11-09T17:31:16.565+0000] {logging_mixin.py:137} INFO - [2024-11-09T17:31:16.565+0000] {dag.py:3441} INFO - Setting next_dagrun for example_branch_datetime_operator to 2024-11-08T00:00:00+00:00, run_after=2024-11-09T00:00:00+00:00
[2024-11-09T17:31:16.567+0000] {logging_mixin.py:137} INFO - [2024-11-09T17:31:16.567+0000] {dag.py:3441} INFO - Setting next_dagrun for example_branch_datetime_operator_2 to 2024-11-08T00:00:00+00:00, run_after=2024-11-09T00:00:00+00:00
[2024-11-09T17:31:16.572+0000] {logging_mixin.py:137} INFO - [2024-11-09T17:31:16.572+0000] {dag.py:3441} INFO - Setting next_dagrun for example_branch_datetime_operator_3 to 2024-11-08T00:00:00+00:00, run_after=2024-11-09T00:00:00+00:00
[2024-11-09T17:31:16.580+0000] {processor.py:175} INFO - Processing /home/airflow/.local/lib/python3.7/site-packages/airflow/example_dags/example_branch_datetime_operator.py took 0.077 seconds
[2024-11-09T17:31:47.160+0000] {processor.py:153} INFO - Started process (PID=317) to work on /home/airflow/.local/lib/python3.7/site-packages/airflow/example_dags/example_branch_datetime_operator.py
[2024-11-09T17:31:47.161+0000] {processor.py:743} INFO - Processing file /home/airflow/.local/lib/python3.7/site-packages/airflow/example_dags/example_branch_datetime_operator.py for tasks to queue
[2024-11-09T17:31:47.161+0000] {logging_mixin.py:137} INFO - [2024-11-09T17:31:47.161+0000] {dagbag.py:538} INFO - Filling up the DagBag from /home/airflow/.local/lib/python3.7/site-packages/airflow/example_dags/example_branch_datetime_operator.py
[2024-11-09T17:31:47.170+0000] {processor.py:753} INFO - DAG(s) dict_keys(['example_branch_datetime_operator_2', 'example_branch_datetime_operator_3', 'example_branch_datetime_operator']) retrieved from /home/airflow/.local/lib/python3.7/site-packages/airflow/example_dags/example_branch_datetime_operator.py
[2024-11-09T17:31:47.190+0000] {logging_mixin.py:137} INFO - [2024-11-09T17:31:47.190+0000] {dag.py:2690} INFO - Sync 3 DAGs
[2024-11-09T17:31:47.204+0000] {logging_mixin.py:137} INFO - [2024-11-09T17:31:47.204+0000] {dag.py:3441} INFO - Setting next_dagrun for example_branch_datetime_operator to 2024-11-08T00:00:00+00:00, run_after=2024-11-09T00:00:00+00:00
[2024-11-09T17:31:47.207+0000] {logging_mixin.py:137} INFO - [2024-11-09T17:31:47.207+0000] {dag.py:3441} INFO - Setting next_dagrun for example_branch_datetime_operator_2 to 2024-11-08T00:00:00+00:00, run_after=2024-11-09T00:00:00+00:00
[2024-11-09T17:31:47.208+0000] {logging_mixin.py:137} INFO - [2024-11-09T17:31:47.208+0000] {dag.py:3441} INFO - Setting next_dagrun for example_branch_datetime_operator_3 to 2024-11-08T00:00:00+00:00, run_after=2024-11-09T00:00:00+00:00
[2024-11-09T17:31:47.220+0000] {processor.py:175} INFO - Processing /home/airflow/.local/lib/python3.7/site-packages/airflow/example_dags/example_branch_datetime_operator.py took 0.062 seconds
[2024-11-09T17:32:17.770+0000] {processor.py:153} INFO - Started process (PID=404) to work on /home/airflow/.local/lib/python3.7/site-packages/airflow/example_dags/example_branch_datetime_operator.py
[2024-11-09T17:32:17.771+0000] {processor.py:743} INFO - Processing file /home/airflow/.local/lib/python3.7/site-packages/airflow/example_dags/example_branch_datetime_operator.py for tasks to queue
[2024-11-09T17:32:17.772+0000] {logging_mixin.py:137} INFO - [2024-11-09T17:32:17.772+0000] {dagbag.py:538} INFO - Filling up the DagBag from /home/airflow/.local/lib/python3.7/site-packages/airflow/example_dags/example_branch_datetime_operator.py
[2024-11-09T17:32:17.783+0000] {processor.py:753} INFO - DAG(s) dict_keys(['example_branch_datetime_operator_2', 'example_branch_datetime_operator_3', 'example_branch_datetime_operator']) retrieved from /home/airflow/.local/lib/python3.7/site-packages/airflow/example_dags/example_branch_datetime_operator.py
[2024-11-09T17:32:17.804+0000] {logging_mixin.py:137} INFO - [2024-11-09T17:32:17.804+0000] {dag.py:2690} INFO - Sync 3 DAGs
[2024-11-09T17:32:17.820+0000] {logging_mixin.py:137} INFO - [2024-11-09T17:32:17.820+0000] {dag.py:3441} INFO - Setting next_dagrun for example_branch_datetime_operator to 2024-11-08T00:00:00+00:00, run_after=2024-11-09T00:00:00+00:00
[2024-11-09T17:32:17.823+0000] {logging_mixin.py:137} INFO - [2024-11-09T17:32:17.823+0000] {dag.py:3441} INFO - Setting next_dagrun for example_branch_datetime_operator_2 to 2024-11-08T00:00:00+00:00, run_after=2024-11-09T00:00:00+00:00
[2024-11-09T17:32:17.824+0000] {logging_mixin.py:137} INFO - [2024-11-09T17:32:17.824+0000] {dag.py:3441} INFO - Setting next_dagrun for example_branch_datetime_operator_3 to 2024-11-08T00:00:00+00:00, run_after=2024-11-09T00:00:00+00:00
[2024-11-09T17:32:17.833+0000] {processor.py:175} INFO - Processing /home/airflow/.local/lib/python3.7/site-packages/airflow/example_dags/example_branch_datetime_operator.py took 0.065 seconds
[2024-11-09T17:32:48.446+0000] {processor.py:153} INFO - Started process (PID=482) to work on /home/airflow/.local/lib/python3.7/site-packages/airflow/example_dags/example_branch_datetime_operator.py
[2024-11-09T17:32:48.446+0000] {processor.py:743} INFO - Processing file /home/airflow/.local/lib/python3.7/site-packages/airflow/example_dags/example_branch_datetime_operator.py for tasks to queue
[2024-11-09T17:32:48.447+0000] {logging_mixin.py:137} INFO - [2024-11-09T17:32:48.447+0000] {dagbag.py:538} INFO - Filling up the DagBag from /home/airflow/.local/lib/python3.7/site-packages/airflow/example_dags/example_branch_datetime_operator.py
[2024-11-09T17:32:48.457+0000] {processor.py:753} INFO - DAG(s) dict_keys(['example_branch_datetime_operator_2', 'example_branch_datetime_operator', 'example_branch_datetime_operator_3']) retrieved from /home/airflow/.local/lib/python3.7/site-packages/airflow/example_dags/example_branch_datetime_operator.py
[2024-11-09T17:32:48.485+0000] {logging_mixin.py:137} INFO - [2024-11-09T17:32:48.485+0000] {dag.py:2690} INFO - Sync 3 DAGs
[2024-11-09T17:32:48.502+0000] {logging_mixin.py:137} INFO - [2024-11-09T17:32:48.502+0000] {dag.py:3441} INFO - Setting next_dagrun for example_branch_datetime_operator to 2024-11-08T00:00:00+00:00, run_after=2024-11-09T00:00:00+00:00
[2024-11-09T17:32:48.505+0000] {logging_mixin.py:137} INFO - [2024-11-09T17:32:48.505+0000] {dag.py:3441} INFO - Setting next_dagrun for example_branch_datetime_operator_2 to 2024-11-08T00:00:00+00:00, run_after=2024-11-09T00:00:00+00:00
[2024-11-09T17:32:48.507+0000] {logging_mixin.py:137} INFO - [2024-11-09T17:32:48.507+0000] {dag.py:3441} INFO - Setting next_dagrun for example_branch_datetime_operator_3 to 2024-11-08T00:00:00+00:00, run_after=2024-11-09T00:00:00+00:00
[2024-11-09T17:32:48.517+0000] {processor.py:175} INFO - Processing /home/airflow/.local/lib/python3.7/site-packages/airflow/example_dags/example_branch_datetime_operator.py took 0.074 seconds
