[2024-11-09T17:10:05.476+0000] {processor.py:153} INFO - Started process (PID=39) to work on /home/airflow/.local/lib/python3.7/site-packages/airflow/example_dags/example_branch_operator.py
[2024-11-09T17:10:05.477+0000] {processor.py:743} INFO - Processing file /home/airflow/.local/lib/python3.7/site-packages/airflow/example_dags/example_branch_operator.py for tasks to queue
[2024-11-09T17:10:05.478+0000] {logging_mixin.py:137} INFO - [2024-11-09T17:10:05.478+0000] {dagbag.py:538} INFO - Filling up the DagBag from /home/airflow/.local/lib/python3.7/site-packages/airflow/example_dags/example_branch_operator.py
[2024-11-09T17:10:05.488+0000] {processor.py:753} INFO - DAG(s) dict_keys(['example_branch_operator']) retrieved from /home/airflow/.local/lib/python3.7/site-packages/airflow/example_dags/example_branch_operator.py
[2024-11-09T17:10:05.508+0000] {logging_mixin.py:137} INFO - [2024-11-09T17:10:05.508+0000] {dag.py:2690} INFO - Sync 1 DAGs
[2024-11-09T17:10:05.528+0000] {logging_mixin.py:137} INFO - [2024-11-09T17:10:05.528+0000] {dag.py:3441} INFO - Setting next_dagrun for example_branch_operator to 2024-11-09T00:00:00+00:00, run_after=2024-11-10T00:00:00+00:00
[2024-11-09T17:10:05.545+0000] {processor.py:175} INFO - Processing /home/airflow/.local/lib/python3.7/site-packages/airflow/example_dags/example_branch_operator.py took 0.073 seconds
[2024-11-09T17:10:36.384+0000] {processor.py:153} INFO - Started process (PID=135) to work on /home/airflow/.local/lib/python3.7/site-packages/airflow/example_dags/example_branch_operator.py
[2024-11-09T17:10:36.386+0000] {processor.py:743} INFO - Processing file /home/airflow/.local/lib/python3.7/site-packages/airflow/example_dags/example_branch_operator.py for tasks to queue
[2024-11-09T17:10:36.386+0000] {logging_mixin.py:137} INFO - [2024-11-09T17:10:36.386+0000] {dagbag.py:538} INFO - Filling up the DagBag from /home/airflow/.local/lib/python3.7/site-packages/airflow/example_dags/example_branch_operator.py
[2024-11-09T17:10:36.399+0000] {processor.py:753} INFO - DAG(s) dict_keys(['example_branch_operator']) retrieved from /home/airflow/.local/lib/python3.7/site-packages/airflow/example_dags/example_branch_operator.py
[2024-11-09T17:10:36.415+0000] {logging_mixin.py:137} INFO - [2024-11-09T17:10:36.415+0000] {dag.py:2690} INFO - Sync 1 DAGs
[2024-11-09T17:10:36.430+0000] {logging_mixin.py:137} INFO - [2024-11-09T17:10:36.430+0000] {dag.py:3441} INFO - Setting next_dagrun for example_branch_operator to 2024-11-09T00:00:00+00:00, run_after=2024-11-10T00:00:00+00:00
[2024-11-09T17:10:36.442+0000] {processor.py:175} INFO - Processing /home/airflow/.local/lib/python3.7/site-packages/airflow/example_dags/example_branch_operator.py took 0.061 seconds
[2024-11-09T17:11:07.032+0000] {processor.py:153} INFO - Started process (PID=206) to work on /home/airflow/.local/lib/python3.7/site-packages/airflow/example_dags/example_branch_operator.py
[2024-11-09T17:11:07.033+0000] {processor.py:743} INFO - Processing file /home/airflow/.local/lib/python3.7/site-packages/airflow/example_dags/example_branch_operator.py for tasks to queue
[2024-11-09T17:11:07.033+0000] {logging_mixin.py:137} INFO - [2024-11-09T17:11:07.033+0000] {dagbag.py:538} INFO - Filling up the DagBag from /home/airflow/.local/lib/python3.7/site-packages/airflow/example_dags/example_branch_operator.py
[2024-11-09T17:11:07.043+0000] {processor.py:753} INFO - DAG(s) dict_keys(['example_branch_operator']) retrieved from /home/airflow/.local/lib/python3.7/site-packages/airflow/example_dags/example_branch_operator.py
[2024-11-09T17:11:07.059+0000] {logging_mixin.py:137} INFO - [2024-11-09T17:11:07.059+0000] {dag.py:2690} INFO - Sync 1 DAGs
[2024-11-09T17:11:07.075+0000] {logging_mixin.py:137} INFO - [2024-11-09T17:11:07.075+0000] {dag.py:3441} INFO - Setting next_dagrun for example_branch_operator to 2024-11-09T00:00:00+00:00, run_after=2024-11-10T00:00:00+00:00
[2024-11-09T17:11:07.086+0000] {processor.py:175} INFO - Processing /home/airflow/.local/lib/python3.7/site-packages/airflow/example_dags/example_branch_operator.py took 0.057 seconds
[2024-11-09T17:11:37.901+0000] {processor.py:153} INFO - Started process (PID=293) to work on /home/airflow/.local/lib/python3.7/site-packages/airflow/example_dags/example_branch_operator.py
[2024-11-09T17:11:37.901+0000] {processor.py:743} INFO - Processing file /home/airflow/.local/lib/python3.7/site-packages/airflow/example_dags/example_branch_operator.py for tasks to queue
[2024-11-09T17:11:37.902+0000] {logging_mixin.py:137} INFO - [2024-11-09T17:11:37.902+0000] {dagbag.py:538} INFO - Filling up the DagBag from /home/airflow/.local/lib/python3.7/site-packages/airflow/example_dags/example_branch_operator.py
[2024-11-09T17:11:37.911+0000] {processor.py:753} INFO - DAG(s) dict_keys(['example_branch_operator']) retrieved from /home/airflow/.local/lib/python3.7/site-packages/airflow/example_dags/example_branch_operator.py
[2024-11-09T17:11:37.931+0000] {logging_mixin.py:137} INFO - [2024-11-09T17:11:37.931+0000] {dag.py:2690} INFO - Sync 1 DAGs
[2024-11-09T17:11:37.947+0000] {logging_mixin.py:137} INFO - [2024-11-09T17:11:37.947+0000] {dag.py:3441} INFO - Setting next_dagrun for example_branch_operator to 2024-11-09T00:00:00+00:00, run_after=2024-11-10T00:00:00+00:00
[2024-11-09T17:11:37.963+0000] {processor.py:175} INFO - Processing /home/airflow/.local/lib/python3.7/site-packages/airflow/example_dags/example_branch_operator.py took 0.064 seconds
[2024-11-09T17:12:08.617+0000] {processor.py:153} INFO - Started process (PID=380) to work on /home/airflow/.local/lib/python3.7/site-packages/airflow/example_dags/example_branch_operator.py
[2024-11-09T17:12:08.617+0000] {processor.py:743} INFO - Processing file /home/airflow/.local/lib/python3.7/site-packages/airflow/example_dags/example_branch_operator.py for tasks to queue
[2024-11-09T17:12:08.618+0000] {logging_mixin.py:137} INFO - [2024-11-09T17:12:08.618+0000] {dagbag.py:538} INFO - Filling up the DagBag from /home/airflow/.local/lib/python3.7/site-packages/airflow/example_dags/example_branch_operator.py
[2024-11-09T17:12:08.626+0000] {processor.py:753} INFO - DAG(s) dict_keys(['example_branch_operator']) retrieved from /home/airflow/.local/lib/python3.7/site-packages/airflow/example_dags/example_branch_operator.py
[2024-11-09T17:12:08.643+0000] {logging_mixin.py:137} INFO - [2024-11-09T17:12:08.643+0000] {dag.py:2690} INFO - Sync 1 DAGs
[2024-11-09T17:12:08.661+0000] {logging_mixin.py:137} INFO - [2024-11-09T17:12:08.661+0000] {dag.py:3441} INFO - Setting next_dagrun for example_branch_operator to 2024-11-09T00:00:00+00:00, run_after=2024-11-10T00:00:00+00:00
[2024-11-09T17:12:08.675+0000] {processor.py:175} INFO - Processing /home/airflow/.local/lib/python3.7/site-packages/airflow/example_dags/example_branch_operator.py took 0.060 seconds
[2024-11-09T17:12:39.207+0000] {processor.py:153} INFO - Started process (PID=467) to work on /home/airflow/.local/lib/python3.7/site-packages/airflow/example_dags/example_branch_operator.py
[2024-11-09T17:12:39.208+0000] {processor.py:743} INFO - Processing file /home/airflow/.local/lib/python3.7/site-packages/airflow/example_dags/example_branch_operator.py for tasks to queue
[2024-11-09T17:12:39.208+0000] {logging_mixin.py:137} INFO - [2024-11-09T17:12:39.208+0000] {dagbag.py:538} INFO - Filling up the DagBag from /home/airflow/.local/lib/python3.7/site-packages/airflow/example_dags/example_branch_operator.py
[2024-11-09T17:12:39.216+0000] {processor.py:753} INFO - DAG(s) dict_keys(['example_branch_operator']) retrieved from /home/airflow/.local/lib/python3.7/site-packages/airflow/example_dags/example_branch_operator.py
[2024-11-09T17:12:39.229+0000] {logging_mixin.py:137} INFO - [2024-11-09T17:12:39.229+0000] {dag.py:2690} INFO - Sync 1 DAGs
[2024-11-09T17:12:39.242+0000] {logging_mixin.py:137} INFO - [2024-11-09T17:12:39.241+0000] {dag.py:3441} INFO - Setting next_dagrun for example_branch_operator to 2024-11-09T00:00:00+00:00, run_after=2024-11-10T00:00:00+00:00
[2024-11-09T17:12:39.250+0000] {processor.py:175} INFO - Processing /home/airflow/.local/lib/python3.7/site-packages/airflow/example_dags/example_branch_operator.py took 0.044 seconds
[2024-11-09T17:13:09.876+0000] {processor.py:153} INFO - Started process (PID=538) to work on /home/airflow/.local/lib/python3.7/site-packages/airflow/example_dags/example_branch_operator.py
[2024-11-09T17:13:09.876+0000] {processor.py:743} INFO - Processing file /home/airflow/.local/lib/python3.7/site-packages/airflow/example_dags/example_branch_operator.py for tasks to queue
[2024-11-09T17:13:09.877+0000] {logging_mixin.py:137} INFO - [2024-11-09T17:13:09.877+0000] {dagbag.py:538} INFO - Filling up the DagBag from /home/airflow/.local/lib/python3.7/site-packages/airflow/example_dags/example_branch_operator.py
[2024-11-09T17:13:09.884+0000] {processor.py:753} INFO - DAG(s) dict_keys(['example_branch_operator']) retrieved from /home/airflow/.local/lib/python3.7/site-packages/airflow/example_dags/example_branch_operator.py
[2024-11-09T17:13:09.899+0000] {logging_mixin.py:137} INFO - [2024-11-09T17:13:09.899+0000] {dag.py:2690} INFO - Sync 1 DAGs
[2024-11-09T17:13:09.912+0000] {logging_mixin.py:137} INFO - [2024-11-09T17:13:09.912+0000] {dag.py:3441} INFO - Setting next_dagrun for example_branch_operator to 2024-11-09T00:00:00+00:00, run_after=2024-11-10T00:00:00+00:00
[2024-11-09T17:13:09.922+0000] {processor.py:175} INFO - Processing /home/airflow/.local/lib/python3.7/site-packages/airflow/example_dags/example_branch_operator.py took 0.048 seconds
[2024-11-09T17:13:40.898+0000] {processor.py:153} INFO - Started process (PID=625) to work on /home/airflow/.local/lib/python3.7/site-packages/airflow/example_dags/example_branch_operator.py
[2024-11-09T17:13:40.898+0000] {processor.py:743} INFO - Processing file /home/airflow/.local/lib/python3.7/site-packages/airflow/example_dags/example_branch_operator.py for tasks to queue
[2024-11-09T17:13:40.899+0000] {logging_mixin.py:137} INFO - [2024-11-09T17:13:40.899+0000] {dagbag.py:538} INFO - Filling up the DagBag from /home/airflow/.local/lib/python3.7/site-packages/airflow/example_dags/example_branch_operator.py
[2024-11-09T17:13:40.910+0000] {processor.py:753} INFO - DAG(s) dict_keys(['example_branch_operator']) retrieved from /home/airflow/.local/lib/python3.7/site-packages/airflow/example_dags/example_branch_operator.py
[2024-11-09T17:13:40.939+0000] {logging_mixin.py:137} INFO - [2024-11-09T17:13:40.938+0000] {dag.py:2690} INFO - Sync 1 DAGs
[2024-11-09T17:13:41.013+0000] {logging_mixin.py:137} INFO - [2024-11-09T17:13:41.013+0000] {dag.py:3441} INFO - Setting next_dagrun for example_branch_operator to 2024-11-09T00:00:00+00:00, run_after=2024-11-10T00:00:00+00:00
[2024-11-09T17:13:41.059+0000] {processor.py:175} INFO - Processing /home/airflow/.local/lib/python3.7/site-packages/airflow/example_dags/example_branch_operator.py took 0.165 seconds
[2024-11-09T17:14:11.885+0000] {processor.py:153} INFO - Started process (PID=712) to work on /home/airflow/.local/lib/python3.7/site-packages/airflow/example_dags/example_branch_operator.py
[2024-11-09T17:14:11.886+0000] {processor.py:743} INFO - Processing file /home/airflow/.local/lib/python3.7/site-packages/airflow/example_dags/example_branch_operator.py for tasks to queue
[2024-11-09T17:14:11.886+0000] {logging_mixin.py:137} INFO - [2024-11-09T17:14:11.886+0000] {dagbag.py:538} INFO - Filling up the DagBag from /home/airflow/.local/lib/python3.7/site-packages/airflow/example_dags/example_branch_operator.py
[2024-11-09T17:14:11.899+0000] {processor.py:753} INFO - DAG(s) dict_keys(['example_branch_operator']) retrieved from /home/airflow/.local/lib/python3.7/site-packages/airflow/example_dags/example_branch_operator.py
[2024-11-09T17:14:11.913+0000] {logging_mixin.py:137} INFO - [2024-11-09T17:14:11.913+0000] {dag.py:2690} INFO - Sync 1 DAGs
[2024-11-09T17:14:11.932+0000] {logging_mixin.py:137} INFO - [2024-11-09T17:14:11.932+0000] {dag.py:3441} INFO - Setting next_dagrun for example_branch_operator to 2024-11-09T00:00:00+00:00, run_after=2024-11-10T00:00:00+00:00
[2024-11-09T17:14:11.946+0000] {processor.py:175} INFO - Processing /home/airflow/.local/lib/python3.7/site-packages/airflow/example_dags/example_branch_operator.py took 0.063 seconds
[2024-11-09T17:14:42.714+0000] {processor.py:153} INFO - Started process (PID=783) to work on /home/airflow/.local/lib/python3.7/site-packages/airflow/example_dags/example_branch_operator.py
[2024-11-09T17:14:42.714+0000] {processor.py:743} INFO - Processing file /home/airflow/.local/lib/python3.7/site-packages/airflow/example_dags/example_branch_operator.py for tasks to queue
[2024-11-09T17:14:42.715+0000] {logging_mixin.py:137} INFO - [2024-11-09T17:14:42.715+0000] {dagbag.py:538} INFO - Filling up the DagBag from /home/airflow/.local/lib/python3.7/site-packages/airflow/example_dags/example_branch_operator.py
[2024-11-09T17:14:42.725+0000] {processor.py:753} INFO - DAG(s) dict_keys(['example_branch_operator']) retrieved from /home/airflow/.local/lib/python3.7/site-packages/airflow/example_dags/example_branch_operator.py
[2024-11-09T17:14:42.740+0000] {logging_mixin.py:137} INFO - [2024-11-09T17:14:42.739+0000] {dag.py:2690} INFO - Sync 1 DAGs
[2024-11-09T17:14:42.754+0000] {logging_mixin.py:137} INFO - [2024-11-09T17:14:42.754+0000] {dag.py:3441} INFO - Setting next_dagrun for example_branch_operator to 2024-11-09T00:00:00+00:00, run_after=2024-11-10T00:00:00+00:00
[2024-11-09T17:14:42.763+0000] {processor.py:175} INFO - Processing /home/airflow/.local/lib/python3.7/site-packages/airflow/example_dags/example_branch_operator.py took 0.051 seconds
[2024-11-09T17:15:13.547+0000] {processor.py:153} INFO - Started process (PID=870) to work on /home/airflow/.local/lib/python3.7/site-packages/airflow/example_dags/example_branch_operator.py
[2024-11-09T17:15:13.548+0000] {processor.py:743} INFO - Processing file /home/airflow/.local/lib/python3.7/site-packages/airflow/example_dags/example_branch_operator.py for tasks to queue
[2024-11-09T17:15:13.549+0000] {logging_mixin.py:137} INFO - [2024-11-09T17:15:13.549+0000] {dagbag.py:538} INFO - Filling up the DagBag from /home/airflow/.local/lib/python3.7/site-packages/airflow/example_dags/example_branch_operator.py
[2024-11-09T17:15:13.560+0000] {processor.py:753} INFO - DAG(s) dict_keys(['example_branch_operator']) retrieved from /home/airflow/.local/lib/python3.7/site-packages/airflow/example_dags/example_branch_operator.py
[2024-11-09T17:15:13.576+0000] {logging_mixin.py:137} INFO - [2024-11-09T17:15:13.576+0000] {dag.py:2690} INFO - Sync 1 DAGs
[2024-11-09T17:15:13.590+0000] {logging_mixin.py:137} INFO - [2024-11-09T17:15:13.590+0000] {dag.py:3441} INFO - Setting next_dagrun for example_branch_operator to 2024-11-09T00:00:00+00:00, run_after=2024-11-10T00:00:00+00:00
[2024-11-09T17:15:13.599+0000] {processor.py:175} INFO - Processing /home/airflow/.local/lib/python3.7/site-packages/airflow/example_dags/example_branch_operator.py took 0.054 seconds
[2024-11-09T17:15:44.474+0000] {processor.py:153} INFO - Started process (PID=957) to work on /home/airflow/.local/lib/python3.7/site-packages/airflow/example_dags/example_branch_operator.py
[2024-11-09T17:15:44.475+0000] {processor.py:743} INFO - Processing file /home/airflow/.local/lib/python3.7/site-packages/airflow/example_dags/example_branch_operator.py for tasks to queue
[2024-11-09T17:15:44.476+0000] {logging_mixin.py:137} INFO - [2024-11-09T17:15:44.476+0000] {dagbag.py:538} INFO - Filling up the DagBag from /home/airflow/.local/lib/python3.7/site-packages/airflow/example_dags/example_branch_operator.py
[2024-11-09T17:15:44.484+0000] {processor.py:753} INFO - DAG(s) dict_keys(['example_branch_operator']) retrieved from /home/airflow/.local/lib/python3.7/site-packages/airflow/example_dags/example_branch_operator.py
[2024-11-09T17:15:44.499+0000] {logging_mixin.py:137} INFO - [2024-11-09T17:15:44.499+0000] {dag.py:2690} INFO - Sync 1 DAGs
[2024-11-09T17:15:44.513+0000] {logging_mixin.py:137} INFO - [2024-11-09T17:15:44.513+0000] {dag.py:3441} INFO - Setting next_dagrun for example_branch_operator to 2024-11-09T00:00:00+00:00, run_after=2024-11-10T00:00:00+00:00
[2024-11-09T17:15:44.521+0000] {processor.py:175} INFO - Processing /home/airflow/.local/lib/python3.7/site-packages/airflow/example_dags/example_branch_operator.py took 0.049 seconds
[2024-11-09T17:16:15.233+0000] {processor.py:153} INFO - Started process (PID=1028) to work on /home/airflow/.local/lib/python3.7/site-packages/airflow/example_dags/example_branch_operator.py
[2024-11-09T17:16:15.233+0000] {processor.py:743} INFO - Processing file /home/airflow/.local/lib/python3.7/site-packages/airflow/example_dags/example_branch_operator.py for tasks to queue
[2024-11-09T17:16:15.234+0000] {logging_mixin.py:137} INFO - [2024-11-09T17:16:15.234+0000] {dagbag.py:538} INFO - Filling up the DagBag from /home/airflow/.local/lib/python3.7/site-packages/airflow/example_dags/example_branch_operator.py
[2024-11-09T17:16:15.242+0000] {processor.py:753} INFO - DAG(s) dict_keys(['example_branch_operator']) retrieved from /home/airflow/.local/lib/python3.7/site-packages/airflow/example_dags/example_branch_operator.py
[2024-11-09T17:16:15.254+0000] {logging_mixin.py:137} INFO - [2024-11-09T17:16:15.254+0000] {dag.py:2690} INFO - Sync 1 DAGs
[2024-11-09T17:16:15.268+0000] {logging_mixin.py:137} INFO - [2024-11-09T17:16:15.268+0000] {dag.py:3441} INFO - Setting next_dagrun for example_branch_operator to 2024-11-09T00:00:00+00:00, run_after=2024-11-10T00:00:00+00:00
[2024-11-09T17:16:15.276+0000] {processor.py:175} INFO - Processing /home/airflow/.local/lib/python3.7/site-packages/airflow/example_dags/example_branch_operator.py took 0.045 seconds
[2024-11-09T17:16:46.300+0000] {processor.py:153} INFO - Started process (PID=1114) to work on /home/airflow/.local/lib/python3.7/site-packages/airflow/example_dags/example_branch_operator.py
[2024-11-09T17:16:46.301+0000] {processor.py:743} INFO - Processing file /home/airflow/.local/lib/python3.7/site-packages/airflow/example_dags/example_branch_operator.py for tasks to queue
[2024-11-09T17:16:46.301+0000] {logging_mixin.py:137} INFO - [2024-11-09T17:16:46.301+0000] {dagbag.py:538} INFO - Filling up the DagBag from /home/airflow/.local/lib/python3.7/site-packages/airflow/example_dags/example_branch_operator.py
[2024-11-09T17:16:46.309+0000] {processor.py:753} INFO - DAG(s) dict_keys(['example_branch_operator']) retrieved from /home/airflow/.local/lib/python3.7/site-packages/airflow/example_dags/example_branch_operator.py
[2024-11-09T17:16:46.323+0000] {logging_mixin.py:137} INFO - [2024-11-09T17:16:46.323+0000] {dag.py:2690} INFO - Sync 1 DAGs
[2024-11-09T17:16:46.336+0000] {logging_mixin.py:137} INFO - [2024-11-09T17:16:46.336+0000] {dag.py:3441} INFO - Setting next_dagrun for example_branch_operator to 2024-11-09T00:00:00+00:00, run_after=2024-11-10T00:00:00+00:00
[2024-11-09T17:16:46.345+0000] {processor.py:175} INFO - Processing /home/airflow/.local/lib/python3.7/site-packages/airflow/example_dags/example_branch_operator.py took 0.047 seconds
[2024-11-09T17:17:17.160+0000] {processor.py:153} INFO - Started process (PID=1201) to work on /home/airflow/.local/lib/python3.7/site-packages/airflow/example_dags/example_branch_operator.py
[2024-11-09T17:17:17.160+0000] {processor.py:743} INFO - Processing file /home/airflow/.local/lib/python3.7/site-packages/airflow/example_dags/example_branch_operator.py for tasks to queue
[2024-11-09T17:17:17.161+0000] {logging_mixin.py:137} INFO - [2024-11-09T17:17:17.160+0000] {dagbag.py:538} INFO - Filling up the DagBag from /home/airflow/.local/lib/python3.7/site-packages/airflow/example_dags/example_branch_operator.py
[2024-11-09T17:17:17.168+0000] {processor.py:753} INFO - DAG(s) dict_keys(['example_branch_operator']) retrieved from /home/airflow/.local/lib/python3.7/site-packages/airflow/example_dags/example_branch_operator.py
[2024-11-09T17:17:17.181+0000] {logging_mixin.py:137} INFO - [2024-11-09T17:17:17.180+0000] {dag.py:2690} INFO - Sync 1 DAGs
[2024-11-09T17:17:17.193+0000] {logging_mixin.py:137} INFO - [2024-11-09T17:17:17.193+0000] {dag.py:3441} INFO - Setting next_dagrun for example_branch_operator to 2024-11-09T00:00:00+00:00, run_after=2024-11-10T00:00:00+00:00
[2024-11-09T17:17:17.202+0000] {processor.py:175} INFO - Processing /home/airflow/.local/lib/python3.7/site-packages/airflow/example_dags/example_branch_operator.py took 0.044 seconds
[2024-11-09T17:17:47.966+0000] {processor.py:153} INFO - Started process (PID=1288) to work on /home/airflow/.local/lib/python3.7/site-packages/airflow/example_dags/example_branch_operator.py
[2024-11-09T17:17:47.966+0000] {processor.py:743} INFO - Processing file /home/airflow/.local/lib/python3.7/site-packages/airflow/example_dags/example_branch_operator.py for tasks to queue
[2024-11-09T17:17:47.967+0000] {logging_mixin.py:137} INFO - [2024-11-09T17:17:47.967+0000] {dagbag.py:538} INFO - Filling up the DagBag from /home/airflow/.local/lib/python3.7/site-packages/airflow/example_dags/example_branch_operator.py
[2024-11-09T17:17:47.974+0000] {processor.py:753} INFO - DAG(s) dict_keys(['example_branch_operator']) retrieved from /home/airflow/.local/lib/python3.7/site-packages/airflow/example_dags/example_branch_operator.py
[2024-11-09T17:17:47.987+0000] {logging_mixin.py:137} INFO - [2024-11-09T17:17:47.987+0000] {dag.py:2690} INFO - Sync 1 DAGs
[2024-11-09T17:17:48.000+0000] {logging_mixin.py:137} INFO - [2024-11-09T17:17:48.000+0000] {dag.py:3441} INFO - Setting next_dagrun for example_branch_operator to 2024-11-09T00:00:00+00:00, run_after=2024-11-10T00:00:00+00:00
[2024-11-09T17:17:48.008+0000] {processor.py:175} INFO - Processing /home/airflow/.local/lib/python3.7/site-packages/airflow/example_dags/example_branch_operator.py took 0.044 seconds
[2024-11-09T17:18:18.802+0000] {processor.py:153} INFO - Started process (PID=1359) to work on /home/airflow/.local/lib/python3.7/site-packages/airflow/example_dags/example_branch_operator.py
[2024-11-09T17:18:18.803+0000] {processor.py:743} INFO - Processing file /home/airflow/.local/lib/python3.7/site-packages/airflow/example_dags/example_branch_operator.py for tasks to queue
[2024-11-09T17:18:18.803+0000] {logging_mixin.py:137} INFO - [2024-11-09T17:18:18.803+0000] {dagbag.py:538} INFO - Filling up the DagBag from /home/airflow/.local/lib/python3.7/site-packages/airflow/example_dags/example_branch_operator.py
[2024-11-09T17:18:18.813+0000] {processor.py:753} INFO - DAG(s) dict_keys(['example_branch_operator']) retrieved from /home/airflow/.local/lib/python3.7/site-packages/airflow/example_dags/example_branch_operator.py
[2024-11-09T17:18:18.832+0000] {logging_mixin.py:137} INFO - [2024-11-09T17:18:18.831+0000] {dag.py:2690} INFO - Sync 1 DAGs
[2024-11-09T17:18:18.847+0000] {logging_mixin.py:137} INFO - [2024-11-09T17:18:18.847+0000] {dag.py:3441} INFO - Setting next_dagrun for example_branch_operator to 2024-11-09T00:00:00+00:00, run_after=2024-11-10T00:00:00+00:00
[2024-11-09T17:18:18.858+0000] {processor.py:175} INFO - Processing /home/airflow/.local/lib/python3.7/site-packages/airflow/example_dags/example_branch_operator.py took 0.058 seconds
[2024-11-09T17:18:49.796+0000] {processor.py:153} INFO - Started process (PID=1446) to work on /home/airflow/.local/lib/python3.7/site-packages/airflow/example_dags/example_branch_operator.py
[2024-11-09T17:18:49.797+0000] {processor.py:743} INFO - Processing file /home/airflow/.local/lib/python3.7/site-packages/airflow/example_dags/example_branch_operator.py for tasks to queue
[2024-11-09T17:18:49.797+0000] {logging_mixin.py:137} INFO - [2024-11-09T17:18:49.797+0000] {dagbag.py:538} INFO - Filling up the DagBag from /home/airflow/.local/lib/python3.7/site-packages/airflow/example_dags/example_branch_operator.py
[2024-11-09T17:18:49.805+0000] {processor.py:753} INFO - DAG(s) dict_keys(['example_branch_operator']) retrieved from /home/airflow/.local/lib/python3.7/site-packages/airflow/example_dags/example_branch_operator.py
[2024-11-09T17:18:49.818+0000] {logging_mixin.py:137} INFO - [2024-11-09T17:18:49.818+0000] {dag.py:2690} INFO - Sync 1 DAGs
[2024-11-09T17:18:49.830+0000] {logging_mixin.py:137} INFO - [2024-11-09T17:18:49.830+0000] {dag.py:3441} INFO - Setting next_dagrun for example_branch_operator to 2024-11-09T00:00:00+00:00, run_after=2024-11-10T00:00:00+00:00
[2024-11-09T17:18:49.838+0000] {processor.py:175} INFO - Processing /home/airflow/.local/lib/python3.7/site-packages/airflow/example_dags/example_branch_operator.py took 0.044 seconds
[2024-11-09T17:19:20.558+0000] {processor.py:153} INFO - Started process (PID=1533) to work on /home/airflow/.local/lib/python3.7/site-packages/airflow/example_dags/example_branch_operator.py
[2024-11-09T17:19:20.559+0000] {processor.py:743} INFO - Processing file /home/airflow/.local/lib/python3.7/site-packages/airflow/example_dags/example_branch_operator.py for tasks to queue
[2024-11-09T17:19:20.559+0000] {logging_mixin.py:137} INFO - [2024-11-09T17:19:20.559+0000] {dagbag.py:538} INFO - Filling up the DagBag from /home/airflow/.local/lib/python3.7/site-packages/airflow/example_dags/example_branch_operator.py
[2024-11-09T17:19:20.567+0000] {processor.py:753} INFO - DAG(s) dict_keys(['example_branch_operator']) retrieved from /home/airflow/.local/lib/python3.7/site-packages/airflow/example_dags/example_branch_operator.py
[2024-11-09T17:19:20.580+0000] {logging_mixin.py:137} INFO - [2024-11-09T17:19:20.580+0000] {dag.py:2690} INFO - Sync 1 DAGs
[2024-11-09T17:19:20.594+0000] {logging_mixin.py:137} INFO - [2024-11-09T17:19:20.594+0000] {dag.py:3441} INFO - Setting next_dagrun for example_branch_operator to 2024-11-09T00:00:00+00:00, run_after=2024-11-10T00:00:00+00:00
[2024-11-09T17:19:20.602+0000] {processor.py:175} INFO - Processing /home/airflow/.local/lib/python3.7/site-packages/airflow/example_dags/example_branch_operator.py took 0.046 seconds
[2024-11-09T17:19:51.490+0000] {processor.py:153} INFO - Started process (PID=1611) to work on /home/airflow/.local/lib/python3.7/site-packages/airflow/example_dags/example_branch_operator.py
[2024-11-09T17:19:51.491+0000] {processor.py:743} INFO - Processing file /home/airflow/.local/lib/python3.7/site-packages/airflow/example_dags/example_branch_operator.py for tasks to queue
[2024-11-09T17:19:51.491+0000] {logging_mixin.py:137} INFO - [2024-11-09T17:19:51.491+0000] {dagbag.py:538} INFO - Filling up the DagBag from /home/airflow/.local/lib/python3.7/site-packages/airflow/example_dags/example_branch_operator.py
[2024-11-09T17:19:51.502+0000] {processor.py:753} INFO - DAG(s) dict_keys(['example_branch_operator']) retrieved from /home/airflow/.local/lib/python3.7/site-packages/airflow/example_dags/example_branch_operator.py
[2024-11-09T17:19:51.519+0000] {logging_mixin.py:137} INFO - [2024-11-09T17:19:51.518+0000] {dag.py:2690} INFO - Sync 1 DAGs
[2024-11-09T17:19:51.535+0000] {logging_mixin.py:137} INFO - [2024-11-09T17:19:51.535+0000] {dag.py:3441} INFO - Setting next_dagrun for example_branch_operator to 2024-11-09T00:00:00+00:00, run_after=2024-11-10T00:00:00+00:00
[2024-11-09T17:19:51.547+0000] {processor.py:175} INFO - Processing /home/airflow/.local/lib/python3.7/site-packages/airflow/example_dags/example_branch_operator.py took 0.058 seconds
[2024-11-09T17:20:22.529+0000] {processor.py:153} INFO - Started process (PID=1700) to work on /home/airflow/.local/lib/python3.7/site-packages/airflow/example_dags/example_branch_operator.py
[2024-11-09T17:20:22.530+0000] {processor.py:743} INFO - Processing file /home/airflow/.local/lib/python3.7/site-packages/airflow/example_dags/example_branch_operator.py for tasks to queue
[2024-11-09T17:20:22.530+0000] {logging_mixin.py:137} INFO - [2024-11-09T17:20:22.530+0000] {dagbag.py:538} INFO - Filling up the DagBag from /home/airflow/.local/lib/python3.7/site-packages/airflow/example_dags/example_branch_operator.py
[2024-11-09T17:20:22.543+0000] {processor.py:753} INFO - DAG(s) dict_keys(['example_branch_operator']) retrieved from /home/airflow/.local/lib/python3.7/site-packages/airflow/example_dags/example_branch_operator.py
[2024-11-09T17:20:22.562+0000] {logging_mixin.py:137} INFO - [2024-11-09T17:20:22.562+0000] {dag.py:2690} INFO - Sync 1 DAGs
[2024-11-09T17:20:22.578+0000] {logging_mixin.py:137} INFO - [2024-11-09T17:20:22.578+0000] {dag.py:3441} INFO - Setting next_dagrun for example_branch_operator to 2024-11-09T00:00:00+00:00, run_after=2024-11-10T00:00:00+00:00
[2024-11-09T17:20:22.588+0000] {processor.py:175} INFO - Processing /home/airflow/.local/lib/python3.7/site-packages/airflow/example_dags/example_branch_operator.py took 0.061 seconds
[2024-11-09T17:20:50.676+0000] {processor.py:153} INFO - Started process (PID=39) to work on /home/airflow/.local/lib/python3.7/site-packages/airflow/example_dags/example_branch_operator.py
[2024-11-09T17:20:50.677+0000] {processor.py:743} INFO - Processing file /home/airflow/.local/lib/python3.7/site-packages/airflow/example_dags/example_branch_operator.py for tasks to queue
[2024-11-09T17:20:50.679+0000] {logging_mixin.py:137} INFO - [2024-11-09T17:20:50.679+0000] {dagbag.py:538} INFO - Filling up the DagBag from /home/airflow/.local/lib/python3.7/site-packages/airflow/example_dags/example_branch_operator.py
[2024-11-09T17:20:50.689+0000] {processor.py:753} INFO - DAG(s) dict_keys(['example_branch_operator']) retrieved from /home/airflow/.local/lib/python3.7/site-packages/airflow/example_dags/example_branch_operator.py
[2024-11-09T17:20:50.696+0000] {logging_mixin.py:137} INFO - [2024-11-09T17:20:50.696+0000] {dag.py:2690} INFO - Sync 1 DAGs
[2024-11-09T17:20:50.713+0000] {logging_mixin.py:137} INFO - [2024-11-09T17:20:50.713+0000] {dag.py:3441} INFO - Setting next_dagrun for example_branch_operator to 2024-11-09T00:00:00+00:00, run_after=2024-11-10T00:00:00+00:00
[2024-11-09T17:20:50.724+0000] {processor.py:175} INFO - Processing /home/airflow/.local/lib/python3.7/site-packages/airflow/example_dags/example_branch_operator.py took 0.050 seconds
[2024-11-09T17:21:21.623+0000] {processor.py:153} INFO - Started process (PID=126) to work on /home/airflow/.local/lib/python3.7/site-packages/airflow/example_dags/example_branch_operator.py
[2024-11-09T17:21:21.624+0000] {processor.py:743} INFO - Processing file /home/airflow/.local/lib/python3.7/site-packages/airflow/example_dags/example_branch_operator.py for tasks to queue
[2024-11-09T17:21:21.624+0000] {logging_mixin.py:137} INFO - [2024-11-09T17:21:21.624+0000] {dagbag.py:538} INFO - Filling up the DagBag from /home/airflow/.local/lib/python3.7/site-packages/airflow/example_dags/example_branch_operator.py
[2024-11-09T17:21:21.633+0000] {processor.py:753} INFO - DAG(s) dict_keys(['example_branch_operator']) retrieved from /home/airflow/.local/lib/python3.7/site-packages/airflow/example_dags/example_branch_operator.py
[2024-11-09T17:21:21.649+0000] {logging_mixin.py:137} INFO - [2024-11-09T17:21:21.649+0000] {dag.py:2690} INFO - Sync 1 DAGs
[2024-11-09T17:21:21.664+0000] {logging_mixin.py:137} INFO - [2024-11-09T17:21:21.664+0000] {dag.py:3441} INFO - Setting next_dagrun for example_branch_operator to 2024-11-09T00:00:00+00:00, run_after=2024-11-10T00:00:00+00:00
[2024-11-09T17:21:21.678+0000] {processor.py:175} INFO - Processing /home/airflow/.local/lib/python3.7/site-packages/airflow/example_dags/example_branch_operator.py took 0.057 seconds
[2024-11-09T17:21:52.398+0000] {processor.py:153} INFO - Started process (PID=197) to work on /home/airflow/.local/lib/python3.7/site-packages/airflow/example_dags/example_branch_operator.py
[2024-11-09T17:21:52.399+0000] {processor.py:743} INFO - Processing file /home/airflow/.local/lib/python3.7/site-packages/airflow/example_dags/example_branch_operator.py for tasks to queue
[2024-11-09T17:21:52.399+0000] {logging_mixin.py:137} INFO - [2024-11-09T17:21:52.399+0000] {dagbag.py:538} INFO - Filling up the DagBag from /home/airflow/.local/lib/python3.7/site-packages/airflow/example_dags/example_branch_operator.py
[2024-11-09T17:21:52.409+0000] {processor.py:753} INFO - DAG(s) dict_keys(['example_branch_operator']) retrieved from /home/airflow/.local/lib/python3.7/site-packages/airflow/example_dags/example_branch_operator.py
[2024-11-09T17:21:52.425+0000] {logging_mixin.py:137} INFO - [2024-11-09T17:21:52.425+0000] {dag.py:2690} INFO - Sync 1 DAGs
[2024-11-09T17:21:52.439+0000] {logging_mixin.py:137} INFO - [2024-11-09T17:21:52.439+0000] {dag.py:3441} INFO - Setting next_dagrun for example_branch_operator to 2024-11-09T00:00:00+00:00, run_after=2024-11-10T00:00:00+00:00
[2024-11-09T17:21:52.448+0000] {processor.py:175} INFO - Processing /home/airflow/.local/lib/python3.7/site-packages/airflow/example_dags/example_branch_operator.py took 0.051 seconds
[2024-11-09T17:22:23.456+0000] {processor.py:153} INFO - Started process (PID=284) to work on /home/airflow/.local/lib/python3.7/site-packages/airflow/example_dags/example_branch_operator.py
[2024-11-09T17:22:23.457+0000] {processor.py:743} INFO - Processing file /home/airflow/.local/lib/python3.7/site-packages/airflow/example_dags/example_branch_operator.py for tasks to queue
[2024-11-09T17:22:23.457+0000] {logging_mixin.py:137} INFO - [2024-11-09T17:22:23.457+0000] {dagbag.py:538} INFO - Filling up the DagBag from /home/airflow/.local/lib/python3.7/site-packages/airflow/example_dags/example_branch_operator.py
[2024-11-09T17:22:23.465+0000] {processor.py:753} INFO - DAG(s) dict_keys(['example_branch_operator']) retrieved from /home/airflow/.local/lib/python3.7/site-packages/airflow/example_dags/example_branch_operator.py
[2024-11-09T17:22:23.481+0000] {logging_mixin.py:137} INFO - [2024-11-09T17:22:23.481+0000] {dag.py:2690} INFO - Sync 1 DAGs
[2024-11-09T17:22:23.495+0000] {logging_mixin.py:137} INFO - [2024-11-09T17:22:23.495+0000] {dag.py:3441} INFO - Setting next_dagrun for example_branch_operator to 2024-11-09T00:00:00+00:00, run_after=2024-11-10T00:00:00+00:00
[2024-11-09T17:22:23.505+0000] {processor.py:175} INFO - Processing /home/airflow/.local/lib/python3.7/site-packages/airflow/example_dags/example_branch_operator.py took 0.052 seconds
[2024-11-09T17:22:54.323+0000] {processor.py:153} INFO - Started process (PID=371) to work on /home/airflow/.local/lib/python3.7/site-packages/airflow/example_dags/example_branch_operator.py
[2024-11-09T17:22:54.324+0000] {processor.py:743} INFO - Processing file /home/airflow/.local/lib/python3.7/site-packages/airflow/example_dags/example_branch_operator.py for tasks to queue
[2024-11-09T17:22:54.324+0000] {logging_mixin.py:137} INFO - [2024-11-09T17:22:54.324+0000] {dagbag.py:538} INFO - Filling up the DagBag from /home/airflow/.local/lib/python3.7/site-packages/airflow/example_dags/example_branch_operator.py
[2024-11-09T17:22:54.334+0000] {processor.py:753} INFO - DAG(s) dict_keys(['example_branch_operator']) retrieved from /home/airflow/.local/lib/python3.7/site-packages/airflow/example_dags/example_branch_operator.py
[2024-11-09T17:22:54.350+0000] {logging_mixin.py:137} INFO - [2024-11-09T17:22:54.350+0000] {dag.py:2690} INFO - Sync 1 DAGs
[2024-11-09T17:22:54.366+0000] {logging_mixin.py:137} INFO - [2024-11-09T17:22:54.366+0000] {dag.py:3441} INFO - Setting next_dagrun for example_branch_operator to 2024-11-09T00:00:00+00:00, run_after=2024-11-10T00:00:00+00:00
[2024-11-09T17:22:54.380+0000] {processor.py:175} INFO - Processing /home/airflow/.local/lib/python3.7/site-packages/airflow/example_dags/example_branch_operator.py took 0.059 seconds
[2024-11-09T17:23:25.131+0000] {processor.py:153} INFO - Started process (PID=442) to work on /home/airflow/.local/lib/python3.7/site-packages/airflow/example_dags/example_branch_operator.py
[2024-11-09T17:23:25.132+0000] {processor.py:743} INFO - Processing file /home/airflow/.local/lib/python3.7/site-packages/airflow/example_dags/example_branch_operator.py for tasks to queue
[2024-11-09T17:23:25.132+0000] {logging_mixin.py:137} INFO - [2024-11-09T17:23:25.132+0000] {dagbag.py:538} INFO - Filling up the DagBag from /home/airflow/.local/lib/python3.7/site-packages/airflow/example_dags/example_branch_operator.py
[2024-11-09T17:23:25.139+0000] {processor.py:753} INFO - DAG(s) dict_keys(['example_branch_operator']) retrieved from /home/airflow/.local/lib/python3.7/site-packages/airflow/example_dags/example_branch_operator.py
[2024-11-09T17:23:25.153+0000] {logging_mixin.py:137} INFO - [2024-11-09T17:23:25.153+0000] {dag.py:2690} INFO - Sync 1 DAGs
[2024-11-09T17:23:25.165+0000] {logging_mixin.py:137} INFO - [2024-11-09T17:23:25.165+0000] {dag.py:3441} INFO - Setting next_dagrun for example_branch_operator to 2024-11-09T00:00:00+00:00, run_after=2024-11-10T00:00:00+00:00
[2024-11-09T17:23:25.173+0000] {processor.py:175} INFO - Processing /home/airflow/.local/lib/python3.7/site-packages/airflow/example_dags/example_branch_operator.py took 0.044 seconds
[2024-11-09T17:23:56.194+0000] {processor.py:153} INFO - Started process (PID=529) to work on /home/airflow/.local/lib/python3.7/site-packages/airflow/example_dags/example_branch_operator.py
[2024-11-09T17:23:56.195+0000] {processor.py:743} INFO - Processing file /home/airflow/.local/lib/python3.7/site-packages/airflow/example_dags/example_branch_operator.py for tasks to queue
[2024-11-09T17:23:56.197+0000] {logging_mixin.py:137} INFO - [2024-11-09T17:23:56.196+0000] {dagbag.py:538} INFO - Filling up the DagBag from /home/airflow/.local/lib/python3.7/site-packages/airflow/example_dags/example_branch_operator.py
[2024-11-09T17:23:56.219+0000] {processor.py:753} INFO - DAG(s) dict_keys(['example_branch_operator']) retrieved from /home/airflow/.local/lib/python3.7/site-packages/airflow/example_dags/example_branch_operator.py
[2024-11-09T17:23:56.251+0000] {logging_mixin.py:137} INFO - [2024-11-09T17:23:56.251+0000] {dag.py:2690} INFO - Sync 1 DAGs
[2024-11-09T17:23:56.298+0000] {logging_mixin.py:137} INFO - [2024-11-09T17:23:56.298+0000] {dag.py:3441} INFO - Setting next_dagrun for example_branch_operator to 2024-11-09T00:00:00+00:00, run_after=2024-11-10T00:00:00+00:00
[2024-11-09T17:23:56.331+0000] {processor.py:175} INFO - Processing /home/airflow/.local/lib/python3.7/site-packages/airflow/example_dags/example_branch_operator.py took 0.149 seconds
[2024-11-09T17:28:52.892+0000] {processor.py:153} INFO - Started process (PID=39) to work on /home/airflow/.local/lib/python3.7/site-packages/airflow/example_dags/example_branch_operator.py
[2024-11-09T17:28:52.893+0000] {processor.py:743} INFO - Processing file /home/airflow/.local/lib/python3.7/site-packages/airflow/example_dags/example_branch_operator.py for tasks to queue
[2024-11-09T17:28:52.893+0000] {logging_mixin.py:137} INFO - [2024-11-09T17:28:52.893+0000] {dagbag.py:538} INFO - Filling up the DagBag from /home/airflow/.local/lib/python3.7/site-packages/airflow/example_dags/example_branch_operator.py
[2024-11-09T17:28:52.904+0000] {processor.py:753} INFO - DAG(s) dict_keys(['example_branch_operator']) retrieved from /home/airflow/.local/lib/python3.7/site-packages/airflow/example_dags/example_branch_operator.py
[2024-11-09T17:28:52.912+0000] {logging_mixin.py:137} INFO - [2024-11-09T17:28:52.912+0000] {dag.py:2690} INFO - Sync 1 DAGs
[2024-11-09T17:28:52.929+0000] {logging_mixin.py:137} INFO - [2024-11-09T17:28:52.929+0000] {dag.py:3441} INFO - Setting next_dagrun for example_branch_operator to 2024-11-09T00:00:00+00:00, run_after=2024-11-10T00:00:00+00:00
[2024-11-09T17:28:52.939+0000] {processor.py:175} INFO - Processing /home/airflow/.local/lib/python3.7/site-packages/airflow/example_dags/example_branch_operator.py took 0.048 seconds
[2024-11-09T17:29:23.586+0000] {processor.py:153} INFO - Started process (PID=126) to work on /home/airflow/.local/lib/python3.7/site-packages/airflow/example_dags/example_branch_operator.py
[2024-11-09T17:29:23.587+0000] {processor.py:743} INFO - Processing file /home/airflow/.local/lib/python3.7/site-packages/airflow/example_dags/example_branch_operator.py for tasks to queue
[2024-11-09T17:29:23.588+0000] {logging_mixin.py:137} INFO - [2024-11-09T17:29:23.588+0000] {dagbag.py:538} INFO - Filling up the DagBag from /home/airflow/.local/lib/python3.7/site-packages/airflow/example_dags/example_branch_operator.py
[2024-11-09T17:29:23.597+0000] {processor.py:753} INFO - DAG(s) dict_keys(['example_branch_operator']) retrieved from /home/airflow/.local/lib/python3.7/site-packages/airflow/example_dags/example_branch_operator.py
[2024-11-09T17:29:23.616+0000] {logging_mixin.py:137} INFO - [2024-11-09T17:29:23.615+0000] {dag.py:2690} INFO - Sync 1 DAGs
[2024-11-09T17:29:23.635+0000] {logging_mixin.py:137} INFO - [2024-11-09T17:29:23.635+0000] {dag.py:3441} INFO - Setting next_dagrun for example_branch_operator to 2024-11-09T00:00:00+00:00, run_after=2024-11-10T00:00:00+00:00
[2024-11-09T17:29:23.648+0000] {processor.py:175} INFO - Processing /home/airflow/.local/lib/python3.7/site-packages/airflow/example_dags/example_branch_operator.py took 0.063 seconds
[2024-11-09T17:29:54.400+0000] {processor.py:153} INFO - Started process (PID=197) to work on /home/airflow/.local/lib/python3.7/site-packages/airflow/example_dags/example_branch_operator.py
[2024-11-09T17:29:54.401+0000] {processor.py:743} INFO - Processing file /home/airflow/.local/lib/python3.7/site-packages/airflow/example_dags/example_branch_operator.py for tasks to queue
[2024-11-09T17:29:54.401+0000] {logging_mixin.py:137} INFO - [2024-11-09T17:29:54.401+0000] {dagbag.py:538} INFO - Filling up the DagBag from /home/airflow/.local/lib/python3.7/site-packages/airflow/example_dags/example_branch_operator.py
[2024-11-09T17:29:54.410+0000] {processor.py:753} INFO - DAG(s) dict_keys(['example_branch_operator']) retrieved from /home/airflow/.local/lib/python3.7/site-packages/airflow/example_dags/example_branch_operator.py
[2024-11-09T17:29:54.424+0000] {logging_mixin.py:137} INFO - [2024-11-09T17:29:54.424+0000] {dag.py:2690} INFO - Sync 1 DAGs
[2024-11-09T17:29:54.436+0000] {logging_mixin.py:137} INFO - [2024-11-09T17:29:54.436+0000] {dag.py:3441} INFO - Setting next_dagrun for example_branch_operator to 2024-11-09T00:00:00+00:00, run_after=2024-11-10T00:00:00+00:00
[2024-11-09T17:29:54.445+0000] {processor.py:175} INFO - Processing /home/airflow/.local/lib/python3.7/site-packages/airflow/example_dags/example_branch_operator.py took 0.046 seconds
[2024-11-09T17:30:13.810+0000] {processor.py:153} INFO - Started process (PID=39) to work on /home/airflow/.local/lib/python3.7/site-packages/airflow/example_dags/example_branch_operator.py
[2024-11-09T17:30:13.810+0000] {processor.py:743} INFO - Processing file /home/airflow/.local/lib/python3.7/site-packages/airflow/example_dags/example_branch_operator.py for tasks to queue
[2024-11-09T17:30:13.811+0000] {logging_mixin.py:137} INFO - [2024-11-09T17:30:13.811+0000] {dagbag.py:538} INFO - Filling up the DagBag from /home/airflow/.local/lib/python3.7/site-packages/airflow/example_dags/example_branch_operator.py
[2024-11-09T17:30:13.828+0000] {processor.py:753} INFO - DAG(s) dict_keys(['example_branch_operator']) retrieved from /home/airflow/.local/lib/python3.7/site-packages/airflow/example_dags/example_branch_operator.py
[2024-11-09T17:30:13.846+0000] {logging_mixin.py:137} INFO - [2024-11-09T17:30:13.845+0000] {dag.py:2690} INFO - Sync 1 DAGs
[2024-11-09T17:30:13.866+0000] {logging_mixin.py:137} INFO - [2024-11-09T17:30:13.866+0000] {dag.py:3441} INFO - Setting next_dagrun for example_branch_operator to 2024-11-09T00:00:00+00:00, run_after=2024-11-10T00:00:00+00:00
[2024-11-09T17:30:13.878+0000] {processor.py:175} INFO - Processing /home/airflow/.local/lib/python3.7/site-packages/airflow/example_dags/example_branch_operator.py took 0.072 seconds
[2024-11-09T17:30:44.691+0000] {processor.py:153} INFO - Started process (PID=126) to work on /home/airflow/.local/lib/python3.7/site-packages/airflow/example_dags/example_branch_operator.py
[2024-11-09T17:30:44.692+0000] {processor.py:743} INFO - Processing file /home/airflow/.local/lib/python3.7/site-packages/airflow/example_dags/example_branch_operator.py for tasks to queue
[2024-11-09T17:30:44.692+0000] {logging_mixin.py:137} INFO - [2024-11-09T17:30:44.692+0000] {dagbag.py:538} INFO - Filling up the DagBag from /home/airflow/.local/lib/python3.7/site-packages/airflow/example_dags/example_branch_operator.py
[2024-11-09T17:30:44.701+0000] {processor.py:753} INFO - DAG(s) dict_keys(['example_branch_operator']) retrieved from /home/airflow/.local/lib/python3.7/site-packages/airflow/example_dags/example_branch_operator.py
[2024-11-09T17:30:44.716+0000] {logging_mixin.py:137} INFO - [2024-11-09T17:30:44.716+0000] {dag.py:2690} INFO - Sync 1 DAGs
[2024-11-09T17:30:44.729+0000] {logging_mixin.py:137} INFO - [2024-11-09T17:30:44.729+0000] {dag.py:3441} INFO - Setting next_dagrun for example_branch_operator to 2024-11-09T00:00:00+00:00, run_after=2024-11-10T00:00:00+00:00
[2024-11-09T17:30:44.737+0000] {processor.py:175} INFO - Processing /home/airflow/.local/lib/python3.7/site-packages/airflow/example_dags/example_branch_operator.py took 0.048 seconds
[2024-11-09T17:31:15.367+0000] {processor.py:153} INFO - Started process (PID=197) to work on /home/airflow/.local/lib/python3.7/site-packages/airflow/example_dags/example_branch_operator.py
[2024-11-09T17:31:15.368+0000] {processor.py:743} INFO - Processing file /home/airflow/.local/lib/python3.7/site-packages/airflow/example_dags/example_branch_operator.py for tasks to queue
[2024-11-09T17:31:15.368+0000] {logging_mixin.py:137} INFO - [2024-11-09T17:31:15.368+0000] {dagbag.py:538} INFO - Filling up the DagBag from /home/airflow/.local/lib/python3.7/site-packages/airflow/example_dags/example_branch_operator.py
[2024-11-09T17:31:15.376+0000] {processor.py:753} INFO - DAG(s) dict_keys(['example_branch_operator']) retrieved from /home/airflow/.local/lib/python3.7/site-packages/airflow/example_dags/example_branch_operator.py
[2024-11-09T17:31:15.390+0000] {logging_mixin.py:137} INFO - [2024-11-09T17:31:15.390+0000] {dag.py:2690} INFO - Sync 1 DAGs
[2024-11-09T17:31:15.404+0000] {logging_mixin.py:137} INFO - [2024-11-09T17:31:15.404+0000] {dag.py:3441} INFO - Setting next_dagrun for example_branch_operator to 2024-11-09T00:00:00+00:00, run_after=2024-11-10T00:00:00+00:00
[2024-11-09T17:31:15.413+0000] {processor.py:175} INFO - Processing /home/airflow/.local/lib/python3.7/site-packages/airflow/example_dags/example_branch_operator.py took 0.048 seconds
[2024-11-09T17:31:45.968+0000] {processor.py:153} INFO - Started process (PID=284) to work on /home/airflow/.local/lib/python3.7/site-packages/airflow/example_dags/example_branch_operator.py
[2024-11-09T17:31:45.968+0000] {processor.py:743} INFO - Processing file /home/airflow/.local/lib/python3.7/site-packages/airflow/example_dags/example_branch_operator.py for tasks to queue
[2024-11-09T17:31:45.969+0000] {logging_mixin.py:137} INFO - [2024-11-09T17:31:45.969+0000] {dagbag.py:538} INFO - Filling up the DagBag from /home/airflow/.local/lib/python3.7/site-packages/airflow/example_dags/example_branch_operator.py
[2024-11-09T17:31:45.977+0000] {processor.py:753} INFO - DAG(s) dict_keys(['example_branch_operator']) retrieved from /home/airflow/.local/lib/python3.7/site-packages/airflow/example_dags/example_branch_operator.py
[2024-11-09T17:31:45.990+0000] {logging_mixin.py:137} INFO - [2024-11-09T17:31:45.990+0000] {dag.py:2690} INFO - Sync 1 DAGs
[2024-11-09T17:31:46.003+0000] {logging_mixin.py:137} INFO - [2024-11-09T17:31:46.003+0000] {dag.py:3441} INFO - Setting next_dagrun for example_branch_operator to 2024-11-09T00:00:00+00:00, run_after=2024-11-10T00:00:00+00:00
[2024-11-09T17:31:46.013+0000] {processor.py:175} INFO - Processing /home/airflow/.local/lib/python3.7/site-packages/airflow/example_dags/example_branch_operator.py took 0.047 seconds
[2024-11-09T17:32:16.596+0000] {processor.py:153} INFO - Started process (PID=371) to work on /home/airflow/.local/lib/python3.7/site-packages/airflow/example_dags/example_branch_operator.py
[2024-11-09T17:32:16.597+0000] {processor.py:743} INFO - Processing file /home/airflow/.local/lib/python3.7/site-packages/airflow/example_dags/example_branch_operator.py for tasks to queue
[2024-11-09T17:32:16.597+0000] {logging_mixin.py:137} INFO - [2024-11-09T17:32:16.597+0000] {dagbag.py:538} INFO - Filling up the DagBag from /home/airflow/.local/lib/python3.7/site-packages/airflow/example_dags/example_branch_operator.py
[2024-11-09T17:32:16.605+0000] {processor.py:753} INFO - DAG(s) dict_keys(['example_branch_operator']) retrieved from /home/airflow/.local/lib/python3.7/site-packages/airflow/example_dags/example_branch_operator.py
[2024-11-09T17:32:16.618+0000] {logging_mixin.py:137} INFO - [2024-11-09T17:32:16.618+0000] {dag.py:2690} INFO - Sync 1 DAGs
[2024-11-09T17:32:16.631+0000] {logging_mixin.py:137} INFO - [2024-11-09T17:32:16.631+0000] {dag.py:3441} INFO - Setting next_dagrun for example_branch_operator to 2024-11-09T00:00:00+00:00, run_after=2024-11-10T00:00:00+00:00
[2024-11-09T17:32:16.640+0000] {processor.py:175} INFO - Processing /home/airflow/.local/lib/python3.7/site-packages/airflow/example_dags/example_branch_operator.py took 0.045 seconds
[2024-11-09T17:32:47.271+0000] {processor.py:153} INFO - Started process (PID=442) to work on /home/airflow/.local/lib/python3.7/site-packages/airflow/example_dags/example_branch_operator.py
[2024-11-09T17:32:47.271+0000] {processor.py:743} INFO - Processing file /home/airflow/.local/lib/python3.7/site-packages/airflow/example_dags/example_branch_operator.py for tasks to queue
[2024-11-09T17:32:47.272+0000] {logging_mixin.py:137} INFO - [2024-11-09T17:32:47.271+0000] {dagbag.py:538} INFO - Filling up the DagBag from /home/airflow/.local/lib/python3.7/site-packages/airflow/example_dags/example_branch_operator.py
[2024-11-09T17:32:47.280+0000] {processor.py:753} INFO - DAG(s) dict_keys(['example_branch_operator']) retrieved from /home/airflow/.local/lib/python3.7/site-packages/airflow/example_dags/example_branch_operator.py
[2024-11-09T17:32:47.297+0000] {logging_mixin.py:137} INFO - [2024-11-09T17:32:47.297+0000] {dag.py:2690} INFO - Sync 1 DAGs
[2024-11-09T17:32:47.312+0000] {logging_mixin.py:137} INFO - [2024-11-09T17:32:47.312+0000] {dag.py:3441} INFO - Setting next_dagrun for example_branch_operator to 2024-11-09T00:00:00+00:00, run_after=2024-11-10T00:00:00+00:00
[2024-11-09T17:32:47.321+0000] {processor.py:175} INFO - Processing /home/airflow/.local/lib/python3.7/site-packages/airflow/example_dags/example_branch_operator.py took 0.052 seconds
