[2024-11-09T17:10:05.767+0000] {processor.py:153} INFO - Started process (PID=54) to work on /home/airflow/.local/lib/python3.7/site-packages/airflow/example_dags/example_bash_operator.py
[2024-11-09T17:10:05.768+0000] {processor.py:743} INFO - Processing file /home/airflow/.local/lib/python3.7/site-packages/airflow/example_dags/example_bash_operator.py for tasks to queue
[2024-11-09T17:10:05.769+0000] {logging_mixin.py:137} INFO - [2024-11-09T17:10:05.769+0000] {dagbag.py:538} INFO - Filling up the DagBag from /home/airflow/.local/lib/python3.7/site-packages/airflow/example_dags/example_bash_operator.py
[2024-11-09T17:10:05.794+0000] {processor.py:753} INFO - DAG(s) dict_keys(['example_bash_operator']) retrieved from /home/airflow/.local/lib/python3.7/site-packages/airflow/example_dags/example_bash_operator.py
[2024-11-09T17:10:05.809+0000] {logging_mixin.py:137} INFO - [2024-11-09T17:10:05.809+0000] {dag.py:2690} INFO - Sync 1 DAGs
[2024-11-09T17:10:05.827+0000] {logging_mixin.py:137} INFO - [2024-11-09T17:10:05.827+0000] {dag.py:3441} INFO - Setting next_dagrun for example_bash_operator to 2024-11-09T00:00:00+00:00, run_after=2024-11-10T00:00:00+00:00
[2024-11-09T17:10:05.844+0000] {processor.py:175} INFO - Processing /home/airflow/.local/lib/python3.7/site-packages/airflow/example_dags/example_bash_operator.py took 0.079 seconds
[2024-11-09T17:10:36.982+0000] {processor.py:153} INFO - Started process (PID=151) to work on /home/airflow/.local/lib/python3.7/site-packages/airflow/example_dags/example_bash_operator.py
[2024-11-09T17:10:36.983+0000] {processor.py:743} INFO - Processing file /home/airflow/.local/lib/python3.7/site-packages/airflow/example_dags/example_bash_operator.py for tasks to queue
[2024-11-09T17:10:36.984+0000] {logging_mixin.py:137} INFO - [2024-11-09T17:10:36.984+0000] {dagbag.py:538} INFO - Filling up the DagBag from /home/airflow/.local/lib/python3.7/site-packages/airflow/example_dags/example_bash_operator.py
[2024-11-09T17:10:36.996+0000] {processor.py:753} INFO - DAG(s) dict_keys(['example_bash_operator']) retrieved from /home/airflow/.local/lib/python3.7/site-packages/airflow/example_dags/example_bash_operator.py
[2024-11-09T17:10:37.017+0000] {logging_mixin.py:137} INFO - [2024-11-09T17:10:37.017+0000] {dag.py:2690} INFO - Sync 1 DAGs
[2024-11-09T17:10:37.032+0000] {logging_mixin.py:137} INFO - [2024-11-09T17:10:37.032+0000] {dag.py:3441} INFO - Setting next_dagrun for example_bash_operator to 2024-11-09T00:00:00+00:00, run_after=2024-11-10T00:00:00+00:00
[2024-11-09T17:10:37.045+0000] {processor.py:175} INFO - Processing /home/airflow/.local/lib/python3.7/site-packages/airflow/example_dags/example_bash_operator.py took 0.065 seconds
[2024-11-09T17:11:08.176+0000] {processor.py:153} INFO - Started process (PID=244) to work on /home/airflow/.local/lib/python3.7/site-packages/airflow/example_dags/example_bash_operator.py
[2024-11-09T17:11:08.178+0000] {processor.py:743} INFO - Processing file /home/airflow/.local/lib/python3.7/site-packages/airflow/example_dags/example_bash_operator.py for tasks to queue
[2024-11-09T17:11:08.179+0000] {logging_mixin.py:137} INFO - [2024-11-09T17:11:08.179+0000] {dagbag.py:538} INFO - Filling up the DagBag from /home/airflow/.local/lib/python3.7/site-packages/airflow/example_dags/example_bash_operator.py
[2024-11-09T17:11:08.192+0000] {processor.py:753} INFO - DAG(s) dict_keys(['example_bash_operator']) retrieved from /home/airflow/.local/lib/python3.7/site-packages/airflow/example_dags/example_bash_operator.py
[2024-11-09T17:11:08.219+0000] {logging_mixin.py:137} INFO - [2024-11-09T17:11:08.219+0000] {dag.py:2690} INFO - Sync 1 DAGs
[2024-11-09T17:11:08.235+0000] {logging_mixin.py:137} INFO - [2024-11-09T17:11:08.235+0000] {dag.py:3441} INFO - Setting next_dagrun for example_bash_operator to 2024-11-09T00:00:00+00:00, run_after=2024-11-10T00:00:00+00:00
[2024-11-09T17:11:08.249+0000] {processor.py:175} INFO - Processing /home/airflow/.local/lib/python3.7/site-packages/airflow/example_dags/example_bash_operator.py took 0.075 seconds
[2024-11-09T17:11:38.971+0000] {processor.py:153} INFO - Started process (PID=322) to work on /home/airflow/.local/lib/python3.7/site-packages/airflow/example_dags/example_bash_operator.py
[2024-11-09T17:11:38.971+0000] {processor.py:743} INFO - Processing file /home/airflow/.local/lib/python3.7/site-packages/airflow/example_dags/example_bash_operator.py for tasks to queue
[2024-11-09T17:11:38.972+0000] {logging_mixin.py:137} INFO - [2024-11-09T17:11:38.972+0000] {dagbag.py:538} INFO - Filling up the DagBag from /home/airflow/.local/lib/python3.7/site-packages/airflow/example_dags/example_bash_operator.py
[2024-11-09T17:11:38.982+0000] {processor.py:753} INFO - DAG(s) dict_keys(['example_bash_operator']) retrieved from /home/airflow/.local/lib/python3.7/site-packages/airflow/example_dags/example_bash_operator.py
[2024-11-09T17:11:38.999+0000] {logging_mixin.py:137} INFO - [2024-11-09T17:11:38.999+0000] {dag.py:2690} INFO - Sync 1 DAGs
[2024-11-09T17:11:39.026+0000] {logging_mixin.py:137} INFO - [2024-11-09T17:11:39.026+0000] {dag.py:3441} INFO - Setting next_dagrun for example_bash_operator to 2024-11-09T00:00:00+00:00, run_after=2024-11-10T00:00:00+00:00
[2024-11-09T17:11:39.047+0000] {processor.py:175} INFO - Processing /home/airflow/.local/lib/python3.7/site-packages/airflow/example_dags/example_bash_operator.py took 0.078 seconds
[2024-11-09T17:12:09.624+0000] {processor.py:153} INFO - Started process (PID=409) to work on /home/airflow/.local/lib/python3.7/site-packages/airflow/example_dags/example_bash_operator.py
[2024-11-09T17:12:09.624+0000] {processor.py:743} INFO - Processing file /home/airflow/.local/lib/python3.7/site-packages/airflow/example_dags/example_bash_operator.py for tasks to queue
[2024-11-09T17:12:09.625+0000] {logging_mixin.py:137} INFO - [2024-11-09T17:12:09.625+0000] {dagbag.py:538} INFO - Filling up the DagBag from /home/airflow/.local/lib/python3.7/site-packages/airflow/example_dags/example_bash_operator.py
[2024-11-09T17:12:09.635+0000] {processor.py:753} INFO - DAG(s) dict_keys(['example_bash_operator']) retrieved from /home/airflow/.local/lib/python3.7/site-packages/airflow/example_dags/example_bash_operator.py
[2024-11-09T17:12:09.655+0000] {logging_mixin.py:137} INFO - [2024-11-09T17:12:09.655+0000] {dag.py:2690} INFO - Sync 1 DAGs
[2024-11-09T17:12:09.669+0000] {logging_mixin.py:137} INFO - [2024-11-09T17:12:09.669+0000] {dag.py:3441} INFO - Setting next_dagrun for example_bash_operator to 2024-11-09T00:00:00+00:00, run_after=2024-11-10T00:00:00+00:00
[2024-11-09T17:12:09.682+0000] {processor.py:175} INFO - Processing /home/airflow/.local/lib/python3.7/site-packages/airflow/example_dags/example_bash_operator.py took 0.060 seconds
[2024-11-09T17:12:40.235+0000] {processor.py:153} INFO - Started process (PID=496) to work on /home/airflow/.local/lib/python3.7/site-packages/airflow/example_dags/example_bash_operator.py
[2024-11-09T17:12:40.235+0000] {processor.py:743} INFO - Processing file /home/airflow/.local/lib/python3.7/site-packages/airflow/example_dags/example_bash_operator.py for tasks to queue
[2024-11-09T17:12:40.236+0000] {logging_mixin.py:137} INFO - [2024-11-09T17:12:40.236+0000] {dagbag.py:538} INFO - Filling up the DagBag from /home/airflow/.local/lib/python3.7/site-packages/airflow/example_dags/example_bash_operator.py
[2024-11-09T17:12:40.248+0000] {processor.py:753} INFO - DAG(s) dict_keys(['example_bash_operator']) retrieved from /home/airflow/.local/lib/python3.7/site-packages/airflow/example_dags/example_bash_operator.py
[2024-11-09T17:12:40.266+0000] {logging_mixin.py:137} INFO - [2024-11-09T17:12:40.266+0000] {dag.py:2690} INFO - Sync 1 DAGs
[2024-11-09T17:12:40.281+0000] {logging_mixin.py:137} INFO - [2024-11-09T17:12:40.281+0000] {dag.py:3441} INFO - Setting next_dagrun for example_bash_operator to 2024-11-09T00:00:00+00:00, run_after=2024-11-10T00:00:00+00:00
[2024-11-09T17:12:40.290+0000] {processor.py:175} INFO - Processing /home/airflow/.local/lib/python3.7/site-packages/airflow/example_dags/example_bash_operator.py took 0.057 seconds
[2024-11-09T17:13:10.935+0000] {processor.py:153} INFO - Started process (PID=567) to work on /home/airflow/.local/lib/python3.7/site-packages/airflow/example_dags/example_bash_operator.py
[2024-11-09T17:13:10.939+0000] {processor.py:743} INFO - Processing file /home/airflow/.local/lib/python3.7/site-packages/airflow/example_dags/example_bash_operator.py for tasks to queue
[2024-11-09T17:13:10.940+0000] {logging_mixin.py:137} INFO - [2024-11-09T17:13:10.940+0000] {dagbag.py:538} INFO - Filling up the DagBag from /home/airflow/.local/lib/python3.7/site-packages/airflow/example_dags/example_bash_operator.py
[2024-11-09T17:13:10.952+0000] {processor.py:753} INFO - DAG(s) dict_keys(['example_bash_operator']) retrieved from /home/airflow/.local/lib/python3.7/site-packages/airflow/example_dags/example_bash_operator.py
[2024-11-09T17:13:10.972+0000] {logging_mixin.py:137} INFO - [2024-11-09T17:13:10.972+0000] {dag.py:2690} INFO - Sync 1 DAGs
[2024-11-09T17:13:10.988+0000] {logging_mixin.py:137} INFO - [2024-11-09T17:13:10.988+0000] {dag.py:3441} INFO - Setting next_dagrun for example_bash_operator to 2024-11-09T00:00:00+00:00, run_after=2024-11-10T00:00:00+00:00
[2024-11-09T17:13:11.007+0000] {processor.py:175} INFO - Processing /home/airflow/.local/lib/python3.7/site-packages/airflow/example_dags/example_bash_operator.py took 0.074 seconds
[2024-11-09T17:13:43.168+0000] {processor.py:153} INFO - Started process (PID=654) to work on /home/airflow/.local/lib/python3.7/site-packages/airflow/example_dags/example_bash_operator.py
[2024-11-09T17:13:43.171+0000] {processor.py:743} INFO - Processing file /home/airflow/.local/lib/python3.7/site-packages/airflow/example_dags/example_bash_operator.py for tasks to queue
[2024-11-09T17:13:43.172+0000] {logging_mixin.py:137} INFO - [2024-11-09T17:13:43.172+0000] {dagbag.py:538} INFO - Filling up the DagBag from /home/airflow/.local/lib/python3.7/site-packages/airflow/example_dags/example_bash_operator.py
[2024-11-09T17:13:43.186+0000] {processor.py:753} INFO - DAG(s) dict_keys(['example_bash_operator']) retrieved from /home/airflow/.local/lib/python3.7/site-packages/airflow/example_dags/example_bash_operator.py
[2024-11-09T17:13:43.211+0000] {logging_mixin.py:137} INFO - [2024-11-09T17:13:43.211+0000] {dag.py:2690} INFO - Sync 1 DAGs
[2024-11-09T17:13:43.229+0000] {logging_mixin.py:137} INFO - [2024-11-09T17:13:43.229+0000] {dag.py:3441} INFO - Setting next_dagrun for example_bash_operator to 2024-11-09T00:00:00+00:00, run_after=2024-11-10T00:00:00+00:00
[2024-11-09T17:13:43.247+0000] {processor.py:175} INFO - Processing /home/airflow/.local/lib/python3.7/site-packages/airflow/example_dags/example_bash_operator.py took 0.082 seconds
[2024-11-09T17:14:14.059+0000] {processor.py:153} INFO - Started process (PID=741) to work on /home/airflow/.local/lib/python3.7/site-packages/airflow/example_dags/example_bash_operator.py
[2024-11-09T17:14:14.060+0000] {processor.py:743} INFO - Processing file /home/airflow/.local/lib/python3.7/site-packages/airflow/example_dags/example_bash_operator.py for tasks to queue
[2024-11-09T17:14:14.061+0000] {logging_mixin.py:137} INFO - [2024-11-09T17:14:14.061+0000] {dagbag.py:538} INFO - Filling up the DagBag from /home/airflow/.local/lib/python3.7/site-packages/airflow/example_dags/example_bash_operator.py
[2024-11-09T17:14:14.076+0000] {processor.py:753} INFO - DAG(s) dict_keys(['example_bash_operator']) retrieved from /home/airflow/.local/lib/python3.7/site-packages/airflow/example_dags/example_bash_operator.py
[2024-11-09T17:14:14.097+0000] {logging_mixin.py:137} INFO - [2024-11-09T17:14:14.097+0000] {dag.py:2690} INFO - Sync 1 DAGs
[2024-11-09T17:14:14.113+0000] {logging_mixin.py:137} INFO - [2024-11-09T17:14:14.113+0000] {dag.py:3441} INFO - Setting next_dagrun for example_bash_operator to 2024-11-09T00:00:00+00:00, run_after=2024-11-10T00:00:00+00:00
[2024-11-09T17:14:14.131+0000] {processor.py:175} INFO - Processing /home/airflow/.local/lib/python3.7/site-packages/airflow/example_dags/example_bash_operator.py took 0.074 seconds
[2024-11-09T17:14:44.879+0000] {processor.py:153} INFO - Started process (PID=812) to work on /home/airflow/.local/lib/python3.7/site-packages/airflow/example_dags/example_bash_operator.py
[2024-11-09T17:14:44.880+0000] {processor.py:743} INFO - Processing file /home/airflow/.local/lib/python3.7/site-packages/airflow/example_dags/example_bash_operator.py for tasks to queue
[2024-11-09T17:14:44.881+0000] {logging_mixin.py:137} INFO - [2024-11-09T17:14:44.881+0000] {dagbag.py:538} INFO - Filling up the DagBag from /home/airflow/.local/lib/python3.7/site-packages/airflow/example_dags/example_bash_operator.py
[2024-11-09T17:14:44.898+0000] {processor.py:753} INFO - DAG(s) dict_keys(['example_bash_operator']) retrieved from /home/airflow/.local/lib/python3.7/site-packages/airflow/example_dags/example_bash_operator.py
[2024-11-09T17:14:44.921+0000] {logging_mixin.py:137} INFO - [2024-11-09T17:14:44.921+0000] {dag.py:2690} INFO - Sync 1 DAGs
[2024-11-09T17:14:44.937+0000] {logging_mixin.py:137} INFO - [2024-11-09T17:14:44.937+0000] {dag.py:3441} INFO - Setting next_dagrun for example_bash_operator to 2024-11-09T00:00:00+00:00, run_after=2024-11-10T00:00:00+00:00
[2024-11-09T17:14:44.953+0000] {processor.py:175} INFO - Processing /home/airflow/.local/lib/python3.7/site-packages/airflow/example_dags/example_bash_operator.py took 0.076 seconds
[2024-11-09T17:15:15.786+0000] {processor.py:153} INFO - Started process (PID=899) to work on /home/airflow/.local/lib/python3.7/site-packages/airflow/example_dags/example_bash_operator.py
[2024-11-09T17:15:15.791+0000] {processor.py:743} INFO - Processing file /home/airflow/.local/lib/python3.7/site-packages/airflow/example_dags/example_bash_operator.py for tasks to queue
[2024-11-09T17:15:15.792+0000] {logging_mixin.py:137} INFO - [2024-11-09T17:15:15.792+0000] {dagbag.py:538} INFO - Filling up the DagBag from /home/airflow/.local/lib/python3.7/site-packages/airflow/example_dags/example_bash_operator.py
[2024-11-09T17:15:15.807+0000] {processor.py:753} INFO - DAG(s) dict_keys(['example_bash_operator']) retrieved from /home/airflow/.local/lib/python3.7/site-packages/airflow/example_dags/example_bash_operator.py
[2024-11-09T17:15:15.877+0000] {logging_mixin.py:137} INFO - [2024-11-09T17:15:15.877+0000] {dag.py:2690} INFO - Sync 1 DAGs
[2024-11-09T17:15:15.895+0000] {logging_mixin.py:137} INFO - [2024-11-09T17:15:15.895+0000] {dag.py:3441} INFO - Setting next_dagrun for example_bash_operator to 2024-11-09T00:00:00+00:00, run_after=2024-11-10T00:00:00+00:00
[2024-11-09T17:15:15.914+0000] {processor.py:175} INFO - Processing /home/airflow/.local/lib/python3.7/site-packages/airflow/example_dags/example_bash_operator.py took 0.130 seconds
[2024-11-09T17:15:46.560+0000] {processor.py:153} INFO - Started process (PID=986) to work on /home/airflow/.local/lib/python3.7/site-packages/airflow/example_dags/example_bash_operator.py
[2024-11-09T17:15:46.561+0000] {processor.py:743} INFO - Processing file /home/airflow/.local/lib/python3.7/site-packages/airflow/example_dags/example_bash_operator.py for tasks to queue
[2024-11-09T17:15:46.565+0000] {logging_mixin.py:137} INFO - [2024-11-09T17:15:46.565+0000] {dagbag.py:538} INFO - Filling up the DagBag from /home/airflow/.local/lib/python3.7/site-packages/airflow/example_dags/example_bash_operator.py
[2024-11-09T17:15:46.582+0000] {processor.py:753} INFO - DAG(s) dict_keys(['example_bash_operator']) retrieved from /home/airflow/.local/lib/python3.7/site-packages/airflow/example_dags/example_bash_operator.py
[2024-11-09T17:15:46.605+0000] {logging_mixin.py:137} INFO - [2024-11-09T17:15:46.605+0000] {dag.py:2690} INFO - Sync 1 DAGs
[2024-11-09T17:15:46.621+0000] {logging_mixin.py:137} INFO - [2024-11-09T17:15:46.621+0000] {dag.py:3441} INFO - Setting next_dagrun for example_bash_operator to 2024-11-09T00:00:00+00:00, run_after=2024-11-10T00:00:00+00:00
[2024-11-09T17:15:46.632+0000] {processor.py:175} INFO - Processing /home/airflow/.local/lib/python3.7/site-packages/airflow/example_dags/example_bash_operator.py took 0.073 seconds
[2024-11-09T17:16:17.368+0000] {processor.py:153} INFO - Started process (PID=1073) to work on /home/airflow/.local/lib/python3.7/site-packages/airflow/example_dags/example_bash_operator.py
[2024-11-09T17:16:17.375+0000] {processor.py:743} INFO - Processing file /home/airflow/.local/lib/python3.7/site-packages/airflow/example_dags/example_bash_operator.py for tasks to queue
[2024-11-09T17:16:17.377+0000] {logging_mixin.py:137} INFO - [2024-11-09T17:16:17.377+0000] {dagbag.py:538} INFO - Filling up the DagBag from /home/airflow/.local/lib/python3.7/site-packages/airflow/example_dags/example_bash_operator.py
[2024-11-09T17:16:17.456+0000] {processor.py:753} INFO - DAG(s) dict_keys(['example_bash_operator']) retrieved from /home/airflow/.local/lib/python3.7/site-packages/airflow/example_dags/example_bash_operator.py
[2024-11-09T17:16:17.547+0000] {logging_mixin.py:137} INFO - [2024-11-09T17:16:17.547+0000] {dag.py:2690} INFO - Sync 1 DAGs
[2024-11-09T17:16:17.609+0000] {logging_mixin.py:137} INFO - [2024-11-09T17:16:17.609+0000] {dag.py:3441} INFO - Setting next_dagrun for example_bash_operator to 2024-11-09T00:00:00+00:00, run_after=2024-11-10T00:00:00+00:00
[2024-11-09T17:16:17.629+0000] {processor.py:175} INFO - Processing /home/airflow/.local/lib/python3.7/site-packages/airflow/example_dags/example_bash_operator.py took 0.268 seconds
[2024-11-09T17:16:48.504+0000] {processor.py:153} INFO - Started process (PID=1143) to work on /home/airflow/.local/lib/python3.7/site-packages/airflow/example_dags/example_bash_operator.py
[2024-11-09T17:16:48.505+0000] {processor.py:743} INFO - Processing file /home/airflow/.local/lib/python3.7/site-packages/airflow/example_dags/example_bash_operator.py for tasks to queue
[2024-11-09T17:16:48.505+0000] {logging_mixin.py:137} INFO - [2024-11-09T17:16:48.505+0000] {dagbag.py:538} INFO - Filling up the DagBag from /home/airflow/.local/lib/python3.7/site-packages/airflow/example_dags/example_bash_operator.py
[2024-11-09T17:16:48.519+0000] {processor.py:753} INFO - DAG(s) dict_keys(['example_bash_operator']) retrieved from /home/airflow/.local/lib/python3.7/site-packages/airflow/example_dags/example_bash_operator.py
[2024-11-09T17:16:48.540+0000] {logging_mixin.py:137} INFO - [2024-11-09T17:16:48.540+0000] {dag.py:2690} INFO - Sync 1 DAGs
[2024-11-09T17:16:48.558+0000] {logging_mixin.py:137} INFO - [2024-11-09T17:16:48.558+0000] {dag.py:3441} INFO - Setting next_dagrun for example_bash_operator to 2024-11-09T00:00:00+00:00, run_after=2024-11-10T00:00:00+00:00
[2024-11-09T17:16:48.572+0000] {processor.py:175} INFO - Processing /home/airflow/.local/lib/python3.7/site-packages/airflow/example_dags/example_bash_operator.py took 0.072 seconds
[2024-11-09T17:17:19.337+0000] {processor.py:153} INFO - Started process (PID=1230) to work on /home/airflow/.local/lib/python3.7/site-packages/airflow/example_dags/example_bash_operator.py
[2024-11-09T17:17:19.338+0000] {processor.py:743} INFO - Processing file /home/airflow/.local/lib/python3.7/site-packages/airflow/example_dags/example_bash_operator.py for tasks to queue
[2024-11-09T17:17:19.339+0000] {logging_mixin.py:137} INFO - [2024-11-09T17:17:19.339+0000] {dagbag.py:538} INFO - Filling up the DagBag from /home/airflow/.local/lib/python3.7/site-packages/airflow/example_dags/example_bash_operator.py
[2024-11-09T17:17:19.359+0000] {processor.py:753} INFO - DAG(s) dict_keys(['example_bash_operator']) retrieved from /home/airflow/.local/lib/python3.7/site-packages/airflow/example_dags/example_bash_operator.py
[2024-11-09T17:17:19.382+0000] {logging_mixin.py:137} INFO - [2024-11-09T17:17:19.382+0000] {dag.py:2690} INFO - Sync 1 DAGs
[2024-11-09T17:17:19.397+0000] {logging_mixin.py:137} INFO - [2024-11-09T17:17:19.397+0000] {dag.py:3441} INFO - Setting next_dagrun for example_bash_operator to 2024-11-09T00:00:00+00:00, run_after=2024-11-10T00:00:00+00:00
[2024-11-09T17:17:19.414+0000] {processor.py:175} INFO - Processing /home/airflow/.local/lib/python3.7/site-packages/airflow/example_dags/example_bash_operator.py took 0.082 seconds
[2024-11-09T17:17:50.155+0000] {processor.py:153} INFO - Started process (PID=1317) to work on /home/airflow/.local/lib/python3.7/site-packages/airflow/example_dags/example_bash_operator.py
[2024-11-09T17:17:50.158+0000] {processor.py:743} INFO - Processing file /home/airflow/.local/lib/python3.7/site-packages/airflow/example_dags/example_bash_operator.py for tasks to queue
[2024-11-09T17:17:50.159+0000] {logging_mixin.py:137} INFO - [2024-11-09T17:17:50.159+0000] {dagbag.py:538} INFO - Filling up the DagBag from /home/airflow/.local/lib/python3.7/site-packages/airflow/example_dags/example_bash_operator.py
[2024-11-09T17:17:50.173+0000] {processor.py:753} INFO - DAG(s) dict_keys(['example_bash_operator']) retrieved from /home/airflow/.local/lib/python3.7/site-packages/airflow/example_dags/example_bash_operator.py
[2024-11-09T17:17:50.193+0000] {logging_mixin.py:137} INFO - [2024-11-09T17:17:50.193+0000] {dag.py:2690} INFO - Sync 1 DAGs
[2024-11-09T17:17:50.207+0000] {logging_mixin.py:137} INFO - [2024-11-09T17:17:50.207+0000] {dag.py:3441} INFO - Setting next_dagrun for example_bash_operator to 2024-11-09T00:00:00+00:00, run_after=2024-11-10T00:00:00+00:00
[2024-11-09T17:17:50.218+0000] {processor.py:175} INFO - Processing /home/airflow/.local/lib/python3.7/site-packages/airflow/example_dags/example_bash_operator.py took 0.065 seconds
[2024-11-09T17:18:20.984+0000] {processor.py:153} INFO - Started process (PID=1397) to work on /home/airflow/.local/lib/python3.7/site-packages/airflow/example_dags/example_bash_operator.py
[2024-11-09T17:18:20.985+0000] {processor.py:743} INFO - Processing file /home/airflow/.local/lib/python3.7/site-packages/airflow/example_dags/example_bash_operator.py for tasks to queue
[2024-11-09T17:18:20.986+0000] {logging_mixin.py:137} INFO - [2024-11-09T17:18:20.986+0000] {dagbag.py:538} INFO - Filling up the DagBag from /home/airflow/.local/lib/python3.7/site-packages/airflow/example_dags/example_bash_operator.py
[2024-11-09T17:18:21.050+0000] {processor.py:753} INFO - DAG(s) dict_keys(['example_bash_operator']) retrieved from /home/airflow/.local/lib/python3.7/site-packages/airflow/example_dags/example_bash_operator.py
[2024-11-09T17:18:21.091+0000] {logging_mixin.py:137} INFO - [2024-11-09T17:18:21.091+0000] {dag.py:2690} INFO - Sync 1 DAGs
[2024-11-09T17:18:21.110+0000] {logging_mixin.py:137} INFO - [2024-11-09T17:18:21.110+0000] {dag.py:3441} INFO - Setting next_dagrun for example_bash_operator to 2024-11-09T00:00:00+00:00, run_after=2024-11-10T00:00:00+00:00
[2024-11-09T17:18:21.126+0000] {processor.py:175} INFO - Processing /home/airflow/.local/lib/python3.7/site-packages/airflow/example_dags/example_bash_operator.py took 0.145 seconds
[2024-11-09T17:18:51.848+0000] {processor.py:153} INFO - Started process (PID=1475) to work on /home/airflow/.local/lib/python3.7/site-packages/airflow/example_dags/example_bash_operator.py
[2024-11-09T17:18:51.850+0000] {processor.py:743} INFO - Processing file /home/airflow/.local/lib/python3.7/site-packages/airflow/example_dags/example_bash_operator.py for tasks to queue
[2024-11-09T17:18:51.851+0000] {logging_mixin.py:137} INFO - [2024-11-09T17:18:51.850+0000] {dagbag.py:538} INFO - Filling up the DagBag from /home/airflow/.local/lib/python3.7/site-packages/airflow/example_dags/example_bash_operator.py
[2024-11-09T17:18:51.874+0000] {processor.py:753} INFO - DAG(s) dict_keys(['example_bash_operator']) retrieved from /home/airflow/.local/lib/python3.7/site-packages/airflow/example_dags/example_bash_operator.py
[2024-11-09T17:18:51.898+0000] {logging_mixin.py:137} INFO - [2024-11-09T17:18:51.898+0000] {dag.py:2690} INFO - Sync 1 DAGs
[2024-11-09T17:18:51.919+0000] {logging_mixin.py:137} INFO - [2024-11-09T17:18:51.919+0000] {dag.py:3441} INFO - Setting next_dagrun for example_bash_operator to 2024-11-09T00:00:00+00:00, run_after=2024-11-10T00:00:00+00:00
[2024-11-09T17:18:51.932+0000] {processor.py:175} INFO - Processing /home/airflow/.local/lib/python3.7/site-packages/airflow/example_dags/example_bash_operator.py took 0.090 seconds
[2024-11-09T17:19:22.773+0000] {processor.py:153} INFO - Started process (PID=1562) to work on /home/airflow/.local/lib/python3.7/site-packages/airflow/example_dags/example_bash_operator.py
[2024-11-09T17:19:22.777+0000] {processor.py:743} INFO - Processing file /home/airflow/.local/lib/python3.7/site-packages/airflow/example_dags/example_bash_operator.py for tasks to queue
[2024-11-09T17:19:22.778+0000] {logging_mixin.py:137} INFO - [2024-11-09T17:19:22.778+0000] {dagbag.py:538} INFO - Filling up the DagBag from /home/airflow/.local/lib/python3.7/site-packages/airflow/example_dags/example_bash_operator.py
[2024-11-09T17:19:22.800+0000] {processor.py:753} INFO - DAG(s) dict_keys(['example_bash_operator']) retrieved from /home/airflow/.local/lib/python3.7/site-packages/airflow/example_dags/example_bash_operator.py
[2024-11-09T17:19:22.828+0000] {logging_mixin.py:137} INFO - [2024-11-09T17:19:22.828+0000] {dag.py:2690} INFO - Sync 1 DAGs
[2024-11-09T17:19:22.847+0000] {logging_mixin.py:137} INFO - [2024-11-09T17:19:22.847+0000] {dag.py:3441} INFO - Setting next_dagrun for example_bash_operator to 2024-11-09T00:00:00+00:00, run_after=2024-11-10T00:00:00+00:00
[2024-11-09T17:19:22.861+0000] {processor.py:175} INFO - Processing /home/airflow/.local/lib/python3.7/site-packages/airflow/example_dags/example_bash_operator.py took 0.094 seconds
[2024-11-09T17:19:52.885+0000] {processor.py:153} INFO - Started process (PID=1649) to work on /home/airflow/.local/lib/python3.7/site-packages/airflow/example_dags/example_bash_operator.py
[2024-11-09T17:19:52.885+0000] {processor.py:743} INFO - Processing file /home/airflow/.local/lib/python3.7/site-packages/airflow/example_dags/example_bash_operator.py for tasks to queue
[2024-11-09T17:19:52.886+0000] {logging_mixin.py:137} INFO - [2024-11-09T17:19:52.885+0000] {dagbag.py:538} INFO - Filling up the DagBag from /home/airflow/.local/lib/python3.7/site-packages/airflow/example_dags/example_bash_operator.py
[2024-11-09T17:19:52.899+0000] {processor.py:753} INFO - DAG(s) dict_keys(['example_bash_operator']) retrieved from /home/airflow/.local/lib/python3.7/site-packages/airflow/example_dags/example_bash_operator.py
[2024-11-09T17:19:52.922+0000] {logging_mixin.py:137} INFO - [2024-11-09T17:19:52.922+0000] {dag.py:2690} INFO - Sync 1 DAGs
[2024-11-09T17:19:52.937+0000] {logging_mixin.py:137} INFO - [2024-11-09T17:19:52.937+0000] {dag.py:3441} INFO - Setting next_dagrun for example_bash_operator to 2024-11-09T00:00:00+00:00, run_after=2024-11-10T00:00:00+00:00
[2024-11-09T17:19:52.951+0000] {processor.py:175} INFO - Processing /home/airflow/.local/lib/python3.7/site-packages/airflow/example_dags/example_bash_operator.py took 0.068 seconds
[2024-11-09T17:20:23.530+0000] {processor.py:153} INFO - Started process (PID=1729) to work on /home/airflow/.local/lib/python3.7/site-packages/airflow/example_dags/example_bash_operator.py
[2024-11-09T17:20:23.531+0000] {processor.py:743} INFO - Processing file /home/airflow/.local/lib/python3.7/site-packages/airflow/example_dags/example_bash_operator.py for tasks to queue
[2024-11-09T17:20:23.531+0000] {logging_mixin.py:137} INFO - [2024-11-09T17:20:23.531+0000] {dagbag.py:538} INFO - Filling up the DagBag from /home/airflow/.local/lib/python3.7/site-packages/airflow/example_dags/example_bash_operator.py
[2024-11-09T17:20:23.542+0000] {processor.py:753} INFO - DAG(s) dict_keys(['example_bash_operator']) retrieved from /home/airflow/.local/lib/python3.7/site-packages/airflow/example_dags/example_bash_operator.py
[2024-11-09T17:20:23.560+0000] {logging_mixin.py:137} INFO - [2024-11-09T17:20:23.560+0000] {dag.py:2690} INFO - Sync 1 DAGs
[2024-11-09T17:20:23.575+0000] {logging_mixin.py:137} INFO - [2024-11-09T17:20:23.575+0000] {dag.py:3441} INFO - Setting next_dagrun for example_bash_operator to 2024-11-09T00:00:00+00:00, run_after=2024-11-10T00:00:00+00:00
[2024-11-09T17:20:23.584+0000] {processor.py:175} INFO - Processing /home/airflow/.local/lib/python3.7/site-packages/airflow/example_dags/example_bash_operator.py took 0.057 seconds
[2024-11-09T17:20:51.939+0000] {processor.py:153} INFO - Started process (PID=68) to work on /home/airflow/.local/lib/python3.7/site-packages/airflow/example_dags/example_bash_operator.py
[2024-11-09T17:20:51.940+0000] {processor.py:743} INFO - Processing file /home/airflow/.local/lib/python3.7/site-packages/airflow/example_dags/example_bash_operator.py for tasks to queue
[2024-11-09T17:20:51.941+0000] {logging_mixin.py:137} INFO - [2024-11-09T17:20:51.941+0000] {dagbag.py:538} INFO - Filling up the DagBag from /home/airflow/.local/lib/python3.7/site-packages/airflow/example_dags/example_bash_operator.py
[2024-11-09T17:20:51.953+0000] {processor.py:753} INFO - DAG(s) dict_keys(['example_bash_operator']) retrieved from /home/airflow/.local/lib/python3.7/site-packages/airflow/example_dags/example_bash_operator.py
[2024-11-09T17:20:51.962+0000] {logging_mixin.py:137} INFO - [2024-11-09T17:20:51.962+0000] {dag.py:2690} INFO - Sync 1 DAGs
[2024-11-09T17:20:51.978+0000] {logging_mixin.py:137} INFO - [2024-11-09T17:20:51.978+0000] {dag.py:3441} INFO - Setting next_dagrun for example_bash_operator to 2024-11-09T00:00:00+00:00, run_after=2024-11-10T00:00:00+00:00
[2024-11-09T17:20:51.991+0000] {processor.py:175} INFO - Processing /home/airflow/.local/lib/python3.7/site-packages/airflow/example_dags/example_bash_operator.py took 0.054 seconds
[2024-11-09T17:21:22.721+0000] {processor.py:153} INFO - Started process (PID=155) to work on /home/airflow/.local/lib/python3.7/site-packages/airflow/example_dags/example_bash_operator.py
[2024-11-09T17:21:22.721+0000] {processor.py:743} INFO - Processing file /home/airflow/.local/lib/python3.7/site-packages/airflow/example_dags/example_bash_operator.py for tasks to queue
[2024-11-09T17:21:22.723+0000] {logging_mixin.py:137} INFO - [2024-11-09T17:21:22.723+0000] {dagbag.py:538} INFO - Filling up the DagBag from /home/airflow/.local/lib/python3.7/site-packages/airflow/example_dags/example_bash_operator.py
[2024-11-09T17:21:22.735+0000] {processor.py:753} INFO - DAG(s) dict_keys(['example_bash_operator']) retrieved from /home/airflow/.local/lib/python3.7/site-packages/airflow/example_dags/example_bash_operator.py
[2024-11-09T17:21:22.760+0000] {logging_mixin.py:137} INFO - [2024-11-09T17:21:22.759+0000] {dag.py:2690} INFO - Sync 1 DAGs
[2024-11-09T17:21:22.773+0000] {logging_mixin.py:137} INFO - [2024-11-09T17:21:22.773+0000] {dag.py:3441} INFO - Setting next_dagrun for example_bash_operator to 2024-11-09T00:00:00+00:00, run_after=2024-11-10T00:00:00+00:00
[2024-11-09T17:21:22.784+0000] {processor.py:175} INFO - Processing /home/airflow/.local/lib/python3.7/site-packages/airflow/example_dags/example_bash_operator.py took 0.065 seconds
[2024-11-09T17:21:53.694+0000] {processor.py:153} INFO - Started process (PID=233) to work on /home/airflow/.local/lib/python3.7/site-packages/airflow/example_dags/example_bash_operator.py
[2024-11-09T17:21:53.696+0000] {processor.py:743} INFO - Processing file /home/airflow/.local/lib/python3.7/site-packages/airflow/example_dags/example_bash_operator.py for tasks to queue
[2024-11-09T17:21:53.696+0000] {logging_mixin.py:137} INFO - [2024-11-09T17:21:53.696+0000] {dagbag.py:538} INFO - Filling up the DagBag from /home/airflow/.local/lib/python3.7/site-packages/airflow/example_dags/example_bash_operator.py
[2024-11-09T17:21:53.709+0000] {processor.py:753} INFO - DAG(s) dict_keys(['example_bash_operator']) retrieved from /home/airflow/.local/lib/python3.7/site-packages/airflow/example_dags/example_bash_operator.py
[2024-11-09T17:21:53.728+0000] {logging_mixin.py:137} INFO - [2024-11-09T17:21:53.728+0000] {dag.py:2690} INFO - Sync 1 DAGs
[2024-11-09T17:21:53.745+0000] {logging_mixin.py:137} INFO - [2024-11-09T17:21:53.745+0000] {dag.py:3441} INFO - Setting next_dagrun for example_bash_operator to 2024-11-09T00:00:00+00:00, run_after=2024-11-10T00:00:00+00:00
[2024-11-09T17:21:53.759+0000] {processor.py:175} INFO - Processing /home/airflow/.local/lib/python3.7/site-packages/airflow/example_dags/example_bash_operator.py took 0.067 seconds
[2024-11-09T17:22:24.574+0000] {processor.py:153} INFO - Started process (PID=313) to work on /home/airflow/.local/lib/python3.7/site-packages/airflow/example_dags/example_bash_operator.py
[2024-11-09T17:22:24.575+0000] {processor.py:743} INFO - Processing file /home/airflow/.local/lib/python3.7/site-packages/airflow/example_dags/example_bash_operator.py for tasks to queue
[2024-11-09T17:22:24.575+0000] {logging_mixin.py:137} INFO - [2024-11-09T17:22:24.575+0000] {dagbag.py:538} INFO - Filling up the DagBag from /home/airflow/.local/lib/python3.7/site-packages/airflow/example_dags/example_bash_operator.py
[2024-11-09T17:22:24.589+0000] {processor.py:753} INFO - DAG(s) dict_keys(['example_bash_operator']) retrieved from /home/airflow/.local/lib/python3.7/site-packages/airflow/example_dags/example_bash_operator.py
[2024-11-09T17:22:24.610+0000] {logging_mixin.py:137} INFO - [2024-11-09T17:22:24.610+0000] {dag.py:2690} INFO - Sync 1 DAGs
[2024-11-09T17:22:24.624+0000] {logging_mixin.py:137} INFO - [2024-11-09T17:22:24.624+0000] {dag.py:3441} INFO - Setting next_dagrun for example_bash_operator to 2024-11-09T00:00:00+00:00, run_after=2024-11-10T00:00:00+00:00
[2024-11-09T17:22:24.635+0000] {processor.py:175} INFO - Processing /home/airflow/.local/lib/python3.7/site-packages/airflow/example_dags/example_bash_operator.py took 0.062 seconds
[2024-11-09T17:22:55.539+0000] {processor.py:153} INFO - Started process (PID=400) to work on /home/airflow/.local/lib/python3.7/site-packages/airflow/example_dags/example_bash_operator.py
[2024-11-09T17:22:55.540+0000] {processor.py:743} INFO - Processing file /home/airflow/.local/lib/python3.7/site-packages/airflow/example_dags/example_bash_operator.py for tasks to queue
[2024-11-09T17:22:55.540+0000] {logging_mixin.py:137} INFO - [2024-11-09T17:22:55.540+0000] {dagbag.py:538} INFO - Filling up the DagBag from /home/airflow/.local/lib/python3.7/site-packages/airflow/example_dags/example_bash_operator.py
[2024-11-09T17:22:55.552+0000] {processor.py:753} INFO - DAG(s) dict_keys(['example_bash_operator']) retrieved from /home/airflow/.local/lib/python3.7/site-packages/airflow/example_dags/example_bash_operator.py
[2024-11-09T17:22:55.571+0000] {logging_mixin.py:137} INFO - [2024-11-09T17:22:55.571+0000] {dag.py:2690} INFO - Sync 1 DAGs
[2024-11-09T17:22:55.586+0000] {logging_mixin.py:137} INFO - [2024-11-09T17:22:55.586+0000] {dag.py:3441} INFO - Setting next_dagrun for example_bash_operator to 2024-11-09T00:00:00+00:00, run_after=2024-11-10T00:00:00+00:00
[2024-11-09T17:22:55.600+0000] {processor.py:175} INFO - Processing /home/airflow/.local/lib/python3.7/site-packages/airflow/example_dags/example_bash_operator.py took 0.062 seconds
[2024-11-09T17:23:26.393+0000] {processor.py:153} INFO - Started process (PID=487) to work on /home/airflow/.local/lib/python3.7/site-packages/airflow/example_dags/example_bash_operator.py
[2024-11-09T17:23:26.394+0000] {processor.py:743} INFO - Processing file /home/airflow/.local/lib/python3.7/site-packages/airflow/example_dags/example_bash_operator.py for tasks to queue
[2024-11-09T17:23:26.395+0000] {logging_mixin.py:137} INFO - [2024-11-09T17:23:26.394+0000] {dagbag.py:538} INFO - Filling up the DagBag from /home/airflow/.local/lib/python3.7/site-packages/airflow/example_dags/example_bash_operator.py
[2024-11-09T17:23:26.408+0000] {processor.py:753} INFO - DAG(s) dict_keys(['example_bash_operator']) retrieved from /home/airflow/.local/lib/python3.7/site-packages/airflow/example_dags/example_bash_operator.py
[2024-11-09T17:23:26.429+0000] {logging_mixin.py:137} INFO - [2024-11-09T17:23:26.429+0000] {dag.py:2690} INFO - Sync 1 DAGs
[2024-11-09T17:23:26.445+0000] {logging_mixin.py:137} INFO - [2024-11-09T17:23:26.444+0000] {dag.py:3441} INFO - Setting next_dagrun for example_bash_operator to 2024-11-09T00:00:00+00:00, run_after=2024-11-10T00:00:00+00:00
[2024-11-09T17:23:26.458+0000] {processor.py:175} INFO - Processing /home/airflow/.local/lib/python3.7/site-packages/airflow/example_dags/example_bash_operator.py took 0.067 seconds
[2024-11-09T17:28:53.978+0000] {processor.py:153} INFO - Started process (PID=68) to work on /home/airflow/.local/lib/python3.7/site-packages/airflow/example_dags/example_bash_operator.py
[2024-11-09T17:28:53.979+0000] {processor.py:743} INFO - Processing file /home/airflow/.local/lib/python3.7/site-packages/airflow/example_dags/example_bash_operator.py for tasks to queue
[2024-11-09T17:28:53.980+0000] {logging_mixin.py:137} INFO - [2024-11-09T17:28:53.980+0000] {dagbag.py:538} INFO - Filling up the DagBag from /home/airflow/.local/lib/python3.7/site-packages/airflow/example_dags/example_bash_operator.py
[2024-11-09T17:28:53.992+0000] {processor.py:753} INFO - DAG(s) dict_keys(['example_bash_operator']) retrieved from /home/airflow/.local/lib/python3.7/site-packages/airflow/example_dags/example_bash_operator.py
[2024-11-09T17:28:54.003+0000] {logging_mixin.py:137} INFO - [2024-11-09T17:28:54.002+0000] {dag.py:2690} INFO - Sync 1 DAGs
[2024-11-09T17:28:54.017+0000] {logging_mixin.py:137} INFO - [2024-11-09T17:28:54.017+0000] {dag.py:3441} INFO - Setting next_dagrun for example_bash_operator to 2024-11-09T00:00:00+00:00, run_after=2024-11-10T00:00:00+00:00
[2024-11-09T17:28:54.031+0000] {processor.py:175} INFO - Processing /home/airflow/.local/lib/python3.7/site-packages/airflow/example_dags/example_bash_operator.py took 0.055 seconds
[2024-11-09T17:29:24.743+0000] {processor.py:153} INFO - Started process (PID=155) to work on /home/airflow/.local/lib/python3.7/site-packages/airflow/example_dags/example_bash_operator.py
[2024-11-09T17:29:24.746+0000] {processor.py:743} INFO - Processing file /home/airflow/.local/lib/python3.7/site-packages/airflow/example_dags/example_bash_operator.py for tasks to queue
[2024-11-09T17:29:24.748+0000] {logging_mixin.py:137} INFO - [2024-11-09T17:29:24.748+0000] {dagbag.py:538} INFO - Filling up the DagBag from /home/airflow/.local/lib/python3.7/site-packages/airflow/example_dags/example_bash_operator.py
[2024-11-09T17:29:24.760+0000] {processor.py:753} INFO - DAG(s) dict_keys(['example_bash_operator']) retrieved from /home/airflow/.local/lib/python3.7/site-packages/airflow/example_dags/example_bash_operator.py
[2024-11-09T17:29:24.780+0000] {logging_mixin.py:137} INFO - [2024-11-09T17:29:24.780+0000] {dag.py:2690} INFO - Sync 1 DAGs
[2024-11-09T17:29:24.799+0000] {logging_mixin.py:137} INFO - [2024-11-09T17:29:24.799+0000] {dag.py:3441} INFO - Setting next_dagrun for example_bash_operator to 2024-11-09T00:00:00+00:00, run_after=2024-11-10T00:00:00+00:00
[2024-11-09T17:29:24.809+0000] {processor.py:175} INFO - Processing /home/airflow/.local/lib/python3.7/site-packages/airflow/example_dags/example_bash_operator.py took 0.068 seconds
[2024-11-09T17:29:55.671+0000] {processor.py:153} INFO - Started process (PID=226) to work on /home/airflow/.local/lib/python3.7/site-packages/airflow/example_dags/example_bash_operator.py
[2024-11-09T17:29:55.672+0000] {processor.py:743} INFO - Processing file /home/airflow/.local/lib/python3.7/site-packages/airflow/example_dags/example_bash_operator.py for tasks to queue
[2024-11-09T17:29:55.675+0000] {logging_mixin.py:137} INFO - [2024-11-09T17:29:55.674+0000] {dagbag.py:538} INFO - Filling up the DagBag from /home/airflow/.local/lib/python3.7/site-packages/airflow/example_dags/example_bash_operator.py
[2024-11-09T17:29:55.686+0000] {processor.py:753} INFO - DAG(s) dict_keys(['example_bash_operator']) retrieved from /home/airflow/.local/lib/python3.7/site-packages/airflow/example_dags/example_bash_operator.py
[2024-11-09T17:29:55.713+0000] {logging_mixin.py:137} INFO - [2024-11-09T17:29:55.713+0000] {dag.py:2690} INFO - Sync 1 DAGs
[2024-11-09T17:29:55.732+0000] {logging_mixin.py:137} INFO - [2024-11-09T17:29:55.732+0000] {dag.py:3441} INFO - Setting next_dagrun for example_bash_operator to 2024-11-09T00:00:00+00:00, run_after=2024-11-10T00:00:00+00:00
[2024-11-09T17:29:55.749+0000] {processor.py:175} INFO - Processing /home/airflow/.local/lib/python3.7/site-packages/airflow/example_dags/example_bash_operator.py took 0.080 seconds
[2024-11-09T17:30:14.980+0000] {processor.py:153} INFO - Started process (PID=68) to work on /home/airflow/.local/lib/python3.7/site-packages/airflow/example_dags/example_bash_operator.py
[2024-11-09T17:30:14.982+0000] {processor.py:743} INFO - Processing file /home/airflow/.local/lib/python3.7/site-packages/airflow/example_dags/example_bash_operator.py for tasks to queue
[2024-11-09T17:30:14.986+0000] {logging_mixin.py:137} INFO - [2024-11-09T17:30:14.985+0000] {dagbag.py:538} INFO - Filling up the DagBag from /home/airflow/.local/lib/python3.7/site-packages/airflow/example_dags/example_bash_operator.py
[2024-11-09T17:30:15.006+0000] {processor.py:753} INFO - DAG(s) dict_keys(['example_bash_operator']) retrieved from /home/airflow/.local/lib/python3.7/site-packages/airflow/example_dags/example_bash_operator.py
[2024-11-09T17:30:15.015+0000] {logging_mixin.py:137} INFO - [2024-11-09T17:30:15.015+0000] {dag.py:2690} INFO - Sync 1 DAGs
[2024-11-09T17:30:15.037+0000] {logging_mixin.py:137} INFO - [2024-11-09T17:30:15.037+0000] {dag.py:3441} INFO - Setting next_dagrun for example_bash_operator to 2024-11-09T00:00:00+00:00, run_after=2024-11-10T00:00:00+00:00
[2024-11-09T17:30:15.053+0000] {processor.py:175} INFO - Processing /home/airflow/.local/lib/python3.7/site-packages/airflow/example_dags/example_bash_operator.py took 0.077 seconds
[2024-11-09T17:30:45.692+0000] {processor.py:153} INFO - Started process (PID=155) to work on /home/airflow/.local/lib/python3.7/site-packages/airflow/example_dags/example_bash_operator.py
[2024-11-09T17:30:45.693+0000] {processor.py:743} INFO - Processing file /home/airflow/.local/lib/python3.7/site-packages/airflow/example_dags/example_bash_operator.py for tasks to queue
[2024-11-09T17:30:45.694+0000] {logging_mixin.py:137} INFO - [2024-11-09T17:30:45.694+0000] {dagbag.py:538} INFO - Filling up the DagBag from /home/airflow/.local/lib/python3.7/site-packages/airflow/example_dags/example_bash_operator.py
[2024-11-09T17:30:45.707+0000] {processor.py:753} INFO - DAG(s) dict_keys(['example_bash_operator']) retrieved from /home/airflow/.local/lib/python3.7/site-packages/airflow/example_dags/example_bash_operator.py
[2024-11-09T17:30:45.726+0000] {logging_mixin.py:137} INFO - [2024-11-09T17:30:45.726+0000] {dag.py:2690} INFO - Sync 1 DAGs
[2024-11-09T17:30:45.740+0000] {logging_mixin.py:137} INFO - [2024-11-09T17:30:45.740+0000] {dag.py:3441} INFO - Setting next_dagrun for example_bash_operator to 2024-11-09T00:00:00+00:00, run_after=2024-11-10T00:00:00+00:00
[2024-11-09T17:30:45.749+0000] {processor.py:175} INFO - Processing /home/airflow/.local/lib/python3.7/site-packages/airflow/example_dags/example_bash_operator.py took 0.058 seconds
[2024-11-09T17:31:16.373+0000] {processor.py:153} INFO - Started process (PID=226) to work on /home/airflow/.local/lib/python3.7/site-packages/airflow/example_dags/example_bash_operator.py
[2024-11-09T17:31:16.375+0000] {processor.py:743} INFO - Processing file /home/airflow/.local/lib/python3.7/site-packages/airflow/example_dags/example_bash_operator.py for tasks to queue
[2024-11-09T17:31:16.375+0000] {logging_mixin.py:137} INFO - [2024-11-09T17:31:16.375+0000] {dagbag.py:538} INFO - Filling up the DagBag from /home/airflow/.local/lib/python3.7/site-packages/airflow/example_dags/example_bash_operator.py
[2024-11-09T17:31:16.385+0000] {processor.py:753} INFO - DAG(s) dict_keys(['example_bash_operator']) retrieved from /home/airflow/.local/lib/python3.7/site-packages/airflow/example_dags/example_bash_operator.py
[2024-11-09T17:31:16.404+0000] {logging_mixin.py:137} INFO - [2024-11-09T17:31:16.404+0000] {dag.py:2690} INFO - Sync 1 DAGs
[2024-11-09T17:31:16.418+0000] {logging_mixin.py:137} INFO - [2024-11-09T17:31:16.418+0000] {dag.py:3441} INFO - Setting next_dagrun for example_bash_operator to 2024-11-09T00:00:00+00:00, run_after=2024-11-10T00:00:00+00:00
[2024-11-09T17:31:16.427+0000] {processor.py:175} INFO - Processing /home/airflow/.local/lib/python3.7/site-packages/airflow/example_dags/example_bash_operator.py took 0.056 seconds
[2024-11-09T17:31:47.022+0000] {processor.py:153} INFO - Started process (PID=313) to work on /home/airflow/.local/lib/python3.7/site-packages/airflow/example_dags/example_bash_operator.py
[2024-11-09T17:31:47.024+0000] {processor.py:743} INFO - Processing file /home/airflow/.local/lib/python3.7/site-packages/airflow/example_dags/example_bash_operator.py for tasks to queue
[2024-11-09T17:31:47.024+0000] {logging_mixin.py:137} INFO - [2024-11-09T17:31:47.024+0000] {dagbag.py:538} INFO - Filling up the DagBag from /home/airflow/.local/lib/python3.7/site-packages/airflow/example_dags/example_bash_operator.py
[2024-11-09T17:31:47.036+0000] {processor.py:753} INFO - DAG(s) dict_keys(['example_bash_operator']) retrieved from /home/airflow/.local/lib/python3.7/site-packages/airflow/example_dags/example_bash_operator.py
[2024-11-09T17:31:47.056+0000] {logging_mixin.py:137} INFO - [2024-11-09T17:31:47.056+0000] {dag.py:2690} INFO - Sync 1 DAGs
[2024-11-09T17:31:47.071+0000] {logging_mixin.py:137} INFO - [2024-11-09T17:31:47.071+0000] {dag.py:3441} INFO - Setting next_dagrun for example_bash_operator to 2024-11-09T00:00:00+00:00, run_after=2024-11-10T00:00:00+00:00
[2024-11-09T17:31:47.083+0000] {processor.py:175} INFO - Processing /home/airflow/.local/lib/python3.7/site-packages/airflow/example_dags/example_bash_operator.py took 0.063 seconds
[2024-11-09T17:32:17.596+0000] {processor.py:153} INFO - Started process (PID=400) to work on /home/airflow/.local/lib/python3.7/site-packages/airflow/example_dags/example_bash_operator.py
[2024-11-09T17:32:17.597+0000] {processor.py:743} INFO - Processing file /home/airflow/.local/lib/python3.7/site-packages/airflow/example_dags/example_bash_operator.py for tasks to queue
[2024-11-09T17:32:17.599+0000] {logging_mixin.py:137} INFO - [2024-11-09T17:32:17.599+0000] {dagbag.py:538} INFO - Filling up the DagBag from /home/airflow/.local/lib/python3.7/site-packages/airflow/example_dags/example_bash_operator.py
[2024-11-09T17:32:17.611+0000] {processor.py:753} INFO - DAG(s) dict_keys(['example_bash_operator']) retrieved from /home/airflow/.local/lib/python3.7/site-packages/airflow/example_dags/example_bash_operator.py
[2024-11-09T17:32:17.628+0000] {logging_mixin.py:137} INFO - [2024-11-09T17:32:17.628+0000] {dag.py:2690} INFO - Sync 1 DAGs
[2024-11-09T17:32:17.642+0000] {logging_mixin.py:137} INFO - [2024-11-09T17:32:17.642+0000] {dag.py:3441} INFO - Setting next_dagrun for example_bash_operator to 2024-11-09T00:00:00+00:00, run_after=2024-11-10T00:00:00+00:00
[2024-11-09T17:32:17.651+0000] {processor.py:175} INFO - Processing /home/airflow/.local/lib/python3.7/site-packages/airflow/example_dags/example_bash_operator.py took 0.057 seconds
[2024-11-09T17:32:48.288+0000] {processor.py:153} INFO - Started process (PID=471) to work on /home/airflow/.local/lib/python3.7/site-packages/airflow/example_dags/example_bash_operator.py
[2024-11-09T17:32:48.290+0000] {processor.py:743} INFO - Processing file /home/airflow/.local/lib/python3.7/site-packages/airflow/example_dags/example_bash_operator.py for tasks to queue
[2024-11-09T17:32:48.291+0000] {logging_mixin.py:137} INFO - [2024-11-09T17:32:48.291+0000] {dagbag.py:538} INFO - Filling up the DagBag from /home/airflow/.local/lib/python3.7/site-packages/airflow/example_dags/example_bash_operator.py
[2024-11-09T17:32:48.306+0000] {processor.py:753} INFO - DAG(s) dict_keys(['example_bash_operator']) retrieved from /home/airflow/.local/lib/python3.7/site-packages/airflow/example_dags/example_bash_operator.py
[2024-11-09T17:32:48.327+0000] {logging_mixin.py:137} INFO - [2024-11-09T17:32:48.327+0000] {dag.py:2690} INFO - Sync 1 DAGs
[2024-11-09T17:32:48.346+0000] {logging_mixin.py:137} INFO - [2024-11-09T17:32:48.346+0000] {dag.py:3441} INFO - Setting next_dagrun for example_bash_operator to 2024-11-09T00:00:00+00:00, run_after=2024-11-10T00:00:00+00:00
[2024-11-09T17:32:48.361+0000] {processor.py:175} INFO - Processing /home/airflow/.local/lib/python3.7/site-packages/airflow/example_dags/example_bash_operator.py took 0.075 seconds
