[2024-11-09T17:10:06.397+0000] {processor.py:153} INFO - Started process (PID=69) to work on /home/airflow/.local/lib/python3.7/site-packages/airflow/example_dags/example_task_group.py
[2024-11-09T17:10:06.397+0000] {processor.py:743} INFO - Processing file /home/airflow/.local/lib/python3.7/site-packages/airflow/example_dags/example_task_group.py for tasks to queue
[2024-11-09T17:10:06.398+0000] {logging_mixin.py:137} INFO - [2024-11-09T17:10:06.398+0000] {dagbag.py:538} INFO - Filling up the DagBag from /home/airflow/.local/lib/python3.7/site-packages/airflow/example_dags/example_task_group.py
[2024-11-09T17:10:06.407+0000] {processor.py:753} INFO - DAG(s) dict_keys(['example_task_group']) retrieved from /home/airflow/.local/lib/python3.7/site-packages/airflow/example_dags/example_task_group.py
[2024-11-09T17:10:06.416+0000] {logging_mixin.py:137} INFO - [2024-11-09T17:10:06.416+0000] {dag.py:2690} INFO - Sync 1 DAGs
[2024-11-09T17:10:06.431+0000] {logging_mixin.py:137} INFO - [2024-11-09T17:10:06.431+0000] {dag.py:3441} INFO - Setting next_dagrun for example_task_group to 2024-11-08T17:10:06.431753+00:00, run_after=2024-11-09T17:10:06.431753+00:00
[2024-11-09T17:10:06.449+0000] {processor.py:175} INFO - Processing /home/airflow/.local/lib/python3.7/site-packages/airflow/example_dags/example_task_group.py took 0.054 seconds
[2024-11-09T17:10:37.180+0000] {processor.py:153} INFO - Started process (PID=156) to work on /home/airflow/.local/lib/python3.7/site-packages/airflow/example_dags/example_task_group.py
[2024-11-09T17:10:37.181+0000] {processor.py:743} INFO - Processing file /home/airflow/.local/lib/python3.7/site-packages/airflow/example_dags/example_task_group.py for tasks to queue
[2024-11-09T17:10:37.182+0000] {logging_mixin.py:137} INFO - [2024-11-09T17:10:37.181+0000] {dagbag.py:538} INFO - Filling up the DagBag from /home/airflow/.local/lib/python3.7/site-packages/airflow/example_dags/example_task_group.py
[2024-11-09T17:10:37.190+0000] {processor.py:753} INFO - DAG(s) dict_keys(['example_task_group']) retrieved from /home/airflow/.local/lib/python3.7/site-packages/airflow/example_dags/example_task_group.py
[2024-11-09T17:10:37.205+0000] {logging_mixin.py:137} INFO - [2024-11-09T17:10:37.205+0000] {dag.py:2690} INFO - Sync 1 DAGs
[2024-11-09T17:10:37.217+0000] {logging_mixin.py:137} INFO - [2024-11-09T17:10:37.217+0000] {dag.py:3441} INFO - Setting next_dagrun for example_task_group to 2024-11-08T17:10:37.217489+00:00, run_after=2024-11-09T17:10:37.217489+00:00
[2024-11-09T17:10:37.230+0000] {processor.py:175} INFO - Processing /home/airflow/.local/lib/python3.7/site-packages/airflow/example_dags/example_task_group.py took 0.052 seconds
[2024-11-09T17:11:07.833+0000] {processor.py:153} INFO - Started process (PID=233) to work on /home/airflow/.local/lib/python3.7/site-packages/airflow/example_dags/example_task_group.py
[2024-11-09T17:11:07.834+0000] {processor.py:743} INFO - Processing file /home/airflow/.local/lib/python3.7/site-packages/airflow/example_dags/example_task_group.py for tasks to queue
[2024-11-09T17:11:07.834+0000] {logging_mixin.py:137} INFO - [2024-11-09T17:11:07.834+0000] {dagbag.py:538} INFO - Filling up the DagBag from /home/airflow/.local/lib/python3.7/site-packages/airflow/example_dags/example_task_group.py
[2024-11-09T17:11:07.850+0000] {processor.py:753} INFO - DAG(s) dict_keys(['example_task_group']) retrieved from /home/airflow/.local/lib/python3.7/site-packages/airflow/example_dags/example_task_group.py
[2024-11-09T17:11:07.867+0000] {logging_mixin.py:137} INFO - [2024-11-09T17:11:07.867+0000] {dag.py:2690} INFO - Sync 1 DAGs
[2024-11-09T17:11:07.885+0000] {logging_mixin.py:137} INFO - [2024-11-09T17:11:07.885+0000] {dag.py:3441} INFO - Setting next_dagrun for example_task_group to 2024-11-08T17:11:07.884944+00:00, run_after=2024-11-09T17:11:07.884944+00:00
[2024-11-09T17:11:07.901+0000] {processor.py:175} INFO - Processing /home/airflow/.local/lib/python3.7/site-packages/airflow/example_dags/example_task_group.py took 0.069 seconds
[2024-11-09T17:11:38.650+0000] {processor.py:153} INFO - Started process (PID=313) to work on /home/airflow/.local/lib/python3.7/site-packages/airflow/example_dags/example_task_group.py
[2024-11-09T17:11:38.652+0000] {processor.py:743} INFO - Processing file /home/airflow/.local/lib/python3.7/site-packages/airflow/example_dags/example_task_group.py for tasks to queue
[2024-11-09T17:11:38.653+0000] {logging_mixin.py:137} INFO - [2024-11-09T17:11:38.653+0000] {dagbag.py:538} INFO - Filling up the DagBag from /home/airflow/.local/lib/python3.7/site-packages/airflow/example_dags/example_task_group.py
[2024-11-09T17:11:38.661+0000] {processor.py:753} INFO - DAG(s) dict_keys(['example_task_group']) retrieved from /home/airflow/.local/lib/python3.7/site-packages/airflow/example_dags/example_task_group.py
[2024-11-09T17:11:38.678+0000] {logging_mixin.py:137} INFO - [2024-11-09T17:11:38.678+0000] {dag.py:2690} INFO - Sync 1 DAGs
[2024-11-09T17:11:38.692+0000] {logging_mixin.py:137} INFO - [2024-11-09T17:11:38.692+0000] {dag.py:3441} INFO - Setting next_dagrun for example_task_group to 2024-11-08T17:11:38.692138+00:00, run_after=2024-11-09T17:11:38.692138+00:00
[2024-11-09T17:11:38.705+0000] {processor.py:175} INFO - Processing /home/airflow/.local/lib/python3.7/site-packages/airflow/example_dags/example_task_group.py took 0.057 seconds
[2024-11-09T17:12:09.322+0000] {processor.py:153} INFO - Started process (PID=400) to work on /home/airflow/.local/lib/python3.7/site-packages/airflow/example_dags/example_task_group.py
[2024-11-09T17:12:09.323+0000] {processor.py:743} INFO - Processing file /home/airflow/.local/lib/python3.7/site-packages/airflow/example_dags/example_task_group.py for tasks to queue
[2024-11-09T17:12:09.323+0000] {logging_mixin.py:137} INFO - [2024-11-09T17:12:09.323+0000] {dagbag.py:538} INFO - Filling up the DagBag from /home/airflow/.local/lib/python3.7/site-packages/airflow/example_dags/example_task_group.py
[2024-11-09T17:12:09.334+0000] {processor.py:753} INFO - DAG(s) dict_keys(['example_task_group']) retrieved from /home/airflow/.local/lib/python3.7/site-packages/airflow/example_dags/example_task_group.py
[2024-11-09T17:12:09.350+0000] {logging_mixin.py:137} INFO - [2024-11-09T17:12:09.350+0000] {dag.py:2690} INFO - Sync 1 DAGs
[2024-11-09T17:12:09.365+0000] {logging_mixin.py:137} INFO - [2024-11-09T17:12:09.365+0000] {dag.py:3441} INFO - Setting next_dagrun for example_task_group to 2024-11-08T17:12:09.364935+00:00, run_after=2024-11-09T17:12:09.364935+00:00
[2024-11-09T17:12:09.374+0000] {processor.py:175} INFO - Processing /home/airflow/.local/lib/python3.7/site-packages/airflow/example_dags/example_task_group.py took 0.054 seconds
[2024-11-09T17:12:39.972+0000] {processor.py:153} INFO - Started process (PID=487) to work on /home/airflow/.local/lib/python3.7/site-packages/airflow/example_dags/example_task_group.py
[2024-11-09T17:12:39.973+0000] {processor.py:743} INFO - Processing file /home/airflow/.local/lib/python3.7/site-packages/airflow/example_dags/example_task_group.py for tasks to queue
[2024-11-09T17:12:39.973+0000] {logging_mixin.py:137} INFO - [2024-11-09T17:12:39.973+0000] {dagbag.py:538} INFO - Filling up the DagBag from /home/airflow/.local/lib/python3.7/site-packages/airflow/example_dags/example_task_group.py
[2024-11-09T17:12:39.982+0000] {processor.py:753} INFO - DAG(s) dict_keys(['example_task_group']) retrieved from /home/airflow/.local/lib/python3.7/site-packages/airflow/example_dags/example_task_group.py
[2024-11-09T17:12:39.995+0000] {logging_mixin.py:137} INFO - [2024-11-09T17:12:39.995+0000] {dag.py:2690} INFO - Sync 1 DAGs
[2024-11-09T17:12:40.009+0000] {logging_mixin.py:137} INFO - [2024-11-09T17:12:40.009+0000] {dag.py:3441} INFO - Setting next_dagrun for example_task_group to 2024-11-08T17:12:40.008895+00:00, run_after=2024-11-09T17:12:40.008895+00:00
[2024-11-09T17:12:40.020+0000] {processor.py:175} INFO - Processing /home/airflow/.local/lib/python3.7/site-packages/airflow/example_dags/example_task_group.py took 0.049 seconds
[2024-11-09T17:13:10.619+0000] {processor.py:153} INFO - Started process (PID=558) to work on /home/airflow/.local/lib/python3.7/site-packages/airflow/example_dags/example_task_group.py
[2024-11-09T17:13:10.620+0000] {processor.py:743} INFO - Processing file /home/airflow/.local/lib/python3.7/site-packages/airflow/example_dags/example_task_group.py for tasks to queue
[2024-11-09T17:13:10.621+0000] {logging_mixin.py:137} INFO - [2024-11-09T17:13:10.621+0000] {dagbag.py:538} INFO - Filling up the DagBag from /home/airflow/.local/lib/python3.7/site-packages/airflow/example_dags/example_task_group.py
[2024-11-09T17:13:10.630+0000] {processor.py:753} INFO - DAG(s) dict_keys(['example_task_group']) retrieved from /home/airflow/.local/lib/python3.7/site-packages/airflow/example_dags/example_task_group.py
[2024-11-09T17:13:10.644+0000] {logging_mixin.py:137} INFO - [2024-11-09T17:13:10.644+0000] {dag.py:2690} INFO - Sync 1 DAGs
[2024-11-09T17:13:10.658+0000] {logging_mixin.py:137} INFO - [2024-11-09T17:13:10.658+0000] {dag.py:3441} INFO - Setting next_dagrun for example_task_group to 2024-11-08T17:13:10.658211+00:00, run_after=2024-11-09T17:13:10.658211+00:00
[2024-11-09T17:13:10.670+0000] {processor.py:175} INFO - Processing /home/airflow/.local/lib/python3.7/site-packages/airflow/example_dags/example_task_group.py took 0.053 seconds
[2024-11-09T17:13:42.660+0000] {processor.py:153} INFO - Started process (PID=645) to work on /home/airflow/.local/lib/python3.7/site-packages/airflow/example_dags/example_task_group.py
[2024-11-09T17:13:42.662+0000] {processor.py:743} INFO - Processing file /home/airflow/.local/lib/python3.7/site-packages/airflow/example_dags/example_task_group.py for tasks to queue
[2024-11-09T17:13:42.664+0000] {logging_mixin.py:137} INFO - [2024-11-09T17:13:42.664+0000] {dagbag.py:538} INFO - Filling up the DagBag from /home/airflow/.local/lib/python3.7/site-packages/airflow/example_dags/example_task_group.py
[2024-11-09T17:13:42.680+0000] {processor.py:753} INFO - DAG(s) dict_keys(['example_task_group']) retrieved from /home/airflow/.local/lib/python3.7/site-packages/airflow/example_dags/example_task_group.py
[2024-11-09T17:13:42.703+0000] {logging_mixin.py:137} INFO - [2024-11-09T17:13:42.703+0000] {dag.py:2690} INFO - Sync 1 DAGs
[2024-11-09T17:13:42.729+0000] {logging_mixin.py:137} INFO - [2024-11-09T17:13:42.729+0000] {dag.py:3441} INFO - Setting next_dagrun for example_task_group to 2024-11-08T17:13:42.728819+00:00, run_after=2024-11-09T17:13:42.728819+00:00
[2024-11-09T17:13:42.763+0000] {processor.py:175} INFO - Processing /home/airflow/.local/lib/python3.7/site-packages/airflow/example_dags/example_task_group.py took 0.105 seconds
[2024-11-09T17:14:13.714+0000] {processor.py:153} INFO - Started process (PID=732) to work on /home/airflow/.local/lib/python3.7/site-packages/airflow/example_dags/example_task_group.py
[2024-11-09T17:14:13.715+0000] {processor.py:743} INFO - Processing file /home/airflow/.local/lib/python3.7/site-packages/airflow/example_dags/example_task_group.py for tasks to queue
[2024-11-09T17:14:13.716+0000] {logging_mixin.py:137} INFO - [2024-11-09T17:14:13.716+0000] {dagbag.py:538} INFO - Filling up the DagBag from /home/airflow/.local/lib/python3.7/site-packages/airflow/example_dags/example_task_group.py
[2024-11-09T17:14:13.724+0000] {processor.py:753} INFO - DAG(s) dict_keys(['example_task_group']) retrieved from /home/airflow/.local/lib/python3.7/site-packages/airflow/example_dags/example_task_group.py
[2024-11-09T17:14:13.739+0000] {logging_mixin.py:137} INFO - [2024-11-09T17:14:13.739+0000] {dag.py:2690} INFO - Sync 1 DAGs
[2024-11-09T17:14:13.757+0000] {logging_mixin.py:137} INFO - [2024-11-09T17:14:13.757+0000] {dag.py:3441} INFO - Setting next_dagrun for example_task_group to 2024-11-08T17:14:13.757600+00:00, run_after=2024-11-09T17:14:13.757600+00:00
[2024-11-09T17:14:13.768+0000] {processor.py:175} INFO - Processing /home/airflow/.local/lib/python3.7/site-packages/airflow/example_dags/example_task_group.py took 0.056 seconds
[2024-11-09T17:14:44.545+0000] {processor.py:153} INFO - Started process (PID=803) to work on /home/airflow/.local/lib/python3.7/site-packages/airflow/example_dags/example_task_group.py
[2024-11-09T17:14:44.548+0000] {processor.py:743} INFO - Processing file /home/airflow/.local/lib/python3.7/site-packages/airflow/example_dags/example_task_group.py for tasks to queue
[2024-11-09T17:14:44.549+0000] {logging_mixin.py:137} INFO - [2024-11-09T17:14:44.549+0000] {dagbag.py:538} INFO - Filling up the DagBag from /home/airflow/.local/lib/python3.7/site-packages/airflow/example_dags/example_task_group.py
[2024-11-09T17:14:44.558+0000] {processor.py:753} INFO - DAG(s) dict_keys(['example_task_group']) retrieved from /home/airflow/.local/lib/python3.7/site-packages/airflow/example_dags/example_task_group.py
[2024-11-09T17:14:44.575+0000] {logging_mixin.py:137} INFO - [2024-11-09T17:14:44.575+0000] {dag.py:2690} INFO - Sync 1 DAGs
[2024-11-09T17:14:44.593+0000] {logging_mixin.py:137} INFO - [2024-11-09T17:14:44.593+0000] {dag.py:3441} INFO - Setting next_dagrun for example_task_group to 2024-11-08T17:14:44.593672+00:00, run_after=2024-11-09T17:14:44.593672+00:00
[2024-11-09T17:14:44.612+0000] {processor.py:175} INFO - Processing /home/airflow/.local/lib/python3.7/site-packages/airflow/example_dags/example_task_group.py took 0.069 seconds
[2024-11-09T17:15:15.442+0000] {processor.py:153} INFO - Started process (PID=890) to work on /home/airflow/.local/lib/python3.7/site-packages/airflow/example_dags/example_task_group.py
[2024-11-09T17:15:15.444+0000] {processor.py:743} INFO - Processing file /home/airflow/.local/lib/python3.7/site-packages/airflow/example_dags/example_task_group.py for tasks to queue
[2024-11-09T17:15:15.446+0000] {logging_mixin.py:137} INFO - [2024-11-09T17:15:15.446+0000] {dagbag.py:538} INFO - Filling up the DagBag from /home/airflow/.local/lib/python3.7/site-packages/airflow/example_dags/example_task_group.py
[2024-11-09T17:15:15.453+0000] {processor.py:753} INFO - DAG(s) dict_keys(['example_task_group']) retrieved from /home/airflow/.local/lib/python3.7/site-packages/airflow/example_dags/example_task_group.py
[2024-11-09T17:15:15.468+0000] {logging_mixin.py:137} INFO - [2024-11-09T17:15:15.468+0000] {dag.py:2690} INFO - Sync 1 DAGs
[2024-11-09T17:15:15.490+0000] {logging_mixin.py:137} INFO - [2024-11-09T17:15:15.490+0000] {dag.py:3441} INFO - Setting next_dagrun for example_task_group to 2024-11-08T17:15:15.489895+00:00, run_after=2024-11-09T17:15:15.489895+00:00
[2024-11-09T17:15:15.503+0000] {processor.py:175} INFO - Processing /home/airflow/.local/lib/python3.7/site-packages/airflow/example_dags/example_task_group.py took 0.063 seconds
[2024-11-09T17:15:46.287+0000] {processor.py:153} INFO - Started process (PID=977) to work on /home/airflow/.local/lib/python3.7/site-packages/airflow/example_dags/example_task_group.py
[2024-11-09T17:15:46.288+0000] {processor.py:743} INFO - Processing file /home/airflow/.local/lib/python3.7/site-packages/airflow/example_dags/example_task_group.py for tasks to queue
[2024-11-09T17:15:46.289+0000] {logging_mixin.py:137} INFO - [2024-11-09T17:15:46.288+0000] {dagbag.py:538} INFO - Filling up the DagBag from /home/airflow/.local/lib/python3.7/site-packages/airflow/example_dags/example_task_group.py
[2024-11-09T17:15:46.298+0000] {processor.py:753} INFO - DAG(s) dict_keys(['example_task_group']) retrieved from /home/airflow/.local/lib/python3.7/site-packages/airflow/example_dags/example_task_group.py
[2024-11-09T17:15:46.310+0000] {logging_mixin.py:137} INFO - [2024-11-09T17:15:46.310+0000] {dag.py:2690} INFO - Sync 1 DAGs
[2024-11-09T17:15:46.325+0000] {logging_mixin.py:137} INFO - [2024-11-09T17:15:46.325+0000] {dag.py:3441} INFO - Setting next_dagrun for example_task_group to 2024-11-08T17:15:46.325312+00:00, run_after=2024-11-09T17:15:46.325312+00:00
[2024-11-09T17:15:46.336+0000] {processor.py:175} INFO - Processing /home/airflow/.local/lib/python3.7/site-packages/airflow/example_dags/example_task_group.py took 0.051 seconds
[2024-11-09T17:16:17.036+0000] {processor.py:153} INFO - Started process (PID=1064) to work on /home/airflow/.local/lib/python3.7/site-packages/airflow/example_dags/example_task_group.py
[2024-11-09T17:16:17.037+0000] {processor.py:743} INFO - Processing file /home/airflow/.local/lib/python3.7/site-packages/airflow/example_dags/example_task_group.py for tasks to queue
[2024-11-09T17:16:17.039+0000] {logging_mixin.py:137} INFO - [2024-11-09T17:16:17.039+0000] {dagbag.py:538} INFO - Filling up the DagBag from /home/airflow/.local/lib/python3.7/site-packages/airflow/example_dags/example_task_group.py
[2024-11-09T17:16:17.049+0000] {processor.py:753} INFO - DAG(s) dict_keys(['example_task_group']) retrieved from /home/airflow/.local/lib/python3.7/site-packages/airflow/example_dags/example_task_group.py
[2024-11-09T17:16:17.063+0000] {logging_mixin.py:137} INFO - [2024-11-09T17:16:17.063+0000] {dag.py:2690} INFO - Sync 1 DAGs
[2024-11-09T17:16:17.076+0000] {logging_mixin.py:137} INFO - [2024-11-09T17:16:17.076+0000] {dag.py:3441} INFO - Setting next_dagrun for example_task_group to 2024-11-08T17:16:17.076354+00:00, run_after=2024-11-09T17:16:17.076354+00:00
[2024-11-09T17:16:17.089+0000] {processor.py:175} INFO - Processing /home/airflow/.local/lib/python3.7/site-packages/airflow/example_dags/example_task_group.py took 0.055 seconds
[2024-11-09T17:16:47.201+0000] {processor.py:153} INFO - Started process (PID=1134) to work on /home/airflow/.local/lib/python3.7/site-packages/airflow/example_dags/example_task_group.py
[2024-11-09T17:16:47.202+0000] {processor.py:743} INFO - Processing file /home/airflow/.local/lib/python3.7/site-packages/airflow/example_dags/example_task_group.py for tasks to queue
[2024-11-09T17:16:47.202+0000] {logging_mixin.py:137} INFO - [2024-11-09T17:16:47.202+0000] {dagbag.py:538} INFO - Filling up the DagBag from /home/airflow/.local/lib/python3.7/site-packages/airflow/example_dags/example_task_group.py
[2024-11-09T17:16:47.212+0000] {processor.py:753} INFO - DAG(s) dict_keys(['example_task_group']) retrieved from /home/airflow/.local/lib/python3.7/site-packages/airflow/example_dags/example_task_group.py
[2024-11-09T17:16:47.226+0000] {logging_mixin.py:137} INFO - [2024-11-09T17:16:47.226+0000] {dag.py:2690} INFO - Sync 1 DAGs
[2024-11-09T17:16:47.240+0000] {logging_mixin.py:137} INFO - [2024-11-09T17:16:47.240+0000] {dag.py:3441} INFO - Setting next_dagrun for example_task_group to 2024-11-08T17:16:47.239955+00:00, run_after=2024-11-09T17:16:47.239955+00:00
[2024-11-09T17:16:47.252+0000] {processor.py:175} INFO - Processing /home/airflow/.local/lib/python3.7/site-packages/airflow/example_dags/example_task_group.py took 0.053 seconds
[2024-11-09T17:17:17.996+0000] {processor.py:153} INFO - Started process (PID=1221) to work on /home/airflow/.local/lib/python3.7/site-packages/airflow/example_dags/example_task_group.py
[2024-11-09T17:17:17.996+0000] {processor.py:743} INFO - Processing file /home/airflow/.local/lib/python3.7/site-packages/airflow/example_dags/example_task_group.py for tasks to queue
[2024-11-09T17:17:17.997+0000] {logging_mixin.py:137} INFO - [2024-11-09T17:17:17.997+0000] {dagbag.py:538} INFO - Filling up the DagBag from /home/airflow/.local/lib/python3.7/site-packages/airflow/example_dags/example_task_group.py
[2024-11-09T17:17:18.004+0000] {processor.py:753} INFO - DAG(s) dict_keys(['example_task_group']) retrieved from /home/airflow/.local/lib/python3.7/site-packages/airflow/example_dags/example_task_group.py
[2024-11-09T17:17:18.017+0000] {logging_mixin.py:137} INFO - [2024-11-09T17:17:18.017+0000] {dag.py:2690} INFO - Sync 1 DAGs
[2024-11-09T17:17:18.028+0000] {logging_mixin.py:137} INFO - [2024-11-09T17:17:18.028+0000] {dag.py:3441} INFO - Setting next_dagrun for example_task_group to 2024-11-08T17:17:18.028422+00:00, run_after=2024-11-09T17:17:18.028422+00:00
[2024-11-09T17:17:18.037+0000] {processor.py:175} INFO - Processing /home/airflow/.local/lib/python3.7/site-packages/airflow/example_dags/example_task_group.py took 0.043 seconds
[2024-11-09T17:17:48.831+0000] {processor.py:153} INFO - Started process (PID=1308) to work on /home/airflow/.local/lib/python3.7/site-packages/airflow/example_dags/example_task_group.py
[2024-11-09T17:17:48.832+0000] {processor.py:743} INFO - Processing file /home/airflow/.local/lib/python3.7/site-packages/airflow/example_dags/example_task_group.py for tasks to queue
[2024-11-09T17:17:48.832+0000] {logging_mixin.py:137} INFO - [2024-11-09T17:17:48.832+0000] {dagbag.py:538} INFO - Filling up the DagBag from /home/airflow/.local/lib/python3.7/site-packages/airflow/example_dags/example_task_group.py
[2024-11-09T17:17:48.840+0000] {processor.py:753} INFO - DAG(s) dict_keys(['example_task_group']) retrieved from /home/airflow/.local/lib/python3.7/site-packages/airflow/example_dags/example_task_group.py
[2024-11-09T17:17:48.852+0000] {logging_mixin.py:137} INFO - [2024-11-09T17:17:48.852+0000] {dag.py:2690} INFO - Sync 1 DAGs
[2024-11-09T17:17:48.865+0000] {logging_mixin.py:137} INFO - [2024-11-09T17:17:48.865+0000] {dag.py:3441} INFO - Setting next_dagrun for example_task_group to 2024-11-08T17:17:48.865039+00:00, run_after=2024-11-09T17:17:48.865039+00:00
[2024-11-09T17:17:48.873+0000] {processor.py:175} INFO - Processing /home/airflow/.local/lib/python3.7/site-packages/airflow/example_dags/example_task_group.py took 0.044 seconds
[2024-11-09T17:18:19.653+0000] {processor.py:153} INFO - Started process (PID=1379) to work on /home/airflow/.local/lib/python3.7/site-packages/airflow/example_dags/example_task_group.py
[2024-11-09T17:18:19.654+0000] {processor.py:743} INFO - Processing file /home/airflow/.local/lib/python3.7/site-packages/airflow/example_dags/example_task_group.py for tasks to queue
[2024-11-09T17:18:19.654+0000] {logging_mixin.py:137} INFO - [2024-11-09T17:18:19.654+0000] {dagbag.py:538} INFO - Filling up the DagBag from /home/airflow/.local/lib/python3.7/site-packages/airflow/example_dags/example_task_group.py
[2024-11-09T17:18:19.662+0000] {processor.py:753} INFO - DAG(s) dict_keys(['example_task_group']) retrieved from /home/airflow/.local/lib/python3.7/site-packages/airflow/example_dags/example_task_group.py
[2024-11-09T17:18:19.677+0000] {logging_mixin.py:137} INFO - [2024-11-09T17:18:19.677+0000] {dag.py:2690} INFO - Sync 1 DAGs
[2024-11-09T17:18:19.691+0000] {logging_mixin.py:137} INFO - [2024-11-09T17:18:19.691+0000] {dag.py:3441} INFO - Setting next_dagrun for example_task_group to 2024-11-08T17:18:19.691100+00:00, run_after=2024-11-09T17:18:19.691100+00:00
[2024-11-09T17:18:19.706+0000] {processor.py:175} INFO - Processing /home/airflow/.local/lib/python3.7/site-packages/airflow/example_dags/example_task_group.py took 0.055 seconds
[2024-11-09T17:18:50.527+0000] {processor.py:153} INFO - Started process (PID=1466) to work on /home/airflow/.local/lib/python3.7/site-packages/airflow/example_dags/example_task_group.py
[2024-11-09T17:18:50.528+0000] {processor.py:743} INFO - Processing file /home/airflow/.local/lib/python3.7/site-packages/airflow/example_dags/example_task_group.py for tasks to queue
[2024-11-09T17:18:50.528+0000] {logging_mixin.py:137} INFO - [2024-11-09T17:18:50.528+0000] {dagbag.py:538} INFO - Filling up the DagBag from /home/airflow/.local/lib/python3.7/site-packages/airflow/example_dags/example_task_group.py
[2024-11-09T17:18:50.537+0000] {processor.py:753} INFO - DAG(s) dict_keys(['example_task_group']) retrieved from /home/airflow/.local/lib/python3.7/site-packages/airflow/example_dags/example_task_group.py
[2024-11-09T17:18:50.550+0000] {logging_mixin.py:137} INFO - [2024-11-09T17:18:50.550+0000] {dag.py:2690} INFO - Sync 1 DAGs
[2024-11-09T17:18:50.563+0000] {logging_mixin.py:137} INFO - [2024-11-09T17:18:50.563+0000] {dag.py:3441} INFO - Setting next_dagrun for example_task_group to 2024-11-08T17:18:50.563262+00:00, run_after=2024-11-09T17:18:50.563262+00:00
[2024-11-09T17:18:50.573+0000] {processor.py:175} INFO - Processing /home/airflow/.local/lib/python3.7/site-packages/airflow/example_dags/example_task_group.py took 0.047 seconds
[2024-11-09T17:19:21.399+0000] {processor.py:153} INFO - Started process (PID=1553) to work on /home/airflow/.local/lib/python3.7/site-packages/airflow/example_dags/example_task_group.py
[2024-11-09T17:19:21.400+0000] {processor.py:743} INFO - Processing file /home/airflow/.local/lib/python3.7/site-packages/airflow/example_dags/example_task_group.py for tasks to queue
[2024-11-09T17:19:21.402+0000] {logging_mixin.py:137} INFO - [2024-11-09T17:19:21.401+0000] {dagbag.py:538} INFO - Filling up the DagBag from /home/airflow/.local/lib/python3.7/site-packages/airflow/example_dags/example_task_group.py
[2024-11-09T17:19:21.414+0000] {processor.py:753} INFO - DAG(s) dict_keys(['example_task_group']) retrieved from /home/airflow/.local/lib/python3.7/site-packages/airflow/example_dags/example_task_group.py
[2024-11-09T17:19:21.430+0000] {logging_mixin.py:137} INFO - [2024-11-09T17:19:21.430+0000] {dag.py:2690} INFO - Sync 1 DAGs
[2024-11-09T17:19:21.446+0000] {logging_mixin.py:137} INFO - [2024-11-09T17:19:21.446+0000] {dag.py:3441} INFO - Setting next_dagrun for example_task_group to 2024-11-08T17:19:21.445877+00:00, run_after=2024-11-09T17:19:21.445877+00:00
[2024-11-09T17:19:21.456+0000] {processor.py:175} INFO - Processing /home/airflow/.local/lib/python3.7/site-packages/airflow/example_dags/example_task_group.py took 0.059 seconds
[2024-11-09T17:19:52.492+0000] {processor.py:153} INFO - Started process (PID=1640) to work on /home/airflow/.local/lib/python3.7/site-packages/airflow/example_dags/example_task_group.py
[2024-11-09T17:19:52.493+0000] {processor.py:743} INFO - Processing file /home/airflow/.local/lib/python3.7/site-packages/airflow/example_dags/example_task_group.py for tasks to queue
[2024-11-09T17:19:52.495+0000] {logging_mixin.py:137} INFO - [2024-11-09T17:19:52.495+0000] {dagbag.py:538} INFO - Filling up the DagBag from /home/airflow/.local/lib/python3.7/site-packages/airflow/example_dags/example_task_group.py
[2024-11-09T17:19:52.503+0000] {processor.py:753} INFO - DAG(s) dict_keys(['example_task_group']) retrieved from /home/airflow/.local/lib/python3.7/site-packages/airflow/example_dags/example_task_group.py
[2024-11-09T17:19:52.518+0000] {logging_mixin.py:137} INFO - [2024-11-09T17:19:52.518+0000] {dag.py:2690} INFO - Sync 1 DAGs
[2024-11-09T17:19:52.534+0000] {logging_mixin.py:137} INFO - [2024-11-09T17:19:52.534+0000] {dag.py:3441} INFO - Setting next_dagrun for example_task_group to 2024-11-08T17:19:52.534530+00:00, run_after=2024-11-09T17:19:52.534530+00:00
[2024-11-09T17:19:52.547+0000] {processor.py:175} INFO - Processing /home/airflow/.local/lib/python3.7/site-packages/airflow/example_dags/example_task_group.py took 0.056 seconds
[2024-11-09T17:20:23.246+0000] {processor.py:153} INFO - Started process (PID=1720) to work on /home/airflow/.local/lib/python3.7/site-packages/airflow/example_dags/example_task_group.py
[2024-11-09T17:20:23.247+0000] {processor.py:743} INFO - Processing file /home/airflow/.local/lib/python3.7/site-packages/airflow/example_dags/example_task_group.py for tasks to queue
[2024-11-09T17:20:23.247+0000] {logging_mixin.py:137} INFO - [2024-11-09T17:20:23.247+0000] {dagbag.py:538} INFO - Filling up the DagBag from /home/airflow/.local/lib/python3.7/site-packages/airflow/example_dags/example_task_group.py
[2024-11-09T17:20:23.258+0000] {processor.py:753} INFO - DAG(s) dict_keys(['example_task_group']) retrieved from /home/airflow/.local/lib/python3.7/site-packages/airflow/example_dags/example_task_group.py
[2024-11-09T17:20:23.276+0000] {logging_mixin.py:137} INFO - [2024-11-09T17:20:23.276+0000] {dag.py:2690} INFO - Sync 1 DAGs
[2024-11-09T17:20:23.291+0000] {logging_mixin.py:137} INFO - [2024-11-09T17:20:23.291+0000] {dag.py:3441} INFO - Setting next_dagrun for example_task_group to 2024-11-08T17:20:23.291401+00:00, run_after=2024-11-09T17:20:23.291401+00:00
[2024-11-09T17:20:23.301+0000] {processor.py:175} INFO - Processing /home/airflow/.local/lib/python3.7/site-packages/airflow/example_dags/example_task_group.py took 0.056 seconds
[2024-11-09T17:20:51.492+0000] {processor.py:153} INFO - Started process (PID=59) to work on /home/airflow/.local/lib/python3.7/site-packages/airflow/example_dags/example_task_group.py
[2024-11-09T17:20:51.493+0000] {processor.py:743} INFO - Processing file /home/airflow/.local/lib/python3.7/site-packages/airflow/example_dags/example_task_group.py for tasks to queue
[2024-11-09T17:20:51.494+0000] {logging_mixin.py:137} INFO - [2024-11-09T17:20:51.493+0000] {dagbag.py:538} INFO - Filling up the DagBag from /home/airflow/.local/lib/python3.7/site-packages/airflow/example_dags/example_task_group.py
[2024-11-09T17:20:51.502+0000] {processor.py:753} INFO - DAG(s) dict_keys(['example_task_group']) retrieved from /home/airflow/.local/lib/python3.7/site-packages/airflow/example_dags/example_task_group.py
[2024-11-09T17:20:51.519+0000] {logging_mixin.py:137} INFO - [2024-11-09T17:20:51.519+0000] {dag.py:2690} INFO - Sync 1 DAGs
[2024-11-09T17:20:51.536+0000] {logging_mixin.py:137} INFO - [2024-11-09T17:20:51.536+0000] {dag.py:3441} INFO - Setting next_dagrun for example_task_group to 2024-11-08T17:20:51.536059+00:00, run_after=2024-11-09T17:20:51.536059+00:00
[2024-11-09T17:20:51.559+0000] {processor.py:175} INFO - Processing /home/airflow/.local/lib/python3.7/site-packages/airflow/example_dags/example_task_group.py took 0.068 seconds
[2024-11-09T17:21:22.442+0000] {processor.py:153} INFO - Started process (PID=146) to work on /home/airflow/.local/lib/python3.7/site-packages/airflow/example_dags/example_task_group.py
[2024-11-09T17:21:22.443+0000] {processor.py:743} INFO - Processing file /home/airflow/.local/lib/python3.7/site-packages/airflow/example_dags/example_task_group.py for tasks to queue
[2024-11-09T17:21:22.443+0000] {logging_mixin.py:137} INFO - [2024-11-09T17:21:22.443+0000] {dagbag.py:538} INFO - Filling up the DagBag from /home/airflow/.local/lib/python3.7/site-packages/airflow/example_dags/example_task_group.py
[2024-11-09T17:21:22.453+0000] {processor.py:753} INFO - DAG(s) dict_keys(['example_task_group']) retrieved from /home/airflow/.local/lib/python3.7/site-packages/airflow/example_dags/example_task_group.py
[2024-11-09T17:21:22.472+0000] {logging_mixin.py:137} INFO - [2024-11-09T17:21:22.472+0000] {dag.py:2690} INFO - Sync 1 DAGs
[2024-11-09T17:21:22.488+0000] {logging_mixin.py:137} INFO - [2024-11-09T17:21:22.487+0000] {dag.py:3441} INFO - Setting next_dagrun for example_task_group to 2024-11-08T17:21:22.487808+00:00, run_after=2024-11-09T17:21:22.487808+00:00
[2024-11-09T17:21:22.504+0000] {processor.py:175} INFO - Processing /home/airflow/.local/lib/python3.7/site-packages/airflow/example_dags/example_task_group.py took 0.064 seconds
[2024-11-09T17:21:53.193+0000] {processor.py:153} INFO - Started process (PID=217) to work on /home/airflow/.local/lib/python3.7/site-packages/airflow/example_dags/example_task_group.py
[2024-11-09T17:21:53.198+0000] {processor.py:743} INFO - Processing file /home/airflow/.local/lib/python3.7/site-packages/airflow/example_dags/example_task_group.py for tasks to queue
[2024-11-09T17:21:53.201+0000] {logging_mixin.py:137} INFO - [2024-11-09T17:21:53.200+0000] {dagbag.py:538} INFO - Filling up the DagBag from /home/airflow/.local/lib/python3.7/site-packages/airflow/example_dags/example_task_group.py
[2024-11-09T17:21:53.237+0000] {processor.py:753} INFO - DAG(s) dict_keys(['example_task_group']) retrieved from /home/airflow/.local/lib/python3.7/site-packages/airflow/example_dags/example_task_group.py
[2024-11-09T17:21:53.265+0000] {logging_mixin.py:137} INFO - [2024-11-09T17:21:53.265+0000] {dag.py:2690} INFO - Sync 1 DAGs
[2024-11-09T17:21:53.348+0000] {logging_mixin.py:137} INFO - [2024-11-09T17:21:53.341+0000] {dag.py:3441} INFO - Setting next_dagrun for example_task_group to 2024-11-08T17:21:53.339842+00:00, run_after=2024-11-09T17:21:53.339842+00:00
[2024-11-09T17:21:53.386+0000] {processor.py:175} INFO - Processing /home/airflow/.local/lib/python3.7/site-packages/airflow/example_dags/example_task_group.py took 0.199 seconds
[2024-11-09T17:22:24.221+0000] {processor.py:153} INFO - Started process (PID=304) to work on /home/airflow/.local/lib/python3.7/site-packages/airflow/example_dags/example_task_group.py
[2024-11-09T17:22:24.222+0000] {processor.py:743} INFO - Processing file /home/airflow/.local/lib/python3.7/site-packages/airflow/example_dags/example_task_group.py for tasks to queue
[2024-11-09T17:22:24.223+0000] {logging_mixin.py:137} INFO - [2024-11-09T17:22:24.223+0000] {dagbag.py:538} INFO - Filling up the DagBag from /home/airflow/.local/lib/python3.7/site-packages/airflow/example_dags/example_task_group.py
[2024-11-09T17:22:24.231+0000] {processor.py:753} INFO - DAG(s) dict_keys(['example_task_group']) retrieved from /home/airflow/.local/lib/python3.7/site-packages/airflow/example_dags/example_task_group.py
[2024-11-09T17:22:24.246+0000] {logging_mixin.py:137} INFO - [2024-11-09T17:22:24.245+0000] {dag.py:2690} INFO - Sync 1 DAGs
[2024-11-09T17:22:24.261+0000] {logging_mixin.py:137} INFO - [2024-11-09T17:22:24.261+0000] {dag.py:3441} INFO - Setting next_dagrun for example_task_group to 2024-11-08T17:22:24.261678+00:00, run_after=2024-11-09T17:22:24.261678+00:00
[2024-11-09T17:22:24.275+0000] {processor.py:175} INFO - Processing /home/airflow/.local/lib/python3.7/site-packages/airflow/example_dags/example_task_group.py took 0.056 seconds
[2024-11-09T17:22:55.150+0000] {processor.py:153} INFO - Started process (PID=391) to work on /home/airflow/.local/lib/python3.7/site-packages/airflow/example_dags/example_task_group.py
[2024-11-09T17:22:55.151+0000] {processor.py:743} INFO - Processing file /home/airflow/.local/lib/python3.7/site-packages/airflow/example_dags/example_task_group.py for tasks to queue
[2024-11-09T17:22:55.151+0000] {logging_mixin.py:137} INFO - [2024-11-09T17:22:55.151+0000] {dagbag.py:538} INFO - Filling up the DagBag from /home/airflow/.local/lib/python3.7/site-packages/airflow/example_dags/example_task_group.py
[2024-11-09T17:22:55.159+0000] {processor.py:753} INFO - DAG(s) dict_keys(['example_task_group']) retrieved from /home/airflow/.local/lib/python3.7/site-packages/airflow/example_dags/example_task_group.py
[2024-11-09T17:22:55.172+0000] {logging_mixin.py:137} INFO - [2024-11-09T17:22:55.171+0000] {dag.py:2690} INFO - Sync 1 DAGs
[2024-11-09T17:22:55.184+0000] {logging_mixin.py:137} INFO - [2024-11-09T17:22:55.184+0000] {dag.py:3441} INFO - Setting next_dagrun for example_task_group to 2024-11-08T17:22:55.184099+00:00, run_after=2024-11-09T17:22:55.184099+00:00
[2024-11-09T17:22:55.192+0000] {processor.py:175} INFO - Processing /home/airflow/.local/lib/python3.7/site-packages/airflow/example_dags/example_task_group.py took 0.044 seconds
[2024-11-09T17:23:25.991+0000] {processor.py:153} INFO - Started process (PID=471) to work on /home/airflow/.local/lib/python3.7/site-packages/airflow/example_dags/example_task_group.py
[2024-11-09T17:23:25.993+0000] {processor.py:743} INFO - Processing file /home/airflow/.local/lib/python3.7/site-packages/airflow/example_dags/example_task_group.py for tasks to queue
[2024-11-09T17:23:25.994+0000] {logging_mixin.py:137} INFO - [2024-11-09T17:23:25.994+0000] {dagbag.py:538} INFO - Filling up the DagBag from /home/airflow/.local/lib/python3.7/site-packages/airflow/example_dags/example_task_group.py
[2024-11-09T17:23:26.002+0000] {processor.py:753} INFO - DAG(s) dict_keys(['example_task_group']) retrieved from /home/airflow/.local/lib/python3.7/site-packages/airflow/example_dags/example_task_group.py
[2024-11-09T17:23:26.017+0000] {logging_mixin.py:137} INFO - [2024-11-09T17:23:26.017+0000] {dag.py:2690} INFO - Sync 1 DAGs
[2024-11-09T17:23:26.031+0000] {logging_mixin.py:137} INFO - [2024-11-09T17:23:26.031+0000] {dag.py:3441} INFO - Setting next_dagrun for example_task_group to 2024-11-08T17:23:26.031687+00:00, run_after=2024-11-09T17:23:26.031687+00:00
[2024-11-09T17:23:26.048+0000] {processor.py:175} INFO - Processing /home/airflow/.local/lib/python3.7/site-packages/airflow/example_dags/example_task_group.py took 0.059 seconds
[2024-11-09T17:28:53.670+0000] {processor.py:153} INFO - Started process (PID=59) to work on /home/airflow/.local/lib/python3.7/site-packages/airflow/example_dags/example_task_group.py
[2024-11-09T17:28:53.671+0000] {processor.py:743} INFO - Processing file /home/airflow/.local/lib/python3.7/site-packages/airflow/example_dags/example_task_group.py for tasks to queue
[2024-11-09T17:28:53.672+0000] {logging_mixin.py:137} INFO - [2024-11-09T17:28:53.672+0000] {dagbag.py:538} INFO - Filling up the DagBag from /home/airflow/.local/lib/python3.7/site-packages/airflow/example_dags/example_task_group.py
[2024-11-09T17:28:53.682+0000] {processor.py:753} INFO - DAG(s) dict_keys(['example_task_group']) retrieved from /home/airflow/.local/lib/python3.7/site-packages/airflow/example_dags/example_task_group.py
[2024-11-09T17:28:53.690+0000] {logging_mixin.py:137} INFO - [2024-11-09T17:28:53.690+0000] {dag.py:2690} INFO - Sync 1 DAGs
[2024-11-09T17:28:53.706+0000] {logging_mixin.py:137} INFO - [2024-11-09T17:28:53.706+0000] {dag.py:3441} INFO - Setting next_dagrun for example_task_group to 2024-11-08T17:28:53.706206+00:00, run_after=2024-11-09T17:28:53.706206+00:00
[2024-11-09T17:28:53.721+0000] {processor.py:175} INFO - Processing /home/airflow/.local/lib/python3.7/site-packages/airflow/example_dags/example_task_group.py took 0.053 seconds
[2024-11-09T17:29:24.426+0000] {processor.py:153} INFO - Started process (PID=146) to work on /home/airflow/.local/lib/python3.7/site-packages/airflow/example_dags/example_task_group.py
[2024-11-09T17:29:24.427+0000] {processor.py:743} INFO - Processing file /home/airflow/.local/lib/python3.7/site-packages/airflow/example_dags/example_task_group.py for tasks to queue
[2024-11-09T17:29:24.428+0000] {logging_mixin.py:137} INFO - [2024-11-09T17:29:24.427+0000] {dagbag.py:538} INFO - Filling up the DagBag from /home/airflow/.local/lib/python3.7/site-packages/airflow/example_dags/example_task_group.py
[2024-11-09T17:29:24.436+0000] {processor.py:753} INFO - DAG(s) dict_keys(['example_task_group']) retrieved from /home/airflow/.local/lib/python3.7/site-packages/airflow/example_dags/example_task_group.py
[2024-11-09T17:29:24.453+0000] {logging_mixin.py:137} INFO - [2024-11-09T17:29:24.453+0000] {dag.py:2690} INFO - Sync 1 DAGs
[2024-11-09T17:29:24.475+0000] {logging_mixin.py:137} INFO - [2024-11-09T17:29:24.475+0000] {dag.py:3441} INFO - Setting next_dagrun for example_task_group to 2024-11-08T17:29:24.474979+00:00, run_after=2024-11-09T17:29:24.474979+00:00
[2024-11-09T17:29:24.487+0000] {processor.py:175} INFO - Processing /home/airflow/.local/lib/python3.7/site-packages/airflow/example_dags/example_task_group.py took 0.063 seconds
[2024-11-09T17:29:55.260+0000] {processor.py:153} INFO - Started process (PID=217) to work on /home/airflow/.local/lib/python3.7/site-packages/airflow/example_dags/example_task_group.py
[2024-11-09T17:29:55.271+0000] {processor.py:743} INFO - Processing file /home/airflow/.local/lib/python3.7/site-packages/airflow/example_dags/example_task_group.py for tasks to queue
[2024-11-09T17:29:55.272+0000] {logging_mixin.py:137} INFO - [2024-11-09T17:29:55.272+0000] {dagbag.py:538} INFO - Filling up the DagBag from /home/airflow/.local/lib/python3.7/site-packages/airflow/example_dags/example_task_group.py
[2024-11-09T17:29:55.297+0000] {processor.py:753} INFO - DAG(s) dict_keys(['example_task_group']) retrieved from /home/airflow/.local/lib/python3.7/site-packages/airflow/example_dags/example_task_group.py
[2024-11-09T17:29:55.349+0000] {logging_mixin.py:137} INFO - [2024-11-09T17:29:55.349+0000] {dag.py:2690} INFO - Sync 1 DAGs
[2024-11-09T17:29:55.374+0000] {logging_mixin.py:137} INFO - [2024-11-09T17:29:55.374+0000] {dag.py:3441} INFO - Setting next_dagrun for example_task_group to 2024-11-08T17:29:55.373991+00:00, run_after=2024-11-09T17:29:55.373991+00:00
[2024-11-09T17:29:55.390+0000] {processor.py:175} INFO - Processing /home/airflow/.local/lib/python3.7/site-packages/airflow/example_dags/example_task_group.py took 0.133 seconds
[2024-11-09T17:30:14.652+0000] {processor.py:153} INFO - Started process (PID=59) to work on /home/airflow/.local/lib/python3.7/site-packages/airflow/example_dags/example_task_group.py
[2024-11-09T17:30:14.653+0000] {processor.py:743} INFO - Processing file /home/airflow/.local/lib/python3.7/site-packages/airflow/example_dags/example_task_group.py for tasks to queue
[2024-11-09T17:30:14.653+0000] {logging_mixin.py:137} INFO - [2024-11-09T17:30:14.653+0000] {dagbag.py:538} INFO - Filling up the DagBag from /home/airflow/.local/lib/python3.7/site-packages/airflow/example_dags/example_task_group.py
[2024-11-09T17:30:14.662+0000] {processor.py:753} INFO - DAG(s) dict_keys(['example_task_group']) retrieved from /home/airflow/.local/lib/python3.7/site-packages/airflow/example_dags/example_task_group.py
[2024-11-09T17:30:14.672+0000] {logging_mixin.py:137} INFO - [2024-11-09T17:30:14.672+0000] {dag.py:2690} INFO - Sync 1 DAGs
[2024-11-09T17:30:14.688+0000] {logging_mixin.py:137} INFO - [2024-11-09T17:30:14.687+0000] {dag.py:3441} INFO - Setting next_dagrun for example_task_group to 2024-11-08T17:30:14.687827+00:00, run_after=2024-11-09T17:30:14.687827+00:00
[2024-11-09T17:30:14.700+0000] {processor.py:175} INFO - Processing /home/airflow/.local/lib/python3.7/site-packages/airflow/example_dags/example_task_group.py took 0.050 seconds
[2024-11-09T17:30:45.414+0000] {processor.py:153} INFO - Started process (PID=146) to work on /home/airflow/.local/lib/python3.7/site-packages/airflow/example_dags/example_task_group.py
[2024-11-09T17:30:45.415+0000] {processor.py:743} INFO - Processing file /home/airflow/.local/lib/python3.7/site-packages/airflow/example_dags/example_task_group.py for tasks to queue
[2024-11-09T17:30:45.415+0000] {logging_mixin.py:137} INFO - [2024-11-09T17:30:45.415+0000] {dagbag.py:538} INFO - Filling up the DagBag from /home/airflow/.local/lib/python3.7/site-packages/airflow/example_dags/example_task_group.py
[2024-11-09T17:30:45.423+0000] {processor.py:753} INFO - DAG(s) dict_keys(['example_task_group']) retrieved from /home/airflow/.local/lib/python3.7/site-packages/airflow/example_dags/example_task_group.py
[2024-11-09T17:30:45.437+0000] {logging_mixin.py:137} INFO - [2024-11-09T17:30:45.437+0000] {dag.py:2690} INFO - Sync 1 DAGs
[2024-11-09T17:30:45.450+0000] {logging_mixin.py:137} INFO - [2024-11-09T17:30:45.450+0000] {dag.py:3441} INFO - Setting next_dagrun for example_task_group to 2024-11-08T17:30:45.449980+00:00, run_after=2024-11-09T17:30:45.449980+00:00
[2024-11-09T17:30:45.459+0000] {processor.py:175} INFO - Processing /home/airflow/.local/lib/python3.7/site-packages/airflow/example_dags/example_task_group.py took 0.047 seconds
[2024-11-09T17:31:16.096+0000] {processor.py:153} INFO - Started process (PID=217) to work on /home/airflow/.local/lib/python3.7/site-packages/airflow/example_dags/example_task_group.py
[2024-11-09T17:31:16.099+0000] {processor.py:743} INFO - Processing file /home/airflow/.local/lib/python3.7/site-packages/airflow/example_dags/example_task_group.py for tasks to queue
[2024-11-09T17:31:16.100+0000] {logging_mixin.py:137} INFO - [2024-11-09T17:31:16.100+0000] {dagbag.py:538} INFO - Filling up the DagBag from /home/airflow/.local/lib/python3.7/site-packages/airflow/example_dags/example_task_group.py
[2024-11-09T17:31:16.110+0000] {processor.py:753} INFO - DAG(s) dict_keys(['example_task_group']) retrieved from /home/airflow/.local/lib/python3.7/site-packages/airflow/example_dags/example_task_group.py
[2024-11-09T17:31:16.123+0000] {logging_mixin.py:137} INFO - [2024-11-09T17:31:16.123+0000] {dag.py:2690} INFO - Sync 1 DAGs
[2024-11-09T17:31:16.137+0000] {logging_mixin.py:137} INFO - [2024-11-09T17:31:16.137+0000] {dag.py:3441} INFO - Setting next_dagrun for example_task_group to 2024-11-08T17:31:16.136868+00:00, run_after=2024-11-09T17:31:16.136868+00:00
[2024-11-09T17:31:16.147+0000] {processor.py:175} INFO - Processing /home/airflow/.local/lib/python3.7/site-packages/airflow/example_dags/example_task_group.py took 0.053 seconds
[2024-11-09T17:31:46.734+0000] {processor.py:153} INFO - Started process (PID=304) to work on /home/airflow/.local/lib/python3.7/site-packages/airflow/example_dags/example_task_group.py
[2024-11-09T17:31:46.736+0000] {processor.py:743} INFO - Processing file /home/airflow/.local/lib/python3.7/site-packages/airflow/example_dags/example_task_group.py for tasks to queue
[2024-11-09T17:31:46.737+0000] {logging_mixin.py:137} INFO - [2024-11-09T17:31:46.737+0000] {dagbag.py:538} INFO - Filling up the DagBag from /home/airflow/.local/lib/python3.7/site-packages/airflow/example_dags/example_task_group.py
[2024-11-09T17:31:46.745+0000] {processor.py:753} INFO - DAG(s) dict_keys(['example_task_group']) retrieved from /home/airflow/.local/lib/python3.7/site-packages/airflow/example_dags/example_task_group.py
[2024-11-09T17:31:46.758+0000] {logging_mixin.py:137} INFO - [2024-11-09T17:31:46.758+0000] {dag.py:2690} INFO - Sync 1 DAGs
[2024-11-09T17:31:46.771+0000] {logging_mixin.py:137} INFO - [2024-11-09T17:31:46.771+0000] {dag.py:3441} INFO - Setting next_dagrun for example_task_group to 2024-11-08T17:31:46.771606+00:00, run_after=2024-11-09T17:31:46.771606+00:00
[2024-11-09T17:31:46.781+0000] {processor.py:175} INFO - Processing /home/airflow/.local/lib/python3.7/site-packages/airflow/example_dags/example_task_group.py took 0.049 seconds
[2024-11-09T17:32:17.300+0000] {processor.py:153} INFO - Started process (PID=391) to work on /home/airflow/.local/lib/python3.7/site-packages/airflow/example_dags/example_task_group.py
[2024-11-09T17:32:17.301+0000] {processor.py:743} INFO - Processing file /home/airflow/.local/lib/python3.7/site-packages/airflow/example_dags/example_task_group.py for tasks to queue
[2024-11-09T17:32:17.301+0000] {logging_mixin.py:137} INFO - [2024-11-09T17:32:17.301+0000] {dagbag.py:538} INFO - Filling up the DagBag from /home/airflow/.local/lib/python3.7/site-packages/airflow/example_dags/example_task_group.py
[2024-11-09T17:32:17.309+0000] {processor.py:753} INFO - DAG(s) dict_keys(['example_task_group']) retrieved from /home/airflow/.local/lib/python3.7/site-packages/airflow/example_dags/example_task_group.py
[2024-11-09T17:32:17.321+0000] {logging_mixin.py:137} INFO - [2024-11-09T17:32:17.321+0000] {dag.py:2690} INFO - Sync 1 DAGs
[2024-11-09T17:32:17.333+0000] {logging_mixin.py:137} INFO - [2024-11-09T17:32:17.333+0000] {dag.py:3441} INFO - Setting next_dagrun for example_task_group to 2024-11-08T17:32:17.333289+00:00, run_after=2024-11-09T17:32:17.333289+00:00
[2024-11-09T17:32:17.341+0000] {processor.py:175} INFO - Processing /home/airflow/.local/lib/python3.7/site-packages/airflow/example_dags/example_task_group.py took 0.042 seconds
[2024-11-09T17:32:48.007+0000] {processor.py:153} INFO - Started process (PID=462) to work on /home/airflow/.local/lib/python3.7/site-packages/airflow/example_dags/example_task_group.py
[2024-11-09T17:32:48.008+0000] {processor.py:743} INFO - Processing file /home/airflow/.local/lib/python3.7/site-packages/airflow/example_dags/example_task_group.py for tasks to queue
[2024-11-09T17:32:48.011+0000] {logging_mixin.py:137} INFO - [2024-11-09T17:32:48.011+0000] {dagbag.py:538} INFO - Filling up the DagBag from /home/airflow/.local/lib/python3.7/site-packages/airflow/example_dags/example_task_group.py
[2024-11-09T17:32:48.019+0000] {processor.py:753} INFO - DAG(s) dict_keys(['example_task_group']) retrieved from /home/airflow/.local/lib/python3.7/site-packages/airflow/example_dags/example_task_group.py
[2024-11-09T17:32:48.032+0000] {logging_mixin.py:137} INFO - [2024-11-09T17:32:48.032+0000] {dag.py:2690} INFO - Sync 1 DAGs
[2024-11-09T17:32:48.046+0000] {logging_mixin.py:137} INFO - [2024-11-09T17:32:48.046+0000] {dag.py:3441} INFO - Setting next_dagrun for example_task_group to 2024-11-08T17:32:48.045882+00:00, run_after=2024-11-09T17:32:48.045882+00:00
[2024-11-09T17:32:48.055+0000] {processor.py:175} INFO - Processing /home/airflow/.local/lib/python3.7/site-packages/airflow/example_dags/example_task_group.py took 0.049 seconds
