[2024-11-09T17:10:06.808+0000] {processor.py:153} INFO - Started process (PID=80) to work on /home/airflow/.local/lib/python3.7/site-packages/airflow/example_dags/example_xcomargs.py
[2024-11-09T17:10:06.809+0000] {processor.py:743} INFO - Processing file /home/airflow/.local/lib/python3.7/site-packages/airflow/example_dags/example_xcomargs.py for tasks to queue
[2024-11-09T17:10:06.810+0000] {logging_mixin.py:137} INFO - [2024-11-09T17:10:06.810+0000] {dagbag.py:538} INFO - Filling up the DagBag from /home/airflow/.local/lib/python3.7/site-packages/airflow/example_dags/example_xcomargs.py
[2024-11-09T17:10:06.853+0000] {processor.py:753} INFO - DAG(s) dict_keys(['example_xcom_args', 'example_xcom_args_with_operators']) retrieved from /home/airflow/.local/lib/python3.7/site-packages/airflow/example_dags/example_xcomargs.py
[2024-11-09T17:10:06.868+0000] {logging_mixin.py:137} INFO - [2024-11-09T17:10:06.867+0000] {dag.py:2690} INFO - Sync 2 DAGs
[2024-11-09T17:10:06.916+0000] {logging_mixin.py:137} INFO - [2024-11-09T17:10:06.916+0000] {dag.py:3441} INFO - Setting next_dagrun for example_xcom_args to None, run_after=None
[2024-11-09T17:10:06.922+0000] {logging_mixin.py:137} INFO - [2024-11-09T17:10:06.922+0000] {dag.py:3441} INFO - Setting next_dagrun for example_xcom_args_with_operators to None, run_after=None
[2024-11-09T17:10:06.949+0000] {processor.py:175} INFO - Processing /home/airflow/.local/lib/python3.7/site-packages/airflow/example_dags/example_xcomargs.py took 0.144 seconds
[2024-11-09T17:10:37.546+0000] {processor.py:153} INFO - Started process (PID=167) to work on /home/airflow/.local/lib/python3.7/site-packages/airflow/example_dags/example_xcomargs.py
[2024-11-09T17:10:37.546+0000] {processor.py:743} INFO - Processing file /home/airflow/.local/lib/python3.7/site-packages/airflow/example_dags/example_xcomargs.py for tasks to queue
[2024-11-09T17:10:37.547+0000] {logging_mixin.py:137} INFO - [2024-11-09T17:10:37.547+0000] {dagbag.py:538} INFO - Filling up the DagBag from /home/airflow/.local/lib/python3.7/site-packages/airflow/example_dags/example_xcomargs.py
[2024-11-09T17:10:37.560+0000] {processor.py:753} INFO - DAG(s) dict_keys(['example_xcom_args_with_operators', 'example_xcom_args']) retrieved from /home/airflow/.local/lib/python3.7/site-packages/airflow/example_dags/example_xcomargs.py
[2024-11-09T17:10:37.577+0000] {logging_mixin.py:137} INFO - [2024-11-09T17:10:37.577+0000] {dag.py:2690} INFO - Sync 2 DAGs
[2024-11-09T17:10:37.592+0000] {logging_mixin.py:137} INFO - [2024-11-09T17:10:37.592+0000] {dag.py:3441} INFO - Setting next_dagrun for example_xcom_args to None, run_after=None
[2024-11-09T17:10:37.594+0000] {logging_mixin.py:137} INFO - [2024-11-09T17:10:37.594+0000] {dag.py:3441} INFO - Setting next_dagrun for example_xcom_args_with_operators to None, run_after=None
[2024-11-09T17:10:37.603+0000] {processor.py:175} INFO - Processing /home/airflow/.local/lib/python3.7/site-packages/airflow/example_dags/example_xcomargs.py took 0.059 seconds
[2024-11-09T17:11:08.319+0000] {processor.py:153} INFO - Started process (PID=247) to work on /home/airflow/.local/lib/python3.7/site-packages/airflow/example_dags/example_xcomargs.py
[2024-11-09T17:11:08.325+0000] {processor.py:743} INFO - Processing file /home/airflow/.local/lib/python3.7/site-packages/airflow/example_dags/example_xcomargs.py for tasks to queue
[2024-11-09T17:11:08.327+0000] {logging_mixin.py:137} INFO - [2024-11-09T17:11:08.326+0000] {dagbag.py:538} INFO - Filling up the DagBag from /home/airflow/.local/lib/python3.7/site-packages/airflow/example_dags/example_xcomargs.py
[2024-11-09T17:11:08.346+0000] {processor.py:753} INFO - DAG(s) dict_keys(['example_xcom_args', 'example_xcom_args_with_operators']) retrieved from /home/airflow/.local/lib/python3.7/site-packages/airflow/example_dags/example_xcomargs.py
[2024-11-09T17:11:08.364+0000] {logging_mixin.py:137} INFO - [2024-11-09T17:11:08.364+0000] {dag.py:2690} INFO - Sync 2 DAGs
[2024-11-09T17:11:08.379+0000] {logging_mixin.py:137} INFO - [2024-11-09T17:11:08.379+0000] {dag.py:3441} INFO - Setting next_dagrun for example_xcom_args to None, run_after=None
[2024-11-09T17:11:08.381+0000] {logging_mixin.py:137} INFO - [2024-11-09T17:11:08.381+0000] {dag.py:3441} INFO - Setting next_dagrun for example_xcom_args_with_operators to None, run_after=None
[2024-11-09T17:11:08.393+0000] {processor.py:175} INFO - Processing /home/airflow/.local/lib/python3.7/site-packages/airflow/example_dags/example_xcomargs.py took 0.079 seconds
[2024-11-09T17:11:39.148+0000] {processor.py:153} INFO - Started process (PID=325) to work on /home/airflow/.local/lib/python3.7/site-packages/airflow/example_dags/example_xcomargs.py
[2024-11-09T17:11:39.149+0000] {processor.py:743} INFO - Processing file /home/airflow/.local/lib/python3.7/site-packages/airflow/example_dags/example_xcomargs.py for tasks to queue
[2024-11-09T17:11:39.149+0000] {logging_mixin.py:137} INFO - [2024-11-09T17:11:39.149+0000] {dagbag.py:538} INFO - Filling up the DagBag from /home/airflow/.local/lib/python3.7/site-packages/airflow/example_dags/example_xcomargs.py
[2024-11-09T17:11:39.161+0000] {processor.py:753} INFO - DAG(s) dict_keys(['example_xcom_args_with_operators', 'example_xcom_args']) retrieved from /home/airflow/.local/lib/python3.7/site-packages/airflow/example_dags/example_xcomargs.py
[2024-11-09T17:11:39.180+0000] {logging_mixin.py:137} INFO - [2024-11-09T17:11:39.180+0000] {dag.py:2690} INFO - Sync 2 DAGs
[2024-11-09T17:11:39.194+0000] {logging_mixin.py:137} INFO - [2024-11-09T17:11:39.193+0000] {dag.py:3441} INFO - Setting next_dagrun for example_xcom_args to None, run_after=None
[2024-11-09T17:11:39.195+0000] {logging_mixin.py:137} INFO - [2024-11-09T17:11:39.195+0000] {dag.py:3441} INFO - Setting next_dagrun for example_xcom_args_with_operators to None, run_after=None
[2024-11-09T17:11:39.203+0000] {processor.py:175} INFO - Processing /home/airflow/.local/lib/python3.7/site-packages/airflow/example_dags/example_xcomargs.py took 0.058 seconds
[2024-11-09T17:12:09.719+0000] {processor.py:153} INFO - Started process (PID=412) to work on /home/airflow/.local/lib/python3.7/site-packages/airflow/example_dags/example_xcomargs.py
[2024-11-09T17:12:09.722+0000] {processor.py:743} INFO - Processing file /home/airflow/.local/lib/python3.7/site-packages/airflow/example_dags/example_xcomargs.py for tasks to queue
[2024-11-09T17:12:09.722+0000] {logging_mixin.py:137} INFO - [2024-11-09T17:12:09.722+0000] {dagbag.py:538} INFO - Filling up the DagBag from /home/airflow/.local/lib/python3.7/site-packages/airflow/example_dags/example_xcomargs.py
[2024-11-09T17:12:09.734+0000] {processor.py:753} INFO - DAG(s) dict_keys(['example_xcom_args', 'example_xcom_args_with_operators']) retrieved from /home/airflow/.local/lib/python3.7/site-packages/airflow/example_dags/example_xcomargs.py
[2024-11-09T17:12:09.751+0000] {logging_mixin.py:137} INFO - [2024-11-09T17:12:09.751+0000] {dag.py:2690} INFO - Sync 2 DAGs
[2024-11-09T17:12:09.764+0000] {logging_mixin.py:137} INFO - [2024-11-09T17:12:09.764+0000] {dag.py:3441} INFO - Setting next_dagrun for example_xcom_args to None, run_after=None
[2024-11-09T17:12:09.766+0000] {logging_mixin.py:137} INFO - [2024-11-09T17:12:09.766+0000] {dag.py:3441} INFO - Setting next_dagrun for example_xcom_args_with_operators to None, run_after=None
[2024-11-09T17:12:09.777+0000] {processor.py:175} INFO - Processing /home/airflow/.local/lib/python3.7/site-packages/airflow/example_dags/example_xcomargs.py took 0.060 seconds
[2024-11-09T17:12:40.356+0000] {processor.py:153} INFO - Started process (PID=499) to work on /home/airflow/.local/lib/python3.7/site-packages/airflow/example_dags/example_xcomargs.py
[2024-11-09T17:12:40.357+0000] {processor.py:743} INFO - Processing file /home/airflow/.local/lib/python3.7/site-packages/airflow/example_dags/example_xcomargs.py for tasks to queue
[2024-11-09T17:12:40.357+0000] {logging_mixin.py:137} INFO - [2024-11-09T17:12:40.357+0000] {dagbag.py:538} INFO - Filling up the DagBag from /home/airflow/.local/lib/python3.7/site-packages/airflow/example_dags/example_xcomargs.py
[2024-11-09T17:12:40.372+0000] {processor.py:753} INFO - DAG(s) dict_keys(['example_xcom_args', 'example_xcom_args_with_operators']) retrieved from /home/airflow/.local/lib/python3.7/site-packages/airflow/example_dags/example_xcomargs.py
[2024-11-09T17:12:40.388+0000] {logging_mixin.py:137} INFO - [2024-11-09T17:12:40.388+0000] {dag.py:2690} INFO - Sync 2 DAGs
[2024-11-09T17:12:40.403+0000] {logging_mixin.py:137} INFO - [2024-11-09T17:12:40.403+0000] {dag.py:3441} INFO - Setting next_dagrun for example_xcom_args to None, run_after=None
[2024-11-09T17:12:40.406+0000] {logging_mixin.py:137} INFO - [2024-11-09T17:12:40.406+0000] {dag.py:3441} INFO - Setting next_dagrun for example_xcom_args_with_operators to None, run_after=None
[2024-11-09T17:12:40.417+0000] {processor.py:175} INFO - Processing /home/airflow/.local/lib/python3.7/site-packages/airflow/example_dags/example_xcomargs.py took 0.062 seconds
[2024-11-09T17:13:11.052+0000] {processor.py:153} INFO - Started process (PID=570) to work on /home/airflow/.local/lib/python3.7/site-packages/airflow/example_dags/example_xcomargs.py
[2024-11-09T17:13:11.054+0000] {processor.py:743} INFO - Processing file /home/airflow/.local/lib/python3.7/site-packages/airflow/example_dags/example_xcomargs.py for tasks to queue
[2024-11-09T17:13:11.054+0000] {logging_mixin.py:137} INFO - [2024-11-09T17:13:11.054+0000] {dagbag.py:538} INFO - Filling up the DagBag from /home/airflow/.local/lib/python3.7/site-packages/airflow/example_dags/example_xcomargs.py
[2024-11-09T17:13:11.066+0000] {processor.py:753} INFO - DAG(s) dict_keys(['example_xcom_args', 'example_xcom_args_with_operators']) retrieved from /home/airflow/.local/lib/python3.7/site-packages/airflow/example_dags/example_xcomargs.py
[2024-11-09T17:13:11.082+0000] {logging_mixin.py:137} INFO - [2024-11-09T17:13:11.082+0000] {dag.py:2690} INFO - Sync 2 DAGs
[2024-11-09T17:13:11.097+0000] {logging_mixin.py:137} INFO - [2024-11-09T17:13:11.097+0000] {dag.py:3441} INFO - Setting next_dagrun for example_xcom_args to None, run_after=None
[2024-11-09T17:13:11.102+0000] {logging_mixin.py:137} INFO - [2024-11-09T17:13:11.102+0000] {dag.py:3441} INFO - Setting next_dagrun for example_xcom_args_with_operators to None, run_after=None
[2024-11-09T17:13:11.115+0000] {processor.py:175} INFO - Processing /home/airflow/.local/lib/python3.7/site-packages/airflow/example_dags/example_xcomargs.py took 0.065 seconds
[2024-11-09T17:13:43.370+0000] {processor.py:153} INFO - Started process (PID=657) to work on /home/airflow/.local/lib/python3.7/site-packages/airflow/example_dags/example_xcomargs.py
[2024-11-09T17:13:43.371+0000] {processor.py:743} INFO - Processing file /home/airflow/.local/lib/python3.7/site-packages/airflow/example_dags/example_xcomargs.py for tasks to queue
[2024-11-09T17:13:43.372+0000] {logging_mixin.py:137} INFO - [2024-11-09T17:13:43.372+0000] {dagbag.py:538} INFO - Filling up the DagBag from /home/airflow/.local/lib/python3.7/site-packages/airflow/example_dags/example_xcomargs.py
[2024-11-09T17:13:43.391+0000] {processor.py:753} INFO - DAG(s) dict_keys(['example_xcom_args_with_operators', 'example_xcom_args']) retrieved from /home/airflow/.local/lib/python3.7/site-packages/airflow/example_dags/example_xcomargs.py
[2024-11-09T17:13:43.408+0000] {logging_mixin.py:137} INFO - [2024-11-09T17:13:43.407+0000] {dag.py:2690} INFO - Sync 2 DAGs
[2024-11-09T17:13:43.424+0000] {logging_mixin.py:137} INFO - [2024-11-09T17:13:43.424+0000] {dag.py:3441} INFO - Setting next_dagrun for example_xcom_args to None, run_after=None
[2024-11-09T17:13:43.427+0000] {logging_mixin.py:137} INFO - [2024-11-09T17:13:43.427+0000] {dag.py:3441} INFO - Setting next_dagrun for example_xcom_args_with_operators to None, run_after=None
[2024-11-09T17:13:43.450+0000] {processor.py:175} INFO - Processing /home/airflow/.local/lib/python3.7/site-packages/airflow/example_dags/example_xcomargs.py took 0.082 seconds
[2024-11-09T17:14:14.175+0000] {processor.py:153} INFO - Started process (PID=744) to work on /home/airflow/.local/lib/python3.7/site-packages/airflow/example_dags/example_xcomargs.py
[2024-11-09T17:14:14.176+0000] {processor.py:743} INFO - Processing file /home/airflow/.local/lib/python3.7/site-packages/airflow/example_dags/example_xcomargs.py for tasks to queue
[2024-11-09T17:14:14.177+0000] {logging_mixin.py:137} INFO - [2024-11-09T17:14:14.176+0000] {dagbag.py:538} INFO - Filling up the DagBag from /home/airflow/.local/lib/python3.7/site-packages/airflow/example_dags/example_xcomargs.py
[2024-11-09T17:14:14.190+0000] {processor.py:753} INFO - DAG(s) dict_keys(['example_xcom_args', 'example_xcom_args_with_operators']) retrieved from /home/airflow/.local/lib/python3.7/site-packages/airflow/example_dags/example_xcomargs.py
[2024-11-09T17:14:14.208+0000] {logging_mixin.py:137} INFO - [2024-11-09T17:14:14.207+0000] {dag.py:2690} INFO - Sync 2 DAGs
[2024-11-09T17:14:14.221+0000] {logging_mixin.py:137} INFO - [2024-11-09T17:14:14.221+0000] {dag.py:3441} INFO - Setting next_dagrun for example_xcom_args to None, run_after=None
[2024-11-09T17:14:14.227+0000] {logging_mixin.py:137} INFO - [2024-11-09T17:14:14.226+0000] {dag.py:3441} INFO - Setting next_dagrun for example_xcom_args_with_operators to None, run_after=None
[2024-11-09T17:14:14.242+0000] {processor.py:175} INFO - Processing /home/airflow/.local/lib/python3.7/site-packages/airflow/example_dags/example_xcomargs.py took 0.069 seconds
[2024-11-09T17:14:45.016+0000] {processor.py:153} INFO - Started process (PID=815) to work on /home/airflow/.local/lib/python3.7/site-packages/airflow/example_dags/example_xcomargs.py
[2024-11-09T17:14:45.017+0000] {processor.py:743} INFO - Processing file /home/airflow/.local/lib/python3.7/site-packages/airflow/example_dags/example_xcomargs.py for tasks to queue
[2024-11-09T17:14:45.018+0000] {logging_mixin.py:137} INFO - [2024-11-09T17:14:45.017+0000] {dagbag.py:538} INFO - Filling up the DagBag from /home/airflow/.local/lib/python3.7/site-packages/airflow/example_dags/example_xcomargs.py
[2024-11-09T17:14:45.035+0000] {processor.py:753} INFO - DAG(s) dict_keys(['example_xcom_args', 'example_xcom_args_with_operators']) retrieved from /home/airflow/.local/lib/python3.7/site-packages/airflow/example_dags/example_xcomargs.py
[2024-11-09T17:14:45.055+0000] {logging_mixin.py:137} INFO - [2024-11-09T17:14:45.054+0000] {dag.py:2690} INFO - Sync 2 DAGs
[2024-11-09T17:14:45.070+0000] {logging_mixin.py:137} INFO - [2024-11-09T17:14:45.070+0000] {dag.py:3441} INFO - Setting next_dagrun for example_xcom_args to None, run_after=None
[2024-11-09T17:14:45.075+0000] {logging_mixin.py:137} INFO - [2024-11-09T17:14:45.075+0000] {dag.py:3441} INFO - Setting next_dagrun for example_xcom_args_with_operators to None, run_after=None
[2024-11-09T17:14:45.091+0000] {processor.py:175} INFO - Processing /home/airflow/.local/lib/python3.7/site-packages/airflow/example_dags/example_xcomargs.py took 0.076 seconds
[2024-11-09T17:15:15.959+0000] {processor.py:153} INFO - Started process (PID=902) to work on /home/airflow/.local/lib/python3.7/site-packages/airflow/example_dags/example_xcomargs.py
[2024-11-09T17:15:15.961+0000] {processor.py:743} INFO - Processing file /home/airflow/.local/lib/python3.7/site-packages/airflow/example_dags/example_xcomargs.py for tasks to queue
[2024-11-09T17:15:15.962+0000] {logging_mixin.py:137} INFO - [2024-11-09T17:15:15.961+0000] {dagbag.py:538} INFO - Filling up the DagBag from /home/airflow/.local/lib/python3.7/site-packages/airflow/example_dags/example_xcomargs.py
[2024-11-09T17:15:15.975+0000] {processor.py:753} INFO - DAG(s) dict_keys(['example_xcom_args_with_operators', 'example_xcom_args']) retrieved from /home/airflow/.local/lib/python3.7/site-packages/airflow/example_dags/example_xcomargs.py
[2024-11-09T17:15:15.996+0000] {logging_mixin.py:137} INFO - [2024-11-09T17:15:15.996+0000] {dag.py:2690} INFO - Sync 2 DAGs
[2024-11-09T17:15:16.012+0000] {logging_mixin.py:137} INFO - [2024-11-09T17:15:16.012+0000] {dag.py:3441} INFO - Setting next_dagrun for example_xcom_args to None, run_after=None
[2024-11-09T17:15:16.015+0000] {logging_mixin.py:137} INFO - [2024-11-09T17:15:16.015+0000] {dag.py:3441} INFO - Setting next_dagrun for example_xcom_args_with_operators to None, run_after=None
[2024-11-09T17:15:16.034+0000] {processor.py:175} INFO - Processing /home/airflow/.local/lib/python3.7/site-packages/airflow/example_dags/example_xcomargs.py took 0.076 seconds
[2024-11-09T17:15:46.690+0000] {processor.py:153} INFO - Started process (PID=989) to work on /home/airflow/.local/lib/python3.7/site-packages/airflow/example_dags/example_xcomargs.py
[2024-11-09T17:15:46.691+0000] {processor.py:743} INFO - Processing file /home/airflow/.local/lib/python3.7/site-packages/airflow/example_dags/example_xcomargs.py for tasks to queue
[2024-11-09T17:15:46.692+0000] {logging_mixin.py:137} INFO - [2024-11-09T17:15:46.692+0000] {dagbag.py:538} INFO - Filling up the DagBag from /home/airflow/.local/lib/python3.7/site-packages/airflow/example_dags/example_xcomargs.py
[2024-11-09T17:15:46.708+0000] {processor.py:753} INFO - DAG(s) dict_keys(['example_xcom_args_with_operators', 'example_xcom_args']) retrieved from /home/airflow/.local/lib/python3.7/site-packages/airflow/example_dags/example_xcomargs.py
[2024-11-09T17:15:46.724+0000] {logging_mixin.py:137} INFO - [2024-11-09T17:15:46.723+0000] {dag.py:2690} INFO - Sync 2 DAGs
[2024-11-09T17:15:46.738+0000] {logging_mixin.py:137} INFO - [2024-11-09T17:15:46.738+0000] {dag.py:3441} INFO - Setting next_dagrun for example_xcom_args to None, run_after=None
[2024-11-09T17:15:46.741+0000] {logging_mixin.py:137} INFO - [2024-11-09T17:15:46.741+0000] {dag.py:3441} INFO - Setting next_dagrun for example_xcom_args_with_operators to None, run_after=None
[2024-11-09T17:15:46.755+0000] {processor.py:175} INFO - Processing /home/airflow/.local/lib/python3.7/site-packages/airflow/example_dags/example_xcomargs.py took 0.067 seconds
[2024-11-09T17:16:17.696+0000] {processor.py:153} INFO - Started process (PID=1076) to work on /home/airflow/.local/lib/python3.7/site-packages/airflow/example_dags/example_xcomargs.py
[2024-11-09T17:16:17.696+0000] {processor.py:743} INFO - Processing file /home/airflow/.local/lib/python3.7/site-packages/airflow/example_dags/example_xcomargs.py for tasks to queue
[2024-11-09T17:16:17.698+0000] {logging_mixin.py:137} INFO - [2024-11-09T17:16:17.698+0000] {dagbag.py:538} INFO - Filling up the DagBag from /home/airflow/.local/lib/python3.7/site-packages/airflow/example_dags/example_xcomargs.py
[2024-11-09T17:16:17.745+0000] {processor.py:753} INFO - DAG(s) dict_keys(['example_xcom_args', 'example_xcom_args_with_operators']) retrieved from /home/airflow/.local/lib/python3.7/site-packages/airflow/example_dags/example_xcomargs.py
[2024-11-09T17:16:17.771+0000] {logging_mixin.py:137} INFO - [2024-11-09T17:16:17.771+0000] {dag.py:2690} INFO - Sync 2 DAGs
[2024-11-09T17:16:17.799+0000] {logging_mixin.py:137} INFO - [2024-11-09T17:16:17.799+0000] {dag.py:3441} INFO - Setting next_dagrun for example_xcom_args to None, run_after=None
[2024-11-09T17:16:17.802+0000] {logging_mixin.py:137} INFO - [2024-11-09T17:16:17.802+0000] {dag.py:3441} INFO - Setting next_dagrun for example_xcom_args_with_operators to None, run_after=None
[2024-11-09T17:16:17.821+0000] {processor.py:175} INFO - Processing /home/airflow/.local/lib/python3.7/site-packages/airflow/example_dags/example_xcomargs.py took 0.129 seconds
[2024-11-09T17:16:48.634+0000] {processor.py:153} INFO - Started process (PID=1146) to work on /home/airflow/.local/lib/python3.7/site-packages/airflow/example_dags/example_xcomargs.py
[2024-11-09T17:16:48.635+0000] {processor.py:743} INFO - Processing file /home/airflow/.local/lib/python3.7/site-packages/airflow/example_dags/example_xcomargs.py for tasks to queue
[2024-11-09T17:16:48.635+0000] {logging_mixin.py:137} INFO - [2024-11-09T17:16:48.635+0000] {dagbag.py:538} INFO - Filling up the DagBag from /home/airflow/.local/lib/python3.7/site-packages/airflow/example_dags/example_xcomargs.py
[2024-11-09T17:16:48.648+0000] {processor.py:753} INFO - DAG(s) dict_keys(['example_xcom_args_with_operators', 'example_xcom_args']) retrieved from /home/airflow/.local/lib/python3.7/site-packages/airflow/example_dags/example_xcomargs.py
[2024-11-09T17:16:48.666+0000] {logging_mixin.py:137} INFO - [2024-11-09T17:16:48.666+0000] {dag.py:2690} INFO - Sync 2 DAGs
[2024-11-09T17:16:48.679+0000] {logging_mixin.py:137} INFO - [2024-11-09T17:16:48.679+0000] {dag.py:3441} INFO - Setting next_dagrun for example_xcom_args to None, run_after=None
[2024-11-09T17:16:48.682+0000] {logging_mixin.py:137} INFO - [2024-11-09T17:16:48.681+0000] {dag.py:3441} INFO - Setting next_dagrun for example_xcom_args_with_operators to None, run_after=None
[2024-11-09T17:16:48.693+0000] {processor.py:175} INFO - Processing /home/airflow/.local/lib/python3.7/site-packages/airflow/example_dags/example_xcomargs.py took 0.060 seconds
[2024-11-09T17:17:19.433+0000] {processor.py:153} INFO - Started process (PID=1233) to work on /home/airflow/.local/lib/python3.7/site-packages/airflow/example_dags/example_xcomargs.py
[2024-11-09T17:17:19.435+0000] {processor.py:743} INFO - Processing file /home/airflow/.local/lib/python3.7/site-packages/airflow/example_dags/example_xcomargs.py for tasks to queue
[2024-11-09T17:17:19.438+0000] {logging_mixin.py:137} INFO - [2024-11-09T17:17:19.438+0000] {dagbag.py:538} INFO - Filling up the DagBag from /home/airflow/.local/lib/python3.7/site-packages/airflow/example_dags/example_xcomargs.py
[2024-11-09T17:17:19.453+0000] {processor.py:753} INFO - DAG(s) dict_keys(['example_xcom_args', 'example_xcom_args_with_operators']) retrieved from /home/airflow/.local/lib/python3.7/site-packages/airflow/example_dags/example_xcomargs.py
[2024-11-09T17:17:19.474+0000] {logging_mixin.py:137} INFO - [2024-11-09T17:17:19.474+0000] {dag.py:2690} INFO - Sync 2 DAGs
[2024-11-09T17:17:19.489+0000] {logging_mixin.py:137} INFO - [2024-11-09T17:17:19.489+0000] {dag.py:3441} INFO - Setting next_dagrun for example_xcom_args to None, run_after=None
[2024-11-09T17:17:19.493+0000] {logging_mixin.py:137} INFO - [2024-11-09T17:17:19.493+0000] {dag.py:3441} INFO - Setting next_dagrun for example_xcom_args_with_operators to None, run_after=None
[2024-11-09T17:17:19.503+0000] {processor.py:175} INFO - Processing /home/airflow/.local/lib/python3.7/site-packages/airflow/example_dags/example_xcomargs.py took 0.072 seconds
[2024-11-09T17:17:50.231+0000] {processor.py:153} INFO - Started process (PID=1320) to work on /home/airflow/.local/lib/python3.7/site-packages/airflow/example_dags/example_xcomargs.py
[2024-11-09T17:17:50.232+0000] {processor.py:743} INFO - Processing file /home/airflow/.local/lib/python3.7/site-packages/airflow/example_dags/example_xcomargs.py for tasks to queue
[2024-11-09T17:17:50.233+0000] {logging_mixin.py:137} INFO - [2024-11-09T17:17:50.233+0000] {dagbag.py:538} INFO - Filling up the DagBag from /home/airflow/.local/lib/python3.7/site-packages/airflow/example_dags/example_xcomargs.py
[2024-11-09T17:17:50.246+0000] {processor.py:753} INFO - DAG(s) dict_keys(['example_xcom_args_with_operators', 'example_xcom_args']) retrieved from /home/airflow/.local/lib/python3.7/site-packages/airflow/example_dags/example_xcomargs.py
[2024-11-09T17:17:50.269+0000] {logging_mixin.py:137} INFO - [2024-11-09T17:17:50.269+0000] {dag.py:2690} INFO - Sync 2 DAGs
[2024-11-09T17:17:50.289+0000] {logging_mixin.py:137} INFO - [2024-11-09T17:17:50.289+0000] {dag.py:3441} INFO - Setting next_dagrun for example_xcom_args to None, run_after=None
[2024-11-09T17:17:50.294+0000] {logging_mixin.py:137} INFO - [2024-11-09T17:17:50.293+0000] {dag.py:3441} INFO - Setting next_dagrun for example_xcom_args_with_operators to None, run_after=None
[2024-11-09T17:17:50.307+0000] {processor.py:175} INFO - Processing /home/airflow/.local/lib/python3.7/site-packages/airflow/example_dags/example_xcomargs.py took 0.077 seconds
[2024-11-09T17:18:21.146+0000] {processor.py:153} INFO - Started process (PID=1407) to work on /home/airflow/.local/lib/python3.7/site-packages/airflow/example_dags/example_xcomargs.py
[2024-11-09T17:18:21.147+0000] {processor.py:743} INFO - Processing file /home/airflow/.local/lib/python3.7/site-packages/airflow/example_dags/example_xcomargs.py for tasks to queue
[2024-11-09T17:18:21.148+0000] {logging_mixin.py:137} INFO - [2024-11-09T17:18:21.148+0000] {dagbag.py:538} INFO - Filling up the DagBag from /home/airflow/.local/lib/python3.7/site-packages/airflow/example_dags/example_xcomargs.py
[2024-11-09T17:18:21.163+0000] {processor.py:753} INFO - DAG(s) dict_keys(['example_xcom_args', 'example_xcom_args_with_operators']) retrieved from /home/airflow/.local/lib/python3.7/site-packages/airflow/example_dags/example_xcomargs.py
[2024-11-09T17:18:21.181+0000] {logging_mixin.py:137} INFO - [2024-11-09T17:18:21.181+0000] {dag.py:2690} INFO - Sync 2 DAGs
[2024-11-09T17:18:21.195+0000] {logging_mixin.py:137} INFO - [2024-11-09T17:18:21.195+0000] {dag.py:3441} INFO - Setting next_dagrun for example_xcom_args to None, run_after=None
[2024-11-09T17:18:21.197+0000] {logging_mixin.py:137} INFO - [2024-11-09T17:18:21.196+0000] {dag.py:3441} INFO - Setting next_dagrun for example_xcom_args_with_operators to None, run_after=None
[2024-11-09T17:18:21.208+0000] {processor.py:175} INFO - Processing /home/airflow/.local/lib/python3.7/site-packages/airflow/example_dags/example_xcomargs.py took 0.064 seconds
[2024-11-09T17:18:52.003+0000] {processor.py:153} INFO - Started process (PID=1478) to work on /home/airflow/.local/lib/python3.7/site-packages/airflow/example_dags/example_xcomargs.py
[2024-11-09T17:18:52.004+0000] {processor.py:743} INFO - Processing file /home/airflow/.local/lib/python3.7/site-packages/airflow/example_dags/example_xcomargs.py for tasks to queue
[2024-11-09T17:18:52.005+0000] {logging_mixin.py:137} INFO - [2024-11-09T17:18:52.005+0000] {dagbag.py:538} INFO - Filling up the DagBag from /home/airflow/.local/lib/python3.7/site-packages/airflow/example_dags/example_xcomargs.py
[2024-11-09T17:18:52.020+0000] {processor.py:753} INFO - DAG(s) dict_keys(['example_xcom_args_with_operators', 'example_xcom_args']) retrieved from /home/airflow/.local/lib/python3.7/site-packages/airflow/example_dags/example_xcomargs.py
[2024-11-09T17:18:52.037+0000] {logging_mixin.py:137} INFO - [2024-11-09T17:18:52.037+0000] {dag.py:2690} INFO - Sync 2 DAGs
[2024-11-09T17:18:52.051+0000] {logging_mixin.py:137} INFO - [2024-11-09T17:18:52.051+0000] {dag.py:3441} INFO - Setting next_dagrun for example_xcom_args to None, run_after=None
[2024-11-09T17:18:52.053+0000] {logging_mixin.py:137} INFO - [2024-11-09T17:18:52.053+0000] {dag.py:3441} INFO - Setting next_dagrun for example_xcom_args_with_operators to None, run_after=None
[2024-11-09T17:18:52.064+0000] {processor.py:175} INFO - Processing /home/airflow/.local/lib/python3.7/site-packages/airflow/example_dags/example_xcomargs.py took 0.065 seconds
[2024-11-09T17:19:22.925+0000] {processor.py:153} INFO - Started process (PID=1565) to work on /home/airflow/.local/lib/python3.7/site-packages/airflow/example_dags/example_xcomargs.py
[2024-11-09T17:19:22.926+0000] {processor.py:743} INFO - Processing file /home/airflow/.local/lib/python3.7/site-packages/airflow/example_dags/example_xcomargs.py for tasks to queue
[2024-11-09T17:19:22.926+0000] {logging_mixin.py:137} INFO - [2024-11-09T17:19:22.926+0000] {dagbag.py:538} INFO - Filling up the DagBag from /home/airflow/.local/lib/python3.7/site-packages/airflow/example_dags/example_xcomargs.py
[2024-11-09T17:19:22.939+0000] {processor.py:753} INFO - DAG(s) dict_keys(['example_xcom_args', 'example_xcom_args_with_operators']) retrieved from /home/airflow/.local/lib/python3.7/site-packages/airflow/example_dags/example_xcomargs.py
[2024-11-09T17:19:22.963+0000] {logging_mixin.py:137} INFO - [2024-11-09T17:19:22.963+0000] {dag.py:2690} INFO - Sync 2 DAGs
[2024-11-09T17:19:22.977+0000] {logging_mixin.py:137} INFO - [2024-11-09T17:19:22.977+0000] {dag.py:3441} INFO - Setting next_dagrun for example_xcom_args to None, run_after=None
[2024-11-09T17:19:22.979+0000] {logging_mixin.py:137} INFO - [2024-11-09T17:19:22.979+0000] {dag.py:3441} INFO - Setting next_dagrun for example_xcom_args_with_operators to None, run_after=None
[2024-11-09T17:19:22.993+0000] {processor.py:175} INFO - Processing /home/airflow/.local/lib/python3.7/site-packages/airflow/example_dags/example_xcomargs.py took 0.070 seconds
[2024-11-09T17:19:53.021+0000] {processor.py:153} INFO - Started process (PID=1652) to work on /home/airflow/.local/lib/python3.7/site-packages/airflow/example_dags/example_xcomargs.py
[2024-11-09T17:19:53.021+0000] {processor.py:743} INFO - Processing file /home/airflow/.local/lib/python3.7/site-packages/airflow/example_dags/example_xcomargs.py for tasks to queue
[2024-11-09T17:19:53.022+0000] {logging_mixin.py:137} INFO - [2024-11-09T17:19:53.022+0000] {dagbag.py:538} INFO - Filling up the DagBag from /home/airflow/.local/lib/python3.7/site-packages/airflow/example_dags/example_xcomargs.py
[2024-11-09T17:19:53.035+0000] {processor.py:753} INFO - DAG(s) dict_keys(['example_xcom_args_with_operators', 'example_xcom_args']) retrieved from /home/airflow/.local/lib/python3.7/site-packages/airflow/example_dags/example_xcomargs.py
[2024-11-09T17:19:53.052+0000] {logging_mixin.py:137} INFO - [2024-11-09T17:19:53.052+0000] {dag.py:2690} INFO - Sync 2 DAGs
[2024-11-09T17:19:53.068+0000] {logging_mixin.py:137} INFO - [2024-11-09T17:19:53.068+0000] {dag.py:3441} INFO - Setting next_dagrun for example_xcom_args to None, run_after=None
[2024-11-09T17:19:53.070+0000] {logging_mixin.py:137} INFO - [2024-11-09T17:19:53.070+0000] {dag.py:3441} INFO - Setting next_dagrun for example_xcom_args_with_operators to None, run_after=None
[2024-11-09T17:19:53.083+0000] {processor.py:175} INFO - Processing /home/airflow/.local/lib/python3.7/site-packages/airflow/example_dags/example_xcomargs.py took 0.064 seconds
[2024-11-09T17:20:23.634+0000] {processor.py:153} INFO - Started process (PID=1732) to work on /home/airflow/.local/lib/python3.7/site-packages/airflow/example_dags/example_xcomargs.py
[2024-11-09T17:20:23.634+0000] {processor.py:743} INFO - Processing file /home/airflow/.local/lib/python3.7/site-packages/airflow/example_dags/example_xcomargs.py for tasks to queue
[2024-11-09T17:20:23.635+0000] {logging_mixin.py:137} INFO - [2024-11-09T17:20:23.635+0000] {dagbag.py:538} INFO - Filling up the DagBag from /home/airflow/.local/lib/python3.7/site-packages/airflow/example_dags/example_xcomargs.py
[2024-11-09T17:20:23.649+0000] {processor.py:753} INFO - DAG(s) dict_keys(['example_xcom_args_with_operators', 'example_xcom_args']) retrieved from /home/airflow/.local/lib/python3.7/site-packages/airflow/example_dags/example_xcomargs.py
[2024-11-09T17:20:23.663+0000] {logging_mixin.py:137} INFO - [2024-11-09T17:20:23.663+0000] {dag.py:2690} INFO - Sync 2 DAGs
[2024-11-09T17:20:23.676+0000] {logging_mixin.py:137} INFO - [2024-11-09T17:20:23.676+0000] {dag.py:3441} INFO - Setting next_dagrun for example_xcom_args to None, run_after=None
[2024-11-09T17:20:23.678+0000] {logging_mixin.py:137} INFO - [2024-11-09T17:20:23.678+0000] {dag.py:3441} INFO - Setting next_dagrun for example_xcom_args_with_operators to None, run_after=None
[2024-11-09T17:20:23.686+0000] {processor.py:175} INFO - Processing /home/airflow/.local/lib/python3.7/site-packages/airflow/example_dags/example_xcomargs.py took 0.054 seconds
[2024-11-09T17:20:52.092+0000] {processor.py:153} INFO - Started process (PID=71) to work on /home/airflow/.local/lib/python3.7/site-packages/airflow/example_dags/example_xcomargs.py
[2024-11-09T17:20:52.093+0000] {processor.py:743} INFO - Processing file /home/airflow/.local/lib/python3.7/site-packages/airflow/example_dags/example_xcomargs.py for tasks to queue
[2024-11-09T17:20:52.093+0000] {logging_mixin.py:137} INFO - [2024-11-09T17:20:52.093+0000] {dagbag.py:538} INFO - Filling up the DagBag from /home/airflow/.local/lib/python3.7/site-packages/airflow/example_dags/example_xcomargs.py
[2024-11-09T17:20:52.109+0000] {processor.py:753} INFO - DAG(s) dict_keys(['example_xcom_args_with_operators', 'example_xcom_args']) retrieved from /home/airflow/.local/lib/python3.7/site-packages/airflow/example_dags/example_xcomargs.py
[2024-11-09T17:20:52.120+0000] {logging_mixin.py:137} INFO - [2024-11-09T17:20:52.120+0000] {dag.py:2690} INFO - Sync 2 DAGs
[2024-11-09T17:20:52.140+0000] {logging_mixin.py:137} INFO - [2024-11-09T17:20:52.140+0000] {dag.py:3441} INFO - Setting next_dagrun for example_xcom_args to None, run_after=None
[2024-11-09T17:20:52.146+0000] {logging_mixin.py:137} INFO - [2024-11-09T17:20:52.146+0000] {dag.py:3441} INFO - Setting next_dagrun for example_xcom_args_with_operators to None, run_after=None
[2024-11-09T17:20:52.168+0000] {processor.py:175} INFO - Processing /home/airflow/.local/lib/python3.7/site-packages/airflow/example_dags/example_xcomargs.py took 0.078 seconds
[2024-11-09T17:21:22.859+0000] {processor.py:153} INFO - Started process (PID=158) to work on /home/airflow/.local/lib/python3.7/site-packages/airflow/example_dags/example_xcomargs.py
[2024-11-09T17:21:22.860+0000] {processor.py:743} INFO - Processing file /home/airflow/.local/lib/python3.7/site-packages/airflow/example_dags/example_xcomargs.py for tasks to queue
[2024-11-09T17:21:22.860+0000] {logging_mixin.py:137} INFO - [2024-11-09T17:21:22.860+0000] {dagbag.py:538} INFO - Filling up the DagBag from /home/airflow/.local/lib/python3.7/site-packages/airflow/example_dags/example_xcomargs.py
[2024-11-09T17:21:22.873+0000] {processor.py:753} INFO - DAG(s) dict_keys(['example_xcom_args', 'example_xcom_args_with_operators']) retrieved from /home/airflow/.local/lib/python3.7/site-packages/airflow/example_dags/example_xcomargs.py
[2024-11-09T17:21:22.890+0000] {logging_mixin.py:137} INFO - [2024-11-09T17:21:22.890+0000] {dag.py:2690} INFO - Sync 2 DAGs
[2024-11-09T17:21:22.905+0000] {logging_mixin.py:137} INFO - [2024-11-09T17:21:22.905+0000] {dag.py:3441} INFO - Setting next_dagrun for example_xcom_args to None, run_after=None
[2024-11-09T17:21:22.907+0000] {logging_mixin.py:137} INFO - [2024-11-09T17:21:22.906+0000] {dag.py:3441} INFO - Setting next_dagrun for example_xcom_args_with_operators to None, run_after=None
[2024-11-09T17:21:22.919+0000] {processor.py:175} INFO - Processing /home/airflow/.local/lib/python3.7/site-packages/airflow/example_dags/example_xcomargs.py took 0.062 seconds
[2024-11-09T17:21:53.802+0000] {processor.py:153} INFO - Started process (PID=238) to work on /home/airflow/.local/lib/python3.7/site-packages/airflow/example_dags/example_xcomargs.py
[2024-11-09T17:21:53.806+0000] {processor.py:743} INFO - Processing file /home/airflow/.local/lib/python3.7/site-packages/airflow/example_dags/example_xcomargs.py for tasks to queue
[2024-11-09T17:21:53.807+0000] {logging_mixin.py:137} INFO - [2024-11-09T17:21:53.807+0000] {dagbag.py:538} INFO - Filling up the DagBag from /home/airflow/.local/lib/python3.7/site-packages/airflow/example_dags/example_xcomargs.py
[2024-11-09T17:21:53.820+0000] {processor.py:753} INFO - DAG(s) dict_keys(['example_xcom_args_with_operators', 'example_xcom_args']) retrieved from /home/airflow/.local/lib/python3.7/site-packages/airflow/example_dags/example_xcomargs.py
[2024-11-09T17:21:53.838+0000] {logging_mixin.py:137} INFO - [2024-11-09T17:21:53.838+0000] {dag.py:2690} INFO - Sync 2 DAGs
[2024-11-09T17:21:53.854+0000] {logging_mixin.py:137} INFO - [2024-11-09T17:21:53.853+0000] {dag.py:3441} INFO - Setting next_dagrun for example_xcom_args to None, run_after=None
[2024-11-09T17:21:53.856+0000] {logging_mixin.py:137} INFO - [2024-11-09T17:21:53.856+0000] {dag.py:3441} INFO - Setting next_dagrun for example_xcom_args_with_operators to None, run_after=None
[2024-11-09T17:21:53.876+0000] {processor.py:175} INFO - Processing /home/airflow/.local/lib/python3.7/site-packages/airflow/example_dags/example_xcomargs.py took 0.076 seconds
[2024-11-09T17:22:24.679+0000] {processor.py:153} INFO - Started process (PID=316) to work on /home/airflow/.local/lib/python3.7/site-packages/airflow/example_dags/example_xcomargs.py
[2024-11-09T17:22:24.680+0000] {processor.py:743} INFO - Processing file /home/airflow/.local/lib/python3.7/site-packages/airflow/example_dags/example_xcomargs.py for tasks to queue
[2024-11-09T17:22:24.680+0000] {logging_mixin.py:137} INFO - [2024-11-09T17:22:24.680+0000] {dagbag.py:538} INFO - Filling up the DagBag from /home/airflow/.local/lib/python3.7/site-packages/airflow/example_dags/example_xcomargs.py
[2024-11-09T17:22:24.694+0000] {processor.py:753} INFO - DAG(s) dict_keys(['example_xcom_args_with_operators', 'example_xcom_args']) retrieved from /home/airflow/.local/lib/python3.7/site-packages/airflow/example_dags/example_xcomargs.py
[2024-11-09T17:22:24.709+0000] {logging_mixin.py:137} INFO - [2024-11-09T17:22:24.709+0000] {dag.py:2690} INFO - Sync 2 DAGs
[2024-11-09T17:22:24.725+0000] {logging_mixin.py:137} INFO - [2024-11-09T17:22:24.725+0000] {dag.py:3441} INFO - Setting next_dagrun for example_xcom_args to None, run_after=None
[2024-11-09T17:22:24.730+0000] {logging_mixin.py:137} INFO - [2024-11-09T17:22:24.730+0000] {dag.py:3441} INFO - Setting next_dagrun for example_xcom_args_with_operators to None, run_after=None
[2024-11-09T17:22:24.739+0000] {processor.py:175} INFO - Processing /home/airflow/.local/lib/python3.7/site-packages/airflow/example_dags/example_xcomargs.py took 0.062 seconds
[2024-11-09T17:22:55.624+0000] {processor.py:153} INFO - Started process (PID=403) to work on /home/airflow/.local/lib/python3.7/site-packages/airflow/example_dags/example_xcomargs.py
[2024-11-09T17:22:55.626+0000] {processor.py:743} INFO - Processing file /home/airflow/.local/lib/python3.7/site-packages/airflow/example_dags/example_xcomargs.py for tasks to queue
[2024-11-09T17:22:55.627+0000] {logging_mixin.py:137} INFO - [2024-11-09T17:22:55.627+0000] {dagbag.py:538} INFO - Filling up the DagBag from /home/airflow/.local/lib/python3.7/site-packages/airflow/example_dags/example_xcomargs.py
[2024-11-09T17:22:55.640+0000] {processor.py:753} INFO - DAG(s) dict_keys(['example_xcom_args_with_operators', 'example_xcom_args']) retrieved from /home/airflow/.local/lib/python3.7/site-packages/airflow/example_dags/example_xcomargs.py
[2024-11-09T17:22:55.657+0000] {logging_mixin.py:137} INFO - [2024-11-09T17:22:55.657+0000] {dag.py:2690} INFO - Sync 2 DAGs
[2024-11-09T17:22:55.670+0000] {logging_mixin.py:137} INFO - [2024-11-09T17:22:55.670+0000] {dag.py:3441} INFO - Setting next_dagrun for example_xcom_args to None, run_after=None
[2024-11-09T17:22:55.672+0000] {logging_mixin.py:137} INFO - [2024-11-09T17:22:55.672+0000] {dag.py:3441} INFO - Setting next_dagrun for example_xcom_args_with_operators to None, run_after=None
[2024-11-09T17:22:55.681+0000] {processor.py:175} INFO - Processing /home/airflow/.local/lib/python3.7/site-packages/airflow/example_dags/example_xcomargs.py took 0.058 seconds
[2024-11-09T17:23:26.499+0000] {processor.py:153} INFO - Started process (PID=490) to work on /home/airflow/.local/lib/python3.7/site-packages/airflow/example_dags/example_xcomargs.py
[2024-11-09T17:23:26.503+0000] {processor.py:743} INFO - Processing file /home/airflow/.local/lib/python3.7/site-packages/airflow/example_dags/example_xcomargs.py for tasks to queue
[2024-11-09T17:23:26.504+0000] {logging_mixin.py:137} INFO - [2024-11-09T17:23:26.504+0000] {dagbag.py:538} INFO - Filling up the DagBag from /home/airflow/.local/lib/python3.7/site-packages/airflow/example_dags/example_xcomargs.py
[2024-11-09T17:23:26.517+0000] {processor.py:753} INFO - DAG(s) dict_keys(['example_xcom_args_with_operators', 'example_xcom_args']) retrieved from /home/airflow/.local/lib/python3.7/site-packages/airflow/example_dags/example_xcomargs.py
[2024-11-09T17:23:26.533+0000] {logging_mixin.py:137} INFO - [2024-11-09T17:23:26.533+0000] {dag.py:2690} INFO - Sync 2 DAGs
[2024-11-09T17:23:26.549+0000] {logging_mixin.py:137} INFO - [2024-11-09T17:23:26.549+0000] {dag.py:3441} INFO - Setting next_dagrun for example_xcom_args to None, run_after=None
[2024-11-09T17:23:26.551+0000] {logging_mixin.py:137} INFO - [2024-11-09T17:23:26.551+0000] {dag.py:3441} INFO - Setting next_dagrun for example_xcom_args_with_operators to None, run_after=None
[2024-11-09T17:23:26.561+0000] {processor.py:175} INFO - Processing /home/airflow/.local/lib/python3.7/site-packages/airflow/example_dags/example_xcomargs.py took 0.063 seconds
[2024-11-09T17:28:54.079+0000] {processor.py:153} INFO - Started process (PID=71) to work on /home/airflow/.local/lib/python3.7/site-packages/airflow/example_dags/example_xcomargs.py
[2024-11-09T17:28:54.080+0000] {processor.py:743} INFO - Processing file /home/airflow/.local/lib/python3.7/site-packages/airflow/example_dags/example_xcomargs.py for tasks to queue
[2024-11-09T17:28:54.081+0000] {logging_mixin.py:137} INFO - [2024-11-09T17:28:54.081+0000] {dagbag.py:538} INFO - Filling up the DagBag from /home/airflow/.local/lib/python3.7/site-packages/airflow/example_dags/example_xcomargs.py
[2024-11-09T17:28:54.098+0000] {processor.py:753} INFO - DAG(s) dict_keys(['example_xcom_args', 'example_xcom_args_with_operators']) retrieved from /home/airflow/.local/lib/python3.7/site-packages/airflow/example_dags/example_xcomargs.py
[2024-11-09T17:28:54.107+0000] {logging_mixin.py:137} INFO - [2024-11-09T17:28:54.107+0000] {dag.py:2690} INFO - Sync 2 DAGs
[2024-11-09T17:28:54.128+0000] {logging_mixin.py:137} INFO - [2024-11-09T17:28:54.127+0000] {dag.py:3441} INFO - Setting next_dagrun for example_xcom_args to None, run_after=None
[2024-11-09T17:28:54.130+0000] {logging_mixin.py:137} INFO - [2024-11-09T17:28:54.130+0000] {dag.py:3441} INFO - Setting next_dagrun for example_xcom_args_with_operators to None, run_after=None
[2024-11-09T17:28:54.149+0000] {processor.py:175} INFO - Processing /home/airflow/.local/lib/python3.7/site-packages/airflow/example_dags/example_xcomargs.py took 0.071 seconds
[2024-11-09T17:29:24.889+0000] {processor.py:153} INFO - Started process (PID=158) to work on /home/airflow/.local/lib/python3.7/site-packages/airflow/example_dags/example_xcomargs.py
[2024-11-09T17:29:24.891+0000] {processor.py:743} INFO - Processing file /home/airflow/.local/lib/python3.7/site-packages/airflow/example_dags/example_xcomargs.py for tasks to queue
[2024-11-09T17:29:24.891+0000] {logging_mixin.py:137} INFO - [2024-11-09T17:29:24.891+0000] {dagbag.py:538} INFO - Filling up the DagBag from /home/airflow/.local/lib/python3.7/site-packages/airflow/example_dags/example_xcomargs.py
[2024-11-09T17:29:24.906+0000] {processor.py:753} INFO - DAG(s) dict_keys(['example_xcom_args_with_operators', 'example_xcom_args']) retrieved from /home/airflow/.local/lib/python3.7/site-packages/airflow/example_dags/example_xcomargs.py
[2024-11-09T17:29:24.937+0000] {logging_mixin.py:137} INFO - [2024-11-09T17:29:24.937+0000] {dag.py:2690} INFO - Sync 2 DAGs
[2024-11-09T17:29:24.952+0000] {logging_mixin.py:137} INFO - [2024-11-09T17:29:24.952+0000] {dag.py:3441} INFO - Setting next_dagrun for example_xcom_args to None, run_after=None
[2024-11-09T17:29:24.958+0000] {logging_mixin.py:137} INFO - [2024-11-09T17:29:24.957+0000] {dag.py:3441} INFO - Setting next_dagrun for example_xcom_args_with_operators to None, run_after=None
[2024-11-09T17:29:24.971+0000] {processor.py:175} INFO - Processing /home/airflow/.local/lib/python3.7/site-packages/airflow/example_dags/example_xcomargs.py took 0.084 seconds
[2024-11-09T17:29:55.804+0000] {processor.py:153} INFO - Started process (PID=236) to work on /home/airflow/.local/lib/python3.7/site-packages/airflow/example_dags/example_xcomargs.py
[2024-11-09T17:29:55.806+0000] {processor.py:743} INFO - Processing file /home/airflow/.local/lib/python3.7/site-packages/airflow/example_dags/example_xcomargs.py for tasks to queue
[2024-11-09T17:29:55.808+0000] {logging_mixin.py:137} INFO - [2024-11-09T17:29:55.808+0000] {dagbag.py:538} INFO - Filling up the DagBag from /home/airflow/.local/lib/python3.7/site-packages/airflow/example_dags/example_xcomargs.py
[2024-11-09T17:29:55.829+0000] {processor.py:753} INFO - DAG(s) dict_keys(['example_xcom_args', 'example_xcom_args_with_operators']) retrieved from /home/airflow/.local/lib/python3.7/site-packages/airflow/example_dags/example_xcomargs.py
[2024-11-09T17:29:55.851+0000] {logging_mixin.py:137} INFO - [2024-11-09T17:29:55.851+0000] {dag.py:2690} INFO - Sync 2 DAGs
[2024-11-09T17:29:55.866+0000] {logging_mixin.py:137} INFO - [2024-11-09T17:29:55.866+0000] {dag.py:3441} INFO - Setting next_dagrun for example_xcom_args to None, run_after=None
[2024-11-09T17:29:55.869+0000] {logging_mixin.py:137} INFO - [2024-11-09T17:29:55.869+0000] {dag.py:3441} INFO - Setting next_dagrun for example_xcom_args_with_operators to None, run_after=None
[2024-11-09T17:29:55.882+0000] {processor.py:175} INFO - Processing /home/airflow/.local/lib/python3.7/site-packages/airflow/example_dags/example_xcomargs.py took 0.080 seconds
[2024-11-09T17:30:15.117+0000] {processor.py:153} INFO - Started process (PID=71) to work on /home/airflow/.local/lib/python3.7/site-packages/airflow/example_dags/example_xcomargs.py
[2024-11-09T17:30:15.118+0000] {processor.py:743} INFO - Processing file /home/airflow/.local/lib/python3.7/site-packages/airflow/example_dags/example_xcomargs.py for tasks to queue
[2024-11-09T17:30:15.119+0000] {logging_mixin.py:137} INFO - [2024-11-09T17:30:15.119+0000] {dagbag.py:538} INFO - Filling up the DagBag from /home/airflow/.local/lib/python3.7/site-packages/airflow/example_dags/example_xcomargs.py
[2024-11-09T17:30:15.133+0000] {processor.py:753} INFO - DAG(s) dict_keys(['example_xcom_args', 'example_xcom_args_with_operators']) retrieved from /home/airflow/.local/lib/python3.7/site-packages/airflow/example_dags/example_xcomargs.py
[2024-11-09T17:30:15.144+0000] {logging_mixin.py:137} INFO - [2024-11-09T17:30:15.144+0000] {dag.py:2690} INFO - Sync 2 DAGs
[2024-11-09T17:30:15.165+0000] {logging_mixin.py:137} INFO - [2024-11-09T17:30:15.165+0000] {dag.py:3441} INFO - Setting next_dagrun for example_xcom_args to None, run_after=None
[2024-11-09T17:30:15.169+0000] {logging_mixin.py:137} INFO - [2024-11-09T17:30:15.169+0000] {dag.py:3441} INFO - Setting next_dagrun for example_xcom_args_with_operators to None, run_after=None
[2024-11-09T17:30:15.189+0000] {processor.py:175} INFO - Processing /home/airflow/.local/lib/python3.7/site-packages/airflow/example_dags/example_xcomargs.py took 0.075 seconds
[2024-11-09T17:30:45.783+0000] {processor.py:153} INFO - Started process (PID=158) to work on /home/airflow/.local/lib/python3.7/site-packages/airflow/example_dags/example_xcomargs.py
[2024-11-09T17:30:45.783+0000] {processor.py:743} INFO - Processing file /home/airflow/.local/lib/python3.7/site-packages/airflow/example_dags/example_xcomargs.py for tasks to queue
[2024-11-09T17:30:45.784+0000] {logging_mixin.py:137} INFO - [2024-11-09T17:30:45.784+0000] {dagbag.py:538} INFO - Filling up the DagBag from /home/airflow/.local/lib/python3.7/site-packages/airflow/example_dags/example_xcomargs.py
[2024-11-09T17:30:45.796+0000] {processor.py:753} INFO - DAG(s) dict_keys(['example_xcom_args', 'example_xcom_args_with_operators']) retrieved from /home/airflow/.local/lib/python3.7/site-packages/airflow/example_dags/example_xcomargs.py
[2024-11-09T17:30:45.810+0000] {logging_mixin.py:137} INFO - [2024-11-09T17:30:45.810+0000] {dag.py:2690} INFO - Sync 2 DAGs
[2024-11-09T17:30:45.823+0000] {logging_mixin.py:137} INFO - [2024-11-09T17:30:45.823+0000] {dag.py:3441} INFO - Setting next_dagrun for example_xcom_args to None, run_after=None
[2024-11-09T17:30:45.825+0000] {logging_mixin.py:137} INFO - [2024-11-09T17:30:45.825+0000] {dag.py:3441} INFO - Setting next_dagrun for example_xcom_args_with_operators to None, run_after=None
[2024-11-09T17:30:45.833+0000] {processor.py:175} INFO - Processing /home/airflow/.local/lib/python3.7/site-packages/airflow/example_dags/example_xcomargs.py took 0.053 seconds
[2024-11-09T17:31:16.472+0000] {processor.py:153} INFO - Started process (PID=229) to work on /home/airflow/.local/lib/python3.7/site-packages/airflow/example_dags/example_xcomargs.py
[2024-11-09T17:31:16.474+0000] {processor.py:743} INFO - Processing file /home/airflow/.local/lib/python3.7/site-packages/airflow/example_dags/example_xcomargs.py for tasks to queue
[2024-11-09T17:31:16.476+0000] {logging_mixin.py:137} INFO - [2024-11-09T17:31:16.476+0000] {dagbag.py:538} INFO - Filling up the DagBag from /home/airflow/.local/lib/python3.7/site-packages/airflow/example_dags/example_xcomargs.py
[2024-11-09T17:31:16.488+0000] {processor.py:753} INFO - DAG(s) dict_keys(['example_xcom_args', 'example_xcom_args_with_operators']) retrieved from /home/airflow/.local/lib/python3.7/site-packages/airflow/example_dags/example_xcomargs.py
[2024-11-09T17:31:16.503+0000] {logging_mixin.py:137} INFO - [2024-11-09T17:31:16.503+0000] {dag.py:2690} INFO - Sync 2 DAGs
[2024-11-09T17:31:16.517+0000] {logging_mixin.py:137} INFO - [2024-11-09T17:31:16.517+0000] {dag.py:3441} INFO - Setting next_dagrun for example_xcom_args to None, run_after=None
[2024-11-09T17:31:16.519+0000] {logging_mixin.py:137} INFO - [2024-11-09T17:31:16.519+0000] {dag.py:3441} INFO - Setting next_dagrun for example_xcom_args_with_operators to None, run_after=None
[2024-11-09T17:31:16.528+0000] {processor.py:175} INFO - Processing /home/airflow/.local/lib/python3.7/site-packages/airflow/example_dags/example_xcomargs.py took 0.057 seconds
[2024-11-09T17:31:47.118+0000] {processor.py:153} INFO - Started process (PID=316) to work on /home/airflow/.local/lib/python3.7/site-packages/airflow/example_dags/example_xcomargs.py
[2024-11-09T17:31:47.119+0000] {processor.py:743} INFO - Processing file /home/airflow/.local/lib/python3.7/site-packages/airflow/example_dags/example_xcomargs.py for tasks to queue
[2024-11-09T17:31:47.120+0000] {logging_mixin.py:137} INFO - [2024-11-09T17:31:47.120+0000] {dagbag.py:538} INFO - Filling up the DagBag from /home/airflow/.local/lib/python3.7/site-packages/airflow/example_dags/example_xcomargs.py
[2024-11-09T17:31:47.135+0000] {processor.py:753} INFO - DAG(s) dict_keys(['example_xcom_args', 'example_xcom_args_with_operators']) retrieved from /home/airflow/.local/lib/python3.7/site-packages/airflow/example_dags/example_xcomargs.py
[2024-11-09T17:31:47.150+0000] {logging_mixin.py:137} INFO - [2024-11-09T17:31:47.150+0000] {dag.py:2690} INFO - Sync 2 DAGs
[2024-11-09T17:31:47.167+0000] {logging_mixin.py:137} INFO - [2024-11-09T17:31:47.167+0000] {dag.py:3441} INFO - Setting next_dagrun for example_xcom_args to None, run_after=None
[2024-11-09T17:31:47.169+0000] {logging_mixin.py:137} INFO - [2024-11-09T17:31:47.169+0000] {dag.py:3441} INFO - Setting next_dagrun for example_xcom_args_with_operators to None, run_after=None
[2024-11-09T17:31:47.177+0000] {processor.py:175} INFO - Processing /home/airflow/.local/lib/python3.7/site-packages/airflow/example_dags/example_xcomargs.py took 0.061 seconds
[2024-11-09T17:32:17.682+0000] {processor.py:153} INFO - Started process (PID=403) to work on /home/airflow/.local/lib/python3.7/site-packages/airflow/example_dags/example_xcomargs.py
[2024-11-09T17:32:17.683+0000] {processor.py:743} INFO - Processing file /home/airflow/.local/lib/python3.7/site-packages/airflow/example_dags/example_xcomargs.py for tasks to queue
[2024-11-09T17:32:17.683+0000] {logging_mixin.py:137} INFO - [2024-11-09T17:32:17.683+0000] {dagbag.py:538} INFO - Filling up the DagBag from /home/airflow/.local/lib/python3.7/site-packages/airflow/example_dags/example_xcomargs.py
[2024-11-09T17:32:17.697+0000] {processor.py:753} INFO - DAG(s) dict_keys(['example_xcom_args_with_operators', 'example_xcom_args']) retrieved from /home/airflow/.local/lib/python3.7/site-packages/airflow/example_dags/example_xcomargs.py
[2024-11-09T17:32:17.716+0000] {logging_mixin.py:137} INFO - [2024-11-09T17:32:17.716+0000] {dag.py:2690} INFO - Sync 2 DAGs
[2024-11-09T17:32:17.760+0000] {logging_mixin.py:137} INFO - [2024-11-09T17:32:17.760+0000] {dag.py:3441} INFO - Setting next_dagrun for example_xcom_args to None, run_after=None
[2024-11-09T17:32:17.764+0000] {logging_mixin.py:137} INFO - [2024-11-09T17:32:17.764+0000] {dag.py:3441} INFO - Setting next_dagrun for example_xcom_args_with_operators to None, run_after=None
[2024-11-09T17:32:17.777+0000] {processor.py:175} INFO - Processing /home/airflow/.local/lib/python3.7/site-packages/airflow/example_dags/example_xcomargs.py took 0.097 seconds
[2024-11-09T17:32:48.397+0000] {processor.py:153} INFO - Started process (PID=481) to work on /home/airflow/.local/lib/python3.7/site-packages/airflow/example_dags/example_xcomargs.py
[2024-11-09T17:32:48.398+0000] {processor.py:743} INFO - Processing file /home/airflow/.local/lib/python3.7/site-packages/airflow/example_dags/example_xcomargs.py for tasks to queue
[2024-11-09T17:32:48.399+0000] {logging_mixin.py:137} INFO - [2024-11-09T17:32:48.399+0000] {dagbag.py:538} INFO - Filling up the DagBag from /home/airflow/.local/lib/python3.7/site-packages/airflow/example_dags/example_xcomargs.py
[2024-11-09T17:32:48.412+0000] {processor.py:753} INFO - DAG(s) dict_keys(['example_xcom_args_with_operators', 'example_xcom_args']) retrieved from /home/airflow/.local/lib/python3.7/site-packages/airflow/example_dags/example_xcomargs.py
[2024-11-09T17:32:48.429+0000] {logging_mixin.py:137} INFO - [2024-11-09T17:32:48.429+0000] {dag.py:2690} INFO - Sync 2 DAGs
[2024-11-09T17:32:48.445+0000] {logging_mixin.py:137} INFO - [2024-11-09T17:32:48.445+0000] {dag.py:3441} INFO - Setting next_dagrun for example_xcom_args to None, run_after=None
[2024-11-09T17:32:48.447+0000] {logging_mixin.py:137} INFO - [2024-11-09T17:32:48.447+0000] {dag.py:3441} INFO - Setting next_dagrun for example_xcom_args_with_operators to None, run_after=None
[2024-11-09T17:32:48.462+0000] {processor.py:175} INFO - Processing /home/airflow/.local/lib/python3.7/site-packages/airflow/example_dags/example_xcomargs.py took 0.066 seconds
