[2024-11-09T17:10:06.975+0000] {processor.py:153} INFO - Started process (PID=82) to work on /home/airflow/.local/lib/python3.7/site-packages/airflow/example_dags/example_branch_day_of_week_operator.py
[2024-11-09T17:10:06.977+0000] {processor.py:743} INFO - Processing file /home/airflow/.local/lib/python3.7/site-packages/airflow/example_dags/example_branch_day_of_week_operator.py for tasks to queue
[2024-11-09T17:10:06.979+0000] {logging_mixin.py:137} INFO - [2024-11-09T17:10:06.978+0000] {dagbag.py:538} INFO - Filling up the DagBag from /home/airflow/.local/lib/python3.7/site-packages/airflow/example_dags/example_branch_day_of_week_operator.py
[2024-11-09T17:10:06.996+0000] {processor.py:753} INFO - DAG(s) dict_keys(['example_weekday_branch_operator']) retrieved from /home/airflow/.local/lib/python3.7/site-packages/airflow/example_dags/example_branch_day_of_week_operator.py
[2024-11-09T17:10:07.010+0000] {logging_mixin.py:137} INFO - [2024-11-09T17:10:07.010+0000] {dag.py:2690} INFO - Sync 1 DAGs
[2024-11-09T17:10:07.037+0000] {logging_mixin.py:137} INFO - [2024-11-09T17:10:07.037+0000] {dag.py:3441} INFO - Setting next_dagrun for example_weekday_branch_operator to 2024-11-08T00:00:00+00:00, run_after=2024-11-09T00:00:00+00:00
[2024-11-09T17:10:07.055+0000] {processor.py:175} INFO - Processing /home/airflow/.local/lib/python3.7/site-packages/airflow/example_dags/example_branch_day_of_week_operator.py took 0.086 seconds
[2024-11-09T17:10:37.615+0000] {processor.py:153} INFO - Started process (PID=169) to work on /home/airflow/.local/lib/python3.7/site-packages/airflow/example_dags/example_branch_day_of_week_operator.py
[2024-11-09T17:10:37.617+0000] {processor.py:743} INFO - Processing file /home/airflow/.local/lib/python3.7/site-packages/airflow/example_dags/example_branch_day_of_week_operator.py for tasks to queue
[2024-11-09T17:10:37.618+0000] {logging_mixin.py:137} INFO - [2024-11-09T17:10:37.618+0000] {dagbag.py:538} INFO - Filling up the DagBag from /home/airflow/.local/lib/python3.7/site-packages/airflow/example_dags/example_branch_day_of_week_operator.py
[2024-11-09T17:10:37.626+0000] {processor.py:753} INFO - DAG(s) dict_keys(['example_weekday_branch_operator']) retrieved from /home/airflow/.local/lib/python3.7/site-packages/airflow/example_dags/example_branch_day_of_week_operator.py
[2024-11-09T17:10:37.642+0000] {logging_mixin.py:137} INFO - [2024-11-09T17:10:37.642+0000] {dag.py:2690} INFO - Sync 1 DAGs
[2024-11-09T17:10:37.656+0000] {logging_mixin.py:137} INFO - [2024-11-09T17:10:37.656+0000] {dag.py:3441} INFO - Setting next_dagrun for example_weekday_branch_operator to 2024-11-08T00:00:00+00:00, run_after=2024-11-09T00:00:00+00:00
[2024-11-09T17:10:37.665+0000] {processor.py:175} INFO - Processing /home/airflow/.local/lib/python3.7/site-packages/airflow/example_dags/example_branch_day_of_week_operator.py took 0.052 seconds
[2024-11-09T17:11:08.408+0000] {processor.py:153} INFO - Started process (PID=249) to work on /home/airflow/.local/lib/python3.7/site-packages/airflow/example_dags/example_branch_day_of_week_operator.py
[2024-11-09T17:11:08.408+0000] {processor.py:743} INFO - Processing file /home/airflow/.local/lib/python3.7/site-packages/airflow/example_dags/example_branch_day_of_week_operator.py for tasks to queue
[2024-11-09T17:11:08.412+0000] {logging_mixin.py:137} INFO - [2024-11-09T17:11:08.412+0000] {dagbag.py:538} INFO - Filling up the DagBag from /home/airflow/.local/lib/python3.7/site-packages/airflow/example_dags/example_branch_day_of_week_operator.py
[2024-11-09T17:11:08.422+0000] {processor.py:753} INFO - DAG(s) dict_keys(['example_weekday_branch_operator']) retrieved from /home/airflow/.local/lib/python3.7/site-packages/airflow/example_dags/example_branch_day_of_week_operator.py
[2024-11-09T17:11:08.442+0000] {logging_mixin.py:137} INFO - [2024-11-09T17:11:08.442+0000] {dag.py:2690} INFO - Sync 1 DAGs
[2024-11-09T17:11:08.478+0000] {logging_mixin.py:137} INFO - [2024-11-09T17:11:08.478+0000] {dag.py:3441} INFO - Setting next_dagrun for example_weekday_branch_operator to 2024-11-08T00:00:00+00:00, run_after=2024-11-09T00:00:00+00:00
[2024-11-09T17:11:08.501+0000] {processor.py:175} INFO - Processing /home/airflow/.local/lib/python3.7/site-packages/airflow/example_dags/example_branch_day_of_week_operator.py took 0.095 seconds
[2024-11-09T17:11:39.217+0000] {processor.py:153} INFO - Started process (PID=327) to work on /home/airflow/.local/lib/python3.7/site-packages/airflow/example_dags/example_branch_day_of_week_operator.py
[2024-11-09T17:11:39.218+0000] {processor.py:743} INFO - Processing file /home/airflow/.local/lib/python3.7/site-packages/airflow/example_dags/example_branch_day_of_week_operator.py for tasks to queue
[2024-11-09T17:11:39.218+0000] {logging_mixin.py:137} INFO - [2024-11-09T17:11:39.218+0000] {dagbag.py:538} INFO - Filling up the DagBag from /home/airflow/.local/lib/python3.7/site-packages/airflow/example_dags/example_branch_day_of_week_operator.py
[2024-11-09T17:11:39.227+0000] {processor.py:753} INFO - DAG(s) dict_keys(['example_weekday_branch_operator']) retrieved from /home/airflow/.local/lib/python3.7/site-packages/airflow/example_dags/example_branch_day_of_week_operator.py
[2024-11-09T17:11:39.248+0000] {logging_mixin.py:137} INFO - [2024-11-09T17:11:39.248+0000] {dag.py:2690} INFO - Sync 1 DAGs
[2024-11-09T17:11:39.262+0000] {logging_mixin.py:137} INFO - [2024-11-09T17:11:39.262+0000] {dag.py:3441} INFO - Setting next_dagrun for example_weekday_branch_operator to 2024-11-08T00:00:00+00:00, run_after=2024-11-09T00:00:00+00:00
[2024-11-09T17:11:39.280+0000] {processor.py:175} INFO - Processing /home/airflow/.local/lib/python3.7/site-packages/airflow/example_dags/example_branch_day_of_week_operator.py took 0.065 seconds
[2024-11-09T17:12:09.791+0000] {processor.py:153} INFO - Started process (PID=414) to work on /home/airflow/.local/lib/python3.7/site-packages/airflow/example_dags/example_branch_day_of_week_operator.py
[2024-11-09T17:12:09.796+0000] {processor.py:743} INFO - Processing file /home/airflow/.local/lib/python3.7/site-packages/airflow/example_dags/example_branch_day_of_week_operator.py for tasks to queue
[2024-11-09T17:12:09.797+0000] {logging_mixin.py:137} INFO - [2024-11-09T17:12:09.797+0000] {dagbag.py:538} INFO - Filling up the DagBag from /home/airflow/.local/lib/python3.7/site-packages/airflow/example_dags/example_branch_day_of_week_operator.py
[2024-11-09T17:12:09.805+0000] {processor.py:753} INFO - DAG(s) dict_keys(['example_weekday_branch_operator']) retrieved from /home/airflow/.local/lib/python3.7/site-packages/airflow/example_dags/example_branch_day_of_week_operator.py
[2024-11-09T17:12:09.823+0000] {logging_mixin.py:137} INFO - [2024-11-09T17:12:09.823+0000] {dag.py:2690} INFO - Sync 1 DAGs
[2024-11-09T17:12:09.838+0000] {logging_mixin.py:137} INFO - [2024-11-09T17:12:09.838+0000] {dag.py:3441} INFO - Setting next_dagrun for example_weekday_branch_operator to 2024-11-08T00:00:00+00:00, run_after=2024-11-09T00:00:00+00:00
[2024-11-09T17:12:09.853+0000] {processor.py:175} INFO - Processing /home/airflow/.local/lib/python3.7/site-packages/airflow/example_dags/example_branch_day_of_week_operator.py took 0.064 seconds
[2024-11-09T17:12:40.427+0000] {processor.py:153} INFO - Started process (PID=501) to work on /home/airflow/.local/lib/python3.7/site-packages/airflow/example_dags/example_branch_day_of_week_operator.py
[2024-11-09T17:12:40.427+0000] {processor.py:743} INFO - Processing file /home/airflow/.local/lib/python3.7/site-packages/airflow/example_dags/example_branch_day_of_week_operator.py for tasks to queue
[2024-11-09T17:12:40.427+0000] {logging_mixin.py:137} INFO - [2024-11-09T17:12:40.427+0000] {dagbag.py:538} INFO - Filling up the DagBag from /home/airflow/.local/lib/python3.7/site-packages/airflow/example_dags/example_branch_day_of_week_operator.py
[2024-11-09T17:12:40.434+0000] {processor.py:753} INFO - DAG(s) dict_keys(['example_weekday_branch_operator']) retrieved from /home/airflow/.local/lib/python3.7/site-packages/airflow/example_dags/example_branch_day_of_week_operator.py
[2024-11-09T17:12:40.448+0000] {logging_mixin.py:137} INFO - [2024-11-09T17:12:40.448+0000] {dag.py:2690} INFO - Sync 1 DAGs
[2024-11-09T17:12:40.460+0000] {logging_mixin.py:137} INFO - [2024-11-09T17:12:40.460+0000] {dag.py:3441} INFO - Setting next_dagrun for example_weekday_branch_operator to 2024-11-08T00:00:00+00:00, run_after=2024-11-09T00:00:00+00:00
[2024-11-09T17:12:40.468+0000] {processor.py:175} INFO - Processing /home/airflow/.local/lib/python3.7/site-packages/airflow/example_dags/example_branch_day_of_week_operator.py took 0.044 seconds
[2024-11-09T17:13:11.126+0000] {processor.py:153} INFO - Started process (PID=572) to work on /home/airflow/.local/lib/python3.7/site-packages/airflow/example_dags/example_branch_day_of_week_operator.py
[2024-11-09T17:13:11.127+0000] {processor.py:743} INFO - Processing file /home/airflow/.local/lib/python3.7/site-packages/airflow/example_dags/example_branch_day_of_week_operator.py for tasks to queue
[2024-11-09T17:13:11.128+0000] {logging_mixin.py:137} INFO - [2024-11-09T17:13:11.128+0000] {dagbag.py:538} INFO - Filling up the DagBag from /home/airflow/.local/lib/python3.7/site-packages/airflow/example_dags/example_branch_day_of_week_operator.py
[2024-11-09T17:13:11.138+0000] {processor.py:753} INFO - DAG(s) dict_keys(['example_weekday_branch_operator']) retrieved from /home/airflow/.local/lib/python3.7/site-packages/airflow/example_dags/example_branch_day_of_week_operator.py
[2024-11-09T17:13:11.152+0000] {logging_mixin.py:137} INFO - [2024-11-09T17:13:11.152+0000] {dag.py:2690} INFO - Sync 1 DAGs
[2024-11-09T17:13:11.166+0000] {logging_mixin.py:137} INFO - [2024-11-09T17:13:11.165+0000] {dag.py:3441} INFO - Setting next_dagrun for example_weekday_branch_operator to 2024-11-08T00:00:00+00:00, run_after=2024-11-09T00:00:00+00:00
[2024-11-09T17:13:11.176+0000] {processor.py:175} INFO - Processing /home/airflow/.local/lib/python3.7/site-packages/airflow/example_dags/example_branch_day_of_week_operator.py took 0.052 seconds
[2024-11-09T17:13:43.467+0000] {processor.py:153} INFO - Started process (PID=659) to work on /home/airflow/.local/lib/python3.7/site-packages/airflow/example_dags/example_branch_day_of_week_operator.py
[2024-11-09T17:13:43.468+0000] {processor.py:743} INFO - Processing file /home/airflow/.local/lib/python3.7/site-packages/airflow/example_dags/example_branch_day_of_week_operator.py for tasks to queue
[2024-11-09T17:13:43.471+0000] {logging_mixin.py:137} INFO - [2024-11-09T17:13:43.471+0000] {dagbag.py:538} INFO - Filling up the DagBag from /home/airflow/.local/lib/python3.7/site-packages/airflow/example_dags/example_branch_day_of_week_operator.py
[2024-11-09T17:13:43.481+0000] {processor.py:753} INFO - DAG(s) dict_keys(['example_weekday_branch_operator']) retrieved from /home/airflow/.local/lib/python3.7/site-packages/airflow/example_dags/example_branch_day_of_week_operator.py
[2024-11-09T17:13:43.497+0000] {logging_mixin.py:137} INFO - [2024-11-09T17:13:43.497+0000] {dag.py:2690} INFO - Sync 1 DAGs
[2024-11-09T17:13:43.517+0000] {logging_mixin.py:137} INFO - [2024-11-09T17:13:43.517+0000] {dag.py:3441} INFO - Setting next_dagrun for example_weekday_branch_operator to 2024-11-08T00:00:00+00:00, run_after=2024-11-09T00:00:00+00:00
[2024-11-09T17:13:43.530+0000] {processor.py:175} INFO - Processing /home/airflow/.local/lib/python3.7/site-packages/airflow/example_dags/example_branch_day_of_week_operator.py took 0.066 seconds
[2024-11-09T17:14:14.256+0000] {processor.py:153} INFO - Started process (PID=746) to work on /home/airflow/.local/lib/python3.7/site-packages/airflow/example_dags/example_branch_day_of_week_operator.py
[2024-11-09T17:14:14.256+0000] {processor.py:743} INFO - Processing file /home/airflow/.local/lib/python3.7/site-packages/airflow/example_dags/example_branch_day_of_week_operator.py for tasks to queue
[2024-11-09T17:14:14.257+0000] {logging_mixin.py:137} INFO - [2024-11-09T17:14:14.257+0000] {dagbag.py:538} INFO - Filling up the DagBag from /home/airflow/.local/lib/python3.7/site-packages/airflow/example_dags/example_branch_day_of_week_operator.py
[2024-11-09T17:14:14.265+0000] {processor.py:753} INFO - DAG(s) dict_keys(['example_weekday_branch_operator']) retrieved from /home/airflow/.local/lib/python3.7/site-packages/airflow/example_dags/example_branch_day_of_week_operator.py
[2024-11-09T17:14:14.283+0000] {logging_mixin.py:137} INFO - [2024-11-09T17:14:14.283+0000] {dag.py:2690} INFO - Sync 1 DAGs
[2024-11-09T17:14:14.300+0000] {logging_mixin.py:137} INFO - [2024-11-09T17:14:14.300+0000] {dag.py:3441} INFO - Setting next_dagrun for example_weekday_branch_operator to 2024-11-08T00:00:00+00:00, run_after=2024-11-09T00:00:00+00:00
[2024-11-09T17:14:14.314+0000] {processor.py:175} INFO - Processing /home/airflow/.local/lib/python3.7/site-packages/airflow/example_dags/example_branch_day_of_week_operator.py took 0.061 seconds
[2024-11-09T17:14:45.105+0000] {processor.py:153} INFO - Started process (PID=817) to work on /home/airflow/.local/lib/python3.7/site-packages/airflow/example_dags/example_branch_day_of_week_operator.py
[2024-11-09T17:14:45.106+0000] {processor.py:743} INFO - Processing file /home/airflow/.local/lib/python3.7/site-packages/airflow/example_dags/example_branch_day_of_week_operator.py for tasks to queue
[2024-11-09T17:14:45.106+0000] {logging_mixin.py:137} INFO - [2024-11-09T17:14:45.106+0000] {dagbag.py:538} INFO - Filling up the DagBag from /home/airflow/.local/lib/python3.7/site-packages/airflow/example_dags/example_branch_day_of_week_operator.py
[2024-11-09T17:14:45.116+0000] {processor.py:753} INFO - DAG(s) dict_keys(['example_weekday_branch_operator']) retrieved from /home/airflow/.local/lib/python3.7/site-packages/airflow/example_dags/example_branch_day_of_week_operator.py
[2024-11-09T17:14:45.136+0000] {logging_mixin.py:137} INFO - [2024-11-09T17:14:45.136+0000] {dag.py:2690} INFO - Sync 1 DAGs
[2024-11-09T17:14:45.154+0000] {logging_mixin.py:137} INFO - [2024-11-09T17:14:45.153+0000] {dag.py:3441} INFO - Setting next_dagrun for example_weekday_branch_operator to 2024-11-08T00:00:00+00:00, run_after=2024-11-09T00:00:00+00:00
[2024-11-09T17:14:45.167+0000] {processor.py:175} INFO - Processing /home/airflow/.local/lib/python3.7/site-packages/airflow/example_dags/example_branch_day_of_week_operator.py took 0.064 seconds
[2024-11-09T17:15:16.047+0000] {processor.py:153} INFO - Started process (PID=904) to work on /home/airflow/.local/lib/python3.7/site-packages/airflow/example_dags/example_branch_day_of_week_operator.py
[2024-11-09T17:15:16.047+0000] {processor.py:743} INFO - Processing file /home/airflow/.local/lib/python3.7/site-packages/airflow/example_dags/example_branch_day_of_week_operator.py for tasks to queue
[2024-11-09T17:15:16.048+0000] {logging_mixin.py:137} INFO - [2024-11-09T17:15:16.048+0000] {dagbag.py:538} INFO - Filling up the DagBag from /home/airflow/.local/lib/python3.7/site-packages/airflow/example_dags/example_branch_day_of_week_operator.py
[2024-11-09T17:15:16.058+0000] {processor.py:753} INFO - DAG(s) dict_keys(['example_weekday_branch_operator']) retrieved from /home/airflow/.local/lib/python3.7/site-packages/airflow/example_dags/example_branch_day_of_week_operator.py
[2024-11-09T17:15:16.083+0000] {logging_mixin.py:137} INFO - [2024-11-09T17:15:16.083+0000] {dag.py:2690} INFO - Sync 1 DAGs
[2024-11-09T17:15:16.100+0000] {logging_mixin.py:137} INFO - [2024-11-09T17:15:16.100+0000] {dag.py:3441} INFO - Setting next_dagrun for example_weekday_branch_operator to 2024-11-08T00:00:00+00:00, run_after=2024-11-09T00:00:00+00:00
[2024-11-09T17:15:16.112+0000] {processor.py:175} INFO - Processing /home/airflow/.local/lib/python3.7/site-packages/airflow/example_dags/example_branch_day_of_week_operator.py took 0.067 seconds
[2024-11-09T17:15:46.770+0000] {processor.py:153} INFO - Started process (PID=991) to work on /home/airflow/.local/lib/python3.7/site-packages/airflow/example_dags/example_branch_day_of_week_operator.py
[2024-11-09T17:15:46.771+0000] {processor.py:743} INFO - Processing file /home/airflow/.local/lib/python3.7/site-packages/airflow/example_dags/example_branch_day_of_week_operator.py for tasks to queue
[2024-11-09T17:15:46.772+0000] {logging_mixin.py:137} INFO - [2024-11-09T17:15:46.772+0000] {dagbag.py:538} INFO - Filling up the DagBag from /home/airflow/.local/lib/python3.7/site-packages/airflow/example_dags/example_branch_day_of_week_operator.py
[2024-11-09T17:15:46.781+0000] {processor.py:753} INFO - DAG(s) dict_keys(['example_weekday_branch_operator']) retrieved from /home/airflow/.local/lib/python3.7/site-packages/airflow/example_dags/example_branch_day_of_week_operator.py
[2024-11-09T17:15:46.796+0000] {logging_mixin.py:137} INFO - [2024-11-09T17:15:46.796+0000] {dag.py:2690} INFO - Sync 1 DAGs
[2024-11-09T17:15:46.812+0000] {logging_mixin.py:137} INFO - [2024-11-09T17:15:46.812+0000] {dag.py:3441} INFO - Setting next_dagrun for example_weekday_branch_operator to 2024-11-08T00:00:00+00:00, run_after=2024-11-09T00:00:00+00:00
[2024-11-09T17:15:46.822+0000] {processor.py:175} INFO - Processing /home/airflow/.local/lib/python3.7/site-packages/airflow/example_dags/example_branch_day_of_week_operator.py took 0.055 seconds
[2024-11-09T17:16:17.839+0000] {processor.py:153} INFO - Started process (PID=1078) to work on /home/airflow/.local/lib/python3.7/site-packages/airflow/example_dags/example_branch_day_of_week_operator.py
[2024-11-09T17:16:17.841+0000] {processor.py:743} INFO - Processing file /home/airflow/.local/lib/python3.7/site-packages/airflow/example_dags/example_branch_day_of_week_operator.py for tasks to queue
[2024-11-09T17:16:17.842+0000] {logging_mixin.py:137} INFO - [2024-11-09T17:16:17.842+0000] {dagbag.py:538} INFO - Filling up the DagBag from /home/airflow/.local/lib/python3.7/site-packages/airflow/example_dags/example_branch_day_of_week_operator.py
[2024-11-09T17:16:17.853+0000] {processor.py:753} INFO - DAG(s) dict_keys(['example_weekday_branch_operator']) retrieved from /home/airflow/.local/lib/python3.7/site-packages/airflow/example_dags/example_branch_day_of_week_operator.py
[2024-11-09T17:16:17.881+0000] {logging_mixin.py:137} INFO - [2024-11-09T17:16:17.881+0000] {dag.py:2690} INFO - Sync 1 DAGs
[2024-11-09T17:16:17.899+0000] {logging_mixin.py:137} INFO - [2024-11-09T17:16:17.899+0000] {dag.py:3441} INFO - Setting next_dagrun for example_weekday_branch_operator to 2024-11-08T00:00:00+00:00, run_after=2024-11-09T00:00:00+00:00
[2024-11-09T17:16:17.911+0000] {processor.py:175} INFO - Processing /home/airflow/.local/lib/python3.7/site-packages/airflow/example_dags/example_branch_day_of_week_operator.py took 0.074 seconds
[2024-11-09T17:16:48.699+0000] {processor.py:153} INFO - Started process (PID=1148) to work on /home/airflow/.local/lib/python3.7/site-packages/airflow/example_dags/example_branch_day_of_week_operator.py
[2024-11-09T17:16:48.700+0000] {processor.py:743} INFO - Processing file /home/airflow/.local/lib/python3.7/site-packages/airflow/example_dags/example_branch_day_of_week_operator.py for tasks to queue
[2024-11-09T17:16:48.700+0000] {logging_mixin.py:137} INFO - [2024-11-09T17:16:48.700+0000] {dagbag.py:538} INFO - Filling up the DagBag from /home/airflow/.local/lib/python3.7/site-packages/airflow/example_dags/example_branch_day_of_week_operator.py
[2024-11-09T17:16:48.708+0000] {processor.py:753} INFO - DAG(s) dict_keys(['example_weekday_branch_operator']) retrieved from /home/airflow/.local/lib/python3.7/site-packages/airflow/example_dags/example_branch_day_of_week_operator.py
[2024-11-09T17:16:48.722+0000] {logging_mixin.py:137} INFO - [2024-11-09T17:16:48.722+0000] {dag.py:2690} INFO - Sync 1 DAGs
[2024-11-09T17:16:48.739+0000] {logging_mixin.py:137} INFO - [2024-11-09T17:16:48.739+0000] {dag.py:3441} INFO - Setting next_dagrun for example_weekday_branch_operator to 2024-11-08T00:00:00+00:00, run_after=2024-11-09T00:00:00+00:00
[2024-11-09T17:16:48.748+0000] {processor.py:175} INFO - Processing /home/airflow/.local/lib/python3.7/site-packages/airflow/example_dags/example_branch_day_of_week_operator.py took 0.050 seconds
[2024-11-09T17:17:19.514+0000] {processor.py:153} INFO - Started process (PID=1235) to work on /home/airflow/.local/lib/python3.7/site-packages/airflow/example_dags/example_branch_day_of_week_operator.py
[2024-11-09T17:17:19.516+0000] {processor.py:743} INFO - Processing file /home/airflow/.local/lib/python3.7/site-packages/airflow/example_dags/example_branch_day_of_week_operator.py for tasks to queue
[2024-11-09T17:17:19.517+0000] {logging_mixin.py:137} INFO - [2024-11-09T17:17:19.517+0000] {dagbag.py:538} INFO - Filling up the DagBag from /home/airflow/.local/lib/python3.7/site-packages/airflow/example_dags/example_branch_day_of_week_operator.py
[2024-11-09T17:17:19.526+0000] {processor.py:753} INFO - DAG(s) dict_keys(['example_weekday_branch_operator']) retrieved from /home/airflow/.local/lib/python3.7/site-packages/airflow/example_dags/example_branch_day_of_week_operator.py
[2024-11-09T17:17:19.544+0000] {logging_mixin.py:137} INFO - [2024-11-09T17:17:19.544+0000] {dag.py:2690} INFO - Sync 1 DAGs
[2024-11-09T17:17:19.557+0000] {logging_mixin.py:137} INFO - [2024-11-09T17:17:19.557+0000] {dag.py:3441} INFO - Setting next_dagrun for example_weekday_branch_operator to 2024-11-08T00:00:00+00:00, run_after=2024-11-09T00:00:00+00:00
[2024-11-09T17:17:19.571+0000] {processor.py:175} INFO - Processing /home/airflow/.local/lib/python3.7/site-packages/airflow/example_dags/example_branch_day_of_week_operator.py took 0.059 seconds
[2024-11-09T17:17:50.318+0000] {processor.py:153} INFO - Started process (PID=1322) to work on /home/airflow/.local/lib/python3.7/site-packages/airflow/example_dags/example_branch_day_of_week_operator.py
[2024-11-09T17:17:50.318+0000] {processor.py:743} INFO - Processing file /home/airflow/.local/lib/python3.7/site-packages/airflow/example_dags/example_branch_day_of_week_operator.py for tasks to queue
[2024-11-09T17:17:50.319+0000] {logging_mixin.py:137} INFO - [2024-11-09T17:17:50.319+0000] {dagbag.py:538} INFO - Filling up the DagBag from /home/airflow/.local/lib/python3.7/site-packages/airflow/example_dags/example_branch_day_of_week_operator.py
[2024-11-09T17:17:50.327+0000] {processor.py:753} INFO - DAG(s) dict_keys(['example_weekday_branch_operator']) retrieved from /home/airflow/.local/lib/python3.7/site-packages/airflow/example_dags/example_branch_day_of_week_operator.py
[2024-11-09T17:17:50.343+0000] {logging_mixin.py:137} INFO - [2024-11-09T17:17:50.343+0000] {dag.py:2690} INFO - Sync 1 DAGs
[2024-11-09T17:17:50.358+0000] {logging_mixin.py:137} INFO - [2024-11-09T17:17:50.358+0000] {dag.py:3441} INFO - Setting next_dagrun for example_weekday_branch_operator to 2024-11-08T00:00:00+00:00, run_after=2024-11-09T00:00:00+00:00
[2024-11-09T17:17:50.370+0000] {processor.py:175} INFO - Processing /home/airflow/.local/lib/python3.7/site-packages/airflow/example_dags/example_branch_day_of_week_operator.py took 0.054 seconds
[2024-11-09T17:18:21.222+0000] {processor.py:153} INFO - Started process (PID=1409) to work on /home/airflow/.local/lib/python3.7/site-packages/airflow/example_dags/example_branch_day_of_week_operator.py
[2024-11-09T17:18:21.223+0000] {processor.py:743} INFO - Processing file /home/airflow/.local/lib/python3.7/site-packages/airflow/example_dags/example_branch_day_of_week_operator.py for tasks to queue
[2024-11-09T17:18:21.224+0000] {logging_mixin.py:137} INFO - [2024-11-09T17:18:21.224+0000] {dagbag.py:538} INFO - Filling up the DagBag from /home/airflow/.local/lib/python3.7/site-packages/airflow/example_dags/example_branch_day_of_week_operator.py
[2024-11-09T17:18:21.234+0000] {processor.py:753} INFO - DAG(s) dict_keys(['example_weekday_branch_operator']) retrieved from /home/airflow/.local/lib/python3.7/site-packages/airflow/example_dags/example_branch_day_of_week_operator.py
[2024-11-09T17:18:21.251+0000] {logging_mixin.py:137} INFO - [2024-11-09T17:18:21.251+0000] {dag.py:2690} INFO - Sync 1 DAGs
[2024-11-09T17:18:21.271+0000] {logging_mixin.py:137} INFO - [2024-11-09T17:18:21.271+0000] {dag.py:3441} INFO - Setting next_dagrun for example_weekday_branch_operator to 2024-11-08T00:00:00+00:00, run_after=2024-11-09T00:00:00+00:00
[2024-11-09T17:18:21.283+0000] {processor.py:175} INFO - Processing /home/airflow/.local/lib/python3.7/site-packages/airflow/example_dags/example_branch_day_of_week_operator.py took 0.063 seconds
[2024-11-09T17:18:52.075+0000] {processor.py:153} INFO - Started process (PID=1480) to work on /home/airflow/.local/lib/python3.7/site-packages/airflow/example_dags/example_branch_day_of_week_operator.py
[2024-11-09T17:18:52.076+0000] {processor.py:743} INFO - Processing file /home/airflow/.local/lib/python3.7/site-packages/airflow/example_dags/example_branch_day_of_week_operator.py for tasks to queue
[2024-11-09T17:18:52.076+0000] {logging_mixin.py:137} INFO - [2024-11-09T17:18:52.076+0000] {dagbag.py:538} INFO - Filling up the DagBag from /home/airflow/.local/lib/python3.7/site-packages/airflow/example_dags/example_branch_day_of_week_operator.py
[2024-11-09T17:18:52.085+0000] {processor.py:753} INFO - DAG(s) dict_keys(['example_weekday_branch_operator']) retrieved from /home/airflow/.local/lib/python3.7/site-packages/airflow/example_dags/example_branch_day_of_week_operator.py
[2024-11-09T17:18:52.099+0000] {logging_mixin.py:137} INFO - [2024-11-09T17:18:52.099+0000] {dag.py:2690} INFO - Sync 1 DAGs
[2024-11-09T17:18:52.114+0000] {logging_mixin.py:137} INFO - [2024-11-09T17:18:52.114+0000] {dag.py:3441} INFO - Setting next_dagrun for example_weekday_branch_operator to 2024-11-08T00:00:00+00:00, run_after=2024-11-09T00:00:00+00:00
[2024-11-09T17:18:52.126+0000] {processor.py:175} INFO - Processing /home/airflow/.local/lib/python3.7/site-packages/airflow/example_dags/example_branch_day_of_week_operator.py took 0.052 seconds
[2024-11-09T17:19:23.004+0000] {processor.py:153} INFO - Started process (PID=1567) to work on /home/airflow/.local/lib/python3.7/site-packages/airflow/example_dags/example_branch_day_of_week_operator.py
[2024-11-09T17:19:23.005+0000] {processor.py:743} INFO - Processing file /home/airflow/.local/lib/python3.7/site-packages/airflow/example_dags/example_branch_day_of_week_operator.py for tasks to queue
[2024-11-09T17:19:23.005+0000] {logging_mixin.py:137} INFO - [2024-11-09T17:19:23.005+0000] {dagbag.py:538} INFO - Filling up the DagBag from /home/airflow/.local/lib/python3.7/site-packages/airflow/example_dags/example_branch_day_of_week_operator.py
[2024-11-09T17:19:23.013+0000] {processor.py:753} INFO - DAG(s) dict_keys(['example_weekday_branch_operator']) retrieved from /home/airflow/.local/lib/python3.7/site-packages/airflow/example_dags/example_branch_day_of_week_operator.py
[2024-11-09T17:19:23.025+0000] {logging_mixin.py:137} INFO - [2024-11-09T17:19:23.025+0000] {dag.py:2690} INFO - Sync 1 DAGs
[2024-11-09T17:19:23.038+0000] {logging_mixin.py:137} INFO - [2024-11-09T17:19:23.038+0000] {dag.py:3441} INFO - Setting next_dagrun for example_weekday_branch_operator to 2024-11-08T00:00:00+00:00, run_after=2024-11-09T00:00:00+00:00
[2024-11-09T17:19:23.046+0000] {processor.py:175} INFO - Processing /home/airflow/.local/lib/python3.7/site-packages/airflow/example_dags/example_branch_day_of_week_operator.py took 0.045 seconds
[2024-11-09T17:19:53.093+0000] {processor.py:153} INFO - Started process (PID=1654) to work on /home/airflow/.local/lib/python3.7/site-packages/airflow/example_dags/example_branch_day_of_week_operator.py
[2024-11-09T17:19:53.094+0000] {processor.py:743} INFO - Processing file /home/airflow/.local/lib/python3.7/site-packages/airflow/example_dags/example_branch_day_of_week_operator.py for tasks to queue
[2024-11-09T17:19:53.094+0000] {logging_mixin.py:137} INFO - [2024-11-09T17:19:53.094+0000] {dagbag.py:538} INFO - Filling up the DagBag from /home/airflow/.local/lib/python3.7/site-packages/airflow/example_dags/example_branch_day_of_week_operator.py
[2024-11-09T17:19:53.102+0000] {processor.py:753} INFO - DAG(s) dict_keys(['example_weekday_branch_operator']) retrieved from /home/airflow/.local/lib/python3.7/site-packages/airflow/example_dags/example_branch_day_of_week_operator.py
[2024-11-09T17:19:53.114+0000] {logging_mixin.py:137} INFO - [2024-11-09T17:19:53.114+0000] {dag.py:2690} INFO - Sync 1 DAGs
[2024-11-09T17:19:53.127+0000] {logging_mixin.py:137} INFO - [2024-11-09T17:19:53.127+0000] {dag.py:3441} INFO - Setting next_dagrun for example_weekday_branch_operator to 2024-11-08T00:00:00+00:00, run_after=2024-11-09T00:00:00+00:00
[2024-11-09T17:19:53.135+0000] {processor.py:175} INFO - Processing /home/airflow/.local/lib/python3.7/site-packages/airflow/example_dags/example_branch_day_of_week_operator.py took 0.043 seconds
[2024-11-09T17:20:23.697+0000] {processor.py:153} INFO - Started process (PID=1734) to work on /home/airflow/.local/lib/python3.7/site-packages/airflow/example_dags/example_branch_day_of_week_operator.py
[2024-11-09T17:20:23.698+0000] {processor.py:743} INFO - Processing file /home/airflow/.local/lib/python3.7/site-packages/airflow/example_dags/example_branch_day_of_week_operator.py for tasks to queue
[2024-11-09T17:20:23.698+0000] {logging_mixin.py:137} INFO - [2024-11-09T17:20:23.698+0000] {dagbag.py:538} INFO - Filling up the DagBag from /home/airflow/.local/lib/python3.7/site-packages/airflow/example_dags/example_branch_day_of_week_operator.py
[2024-11-09T17:20:23.706+0000] {processor.py:753} INFO - DAG(s) dict_keys(['example_weekday_branch_operator']) retrieved from /home/airflow/.local/lib/python3.7/site-packages/airflow/example_dags/example_branch_day_of_week_operator.py
[2024-11-09T17:20:23.721+0000] {logging_mixin.py:137} INFO - [2024-11-09T17:20:23.721+0000] {dag.py:2690} INFO - Sync 1 DAGs
[2024-11-09T17:20:23.734+0000] {logging_mixin.py:137} INFO - [2024-11-09T17:20:23.734+0000] {dag.py:3441} INFO - Setting next_dagrun for example_weekday_branch_operator to 2024-11-08T00:00:00+00:00, run_after=2024-11-09T00:00:00+00:00
[2024-11-09T17:20:23.745+0000] {processor.py:175} INFO - Processing /home/airflow/.local/lib/python3.7/site-packages/airflow/example_dags/example_branch_day_of_week_operator.py took 0.050 seconds
[2024-11-09T17:20:52.188+0000] {processor.py:153} INFO - Started process (PID=73) to work on /home/airflow/.local/lib/python3.7/site-packages/airflow/example_dags/example_branch_day_of_week_operator.py
[2024-11-09T17:20:52.189+0000] {processor.py:743} INFO - Processing file /home/airflow/.local/lib/python3.7/site-packages/airflow/example_dags/example_branch_day_of_week_operator.py for tasks to queue
[2024-11-09T17:20:52.189+0000] {logging_mixin.py:137} INFO - [2024-11-09T17:20:52.189+0000] {dagbag.py:538} INFO - Filling up the DagBag from /home/airflow/.local/lib/python3.7/site-packages/airflow/example_dags/example_branch_day_of_week_operator.py
[2024-11-09T17:20:52.200+0000] {processor.py:753} INFO - DAG(s) dict_keys(['example_weekday_branch_operator']) retrieved from /home/airflow/.local/lib/python3.7/site-packages/airflow/example_dags/example_branch_day_of_week_operator.py
[2024-11-09T17:20:52.211+0000] {logging_mixin.py:137} INFO - [2024-11-09T17:20:52.211+0000] {dag.py:2690} INFO - Sync 1 DAGs
[2024-11-09T17:20:52.233+0000] {logging_mixin.py:137} INFO - [2024-11-09T17:20:52.233+0000] {dag.py:3441} INFO - Setting next_dagrun for example_weekday_branch_operator to 2024-11-08T00:00:00+00:00, run_after=2024-11-09T00:00:00+00:00
[2024-11-09T17:20:52.252+0000] {processor.py:175} INFO - Processing /home/airflow/.local/lib/python3.7/site-packages/airflow/example_dags/example_branch_day_of_week_operator.py took 0.068 seconds
[2024-11-09T17:21:22.933+0000] {processor.py:153} INFO - Started process (PID=160) to work on /home/airflow/.local/lib/python3.7/site-packages/airflow/example_dags/example_branch_day_of_week_operator.py
[2024-11-09T17:21:22.933+0000] {processor.py:743} INFO - Processing file /home/airflow/.local/lib/python3.7/site-packages/airflow/example_dags/example_branch_day_of_week_operator.py for tasks to queue
[2024-11-09T17:21:22.934+0000] {logging_mixin.py:137} INFO - [2024-11-09T17:21:22.934+0000] {dagbag.py:538} INFO - Filling up the DagBag from /home/airflow/.local/lib/python3.7/site-packages/airflow/example_dags/example_branch_day_of_week_operator.py
[2024-11-09T17:21:22.942+0000] {processor.py:753} INFO - DAG(s) dict_keys(['example_weekday_branch_operator']) retrieved from /home/airflow/.local/lib/python3.7/site-packages/airflow/example_dags/example_branch_day_of_week_operator.py
[2024-11-09T17:21:22.959+0000] {logging_mixin.py:137} INFO - [2024-11-09T17:21:22.959+0000] {dag.py:2690} INFO - Sync 1 DAGs
[2024-11-09T17:21:22.978+0000] {logging_mixin.py:137} INFO - [2024-11-09T17:21:22.978+0000] {dag.py:3441} INFO - Setting next_dagrun for example_weekday_branch_operator to 2024-11-08T00:00:00+00:00, run_after=2024-11-09T00:00:00+00:00
[2024-11-09T17:21:22.991+0000] {processor.py:175} INFO - Processing /home/airflow/.local/lib/python3.7/site-packages/airflow/example_dags/example_branch_day_of_week_operator.py took 0.060 seconds
[2024-11-09T17:21:53.913+0000] {processor.py:153} INFO - Started process (PID=241) to work on /home/airflow/.local/lib/python3.7/site-packages/airflow/example_dags/example_branch_day_of_week_operator.py
[2024-11-09T17:21:53.914+0000] {processor.py:743} INFO - Processing file /home/airflow/.local/lib/python3.7/site-packages/airflow/example_dags/example_branch_day_of_week_operator.py for tasks to queue
[2024-11-09T17:21:53.914+0000] {logging_mixin.py:137} INFO - [2024-11-09T17:21:53.914+0000] {dagbag.py:538} INFO - Filling up the DagBag from /home/airflow/.local/lib/python3.7/site-packages/airflow/example_dags/example_branch_day_of_week_operator.py
[2024-11-09T17:21:53.924+0000] {processor.py:753} INFO - DAG(s) dict_keys(['example_weekday_branch_operator']) retrieved from /home/airflow/.local/lib/python3.7/site-packages/airflow/example_dags/example_branch_day_of_week_operator.py
[2024-11-09T17:21:53.946+0000] {logging_mixin.py:137} INFO - [2024-11-09T17:21:53.946+0000] {dag.py:2690} INFO - Sync 1 DAGs
[2024-11-09T17:21:53.960+0000] {logging_mixin.py:137} INFO - [2024-11-09T17:21:53.960+0000] {dag.py:3441} INFO - Setting next_dagrun for example_weekday_branch_operator to 2024-11-08T00:00:00+00:00, run_after=2024-11-09T00:00:00+00:00
[2024-11-09T17:21:53.972+0000] {processor.py:175} INFO - Processing /home/airflow/.local/lib/python3.7/site-packages/airflow/example_dags/example_branch_day_of_week_operator.py took 0.060 seconds
[2024-11-09T17:22:24.751+0000] {processor.py:153} INFO - Started process (PID=318) to work on /home/airflow/.local/lib/python3.7/site-packages/airflow/example_dags/example_branch_day_of_week_operator.py
[2024-11-09T17:22:24.754+0000] {processor.py:743} INFO - Processing file /home/airflow/.local/lib/python3.7/site-packages/airflow/example_dags/example_branch_day_of_week_operator.py for tasks to queue
[2024-11-09T17:22:24.755+0000] {logging_mixin.py:137} INFO - [2024-11-09T17:22:24.755+0000] {dagbag.py:538} INFO - Filling up the DagBag from /home/airflow/.local/lib/python3.7/site-packages/airflow/example_dags/example_branch_day_of_week_operator.py
[2024-11-09T17:22:24.764+0000] {processor.py:753} INFO - DAG(s) dict_keys(['example_weekday_branch_operator']) retrieved from /home/airflow/.local/lib/python3.7/site-packages/airflow/example_dags/example_branch_day_of_week_operator.py
[2024-11-09T17:22:24.777+0000] {logging_mixin.py:137} INFO - [2024-11-09T17:22:24.777+0000] {dag.py:2690} INFO - Sync 1 DAGs
[2024-11-09T17:22:24.791+0000] {logging_mixin.py:137} INFO - [2024-11-09T17:22:24.791+0000] {dag.py:3441} INFO - Setting next_dagrun for example_weekday_branch_operator to 2024-11-08T00:00:00+00:00, run_after=2024-11-09T00:00:00+00:00
[2024-11-09T17:22:24.802+0000] {processor.py:175} INFO - Processing /home/airflow/.local/lib/python3.7/site-packages/airflow/example_dags/example_branch_day_of_week_operator.py took 0.052 seconds
[2024-11-09T17:22:55.694+0000] {processor.py:153} INFO - Started process (PID=405) to work on /home/airflow/.local/lib/python3.7/site-packages/airflow/example_dags/example_branch_day_of_week_operator.py
[2024-11-09T17:22:55.694+0000] {processor.py:743} INFO - Processing file /home/airflow/.local/lib/python3.7/site-packages/airflow/example_dags/example_branch_day_of_week_operator.py for tasks to queue
[2024-11-09T17:22:55.695+0000] {logging_mixin.py:137} INFO - [2024-11-09T17:22:55.695+0000] {dagbag.py:538} INFO - Filling up the DagBag from /home/airflow/.local/lib/python3.7/site-packages/airflow/example_dags/example_branch_day_of_week_operator.py
[2024-11-09T17:22:55.706+0000] {processor.py:753} INFO - DAG(s) dict_keys(['example_weekday_branch_operator']) retrieved from /home/airflow/.local/lib/python3.7/site-packages/airflow/example_dags/example_branch_day_of_week_operator.py
[2024-11-09T17:22:55.723+0000] {logging_mixin.py:137} INFO - [2024-11-09T17:22:55.723+0000] {dag.py:2690} INFO - Sync 1 DAGs
[2024-11-09T17:22:55.739+0000] {logging_mixin.py:137} INFO - [2024-11-09T17:22:55.739+0000] {dag.py:3441} INFO - Setting next_dagrun for example_weekday_branch_operator to 2024-11-08T00:00:00+00:00, run_after=2024-11-09T00:00:00+00:00
[2024-11-09T17:22:55.749+0000] {processor.py:175} INFO - Processing /home/airflow/.local/lib/python3.7/site-packages/airflow/example_dags/example_branch_day_of_week_operator.py took 0.057 seconds
[2024-11-09T17:23:26.581+0000] {processor.py:153} INFO - Started process (PID=492) to work on /home/airflow/.local/lib/python3.7/site-packages/airflow/example_dags/example_branch_day_of_week_operator.py
[2024-11-09T17:23:26.582+0000] {processor.py:743} INFO - Processing file /home/airflow/.local/lib/python3.7/site-packages/airflow/example_dags/example_branch_day_of_week_operator.py for tasks to queue
[2024-11-09T17:23:26.584+0000] {logging_mixin.py:137} INFO - [2024-11-09T17:23:26.583+0000] {dagbag.py:538} INFO - Filling up the DagBag from /home/airflow/.local/lib/python3.7/site-packages/airflow/example_dags/example_branch_day_of_week_operator.py
[2024-11-09T17:23:26.592+0000] {processor.py:753} INFO - DAG(s) dict_keys(['example_weekday_branch_operator']) retrieved from /home/airflow/.local/lib/python3.7/site-packages/airflow/example_dags/example_branch_day_of_week_operator.py
[2024-11-09T17:23:26.612+0000] {logging_mixin.py:137} INFO - [2024-11-09T17:23:26.612+0000] {dag.py:2690} INFO - Sync 1 DAGs
[2024-11-09T17:23:26.629+0000] {logging_mixin.py:137} INFO - [2024-11-09T17:23:26.629+0000] {dag.py:3441} INFO - Setting next_dagrun for example_weekday_branch_operator to 2024-11-08T00:00:00+00:00, run_after=2024-11-09T00:00:00+00:00
[2024-11-09T17:23:26.641+0000] {processor.py:175} INFO - Processing /home/airflow/.local/lib/python3.7/site-packages/airflow/example_dags/example_branch_day_of_week_operator.py took 0.062 seconds
[2024-11-09T17:28:54.166+0000] {processor.py:153} INFO - Started process (PID=73) to work on /home/airflow/.local/lib/python3.7/site-packages/airflow/example_dags/example_branch_day_of_week_operator.py
[2024-11-09T17:28:54.166+0000] {processor.py:743} INFO - Processing file /home/airflow/.local/lib/python3.7/site-packages/airflow/example_dags/example_branch_day_of_week_operator.py for tasks to queue
[2024-11-09T17:28:54.167+0000] {logging_mixin.py:137} INFO - [2024-11-09T17:28:54.167+0000] {dagbag.py:538} INFO - Filling up the DagBag from /home/airflow/.local/lib/python3.7/site-packages/airflow/example_dags/example_branch_day_of_week_operator.py
[2024-11-09T17:28:54.176+0000] {processor.py:753} INFO - DAG(s) dict_keys(['example_weekday_branch_operator']) retrieved from /home/airflow/.local/lib/python3.7/site-packages/airflow/example_dags/example_branch_day_of_week_operator.py
[2024-11-09T17:28:54.187+0000] {logging_mixin.py:137} INFO - [2024-11-09T17:28:54.187+0000] {dag.py:2690} INFO - Sync 1 DAGs
[2024-11-09T17:28:54.202+0000] {logging_mixin.py:137} INFO - [2024-11-09T17:28:54.202+0000] {dag.py:3441} INFO - Setting next_dagrun for example_weekday_branch_operator to 2024-11-08T00:00:00+00:00, run_after=2024-11-09T00:00:00+00:00
[2024-11-09T17:28:54.215+0000] {processor.py:175} INFO - Processing /home/airflow/.local/lib/python3.7/site-packages/airflow/example_dags/example_branch_day_of_week_operator.py took 0.052 seconds
[2024-11-09T17:29:24.984+0000] {processor.py:153} INFO - Started process (PID=160) to work on /home/airflow/.local/lib/python3.7/site-packages/airflow/example_dags/example_branch_day_of_week_operator.py
[2024-11-09T17:29:24.985+0000] {processor.py:743} INFO - Processing file /home/airflow/.local/lib/python3.7/site-packages/airflow/example_dags/example_branch_day_of_week_operator.py for tasks to queue
[2024-11-09T17:29:24.985+0000] {logging_mixin.py:137} INFO - [2024-11-09T17:29:24.985+0000] {dagbag.py:538} INFO - Filling up the DagBag from /home/airflow/.local/lib/python3.7/site-packages/airflow/example_dags/example_branch_day_of_week_operator.py
[2024-11-09T17:29:24.994+0000] {processor.py:753} INFO - DAG(s) dict_keys(['example_weekday_branch_operator']) retrieved from /home/airflow/.local/lib/python3.7/site-packages/airflow/example_dags/example_branch_day_of_week_operator.py
[2024-11-09T17:29:25.009+0000] {logging_mixin.py:137} INFO - [2024-11-09T17:29:25.009+0000] {dag.py:2690} INFO - Sync 1 DAGs
[2024-11-09T17:29:25.032+0000] {logging_mixin.py:137} INFO - [2024-11-09T17:29:25.031+0000] {dag.py:3441} INFO - Setting next_dagrun for example_weekday_branch_operator to 2024-11-08T00:00:00+00:00, run_after=2024-11-09T00:00:00+00:00
[2024-11-09T17:29:25.048+0000] {processor.py:175} INFO - Processing /home/airflow/.local/lib/python3.7/site-packages/airflow/example_dags/example_branch_day_of_week_operator.py took 0.065 seconds
[2024-11-09T17:29:55.935+0000] {processor.py:153} INFO - Started process (PID=241) to work on /home/airflow/.local/lib/python3.7/site-packages/airflow/example_dags/example_branch_day_of_week_operator.py
[2024-11-09T17:29:55.935+0000] {processor.py:743} INFO - Processing file /home/airflow/.local/lib/python3.7/site-packages/airflow/example_dags/example_branch_day_of_week_operator.py for tasks to queue
[2024-11-09T17:29:55.936+0000] {logging_mixin.py:137} INFO - [2024-11-09T17:29:55.936+0000] {dagbag.py:538} INFO - Filling up the DagBag from /home/airflow/.local/lib/python3.7/site-packages/airflow/example_dags/example_branch_day_of_week_operator.py
[2024-11-09T17:29:55.945+0000] {processor.py:753} INFO - DAG(s) dict_keys(['example_weekday_branch_operator']) retrieved from /home/airflow/.local/lib/python3.7/site-packages/airflow/example_dags/example_branch_day_of_week_operator.py
[2024-11-09T17:29:55.962+0000] {logging_mixin.py:137} INFO - [2024-11-09T17:29:55.962+0000] {dag.py:2690} INFO - Sync 1 DAGs
[2024-11-09T17:29:55.977+0000] {logging_mixin.py:137} INFO - [2024-11-09T17:29:55.977+0000] {dag.py:3441} INFO - Setting next_dagrun for example_weekday_branch_operator to 2024-11-08T00:00:00+00:00, run_after=2024-11-09T00:00:00+00:00
[2024-11-09T17:29:55.987+0000] {processor.py:175} INFO - Processing /home/airflow/.local/lib/python3.7/site-packages/airflow/example_dags/example_branch_day_of_week_operator.py took 0.055 seconds
[2024-11-09T17:30:15.206+0000] {processor.py:153} INFO - Started process (PID=73) to work on /home/airflow/.local/lib/python3.7/site-packages/airflow/example_dags/example_branch_day_of_week_operator.py
[2024-11-09T17:30:15.207+0000] {processor.py:743} INFO - Processing file /home/airflow/.local/lib/python3.7/site-packages/airflow/example_dags/example_branch_day_of_week_operator.py for tasks to queue
[2024-11-09T17:30:15.208+0000] {logging_mixin.py:137} INFO - [2024-11-09T17:30:15.208+0000] {dagbag.py:538} INFO - Filling up the DagBag from /home/airflow/.local/lib/python3.7/site-packages/airflow/example_dags/example_branch_day_of_week_operator.py
[2024-11-09T17:30:15.219+0000] {processor.py:753} INFO - DAG(s) dict_keys(['example_weekday_branch_operator']) retrieved from /home/airflow/.local/lib/python3.7/site-packages/airflow/example_dags/example_branch_day_of_week_operator.py
[2024-11-09T17:30:15.228+0000] {logging_mixin.py:137} INFO - [2024-11-09T17:30:15.228+0000] {dag.py:2690} INFO - Sync 1 DAGs
[2024-11-09T17:30:15.247+0000] {logging_mixin.py:137} INFO - [2024-11-09T17:30:15.247+0000] {dag.py:3441} INFO - Setting next_dagrun for example_weekday_branch_operator to 2024-11-08T00:00:00+00:00, run_after=2024-11-09T00:00:00+00:00
[2024-11-09T17:30:15.264+0000] {processor.py:175} INFO - Processing /home/airflow/.local/lib/python3.7/site-packages/airflow/example_dags/example_branch_day_of_week_operator.py took 0.060 seconds
[2024-11-09T17:30:45.845+0000] {processor.py:153} INFO - Started process (PID=160) to work on /home/airflow/.local/lib/python3.7/site-packages/airflow/example_dags/example_branch_day_of_week_operator.py
[2024-11-09T17:30:45.848+0000] {processor.py:743} INFO - Processing file /home/airflow/.local/lib/python3.7/site-packages/airflow/example_dags/example_branch_day_of_week_operator.py for tasks to queue
[2024-11-09T17:30:45.849+0000] {logging_mixin.py:137} INFO - [2024-11-09T17:30:45.849+0000] {dagbag.py:538} INFO - Filling up the DagBag from /home/airflow/.local/lib/python3.7/site-packages/airflow/example_dags/example_branch_day_of_week_operator.py
[2024-11-09T17:30:45.856+0000] {processor.py:753} INFO - DAG(s) dict_keys(['example_weekday_branch_operator']) retrieved from /home/airflow/.local/lib/python3.7/site-packages/airflow/example_dags/example_branch_day_of_week_operator.py
[2024-11-09T17:30:45.871+0000] {logging_mixin.py:137} INFO - [2024-11-09T17:30:45.871+0000] {dag.py:2690} INFO - Sync 1 DAGs
[2024-11-09T17:30:45.885+0000] {logging_mixin.py:137} INFO - [2024-11-09T17:30:45.885+0000] {dag.py:3441} INFO - Setting next_dagrun for example_weekday_branch_operator to 2024-11-08T00:00:00+00:00, run_after=2024-11-09T00:00:00+00:00
[2024-11-09T17:30:45.894+0000] {processor.py:175} INFO - Processing /home/airflow/.local/lib/python3.7/site-packages/airflow/example_dags/example_branch_day_of_week_operator.py took 0.051 seconds
[2024-11-09T17:31:16.540+0000] {processor.py:153} INFO - Started process (PID=231) to work on /home/airflow/.local/lib/python3.7/site-packages/airflow/example_dags/example_branch_day_of_week_operator.py
[2024-11-09T17:31:16.542+0000] {processor.py:743} INFO - Processing file /home/airflow/.local/lib/python3.7/site-packages/airflow/example_dags/example_branch_day_of_week_operator.py for tasks to queue
[2024-11-09T17:31:16.544+0000] {logging_mixin.py:137} INFO - [2024-11-09T17:31:16.544+0000] {dagbag.py:538} INFO - Filling up the DagBag from /home/airflow/.local/lib/python3.7/site-packages/airflow/example_dags/example_branch_day_of_week_operator.py
[2024-11-09T17:31:16.557+0000] {processor.py:753} INFO - DAG(s) dict_keys(['example_weekday_branch_operator']) retrieved from /home/airflow/.local/lib/python3.7/site-packages/airflow/example_dags/example_branch_day_of_week_operator.py
[2024-11-09T17:31:16.573+0000] {logging_mixin.py:137} INFO - [2024-11-09T17:31:16.573+0000] {dag.py:2690} INFO - Sync 1 DAGs
[2024-11-09T17:31:16.590+0000] {logging_mixin.py:137} INFO - [2024-11-09T17:31:16.590+0000] {dag.py:3441} INFO - Setting next_dagrun for example_weekday_branch_operator to 2024-11-08T00:00:00+00:00, run_after=2024-11-09T00:00:00+00:00
[2024-11-09T17:31:16.600+0000] {processor.py:175} INFO - Processing /home/airflow/.local/lib/python3.7/site-packages/airflow/example_dags/example_branch_day_of_week_operator.py took 0.062 seconds
[2024-11-09T17:31:47.192+0000] {processor.py:153} INFO - Started process (PID=318) to work on /home/airflow/.local/lib/python3.7/site-packages/airflow/example_dags/example_branch_day_of_week_operator.py
[2024-11-09T17:31:47.194+0000] {processor.py:743} INFO - Processing file /home/airflow/.local/lib/python3.7/site-packages/airflow/example_dags/example_branch_day_of_week_operator.py for tasks to queue
[2024-11-09T17:31:47.194+0000] {logging_mixin.py:137} INFO - [2024-11-09T17:31:47.194+0000] {dagbag.py:538} INFO - Filling up the DagBag from /home/airflow/.local/lib/python3.7/site-packages/airflow/example_dags/example_branch_day_of_week_operator.py
[2024-11-09T17:31:47.202+0000] {processor.py:753} INFO - DAG(s) dict_keys(['example_weekday_branch_operator']) retrieved from /home/airflow/.local/lib/python3.7/site-packages/airflow/example_dags/example_branch_day_of_week_operator.py
[2024-11-09T17:31:47.218+0000] {logging_mixin.py:137} INFO - [2024-11-09T17:31:47.218+0000] {dag.py:2690} INFO - Sync 1 DAGs
[2024-11-09T17:31:47.234+0000] {logging_mixin.py:137} INFO - [2024-11-09T17:31:47.234+0000] {dag.py:3441} INFO - Setting next_dagrun for example_weekday_branch_operator to 2024-11-08T00:00:00+00:00, run_after=2024-11-09T00:00:00+00:00
[2024-11-09T17:31:47.246+0000] {processor.py:175} INFO - Processing /home/airflow/.local/lib/python3.7/site-packages/airflow/example_dags/example_branch_day_of_week_operator.py took 0.056 seconds
[2024-11-09T17:32:17.790+0000] {processor.py:153} INFO - Started process (PID=405) to work on /home/airflow/.local/lib/python3.7/site-packages/airflow/example_dags/example_branch_day_of_week_operator.py
[2024-11-09T17:32:17.791+0000] {processor.py:743} INFO - Processing file /home/airflow/.local/lib/python3.7/site-packages/airflow/example_dags/example_branch_day_of_week_operator.py for tasks to queue
[2024-11-09T17:32:17.792+0000] {logging_mixin.py:137} INFO - [2024-11-09T17:32:17.792+0000] {dagbag.py:538} INFO - Filling up the DagBag from /home/airflow/.local/lib/python3.7/site-packages/airflow/example_dags/example_branch_day_of_week_operator.py
[2024-11-09T17:32:17.800+0000] {processor.py:753} INFO - DAG(s) dict_keys(['example_weekday_branch_operator']) retrieved from /home/airflow/.local/lib/python3.7/site-packages/airflow/example_dags/example_branch_day_of_week_operator.py
[2024-11-09T17:32:17.815+0000] {logging_mixin.py:137} INFO - [2024-11-09T17:32:17.815+0000] {dag.py:2690} INFO - Sync 1 DAGs
[2024-11-09T17:32:17.832+0000] {logging_mixin.py:137} INFO - [2024-11-09T17:32:17.832+0000] {dag.py:3441} INFO - Setting next_dagrun for example_weekday_branch_operator to 2024-11-08T00:00:00+00:00, run_after=2024-11-09T00:00:00+00:00
[2024-11-09T17:32:17.843+0000] {processor.py:175} INFO - Processing /home/airflow/.local/lib/python3.7/site-packages/airflow/example_dags/example_branch_day_of_week_operator.py took 0.055 seconds
[2024-11-09T17:32:48.481+0000] {processor.py:153} INFO - Started process (PID=483) to work on /home/airflow/.local/lib/python3.7/site-packages/airflow/example_dags/example_branch_day_of_week_operator.py
[2024-11-09T17:32:48.482+0000] {processor.py:743} INFO - Processing file /home/airflow/.local/lib/python3.7/site-packages/airflow/example_dags/example_branch_day_of_week_operator.py for tasks to queue
[2024-11-09T17:32:48.482+0000] {logging_mixin.py:137} INFO - [2024-11-09T17:32:48.482+0000] {dagbag.py:538} INFO - Filling up the DagBag from /home/airflow/.local/lib/python3.7/site-packages/airflow/example_dags/example_branch_day_of_week_operator.py
[2024-11-09T17:32:48.492+0000] {processor.py:753} INFO - DAG(s) dict_keys(['example_weekday_branch_operator']) retrieved from /home/airflow/.local/lib/python3.7/site-packages/airflow/example_dags/example_branch_day_of_week_operator.py
[2024-11-09T17:32:48.508+0000] {logging_mixin.py:137} INFO - [2024-11-09T17:32:48.508+0000] {dag.py:2690} INFO - Sync 1 DAGs
[2024-11-09T17:32:48.524+0000] {logging_mixin.py:137} INFO - [2024-11-09T17:32:48.524+0000] {dag.py:3441} INFO - Setting next_dagrun for example_weekday_branch_operator to 2024-11-08T00:00:00+00:00, run_after=2024-11-09T00:00:00+00:00
[2024-11-09T17:32:48.538+0000] {processor.py:175} INFO - Processing /home/airflow/.local/lib/python3.7/site-packages/airflow/example_dags/example_branch_day_of_week_operator.py took 0.060 seconds
