[2024-11-09T17:10:05.352+0000] {processor.py:153} INFO - Started process (PID=37) to work on /home/airflow/.local/lib/python3.7/site-packages/airflow/example_dags/example_sla_dag.py
[2024-11-09T17:10:05.354+0000] {processor.py:743} INFO - Processing file /home/airflow/.local/lib/python3.7/site-packages/airflow/example_dags/example_sla_dag.py for tasks to queue
[2024-11-09T17:10:05.355+0000] {logging_mixin.py:137} INFO - [2024-11-09T17:10:05.355+0000] {dagbag.py:538} INFO - Filling up the DagBag from /home/airflow/.local/lib/python3.7/site-packages/airflow/example_dags/example_sla_dag.py
[2024-11-09T17:10:05.382+0000] {processor.py:753} INFO - DAG(s) dict_keys(['example_sla_dag']) retrieved from /home/airflow/.local/lib/python3.7/site-packages/airflow/example_dags/example_sla_dag.py
[2024-11-09T17:10:05.399+0000] {logging_mixin.py:137} INFO - [2024-11-09T17:10:05.399+0000] {dag.py:2690} INFO - Sync 1 DAGs
[2024-11-09T17:10:05.421+0000] {logging_mixin.py:137} INFO - [2024-11-09T17:10:05.421+0000] {dag.py:3441} INFO - Setting next_dagrun for example_sla_dag to 2024-11-09T17:08:00+00:00, run_after=2024-11-09T17:10:00+00:00
[2024-11-09T17:10:05.454+0000] {processor.py:175} INFO - Processing /home/airflow/.local/lib/python3.7/site-packages/airflow/example_dags/example_sla_dag.py took 0.104 seconds
[2024-11-09T17:10:36.304+0000] {processor.py:153} INFO - Started process (PID=133) to work on /home/airflow/.local/lib/python3.7/site-packages/airflow/example_dags/example_sla_dag.py
[2024-11-09T17:10:36.305+0000] {processor.py:743} INFO - Processing file /home/airflow/.local/lib/python3.7/site-packages/airflow/example_dags/example_sla_dag.py for tasks to queue
[2024-11-09T17:10:36.306+0000] {logging_mixin.py:137} INFO - [2024-11-09T17:10:36.306+0000] {dagbag.py:538} INFO - Filling up the DagBag from /home/airflow/.local/lib/python3.7/site-packages/airflow/example_dags/example_sla_dag.py
[2024-11-09T17:10:36.323+0000] {processor.py:753} INFO - DAG(s) dict_keys(['example_sla_dag']) retrieved from /home/airflow/.local/lib/python3.7/site-packages/airflow/example_dags/example_sla_dag.py
[2024-11-09T17:10:36.340+0000] {logging_mixin.py:137} INFO - [2024-11-09T17:10:36.340+0000] {dag.py:2690} INFO - Sync 1 DAGs
[2024-11-09T17:10:36.356+0000] {logging_mixin.py:137} INFO - [2024-11-09T17:10:36.356+0000] {dag.py:3441} INFO - Setting next_dagrun for example_sla_dag to 2024-11-09T17:08:00+00:00, run_after=2024-11-09T17:10:00+00:00
[2024-11-09T17:10:36.370+0000] {processor.py:175} INFO - Processing /home/airflow/.local/lib/python3.7/site-packages/airflow/example_dags/example_sla_dag.py took 0.069 seconds
[2024-11-09T17:11:06.941+0000] {processor.py:153} INFO - Started process (PID=204) to work on /home/airflow/.local/lib/python3.7/site-packages/airflow/example_dags/example_sla_dag.py
[2024-11-09T17:11:06.943+0000] {processor.py:743} INFO - Processing file /home/airflow/.local/lib/python3.7/site-packages/airflow/example_dags/example_sla_dag.py for tasks to queue
[2024-11-09T17:11:06.945+0000] {logging_mixin.py:137} INFO - [2024-11-09T17:11:06.945+0000] {dagbag.py:538} INFO - Filling up the DagBag from /home/airflow/.local/lib/python3.7/site-packages/airflow/example_dags/example_sla_dag.py
[2024-11-09T17:11:06.972+0000] {processor.py:753} INFO - DAG(s) dict_keys(['example_sla_dag']) retrieved from /home/airflow/.local/lib/python3.7/site-packages/airflow/example_dags/example_sla_dag.py
[2024-11-09T17:11:06.992+0000] {logging_mixin.py:137} INFO - [2024-11-09T17:11:06.991+0000] {dag.py:2690} INFO - Sync 1 DAGs
[2024-11-09T17:11:07.011+0000] {logging_mixin.py:137} INFO - [2024-11-09T17:11:07.011+0000] {dag.py:3441} INFO - Setting next_dagrun for example_sla_dag to 2024-11-09T17:08:00+00:00, run_after=2024-11-09T17:10:00+00:00
[2024-11-09T17:11:07.026+0000] {processor.py:175} INFO - Processing /home/airflow/.local/lib/python3.7/site-packages/airflow/example_dags/example_sla_dag.py took 0.092 seconds
[2024-11-09T17:11:37.812+0000] {processor.py:153} INFO - Started process (PID=291) to work on /home/airflow/.local/lib/python3.7/site-packages/airflow/example_dags/example_sla_dag.py
[2024-11-09T17:11:37.815+0000] {processor.py:743} INFO - Processing file /home/airflow/.local/lib/python3.7/site-packages/airflow/example_dags/example_sla_dag.py for tasks to queue
[2024-11-09T17:11:37.817+0000] {logging_mixin.py:137} INFO - [2024-11-09T17:11:37.816+0000] {dagbag.py:538} INFO - Filling up the DagBag from /home/airflow/.local/lib/python3.7/site-packages/airflow/example_dags/example_sla_dag.py
[2024-11-09T17:11:37.845+0000] {processor.py:753} INFO - DAG(s) dict_keys(['example_sla_dag']) retrieved from /home/airflow/.local/lib/python3.7/site-packages/airflow/example_dags/example_sla_dag.py
[2024-11-09T17:11:37.865+0000] {logging_mixin.py:137} INFO - [2024-11-09T17:11:37.864+0000] {dag.py:2690} INFO - Sync 1 DAGs
[2024-11-09T17:11:37.881+0000] {logging_mixin.py:137} INFO - [2024-11-09T17:11:37.881+0000] {dag.py:3441} INFO - Setting next_dagrun for example_sla_dag to 2024-11-09T17:08:00+00:00, run_after=2024-11-09T17:10:00+00:00
[2024-11-09T17:11:37.895+0000] {processor.py:175} INFO - Processing /home/airflow/.local/lib/python3.7/site-packages/airflow/example_dags/example_sla_dag.py took 0.092 seconds
[2024-11-09T17:12:08.550+0000] {processor.py:153} INFO - Started process (PID=378) to work on /home/airflow/.local/lib/python3.7/site-packages/airflow/example_dags/example_sla_dag.py
[2024-11-09T17:12:08.551+0000] {processor.py:743} INFO - Processing file /home/airflow/.local/lib/python3.7/site-packages/airflow/example_dags/example_sla_dag.py for tasks to queue
[2024-11-09T17:12:08.552+0000] {logging_mixin.py:137} INFO - [2024-11-09T17:12:08.552+0000] {dagbag.py:538} INFO - Filling up the DagBag from /home/airflow/.local/lib/python3.7/site-packages/airflow/example_dags/example_sla_dag.py
[2024-11-09T17:12:08.566+0000] {processor.py:753} INFO - DAG(s) dict_keys(['example_sla_dag']) retrieved from /home/airflow/.local/lib/python3.7/site-packages/airflow/example_dags/example_sla_dag.py
[2024-11-09T17:12:08.579+0000] {logging_mixin.py:137} INFO - [2024-11-09T17:12:08.579+0000] {dag.py:2690} INFO - Sync 1 DAGs
[2024-11-09T17:12:08.595+0000] {logging_mixin.py:137} INFO - [2024-11-09T17:12:08.595+0000] {dag.py:3441} INFO - Setting next_dagrun for example_sla_dag to 2024-11-09T17:10:00+00:00, run_after=2024-11-09T17:12:00+00:00
[2024-11-09T17:12:08.608+0000] {processor.py:175} INFO - Processing /home/airflow/.local/lib/python3.7/site-packages/airflow/example_dags/example_sla_dag.py took 0.060 seconds
[2024-11-09T17:12:39.126+0000] {processor.py:153} INFO - Started process (PID=465) to work on /home/airflow/.local/lib/python3.7/site-packages/airflow/example_dags/example_sla_dag.py
[2024-11-09T17:12:39.127+0000] {processor.py:743} INFO - Processing file /home/airflow/.local/lib/python3.7/site-packages/airflow/example_dags/example_sla_dag.py for tasks to queue
[2024-11-09T17:12:39.128+0000] {logging_mixin.py:137} INFO - [2024-11-09T17:12:39.128+0000] {dagbag.py:538} INFO - Filling up the DagBag from /home/airflow/.local/lib/python3.7/site-packages/airflow/example_dags/example_sla_dag.py
[2024-11-09T17:12:39.153+0000] {processor.py:753} INFO - DAG(s) dict_keys(['example_sla_dag']) retrieved from /home/airflow/.local/lib/python3.7/site-packages/airflow/example_dags/example_sla_dag.py
[2024-11-09T17:12:39.171+0000] {logging_mixin.py:137} INFO - [2024-11-09T17:12:39.170+0000] {dag.py:2690} INFO - Sync 1 DAGs
[2024-11-09T17:12:39.185+0000] {logging_mixin.py:137} INFO - [2024-11-09T17:12:39.185+0000] {dag.py:3441} INFO - Setting next_dagrun for example_sla_dag to 2024-11-09T17:10:00+00:00, run_after=2024-11-09T17:12:00+00:00
[2024-11-09T17:12:39.198+0000] {processor.py:175} INFO - Processing /home/airflow/.local/lib/python3.7/site-packages/airflow/example_dags/example_sla_dag.py took 0.076 seconds
[2024-11-09T17:13:09.777+0000] {processor.py:153} INFO - Started process (PID=536) to work on /home/airflow/.local/lib/python3.7/site-packages/airflow/example_dags/example_sla_dag.py
[2024-11-09T17:13:09.778+0000] {processor.py:743} INFO - Processing file /home/airflow/.local/lib/python3.7/site-packages/airflow/example_dags/example_sla_dag.py for tasks to queue
[2024-11-09T17:13:09.779+0000] {logging_mixin.py:137} INFO - [2024-11-09T17:13:09.779+0000] {dagbag.py:538} INFO - Filling up the DagBag from /home/airflow/.local/lib/python3.7/site-packages/airflow/example_dags/example_sla_dag.py
[2024-11-09T17:13:09.810+0000] {processor.py:753} INFO - DAG(s) dict_keys(['example_sla_dag']) retrieved from /home/airflow/.local/lib/python3.7/site-packages/airflow/example_dags/example_sla_dag.py
[2024-11-09T17:13:09.835+0000] {logging_mixin.py:137} INFO - [2024-11-09T17:13:09.835+0000] {dag.py:2690} INFO - Sync 1 DAGs
[2024-11-09T17:13:09.853+0000] {logging_mixin.py:137} INFO - [2024-11-09T17:13:09.853+0000] {dag.py:3441} INFO - Setting next_dagrun for example_sla_dag to 2024-11-09T17:10:00+00:00, run_after=2024-11-09T17:12:00+00:00
[2024-11-09T17:13:09.865+0000] {processor.py:175} INFO - Processing /home/airflow/.local/lib/python3.7/site-packages/airflow/example_dags/example_sla_dag.py took 0.096 seconds
[2024-11-09T17:13:40.739+0000] {processor.py:153} INFO - Started process (PID=623) to work on /home/airflow/.local/lib/python3.7/site-packages/airflow/example_dags/example_sla_dag.py
[2024-11-09T17:13:40.743+0000] {processor.py:743} INFO - Processing file /home/airflow/.local/lib/python3.7/site-packages/airflow/example_dags/example_sla_dag.py for tasks to queue
[2024-11-09T17:13:40.744+0000] {logging_mixin.py:137} INFO - [2024-11-09T17:13:40.744+0000] {dagbag.py:538} INFO - Filling up the DagBag from /home/airflow/.local/lib/python3.7/site-packages/airflow/example_dags/example_sla_dag.py
[2024-11-09T17:13:40.776+0000] {processor.py:753} INFO - DAG(s) dict_keys(['example_sla_dag']) retrieved from /home/airflow/.local/lib/python3.7/site-packages/airflow/example_dags/example_sla_dag.py
[2024-11-09T17:13:40.818+0000] {logging_mixin.py:137} INFO - [2024-11-09T17:13:40.818+0000] {dag.py:2690} INFO - Sync 1 DAGs
[2024-11-09T17:13:40.853+0000] {logging_mixin.py:137} INFO - [2024-11-09T17:13:40.853+0000] {dag.py:3441} INFO - Setting next_dagrun for example_sla_dag to 2024-11-09T17:10:00+00:00, run_after=2024-11-09T17:12:00+00:00
[2024-11-09T17:13:40.881+0000] {processor.py:175} INFO - Processing /home/airflow/.local/lib/python3.7/site-packages/airflow/example_dags/example_sla_dag.py took 0.151 seconds
[2024-11-09T17:14:11.793+0000] {processor.py:153} INFO - Started process (PID=710) to work on /home/airflow/.local/lib/python3.7/site-packages/airflow/example_dags/example_sla_dag.py
[2024-11-09T17:14:11.795+0000] {processor.py:743} INFO - Processing file /home/airflow/.local/lib/python3.7/site-packages/airflow/example_dags/example_sla_dag.py for tasks to queue
[2024-11-09T17:14:11.796+0000] {logging_mixin.py:137} INFO - [2024-11-09T17:14:11.796+0000] {dagbag.py:538} INFO - Filling up the DagBag from /home/airflow/.local/lib/python3.7/site-packages/airflow/example_dags/example_sla_dag.py
[2024-11-09T17:14:11.813+0000] {processor.py:753} INFO - DAG(s) dict_keys(['example_sla_dag']) retrieved from /home/airflow/.local/lib/python3.7/site-packages/airflow/example_dags/example_sla_dag.py
[2024-11-09T17:14:11.834+0000] {logging_mixin.py:137} INFO - [2024-11-09T17:14:11.834+0000] {dag.py:2690} INFO - Sync 1 DAGs
[2024-11-09T17:14:11.861+0000] {logging_mixin.py:137} INFO - [2024-11-09T17:14:11.861+0000] {dag.py:3441} INFO - Setting next_dagrun for example_sla_dag to 2024-11-09T17:12:00+00:00, run_after=2024-11-09T17:14:00+00:00
[2024-11-09T17:14:11.879+0000] {processor.py:175} INFO - Processing /home/airflow/.local/lib/python3.7/site-packages/airflow/example_dags/example_sla_dag.py took 0.088 seconds
[2024-11-09T17:14:42.625+0000] {processor.py:153} INFO - Started process (PID=781) to work on /home/airflow/.local/lib/python3.7/site-packages/airflow/example_dags/example_sla_dag.py
[2024-11-09T17:14:42.627+0000] {processor.py:743} INFO - Processing file /home/airflow/.local/lib/python3.7/site-packages/airflow/example_dags/example_sla_dag.py for tasks to queue
[2024-11-09T17:14:42.628+0000] {logging_mixin.py:137} INFO - [2024-11-09T17:14:42.628+0000] {dagbag.py:538} INFO - Filling up the DagBag from /home/airflow/.local/lib/python3.7/site-packages/airflow/example_dags/example_sla_dag.py
[2024-11-09T17:14:42.646+0000] {processor.py:753} INFO - DAG(s) dict_keys(['example_sla_dag']) retrieved from /home/airflow/.local/lib/python3.7/site-packages/airflow/example_dags/example_sla_dag.py
[2024-11-09T17:14:42.668+0000] {logging_mixin.py:137} INFO - [2024-11-09T17:14:42.668+0000] {dag.py:2690} INFO - Sync 1 DAGs
[2024-11-09T17:14:42.689+0000] {logging_mixin.py:137} INFO - [2024-11-09T17:14:42.689+0000] {dag.py:3441} INFO - Setting next_dagrun for example_sla_dag to 2024-11-09T17:12:00+00:00, run_after=2024-11-09T17:14:00+00:00
[2024-11-09T17:14:42.704+0000] {processor.py:175} INFO - Processing /home/airflow/.local/lib/python3.7/site-packages/airflow/example_dags/example_sla_dag.py took 0.083 seconds
[2024-11-09T17:15:13.461+0000] {processor.py:153} INFO - Started process (PID=868) to work on /home/airflow/.local/lib/python3.7/site-packages/airflow/example_dags/example_sla_dag.py
[2024-11-09T17:15:13.464+0000] {processor.py:743} INFO - Processing file /home/airflow/.local/lib/python3.7/site-packages/airflow/example_dags/example_sla_dag.py for tasks to queue
[2024-11-09T17:15:13.465+0000] {logging_mixin.py:137} INFO - [2024-11-09T17:15:13.465+0000] {dagbag.py:538} INFO - Filling up the DagBag from /home/airflow/.local/lib/python3.7/site-packages/airflow/example_dags/example_sla_dag.py
[2024-11-09T17:15:13.491+0000] {processor.py:753} INFO - DAG(s) dict_keys(['example_sla_dag']) retrieved from /home/airflow/.local/lib/python3.7/site-packages/airflow/example_dags/example_sla_dag.py
[2024-11-09T17:15:13.508+0000] {logging_mixin.py:137} INFO - [2024-11-09T17:15:13.508+0000] {dag.py:2690} INFO - Sync 1 DAGs
[2024-11-09T17:15:13.527+0000] {logging_mixin.py:137} INFO - [2024-11-09T17:15:13.526+0000] {dag.py:3441} INFO - Setting next_dagrun for example_sla_dag to 2024-11-09T17:12:00+00:00, run_after=2024-11-09T17:14:00+00:00
[2024-11-09T17:15:13.537+0000] {processor.py:175} INFO - Processing /home/airflow/.local/lib/python3.7/site-packages/airflow/example_dags/example_sla_dag.py took 0.082 seconds
[2024-11-09T17:15:44.380+0000] {processor.py:153} INFO - Started process (PID=955) to work on /home/airflow/.local/lib/python3.7/site-packages/airflow/example_dags/example_sla_dag.py
[2024-11-09T17:15:44.381+0000] {processor.py:743} INFO - Processing file /home/airflow/.local/lib/python3.7/site-packages/airflow/example_dags/example_sla_dag.py for tasks to queue
[2024-11-09T17:15:44.382+0000] {logging_mixin.py:137} INFO - [2024-11-09T17:15:44.382+0000] {dagbag.py:538} INFO - Filling up the DagBag from /home/airflow/.local/lib/python3.7/site-packages/airflow/example_dags/example_sla_dag.py
[2024-11-09T17:15:44.407+0000] {processor.py:753} INFO - DAG(s) dict_keys(['example_sla_dag']) retrieved from /home/airflow/.local/lib/python3.7/site-packages/airflow/example_dags/example_sla_dag.py
[2024-11-09T17:15:44.428+0000] {logging_mixin.py:137} INFO - [2024-11-09T17:15:44.428+0000] {dag.py:2690} INFO - Sync 1 DAGs
[2024-11-09T17:15:44.449+0000] {logging_mixin.py:137} INFO - [2024-11-09T17:15:44.449+0000] {dag.py:3441} INFO - Setting next_dagrun for example_sla_dag to 2024-11-09T17:12:00+00:00, run_after=2024-11-09T17:14:00+00:00
[2024-11-09T17:15:44.465+0000] {processor.py:175} INFO - Processing /home/airflow/.local/lib/python3.7/site-packages/airflow/example_dags/example_sla_dag.py took 0.089 seconds
[2024-11-09T17:16:15.130+0000] {processor.py:153} INFO - Started process (PID=1026) to work on /home/airflow/.local/lib/python3.7/site-packages/airflow/example_dags/example_sla_dag.py
[2024-11-09T17:16:15.132+0000] {processor.py:743} INFO - Processing file /home/airflow/.local/lib/python3.7/site-packages/airflow/example_dags/example_sla_dag.py for tasks to queue
[2024-11-09T17:16:15.133+0000] {logging_mixin.py:137} INFO - [2024-11-09T17:16:15.133+0000] {dagbag.py:538} INFO - Filling up the DagBag from /home/airflow/.local/lib/python3.7/site-packages/airflow/example_dags/example_sla_dag.py
[2024-11-09T17:16:15.162+0000] {processor.py:753} INFO - DAG(s) dict_keys(['example_sla_dag']) retrieved from /home/airflow/.local/lib/python3.7/site-packages/airflow/example_dags/example_sla_dag.py
[2024-11-09T17:16:15.184+0000] {logging_mixin.py:137} INFO - [2024-11-09T17:16:15.184+0000] {dag.py:2690} INFO - Sync 1 DAGs
[2024-11-09T17:16:15.213+0000] {logging_mixin.py:137} INFO - [2024-11-09T17:16:15.213+0000] {dag.py:3441} INFO - Setting next_dagrun for example_sla_dag to 2024-11-09T17:14:00+00:00, run_after=2024-11-09T17:16:00+00:00
[2024-11-09T17:16:15.225+0000] {processor.py:175} INFO - Processing /home/airflow/.local/lib/python3.7/site-packages/airflow/example_dags/example_sla_dag.py took 0.102 seconds
[2024-11-09T17:16:46.188+0000] {processor.py:153} INFO - Started process (PID=1112) to work on /home/airflow/.local/lib/python3.7/site-packages/airflow/example_dags/example_sla_dag.py
[2024-11-09T17:16:46.191+0000] {processor.py:743} INFO - Processing file /home/airflow/.local/lib/python3.7/site-packages/airflow/example_dags/example_sla_dag.py for tasks to queue
[2024-11-09T17:16:46.192+0000] {logging_mixin.py:137} INFO - [2024-11-09T17:16:46.192+0000] {dagbag.py:538} INFO - Filling up the DagBag from /home/airflow/.local/lib/python3.7/site-packages/airflow/example_dags/example_sla_dag.py
[2024-11-09T17:16:46.222+0000] {processor.py:753} INFO - DAG(s) dict_keys(['example_sla_dag']) retrieved from /home/airflow/.local/lib/python3.7/site-packages/airflow/example_dags/example_sla_dag.py
[2024-11-09T17:16:46.242+0000] {logging_mixin.py:137} INFO - [2024-11-09T17:16:46.242+0000] {dag.py:2690} INFO - Sync 1 DAGs
[2024-11-09T17:16:46.275+0000] {logging_mixin.py:137} INFO - [2024-11-09T17:16:46.275+0000] {dag.py:3441} INFO - Setting next_dagrun for example_sla_dag to 2024-11-09T17:14:00+00:00, run_after=2024-11-09T17:16:00+00:00
[2024-11-09T17:16:46.287+0000] {processor.py:175} INFO - Processing /home/airflow/.local/lib/python3.7/site-packages/airflow/example_dags/example_sla_dag.py took 0.108 seconds
[2024-11-09T17:17:17.075+0000] {processor.py:153} INFO - Started process (PID=1199) to work on /home/airflow/.local/lib/python3.7/site-packages/airflow/example_dags/example_sla_dag.py
[2024-11-09T17:17:17.077+0000] {processor.py:743} INFO - Processing file /home/airflow/.local/lib/python3.7/site-packages/airflow/example_dags/example_sla_dag.py for tasks to queue
[2024-11-09T17:17:17.079+0000] {logging_mixin.py:137} INFO - [2024-11-09T17:17:17.079+0000] {dagbag.py:538} INFO - Filling up the DagBag from /home/airflow/.local/lib/python3.7/site-packages/airflow/example_dags/example_sla_dag.py
[2024-11-09T17:17:17.105+0000] {processor.py:753} INFO - DAG(s) dict_keys(['example_sla_dag']) retrieved from /home/airflow/.local/lib/python3.7/site-packages/airflow/example_dags/example_sla_dag.py
[2024-11-09T17:17:17.121+0000] {logging_mixin.py:137} INFO - [2024-11-09T17:17:17.121+0000] {dag.py:2690} INFO - Sync 1 DAGs
[2024-11-09T17:17:17.139+0000] {logging_mixin.py:137} INFO - [2024-11-09T17:17:17.139+0000] {dag.py:3441} INFO - Setting next_dagrun for example_sla_dag to 2024-11-09T17:14:00+00:00, run_after=2024-11-09T17:16:00+00:00
[2024-11-09T17:17:17.151+0000] {processor.py:175} INFO - Processing /home/airflow/.local/lib/python3.7/site-packages/airflow/example_dags/example_sla_dag.py took 0.082 seconds
[2024-11-09T17:17:47.879+0000] {processor.py:153} INFO - Started process (PID=1286) to work on /home/airflow/.local/lib/python3.7/site-packages/airflow/example_dags/example_sla_dag.py
[2024-11-09T17:17:47.880+0000] {processor.py:743} INFO - Processing file /home/airflow/.local/lib/python3.7/site-packages/airflow/example_dags/example_sla_dag.py for tasks to queue
[2024-11-09T17:17:47.881+0000] {logging_mixin.py:137} INFO - [2024-11-09T17:17:47.881+0000] {dagbag.py:538} INFO - Filling up the DagBag from /home/airflow/.local/lib/python3.7/site-packages/airflow/example_dags/example_sla_dag.py
[2024-11-09T17:17:47.909+0000] {processor.py:753} INFO - DAG(s) dict_keys(['example_sla_dag']) retrieved from /home/airflow/.local/lib/python3.7/site-packages/airflow/example_dags/example_sla_dag.py
[2024-11-09T17:17:47.926+0000] {logging_mixin.py:137} INFO - [2024-11-09T17:17:47.926+0000] {dag.py:2690} INFO - Sync 1 DAGs
[2024-11-09T17:17:47.943+0000] {logging_mixin.py:137} INFO - [2024-11-09T17:17:47.943+0000] {dag.py:3441} INFO - Setting next_dagrun for example_sla_dag to 2024-11-09T17:14:00+00:00, run_after=2024-11-09T17:16:00+00:00
[2024-11-09T17:17:47.956+0000] {processor.py:175} INFO - Processing /home/airflow/.local/lib/python3.7/site-packages/airflow/example_dags/example_sla_dag.py took 0.084 seconds
[2024-11-09T17:18:18.700+0000] {processor.py:153} INFO - Started process (PID=1357) to work on /home/airflow/.local/lib/python3.7/site-packages/airflow/example_dags/example_sla_dag.py
[2024-11-09T17:18:18.703+0000] {processor.py:743} INFO - Processing file /home/airflow/.local/lib/python3.7/site-packages/airflow/example_dags/example_sla_dag.py for tasks to queue
[2024-11-09T17:18:18.705+0000] {logging_mixin.py:137} INFO - [2024-11-09T17:18:18.705+0000] {dagbag.py:538} INFO - Filling up the DagBag from /home/airflow/.local/lib/python3.7/site-packages/airflow/example_dags/example_sla_dag.py
[2024-11-09T17:18:18.739+0000] {processor.py:753} INFO - DAG(s) dict_keys(['example_sla_dag']) retrieved from /home/airflow/.local/lib/python3.7/site-packages/airflow/example_dags/example_sla_dag.py
[2024-11-09T17:18:18.758+0000] {logging_mixin.py:137} INFO - [2024-11-09T17:18:18.758+0000] {dag.py:2690} INFO - Sync 1 DAGs
[2024-11-09T17:18:18.778+0000] {logging_mixin.py:137} INFO - [2024-11-09T17:18:18.778+0000] {dag.py:3441} INFO - Setting next_dagrun for example_sla_dag to 2024-11-09T17:16:00+00:00, run_after=2024-11-09T17:18:00+00:00
[2024-11-09T17:18:18.793+0000] {processor.py:175} INFO - Processing /home/airflow/.local/lib/python3.7/site-packages/airflow/example_dags/example_sla_dag.py took 0.102 seconds
[2024-11-09T17:18:49.695+0000] {processor.py:153} INFO - Started process (PID=1444) to work on /home/airflow/.local/lib/python3.7/site-packages/airflow/example_dags/example_sla_dag.py
[2024-11-09T17:18:49.697+0000] {processor.py:743} INFO - Processing file /home/airflow/.local/lib/python3.7/site-packages/airflow/example_dags/example_sla_dag.py for tasks to queue
[2024-11-09T17:18:49.699+0000] {logging_mixin.py:137} INFO - [2024-11-09T17:18:49.698+0000] {dagbag.py:538} INFO - Filling up the DagBag from /home/airflow/.local/lib/python3.7/site-packages/airflow/example_dags/example_sla_dag.py
[2024-11-09T17:18:49.733+0000] {processor.py:753} INFO - DAG(s) dict_keys(['example_sla_dag']) retrieved from /home/airflow/.local/lib/python3.7/site-packages/airflow/example_dags/example_sla_dag.py
[2024-11-09T17:18:49.753+0000] {logging_mixin.py:137} INFO - [2024-11-09T17:18:49.753+0000] {dag.py:2690} INFO - Sync 1 DAGs
[2024-11-09T17:18:49.773+0000] {logging_mixin.py:137} INFO - [2024-11-09T17:18:49.773+0000] {dag.py:3441} INFO - Setting next_dagrun for example_sla_dag to 2024-11-09T17:16:00+00:00, run_after=2024-11-09T17:18:00+00:00
[2024-11-09T17:18:49.785+0000] {processor.py:175} INFO - Processing /home/airflow/.local/lib/python3.7/site-packages/airflow/example_dags/example_sla_dag.py took 0.100 seconds
[2024-11-09T17:19:20.445+0000] {processor.py:153} INFO - Started process (PID=1531) to work on /home/airflow/.local/lib/python3.7/site-packages/airflow/example_dags/example_sla_dag.py
[2024-11-09T17:19:20.449+0000] {processor.py:743} INFO - Processing file /home/airflow/.local/lib/python3.7/site-packages/airflow/example_dags/example_sla_dag.py for tasks to queue
[2024-11-09T17:19:20.452+0000] {logging_mixin.py:137} INFO - [2024-11-09T17:19:20.452+0000] {dagbag.py:538} INFO - Filling up the DagBag from /home/airflow/.local/lib/python3.7/site-packages/airflow/example_dags/example_sla_dag.py
[2024-11-09T17:19:20.483+0000] {processor.py:753} INFO - DAG(s) dict_keys(['example_sla_dag']) retrieved from /home/airflow/.local/lib/python3.7/site-packages/airflow/example_dags/example_sla_dag.py
[2024-11-09T17:19:20.508+0000] {logging_mixin.py:137} INFO - [2024-11-09T17:19:20.508+0000] {dag.py:2690} INFO - Sync 1 DAGs
[2024-11-09T17:19:20.528+0000] {logging_mixin.py:137} INFO - [2024-11-09T17:19:20.528+0000] {dag.py:3441} INFO - Setting next_dagrun for example_sla_dag to 2024-11-09T17:16:00+00:00, run_after=2024-11-09T17:18:00+00:00
[2024-11-09T17:19:20.548+0000] {processor.py:175} INFO - Processing /home/airflow/.local/lib/python3.7/site-packages/airflow/example_dags/example_sla_dag.py took 0.117 seconds
[2024-11-09T17:19:51.386+0000] {processor.py:153} INFO - Started process (PID=1609) to work on /home/airflow/.local/lib/python3.7/site-packages/airflow/example_dags/example_sla_dag.py
[2024-11-09T17:19:51.388+0000] {processor.py:743} INFO - Processing file /home/airflow/.local/lib/python3.7/site-packages/airflow/example_dags/example_sla_dag.py for tasks to queue
[2024-11-09T17:19:51.389+0000] {logging_mixin.py:137} INFO - [2024-11-09T17:19:51.389+0000] {dagbag.py:538} INFO - Filling up the DagBag from /home/airflow/.local/lib/python3.7/site-packages/airflow/example_dags/example_sla_dag.py
[2024-11-09T17:19:51.418+0000] {processor.py:753} INFO - DAG(s) dict_keys(['example_sla_dag']) retrieved from /home/airflow/.local/lib/python3.7/site-packages/airflow/example_dags/example_sla_dag.py
[2024-11-09T17:19:51.442+0000] {logging_mixin.py:137} INFO - [2024-11-09T17:19:51.442+0000] {dag.py:2690} INFO - Sync 1 DAGs
[2024-11-09T17:19:51.462+0000] {logging_mixin.py:137} INFO - [2024-11-09T17:19:51.462+0000] {dag.py:3441} INFO - Setting next_dagrun for example_sla_dag to 2024-11-09T17:16:00+00:00, run_after=2024-11-09T17:18:00+00:00
[2024-11-09T17:19:51.480+0000] {processor.py:175} INFO - Processing /home/airflow/.local/lib/python3.7/site-packages/airflow/example_dags/example_sla_dag.py took 0.101 seconds
[2024-11-09T17:20:22.440+0000] {processor.py:153} INFO - Started process (PID=1698) to work on /home/airflow/.local/lib/python3.7/site-packages/airflow/example_dags/example_sla_dag.py
[2024-11-09T17:20:22.442+0000] {processor.py:743} INFO - Processing file /home/airflow/.local/lib/python3.7/site-packages/airflow/example_dags/example_sla_dag.py for tasks to queue
[2024-11-09T17:20:22.443+0000] {logging_mixin.py:137} INFO - [2024-11-09T17:20:22.443+0000] {dagbag.py:538} INFO - Filling up the DagBag from /home/airflow/.local/lib/python3.7/site-packages/airflow/example_dags/example_sla_dag.py
[2024-11-09T17:20:22.465+0000] {processor.py:753} INFO - DAG(s) dict_keys(['example_sla_dag']) retrieved from /home/airflow/.local/lib/python3.7/site-packages/airflow/example_dags/example_sla_dag.py
[2024-11-09T17:20:22.483+0000] {logging_mixin.py:137} INFO - [2024-11-09T17:20:22.483+0000] {dag.py:2690} INFO - Sync 1 DAGs
[2024-11-09T17:20:22.505+0000] {logging_mixin.py:137} INFO - [2024-11-09T17:20:22.505+0000] {dag.py:3441} INFO - Setting next_dagrun for example_sla_dag to 2024-11-09T17:18:00+00:00, run_after=2024-11-09T17:20:00+00:00
[2024-11-09T17:20:22.517+0000] {processor.py:175} INFO - Processing /home/airflow/.local/lib/python3.7/site-packages/airflow/example_dags/example_sla_dag.py took 0.081 seconds
[2024-11-09T17:20:50.566+0000] {processor.py:153} INFO - Started process (PID=37) to work on /home/airflow/.local/lib/python3.7/site-packages/airflow/example_dags/example_sla_dag.py
[2024-11-09T17:20:50.567+0000] {processor.py:743} INFO - Processing file /home/airflow/.local/lib/python3.7/site-packages/airflow/example_dags/example_sla_dag.py for tasks to queue
[2024-11-09T17:20:50.568+0000] {logging_mixin.py:137} INFO - [2024-11-09T17:20:50.568+0000] {dagbag.py:538} INFO - Filling up the DagBag from /home/airflow/.local/lib/python3.7/site-packages/airflow/example_dags/example_sla_dag.py
[2024-11-09T17:20:50.587+0000] {processor.py:753} INFO - DAG(s) dict_keys(['example_sla_dag']) retrieved from /home/airflow/.local/lib/python3.7/site-packages/airflow/example_dags/example_sla_dag.py
[2024-11-09T17:20:50.612+0000] {logging_mixin.py:137} INFO - [2024-11-09T17:20:50.612+0000] {dag.py:2690} INFO - Sync 1 DAGs
[2024-11-09T17:20:50.635+0000] {logging_mixin.py:137} INFO - [2024-11-09T17:20:50.635+0000] {dag.py:3441} INFO - Setting next_dagrun for example_sla_dag to 2024-11-09T17:18:00+00:00, run_after=2024-11-09T17:20:00+00:00
[2024-11-09T17:20:50.664+0000] {processor.py:175} INFO - Processing /home/airflow/.local/lib/python3.7/site-packages/airflow/example_dags/example_sla_dag.py took 0.101 seconds
[2024-11-09T17:21:21.515+0000] {processor.py:153} INFO - Started process (PID=124) to work on /home/airflow/.local/lib/python3.7/site-packages/airflow/example_dags/example_sla_dag.py
[2024-11-09T17:21:21.518+0000] {processor.py:743} INFO - Processing file /home/airflow/.local/lib/python3.7/site-packages/airflow/example_dags/example_sla_dag.py for tasks to queue
[2024-11-09T17:21:21.519+0000] {logging_mixin.py:137} INFO - [2024-11-09T17:21:21.519+0000] {dagbag.py:538} INFO - Filling up the DagBag from /home/airflow/.local/lib/python3.7/site-packages/airflow/example_dags/example_sla_dag.py
[2024-11-09T17:21:21.557+0000] {processor.py:753} INFO - DAG(s) dict_keys(['example_sla_dag']) retrieved from /home/airflow/.local/lib/python3.7/site-packages/airflow/example_dags/example_sla_dag.py
[2024-11-09T17:21:21.577+0000] {logging_mixin.py:137} INFO - [2024-11-09T17:21:21.577+0000] {dag.py:2690} INFO - Sync 1 DAGs
[2024-11-09T17:21:21.594+0000] {logging_mixin.py:137} INFO - [2024-11-09T17:21:21.594+0000] {dag.py:3441} INFO - Setting next_dagrun for example_sla_dag to 2024-11-09T17:18:00+00:00, run_after=2024-11-09T17:20:00+00:00
[2024-11-09T17:21:21.610+0000] {processor.py:175} INFO - Processing /home/airflow/.local/lib/python3.7/site-packages/airflow/example_dags/example_sla_dag.py took 0.102 seconds
[2024-11-09T17:21:52.294+0000] {processor.py:153} INFO - Started process (PID=195) to work on /home/airflow/.local/lib/python3.7/site-packages/airflow/example_dags/example_sla_dag.py
[2024-11-09T17:21:52.297+0000] {processor.py:743} INFO - Processing file /home/airflow/.local/lib/python3.7/site-packages/airflow/example_dags/example_sla_dag.py for tasks to queue
[2024-11-09T17:21:52.298+0000] {logging_mixin.py:137} INFO - [2024-11-09T17:21:52.298+0000] {dagbag.py:538} INFO - Filling up the DagBag from /home/airflow/.local/lib/python3.7/site-packages/airflow/example_dags/example_sla_dag.py
[2024-11-09T17:21:52.331+0000] {processor.py:753} INFO - DAG(s) dict_keys(['example_sla_dag']) retrieved from /home/airflow/.local/lib/python3.7/site-packages/airflow/example_dags/example_sla_dag.py
[2024-11-09T17:21:52.356+0000] {logging_mixin.py:137} INFO - [2024-11-09T17:21:52.356+0000] {dag.py:2690} INFO - Sync 1 DAGs
[2024-11-09T17:21:52.375+0000] {logging_mixin.py:137} INFO - [2024-11-09T17:21:52.375+0000] {dag.py:3441} INFO - Setting next_dagrun for example_sla_dag to 2024-11-09T17:18:00+00:00, run_after=2024-11-09T17:20:00+00:00
[2024-11-09T17:21:52.388+0000] {processor.py:175} INFO - Processing /home/airflow/.local/lib/python3.7/site-packages/airflow/example_dags/example_sla_dag.py took 0.103 seconds
[2024-11-09T17:22:23.322+0000] {processor.py:153} INFO - Started process (PID=282) to work on /home/airflow/.local/lib/python3.7/site-packages/airflow/example_dags/example_sla_dag.py
[2024-11-09T17:22:23.325+0000] {processor.py:743} INFO - Processing file /home/airflow/.local/lib/python3.7/site-packages/airflow/example_dags/example_sla_dag.py for tasks to queue
[2024-11-09T17:22:23.327+0000] {logging_mixin.py:137} INFO - [2024-11-09T17:22:23.326+0000] {dagbag.py:538} INFO - Filling up the DagBag from /home/airflow/.local/lib/python3.7/site-packages/airflow/example_dags/example_sla_dag.py
[2024-11-09T17:22:23.388+0000] {processor.py:753} INFO - DAG(s) dict_keys(['example_sla_dag']) retrieved from /home/airflow/.local/lib/python3.7/site-packages/airflow/example_dags/example_sla_dag.py
[2024-11-09T17:22:23.407+0000] {logging_mixin.py:137} INFO - [2024-11-09T17:22:23.406+0000] {dag.py:2690} INFO - Sync 1 DAGs
[2024-11-09T17:22:23.429+0000] {logging_mixin.py:137} INFO - [2024-11-09T17:22:23.429+0000] {dag.py:3441} INFO - Setting next_dagrun for example_sla_dag to 2024-11-09T17:20:00+00:00, run_after=2024-11-09T17:22:00+00:00
[2024-11-09T17:22:23.442+0000] {processor.py:175} INFO - Processing /home/airflow/.local/lib/python3.7/site-packages/airflow/example_dags/example_sla_dag.py took 0.133 seconds
[2024-11-09T17:22:54.224+0000] {processor.py:153} INFO - Started process (PID=369) to work on /home/airflow/.local/lib/python3.7/site-packages/airflow/example_dags/example_sla_dag.py
[2024-11-09T17:22:54.227+0000] {processor.py:743} INFO - Processing file /home/airflow/.local/lib/python3.7/site-packages/airflow/example_dags/example_sla_dag.py for tasks to queue
[2024-11-09T17:22:54.231+0000] {logging_mixin.py:137} INFO - [2024-11-09T17:22:54.231+0000] {dagbag.py:538} INFO - Filling up the DagBag from /home/airflow/.local/lib/python3.7/site-packages/airflow/example_dags/example_sla_dag.py
[2024-11-09T17:22:54.255+0000] {processor.py:753} INFO - DAG(s) dict_keys(['example_sla_dag']) retrieved from /home/airflow/.local/lib/python3.7/site-packages/airflow/example_dags/example_sla_dag.py
[2024-11-09T17:22:54.276+0000] {logging_mixin.py:137} INFO - [2024-11-09T17:22:54.276+0000] {dag.py:2690} INFO - Sync 1 DAGs
[2024-11-09T17:22:54.296+0000] {logging_mixin.py:137} INFO - [2024-11-09T17:22:54.296+0000] {dag.py:3441} INFO - Setting next_dagrun for example_sla_dag to 2024-11-09T17:20:00+00:00, run_after=2024-11-09T17:22:00+00:00
[2024-11-09T17:22:54.311+0000] {processor.py:175} INFO - Processing /home/airflow/.local/lib/python3.7/site-packages/airflow/example_dags/example_sla_dag.py took 0.091 seconds
[2024-11-09T17:23:25.046+0000] {processor.py:153} INFO - Started process (PID=440) to work on /home/airflow/.local/lib/python3.7/site-packages/airflow/example_dags/example_sla_dag.py
[2024-11-09T17:23:25.049+0000] {processor.py:743} INFO - Processing file /home/airflow/.local/lib/python3.7/site-packages/airflow/example_dags/example_sla_dag.py for tasks to queue
[2024-11-09T17:23:25.051+0000] {logging_mixin.py:137} INFO - [2024-11-09T17:23:25.051+0000] {dagbag.py:538} INFO - Filling up the DagBag from /home/airflow/.local/lib/python3.7/site-packages/airflow/example_dags/example_sla_dag.py
[2024-11-09T17:23:25.074+0000] {processor.py:753} INFO - DAG(s) dict_keys(['example_sla_dag']) retrieved from /home/airflow/.local/lib/python3.7/site-packages/airflow/example_dags/example_sla_dag.py
[2024-11-09T17:23:25.091+0000] {logging_mixin.py:137} INFO - [2024-11-09T17:23:25.091+0000] {dag.py:2690} INFO - Sync 1 DAGs
[2024-11-09T17:23:25.110+0000] {logging_mixin.py:137} INFO - [2024-11-09T17:23:25.110+0000] {dag.py:3441} INFO - Setting next_dagrun for example_sla_dag to 2024-11-09T17:20:00+00:00, run_after=2024-11-09T17:22:00+00:00
[2024-11-09T17:23:25.122+0000] {processor.py:175} INFO - Processing /home/airflow/.local/lib/python3.7/site-packages/airflow/example_dags/example_sla_dag.py took 0.081 seconds
[2024-11-09T17:23:55.982+0000] {processor.py:153} INFO - Started process (PID=527) to work on /home/airflow/.local/lib/python3.7/site-packages/airflow/example_dags/example_sla_dag.py
[2024-11-09T17:23:55.984+0000] {processor.py:743} INFO - Processing file /home/airflow/.local/lib/python3.7/site-packages/airflow/example_dags/example_sla_dag.py for tasks to queue
[2024-11-09T17:23:55.986+0000] {logging_mixin.py:137} INFO - [2024-11-09T17:23:55.986+0000] {dagbag.py:538} INFO - Filling up the DagBag from /home/airflow/.local/lib/python3.7/site-packages/airflow/example_dags/example_sla_dag.py
[2024-11-09T17:23:56.032+0000] {processor.py:753} INFO - DAG(s) dict_keys(['example_sla_dag']) retrieved from /home/airflow/.local/lib/python3.7/site-packages/airflow/example_dags/example_sla_dag.py
[2024-11-09T17:23:56.089+0000] {logging_mixin.py:137} INFO - [2024-11-09T17:23:56.089+0000] {dag.py:2690} INFO - Sync 1 DAGs
[2024-11-09T17:23:56.128+0000] {logging_mixin.py:137} INFO - [2024-11-09T17:23:56.128+0000] {dag.py:3441} INFO - Setting next_dagrun for example_sla_dag to 2024-11-09T17:20:00+00:00, run_after=2024-11-09T17:22:00+00:00
[2024-11-09T17:23:56.164+0000] {processor.py:175} INFO - Processing /home/airflow/.local/lib/python3.7/site-packages/airflow/example_dags/example_sla_dag.py took 0.188 seconds
[2024-11-09T17:28:52.757+0000] {processor.py:153} INFO - Started process (PID=37) to work on /home/airflow/.local/lib/python3.7/site-packages/airflow/example_dags/example_sla_dag.py
[2024-11-09T17:28:52.761+0000] {processor.py:743} INFO - Processing file /home/airflow/.local/lib/python3.7/site-packages/airflow/example_dags/example_sla_dag.py for tasks to queue
[2024-11-09T17:28:52.763+0000] {logging_mixin.py:137} INFO - [2024-11-09T17:28:52.762+0000] {dagbag.py:538} INFO - Filling up the DagBag from /home/airflow/.local/lib/python3.7/site-packages/airflow/example_dags/example_sla_dag.py
[2024-11-09T17:28:52.790+0000] {processor.py:753} INFO - DAG(s) dict_keys(['example_sla_dag']) retrieved from /home/airflow/.local/lib/python3.7/site-packages/airflow/example_dags/example_sla_dag.py
[2024-11-09T17:28:52.836+0000] {logging_mixin.py:137} INFO - [2024-11-09T17:28:52.836+0000] {dag.py:2690} INFO - Sync 1 DAGs
[2024-11-09T17:28:52.863+0000] {logging_mixin.py:137} INFO - [2024-11-09T17:28:52.863+0000] {dag.py:3441} INFO - Setting next_dagrun for example_sla_dag to 2024-11-09T17:26:00+00:00, run_after=2024-11-09T17:28:00+00:00
[2024-11-09T17:28:52.881+0000] {processor.py:175} INFO - Processing /home/airflow/.local/lib/python3.7/site-packages/airflow/example_dags/example_sla_dag.py took 0.127 seconds
[2024-11-09T17:29:23.496+0000] {processor.py:153} INFO - Started process (PID=124) to work on /home/airflow/.local/lib/python3.7/site-packages/airflow/example_dags/example_sla_dag.py
[2024-11-09T17:29:23.497+0000] {processor.py:743} INFO - Processing file /home/airflow/.local/lib/python3.7/site-packages/airflow/example_dags/example_sla_dag.py for tasks to queue
[2024-11-09T17:29:23.498+0000] {logging_mixin.py:137} INFO - [2024-11-09T17:29:23.498+0000] {dagbag.py:538} INFO - Filling up the DagBag from /home/airflow/.local/lib/python3.7/site-packages/airflow/example_dags/example_sla_dag.py
[2024-11-09T17:29:23.519+0000] {processor.py:753} INFO - DAG(s) dict_keys(['example_sla_dag']) retrieved from /home/airflow/.local/lib/python3.7/site-packages/airflow/example_dags/example_sla_dag.py
[2024-11-09T17:29:23.542+0000] {logging_mixin.py:137} INFO - [2024-11-09T17:29:23.542+0000] {dag.py:2690} INFO - Sync 1 DAGs
[2024-11-09T17:29:23.557+0000] {logging_mixin.py:137} INFO - [2024-11-09T17:29:23.557+0000] {dag.py:3441} INFO - Setting next_dagrun for example_sla_dag to 2024-11-09T17:26:00+00:00, run_after=2024-11-09T17:28:00+00:00
[2024-11-09T17:29:23.571+0000] {processor.py:175} INFO - Processing /home/airflow/.local/lib/python3.7/site-packages/airflow/example_dags/example_sla_dag.py took 0.079 seconds
[2024-11-09T17:29:54.301+0000] {processor.py:153} INFO - Started process (PID=195) to work on /home/airflow/.local/lib/python3.7/site-packages/airflow/example_dags/example_sla_dag.py
[2024-11-09T17:29:54.305+0000] {processor.py:743} INFO - Processing file /home/airflow/.local/lib/python3.7/site-packages/airflow/example_dags/example_sla_dag.py for tasks to queue
[2024-11-09T17:29:54.306+0000] {logging_mixin.py:137} INFO - [2024-11-09T17:29:54.306+0000] {dagbag.py:538} INFO - Filling up the DagBag from /home/airflow/.local/lib/python3.7/site-packages/airflow/example_dags/example_sla_dag.py
[2024-11-09T17:29:54.334+0000] {processor.py:753} INFO - DAG(s) dict_keys(['example_sla_dag']) retrieved from /home/airflow/.local/lib/python3.7/site-packages/airflow/example_dags/example_sla_dag.py
[2024-11-09T17:29:54.356+0000] {logging_mixin.py:137} INFO - [2024-11-09T17:29:54.356+0000] {dag.py:2690} INFO - Sync 1 DAGs
[2024-11-09T17:29:54.376+0000] {logging_mixin.py:137} INFO - [2024-11-09T17:29:54.376+0000] {dag.py:3441} INFO - Setting next_dagrun for example_sla_dag to 2024-11-09T17:26:00+00:00, run_after=2024-11-09T17:28:00+00:00
[2024-11-09T17:29:54.393+0000] {processor.py:175} INFO - Processing /home/airflow/.local/lib/python3.7/site-packages/airflow/example_dags/example_sla_dag.py took 0.098 seconds
[2024-11-09T17:30:13.677+0000] {processor.py:153} INFO - Started process (PID=37) to work on /home/airflow/.local/lib/python3.7/site-packages/airflow/example_dags/example_sla_dag.py
[2024-11-09T17:30:13.678+0000] {processor.py:743} INFO - Processing file /home/airflow/.local/lib/python3.7/site-packages/airflow/example_dags/example_sla_dag.py for tasks to queue
[2024-11-09T17:30:13.680+0000] {logging_mixin.py:137} INFO - [2024-11-09T17:30:13.680+0000] {dagbag.py:538} INFO - Filling up the DagBag from /home/airflow/.local/lib/python3.7/site-packages/airflow/example_dags/example_sla_dag.py
[2024-11-09T17:30:13.727+0000] {processor.py:753} INFO - DAG(s) dict_keys(['example_sla_dag']) retrieved from /home/airflow/.local/lib/python3.7/site-packages/airflow/example_dags/example_sla_dag.py
[2024-11-09T17:30:13.749+0000] {logging_mixin.py:137} INFO - [2024-11-09T17:30:13.749+0000] {dag.py:2690} INFO - Sync 1 DAGs
[2024-11-09T17:30:13.774+0000] {logging_mixin.py:137} INFO - [2024-11-09T17:30:13.774+0000] {dag.py:3441} INFO - Setting next_dagrun for example_sla_dag to 2024-11-09T17:28:00+00:00, run_after=2024-11-09T17:30:00+00:00
[2024-11-09T17:30:13.793+0000] {processor.py:175} INFO - Processing /home/airflow/.local/lib/python3.7/site-packages/airflow/example_dags/example_sla_dag.py took 0.119 seconds
[2024-11-09T17:30:44.586+0000] {processor.py:153} INFO - Started process (PID=124) to work on /home/airflow/.local/lib/python3.7/site-packages/airflow/example_dags/example_sla_dag.py
[2024-11-09T17:30:44.591+0000] {processor.py:743} INFO - Processing file /home/airflow/.local/lib/python3.7/site-packages/airflow/example_dags/example_sla_dag.py for tasks to queue
[2024-11-09T17:30:44.593+0000] {logging_mixin.py:137} INFO - [2024-11-09T17:30:44.593+0000] {dagbag.py:538} INFO - Filling up the DagBag from /home/airflow/.local/lib/python3.7/site-packages/airflow/example_dags/example_sla_dag.py
[2024-11-09T17:30:44.635+0000] {processor.py:753} INFO - DAG(s) dict_keys(['example_sla_dag']) retrieved from /home/airflow/.local/lib/python3.7/site-packages/airflow/example_dags/example_sla_dag.py
[2024-11-09T17:30:44.653+0000] {logging_mixin.py:137} INFO - [2024-11-09T17:30:44.653+0000] {dag.py:2690} INFO - Sync 1 DAGs
[2024-11-09T17:30:44.671+0000] {logging_mixin.py:137} INFO - [2024-11-09T17:30:44.671+0000] {dag.py:3441} INFO - Setting next_dagrun for example_sla_dag to 2024-11-09T17:28:00+00:00, run_after=2024-11-09T17:30:00+00:00
[2024-11-09T17:30:44.681+0000] {processor.py:175} INFO - Processing /home/airflow/.local/lib/python3.7/site-packages/airflow/example_dags/example_sla_dag.py took 0.100 seconds
[2024-11-09T17:31:15.280+0000] {processor.py:153} INFO - Started process (PID=195) to work on /home/airflow/.local/lib/python3.7/site-packages/airflow/example_dags/example_sla_dag.py
[2024-11-09T17:31:15.283+0000] {processor.py:743} INFO - Processing file /home/airflow/.local/lib/python3.7/site-packages/airflow/example_dags/example_sla_dag.py for tasks to queue
[2024-11-09T17:31:15.284+0000] {logging_mixin.py:137} INFO - [2024-11-09T17:31:15.284+0000] {dagbag.py:538} INFO - Filling up the DagBag from /home/airflow/.local/lib/python3.7/site-packages/airflow/example_dags/example_sla_dag.py
[2024-11-09T17:31:15.309+0000] {processor.py:753} INFO - DAG(s) dict_keys(['example_sla_dag']) retrieved from /home/airflow/.local/lib/python3.7/site-packages/airflow/example_dags/example_sla_dag.py
[2024-11-09T17:31:15.330+0000] {logging_mixin.py:137} INFO - [2024-11-09T17:31:15.330+0000] {dag.py:2690} INFO - Sync 1 DAGs
[2024-11-09T17:31:15.347+0000] {logging_mixin.py:137} INFO - [2024-11-09T17:31:15.347+0000] {dag.py:3441} INFO - Setting next_dagrun for example_sla_dag to 2024-11-09T17:28:00+00:00, run_after=2024-11-09T17:30:00+00:00
[2024-11-09T17:31:15.357+0000] {processor.py:175} INFO - Processing /home/airflow/.local/lib/python3.7/site-packages/airflow/example_dags/example_sla_dag.py took 0.083 seconds
[2024-11-09T17:31:45.869+0000] {processor.py:153} INFO - Started process (PID=282) to work on /home/airflow/.local/lib/python3.7/site-packages/airflow/example_dags/example_sla_dag.py
[2024-11-09T17:31:45.872+0000] {processor.py:743} INFO - Processing file /home/airflow/.local/lib/python3.7/site-packages/airflow/example_dags/example_sla_dag.py for tasks to queue
[2024-11-09T17:31:45.874+0000] {logging_mixin.py:137} INFO - [2024-11-09T17:31:45.873+0000] {dagbag.py:538} INFO - Filling up the DagBag from /home/airflow/.local/lib/python3.7/site-packages/airflow/example_dags/example_sla_dag.py
[2024-11-09T17:31:45.911+0000] {processor.py:753} INFO - DAG(s) dict_keys(['example_sla_dag']) retrieved from /home/airflow/.local/lib/python3.7/site-packages/airflow/example_dags/example_sla_dag.py
[2024-11-09T17:31:45.929+0000] {logging_mixin.py:137} INFO - [2024-11-09T17:31:45.929+0000] {dag.py:2690} INFO - Sync 1 DAGs
[2024-11-09T17:31:45.947+0000] {logging_mixin.py:137} INFO - [2024-11-09T17:31:45.947+0000] {dag.py:3441} INFO - Setting next_dagrun for example_sla_dag to 2024-11-09T17:28:00+00:00, run_after=2024-11-09T17:30:00+00:00
[2024-11-09T17:31:45.957+0000] {processor.py:175} INFO - Processing /home/airflow/.local/lib/python3.7/site-packages/airflow/example_dags/example_sla_dag.py took 0.096 seconds
[2024-11-09T17:32:16.507+0000] {processor.py:153} INFO - Started process (PID=369) to work on /home/airflow/.local/lib/python3.7/site-packages/airflow/example_dags/example_sla_dag.py
[2024-11-09T17:32:16.509+0000] {processor.py:743} INFO - Processing file /home/airflow/.local/lib/python3.7/site-packages/airflow/example_dags/example_sla_dag.py for tasks to queue
[2024-11-09T17:32:16.510+0000] {logging_mixin.py:137} INFO - [2024-11-09T17:32:16.510+0000] {dagbag.py:538} INFO - Filling up the DagBag from /home/airflow/.local/lib/python3.7/site-packages/airflow/example_dags/example_sla_dag.py
[2024-11-09T17:32:16.533+0000] {processor.py:753} INFO - DAG(s) dict_keys(['example_sla_dag']) retrieved from /home/airflow/.local/lib/python3.7/site-packages/airflow/example_dags/example_sla_dag.py
[2024-11-09T17:32:16.551+0000] {logging_mixin.py:137} INFO - [2024-11-09T17:32:16.551+0000] {dag.py:2690} INFO - Sync 1 DAGs
[2024-11-09T17:32:16.576+0000] {logging_mixin.py:137} INFO - [2024-11-09T17:32:16.576+0000] {dag.py:3441} INFO - Setting next_dagrun for example_sla_dag to 2024-11-09T17:30:00+00:00, run_after=2024-11-09T17:32:00+00:00
[2024-11-09T17:32:16.587+0000] {processor.py:175} INFO - Processing /home/airflow/.local/lib/python3.7/site-packages/airflow/example_dags/example_sla_dag.py took 0.085 seconds
[2024-11-09T17:32:47.161+0000] {processor.py:153} INFO - Started process (PID=440) to work on /home/airflow/.local/lib/python3.7/site-packages/airflow/example_dags/example_sla_dag.py
[2024-11-09T17:32:47.163+0000] {processor.py:743} INFO - Processing file /home/airflow/.local/lib/python3.7/site-packages/airflow/example_dags/example_sla_dag.py for tasks to queue
[2024-11-09T17:32:47.165+0000] {logging_mixin.py:137} INFO - [2024-11-09T17:32:47.165+0000] {dagbag.py:538} INFO - Filling up the DagBag from /home/airflow/.local/lib/python3.7/site-packages/airflow/example_dags/example_sla_dag.py
[2024-11-09T17:32:47.198+0000] {processor.py:753} INFO - DAG(s) dict_keys(['example_sla_dag']) retrieved from /home/airflow/.local/lib/python3.7/site-packages/airflow/example_dags/example_sla_dag.py
[2024-11-09T17:32:47.226+0000] {logging_mixin.py:137} INFO - [2024-11-09T17:32:47.226+0000] {dag.py:2690} INFO - Sync 1 DAGs
[2024-11-09T17:32:47.247+0000] {logging_mixin.py:137} INFO - [2024-11-09T17:32:47.247+0000] {dag.py:3441} INFO - Setting next_dagrun for example_sla_dag to 2024-11-09T17:30:00+00:00, run_after=2024-11-09T17:32:00+00:00
[2024-11-09T17:32:47.259+0000] {processor.py:175} INFO - Processing /home/airflow/.local/lib/python3.7/site-packages/airflow/example_dags/example_sla_dag.py took 0.102 seconds
