[2024-11-09T17:10:06.023+0000] {processor.py:153} INFO - Started process (PID=61) to work on /home/airflow/.local/lib/python3.7/site-packages/airflow/example_dags/example_kubernetes_executor.py
[2024-11-09T17:10:06.025+0000] {processor.py:743} INFO - Processing file /home/airflow/.local/lib/python3.7/site-packages/airflow/example_dags/example_kubernetes_executor.py for tasks to queue
[2024-11-09T17:10:06.026+0000] {logging_mixin.py:137} INFO - [2024-11-09T17:10:06.026+0000] {dagbag.py:538} INFO - Filling up the DagBag from /home/airflow/.local/lib/python3.7/site-packages/airflow/example_dags/example_kubernetes_executor.py
[2024-11-09T17:10:06.044+0000] {processor.py:753} INFO - DAG(s) dict_keys(['example_kubernetes_executor']) retrieved from /home/airflow/.local/lib/python3.7/site-packages/airflow/example_dags/example_kubernetes_executor.py
[2024-11-09T17:10:06.053+0000] {logging_mixin.py:137} INFO - [2024-11-09T17:10:06.053+0000] {dag.py:2690} INFO - Sync 1 DAGs
[2024-11-09T17:10:06.074+0000] {logging_mixin.py:137} INFO - [2024-11-09T17:10:06.074+0000] {dag.py:3441} INFO - Setting next_dagrun for example_kubernetes_executor to None, run_after=None
[2024-11-09T17:10:06.092+0000] {processor.py:175} INFO - Processing /home/airflow/.local/lib/python3.7/site-packages/airflow/example_dags/example_kubernetes_executor.py took 0.071 seconds
[2024-11-09T17:10:36.815+0000] {processor.py:153} INFO - Started process (PID=147) to work on /home/airflow/.local/lib/python3.7/site-packages/airflow/example_dags/example_kubernetes_executor.py
[2024-11-09T17:10:36.815+0000] {processor.py:743} INFO - Processing file /home/airflow/.local/lib/python3.7/site-packages/airflow/example_dags/example_kubernetes_executor.py for tasks to queue
[2024-11-09T17:10:36.816+0000] {logging_mixin.py:137} INFO - [2024-11-09T17:10:36.816+0000] {dagbag.py:538} INFO - Filling up the DagBag from /home/airflow/.local/lib/python3.7/site-packages/airflow/example_dags/example_kubernetes_executor.py
[2024-11-09T17:10:36.832+0000] {processor.py:753} INFO - DAG(s) dict_keys(['example_kubernetes_executor']) retrieved from /home/airflow/.local/lib/python3.7/site-packages/airflow/example_dags/example_kubernetes_executor.py
[2024-11-09T17:10:36.849+0000] {logging_mixin.py:137} INFO - [2024-11-09T17:10:36.849+0000] {dag.py:2690} INFO - Sync 1 DAGs
[2024-11-09T17:10:36.861+0000] {logging_mixin.py:137} INFO - [2024-11-09T17:10:36.860+0000] {dag.py:3441} INFO - Setting next_dagrun for example_kubernetes_executor to None, run_after=None
[2024-11-09T17:10:36.871+0000] {processor.py:175} INFO - Processing /home/airflow/.local/lib/python3.7/site-packages/airflow/example_dags/example_kubernetes_executor.py took 0.058 seconds
[2024-11-09T17:11:07.470+0000] {processor.py:153} INFO - Started process (PID=217) to work on /home/airflow/.local/lib/python3.7/site-packages/airflow/example_dags/example_kubernetes_executor.py
[2024-11-09T17:11:07.470+0000] {processor.py:743} INFO - Processing file /home/airflow/.local/lib/python3.7/site-packages/airflow/example_dags/example_kubernetes_executor.py for tasks to queue
[2024-11-09T17:11:07.471+0000] {logging_mixin.py:137} INFO - [2024-11-09T17:11:07.471+0000] {dagbag.py:538} INFO - Filling up the DagBag from /home/airflow/.local/lib/python3.7/site-packages/airflow/example_dags/example_kubernetes_executor.py
[2024-11-09T17:11:07.486+0000] {processor.py:753} INFO - DAG(s) dict_keys(['example_kubernetes_executor']) retrieved from /home/airflow/.local/lib/python3.7/site-packages/airflow/example_dags/example_kubernetes_executor.py
[2024-11-09T17:11:07.500+0000] {logging_mixin.py:137} INFO - [2024-11-09T17:11:07.500+0000] {dag.py:2690} INFO - Sync 1 DAGs
[2024-11-09T17:11:07.511+0000] {logging_mixin.py:137} INFO - [2024-11-09T17:11:07.511+0000] {dag.py:3441} INFO - Setting next_dagrun for example_kubernetes_executor to None, run_after=None
[2024-11-09T17:11:07.519+0000] {processor.py:175} INFO - Processing /home/airflow/.local/lib/python3.7/site-packages/airflow/example_dags/example_kubernetes_executor.py took 0.051 seconds
[2024-11-09T17:11:38.350+0000] {processor.py:153} INFO - Started process (PID=305) to work on /home/airflow/.local/lib/python3.7/site-packages/airflow/example_dags/example_kubernetes_executor.py
[2024-11-09T17:11:38.352+0000] {processor.py:743} INFO - Processing file /home/airflow/.local/lib/python3.7/site-packages/airflow/example_dags/example_kubernetes_executor.py for tasks to queue
[2024-11-09T17:11:38.353+0000] {logging_mixin.py:137} INFO - [2024-11-09T17:11:38.353+0000] {dagbag.py:538} INFO - Filling up the DagBag from /home/airflow/.local/lib/python3.7/site-packages/airflow/example_dags/example_kubernetes_executor.py
[2024-11-09T17:11:38.371+0000] {processor.py:753} INFO - DAG(s) dict_keys(['example_kubernetes_executor']) retrieved from /home/airflow/.local/lib/python3.7/site-packages/airflow/example_dags/example_kubernetes_executor.py
[2024-11-09T17:11:38.391+0000] {logging_mixin.py:137} INFO - [2024-11-09T17:11:38.391+0000] {dag.py:2690} INFO - Sync 1 DAGs
[2024-11-09T17:11:38.406+0000] {logging_mixin.py:137} INFO - [2024-11-09T17:11:38.406+0000] {dag.py:3441} INFO - Setting next_dagrun for example_kubernetes_executor to None, run_after=None
[2024-11-09T17:11:38.421+0000] {processor.py:175} INFO - Processing /home/airflow/.local/lib/python3.7/site-packages/airflow/example_dags/example_kubernetes_executor.py took 0.073 seconds
[2024-11-09T17:12:09.024+0000] {processor.py:153} INFO - Started process (PID=392) to work on /home/airflow/.local/lib/python3.7/site-packages/airflow/example_dags/example_kubernetes_executor.py
[2024-11-09T17:12:09.024+0000] {processor.py:743} INFO - Processing file /home/airflow/.local/lib/python3.7/site-packages/airflow/example_dags/example_kubernetes_executor.py for tasks to queue
[2024-11-09T17:12:09.025+0000] {logging_mixin.py:137} INFO - [2024-11-09T17:12:09.025+0000] {dagbag.py:538} INFO - Filling up the DagBag from /home/airflow/.local/lib/python3.7/site-packages/airflow/example_dags/example_kubernetes_executor.py
[2024-11-09T17:12:09.041+0000] {processor.py:753} INFO - DAG(s) dict_keys(['example_kubernetes_executor']) retrieved from /home/airflow/.local/lib/python3.7/site-packages/airflow/example_dags/example_kubernetes_executor.py
[2024-11-09T17:12:09.058+0000] {logging_mixin.py:137} INFO - [2024-11-09T17:12:09.058+0000] {dag.py:2690} INFO - Sync 1 DAGs
[2024-11-09T17:12:09.070+0000] {logging_mixin.py:137} INFO - [2024-11-09T17:12:09.070+0000] {dag.py:3441} INFO - Setting next_dagrun for example_kubernetes_executor to None, run_after=None
[2024-11-09T17:12:09.082+0000] {processor.py:175} INFO - Processing /home/airflow/.local/lib/python3.7/site-packages/airflow/example_dags/example_kubernetes_executor.py took 0.060 seconds
[2024-11-09T17:12:39.658+0000] {processor.py:153} INFO - Started process (PID=479) to work on /home/airflow/.local/lib/python3.7/site-packages/airflow/example_dags/example_kubernetes_executor.py
[2024-11-09T17:12:39.659+0000] {processor.py:743} INFO - Processing file /home/airflow/.local/lib/python3.7/site-packages/airflow/example_dags/example_kubernetes_executor.py for tasks to queue
[2024-11-09T17:12:39.659+0000] {logging_mixin.py:137} INFO - [2024-11-09T17:12:39.659+0000] {dagbag.py:538} INFO - Filling up the DagBag from /home/airflow/.local/lib/python3.7/site-packages/airflow/example_dags/example_kubernetes_executor.py
[2024-11-09T17:12:39.673+0000] {processor.py:753} INFO - DAG(s) dict_keys(['example_kubernetes_executor']) retrieved from /home/airflow/.local/lib/python3.7/site-packages/airflow/example_dags/example_kubernetes_executor.py
[2024-11-09T17:12:39.689+0000] {logging_mixin.py:137} INFO - [2024-11-09T17:12:39.689+0000] {dag.py:2690} INFO - Sync 1 DAGs
[2024-11-09T17:12:39.701+0000] {logging_mixin.py:137} INFO - [2024-11-09T17:12:39.701+0000] {dag.py:3441} INFO - Setting next_dagrun for example_kubernetes_executor to None, run_after=None
[2024-11-09T17:12:39.712+0000] {processor.py:175} INFO - Processing /home/airflow/.local/lib/python3.7/site-packages/airflow/example_dags/example_kubernetes_executor.py took 0.056 seconds
[2024-11-09T17:13:10.291+0000] {processor.py:153} INFO - Started process (PID=550) to work on /home/airflow/.local/lib/python3.7/site-packages/airflow/example_dags/example_kubernetes_executor.py
[2024-11-09T17:13:10.294+0000] {processor.py:743} INFO - Processing file /home/airflow/.local/lib/python3.7/site-packages/airflow/example_dags/example_kubernetes_executor.py for tasks to queue
[2024-11-09T17:13:10.294+0000] {logging_mixin.py:137} INFO - [2024-11-09T17:13:10.294+0000] {dagbag.py:538} INFO - Filling up the DagBag from /home/airflow/.local/lib/python3.7/site-packages/airflow/example_dags/example_kubernetes_executor.py
[2024-11-09T17:13:10.311+0000] {processor.py:753} INFO - DAG(s) dict_keys(['example_kubernetes_executor']) retrieved from /home/airflow/.local/lib/python3.7/site-packages/airflow/example_dags/example_kubernetes_executor.py
[2024-11-09T17:13:10.326+0000] {logging_mixin.py:137} INFO - [2024-11-09T17:13:10.326+0000] {dag.py:2690} INFO - Sync 1 DAGs
[2024-11-09T17:13:10.338+0000] {logging_mixin.py:137} INFO - [2024-11-09T17:13:10.338+0000] {dag.py:3441} INFO - Setting next_dagrun for example_kubernetes_executor to None, run_after=None
[2024-11-09T17:13:10.352+0000] {processor.py:175} INFO - Processing /home/airflow/.local/lib/python3.7/site-packages/airflow/example_dags/example_kubernetes_executor.py took 0.063 seconds
[2024-11-09T17:13:42.211+0000] {processor.py:153} INFO - Started process (PID=637) to work on /home/airflow/.local/lib/python3.7/site-packages/airflow/example_dags/example_kubernetes_executor.py
[2024-11-09T17:13:42.212+0000] {processor.py:743} INFO - Processing file /home/airflow/.local/lib/python3.7/site-packages/airflow/example_dags/example_kubernetes_executor.py for tasks to queue
[2024-11-09T17:13:42.212+0000] {logging_mixin.py:137} INFO - [2024-11-09T17:13:42.212+0000] {dagbag.py:538} INFO - Filling up the DagBag from /home/airflow/.local/lib/python3.7/site-packages/airflow/example_dags/example_kubernetes_executor.py
[2024-11-09T17:13:42.235+0000] {processor.py:753} INFO - DAG(s) dict_keys(['example_kubernetes_executor']) retrieved from /home/airflow/.local/lib/python3.7/site-packages/airflow/example_dags/example_kubernetes_executor.py
[2024-11-09T17:13:42.262+0000] {logging_mixin.py:137} INFO - [2024-11-09T17:13:42.262+0000] {dag.py:2690} INFO - Sync 1 DAGs
[2024-11-09T17:13:42.281+0000] {logging_mixin.py:137} INFO - [2024-11-09T17:13:42.281+0000] {dag.py:3441} INFO - Setting next_dagrun for example_kubernetes_executor to None, run_after=None
[2024-11-09T17:13:42.300+0000] {processor.py:175} INFO - Processing /home/airflow/.local/lib/python3.7/site-packages/airflow/example_dags/example_kubernetes_executor.py took 0.092 seconds
[2024-11-09T17:14:12.357+0000] {processor.py:153} INFO - Started process (PID=724) to work on /home/airflow/.local/lib/python3.7/site-packages/airflow/example_dags/example_kubernetes_executor.py
[2024-11-09T17:14:12.358+0000] {processor.py:743} INFO - Processing file /home/airflow/.local/lib/python3.7/site-packages/airflow/example_dags/example_kubernetes_executor.py for tasks to queue
[2024-11-09T17:14:12.359+0000] {logging_mixin.py:137} INFO - [2024-11-09T17:14:12.359+0000] {dagbag.py:538} INFO - Filling up the DagBag from /home/airflow/.local/lib/python3.7/site-packages/airflow/example_dags/example_kubernetes_executor.py
[2024-11-09T17:14:12.377+0000] {processor.py:753} INFO - DAG(s) dict_keys(['example_kubernetes_executor']) retrieved from /home/airflow/.local/lib/python3.7/site-packages/airflow/example_dags/example_kubernetes_executor.py
[2024-11-09T17:14:12.398+0000] {logging_mixin.py:137} INFO - [2024-11-09T17:14:12.398+0000] {dag.py:2690} INFO - Sync 1 DAGs
[2024-11-09T17:14:12.413+0000] {logging_mixin.py:137} INFO - [2024-11-09T17:14:12.413+0000] {dag.py:3441} INFO - Setting next_dagrun for example_kubernetes_executor to None, run_after=None
[2024-11-09T17:14:12.423+0000] {processor.py:175} INFO - Processing /home/airflow/.local/lib/python3.7/site-packages/airflow/example_dags/example_kubernetes_executor.py took 0.068 seconds
[2024-11-09T17:14:43.186+0000] {processor.py:153} INFO - Started process (PID=795) to work on /home/airflow/.local/lib/python3.7/site-packages/airflow/example_dags/example_kubernetes_executor.py
[2024-11-09T17:14:43.188+0000] {processor.py:743} INFO - Processing file /home/airflow/.local/lib/python3.7/site-packages/airflow/example_dags/example_kubernetes_executor.py for tasks to queue
[2024-11-09T17:14:43.189+0000] {logging_mixin.py:137} INFO - [2024-11-09T17:14:43.189+0000] {dagbag.py:538} INFO - Filling up the DagBag from /home/airflow/.local/lib/python3.7/site-packages/airflow/example_dags/example_kubernetes_executor.py
[2024-11-09T17:14:43.209+0000] {processor.py:753} INFO - DAG(s) dict_keys(['example_kubernetes_executor']) retrieved from /home/airflow/.local/lib/python3.7/site-packages/airflow/example_dags/example_kubernetes_executor.py
[2024-11-09T17:14:43.226+0000] {logging_mixin.py:137} INFO - [2024-11-09T17:14:43.226+0000] {dag.py:2690} INFO - Sync 1 DAGs
[2024-11-09T17:14:43.242+0000] {logging_mixin.py:137} INFO - [2024-11-09T17:14:43.241+0000] {dag.py:3441} INFO - Setting next_dagrun for example_kubernetes_executor to None, run_after=None
[2024-11-09T17:14:43.253+0000] {processor.py:175} INFO - Processing /home/airflow/.local/lib/python3.7/site-packages/airflow/example_dags/example_kubernetes_executor.py took 0.069 seconds
[2024-11-09T17:15:13.966+0000] {processor.py:153} INFO - Started process (PID=882) to work on /home/airflow/.local/lib/python3.7/site-packages/airflow/example_dags/example_kubernetes_executor.py
[2024-11-09T17:15:13.967+0000] {processor.py:743} INFO - Processing file /home/airflow/.local/lib/python3.7/site-packages/airflow/example_dags/example_kubernetes_executor.py for tasks to queue
[2024-11-09T17:15:13.967+0000] {logging_mixin.py:137} INFO - [2024-11-09T17:15:13.967+0000] {dagbag.py:538} INFO - Filling up the DagBag from /home/airflow/.local/lib/python3.7/site-packages/airflow/example_dags/example_kubernetes_executor.py
[2024-11-09T17:15:13.985+0000] {processor.py:753} INFO - DAG(s) dict_keys(['example_kubernetes_executor']) retrieved from /home/airflow/.local/lib/python3.7/site-packages/airflow/example_dags/example_kubernetes_executor.py
[2024-11-09T17:15:14.002+0000] {logging_mixin.py:137} INFO - [2024-11-09T17:15:14.002+0000] {dag.py:2690} INFO - Sync 1 DAGs
[2024-11-09T17:15:14.018+0000] {logging_mixin.py:137} INFO - [2024-11-09T17:15:14.018+0000] {dag.py:3441} INFO - Setting next_dagrun for example_kubernetes_executor to None, run_after=None
[2024-11-09T17:15:14.034+0000] {processor.py:175} INFO - Processing /home/airflow/.local/lib/python3.7/site-packages/airflow/example_dags/example_kubernetes_executor.py took 0.070 seconds
[2024-11-09T17:15:44.908+0000] {processor.py:153} INFO - Started process (PID=969) to work on /home/airflow/.local/lib/python3.7/site-packages/airflow/example_dags/example_kubernetes_executor.py
[2024-11-09T17:15:44.909+0000] {processor.py:743} INFO - Processing file /home/airflow/.local/lib/python3.7/site-packages/airflow/example_dags/example_kubernetes_executor.py for tasks to queue
[2024-11-09T17:15:44.911+0000] {logging_mixin.py:137} INFO - [2024-11-09T17:15:44.911+0000] {dagbag.py:538} INFO - Filling up the DagBag from /home/airflow/.local/lib/python3.7/site-packages/airflow/example_dags/example_kubernetes_executor.py
[2024-11-09T17:15:44.929+0000] {processor.py:753} INFO - DAG(s) dict_keys(['example_kubernetes_executor']) retrieved from /home/airflow/.local/lib/python3.7/site-packages/airflow/example_dags/example_kubernetes_executor.py
[2024-11-09T17:15:44.947+0000] {logging_mixin.py:137} INFO - [2024-11-09T17:15:44.947+0000] {dag.py:2690} INFO - Sync 1 DAGs
[2024-11-09T17:15:44.961+0000] {logging_mixin.py:137} INFO - [2024-11-09T17:15:44.961+0000] {dag.py:3441} INFO - Setting next_dagrun for example_kubernetes_executor to None, run_after=None
[2024-11-09T17:15:44.972+0000] {processor.py:175} INFO - Processing /home/airflow/.local/lib/python3.7/site-packages/airflow/example_dags/example_kubernetes_executor.py took 0.065 seconds
[2024-11-09T17:16:15.659+0000] {processor.py:153} INFO - Started process (PID=1047) to work on /home/airflow/.local/lib/python3.7/site-packages/airflow/example_dags/example_kubernetes_executor.py
[2024-11-09T17:16:15.660+0000] {processor.py:743} INFO - Processing file /home/airflow/.local/lib/python3.7/site-packages/airflow/example_dags/example_kubernetes_executor.py for tasks to queue
[2024-11-09T17:16:15.661+0000] {logging_mixin.py:137} INFO - [2024-11-09T17:16:15.661+0000] {dagbag.py:538} INFO - Filling up the DagBag from /home/airflow/.local/lib/python3.7/site-packages/airflow/example_dags/example_kubernetes_executor.py
[2024-11-09T17:16:15.680+0000] {processor.py:753} INFO - DAG(s) dict_keys(['example_kubernetes_executor']) retrieved from /home/airflow/.local/lib/python3.7/site-packages/airflow/example_dags/example_kubernetes_executor.py
[2024-11-09T17:16:15.703+0000] {logging_mixin.py:137} INFO - [2024-11-09T17:16:15.703+0000] {dag.py:2690} INFO - Sync 1 DAGs
[2024-11-09T17:16:15.718+0000] {logging_mixin.py:137} INFO - [2024-11-09T17:16:15.718+0000] {dag.py:3441} INFO - Setting next_dagrun for example_kubernetes_executor to None, run_after=None
[2024-11-09T17:16:15.733+0000] {processor.py:175} INFO - Processing /home/airflow/.local/lib/python3.7/site-packages/airflow/example_dags/example_kubernetes_executor.py took 0.076 seconds
[2024-11-09T17:16:46.872+0000] {processor.py:153} INFO - Started process (PID=1126) to work on /home/airflow/.local/lib/python3.7/site-packages/airflow/example_dags/example_kubernetes_executor.py
[2024-11-09T17:16:46.873+0000] {processor.py:743} INFO - Processing file /home/airflow/.local/lib/python3.7/site-packages/airflow/example_dags/example_kubernetes_executor.py for tasks to queue
[2024-11-09T17:16:46.874+0000] {logging_mixin.py:137} INFO - [2024-11-09T17:16:46.874+0000] {dagbag.py:538} INFO - Filling up the DagBag from /home/airflow/.local/lib/python3.7/site-packages/airflow/example_dags/example_kubernetes_executor.py
[2024-11-09T17:16:46.895+0000] {processor.py:753} INFO - DAG(s) dict_keys(['example_kubernetes_executor']) retrieved from /home/airflow/.local/lib/python3.7/site-packages/airflow/example_dags/example_kubernetes_executor.py
[2024-11-09T17:16:46.913+0000] {logging_mixin.py:137} INFO - [2024-11-09T17:16:46.913+0000] {dag.py:2690} INFO - Sync 1 DAGs
[2024-11-09T17:16:46.929+0000] {logging_mixin.py:137} INFO - [2024-11-09T17:16:46.929+0000] {dag.py:3441} INFO - Setting next_dagrun for example_kubernetes_executor to None, run_after=None
[2024-11-09T17:16:46.942+0000] {processor.py:175} INFO - Processing /home/airflow/.local/lib/python3.7/site-packages/airflow/example_dags/example_kubernetes_executor.py took 0.072 seconds
[2024-11-09T17:17:17.697+0000] {processor.py:153} INFO - Started process (PID=1213) to work on /home/airflow/.local/lib/python3.7/site-packages/airflow/example_dags/example_kubernetes_executor.py
[2024-11-09T17:17:17.698+0000] {processor.py:743} INFO - Processing file /home/airflow/.local/lib/python3.7/site-packages/airflow/example_dags/example_kubernetes_executor.py for tasks to queue
[2024-11-09T17:17:17.698+0000] {logging_mixin.py:137} INFO - [2024-11-09T17:17:17.698+0000] {dagbag.py:538} INFO - Filling up the DagBag from /home/airflow/.local/lib/python3.7/site-packages/airflow/example_dags/example_kubernetes_executor.py
[2024-11-09T17:17:17.715+0000] {processor.py:753} INFO - DAG(s) dict_keys(['example_kubernetes_executor']) retrieved from /home/airflow/.local/lib/python3.7/site-packages/airflow/example_dags/example_kubernetes_executor.py
[2024-11-09T17:17:17.737+0000] {logging_mixin.py:137} INFO - [2024-11-09T17:17:17.736+0000] {dag.py:2690} INFO - Sync 1 DAGs
[2024-11-09T17:17:17.750+0000] {logging_mixin.py:137} INFO - [2024-11-09T17:17:17.750+0000] {dag.py:3441} INFO - Setting next_dagrun for example_kubernetes_executor to None, run_after=None
[2024-11-09T17:17:17.761+0000] {processor.py:175} INFO - Processing /home/airflow/.local/lib/python3.7/site-packages/airflow/example_dags/example_kubernetes_executor.py took 0.066 seconds
[2024-11-09T17:17:48.533+0000] {processor.py:153} INFO - Started process (PID=1300) to work on /home/airflow/.local/lib/python3.7/site-packages/airflow/example_dags/example_kubernetes_executor.py
[2024-11-09T17:17:48.534+0000] {processor.py:743} INFO - Processing file /home/airflow/.local/lib/python3.7/site-packages/airflow/example_dags/example_kubernetes_executor.py for tasks to queue
[2024-11-09T17:17:48.534+0000] {logging_mixin.py:137} INFO - [2024-11-09T17:17:48.534+0000] {dagbag.py:538} INFO - Filling up the DagBag from /home/airflow/.local/lib/python3.7/site-packages/airflow/example_dags/example_kubernetes_executor.py
[2024-11-09T17:17:48.555+0000] {processor.py:753} INFO - DAG(s) dict_keys(['example_kubernetes_executor']) retrieved from /home/airflow/.local/lib/python3.7/site-packages/airflow/example_dags/example_kubernetes_executor.py
[2024-11-09T17:17:48.576+0000] {logging_mixin.py:137} INFO - [2024-11-09T17:17:48.576+0000] {dag.py:2690} INFO - Sync 1 DAGs
[2024-11-09T17:17:48.591+0000] {logging_mixin.py:137} INFO - [2024-11-09T17:17:48.591+0000] {dag.py:3441} INFO - Setting next_dagrun for example_kubernetes_executor to None, run_after=None
[2024-11-09T17:17:48.601+0000] {processor.py:175} INFO - Processing /home/airflow/.local/lib/python3.7/site-packages/airflow/example_dags/example_kubernetes_executor.py took 0.069 seconds
[2024-11-09T17:18:19.241+0000] {processor.py:153} INFO - Started process (PID=1371) to work on /home/airflow/.local/lib/python3.7/site-packages/airflow/example_dags/example_kubernetes_executor.py
[2024-11-09T17:18:19.242+0000] {processor.py:743} INFO - Processing file /home/airflow/.local/lib/python3.7/site-packages/airflow/example_dags/example_kubernetes_executor.py for tasks to queue
[2024-11-09T17:18:19.244+0000] {logging_mixin.py:137} INFO - [2024-11-09T17:18:19.244+0000] {dagbag.py:538} INFO - Filling up the DagBag from /home/airflow/.local/lib/python3.7/site-packages/airflow/example_dags/example_kubernetes_executor.py
[2024-11-09T17:18:19.261+0000] {processor.py:753} INFO - DAG(s) dict_keys(['example_kubernetes_executor']) retrieved from /home/airflow/.local/lib/python3.7/site-packages/airflow/example_dags/example_kubernetes_executor.py
[2024-11-09T17:18:19.289+0000] {logging_mixin.py:137} INFO - [2024-11-09T17:18:19.289+0000] {dag.py:2690} INFO - Sync 1 DAGs
[2024-11-09T17:18:19.327+0000] {logging_mixin.py:137} INFO - [2024-11-09T17:18:19.327+0000] {dag.py:3441} INFO - Setting next_dagrun for example_kubernetes_executor to None, run_after=None
[2024-11-09T17:18:19.341+0000] {processor.py:175} INFO - Processing /home/airflow/.local/lib/python3.7/site-packages/airflow/example_dags/example_kubernetes_executor.py took 0.103 seconds
[2024-11-09T17:18:50.202+0000] {processor.py:153} INFO - Started process (PID=1458) to work on /home/airflow/.local/lib/python3.7/site-packages/airflow/example_dags/example_kubernetes_executor.py
[2024-11-09T17:18:50.206+0000] {processor.py:743} INFO - Processing file /home/airflow/.local/lib/python3.7/site-packages/airflow/example_dags/example_kubernetes_executor.py for tasks to queue
[2024-11-09T17:18:50.208+0000] {logging_mixin.py:137} INFO - [2024-11-09T17:18:50.207+0000] {dagbag.py:538} INFO - Filling up the DagBag from /home/airflow/.local/lib/python3.7/site-packages/airflow/example_dags/example_kubernetes_executor.py
[2024-11-09T17:18:50.227+0000] {processor.py:753} INFO - DAG(s) dict_keys(['example_kubernetes_executor']) retrieved from /home/airflow/.local/lib/python3.7/site-packages/airflow/example_dags/example_kubernetes_executor.py
[2024-11-09T17:18:50.248+0000] {logging_mixin.py:137} INFO - [2024-11-09T17:18:50.248+0000] {dag.py:2690} INFO - Sync 1 DAGs
[2024-11-09T17:18:50.266+0000] {logging_mixin.py:137} INFO - [2024-11-09T17:18:50.266+0000] {dag.py:3441} INFO - Setting next_dagrun for example_kubernetes_executor to None, run_after=None
[2024-11-09T17:18:50.277+0000] {processor.py:175} INFO - Processing /home/airflow/.local/lib/python3.7/site-packages/airflow/example_dags/example_kubernetes_executor.py took 0.077 seconds
[2024-11-09T17:19:21.000+0000] {processor.py:153} INFO - Started process (PID=1545) to work on /home/airflow/.local/lib/python3.7/site-packages/airflow/example_dags/example_kubernetes_executor.py
[2024-11-09T17:19:21.002+0000] {processor.py:743} INFO - Processing file /home/airflow/.local/lib/python3.7/site-packages/airflow/example_dags/example_kubernetes_executor.py for tasks to queue
[2024-11-09T17:19:21.004+0000] {logging_mixin.py:137} INFO - [2024-11-09T17:19:21.004+0000] {dagbag.py:538} INFO - Filling up the DagBag from /home/airflow/.local/lib/python3.7/site-packages/airflow/example_dags/example_kubernetes_executor.py
[2024-11-09T17:19:21.027+0000] {processor.py:753} INFO - DAG(s) dict_keys(['example_kubernetes_executor']) retrieved from /home/airflow/.local/lib/python3.7/site-packages/airflow/example_dags/example_kubernetes_executor.py
[2024-11-09T17:19:21.053+0000] {logging_mixin.py:137} INFO - [2024-11-09T17:19:21.053+0000] {dag.py:2690} INFO - Sync 1 DAGs
[2024-11-09T17:19:21.068+0000] {logging_mixin.py:137} INFO - [2024-11-09T17:19:21.067+0000] {dag.py:3441} INFO - Setting next_dagrun for example_kubernetes_executor to None, run_after=None
[2024-11-09T17:19:21.085+0000] {processor.py:175} INFO - Processing /home/airflow/.local/lib/python3.7/site-packages/airflow/example_dags/example_kubernetes_executor.py took 0.086 seconds
[2024-11-09T17:19:52.008+0000] {processor.py:153} INFO - Started process (PID=1625) to work on /home/airflow/.local/lib/python3.7/site-packages/airflow/example_dags/example_kubernetes_executor.py
[2024-11-09T17:19:52.013+0000] {processor.py:743} INFO - Processing file /home/airflow/.local/lib/python3.7/site-packages/airflow/example_dags/example_kubernetes_executor.py for tasks to queue
[2024-11-09T17:19:52.015+0000] {logging_mixin.py:137} INFO - [2024-11-09T17:19:52.015+0000] {dagbag.py:538} INFO - Filling up the DagBag from /home/airflow/.local/lib/python3.7/site-packages/airflow/example_dags/example_kubernetes_executor.py
[2024-11-09T17:19:52.047+0000] {processor.py:753} INFO - DAG(s) dict_keys(['example_kubernetes_executor']) retrieved from /home/airflow/.local/lib/python3.7/site-packages/airflow/example_dags/example_kubernetes_executor.py
[2024-11-09T17:19:52.091+0000] {logging_mixin.py:137} INFO - [2024-11-09T17:19:52.091+0000] {dag.py:2690} INFO - Sync 1 DAGs
[2024-11-09T17:19:52.118+0000] {logging_mixin.py:137} INFO - [2024-11-09T17:19:52.118+0000] {dag.py:3441} INFO - Setting next_dagrun for example_kubernetes_executor to None, run_after=None
[2024-11-09T17:19:52.132+0000] {processor.py:175} INFO - Processing /home/airflow/.local/lib/python3.7/site-packages/airflow/example_dags/example_kubernetes_executor.py took 0.127 seconds
[2024-11-09T17:20:22.946+0000] {processor.py:153} INFO - Started process (PID=1712) to work on /home/airflow/.local/lib/python3.7/site-packages/airflow/example_dags/example_kubernetes_executor.py
[2024-11-09T17:20:22.947+0000] {processor.py:743} INFO - Processing file /home/airflow/.local/lib/python3.7/site-packages/airflow/example_dags/example_kubernetes_executor.py for tasks to queue
[2024-11-09T17:20:22.947+0000] {logging_mixin.py:137} INFO - [2024-11-09T17:20:22.947+0000] {dagbag.py:538} INFO - Filling up the DagBag from /home/airflow/.local/lib/python3.7/site-packages/airflow/example_dags/example_kubernetes_executor.py
[2024-11-09T17:20:22.965+0000] {processor.py:753} INFO - DAG(s) dict_keys(['example_kubernetes_executor']) retrieved from /home/airflow/.local/lib/python3.7/site-packages/airflow/example_dags/example_kubernetes_executor.py
[2024-11-09T17:20:22.982+0000] {logging_mixin.py:137} INFO - [2024-11-09T17:20:22.982+0000] {dag.py:2690} INFO - Sync 1 DAGs
[2024-11-09T17:20:22.997+0000] {logging_mixin.py:137} INFO - [2024-11-09T17:20:22.997+0000] {dag.py:3441} INFO - Setting next_dagrun for example_kubernetes_executor to None, run_after=None
[2024-11-09T17:20:23.007+0000] {processor.py:175} INFO - Processing /home/airflow/.local/lib/python3.7/site-packages/airflow/example_dags/example_kubernetes_executor.py took 0.062 seconds
[2024-11-09T17:20:51.127+0000] {processor.py:153} INFO - Started process (PID=51) to work on /home/airflow/.local/lib/python3.7/site-packages/airflow/example_dags/example_kubernetes_executor.py
[2024-11-09T17:20:51.128+0000] {processor.py:743} INFO - Processing file /home/airflow/.local/lib/python3.7/site-packages/airflow/example_dags/example_kubernetes_executor.py for tasks to queue
[2024-11-09T17:20:51.128+0000] {logging_mixin.py:137} INFO - [2024-11-09T17:20:51.128+0000] {dagbag.py:538} INFO - Filling up the DagBag from /home/airflow/.local/lib/python3.7/site-packages/airflow/example_dags/example_kubernetes_executor.py
[2024-11-09T17:20:51.145+0000] {processor.py:753} INFO - DAG(s) dict_keys(['example_kubernetes_executor']) retrieved from /home/airflow/.local/lib/python3.7/site-packages/airflow/example_dags/example_kubernetes_executor.py
[2024-11-09T17:20:51.153+0000] {logging_mixin.py:137} INFO - [2024-11-09T17:20:51.153+0000] {dag.py:2690} INFO - Sync 1 DAGs
[2024-11-09T17:20:51.177+0000] {logging_mixin.py:137} INFO - [2024-11-09T17:20:51.177+0000] {dag.py:3441} INFO - Setting next_dagrun for example_kubernetes_executor to None, run_after=None
[2024-11-09T17:20:51.200+0000] {processor.py:175} INFO - Processing /home/airflow/.local/lib/python3.7/site-packages/airflow/example_dags/example_kubernetes_executor.py took 0.075 seconds
[2024-11-09T17:21:22.053+0000] {processor.py:153} INFO - Started process (PID=138) to work on /home/airflow/.local/lib/python3.7/site-packages/airflow/example_dags/example_kubernetes_executor.py
[2024-11-09T17:21:22.054+0000] {processor.py:743} INFO - Processing file /home/airflow/.local/lib/python3.7/site-packages/airflow/example_dags/example_kubernetes_executor.py for tasks to queue
[2024-11-09T17:21:22.055+0000] {logging_mixin.py:137} INFO - [2024-11-09T17:21:22.055+0000] {dagbag.py:538} INFO - Filling up the DagBag from /home/airflow/.local/lib/python3.7/site-packages/airflow/example_dags/example_kubernetes_executor.py
[2024-11-09T17:21:22.073+0000] {processor.py:753} INFO - DAG(s) dict_keys(['example_kubernetes_executor']) retrieved from /home/airflow/.local/lib/python3.7/site-packages/airflow/example_dags/example_kubernetes_executor.py
[2024-11-09T17:21:22.095+0000] {logging_mixin.py:137} INFO - [2024-11-09T17:21:22.095+0000] {dag.py:2690} INFO - Sync 1 DAGs
[2024-11-09T17:21:22.107+0000] {logging_mixin.py:137} INFO - [2024-11-09T17:21:22.107+0000] {dag.py:3441} INFO - Setting next_dagrun for example_kubernetes_executor to None, run_after=None
[2024-11-09T17:21:22.124+0000] {processor.py:175} INFO - Processing /home/airflow/.local/lib/python3.7/site-packages/airflow/example_dags/example_kubernetes_executor.py took 0.073 seconds
[2024-11-09T17:21:52.844+0000] {processor.py:153} INFO - Started process (PID=209) to work on /home/airflow/.local/lib/python3.7/site-packages/airflow/example_dags/example_kubernetes_executor.py
[2024-11-09T17:21:52.846+0000] {processor.py:743} INFO - Processing file /home/airflow/.local/lib/python3.7/site-packages/airflow/example_dags/example_kubernetes_executor.py for tasks to queue
[2024-11-09T17:21:52.847+0000] {logging_mixin.py:137} INFO - [2024-11-09T17:21:52.846+0000] {dagbag.py:538} INFO - Filling up the DagBag from /home/airflow/.local/lib/python3.7/site-packages/airflow/example_dags/example_kubernetes_executor.py
[2024-11-09T17:21:52.864+0000] {processor.py:753} INFO - DAG(s) dict_keys(['example_kubernetes_executor']) retrieved from /home/airflow/.local/lib/python3.7/site-packages/airflow/example_dags/example_kubernetes_executor.py
[2024-11-09T17:21:52.884+0000] {logging_mixin.py:137} INFO - [2024-11-09T17:21:52.884+0000] {dag.py:2690} INFO - Sync 1 DAGs
[2024-11-09T17:21:52.898+0000] {logging_mixin.py:137} INFO - [2024-11-09T17:21:52.898+0000] {dag.py:3441} INFO - Setting next_dagrun for example_kubernetes_executor to None, run_after=None
[2024-11-09T17:21:52.910+0000] {processor.py:175} INFO - Processing /home/airflow/.local/lib/python3.7/site-packages/airflow/example_dags/example_kubernetes_executor.py took 0.068 seconds
[2024-11-09T17:22:23.894+0000] {processor.py:153} INFO - Started process (PID=296) to work on /home/airflow/.local/lib/python3.7/site-packages/airflow/example_dags/example_kubernetes_executor.py
[2024-11-09T17:22:23.894+0000] {processor.py:743} INFO - Processing file /home/airflow/.local/lib/python3.7/site-packages/airflow/example_dags/example_kubernetes_executor.py for tasks to queue
[2024-11-09T17:22:23.895+0000] {logging_mixin.py:137} INFO - [2024-11-09T17:22:23.895+0000] {dagbag.py:538} INFO - Filling up the DagBag from /home/airflow/.local/lib/python3.7/site-packages/airflow/example_dags/example_kubernetes_executor.py
[2024-11-09T17:22:23.919+0000] {processor.py:753} INFO - DAG(s) dict_keys(['example_kubernetes_executor']) retrieved from /home/airflow/.local/lib/python3.7/site-packages/airflow/example_dags/example_kubernetes_executor.py
[2024-11-09T17:22:23.938+0000] {logging_mixin.py:137} INFO - [2024-11-09T17:22:23.938+0000] {dag.py:2690} INFO - Sync 1 DAGs
[2024-11-09T17:22:23.956+0000] {logging_mixin.py:137} INFO - [2024-11-09T17:22:23.955+0000] {dag.py:3441} INFO - Setting next_dagrun for example_kubernetes_executor to None, run_after=None
[2024-11-09T17:22:23.968+0000] {processor.py:175} INFO - Processing /home/airflow/.local/lib/python3.7/site-packages/airflow/example_dags/example_kubernetes_executor.py took 0.076 seconds
[2024-11-09T17:22:54.785+0000] {processor.py:153} INFO - Started process (PID=383) to work on /home/airflow/.local/lib/python3.7/site-packages/airflow/example_dags/example_kubernetes_executor.py
[2024-11-09T17:22:54.787+0000] {processor.py:743} INFO - Processing file /home/airflow/.local/lib/python3.7/site-packages/airflow/example_dags/example_kubernetes_executor.py for tasks to queue
[2024-11-09T17:22:54.788+0000] {logging_mixin.py:137} INFO - [2024-11-09T17:22:54.788+0000] {dagbag.py:538} INFO - Filling up the DagBag from /home/airflow/.local/lib/python3.7/site-packages/airflow/example_dags/example_kubernetes_executor.py
[2024-11-09T17:22:54.808+0000] {processor.py:753} INFO - DAG(s) dict_keys(['example_kubernetes_executor']) retrieved from /home/airflow/.local/lib/python3.7/site-packages/airflow/example_dags/example_kubernetes_executor.py
[2024-11-09T17:22:54.829+0000] {logging_mixin.py:137} INFO - [2024-11-09T17:22:54.828+0000] {dag.py:2690} INFO - Sync 1 DAGs
[2024-11-09T17:22:54.843+0000] {logging_mixin.py:137} INFO - [2024-11-09T17:22:54.843+0000] {dag.py:3441} INFO - Setting next_dagrun for example_kubernetes_executor to None, run_after=None
[2024-11-09T17:22:54.855+0000] {processor.py:175} INFO - Processing /home/airflow/.local/lib/python3.7/site-packages/airflow/example_dags/example_kubernetes_executor.py took 0.072 seconds
[2024-11-09T17:23:25.638+0000] {processor.py:153} INFO - Started process (PID=463) to work on /home/airflow/.local/lib/python3.7/site-packages/airflow/example_dags/example_kubernetes_executor.py
[2024-11-09T17:23:25.640+0000] {processor.py:743} INFO - Processing file /home/airflow/.local/lib/python3.7/site-packages/airflow/example_dags/example_kubernetes_executor.py for tasks to queue
[2024-11-09T17:23:25.640+0000] {logging_mixin.py:137} INFO - [2024-11-09T17:23:25.640+0000] {dagbag.py:538} INFO - Filling up the DagBag from /home/airflow/.local/lib/python3.7/site-packages/airflow/example_dags/example_kubernetes_executor.py
[2024-11-09T17:23:25.657+0000] {processor.py:753} INFO - DAG(s) dict_keys(['example_kubernetes_executor']) retrieved from /home/airflow/.local/lib/python3.7/site-packages/airflow/example_dags/example_kubernetes_executor.py
[2024-11-09T17:23:25.676+0000] {logging_mixin.py:137} INFO - [2024-11-09T17:23:25.676+0000] {dag.py:2690} INFO - Sync 1 DAGs
[2024-11-09T17:23:25.690+0000] {logging_mixin.py:137} INFO - [2024-11-09T17:23:25.689+0000] {dag.py:3441} INFO - Setting next_dagrun for example_kubernetes_executor to None, run_after=None
[2024-11-09T17:23:25.702+0000] {processor.py:175} INFO - Processing /home/airflow/.local/lib/python3.7/site-packages/airflow/example_dags/example_kubernetes_executor.py took 0.067 seconds
[2024-11-09T17:28:53.375+0000] {processor.py:153} INFO - Started process (PID=51) to work on /home/airflow/.local/lib/python3.7/site-packages/airflow/example_dags/example_kubernetes_executor.py
[2024-11-09T17:28:53.377+0000] {processor.py:743} INFO - Processing file /home/airflow/.local/lib/python3.7/site-packages/airflow/example_dags/example_kubernetes_executor.py for tasks to queue
[2024-11-09T17:28:53.379+0000] {logging_mixin.py:137} INFO - [2024-11-09T17:28:53.379+0000] {dagbag.py:538} INFO - Filling up the DagBag from /home/airflow/.local/lib/python3.7/site-packages/airflow/example_dags/example_kubernetes_executor.py
[2024-11-09T17:28:53.396+0000] {processor.py:753} INFO - DAG(s) dict_keys(['example_kubernetes_executor']) retrieved from /home/airflow/.local/lib/python3.7/site-packages/airflow/example_dags/example_kubernetes_executor.py
[2024-11-09T17:28:53.403+0000] {logging_mixin.py:137} INFO - [2024-11-09T17:28:53.403+0000] {dag.py:2690} INFO - Sync 1 DAGs
[2024-11-09T17:28:53.420+0000] {logging_mixin.py:137} INFO - [2024-11-09T17:28:53.420+0000] {dag.py:3441} INFO - Setting next_dagrun for example_kubernetes_executor to None, run_after=None
[2024-11-09T17:28:53.435+0000] {processor.py:175} INFO - Processing /home/airflow/.local/lib/python3.7/site-packages/airflow/example_dags/example_kubernetes_executor.py took 0.062 seconds
[2024-11-09T17:29:24.057+0000] {processor.py:153} INFO - Started process (PID=138) to work on /home/airflow/.local/lib/python3.7/site-packages/airflow/example_dags/example_kubernetes_executor.py
[2024-11-09T17:29:24.058+0000] {processor.py:743} INFO - Processing file /home/airflow/.local/lib/python3.7/site-packages/airflow/example_dags/example_kubernetes_executor.py for tasks to queue
[2024-11-09T17:29:24.058+0000] {logging_mixin.py:137} INFO - [2024-11-09T17:29:24.058+0000] {dagbag.py:538} INFO - Filling up the DagBag from /home/airflow/.local/lib/python3.7/site-packages/airflow/example_dags/example_kubernetes_executor.py
[2024-11-09T17:29:24.077+0000] {processor.py:753} INFO - DAG(s) dict_keys(['example_kubernetes_executor']) retrieved from /home/airflow/.local/lib/python3.7/site-packages/airflow/example_dags/example_kubernetes_executor.py
[2024-11-09T17:29:24.096+0000] {logging_mixin.py:137} INFO - [2024-11-09T17:29:24.096+0000] {dag.py:2690} INFO - Sync 1 DAGs
[2024-11-09T17:29:24.114+0000] {logging_mixin.py:137} INFO - [2024-11-09T17:29:24.114+0000] {dag.py:3441} INFO - Setting next_dagrun for example_kubernetes_executor to None, run_after=None
[2024-11-09T17:29:24.130+0000] {processor.py:175} INFO - Processing /home/airflow/.local/lib/python3.7/site-packages/airflow/example_dags/example_kubernetes_executor.py took 0.075 seconds
[2024-11-09T17:29:54.837+0000] {processor.py:153} INFO - Started process (PID=209) to work on /home/airflow/.local/lib/python3.7/site-packages/airflow/example_dags/example_kubernetes_executor.py
[2024-11-09T17:29:54.838+0000] {processor.py:743} INFO - Processing file /home/airflow/.local/lib/python3.7/site-packages/airflow/example_dags/example_kubernetes_executor.py for tasks to queue
[2024-11-09T17:29:54.839+0000] {logging_mixin.py:137} INFO - [2024-11-09T17:29:54.839+0000] {dagbag.py:538} INFO - Filling up the DagBag from /home/airflow/.local/lib/python3.7/site-packages/airflow/example_dags/example_kubernetes_executor.py
[2024-11-09T17:29:54.855+0000] {processor.py:753} INFO - DAG(s) dict_keys(['example_kubernetes_executor']) retrieved from /home/airflow/.local/lib/python3.7/site-packages/airflow/example_dags/example_kubernetes_executor.py
[2024-11-09T17:29:54.875+0000] {logging_mixin.py:137} INFO - [2024-11-09T17:29:54.875+0000] {dag.py:2690} INFO - Sync 1 DAGs
[2024-11-09T17:29:54.889+0000] {logging_mixin.py:137} INFO - [2024-11-09T17:29:54.889+0000] {dag.py:3441} INFO - Setting next_dagrun for example_kubernetes_executor to None, run_after=None
[2024-11-09T17:29:54.901+0000] {processor.py:175} INFO - Processing /home/airflow/.local/lib/python3.7/site-packages/airflow/example_dags/example_kubernetes_executor.py took 0.065 seconds
[2024-11-09T17:30:14.360+0000] {processor.py:153} INFO - Started process (PID=51) to work on /home/airflow/.local/lib/python3.7/site-packages/airflow/example_dags/example_kubernetes_executor.py
[2024-11-09T17:30:14.361+0000] {processor.py:743} INFO - Processing file /home/airflow/.local/lib/python3.7/site-packages/airflow/example_dags/example_kubernetes_executor.py for tasks to queue
[2024-11-09T17:30:14.361+0000] {logging_mixin.py:137} INFO - [2024-11-09T17:30:14.361+0000] {dagbag.py:538} INFO - Filling up the DagBag from /home/airflow/.local/lib/python3.7/site-packages/airflow/example_dags/example_kubernetes_executor.py
[2024-11-09T17:30:14.377+0000] {processor.py:753} INFO - DAG(s) dict_keys(['example_kubernetes_executor']) retrieved from /home/airflow/.local/lib/python3.7/site-packages/airflow/example_dags/example_kubernetes_executor.py
[2024-11-09T17:30:14.386+0000] {logging_mixin.py:137} INFO - [2024-11-09T17:30:14.386+0000] {dag.py:2690} INFO - Sync 1 DAGs
[2024-11-09T17:30:14.405+0000] {logging_mixin.py:137} INFO - [2024-11-09T17:30:14.405+0000] {dag.py:3441} INFO - Setting next_dagrun for example_kubernetes_executor to None, run_after=None
[2024-11-09T17:30:14.419+0000] {processor.py:175} INFO - Processing /home/airflow/.local/lib/python3.7/site-packages/airflow/example_dags/example_kubernetes_executor.py took 0.061 seconds
[2024-11-09T17:30:45.106+0000] {processor.py:153} INFO - Started process (PID=138) to work on /home/airflow/.local/lib/python3.7/site-packages/airflow/example_dags/example_kubernetes_executor.py
[2024-11-09T17:30:45.107+0000] {processor.py:743} INFO - Processing file /home/airflow/.local/lib/python3.7/site-packages/airflow/example_dags/example_kubernetes_executor.py for tasks to queue
[2024-11-09T17:30:45.107+0000] {logging_mixin.py:137} INFO - [2024-11-09T17:30:45.107+0000] {dagbag.py:538} INFO - Filling up the DagBag from /home/airflow/.local/lib/python3.7/site-packages/airflow/example_dags/example_kubernetes_executor.py
[2024-11-09T17:30:45.123+0000] {processor.py:753} INFO - DAG(s) dict_keys(['example_kubernetes_executor']) retrieved from /home/airflow/.local/lib/python3.7/site-packages/airflow/example_dags/example_kubernetes_executor.py
[2024-11-09T17:30:45.139+0000] {logging_mixin.py:137} INFO - [2024-11-09T17:30:45.138+0000] {dag.py:2690} INFO - Sync 1 DAGs
[2024-11-09T17:30:45.151+0000] {logging_mixin.py:137} INFO - [2024-11-09T17:30:45.151+0000] {dag.py:3441} INFO - Setting next_dagrun for example_kubernetes_executor to None, run_after=None
[2024-11-09T17:30:45.160+0000] {processor.py:175} INFO - Processing /home/airflow/.local/lib/python3.7/site-packages/airflow/example_dags/example_kubernetes_executor.py took 0.056 seconds
[2024-11-09T17:31:15.774+0000] {processor.py:153} INFO - Started process (PID=209) to work on /home/airflow/.local/lib/python3.7/site-packages/airflow/example_dags/example_kubernetes_executor.py
[2024-11-09T17:31:15.778+0000] {processor.py:743} INFO - Processing file /home/airflow/.local/lib/python3.7/site-packages/airflow/example_dags/example_kubernetes_executor.py for tasks to queue
[2024-11-09T17:31:15.778+0000] {logging_mixin.py:137} INFO - [2024-11-09T17:31:15.778+0000] {dagbag.py:538} INFO - Filling up the DagBag from /home/airflow/.local/lib/python3.7/site-packages/airflow/example_dags/example_kubernetes_executor.py
[2024-11-09T17:31:15.795+0000] {processor.py:753} INFO - DAG(s) dict_keys(['example_kubernetes_executor']) retrieved from /home/airflow/.local/lib/python3.7/site-packages/airflow/example_dags/example_kubernetes_executor.py
[2024-11-09T17:31:15.812+0000] {logging_mixin.py:137} INFO - [2024-11-09T17:31:15.812+0000] {dag.py:2690} INFO - Sync 1 DAGs
[2024-11-09T17:31:15.825+0000] {logging_mixin.py:137} INFO - [2024-11-09T17:31:15.825+0000] {dag.py:3441} INFO - Setting next_dagrun for example_kubernetes_executor to None, run_after=None
[2024-11-09T17:31:15.836+0000] {processor.py:175} INFO - Processing /home/airflow/.local/lib/python3.7/site-packages/airflow/example_dags/example_kubernetes_executor.py took 0.064 seconds
[2024-11-09T17:31:46.387+0000] {processor.py:153} INFO - Started process (PID=296) to work on /home/airflow/.local/lib/python3.7/site-packages/airflow/example_dags/example_kubernetes_executor.py
[2024-11-09T17:31:46.388+0000] {processor.py:743} INFO - Processing file /home/airflow/.local/lib/python3.7/site-packages/airflow/example_dags/example_kubernetes_executor.py for tasks to queue
[2024-11-09T17:31:46.388+0000] {logging_mixin.py:137} INFO - [2024-11-09T17:31:46.388+0000] {dagbag.py:538} INFO - Filling up the DagBag from /home/airflow/.local/lib/python3.7/site-packages/airflow/example_dags/example_kubernetes_executor.py
[2024-11-09T17:31:46.414+0000] {processor.py:753} INFO - DAG(s) dict_keys(['example_kubernetes_executor']) retrieved from /home/airflow/.local/lib/python3.7/site-packages/airflow/example_dags/example_kubernetes_executor.py
[2024-11-09T17:31:46.432+0000] {logging_mixin.py:137} INFO - [2024-11-09T17:31:46.432+0000] {dag.py:2690} INFO - Sync 1 DAGs
[2024-11-09T17:31:46.448+0000] {logging_mixin.py:137} INFO - [2024-11-09T17:31:46.447+0000] {dag.py:3441} INFO - Setting next_dagrun for example_kubernetes_executor to None, run_after=None
[2024-11-09T17:31:46.459+0000] {processor.py:175} INFO - Processing /home/airflow/.local/lib/python3.7/site-packages/airflow/example_dags/example_kubernetes_executor.py took 0.074 seconds
[2024-11-09T17:32:16.997+0000] {processor.py:153} INFO - Started process (PID=383) to work on /home/airflow/.local/lib/python3.7/site-packages/airflow/example_dags/example_kubernetes_executor.py
[2024-11-09T17:32:16.998+0000] {processor.py:743} INFO - Processing file /home/airflow/.local/lib/python3.7/site-packages/airflow/example_dags/example_kubernetes_executor.py for tasks to queue
[2024-11-09T17:32:16.998+0000] {logging_mixin.py:137} INFO - [2024-11-09T17:32:16.998+0000] {dagbag.py:538} INFO - Filling up the DagBag from /home/airflow/.local/lib/python3.7/site-packages/airflow/example_dags/example_kubernetes_executor.py
[2024-11-09T17:32:17.013+0000] {processor.py:753} INFO - DAG(s) dict_keys(['example_kubernetes_executor']) retrieved from /home/airflow/.local/lib/python3.7/site-packages/airflow/example_dags/example_kubernetes_executor.py
[2024-11-09T17:32:17.029+0000] {logging_mixin.py:137} INFO - [2024-11-09T17:32:17.029+0000] {dag.py:2690} INFO - Sync 1 DAGs
[2024-11-09T17:32:17.042+0000] {logging_mixin.py:137} INFO - [2024-11-09T17:32:17.042+0000] {dag.py:3441} INFO - Setting next_dagrun for example_kubernetes_executor to None, run_after=None
[2024-11-09T17:32:17.052+0000] {processor.py:175} INFO - Processing /home/airflow/.local/lib/python3.7/site-packages/airflow/example_dags/example_kubernetes_executor.py took 0.056 seconds
[2024-11-09T17:32:47.695+0000] {processor.py:153} INFO - Started process (PID=454) to work on /home/airflow/.local/lib/python3.7/site-packages/airflow/example_dags/example_kubernetes_executor.py
[2024-11-09T17:32:47.695+0000] {processor.py:743} INFO - Processing file /home/airflow/.local/lib/python3.7/site-packages/airflow/example_dags/example_kubernetes_executor.py for tasks to queue
[2024-11-09T17:32:47.696+0000] {logging_mixin.py:137} INFO - [2024-11-09T17:32:47.695+0000] {dagbag.py:538} INFO - Filling up the DagBag from /home/airflow/.local/lib/python3.7/site-packages/airflow/example_dags/example_kubernetes_executor.py
[2024-11-09T17:32:47.711+0000] {processor.py:753} INFO - DAG(s) dict_keys(['example_kubernetes_executor']) retrieved from /home/airflow/.local/lib/python3.7/site-packages/airflow/example_dags/example_kubernetes_executor.py
[2024-11-09T17:32:47.740+0000] {logging_mixin.py:137} INFO - [2024-11-09T17:32:47.740+0000] {dag.py:2690} INFO - Sync 1 DAGs
[2024-11-09T17:32:47.760+0000] {logging_mixin.py:137} INFO - [2024-11-09T17:32:47.760+0000] {dag.py:3441} INFO - Setting next_dagrun for example_kubernetes_executor to None, run_after=None
[2024-11-09T17:32:47.771+0000] {processor.py:175} INFO - Processing /home/airflow/.local/lib/python3.7/site-packages/airflow/example_dags/example_kubernetes_executor.py took 0.079 seconds
