[2024-11-09T17:10:06.012+0000] {processor.py:153} INFO - Started process (PID=60) to work on /home/airflow/.local/lib/python3.7/site-packages/airflow/example_dags/example_datasets.py
[2024-11-09T17:10:06.013+0000] {processor.py:743} INFO - Processing file /home/airflow/.local/lib/python3.7/site-packages/airflow/example_dags/example_datasets.py for tasks to queue
[2024-11-09T17:10:06.013+0000] {logging_mixin.py:137} INFO - [2024-11-09T17:10:06.013+0000] {dagbag.py:538} INFO - Filling up the DagBag from /home/airflow/.local/lib/python3.7/site-packages/airflow/example_dags/example_datasets.py
[2024-11-09T17:10:06.023+0000] {processor.py:753} INFO - DAG(s) dict_keys(['dataset_consumes_1', 'dataset_produces_1', 'dataset_consumes_1_and_2', 'dataset_consumes_1_never_scheduled', 'dataset_produces_2', 'dataset_consumes_unknown_never_scheduled']) retrieved from /home/airflow/.local/lib/python3.7/site-packages/airflow/example_dags/example_datasets.py
[2024-11-09T17:10:06.034+0000] {logging_mixin.py:137} INFO - [2024-11-09T17:10:06.034+0000] {dag.py:2690} INFO - Sync 6 DAGs
[2024-11-09T17:10:06.053+0000] {logging_mixin.py:137} INFO - [2024-11-09T17:10:06.052+0000] {dag.py:3441} INFO - Setting next_dagrun for dataset_consumes_1 to None, run_after=None
[2024-11-09T17:10:06.056+0000] {logging_mixin.py:137} INFO - [2024-11-09T17:10:06.056+0000] {dag.py:3441} INFO - Setting next_dagrun for dataset_consumes_1_and_2 to None, run_after=None
[2024-11-09T17:10:06.058+0000] {logging_mixin.py:137} INFO - [2024-11-09T17:10:06.058+0000] {dag.py:3441} INFO - Setting next_dagrun for dataset_consumes_1_never_scheduled to None, run_after=None
[2024-11-09T17:10:06.059+0000] {logging_mixin.py:137} INFO - [2024-11-09T17:10:06.059+0000] {dag.py:3441} INFO - Setting next_dagrun for dataset_consumes_unknown_never_scheduled to None, run_after=None
[2024-11-09T17:10:06.061+0000] {logging_mixin.py:137} INFO - [2024-11-09T17:10:06.061+0000] {dag.py:3441} INFO - Setting next_dagrun for dataset_produces_1 to 2024-11-08T00:00:00+00:00, run_after=2024-11-09T00:00:00+00:00
[2024-11-09T17:10:06.062+0000] {logging_mixin.py:137} INFO - [2024-11-09T17:10:06.062+0000] {dag.py:3441} INFO - Setting next_dagrun for dataset_produces_2 to None, run_after=None
[2024-11-09T17:10:06.093+0000] {processor.py:175} INFO - Processing /home/airflow/.local/lib/python3.7/site-packages/airflow/example_dags/example_datasets.py took 0.084 seconds
[2024-11-09T17:10:36.807+0000] {processor.py:153} INFO - Started process (PID=146) to work on /home/airflow/.local/lib/python3.7/site-packages/airflow/example_dags/example_datasets.py
[2024-11-09T17:10:36.808+0000] {processor.py:743} INFO - Processing file /home/airflow/.local/lib/python3.7/site-packages/airflow/example_dags/example_datasets.py for tasks to queue
[2024-11-09T17:10:36.808+0000] {logging_mixin.py:137} INFO - [2024-11-09T17:10:36.808+0000] {dagbag.py:538} INFO - Filling up the DagBag from /home/airflow/.local/lib/python3.7/site-packages/airflow/example_dags/example_datasets.py
[2024-11-09T17:10:36.817+0000] {processor.py:753} INFO - DAG(s) dict_keys(['dataset_produces_1', 'dataset_consumes_1_and_2', 'dataset_consumes_unknown_never_scheduled', 'dataset_consumes_1', 'dataset_consumes_1_never_scheduled', 'dataset_produces_2']) retrieved from /home/airflow/.local/lib/python3.7/site-packages/airflow/example_dags/example_datasets.py
[2024-11-09T17:10:36.863+0000] {logging_mixin.py:137} INFO - [2024-11-09T17:10:36.863+0000] {dag.py:2690} INFO - Sync 6 DAGs
[2024-11-09T17:10:36.877+0000] {logging_mixin.py:137} INFO - [2024-11-09T17:10:36.877+0000] {dag.py:3441} INFO - Setting next_dagrun for dataset_consumes_1 to None, run_after=None
[2024-11-09T17:10:36.879+0000] {logging_mixin.py:137} INFO - [2024-11-09T17:10:36.879+0000] {dag.py:3441} INFO - Setting next_dagrun for dataset_consumes_1_and_2 to None, run_after=None
[2024-11-09T17:10:36.879+0000] {logging_mixin.py:137} INFO - [2024-11-09T17:10:36.879+0000] {dag.py:3441} INFO - Setting next_dagrun for dataset_consumes_1_never_scheduled to None, run_after=None
[2024-11-09T17:10:36.880+0000] {logging_mixin.py:137} INFO - [2024-11-09T17:10:36.880+0000] {dag.py:3441} INFO - Setting next_dagrun for dataset_consumes_unknown_never_scheduled to None, run_after=None
[2024-11-09T17:10:36.881+0000] {logging_mixin.py:137} INFO - [2024-11-09T17:10:36.881+0000] {dag.py:3441} INFO - Setting next_dagrun for dataset_produces_1 to 2024-11-08T00:00:00+00:00, run_after=2024-11-09T00:00:00+00:00
[2024-11-09T17:10:36.882+0000] {logging_mixin.py:137} INFO - [2024-11-09T17:10:36.882+0000] {dag.py:3441} INFO - Setting next_dagrun for dataset_produces_2 to None, run_after=None
[2024-11-09T17:10:36.909+0000] {processor.py:175} INFO - Processing /home/airflow/.local/lib/python3.7/site-packages/airflow/example_dags/example_datasets.py took 0.103 seconds
[2024-11-09T17:11:07.531+0000] {processor.py:153} INFO - Started process (PID=218) to work on /home/airflow/.local/lib/python3.7/site-packages/airflow/example_dags/example_datasets.py
[2024-11-09T17:11:07.531+0000] {processor.py:743} INFO - Processing file /home/airflow/.local/lib/python3.7/site-packages/airflow/example_dags/example_datasets.py for tasks to queue
[2024-11-09T17:11:07.532+0000] {logging_mixin.py:137} INFO - [2024-11-09T17:11:07.532+0000] {dagbag.py:538} INFO - Filling up the DagBag from /home/airflow/.local/lib/python3.7/site-packages/airflow/example_dags/example_datasets.py
[2024-11-09T17:11:07.540+0000] {processor.py:753} INFO - DAG(s) dict_keys(['dataset_consumes_1_and_2', 'dataset_produces_1', 'dataset_consumes_1', 'dataset_produces_2', 'dataset_consumes_unknown_never_scheduled', 'dataset_consumes_1_never_scheduled']) retrieved from /home/airflow/.local/lib/python3.7/site-packages/airflow/example_dags/example_datasets.py
[2024-11-09T17:11:07.560+0000] {logging_mixin.py:137} INFO - [2024-11-09T17:11:07.560+0000] {dag.py:2690} INFO - Sync 6 DAGs
[2024-11-09T17:11:07.574+0000] {logging_mixin.py:137} INFO - [2024-11-09T17:11:07.573+0000] {dag.py:3441} INFO - Setting next_dagrun for dataset_consumes_1 to None, run_after=None
[2024-11-09T17:11:07.576+0000] {logging_mixin.py:137} INFO - [2024-11-09T17:11:07.576+0000] {dag.py:3441} INFO - Setting next_dagrun for dataset_consumes_1_and_2 to None, run_after=None
[2024-11-09T17:11:07.577+0000] {logging_mixin.py:137} INFO - [2024-11-09T17:11:07.577+0000] {dag.py:3441} INFO - Setting next_dagrun for dataset_consumes_1_never_scheduled to None, run_after=None
[2024-11-09T17:11:07.577+0000] {logging_mixin.py:137} INFO - [2024-11-09T17:11:07.577+0000] {dag.py:3441} INFO - Setting next_dagrun for dataset_consumes_unknown_never_scheduled to None, run_after=None
[2024-11-09T17:11:07.579+0000] {logging_mixin.py:137} INFO - [2024-11-09T17:11:07.579+0000] {dag.py:3441} INFO - Setting next_dagrun for dataset_produces_1 to 2024-11-08T00:00:00+00:00, run_after=2024-11-09T00:00:00+00:00
[2024-11-09T17:11:07.580+0000] {logging_mixin.py:137} INFO - [2024-11-09T17:11:07.580+0000] {dag.py:3441} INFO - Setting next_dagrun for dataset_produces_2 to None, run_after=None
[2024-11-09T17:11:07.600+0000] {processor.py:175} INFO - Processing /home/airflow/.local/lib/python3.7/site-packages/airflow/example_dags/example_datasets.py took 0.071 seconds
[2024-11-09T17:11:38.275+0000] {processor.py:153} INFO - Started process (PID=304) to work on /home/airflow/.local/lib/python3.7/site-packages/airflow/example_dags/example_datasets.py
[2024-11-09T17:11:38.276+0000] {processor.py:743} INFO - Processing file /home/airflow/.local/lib/python3.7/site-packages/airflow/example_dags/example_datasets.py for tasks to queue
[2024-11-09T17:11:38.277+0000] {logging_mixin.py:137} INFO - [2024-11-09T17:11:38.277+0000] {dagbag.py:538} INFO - Filling up the DagBag from /home/airflow/.local/lib/python3.7/site-packages/airflow/example_dags/example_datasets.py
[2024-11-09T17:11:38.289+0000] {processor.py:753} INFO - DAG(s) dict_keys(['dataset_produces_1', 'dataset_consumes_unknown_never_scheduled', 'dataset_consumes_1', 'dataset_produces_2', 'dataset_consumes_1_never_scheduled', 'dataset_consumes_1_and_2']) retrieved from /home/airflow/.local/lib/python3.7/site-packages/airflow/example_dags/example_datasets.py
[2024-11-09T17:11:38.333+0000] {logging_mixin.py:137} INFO - [2024-11-09T17:11:38.332+0000] {dag.py:2690} INFO - Sync 6 DAGs
[2024-11-09T17:11:38.349+0000] {logging_mixin.py:137} INFO - [2024-11-09T17:11:38.349+0000] {dag.py:3441} INFO - Setting next_dagrun for dataset_consumes_1 to None, run_after=None
[2024-11-09T17:11:38.353+0000] {logging_mixin.py:137} INFO - [2024-11-09T17:11:38.353+0000] {dag.py:3441} INFO - Setting next_dagrun for dataset_consumes_1_and_2 to None, run_after=None
[2024-11-09T17:11:38.354+0000] {logging_mixin.py:137} INFO - [2024-11-09T17:11:38.354+0000] {dag.py:3441} INFO - Setting next_dagrun for dataset_consumes_1_never_scheduled to None, run_after=None
[2024-11-09T17:11:38.355+0000] {logging_mixin.py:137} INFO - [2024-11-09T17:11:38.355+0000] {dag.py:3441} INFO - Setting next_dagrun for dataset_consumes_unknown_never_scheduled to None, run_after=None
[2024-11-09T17:11:38.357+0000] {logging_mixin.py:137} INFO - [2024-11-09T17:11:38.357+0000] {dag.py:3441} INFO - Setting next_dagrun for dataset_produces_1 to 2024-11-08T00:00:00+00:00, run_after=2024-11-09T00:00:00+00:00
[2024-11-09T17:11:38.359+0000] {logging_mixin.py:137} INFO - [2024-11-09T17:11:38.358+0000] {dag.py:3441} INFO - Setting next_dagrun for dataset_produces_2 to None, run_after=None
[2024-11-09T17:11:38.380+0000] {processor.py:175} INFO - Processing /home/airflow/.local/lib/python3.7/site-packages/airflow/example_dags/example_datasets.py took 0.107 seconds
[2024-11-09T17:12:09.011+0000] {processor.py:153} INFO - Started process (PID=391) to work on /home/airflow/.local/lib/python3.7/site-packages/airflow/example_dags/example_datasets.py
[2024-11-09T17:12:09.012+0000] {processor.py:743} INFO - Processing file /home/airflow/.local/lib/python3.7/site-packages/airflow/example_dags/example_datasets.py for tasks to queue
[2024-11-09T17:12:09.012+0000] {logging_mixin.py:137} INFO - [2024-11-09T17:12:09.012+0000] {dagbag.py:538} INFO - Filling up the DagBag from /home/airflow/.local/lib/python3.7/site-packages/airflow/example_dags/example_datasets.py
[2024-11-09T17:12:09.022+0000] {processor.py:753} INFO - DAG(s) dict_keys(['dataset_consumes_1_never_scheduled', 'dataset_produces_2', 'dataset_produces_1', 'dataset_consumes_1_and_2', 'dataset_consumes_1', 'dataset_consumes_unknown_never_scheduled']) retrieved from /home/airflow/.local/lib/python3.7/site-packages/airflow/example_dags/example_datasets.py
[2024-11-09T17:12:09.044+0000] {logging_mixin.py:137} INFO - [2024-11-09T17:12:09.043+0000] {dag.py:2690} INFO - Sync 6 DAGs
[2024-11-09T17:12:09.059+0000] {logging_mixin.py:137} INFO - [2024-11-09T17:12:09.059+0000] {dag.py:3441} INFO - Setting next_dagrun for dataset_consumes_1 to None, run_after=None
[2024-11-09T17:12:09.063+0000] {logging_mixin.py:137} INFO - [2024-11-09T17:12:09.063+0000] {dag.py:3441} INFO - Setting next_dagrun for dataset_consumes_1_and_2 to None, run_after=None
[2024-11-09T17:12:09.064+0000] {logging_mixin.py:137} INFO - [2024-11-09T17:12:09.064+0000] {dag.py:3441} INFO - Setting next_dagrun for dataset_consumes_1_never_scheduled to None, run_after=None
[2024-11-09T17:12:09.068+0000] {logging_mixin.py:137} INFO - [2024-11-09T17:12:09.068+0000] {dag.py:3441} INFO - Setting next_dagrun for dataset_consumes_unknown_never_scheduled to None, run_after=None
[2024-11-09T17:12:09.069+0000] {logging_mixin.py:137} INFO - [2024-11-09T17:12:09.069+0000] {dag.py:3441} INFO - Setting next_dagrun for dataset_produces_1 to 2024-11-08T00:00:00+00:00, run_after=2024-11-09T00:00:00+00:00
[2024-11-09T17:12:09.070+0000] {logging_mixin.py:137} INFO - [2024-11-09T17:12:09.070+0000] {dag.py:3441} INFO - Setting next_dagrun for dataset_produces_2 to None, run_after=None
[2024-11-09T17:12:09.088+0000] {processor.py:175} INFO - Processing /home/airflow/.local/lib/python3.7/site-packages/airflow/example_dags/example_datasets.py took 0.079 seconds
[2024-11-09T17:12:39.585+0000] {processor.py:153} INFO - Started process (PID=478) to work on /home/airflow/.local/lib/python3.7/site-packages/airflow/example_dags/example_datasets.py
[2024-11-09T17:12:39.586+0000] {processor.py:743} INFO - Processing file /home/airflow/.local/lib/python3.7/site-packages/airflow/example_dags/example_datasets.py for tasks to queue
[2024-11-09T17:12:39.586+0000] {logging_mixin.py:137} INFO - [2024-11-09T17:12:39.586+0000] {dagbag.py:538} INFO - Filling up the DagBag from /home/airflow/.local/lib/python3.7/site-packages/airflow/example_dags/example_datasets.py
[2024-11-09T17:12:39.594+0000] {processor.py:753} INFO - DAG(s) dict_keys(['dataset_consumes_1_never_scheduled', 'dataset_consumes_1_and_2', 'dataset_produces_2', 'dataset_produces_1', 'dataset_consumes_unknown_never_scheduled', 'dataset_consumes_1']) retrieved from /home/airflow/.local/lib/python3.7/site-packages/airflow/example_dags/example_datasets.py
[2024-11-09T17:12:39.612+0000] {logging_mixin.py:137} INFO - [2024-11-09T17:12:39.612+0000] {dag.py:2690} INFO - Sync 6 DAGs
[2024-11-09T17:12:39.626+0000] {logging_mixin.py:137} INFO - [2024-11-09T17:12:39.626+0000] {dag.py:3441} INFO - Setting next_dagrun for dataset_consumes_1 to None, run_after=None
[2024-11-09T17:12:39.628+0000] {logging_mixin.py:137} INFO - [2024-11-09T17:12:39.628+0000] {dag.py:3441} INFO - Setting next_dagrun for dataset_consumes_1_and_2 to None, run_after=None
[2024-11-09T17:12:39.629+0000] {logging_mixin.py:137} INFO - [2024-11-09T17:12:39.629+0000] {dag.py:3441} INFO - Setting next_dagrun for dataset_consumes_1_never_scheduled to None, run_after=None
[2024-11-09T17:12:39.629+0000] {logging_mixin.py:137} INFO - [2024-11-09T17:12:39.629+0000] {dag.py:3441} INFO - Setting next_dagrun for dataset_consumes_unknown_never_scheduled to None, run_after=None
[2024-11-09T17:12:39.631+0000] {logging_mixin.py:137} INFO - [2024-11-09T17:12:39.631+0000] {dag.py:3441} INFO - Setting next_dagrun for dataset_produces_1 to 2024-11-08T00:00:00+00:00, run_after=2024-11-09T00:00:00+00:00
[2024-11-09T17:12:39.631+0000] {logging_mixin.py:137} INFO - [2024-11-09T17:12:39.631+0000] {dag.py:3441} INFO - Setting next_dagrun for dataset_produces_2 to None, run_after=None
[2024-11-09T17:12:39.648+0000] {processor.py:175} INFO - Processing /home/airflow/.local/lib/python3.7/site-packages/airflow/example_dags/example_datasets.py took 0.065 seconds
[2024-11-09T17:13:10.289+0000] {processor.py:153} INFO - Started process (PID=549) to work on /home/airflow/.local/lib/python3.7/site-packages/airflow/example_dags/example_datasets.py
[2024-11-09T17:13:10.290+0000] {processor.py:743} INFO - Processing file /home/airflow/.local/lib/python3.7/site-packages/airflow/example_dags/example_datasets.py for tasks to queue
[2024-11-09T17:13:10.291+0000] {logging_mixin.py:137} INFO - [2024-11-09T17:13:10.290+0000] {dagbag.py:538} INFO - Filling up the DagBag from /home/airflow/.local/lib/python3.7/site-packages/airflow/example_dags/example_datasets.py
[2024-11-09T17:13:10.299+0000] {processor.py:753} INFO - DAG(s) dict_keys(['dataset_consumes_unknown_never_scheduled', 'dataset_consumes_1_never_scheduled', 'dataset_produces_2', 'dataset_consumes_1', 'dataset_consumes_1_and_2', 'dataset_produces_1']) retrieved from /home/airflow/.local/lib/python3.7/site-packages/airflow/example_dags/example_datasets.py
[2024-11-09T17:13:10.323+0000] {logging_mixin.py:137} INFO - [2024-11-09T17:13:10.323+0000] {dag.py:2690} INFO - Sync 6 DAGs
[2024-11-09T17:13:10.339+0000] {logging_mixin.py:137} INFO - [2024-11-09T17:13:10.339+0000] {dag.py:3441} INFO - Setting next_dagrun for dataset_consumes_1 to None, run_after=None
[2024-11-09T17:13:10.341+0000] {logging_mixin.py:137} INFO - [2024-11-09T17:13:10.341+0000] {dag.py:3441} INFO - Setting next_dagrun for dataset_consumes_1_and_2 to None, run_after=None
[2024-11-09T17:13:10.343+0000] {logging_mixin.py:137} INFO - [2024-11-09T17:13:10.343+0000] {dag.py:3441} INFO - Setting next_dagrun for dataset_consumes_1_never_scheduled to None, run_after=None
[2024-11-09T17:13:10.344+0000] {logging_mixin.py:137} INFO - [2024-11-09T17:13:10.344+0000] {dag.py:3441} INFO - Setting next_dagrun for dataset_consumes_unknown_never_scheduled to None, run_after=None
[2024-11-09T17:13:10.345+0000] {logging_mixin.py:137} INFO - [2024-11-09T17:13:10.345+0000] {dag.py:3441} INFO - Setting next_dagrun for dataset_produces_1 to 2024-11-08T00:00:00+00:00, run_after=2024-11-09T00:00:00+00:00
[2024-11-09T17:13:10.347+0000] {logging_mixin.py:137} INFO - [2024-11-09T17:13:10.347+0000] {dag.py:3441} INFO - Setting next_dagrun for dataset_produces_2 to None, run_after=None
[2024-11-09T17:13:10.374+0000] {processor.py:175} INFO - Processing /home/airflow/.local/lib/python3.7/site-packages/airflow/example_dags/example_datasets.py took 0.087 seconds
[2024-11-09T17:13:42.183+0000] {processor.py:153} INFO - Started process (PID=636) to work on /home/airflow/.local/lib/python3.7/site-packages/airflow/example_dags/example_datasets.py
[2024-11-09T17:13:42.185+0000] {processor.py:743} INFO - Processing file /home/airflow/.local/lib/python3.7/site-packages/airflow/example_dags/example_datasets.py for tasks to queue
[2024-11-09T17:13:42.186+0000] {logging_mixin.py:137} INFO - [2024-11-09T17:13:42.185+0000] {dagbag.py:538} INFO - Filling up the DagBag from /home/airflow/.local/lib/python3.7/site-packages/airflow/example_dags/example_datasets.py
[2024-11-09T17:13:42.196+0000] {processor.py:753} INFO - DAG(s) dict_keys(['dataset_produces_1', 'dataset_consumes_1_never_scheduled', 'dataset_consumes_unknown_never_scheduled', 'dataset_consumes_1', 'dataset_produces_2', 'dataset_consumes_1_and_2']) retrieved from /home/airflow/.local/lib/python3.7/site-packages/airflow/example_dags/example_datasets.py
[2024-11-09T17:13:42.223+0000] {logging_mixin.py:137} INFO - [2024-11-09T17:13:42.223+0000] {dag.py:2690} INFO - Sync 6 DAGs
[2024-11-09T17:13:42.243+0000] {logging_mixin.py:137} INFO - [2024-11-09T17:13:42.243+0000] {dag.py:3441} INFO - Setting next_dagrun for dataset_consumes_1 to None, run_after=None
[2024-11-09T17:13:42.249+0000] {logging_mixin.py:137} INFO - [2024-11-09T17:13:42.249+0000] {dag.py:3441} INFO - Setting next_dagrun for dataset_consumes_1_and_2 to None, run_after=None
[2024-11-09T17:13:42.253+0000] {logging_mixin.py:137} INFO - [2024-11-09T17:13:42.253+0000] {dag.py:3441} INFO - Setting next_dagrun for dataset_consumes_1_never_scheduled to None, run_after=None
[2024-11-09T17:13:42.255+0000] {logging_mixin.py:137} INFO - [2024-11-09T17:13:42.255+0000] {dag.py:3441} INFO - Setting next_dagrun for dataset_consumes_unknown_never_scheduled to None, run_after=None
[2024-11-09T17:13:42.256+0000] {logging_mixin.py:137} INFO - [2024-11-09T17:13:42.256+0000] {dag.py:3441} INFO - Setting next_dagrun for dataset_produces_1 to 2024-11-08T00:00:00+00:00, run_after=2024-11-09T00:00:00+00:00
[2024-11-09T17:13:42.258+0000] {logging_mixin.py:137} INFO - [2024-11-09T17:13:42.257+0000] {dag.py:3441} INFO - Setting next_dagrun for dataset_produces_2 to None, run_after=None
[2024-11-09T17:13:42.295+0000] {processor.py:175} INFO - Processing /home/airflow/.local/lib/python3.7/site-packages/airflow/example_dags/example_datasets.py took 0.118 seconds
[2024-11-09T17:14:12.313+0000] {processor.py:153} INFO - Started process (PID=723) to work on /home/airflow/.local/lib/python3.7/site-packages/airflow/example_dags/example_datasets.py
[2024-11-09T17:14:12.316+0000] {processor.py:743} INFO - Processing file /home/airflow/.local/lib/python3.7/site-packages/airflow/example_dags/example_datasets.py for tasks to queue
[2024-11-09T17:14:12.317+0000] {logging_mixin.py:137} INFO - [2024-11-09T17:14:12.317+0000] {dagbag.py:538} INFO - Filling up the DagBag from /home/airflow/.local/lib/python3.7/site-packages/airflow/example_dags/example_datasets.py
[2024-11-09T17:14:12.325+0000] {processor.py:753} INFO - DAG(s) dict_keys(['dataset_consumes_1_and_2', 'dataset_consumes_unknown_never_scheduled', 'dataset_produces_2', 'dataset_consumes_1', 'dataset_consumes_1_never_scheduled', 'dataset_produces_1']) retrieved from /home/airflow/.local/lib/python3.7/site-packages/airflow/example_dags/example_datasets.py
[2024-11-09T17:14:12.354+0000] {logging_mixin.py:137} INFO - [2024-11-09T17:14:12.354+0000] {dag.py:2690} INFO - Sync 6 DAGs
[2024-11-09T17:14:12.371+0000] {logging_mixin.py:137} INFO - [2024-11-09T17:14:12.370+0000] {dag.py:3441} INFO - Setting next_dagrun for dataset_consumes_1 to None, run_after=None
[2024-11-09T17:14:12.376+0000] {logging_mixin.py:137} INFO - [2024-11-09T17:14:12.376+0000] {dag.py:3441} INFO - Setting next_dagrun for dataset_consumes_1_and_2 to None, run_after=None
[2024-11-09T17:14:12.376+0000] {logging_mixin.py:137} INFO - [2024-11-09T17:14:12.376+0000] {dag.py:3441} INFO - Setting next_dagrun for dataset_consumes_1_never_scheduled to None, run_after=None
[2024-11-09T17:14:12.378+0000] {logging_mixin.py:137} INFO - [2024-11-09T17:14:12.378+0000] {dag.py:3441} INFO - Setting next_dagrun for dataset_consumes_unknown_never_scheduled to None, run_after=None
[2024-11-09T17:14:12.380+0000] {logging_mixin.py:137} INFO - [2024-11-09T17:14:12.380+0000] {dag.py:3441} INFO - Setting next_dagrun for dataset_produces_1 to 2024-11-08T00:00:00+00:00, run_after=2024-11-09T00:00:00+00:00
[2024-11-09T17:14:12.381+0000] {logging_mixin.py:137} INFO - [2024-11-09T17:14:12.381+0000] {dag.py:3441} INFO - Setting next_dagrun for dataset_produces_2 to None, run_after=None
[2024-11-09T17:14:12.408+0000] {processor.py:175} INFO - Processing /home/airflow/.local/lib/python3.7/site-packages/airflow/example_dags/example_datasets.py took 0.097 seconds
[2024-11-09T17:14:43.137+0000] {processor.py:153} INFO - Started process (PID=794) to work on /home/airflow/.local/lib/python3.7/site-packages/airflow/example_dags/example_datasets.py
[2024-11-09T17:14:43.138+0000] {processor.py:743} INFO - Processing file /home/airflow/.local/lib/python3.7/site-packages/airflow/example_dags/example_datasets.py for tasks to queue
[2024-11-09T17:14:43.139+0000] {logging_mixin.py:137} INFO - [2024-11-09T17:14:43.139+0000] {dagbag.py:538} INFO - Filling up the DagBag from /home/airflow/.local/lib/python3.7/site-packages/airflow/example_dags/example_datasets.py
[2024-11-09T17:14:43.149+0000] {processor.py:753} INFO - DAG(s) dict_keys(['dataset_consumes_1', 'dataset_produces_2', 'dataset_produces_1', 'dataset_consumes_unknown_never_scheduled', 'dataset_consumes_1_and_2', 'dataset_consumes_1_never_scheduled']) retrieved from /home/airflow/.local/lib/python3.7/site-packages/airflow/example_dags/example_datasets.py
[2024-11-09T17:14:43.178+0000] {logging_mixin.py:137} INFO - [2024-11-09T17:14:43.177+0000] {dag.py:2690} INFO - Sync 6 DAGs
[2024-11-09T17:14:43.193+0000] {logging_mixin.py:137} INFO - [2024-11-09T17:14:43.193+0000] {dag.py:3441} INFO - Setting next_dagrun for dataset_consumes_1 to None, run_after=None
[2024-11-09T17:14:43.196+0000] {logging_mixin.py:137} INFO - [2024-11-09T17:14:43.196+0000] {dag.py:3441} INFO - Setting next_dagrun for dataset_consumes_1_and_2 to None, run_after=None
[2024-11-09T17:14:43.199+0000] {logging_mixin.py:137} INFO - [2024-11-09T17:14:43.199+0000] {dag.py:3441} INFO - Setting next_dagrun for dataset_consumes_1_never_scheduled to None, run_after=None
[2024-11-09T17:14:43.200+0000] {logging_mixin.py:137} INFO - [2024-11-09T17:14:43.200+0000] {dag.py:3441} INFO - Setting next_dagrun for dataset_consumes_unknown_never_scheduled to None, run_after=None
[2024-11-09T17:14:43.201+0000] {logging_mixin.py:137} INFO - [2024-11-09T17:14:43.201+0000] {dag.py:3441} INFO - Setting next_dagrun for dataset_produces_1 to 2024-11-08T00:00:00+00:00, run_after=2024-11-09T00:00:00+00:00
[2024-11-09T17:14:43.204+0000] {logging_mixin.py:137} INFO - [2024-11-09T17:14:43.204+0000] {dag.py:3441} INFO - Setting next_dagrun for dataset_produces_2 to None, run_after=None
[2024-11-09T17:14:43.221+0000] {processor.py:175} INFO - Processing /home/airflow/.local/lib/python3.7/site-packages/airflow/example_dags/example_datasets.py took 0.087 seconds
[2024-11-09T17:15:13.917+0000] {processor.py:153} INFO - Started process (PID=881) to work on /home/airflow/.local/lib/python3.7/site-packages/airflow/example_dags/example_datasets.py
[2024-11-09T17:15:13.918+0000] {processor.py:743} INFO - Processing file /home/airflow/.local/lib/python3.7/site-packages/airflow/example_dags/example_datasets.py for tasks to queue
[2024-11-09T17:15:13.920+0000] {logging_mixin.py:137} INFO - [2024-11-09T17:15:13.920+0000] {dagbag.py:538} INFO - Filling up the DagBag from /home/airflow/.local/lib/python3.7/site-packages/airflow/example_dags/example_datasets.py
[2024-11-09T17:15:13.929+0000] {processor.py:753} INFO - DAG(s) dict_keys(['dataset_produces_2', 'dataset_produces_1', 'dataset_consumes_1_never_scheduled', 'dataset_consumes_1_and_2', 'dataset_consumes_unknown_never_scheduled', 'dataset_consumes_1']) retrieved from /home/airflow/.local/lib/python3.7/site-packages/airflow/example_dags/example_datasets.py
[2024-11-09T17:15:13.951+0000] {logging_mixin.py:137} INFO - [2024-11-09T17:15:13.951+0000] {dag.py:2690} INFO - Sync 6 DAGs
[2024-11-09T17:15:13.965+0000] {logging_mixin.py:137} INFO - [2024-11-09T17:15:13.965+0000] {dag.py:3441} INFO - Setting next_dagrun for dataset_consumes_1 to None, run_after=None
[2024-11-09T17:15:13.967+0000] {logging_mixin.py:137} INFO - [2024-11-09T17:15:13.967+0000] {dag.py:3441} INFO - Setting next_dagrun for dataset_consumes_1_and_2 to None, run_after=None
[2024-11-09T17:15:13.968+0000] {logging_mixin.py:137} INFO - [2024-11-09T17:15:13.968+0000] {dag.py:3441} INFO - Setting next_dagrun for dataset_consumes_1_never_scheduled to None, run_after=None
[2024-11-09T17:15:13.968+0000] {logging_mixin.py:137} INFO - [2024-11-09T17:15:13.968+0000] {dag.py:3441} INFO - Setting next_dagrun for dataset_consumes_unknown_never_scheduled to None, run_after=None
[2024-11-09T17:15:13.970+0000] {logging_mixin.py:137} INFO - [2024-11-09T17:15:13.969+0000] {dag.py:3441} INFO - Setting next_dagrun for dataset_produces_1 to 2024-11-08T00:00:00+00:00, run_after=2024-11-09T00:00:00+00:00
[2024-11-09T17:15:13.970+0000] {logging_mixin.py:137} INFO - [2024-11-09T17:15:13.970+0000] {dag.py:3441} INFO - Setting next_dagrun for dataset_produces_2 to None, run_after=None
[2024-11-09T17:15:13.989+0000] {processor.py:175} INFO - Processing /home/airflow/.local/lib/python3.7/site-packages/airflow/example_dags/example_datasets.py took 0.074 seconds
[2024-11-09T17:15:44.888+0000] {processor.py:153} INFO - Started process (PID=968) to work on /home/airflow/.local/lib/python3.7/site-packages/airflow/example_dags/example_datasets.py
[2024-11-09T17:15:44.890+0000] {processor.py:743} INFO - Processing file /home/airflow/.local/lib/python3.7/site-packages/airflow/example_dags/example_datasets.py for tasks to queue
[2024-11-09T17:15:44.890+0000] {logging_mixin.py:137} INFO - [2024-11-09T17:15:44.890+0000] {dagbag.py:538} INFO - Filling up the DagBag from /home/airflow/.local/lib/python3.7/site-packages/airflow/example_dags/example_datasets.py
[2024-11-09T17:15:44.899+0000] {processor.py:753} INFO - DAG(s) dict_keys(['dataset_produces_1', 'dataset_consumes_1_never_scheduled', 'dataset_consumes_1_and_2', 'dataset_produces_2', 'dataset_consumes_unknown_never_scheduled', 'dataset_consumes_1']) retrieved from /home/airflow/.local/lib/python3.7/site-packages/airflow/example_dags/example_datasets.py
[2024-11-09T17:15:44.926+0000] {logging_mixin.py:137} INFO - [2024-11-09T17:15:44.926+0000] {dag.py:2690} INFO - Sync 6 DAGs
[2024-11-09T17:15:44.942+0000] {logging_mixin.py:137} INFO - [2024-11-09T17:15:44.942+0000] {dag.py:3441} INFO - Setting next_dagrun for dataset_consumes_1 to None, run_after=None
[2024-11-09T17:15:44.944+0000] {logging_mixin.py:137} INFO - [2024-11-09T17:15:44.944+0000] {dag.py:3441} INFO - Setting next_dagrun for dataset_consumes_1_and_2 to None, run_after=None
[2024-11-09T17:15:44.944+0000] {logging_mixin.py:137} INFO - [2024-11-09T17:15:44.944+0000] {dag.py:3441} INFO - Setting next_dagrun for dataset_consumes_1_never_scheduled to None, run_after=None
[2024-11-09T17:15:44.945+0000] {logging_mixin.py:137} INFO - [2024-11-09T17:15:44.945+0000] {dag.py:3441} INFO - Setting next_dagrun for dataset_consumes_unknown_never_scheduled to None, run_after=None
[2024-11-09T17:15:44.946+0000] {logging_mixin.py:137} INFO - [2024-11-09T17:15:44.946+0000] {dag.py:3441} INFO - Setting next_dagrun for dataset_produces_1 to 2024-11-08T00:00:00+00:00, run_after=2024-11-09T00:00:00+00:00
[2024-11-09T17:15:44.947+0000] {logging_mixin.py:137} INFO - [2024-11-09T17:15:44.947+0000] {dag.py:3441} INFO - Setting next_dagrun for dataset_produces_2 to None, run_after=None
[2024-11-09T17:15:44.968+0000] {processor.py:175} INFO - Processing /home/airflow/.local/lib/python3.7/site-packages/airflow/example_dags/example_datasets.py took 0.081 seconds
[2024-11-09T17:16:15.651+0000] {processor.py:153} INFO - Started process (PID=1046) to work on /home/airflow/.local/lib/python3.7/site-packages/airflow/example_dags/example_datasets.py
[2024-11-09T17:16:15.652+0000] {processor.py:743} INFO - Processing file /home/airflow/.local/lib/python3.7/site-packages/airflow/example_dags/example_datasets.py for tasks to queue
[2024-11-09T17:16:15.653+0000] {logging_mixin.py:137} INFO - [2024-11-09T17:16:15.653+0000] {dagbag.py:538} INFO - Filling up the DagBag from /home/airflow/.local/lib/python3.7/site-packages/airflow/example_dags/example_datasets.py
[2024-11-09T17:16:15.661+0000] {processor.py:753} INFO - DAG(s) dict_keys(['dataset_consumes_unknown_never_scheduled', 'dataset_consumes_1_never_scheduled', 'dataset_consumes_1', 'dataset_consumes_1_and_2', 'dataset_produces_2', 'dataset_produces_1']) retrieved from /home/airflow/.local/lib/python3.7/site-packages/airflow/example_dags/example_datasets.py
[2024-11-09T17:16:15.690+0000] {logging_mixin.py:137} INFO - [2024-11-09T17:16:15.690+0000] {dag.py:2690} INFO - Sync 6 DAGs
[2024-11-09T17:16:15.706+0000] {logging_mixin.py:137} INFO - [2024-11-09T17:16:15.706+0000] {dag.py:3441} INFO - Setting next_dagrun for dataset_consumes_1 to None, run_after=None
[2024-11-09T17:16:15.711+0000] {logging_mixin.py:137} INFO - [2024-11-09T17:16:15.711+0000] {dag.py:3441} INFO - Setting next_dagrun for dataset_consumes_1_and_2 to None, run_after=None
[2024-11-09T17:16:15.712+0000] {logging_mixin.py:137} INFO - [2024-11-09T17:16:15.712+0000] {dag.py:3441} INFO - Setting next_dagrun for dataset_consumes_1_never_scheduled to None, run_after=None
[2024-11-09T17:16:15.712+0000] {logging_mixin.py:137} INFO - [2024-11-09T17:16:15.712+0000] {dag.py:3441} INFO - Setting next_dagrun for dataset_consumes_unknown_never_scheduled to None, run_after=None
[2024-11-09T17:16:15.714+0000] {logging_mixin.py:137} INFO - [2024-11-09T17:16:15.714+0000] {dag.py:3441} INFO - Setting next_dagrun for dataset_produces_1 to 2024-11-08T00:00:00+00:00, run_after=2024-11-09T00:00:00+00:00
[2024-11-09T17:16:15.715+0000] {logging_mixin.py:137} INFO - [2024-11-09T17:16:15.715+0000] {dag.py:3441} INFO - Setting next_dagrun for dataset_produces_2 to None, run_after=None
[2024-11-09T17:16:15.739+0000] {processor.py:175} INFO - Processing /home/airflow/.local/lib/python3.7/site-packages/airflow/example_dags/example_datasets.py took 0.089 seconds
[2024-11-09T17:16:46.798+0000] {processor.py:153} INFO - Started process (PID=1125) to work on /home/airflow/.local/lib/python3.7/site-packages/airflow/example_dags/example_datasets.py
[2024-11-09T17:16:46.798+0000] {processor.py:743} INFO - Processing file /home/airflow/.local/lib/python3.7/site-packages/airflow/example_dags/example_datasets.py for tasks to queue
[2024-11-09T17:16:46.799+0000] {logging_mixin.py:137} INFO - [2024-11-09T17:16:46.799+0000] {dagbag.py:538} INFO - Filling up the DagBag from /home/airflow/.local/lib/python3.7/site-packages/airflow/example_dags/example_datasets.py
[2024-11-09T17:16:46.808+0000] {processor.py:753} INFO - DAG(s) dict_keys(['dataset_consumes_unknown_never_scheduled', 'dataset_produces_1', 'dataset_consumes_1_never_scheduled', 'dataset_consumes_1_and_2', 'dataset_consumes_1', 'dataset_produces_2']) retrieved from /home/airflow/.local/lib/python3.7/site-packages/airflow/example_dags/example_datasets.py
[2024-11-09T17:16:46.829+0000] {logging_mixin.py:137} INFO - [2024-11-09T17:16:46.829+0000] {dag.py:2690} INFO - Sync 6 DAGs
[2024-11-09T17:16:46.841+0000] {logging_mixin.py:137} INFO - [2024-11-09T17:16:46.841+0000] {dag.py:3441} INFO - Setting next_dagrun for dataset_consumes_1 to None, run_after=None
[2024-11-09T17:16:46.843+0000] {logging_mixin.py:137} INFO - [2024-11-09T17:16:46.843+0000] {dag.py:3441} INFO - Setting next_dagrun for dataset_consumes_1_and_2 to None, run_after=None
[2024-11-09T17:16:46.844+0000] {logging_mixin.py:137} INFO - [2024-11-09T17:16:46.844+0000] {dag.py:3441} INFO - Setting next_dagrun for dataset_consumes_1_never_scheduled to None, run_after=None
[2024-11-09T17:16:46.844+0000] {logging_mixin.py:137} INFO - [2024-11-09T17:16:46.844+0000] {dag.py:3441} INFO - Setting next_dagrun for dataset_consumes_unknown_never_scheduled to None, run_after=None
[2024-11-09T17:16:46.845+0000] {logging_mixin.py:137} INFO - [2024-11-09T17:16:46.845+0000] {dag.py:3441} INFO - Setting next_dagrun for dataset_produces_1 to 2024-11-08T00:00:00+00:00, run_after=2024-11-09T00:00:00+00:00
[2024-11-09T17:16:46.846+0000] {logging_mixin.py:137} INFO - [2024-11-09T17:16:46.846+0000] {dag.py:3441} INFO - Setting next_dagrun for dataset_produces_2 to None, run_after=None
[2024-11-09T17:16:46.861+0000] {processor.py:175} INFO - Processing /home/airflow/.local/lib/python3.7/site-packages/airflow/example_dags/example_datasets.py took 0.066 seconds
[2024-11-09T17:17:17.622+0000] {processor.py:153} INFO - Started process (PID=1212) to work on /home/airflow/.local/lib/python3.7/site-packages/airflow/example_dags/example_datasets.py
[2024-11-09T17:17:17.623+0000] {processor.py:743} INFO - Processing file /home/airflow/.local/lib/python3.7/site-packages/airflow/example_dags/example_datasets.py for tasks to queue
[2024-11-09T17:17:17.623+0000] {logging_mixin.py:137} INFO - [2024-11-09T17:17:17.623+0000] {dagbag.py:538} INFO - Filling up the DagBag from /home/airflow/.local/lib/python3.7/site-packages/airflow/example_dags/example_datasets.py
[2024-11-09T17:17:17.632+0000] {processor.py:753} INFO - DAG(s) dict_keys(['dataset_consumes_1_never_scheduled', 'dataset_consumes_1_and_2', 'dataset_consumes_unknown_never_scheduled', 'dataset_produces_2', 'dataset_produces_1', 'dataset_consumes_1']) retrieved from /home/airflow/.local/lib/python3.7/site-packages/airflow/example_dags/example_datasets.py
[2024-11-09T17:17:17.652+0000] {logging_mixin.py:137} INFO - [2024-11-09T17:17:17.652+0000] {dag.py:2690} INFO - Sync 6 DAGs
[2024-11-09T17:17:17.665+0000] {logging_mixin.py:137} INFO - [2024-11-09T17:17:17.665+0000] {dag.py:3441} INFO - Setting next_dagrun for dataset_consumes_1 to None, run_after=None
[2024-11-09T17:17:17.666+0000] {logging_mixin.py:137} INFO - [2024-11-09T17:17:17.666+0000] {dag.py:3441} INFO - Setting next_dagrun for dataset_consumes_1_and_2 to None, run_after=None
[2024-11-09T17:17:17.667+0000] {logging_mixin.py:137} INFO - [2024-11-09T17:17:17.667+0000] {dag.py:3441} INFO - Setting next_dagrun for dataset_consumes_1_never_scheduled to None, run_after=None
[2024-11-09T17:17:17.668+0000] {logging_mixin.py:137} INFO - [2024-11-09T17:17:17.668+0000] {dag.py:3441} INFO - Setting next_dagrun for dataset_consumes_unknown_never_scheduled to None, run_after=None
[2024-11-09T17:17:17.669+0000] {logging_mixin.py:137} INFO - [2024-11-09T17:17:17.669+0000] {dag.py:3441} INFO - Setting next_dagrun for dataset_produces_1 to 2024-11-08T00:00:00+00:00, run_after=2024-11-09T00:00:00+00:00
[2024-11-09T17:17:17.670+0000] {logging_mixin.py:137} INFO - [2024-11-09T17:17:17.670+0000] {dag.py:3441} INFO - Setting next_dagrun for dataset_produces_2 to None, run_after=None
[2024-11-09T17:17:17.687+0000] {processor.py:175} INFO - Processing /home/airflow/.local/lib/python3.7/site-packages/airflow/example_dags/example_datasets.py took 0.067 seconds
[2024-11-09T17:17:48.458+0000] {processor.py:153} INFO - Started process (PID=1299) to work on /home/airflow/.local/lib/python3.7/site-packages/airflow/example_dags/example_datasets.py
[2024-11-09T17:17:48.458+0000] {processor.py:743} INFO - Processing file /home/airflow/.local/lib/python3.7/site-packages/airflow/example_dags/example_datasets.py for tasks to queue
[2024-11-09T17:17:48.459+0000] {logging_mixin.py:137} INFO - [2024-11-09T17:17:48.459+0000] {dagbag.py:538} INFO - Filling up the DagBag from /home/airflow/.local/lib/python3.7/site-packages/airflow/example_dags/example_datasets.py
[2024-11-09T17:17:48.468+0000] {processor.py:753} INFO - DAG(s) dict_keys(['dataset_produces_2', 'dataset_consumes_1_never_scheduled', 'dataset_consumes_1', 'dataset_produces_1', 'dataset_consumes_1_and_2', 'dataset_consumes_unknown_never_scheduled']) retrieved from /home/airflow/.local/lib/python3.7/site-packages/airflow/example_dags/example_datasets.py
[2024-11-09T17:17:48.488+0000] {logging_mixin.py:137} INFO - [2024-11-09T17:17:48.488+0000] {dag.py:2690} INFO - Sync 6 DAGs
[2024-11-09T17:17:48.503+0000] {logging_mixin.py:137} INFO - [2024-11-09T17:17:48.502+0000] {dag.py:3441} INFO - Setting next_dagrun for dataset_consumes_1 to None, run_after=None
[2024-11-09T17:17:48.505+0000] {logging_mixin.py:137} INFO - [2024-11-09T17:17:48.504+0000] {dag.py:3441} INFO - Setting next_dagrun for dataset_consumes_1_and_2 to None, run_after=None
[2024-11-09T17:17:48.505+0000] {logging_mixin.py:137} INFO - [2024-11-09T17:17:48.505+0000] {dag.py:3441} INFO - Setting next_dagrun for dataset_consumes_1_never_scheduled to None, run_after=None
[2024-11-09T17:17:48.506+0000] {logging_mixin.py:137} INFO - [2024-11-09T17:17:48.506+0000] {dag.py:3441} INFO - Setting next_dagrun for dataset_consumes_unknown_never_scheduled to None, run_after=None
[2024-11-09T17:17:48.507+0000] {logging_mixin.py:137} INFO - [2024-11-09T17:17:48.507+0000] {dag.py:3441} INFO - Setting next_dagrun for dataset_produces_1 to 2024-11-08T00:00:00+00:00, run_after=2024-11-09T00:00:00+00:00
[2024-11-09T17:17:48.507+0000] {logging_mixin.py:137} INFO - [2024-11-09T17:17:48.507+0000] {dag.py:3441} INFO - Setting next_dagrun for dataset_produces_2 to None, run_after=None
[2024-11-09T17:17:48.522+0000] {processor.py:175} INFO - Processing /home/airflow/.local/lib/python3.7/site-packages/airflow/example_dags/example_datasets.py took 0.066 seconds
[2024-11-09T17:18:19.233+0000] {processor.py:153} INFO - Started process (PID=1370) to work on /home/airflow/.local/lib/python3.7/site-packages/airflow/example_dags/example_datasets.py
[2024-11-09T17:18:19.233+0000] {processor.py:743} INFO - Processing file /home/airflow/.local/lib/python3.7/site-packages/airflow/example_dags/example_datasets.py for tasks to queue
[2024-11-09T17:18:19.234+0000] {logging_mixin.py:137} INFO - [2024-11-09T17:18:19.234+0000] {dagbag.py:538} INFO - Filling up the DagBag from /home/airflow/.local/lib/python3.7/site-packages/airflow/example_dags/example_datasets.py
[2024-11-09T17:18:19.242+0000] {processor.py:753} INFO - DAG(s) dict_keys(['dataset_produces_1', 'dataset_consumes_1_never_scheduled', 'dataset_consumes_1_and_2', 'dataset_consumes_unknown_never_scheduled', 'dataset_consumes_1', 'dataset_produces_2']) retrieved from /home/airflow/.local/lib/python3.7/site-packages/airflow/example_dags/example_datasets.py
[2024-11-09T17:18:19.264+0000] {logging_mixin.py:137} INFO - [2024-11-09T17:18:19.264+0000] {dag.py:2690} INFO - Sync 6 DAGs
[2024-11-09T17:18:19.281+0000] {logging_mixin.py:137} INFO - [2024-11-09T17:18:19.281+0000] {dag.py:3441} INFO - Setting next_dagrun for dataset_consumes_1 to None, run_after=None
[2024-11-09T17:18:19.288+0000] {logging_mixin.py:137} INFO - [2024-11-09T17:18:19.288+0000] {dag.py:3441} INFO - Setting next_dagrun for dataset_consumes_1_and_2 to None, run_after=None
[2024-11-09T17:18:19.291+0000] {logging_mixin.py:137} INFO - [2024-11-09T17:18:19.291+0000] {dag.py:3441} INFO - Setting next_dagrun for dataset_consumes_1_never_scheduled to None, run_after=None
[2024-11-09T17:18:19.299+0000] {logging_mixin.py:137} INFO - [2024-11-09T17:18:19.299+0000] {dag.py:3441} INFO - Setting next_dagrun for dataset_consumes_unknown_never_scheduled to None, run_after=None
[2024-11-09T17:18:19.309+0000] {logging_mixin.py:137} INFO - [2024-11-09T17:18:19.309+0000] {dag.py:3441} INFO - Setting next_dagrun for dataset_produces_1 to 2024-11-08T00:00:00+00:00, run_after=2024-11-09T00:00:00+00:00
[2024-11-09T17:18:19.311+0000] {logging_mixin.py:137} INFO - [2024-11-09T17:18:19.311+0000] {dag.py:3441} INFO - Setting next_dagrun for dataset_produces_2 to None, run_after=None
[2024-11-09T17:18:19.342+0000] {processor.py:175} INFO - Processing /home/airflow/.local/lib/python3.7/site-packages/airflow/example_dags/example_datasets.py took 0.111 seconds
[2024-11-09T17:18:50.187+0000] {processor.py:153} INFO - Started process (PID=1457) to work on /home/airflow/.local/lib/python3.7/site-packages/airflow/example_dags/example_datasets.py
[2024-11-09T17:18:50.187+0000] {processor.py:743} INFO - Processing file /home/airflow/.local/lib/python3.7/site-packages/airflow/example_dags/example_datasets.py for tasks to queue
[2024-11-09T17:18:50.188+0000] {logging_mixin.py:137} INFO - [2024-11-09T17:18:50.187+0000] {dagbag.py:538} INFO - Filling up the DagBag from /home/airflow/.local/lib/python3.7/site-packages/airflow/example_dags/example_datasets.py
[2024-11-09T17:18:50.196+0000] {processor.py:753} INFO - DAG(s) dict_keys(['dataset_consumes_1', 'dataset_produces_2', 'dataset_consumes_1_never_scheduled', 'dataset_consumes_unknown_never_scheduled', 'dataset_produces_1', 'dataset_consumes_1_and_2']) retrieved from /home/airflow/.local/lib/python3.7/site-packages/airflow/example_dags/example_datasets.py
[2024-11-09T17:18:50.217+0000] {logging_mixin.py:137} INFO - [2024-11-09T17:18:50.217+0000] {dag.py:2690} INFO - Sync 6 DAGs
[2024-11-09T17:18:50.232+0000] {logging_mixin.py:137} INFO - [2024-11-09T17:18:50.232+0000] {dag.py:3441} INFO - Setting next_dagrun for dataset_consumes_1 to None, run_after=None
[2024-11-09T17:18:50.234+0000] {logging_mixin.py:137} INFO - [2024-11-09T17:18:50.234+0000] {dag.py:3441} INFO - Setting next_dagrun for dataset_consumes_1_and_2 to None, run_after=None
[2024-11-09T17:18:50.234+0000] {logging_mixin.py:137} INFO - [2024-11-09T17:18:50.234+0000] {dag.py:3441} INFO - Setting next_dagrun for dataset_consumes_1_never_scheduled to None, run_after=None
[2024-11-09T17:18:50.235+0000] {logging_mixin.py:137} INFO - [2024-11-09T17:18:50.235+0000] {dag.py:3441} INFO - Setting next_dagrun for dataset_consumes_unknown_never_scheduled to None, run_after=None
[2024-11-09T17:18:50.236+0000] {logging_mixin.py:137} INFO - [2024-11-09T17:18:50.236+0000] {dag.py:3441} INFO - Setting next_dagrun for dataset_produces_1 to 2024-11-08T00:00:00+00:00, run_after=2024-11-09T00:00:00+00:00
[2024-11-09T17:18:50.237+0000] {logging_mixin.py:137} INFO - [2024-11-09T17:18:50.237+0000] {dag.py:3441} INFO - Setting next_dagrun for dataset_produces_2 to None, run_after=None
[2024-11-09T17:18:50.258+0000] {processor.py:175} INFO - Processing /home/airflow/.local/lib/python3.7/site-packages/airflow/example_dags/example_datasets.py took 0.073 seconds
[2024-11-09T17:19:20.989+0000] {processor.py:153} INFO - Started process (PID=1544) to work on /home/airflow/.local/lib/python3.7/site-packages/airflow/example_dags/example_datasets.py
[2024-11-09T17:19:20.992+0000] {processor.py:743} INFO - Processing file /home/airflow/.local/lib/python3.7/site-packages/airflow/example_dags/example_datasets.py for tasks to queue
[2024-11-09T17:19:20.992+0000] {logging_mixin.py:137} INFO - [2024-11-09T17:19:20.992+0000] {dagbag.py:538} INFO - Filling up the DagBag from /home/airflow/.local/lib/python3.7/site-packages/airflow/example_dags/example_datasets.py
[2024-11-09T17:19:21.002+0000] {processor.py:753} INFO - DAG(s) dict_keys(['dataset_consumes_1_never_scheduled', 'dataset_consumes_1', 'dataset_produces_1', 'dataset_consumes_1_and_2', 'dataset_produces_2', 'dataset_consumes_unknown_never_scheduled']) retrieved from /home/airflow/.local/lib/python3.7/site-packages/airflow/example_dags/example_datasets.py
[2024-11-09T17:19:21.037+0000] {logging_mixin.py:137} INFO - [2024-11-09T17:19:21.037+0000] {dag.py:2690} INFO - Sync 6 DAGs
[2024-11-09T17:19:21.056+0000] {logging_mixin.py:137} INFO - [2024-11-09T17:19:21.056+0000] {dag.py:3441} INFO - Setting next_dagrun for dataset_consumes_1 to None, run_after=None
[2024-11-09T17:19:21.059+0000] {logging_mixin.py:137} INFO - [2024-11-09T17:19:21.059+0000] {dag.py:3441} INFO - Setting next_dagrun for dataset_consumes_1_and_2 to None, run_after=None
[2024-11-09T17:19:21.060+0000] {logging_mixin.py:137} INFO - [2024-11-09T17:19:21.060+0000] {dag.py:3441} INFO - Setting next_dagrun for dataset_consumes_1_never_scheduled to None, run_after=None
[2024-11-09T17:19:21.061+0000] {logging_mixin.py:137} INFO - [2024-11-09T17:19:21.061+0000] {dag.py:3441} INFO - Setting next_dagrun for dataset_consumes_unknown_never_scheduled to None, run_after=None
[2024-11-09T17:19:21.062+0000] {logging_mixin.py:137} INFO - [2024-11-09T17:19:21.062+0000] {dag.py:3441} INFO - Setting next_dagrun for dataset_produces_1 to 2024-11-08T00:00:00+00:00, run_after=2024-11-09T00:00:00+00:00
[2024-11-09T17:19:21.063+0000] {logging_mixin.py:137} INFO - [2024-11-09T17:19:21.063+0000] {dag.py:3441} INFO - Setting next_dagrun for dataset_produces_2 to None, run_after=None
[2024-11-09T17:19:21.088+0000] {processor.py:175} INFO - Processing /home/airflow/.local/lib/python3.7/site-packages/airflow/example_dags/example_datasets.py took 0.102 seconds
[2024-11-09T17:19:51.984+0000] {processor.py:153} INFO - Started process (PID=1624) to work on /home/airflow/.local/lib/python3.7/site-packages/airflow/example_dags/example_datasets.py
[2024-11-09T17:19:51.986+0000] {processor.py:743} INFO - Processing file /home/airflow/.local/lib/python3.7/site-packages/airflow/example_dags/example_datasets.py for tasks to queue
[2024-11-09T17:19:51.987+0000] {logging_mixin.py:137} INFO - [2024-11-09T17:19:51.987+0000] {dagbag.py:538} INFO - Filling up the DagBag from /home/airflow/.local/lib/python3.7/site-packages/airflow/example_dags/example_datasets.py
[2024-11-09T17:19:51.998+0000] {processor.py:753} INFO - DAG(s) dict_keys(['dataset_consumes_1_never_scheduled', 'dataset_produces_2', 'dataset_consumes_unknown_never_scheduled', 'dataset_consumes_1_and_2', 'dataset_produces_1', 'dataset_consumes_1']) retrieved from /home/airflow/.local/lib/python3.7/site-packages/airflow/example_dags/example_datasets.py
[2024-11-09T17:19:52.061+0000] {logging_mixin.py:137} INFO - [2024-11-09T17:19:52.061+0000] {dag.py:2690} INFO - Sync 6 DAGs
[2024-11-09T17:19:52.097+0000] {logging_mixin.py:137} INFO - [2024-11-09T17:19:52.097+0000] {dag.py:3441} INFO - Setting next_dagrun for dataset_consumes_1 to None, run_after=None
[2024-11-09T17:19:52.101+0000] {logging_mixin.py:137} INFO - [2024-11-09T17:19:52.101+0000] {dag.py:3441} INFO - Setting next_dagrun for dataset_consumes_1_and_2 to None, run_after=None
[2024-11-09T17:19:52.104+0000] {logging_mixin.py:137} INFO - [2024-11-09T17:19:52.104+0000] {dag.py:3441} INFO - Setting next_dagrun for dataset_consumes_1_never_scheduled to None, run_after=None
[2024-11-09T17:19:52.106+0000] {logging_mixin.py:137} INFO - [2024-11-09T17:19:52.106+0000] {dag.py:3441} INFO - Setting next_dagrun for dataset_consumes_unknown_never_scheduled to None, run_after=None
[2024-11-09T17:19:52.112+0000] {logging_mixin.py:137} INFO - [2024-11-09T17:19:52.112+0000] {dag.py:3441} INFO - Setting next_dagrun for dataset_produces_1 to 2024-11-08T00:00:00+00:00, run_after=2024-11-09T00:00:00+00:00
[2024-11-09T17:19:52.113+0000] {logging_mixin.py:137} INFO - [2024-11-09T17:19:52.113+0000] {dag.py:3441} INFO - Setting next_dagrun for dataset_produces_2 to None, run_after=None
[2024-11-09T17:19:52.143+0000] {processor.py:175} INFO - Processing /home/airflow/.local/lib/python3.7/site-packages/airflow/example_dags/example_datasets.py took 0.161 seconds
[2024-11-09T17:20:22.916+0000] {processor.py:153} INFO - Started process (PID=1711) to work on /home/airflow/.local/lib/python3.7/site-packages/airflow/example_dags/example_datasets.py
[2024-11-09T17:20:22.917+0000] {processor.py:743} INFO - Processing file /home/airflow/.local/lib/python3.7/site-packages/airflow/example_dags/example_datasets.py for tasks to queue
[2024-11-09T17:20:22.918+0000] {logging_mixin.py:137} INFO - [2024-11-09T17:20:22.918+0000] {dagbag.py:538} INFO - Filling up the DagBag from /home/airflow/.local/lib/python3.7/site-packages/airflow/example_dags/example_datasets.py
[2024-11-09T17:20:22.927+0000] {processor.py:753} INFO - DAG(s) dict_keys(['dataset_consumes_1_never_scheduled', 'dataset_consumes_unknown_never_scheduled', 'dataset_produces_1', 'dataset_consumes_1_and_2', 'dataset_produces_2', 'dataset_consumes_1']) retrieved from /home/airflow/.local/lib/python3.7/site-packages/airflow/example_dags/example_datasets.py
[2024-11-09T17:20:22.951+0000] {logging_mixin.py:137} INFO - [2024-11-09T17:20:22.951+0000] {dag.py:2690} INFO - Sync 6 DAGs
[2024-11-09T17:20:22.966+0000] {logging_mixin.py:137} INFO - [2024-11-09T17:20:22.966+0000] {dag.py:3441} INFO - Setting next_dagrun for dataset_consumes_1 to None, run_after=None
[2024-11-09T17:20:22.968+0000] {logging_mixin.py:137} INFO - [2024-11-09T17:20:22.968+0000] {dag.py:3441} INFO - Setting next_dagrun for dataset_consumes_1_and_2 to None, run_after=None
[2024-11-09T17:20:22.969+0000] {logging_mixin.py:137} INFO - [2024-11-09T17:20:22.969+0000] {dag.py:3441} INFO - Setting next_dagrun for dataset_consumes_1_never_scheduled to None, run_after=None
[2024-11-09T17:20:22.970+0000] {logging_mixin.py:137} INFO - [2024-11-09T17:20:22.969+0000] {dag.py:3441} INFO - Setting next_dagrun for dataset_consumes_unknown_never_scheduled to None, run_after=None
[2024-11-09T17:20:22.971+0000] {logging_mixin.py:137} INFO - [2024-11-09T17:20:22.971+0000] {dag.py:3441} INFO - Setting next_dagrun for dataset_produces_1 to 2024-11-08T00:00:00+00:00, run_after=2024-11-09T00:00:00+00:00
[2024-11-09T17:20:22.972+0000] {logging_mixin.py:137} INFO - [2024-11-09T17:20:22.972+0000] {dag.py:3441} INFO - Setting next_dagrun for dataset_produces_2 to None, run_after=None
[2024-11-09T17:20:22.990+0000] {processor.py:175} INFO - Processing /home/airflow/.local/lib/python3.7/site-packages/airflow/example_dags/example_datasets.py took 0.076 seconds
[2024-11-09T17:20:51.110+0000] {processor.py:153} INFO - Started process (PID=50) to work on /home/airflow/.local/lib/python3.7/site-packages/airflow/example_dags/example_datasets.py
[2024-11-09T17:20:51.111+0000] {processor.py:743} INFO - Processing file /home/airflow/.local/lib/python3.7/site-packages/airflow/example_dags/example_datasets.py for tasks to queue
[2024-11-09T17:20:51.111+0000] {logging_mixin.py:137} INFO - [2024-11-09T17:20:51.111+0000] {dagbag.py:538} INFO - Filling up the DagBag from /home/airflow/.local/lib/python3.7/site-packages/airflow/example_dags/example_datasets.py
[2024-11-09T17:20:51.122+0000] {processor.py:753} INFO - DAG(s) dict_keys(['dataset_produces_2', 'dataset_consumes_1_never_scheduled', 'dataset_consumes_unknown_never_scheduled', 'dataset_consumes_1_and_2', 'dataset_produces_1', 'dataset_consumes_1']) retrieved from /home/airflow/.local/lib/python3.7/site-packages/airflow/example_dags/example_datasets.py
[2024-11-09T17:20:51.135+0000] {logging_mixin.py:137} INFO - [2024-11-09T17:20:51.135+0000] {dag.py:2690} INFO - Sync 6 DAGs
[2024-11-09T17:20:51.152+0000] {logging_mixin.py:137} INFO - [2024-11-09T17:20:51.151+0000] {dag.py:3441} INFO - Setting next_dagrun for dataset_consumes_1 to None, run_after=None
[2024-11-09T17:20:51.155+0000] {logging_mixin.py:137} INFO - [2024-11-09T17:20:51.155+0000] {dag.py:3441} INFO - Setting next_dagrun for dataset_consumes_1_and_2 to None, run_after=None
[2024-11-09T17:20:51.159+0000] {logging_mixin.py:137} INFO - [2024-11-09T17:20:51.159+0000] {dag.py:3441} INFO - Setting next_dagrun for dataset_consumes_1_never_scheduled to None, run_after=None
[2024-11-09T17:20:51.162+0000] {logging_mixin.py:137} INFO - [2024-11-09T17:20:51.162+0000] {dag.py:3441} INFO - Setting next_dagrun for dataset_consumes_unknown_never_scheduled to None, run_after=None
[2024-11-09T17:20:51.166+0000] {logging_mixin.py:137} INFO - [2024-11-09T17:20:51.166+0000] {dag.py:3441} INFO - Setting next_dagrun for dataset_produces_1 to 2024-11-08T00:00:00+00:00, run_after=2024-11-09T00:00:00+00:00
[2024-11-09T17:20:51.167+0000] {logging_mixin.py:137} INFO - [2024-11-09T17:20:51.167+0000] {dag.py:3441} INFO - Setting next_dagrun for dataset_produces_2 to None, run_after=None
[2024-11-09T17:20:51.196+0000] {processor.py:175} INFO - Processing /home/airflow/.local/lib/python3.7/site-packages/airflow/example_dags/example_datasets.py took 0.088 seconds
[2024-11-09T17:21:22.050+0000] {processor.py:153} INFO - Started process (PID=137) to work on /home/airflow/.local/lib/python3.7/site-packages/airflow/example_dags/example_datasets.py
[2024-11-09T17:21:22.051+0000] {processor.py:743} INFO - Processing file /home/airflow/.local/lib/python3.7/site-packages/airflow/example_dags/example_datasets.py for tasks to queue
[2024-11-09T17:21:22.051+0000] {logging_mixin.py:137} INFO - [2024-11-09T17:21:22.051+0000] {dagbag.py:538} INFO - Filling up the DagBag from /home/airflow/.local/lib/python3.7/site-packages/airflow/example_dags/example_datasets.py
[2024-11-09T17:21:22.061+0000] {processor.py:753} INFO - DAG(s) dict_keys(['dataset_consumes_1_and_2', 'dataset_produces_1', 'dataset_consumes_unknown_never_scheduled', 'dataset_consumes_1_never_scheduled', 'dataset_produces_2', 'dataset_consumes_1']) retrieved from /home/airflow/.local/lib/python3.7/site-packages/airflow/example_dags/example_datasets.py
[2024-11-09T17:21:22.114+0000] {logging_mixin.py:137} INFO - [2024-11-09T17:21:22.114+0000] {dag.py:2690} INFO - Sync 6 DAGs
[2024-11-09T17:21:22.129+0000] {logging_mixin.py:137} INFO - [2024-11-09T17:21:22.129+0000] {dag.py:3441} INFO - Setting next_dagrun for dataset_consumes_1 to None, run_after=None
[2024-11-09T17:21:22.131+0000] {logging_mixin.py:137} INFO - [2024-11-09T17:21:22.131+0000] {dag.py:3441} INFO - Setting next_dagrun for dataset_consumes_1_and_2 to None, run_after=None
[2024-11-09T17:21:22.132+0000] {logging_mixin.py:137} INFO - [2024-11-09T17:21:22.132+0000] {dag.py:3441} INFO - Setting next_dagrun for dataset_consumes_1_never_scheduled to None, run_after=None
[2024-11-09T17:21:22.132+0000] {logging_mixin.py:137} INFO - [2024-11-09T17:21:22.132+0000] {dag.py:3441} INFO - Setting next_dagrun for dataset_consumes_unknown_never_scheduled to None, run_after=None
[2024-11-09T17:21:22.134+0000] {logging_mixin.py:137} INFO - [2024-11-09T17:21:22.134+0000] {dag.py:3441} INFO - Setting next_dagrun for dataset_produces_1 to 2024-11-08T00:00:00+00:00, run_after=2024-11-09T00:00:00+00:00
[2024-11-09T17:21:22.134+0000] {logging_mixin.py:137} INFO - [2024-11-09T17:21:22.134+0000] {dag.py:3441} INFO - Setting next_dagrun for dataset_produces_2 to None, run_after=None
[2024-11-09T17:21:22.162+0000] {processor.py:175} INFO - Processing /home/airflow/.local/lib/python3.7/site-packages/airflow/example_dags/example_datasets.py took 0.114 seconds
[2024-11-09T17:21:52.824+0000] {processor.py:153} INFO - Started process (PID=208) to work on /home/airflow/.local/lib/python3.7/site-packages/airflow/example_dags/example_datasets.py
[2024-11-09T17:21:52.825+0000] {processor.py:743} INFO - Processing file /home/airflow/.local/lib/python3.7/site-packages/airflow/example_dags/example_datasets.py for tasks to queue
[2024-11-09T17:21:52.825+0000] {logging_mixin.py:137} INFO - [2024-11-09T17:21:52.825+0000] {dagbag.py:538} INFO - Filling up the DagBag from /home/airflow/.local/lib/python3.7/site-packages/airflow/example_dags/example_datasets.py
[2024-11-09T17:21:52.834+0000] {processor.py:753} INFO - DAG(s) dict_keys(['dataset_produces_2', 'dataset_consumes_1_never_scheduled', 'dataset_produces_1', 'dataset_consumes_1', 'dataset_consumes_1_and_2', 'dataset_consumes_unknown_never_scheduled']) retrieved from /home/airflow/.local/lib/python3.7/site-packages/airflow/example_dags/example_datasets.py
[2024-11-09T17:21:52.858+0000] {logging_mixin.py:137} INFO - [2024-11-09T17:21:52.858+0000] {dag.py:2690} INFO - Sync 6 DAGs
[2024-11-09T17:21:52.873+0000] {logging_mixin.py:137} INFO - [2024-11-09T17:21:52.873+0000] {dag.py:3441} INFO - Setting next_dagrun for dataset_consumes_1 to None, run_after=None
[2024-11-09T17:21:52.876+0000] {logging_mixin.py:137} INFO - [2024-11-09T17:21:52.876+0000] {dag.py:3441} INFO - Setting next_dagrun for dataset_consumes_1_and_2 to None, run_after=None
[2024-11-09T17:21:52.877+0000] {logging_mixin.py:137} INFO - [2024-11-09T17:21:52.877+0000] {dag.py:3441} INFO - Setting next_dagrun for dataset_consumes_1_never_scheduled to None, run_after=None
[2024-11-09T17:21:52.879+0000] {logging_mixin.py:137} INFO - [2024-11-09T17:21:52.879+0000] {dag.py:3441} INFO - Setting next_dagrun for dataset_consumes_unknown_never_scheduled to None, run_after=None
[2024-11-09T17:21:52.880+0000] {logging_mixin.py:137} INFO - [2024-11-09T17:21:52.880+0000] {dag.py:3441} INFO - Setting next_dagrun for dataset_produces_1 to 2024-11-08T00:00:00+00:00, run_after=2024-11-09T00:00:00+00:00
[2024-11-09T17:21:52.882+0000] {logging_mixin.py:137} INFO - [2024-11-09T17:21:52.882+0000] {dag.py:3441} INFO - Setting next_dagrun for dataset_produces_2 to None, run_after=None
[2024-11-09T17:21:52.904+0000] {processor.py:175} INFO - Processing /home/airflow/.local/lib/python3.7/site-packages/airflow/example_dags/example_datasets.py took 0.081 seconds
[2024-11-09T17:22:23.855+0000] {processor.py:153} INFO - Started process (PID=295) to work on /home/airflow/.local/lib/python3.7/site-packages/airflow/example_dags/example_datasets.py
[2024-11-09T17:22:23.856+0000] {processor.py:743} INFO - Processing file /home/airflow/.local/lib/python3.7/site-packages/airflow/example_dags/example_datasets.py for tasks to queue
[2024-11-09T17:22:23.856+0000] {logging_mixin.py:137} INFO - [2024-11-09T17:22:23.856+0000] {dagbag.py:538} INFO - Filling up the DagBag from /home/airflow/.local/lib/python3.7/site-packages/airflow/example_dags/example_datasets.py
[2024-11-09T17:22:23.864+0000] {processor.py:753} INFO - DAG(s) dict_keys(['dataset_consumes_unknown_never_scheduled', 'dataset_produces_1', 'dataset_consumes_1_never_scheduled', 'dataset_consumes_1', 'dataset_produces_2', 'dataset_consumes_1_and_2']) retrieved from /home/airflow/.local/lib/python3.7/site-packages/airflow/example_dags/example_datasets.py
[2024-11-09T17:22:23.888+0000] {logging_mixin.py:137} INFO - [2024-11-09T17:22:23.888+0000] {dag.py:2690} INFO - Sync 6 DAGs
[2024-11-09T17:22:23.901+0000] {logging_mixin.py:137} INFO - [2024-11-09T17:22:23.901+0000] {dag.py:3441} INFO - Setting next_dagrun for dataset_consumes_1 to None, run_after=None
[2024-11-09T17:22:23.904+0000] {logging_mixin.py:137} INFO - [2024-11-09T17:22:23.904+0000] {dag.py:3441} INFO - Setting next_dagrun for dataset_consumes_1_and_2 to None, run_after=None
[2024-11-09T17:22:23.905+0000] {logging_mixin.py:137} INFO - [2024-11-09T17:22:23.905+0000] {dag.py:3441} INFO - Setting next_dagrun for dataset_consumes_1_never_scheduled to None, run_after=None
[2024-11-09T17:22:23.906+0000] {logging_mixin.py:137} INFO - [2024-11-09T17:22:23.906+0000] {dag.py:3441} INFO - Setting next_dagrun for dataset_consumes_unknown_never_scheduled to None, run_after=None
[2024-11-09T17:22:23.909+0000] {logging_mixin.py:137} INFO - [2024-11-09T17:22:23.909+0000] {dag.py:3441} INFO - Setting next_dagrun for dataset_produces_1 to 2024-11-08T00:00:00+00:00, run_after=2024-11-09T00:00:00+00:00
[2024-11-09T17:22:23.910+0000] {logging_mixin.py:137} INFO - [2024-11-09T17:22:23.910+0000] {dag.py:3441} INFO - Setting next_dagrun for dataset_produces_2 to None, run_after=None
[2024-11-09T17:22:23.932+0000] {processor.py:175} INFO - Processing /home/airflow/.local/lib/python3.7/site-packages/airflow/example_dags/example_datasets.py took 0.079 seconds
[2024-11-09T17:22:54.777+0000] {processor.py:153} INFO - Started process (PID=382) to work on /home/airflow/.local/lib/python3.7/site-packages/airflow/example_dags/example_datasets.py
[2024-11-09T17:22:54.778+0000] {processor.py:743} INFO - Processing file /home/airflow/.local/lib/python3.7/site-packages/airflow/example_dags/example_datasets.py for tasks to queue
[2024-11-09T17:22:54.779+0000] {logging_mixin.py:137} INFO - [2024-11-09T17:22:54.778+0000] {dagbag.py:538} INFO - Filling up the DagBag from /home/airflow/.local/lib/python3.7/site-packages/airflow/example_dags/example_datasets.py
[2024-11-09T17:22:54.788+0000] {processor.py:753} INFO - DAG(s) dict_keys(['dataset_consumes_1_never_scheduled', 'dataset_consumes_unknown_never_scheduled', 'dataset_produces_2', 'dataset_consumes_1', 'dataset_consumes_1_and_2', 'dataset_produces_1']) retrieved from /home/airflow/.local/lib/python3.7/site-packages/airflow/example_dags/example_datasets.py
[2024-11-09T17:22:54.815+0000] {logging_mixin.py:137} INFO - [2024-11-09T17:22:54.814+0000] {dag.py:2690} INFO - Sync 6 DAGs
[2024-11-09T17:22:54.832+0000] {logging_mixin.py:137} INFO - [2024-11-09T17:22:54.832+0000] {dag.py:3441} INFO - Setting next_dagrun for dataset_consumes_1 to None, run_after=None
[2024-11-09T17:22:54.835+0000] {logging_mixin.py:137} INFO - [2024-11-09T17:22:54.835+0000] {dag.py:3441} INFO - Setting next_dagrun for dataset_consumes_1_and_2 to None, run_after=None
[2024-11-09T17:22:54.837+0000] {logging_mixin.py:137} INFO - [2024-11-09T17:22:54.836+0000] {dag.py:3441} INFO - Setting next_dagrun for dataset_consumes_1_never_scheduled to None, run_after=None
[2024-11-09T17:22:54.837+0000] {logging_mixin.py:137} INFO - [2024-11-09T17:22:54.837+0000] {dag.py:3441} INFO - Setting next_dagrun for dataset_consumes_unknown_never_scheduled to None, run_after=None
[2024-11-09T17:22:54.839+0000] {logging_mixin.py:137} INFO - [2024-11-09T17:22:54.838+0000] {dag.py:3441} INFO - Setting next_dagrun for dataset_produces_1 to 2024-11-08T00:00:00+00:00, run_after=2024-11-09T00:00:00+00:00
[2024-11-09T17:22:54.839+0000] {logging_mixin.py:137} INFO - [2024-11-09T17:22:54.839+0000] {dag.py:3441} INFO - Setting next_dagrun for dataset_produces_2 to None, run_after=None
[2024-11-09T17:22:54.860+0000] {processor.py:175} INFO - Processing /home/airflow/.local/lib/python3.7/site-packages/airflow/example_dags/example_datasets.py took 0.085 seconds
[2024-11-09T17:23:25.612+0000] {processor.py:153} INFO - Started process (PID=460) to work on /home/airflow/.local/lib/python3.7/site-packages/airflow/example_dags/example_datasets.py
[2024-11-09T17:23:25.613+0000] {processor.py:743} INFO - Processing file /home/airflow/.local/lib/python3.7/site-packages/airflow/example_dags/example_datasets.py for tasks to queue
[2024-11-09T17:23:25.614+0000] {logging_mixin.py:137} INFO - [2024-11-09T17:23:25.614+0000] {dagbag.py:538} INFO - Filling up the DagBag from /home/airflow/.local/lib/python3.7/site-packages/airflow/example_dags/example_datasets.py
[2024-11-09T17:23:25.624+0000] {processor.py:753} INFO - DAG(s) dict_keys(['dataset_consumes_1', 'dataset_consumes_unknown_never_scheduled', 'dataset_consumes_1_and_2', 'dataset_produces_1', 'dataset_consumes_1_never_scheduled', 'dataset_produces_2']) retrieved from /home/airflow/.local/lib/python3.7/site-packages/airflow/example_dags/example_datasets.py
[2024-11-09T17:23:25.648+0000] {logging_mixin.py:137} INFO - [2024-11-09T17:23:25.648+0000] {dag.py:2690} INFO - Sync 6 DAGs
[2024-11-09T17:23:25.664+0000] {logging_mixin.py:137} INFO - [2024-11-09T17:23:25.664+0000] {dag.py:3441} INFO - Setting next_dagrun for dataset_consumes_1 to None, run_after=None
[2024-11-09T17:23:25.666+0000] {logging_mixin.py:137} INFO - [2024-11-09T17:23:25.666+0000] {dag.py:3441} INFO - Setting next_dagrun for dataset_consumes_1_and_2 to None, run_after=None
[2024-11-09T17:23:25.667+0000] {logging_mixin.py:137} INFO - [2024-11-09T17:23:25.667+0000] {dag.py:3441} INFO - Setting next_dagrun for dataset_consumes_1_never_scheduled to None, run_after=None
[2024-11-09T17:23:25.668+0000] {logging_mixin.py:137} INFO - [2024-11-09T17:23:25.668+0000] {dag.py:3441} INFO - Setting next_dagrun for dataset_consumes_unknown_never_scheduled to None, run_after=None
[2024-11-09T17:23:25.669+0000] {logging_mixin.py:137} INFO - [2024-11-09T17:23:25.669+0000] {dag.py:3441} INFO - Setting next_dagrun for dataset_produces_1 to 2024-11-08T00:00:00+00:00, run_after=2024-11-09T00:00:00+00:00
[2024-11-09T17:23:25.670+0000] {logging_mixin.py:137} INFO - [2024-11-09T17:23:25.670+0000] {dag.py:3441} INFO - Setting next_dagrun for dataset_produces_2 to None, run_after=None
[2024-11-09T17:23:25.691+0000] {processor.py:175} INFO - Processing /home/airflow/.local/lib/python3.7/site-packages/airflow/example_dags/example_datasets.py took 0.081 seconds
[2024-11-09T17:28:53.327+0000] {processor.py:153} INFO - Started process (PID=50) to work on /home/airflow/.local/lib/python3.7/site-packages/airflow/example_dags/example_datasets.py
[2024-11-09T17:28:53.328+0000] {processor.py:743} INFO - Processing file /home/airflow/.local/lib/python3.7/site-packages/airflow/example_dags/example_datasets.py for tasks to queue
[2024-11-09T17:28:53.329+0000] {logging_mixin.py:137} INFO - [2024-11-09T17:28:53.329+0000] {dagbag.py:538} INFO - Filling up the DagBag from /home/airflow/.local/lib/python3.7/site-packages/airflow/example_dags/example_datasets.py
[2024-11-09T17:28:53.338+0000] {processor.py:753} INFO - DAG(s) dict_keys(['dataset_consumes_1_and_2', 'dataset_produces_1', 'dataset_consumes_1', 'dataset_produces_2', 'dataset_consumes_unknown_never_scheduled', 'dataset_consumes_1_never_scheduled']) retrieved from /home/airflow/.local/lib/python3.7/site-packages/airflow/example_dags/example_datasets.py
[2024-11-09T17:28:53.348+0000] {logging_mixin.py:137} INFO - [2024-11-09T17:28:53.348+0000] {dag.py:2690} INFO - Sync 6 DAGs
[2024-11-09T17:28:53.363+0000] {logging_mixin.py:137} INFO - [2024-11-09T17:28:53.363+0000] {dag.py:3441} INFO - Setting next_dagrun for dataset_consumes_1 to None, run_after=None
[2024-11-09T17:28:53.365+0000] {logging_mixin.py:137} INFO - [2024-11-09T17:28:53.365+0000] {dag.py:3441} INFO - Setting next_dagrun for dataset_consumes_1_and_2 to None, run_after=None
[2024-11-09T17:28:53.366+0000] {logging_mixin.py:137} INFO - [2024-11-09T17:28:53.366+0000] {dag.py:3441} INFO - Setting next_dagrun for dataset_consumes_1_never_scheduled to None, run_after=None
[2024-11-09T17:28:53.366+0000] {logging_mixin.py:137} INFO - [2024-11-09T17:28:53.366+0000] {dag.py:3441} INFO - Setting next_dagrun for dataset_consumes_unknown_never_scheduled to None, run_after=None
[2024-11-09T17:28:53.368+0000] {logging_mixin.py:137} INFO - [2024-11-09T17:28:53.368+0000] {dag.py:3441} INFO - Setting next_dagrun for dataset_produces_1 to 2024-11-08T00:00:00+00:00, run_after=2024-11-09T00:00:00+00:00
[2024-11-09T17:28:53.368+0000] {logging_mixin.py:137} INFO - [2024-11-09T17:28:53.368+0000] {dag.py:3441} INFO - Setting next_dagrun for dataset_produces_2 to None, run_after=None
[2024-11-09T17:28:53.389+0000] {processor.py:175} INFO - Processing /home/airflow/.local/lib/python3.7/site-packages/airflow/example_dags/example_datasets.py took 0.064 seconds
[2024-11-09T17:29:24.054+0000] {processor.py:153} INFO - Started process (PID=137) to work on /home/airflow/.local/lib/python3.7/site-packages/airflow/example_dags/example_datasets.py
[2024-11-09T17:29:24.054+0000] {processor.py:743} INFO - Processing file /home/airflow/.local/lib/python3.7/site-packages/airflow/example_dags/example_datasets.py for tasks to queue
[2024-11-09T17:29:24.055+0000] {logging_mixin.py:137} INFO - [2024-11-09T17:29:24.055+0000] {dagbag.py:538} INFO - Filling up the DagBag from /home/airflow/.local/lib/python3.7/site-packages/airflow/example_dags/example_datasets.py
[2024-11-09T17:29:24.064+0000] {processor.py:753} INFO - DAG(s) dict_keys(['dataset_produces_2', 'dataset_produces_1', 'dataset_consumes_1_never_scheduled', 'dataset_consumes_1_and_2', 'dataset_consumes_unknown_never_scheduled', 'dataset_consumes_1']) retrieved from /home/airflow/.local/lib/python3.7/site-packages/airflow/example_dags/example_datasets.py
[2024-11-09T17:29:24.116+0000] {logging_mixin.py:137} INFO - [2024-11-09T17:29:24.115+0000] {dag.py:2690} INFO - Sync 6 DAGs
[2024-11-09T17:29:24.131+0000] {logging_mixin.py:137} INFO - [2024-11-09T17:29:24.131+0000] {dag.py:3441} INFO - Setting next_dagrun for dataset_consumes_1 to None, run_after=None
[2024-11-09T17:29:24.134+0000] {logging_mixin.py:137} INFO - [2024-11-09T17:29:24.134+0000] {dag.py:3441} INFO - Setting next_dagrun for dataset_consumes_1_and_2 to None, run_after=None
[2024-11-09T17:29:24.135+0000] {logging_mixin.py:137} INFO - [2024-11-09T17:29:24.135+0000] {dag.py:3441} INFO - Setting next_dagrun for dataset_consumes_1_never_scheduled to None, run_after=None
[2024-11-09T17:29:24.135+0000] {logging_mixin.py:137} INFO - [2024-11-09T17:29:24.135+0000] {dag.py:3441} INFO - Setting next_dagrun for dataset_consumes_unknown_never_scheduled to None, run_after=None
[2024-11-09T17:29:24.136+0000] {logging_mixin.py:137} INFO - [2024-11-09T17:29:24.136+0000] {dag.py:3441} INFO - Setting next_dagrun for dataset_produces_1 to 2024-11-08T00:00:00+00:00, run_after=2024-11-09T00:00:00+00:00
[2024-11-09T17:29:24.137+0000] {logging_mixin.py:137} INFO - [2024-11-09T17:29:24.137+0000] {dag.py:3441} INFO - Setting next_dagrun for dataset_produces_2 to None, run_after=None
[2024-11-09T17:29:24.173+0000] {processor.py:175} INFO - Processing /home/airflow/.local/lib/python3.7/site-packages/airflow/example_dags/example_datasets.py took 0.121 seconds
[2024-11-09T17:29:54.837+0000] {processor.py:153} INFO - Started process (PID=208) to work on /home/airflow/.local/lib/python3.7/site-packages/airflow/example_dags/example_datasets.py
[2024-11-09T17:29:54.838+0000] {processor.py:743} INFO - Processing file /home/airflow/.local/lib/python3.7/site-packages/airflow/example_dags/example_datasets.py for tasks to queue
[2024-11-09T17:29:54.838+0000] {logging_mixin.py:137} INFO - [2024-11-09T17:29:54.838+0000] {dagbag.py:538} INFO - Filling up the DagBag from /home/airflow/.local/lib/python3.7/site-packages/airflow/example_dags/example_datasets.py
[2024-11-09T17:29:54.847+0000] {processor.py:753} INFO - DAG(s) dict_keys(['dataset_consumes_unknown_never_scheduled', 'dataset_produces_2', 'dataset_consumes_1_never_scheduled', 'dataset_consumes_1', 'dataset_produces_1', 'dataset_consumes_1_and_2']) retrieved from /home/airflow/.local/lib/python3.7/site-packages/airflow/example_dags/example_datasets.py
[2024-11-09T17:29:54.882+0000] {logging_mixin.py:137} INFO - [2024-11-09T17:29:54.882+0000] {dag.py:2690} INFO - Sync 6 DAGs
[2024-11-09T17:29:54.896+0000] {logging_mixin.py:137} INFO - [2024-11-09T17:29:54.896+0000] {dag.py:3441} INFO - Setting next_dagrun for dataset_consumes_1 to None, run_after=None
[2024-11-09T17:29:54.897+0000] {logging_mixin.py:137} INFO - [2024-11-09T17:29:54.897+0000] {dag.py:3441} INFO - Setting next_dagrun for dataset_consumes_1_and_2 to None, run_after=None
[2024-11-09T17:29:54.898+0000] {logging_mixin.py:137} INFO - [2024-11-09T17:29:54.898+0000] {dag.py:3441} INFO - Setting next_dagrun for dataset_consumes_1_never_scheduled to None, run_after=None
[2024-11-09T17:29:54.899+0000] {logging_mixin.py:137} INFO - [2024-11-09T17:29:54.899+0000] {dag.py:3441} INFO - Setting next_dagrun for dataset_consumes_unknown_never_scheduled to None, run_after=None
[2024-11-09T17:29:54.901+0000] {logging_mixin.py:137} INFO - [2024-11-09T17:29:54.901+0000] {dag.py:3441} INFO - Setting next_dagrun for dataset_produces_1 to 2024-11-08T00:00:00+00:00, run_after=2024-11-09T00:00:00+00:00
[2024-11-09T17:29:54.904+0000] {logging_mixin.py:137} INFO - [2024-11-09T17:29:54.904+0000] {dag.py:3441} INFO - Setting next_dagrun for dataset_produces_2 to None, run_after=None
[2024-11-09T17:29:54.923+0000] {processor.py:175} INFO - Processing /home/airflow/.local/lib/python3.7/site-packages/airflow/example_dags/example_datasets.py took 0.087 seconds
[2024-11-09T17:30:14.299+0000] {processor.py:153} INFO - Started process (PID=50) to work on /home/airflow/.local/lib/python3.7/site-packages/airflow/example_dags/example_datasets.py
[2024-11-09T17:30:14.301+0000] {processor.py:743} INFO - Processing file /home/airflow/.local/lib/python3.7/site-packages/airflow/example_dags/example_datasets.py for tasks to queue
[2024-11-09T17:30:14.303+0000] {logging_mixin.py:137} INFO - [2024-11-09T17:30:14.303+0000] {dagbag.py:538} INFO - Filling up the DagBag from /home/airflow/.local/lib/python3.7/site-packages/airflow/example_dags/example_datasets.py
[2024-11-09T17:30:14.319+0000] {processor.py:753} INFO - DAG(s) dict_keys(['dataset_consumes_1_and_2', 'dataset_produces_2', 'dataset_consumes_1', 'dataset_produces_1', 'dataset_consumes_1_never_scheduled', 'dataset_consumes_unknown_never_scheduled']) retrieved from /home/airflow/.local/lib/python3.7/site-packages/airflow/example_dags/example_datasets.py
[2024-11-09T17:30:14.335+0000] {logging_mixin.py:137} INFO - [2024-11-09T17:30:14.334+0000] {dag.py:2690} INFO - Sync 6 DAGs
[2024-11-09T17:30:14.355+0000] {logging_mixin.py:137} INFO - [2024-11-09T17:30:14.355+0000] {dag.py:3441} INFO - Setting next_dagrun for dataset_consumes_1 to None, run_after=None
[2024-11-09T17:30:14.357+0000] {logging_mixin.py:137} INFO - [2024-11-09T17:30:14.357+0000] {dag.py:3441} INFO - Setting next_dagrun for dataset_consumes_1_and_2 to None, run_after=None
[2024-11-09T17:30:14.358+0000] {logging_mixin.py:137} INFO - [2024-11-09T17:30:14.358+0000] {dag.py:3441} INFO - Setting next_dagrun for dataset_consumes_1_never_scheduled to None, run_after=None
[2024-11-09T17:30:14.359+0000] {logging_mixin.py:137} INFO - [2024-11-09T17:30:14.359+0000] {dag.py:3441} INFO - Setting next_dagrun for dataset_consumes_unknown_never_scheduled to None, run_after=None
[2024-11-09T17:30:14.360+0000] {logging_mixin.py:137} INFO - [2024-11-09T17:30:14.360+0000] {dag.py:3441} INFO - Setting next_dagrun for dataset_produces_1 to 2024-11-08T00:00:00+00:00, run_after=2024-11-09T00:00:00+00:00
[2024-11-09T17:30:14.361+0000] {logging_mixin.py:137} INFO - [2024-11-09T17:30:14.361+0000] {dag.py:3441} INFO - Setting next_dagrun for dataset_produces_2 to None, run_after=None
[2024-11-09T17:30:14.383+0000] {processor.py:175} INFO - Processing /home/airflow/.local/lib/python3.7/site-packages/airflow/example_dags/example_datasets.py took 0.087 seconds
[2024-11-09T17:30:45.085+0000] {processor.py:153} INFO - Started process (PID=137) to work on /home/airflow/.local/lib/python3.7/site-packages/airflow/example_dags/example_datasets.py
[2024-11-09T17:30:45.086+0000] {processor.py:743} INFO - Processing file /home/airflow/.local/lib/python3.7/site-packages/airflow/example_dags/example_datasets.py for tasks to queue
[2024-11-09T17:30:45.087+0000] {logging_mixin.py:137} INFO - [2024-11-09T17:30:45.087+0000] {dagbag.py:538} INFO - Filling up the DagBag from /home/airflow/.local/lib/python3.7/site-packages/airflow/example_dags/example_datasets.py
[2024-11-09T17:30:45.095+0000] {processor.py:753} INFO - DAG(s) dict_keys(['dataset_produces_2', 'dataset_consumes_1_never_scheduled', 'dataset_consumes_unknown_never_scheduled', 'dataset_consumes_1', 'dataset_consumes_1_and_2', 'dataset_produces_1']) retrieved from /home/airflow/.local/lib/python3.7/site-packages/airflow/example_dags/example_datasets.py
[2024-11-09T17:30:45.140+0000] {logging_mixin.py:137} INFO - [2024-11-09T17:30:45.139+0000] {dag.py:2690} INFO - Sync 6 DAGs
[2024-11-09T17:30:45.154+0000] {logging_mixin.py:137} INFO - [2024-11-09T17:30:45.154+0000] {dag.py:3441} INFO - Setting next_dagrun for dataset_consumes_1 to None, run_after=None
[2024-11-09T17:30:45.156+0000] {logging_mixin.py:137} INFO - [2024-11-09T17:30:45.156+0000] {dag.py:3441} INFO - Setting next_dagrun for dataset_consumes_1_and_2 to None, run_after=None
[2024-11-09T17:30:45.157+0000] {logging_mixin.py:137} INFO - [2024-11-09T17:30:45.157+0000] {dag.py:3441} INFO - Setting next_dagrun for dataset_consumes_1_never_scheduled to None, run_after=None
[2024-11-09T17:30:45.157+0000] {logging_mixin.py:137} INFO - [2024-11-09T17:30:45.157+0000] {dag.py:3441} INFO - Setting next_dagrun for dataset_consumes_unknown_never_scheduled to None, run_after=None
[2024-11-09T17:30:45.159+0000] {logging_mixin.py:137} INFO - [2024-11-09T17:30:45.159+0000] {dag.py:3441} INFO - Setting next_dagrun for dataset_produces_1 to 2024-11-08T00:00:00+00:00, run_after=2024-11-09T00:00:00+00:00
[2024-11-09T17:30:45.160+0000] {logging_mixin.py:137} INFO - [2024-11-09T17:30:45.159+0000] {dag.py:3441} INFO - Setting next_dagrun for dataset_produces_2 to None, run_after=None
[2024-11-09T17:30:45.182+0000] {processor.py:175} INFO - Processing /home/airflow/.local/lib/python3.7/site-packages/airflow/example_dags/example_datasets.py took 0.099 seconds
[2024-11-09T17:31:15.753+0000] {processor.py:153} INFO - Started process (PID=208) to work on /home/airflow/.local/lib/python3.7/site-packages/airflow/example_dags/example_datasets.py
[2024-11-09T17:31:15.755+0000] {processor.py:743} INFO - Processing file /home/airflow/.local/lib/python3.7/site-packages/airflow/example_dags/example_datasets.py for tasks to queue
[2024-11-09T17:31:15.756+0000] {logging_mixin.py:137} INFO - [2024-11-09T17:31:15.756+0000] {dagbag.py:538} INFO - Filling up the DagBag from /home/airflow/.local/lib/python3.7/site-packages/airflow/example_dags/example_datasets.py
[2024-11-09T17:31:15.765+0000] {processor.py:753} INFO - DAG(s) dict_keys(['dataset_produces_2', 'dataset_consumes_1', 'dataset_consumes_1_never_scheduled', 'dataset_consumes_1_and_2', 'dataset_consumes_unknown_never_scheduled', 'dataset_produces_1']) retrieved from /home/airflow/.local/lib/python3.7/site-packages/airflow/example_dags/example_datasets.py
[2024-11-09T17:31:15.789+0000] {logging_mixin.py:137} INFO - [2024-11-09T17:31:15.789+0000] {dag.py:2690} INFO - Sync 6 DAGs
[2024-11-09T17:31:15.803+0000] {logging_mixin.py:137} INFO - [2024-11-09T17:31:15.803+0000] {dag.py:3441} INFO - Setting next_dagrun for dataset_consumes_1 to None, run_after=None
[2024-11-09T17:31:15.805+0000] {logging_mixin.py:137} INFO - [2024-11-09T17:31:15.805+0000] {dag.py:3441} INFO - Setting next_dagrun for dataset_consumes_1_and_2 to None, run_after=None
[2024-11-09T17:31:15.806+0000] {logging_mixin.py:137} INFO - [2024-11-09T17:31:15.805+0000] {dag.py:3441} INFO - Setting next_dagrun for dataset_consumes_1_never_scheduled to None, run_after=None
[2024-11-09T17:31:15.806+0000] {logging_mixin.py:137} INFO - [2024-11-09T17:31:15.806+0000] {dag.py:3441} INFO - Setting next_dagrun for dataset_consumes_unknown_never_scheduled to None, run_after=None
[2024-11-09T17:31:15.807+0000] {logging_mixin.py:137} INFO - [2024-11-09T17:31:15.807+0000] {dag.py:3441} INFO - Setting next_dagrun for dataset_produces_1 to 2024-11-08T00:00:00+00:00, run_after=2024-11-09T00:00:00+00:00
[2024-11-09T17:31:15.808+0000] {logging_mixin.py:137} INFO - [2024-11-09T17:31:15.808+0000] {dag.py:3441} INFO - Setting next_dagrun for dataset_produces_2 to None, run_after=None
[2024-11-09T17:31:15.824+0000] {processor.py:175} INFO - Processing /home/airflow/.local/lib/python3.7/site-packages/airflow/example_dags/example_datasets.py took 0.072 seconds
[2024-11-09T17:31:46.340+0000] {processor.py:153} INFO - Started process (PID=295) to work on /home/airflow/.local/lib/python3.7/site-packages/airflow/example_dags/example_datasets.py
[2024-11-09T17:31:46.341+0000] {processor.py:743} INFO - Processing file /home/airflow/.local/lib/python3.7/site-packages/airflow/example_dags/example_datasets.py for tasks to queue
[2024-11-09T17:31:46.341+0000] {logging_mixin.py:137} INFO - [2024-11-09T17:31:46.341+0000] {dagbag.py:538} INFO - Filling up the DagBag from /home/airflow/.local/lib/python3.7/site-packages/airflow/example_dags/example_datasets.py
[2024-11-09T17:31:46.349+0000] {processor.py:753} INFO - DAG(s) dict_keys(['dataset_produces_1', 'dataset_produces_2', 'dataset_consumes_1', 'dataset_consumes_1_never_scheduled', 'dataset_consumes_unknown_never_scheduled', 'dataset_consumes_1_and_2']) retrieved from /home/airflow/.local/lib/python3.7/site-packages/airflow/example_dags/example_datasets.py
[2024-11-09T17:31:46.369+0000] {logging_mixin.py:137} INFO - [2024-11-09T17:31:46.369+0000] {dag.py:2690} INFO - Sync 6 DAGs
[2024-11-09T17:31:46.383+0000] {logging_mixin.py:137} INFO - [2024-11-09T17:31:46.383+0000] {dag.py:3441} INFO - Setting next_dagrun for dataset_consumes_1 to None, run_after=None
[2024-11-09T17:31:46.385+0000] {logging_mixin.py:137} INFO - [2024-11-09T17:31:46.384+0000] {dag.py:3441} INFO - Setting next_dagrun for dataset_consumes_1_and_2 to None, run_after=None
[2024-11-09T17:31:46.385+0000] {logging_mixin.py:137} INFO - [2024-11-09T17:31:46.385+0000] {dag.py:3441} INFO - Setting next_dagrun for dataset_consumes_1_never_scheduled to None, run_after=None
[2024-11-09T17:31:46.386+0000] {logging_mixin.py:137} INFO - [2024-11-09T17:31:46.386+0000] {dag.py:3441} INFO - Setting next_dagrun for dataset_consumes_unknown_never_scheduled to None, run_after=None
[2024-11-09T17:31:46.387+0000] {logging_mixin.py:137} INFO - [2024-11-09T17:31:46.387+0000] {dag.py:3441} INFO - Setting next_dagrun for dataset_produces_1 to 2024-11-08T00:00:00+00:00, run_after=2024-11-09T00:00:00+00:00
[2024-11-09T17:31:46.388+0000] {logging_mixin.py:137} INFO - [2024-11-09T17:31:46.388+0000] {dag.py:3441} INFO - Setting next_dagrun for dataset_produces_2 to None, run_after=None
[2024-11-09T17:31:46.409+0000] {processor.py:175} INFO - Processing /home/airflow/.local/lib/python3.7/site-packages/airflow/example_dags/example_datasets.py took 0.071 seconds
[2024-11-09T17:32:16.955+0000] {processor.py:153} INFO - Started process (PID=382) to work on /home/airflow/.local/lib/python3.7/site-packages/airflow/example_dags/example_datasets.py
[2024-11-09T17:32:16.960+0000] {processor.py:743} INFO - Processing file /home/airflow/.local/lib/python3.7/site-packages/airflow/example_dags/example_datasets.py for tasks to queue
[2024-11-09T17:32:16.961+0000] {logging_mixin.py:137} INFO - [2024-11-09T17:32:16.961+0000] {dagbag.py:538} INFO - Filling up the DagBag from /home/airflow/.local/lib/python3.7/site-packages/airflow/example_dags/example_datasets.py
[2024-11-09T17:32:16.969+0000] {processor.py:753} INFO - DAG(s) dict_keys(['dataset_produces_2', 'dataset_consumes_1', 'dataset_consumes_1_never_scheduled', 'dataset_consumes_1_and_2', 'dataset_consumes_unknown_never_scheduled', 'dataset_produces_1']) retrieved from /home/airflow/.local/lib/python3.7/site-packages/airflow/example_dags/example_datasets.py
[2024-11-09T17:32:16.992+0000] {logging_mixin.py:137} INFO - [2024-11-09T17:32:16.992+0000] {dag.py:2690} INFO - Sync 6 DAGs
[2024-11-09T17:32:17.008+0000] {logging_mixin.py:137} INFO - [2024-11-09T17:32:17.008+0000] {dag.py:3441} INFO - Setting next_dagrun for dataset_consumes_1 to None, run_after=None
[2024-11-09T17:32:17.009+0000] {logging_mixin.py:137} INFO - [2024-11-09T17:32:17.009+0000] {dag.py:3441} INFO - Setting next_dagrun for dataset_consumes_1_and_2 to None, run_after=None
[2024-11-09T17:32:17.010+0000] {logging_mixin.py:137} INFO - [2024-11-09T17:32:17.010+0000] {dag.py:3441} INFO - Setting next_dagrun for dataset_consumes_1_never_scheduled to None, run_after=None
[2024-11-09T17:32:17.011+0000] {logging_mixin.py:137} INFO - [2024-11-09T17:32:17.011+0000] {dag.py:3441} INFO - Setting next_dagrun for dataset_consumes_unknown_never_scheduled to None, run_after=None
[2024-11-09T17:32:17.012+0000] {logging_mixin.py:137} INFO - [2024-11-09T17:32:17.012+0000] {dag.py:3441} INFO - Setting next_dagrun for dataset_produces_1 to 2024-11-08T00:00:00+00:00, run_after=2024-11-09T00:00:00+00:00
[2024-11-09T17:32:17.012+0000] {logging_mixin.py:137} INFO - [2024-11-09T17:32:17.012+0000] {dag.py:3441} INFO - Setting next_dagrun for dataset_produces_2 to None, run_after=None
[2024-11-09T17:32:17.029+0000] {processor.py:175} INFO - Processing /home/airflow/.local/lib/python3.7/site-packages/airflow/example_dags/example_datasets.py took 0.076 seconds
[2024-11-09T17:32:47.660+0000] {processor.py:153} INFO - Started process (PID=453) to work on /home/airflow/.local/lib/python3.7/site-packages/airflow/example_dags/example_datasets.py
[2024-11-09T17:32:47.661+0000] {processor.py:743} INFO - Processing file /home/airflow/.local/lib/python3.7/site-packages/airflow/example_dags/example_datasets.py for tasks to queue
[2024-11-09T17:32:47.665+0000] {logging_mixin.py:137} INFO - [2024-11-09T17:32:47.665+0000] {dagbag.py:538} INFO - Filling up the DagBag from /home/airflow/.local/lib/python3.7/site-packages/airflow/example_dags/example_datasets.py
[2024-11-09T17:32:47.675+0000] {processor.py:753} INFO - DAG(s) dict_keys(['dataset_consumes_1', 'dataset_produces_2', 'dataset_consumes_1_never_scheduled', 'dataset_consumes_unknown_never_scheduled', 'dataset_produces_1', 'dataset_consumes_1_and_2']) retrieved from /home/airflow/.local/lib/python3.7/site-packages/airflow/example_dags/example_datasets.py
[2024-11-09T17:32:47.698+0000] {logging_mixin.py:137} INFO - [2024-11-09T17:32:47.698+0000] {dag.py:2690} INFO - Sync 6 DAGs
[2024-11-09T17:32:47.713+0000] {logging_mixin.py:137} INFO - [2024-11-09T17:32:47.713+0000] {dag.py:3441} INFO - Setting next_dagrun for dataset_consumes_1 to None, run_after=None
[2024-11-09T17:32:47.715+0000] {logging_mixin.py:137} INFO - [2024-11-09T17:32:47.715+0000] {dag.py:3441} INFO - Setting next_dagrun for dataset_consumes_1_and_2 to None, run_after=None
[2024-11-09T17:32:47.716+0000] {logging_mixin.py:137} INFO - [2024-11-09T17:32:47.716+0000] {dag.py:3441} INFO - Setting next_dagrun for dataset_consumes_1_never_scheduled to None, run_after=None
[2024-11-09T17:32:47.717+0000] {logging_mixin.py:137} INFO - [2024-11-09T17:32:47.716+0000] {dag.py:3441} INFO - Setting next_dagrun for dataset_consumes_unknown_never_scheduled to None, run_after=None
[2024-11-09T17:32:47.719+0000] {logging_mixin.py:137} INFO - [2024-11-09T17:32:47.719+0000] {dag.py:3441} INFO - Setting next_dagrun for dataset_produces_1 to 2024-11-08T00:00:00+00:00, run_after=2024-11-09T00:00:00+00:00
[2024-11-09T17:32:47.724+0000] {logging_mixin.py:137} INFO - [2024-11-09T17:32:47.724+0000] {dag.py:3441} INFO - Setting next_dagrun for dataset_produces_2 to None, run_after=None
[2024-11-09T17:32:47.763+0000] {processor.py:175} INFO - Processing /home/airflow/.local/lib/python3.7/site-packages/airflow/example_dags/example_datasets.py took 0.105 seconds
