[2024-11-09T17:10:06.768+0000] {processor.py:153} INFO - Started process (PID=79) to work on /home/airflow/.local/lib/python3.7/site-packages/airflow/example_dags/example_sensor_decorator.py
[2024-11-09T17:10:06.769+0000] {processor.py:743} INFO - Processing file /home/airflow/.local/lib/python3.7/site-packages/airflow/example_dags/example_sensor_decorator.py for tasks to queue
[2024-11-09T17:10:06.769+0000] {logging_mixin.py:137} INFO - [2024-11-09T17:10:06.769+0000] {dagbag.py:538} INFO - Filling up the DagBag from /home/airflow/.local/lib/python3.7/site-packages/airflow/example_dags/example_sensor_decorator.py
[2024-11-09T17:10:06.783+0000] {processor.py:753} INFO - DAG(s) dict_keys(['example_sensor_decorator']) retrieved from /home/airflow/.local/lib/python3.7/site-packages/airflow/example_dags/example_sensor_decorator.py
[2024-11-09T17:10:06.794+0000] {logging_mixin.py:137} INFO - [2024-11-09T17:10:06.794+0000] {dag.py:2690} INFO - Sync 1 DAGs
[2024-11-09T17:10:06.828+0000] {logging_mixin.py:137} INFO - [2024-11-09T17:10:06.828+0000] {dag.py:3441} INFO - Setting next_dagrun for example_sensor_decorator to None, run_after=None
[2024-11-09T17:10:06.863+0000] {processor.py:175} INFO - Processing /home/airflow/.local/lib/python3.7/site-packages/airflow/example_dags/example_sensor_decorator.py took 0.098 seconds
[2024-11-09T17:10:37.528+0000] {processor.py:153} INFO - Started process (PID=166) to work on /home/airflow/.local/lib/python3.7/site-packages/airflow/example_dags/example_sensor_decorator.py
[2024-11-09T17:10:37.529+0000] {processor.py:743} INFO - Processing file /home/airflow/.local/lib/python3.7/site-packages/airflow/example_dags/example_sensor_decorator.py for tasks to queue
[2024-11-09T17:10:37.529+0000] {logging_mixin.py:137} INFO - [2024-11-09T17:10:37.529+0000] {dagbag.py:538} INFO - Filling up the DagBag from /home/airflow/.local/lib/python3.7/site-packages/airflow/example_dags/example_sensor_decorator.py
[2024-11-09T17:10:37.541+0000] {processor.py:753} INFO - DAG(s) dict_keys(['example_sensor_decorator']) retrieved from /home/airflow/.local/lib/python3.7/site-packages/airflow/example_dags/example_sensor_decorator.py
[2024-11-09T17:10:37.556+0000] {logging_mixin.py:137} INFO - [2024-11-09T17:10:37.556+0000] {dag.py:2690} INFO - Sync 1 DAGs
[2024-11-09T17:10:37.569+0000] {logging_mixin.py:137} INFO - [2024-11-09T17:10:37.569+0000] {dag.py:3441} INFO - Setting next_dagrun for example_sensor_decorator to None, run_after=None
[2024-11-09T17:10:37.585+0000] {processor.py:175} INFO - Processing /home/airflow/.local/lib/python3.7/site-packages/airflow/example_dags/example_sensor_decorator.py took 0.058 seconds
[2024-11-09T17:11:08.268+0000] {processor.py:153} INFO - Started process (PID=246) to work on /home/airflow/.local/lib/python3.7/site-packages/airflow/example_dags/example_sensor_decorator.py
[2024-11-09T17:11:08.269+0000] {processor.py:743} INFO - Processing file /home/airflow/.local/lib/python3.7/site-packages/airflow/example_dags/example_sensor_decorator.py for tasks to queue
[2024-11-09T17:11:08.270+0000] {logging_mixin.py:137} INFO - [2024-11-09T17:11:08.270+0000] {dagbag.py:538} INFO - Filling up the DagBag from /home/airflow/.local/lib/python3.7/site-packages/airflow/example_dags/example_sensor_decorator.py
[2024-11-09T17:11:08.301+0000] {processor.py:753} INFO - DAG(s) dict_keys(['example_sensor_decorator']) retrieved from /home/airflow/.local/lib/python3.7/site-packages/airflow/example_dags/example_sensor_decorator.py
[2024-11-09T17:11:08.338+0000] {logging_mixin.py:137} INFO - [2024-11-09T17:11:08.338+0000] {dag.py:2690} INFO - Sync 1 DAGs
[2024-11-09T17:11:08.356+0000] {logging_mixin.py:137} INFO - [2024-11-09T17:11:08.356+0000] {dag.py:3441} INFO - Setting next_dagrun for example_sensor_decorator to None, run_after=None
[2024-11-09T17:11:08.374+0000] {processor.py:175} INFO - Processing /home/airflow/.local/lib/python3.7/site-packages/airflow/example_dags/example_sensor_decorator.py took 0.110 seconds
[2024-11-09T17:11:39.072+0000] {processor.py:153} INFO - Started process (PID=324) to work on /home/airflow/.local/lib/python3.7/site-packages/airflow/example_dags/example_sensor_decorator.py
[2024-11-09T17:11:39.075+0000] {processor.py:743} INFO - Processing file /home/airflow/.local/lib/python3.7/site-packages/airflow/example_dags/example_sensor_decorator.py for tasks to queue
[2024-11-09T17:11:39.076+0000] {logging_mixin.py:137} INFO - [2024-11-09T17:11:39.076+0000] {dagbag.py:538} INFO - Filling up the DagBag from /home/airflow/.local/lib/python3.7/site-packages/airflow/example_dags/example_sensor_decorator.py
[2024-11-09T17:11:39.090+0000] {processor.py:753} INFO - DAG(s) dict_keys(['example_sensor_decorator']) retrieved from /home/airflow/.local/lib/python3.7/site-packages/airflow/example_dags/example_sensor_decorator.py
[2024-11-09T17:11:39.106+0000] {logging_mixin.py:137} INFO - [2024-11-09T17:11:39.106+0000] {dag.py:2690} INFO - Sync 1 DAGs
[2024-11-09T17:11:39.122+0000] {logging_mixin.py:137} INFO - [2024-11-09T17:11:39.122+0000] {dag.py:3441} INFO - Setting next_dagrun for example_sensor_decorator to None, run_after=None
[2024-11-09T17:11:39.134+0000] {processor.py:175} INFO - Processing /home/airflow/.local/lib/python3.7/site-packages/airflow/example_dags/example_sensor_decorator.py took 0.064 seconds
[2024-11-09T17:12:09.692+0000] {processor.py:153} INFO - Started process (PID=411) to work on /home/airflow/.local/lib/python3.7/site-packages/airflow/example_dags/example_sensor_decorator.py
[2024-11-09T17:12:09.693+0000] {processor.py:743} INFO - Processing file /home/airflow/.local/lib/python3.7/site-packages/airflow/example_dags/example_sensor_decorator.py for tasks to queue
[2024-11-09T17:12:09.693+0000] {logging_mixin.py:137} INFO - [2024-11-09T17:12:09.693+0000] {dagbag.py:538} INFO - Filling up the DagBag from /home/airflow/.local/lib/python3.7/site-packages/airflow/example_dags/example_sensor_decorator.py
[2024-11-09T17:12:09.704+0000] {processor.py:753} INFO - DAG(s) dict_keys(['example_sensor_decorator']) retrieved from /home/airflow/.local/lib/python3.7/site-packages/airflow/example_dags/example_sensor_decorator.py
[2024-11-09T17:12:09.718+0000] {logging_mixin.py:137} INFO - [2024-11-09T17:12:09.718+0000] {dag.py:2690} INFO - Sync 1 DAGs
[2024-11-09T17:12:09.731+0000] {logging_mixin.py:137} INFO - [2024-11-09T17:12:09.731+0000] {dag.py:3441} INFO - Setting next_dagrun for example_sensor_decorator to None, run_after=None
[2024-11-09T17:12:09.744+0000] {processor.py:175} INFO - Processing /home/airflow/.local/lib/python3.7/site-packages/airflow/example_dags/example_sensor_decorator.py took 0.053 seconds
[2024-11-09T17:12:40.301+0000] {processor.py:153} INFO - Started process (PID=498) to work on /home/airflow/.local/lib/python3.7/site-packages/airflow/example_dags/example_sensor_decorator.py
[2024-11-09T17:12:40.302+0000] {processor.py:743} INFO - Processing file /home/airflow/.local/lib/python3.7/site-packages/airflow/example_dags/example_sensor_decorator.py for tasks to queue
[2024-11-09T17:12:40.302+0000] {logging_mixin.py:137} INFO - [2024-11-09T17:12:40.302+0000] {dagbag.py:538} INFO - Filling up the DagBag from /home/airflow/.local/lib/python3.7/site-packages/airflow/example_dags/example_sensor_decorator.py
[2024-11-09T17:12:40.314+0000] {processor.py:753} INFO - DAG(s) dict_keys(['example_sensor_decorator']) retrieved from /home/airflow/.local/lib/python3.7/site-packages/airflow/example_dags/example_sensor_decorator.py
[2024-11-09T17:12:40.327+0000] {logging_mixin.py:137} INFO - [2024-11-09T17:12:40.327+0000] {dag.py:2690} INFO - Sync 1 DAGs
[2024-11-09T17:12:40.340+0000] {logging_mixin.py:137} INFO - [2024-11-09T17:12:40.340+0000] {dag.py:3441} INFO - Setting next_dagrun for example_sensor_decorator to None, run_after=None
[2024-11-09T17:12:40.351+0000] {processor.py:175} INFO - Processing /home/airflow/.local/lib/python3.7/site-packages/airflow/example_dags/example_sensor_decorator.py took 0.051 seconds
[2024-11-09T17:13:11.017+0000] {processor.py:153} INFO - Started process (PID=569) to work on /home/airflow/.local/lib/python3.7/site-packages/airflow/example_dags/example_sensor_decorator.py
[2024-11-09T17:13:11.017+0000] {processor.py:743} INFO - Processing file /home/airflow/.local/lib/python3.7/site-packages/airflow/example_dags/example_sensor_decorator.py for tasks to queue
[2024-11-09T17:13:11.018+0000] {logging_mixin.py:137} INFO - [2024-11-09T17:13:11.018+0000] {dagbag.py:538} INFO - Filling up the DagBag from /home/airflow/.local/lib/python3.7/site-packages/airflow/example_dags/example_sensor_decorator.py
[2024-11-09T17:13:11.029+0000] {processor.py:753} INFO - DAG(s) dict_keys(['example_sensor_decorator']) retrieved from /home/airflow/.local/lib/python3.7/site-packages/airflow/example_dags/example_sensor_decorator.py
[2024-11-09T17:13:11.044+0000] {logging_mixin.py:137} INFO - [2024-11-09T17:13:11.044+0000] {dag.py:2690} INFO - Sync 1 DAGs
[2024-11-09T17:13:11.057+0000] {logging_mixin.py:137} INFO - [2024-11-09T17:13:11.056+0000] {dag.py:3441} INFO - Setting next_dagrun for example_sensor_decorator to None, run_after=None
[2024-11-09T17:13:11.067+0000] {processor.py:175} INFO - Processing /home/airflow/.local/lib/python3.7/site-packages/airflow/example_dags/example_sensor_decorator.py took 0.052 seconds
[2024-11-09T17:13:43.264+0000] {processor.py:153} INFO - Started process (PID=656) to work on /home/airflow/.local/lib/python3.7/site-packages/airflow/example_dags/example_sensor_decorator.py
[2024-11-09T17:13:43.265+0000] {processor.py:743} INFO - Processing file /home/airflow/.local/lib/python3.7/site-packages/airflow/example_dags/example_sensor_decorator.py for tasks to queue
[2024-11-09T17:13:43.265+0000] {logging_mixin.py:137} INFO - [2024-11-09T17:13:43.265+0000] {dagbag.py:538} INFO - Filling up the DagBag from /home/airflow/.local/lib/python3.7/site-packages/airflow/example_dags/example_sensor_decorator.py
[2024-11-09T17:13:43.284+0000] {processor.py:753} INFO - DAG(s) dict_keys(['example_sensor_decorator']) retrieved from /home/airflow/.local/lib/python3.7/site-packages/airflow/example_dags/example_sensor_decorator.py
[2024-11-09T17:13:43.336+0000] {logging_mixin.py:137} INFO - [2024-11-09T17:13:43.336+0000] {dag.py:2690} INFO - Sync 1 DAGs
[2024-11-09T17:13:43.360+0000] {logging_mixin.py:137} INFO - [2024-11-09T17:13:43.360+0000] {dag.py:3441} INFO - Setting next_dagrun for example_sensor_decorator to None, run_after=None
[2024-11-09T17:13:43.380+0000] {processor.py:175} INFO - Processing /home/airflow/.local/lib/python3.7/site-packages/airflow/example_dags/example_sensor_decorator.py took 0.119 seconds
[2024-11-09T17:14:14.142+0000] {processor.py:153} INFO - Started process (PID=743) to work on /home/airflow/.local/lib/python3.7/site-packages/airflow/example_dags/example_sensor_decorator.py
[2024-11-09T17:14:14.143+0000] {processor.py:743} INFO - Processing file /home/airflow/.local/lib/python3.7/site-packages/airflow/example_dags/example_sensor_decorator.py for tasks to queue
[2024-11-09T17:14:14.143+0000] {logging_mixin.py:137} INFO - [2024-11-09T17:14:14.143+0000] {dagbag.py:538} INFO - Filling up the DagBag from /home/airflow/.local/lib/python3.7/site-packages/airflow/example_dags/example_sensor_decorator.py
[2024-11-09T17:14:14.156+0000] {processor.py:753} INFO - DAG(s) dict_keys(['example_sensor_decorator']) retrieved from /home/airflow/.local/lib/python3.7/site-packages/airflow/example_dags/example_sensor_decorator.py
[2024-11-09T17:14:14.172+0000] {logging_mixin.py:137} INFO - [2024-11-09T17:14:14.172+0000] {dag.py:2690} INFO - Sync 1 DAGs
[2024-11-09T17:14:14.186+0000] {logging_mixin.py:137} INFO - [2024-11-09T17:14:14.186+0000] {dag.py:3441} INFO - Setting next_dagrun for example_sensor_decorator to None, run_after=None
[2024-11-09T17:14:14.201+0000] {processor.py:175} INFO - Processing /home/airflow/.local/lib/python3.7/site-packages/airflow/example_dags/example_sensor_decorator.py took 0.061 seconds
[2024-11-09T17:14:44.965+0000] {processor.py:153} INFO - Started process (PID=814) to work on /home/airflow/.local/lib/python3.7/site-packages/airflow/example_dags/example_sensor_decorator.py
[2024-11-09T17:14:44.967+0000] {processor.py:743} INFO - Processing file /home/airflow/.local/lib/python3.7/site-packages/airflow/example_dags/example_sensor_decorator.py for tasks to queue
[2024-11-09T17:14:44.968+0000] {logging_mixin.py:137} INFO - [2024-11-09T17:14:44.968+0000] {dagbag.py:538} INFO - Filling up the DagBag from /home/airflow/.local/lib/python3.7/site-packages/airflow/example_dags/example_sensor_decorator.py
[2024-11-09T17:14:44.981+0000] {processor.py:753} INFO - DAG(s) dict_keys(['example_sensor_decorator']) retrieved from /home/airflow/.local/lib/python3.7/site-packages/airflow/example_dags/example_sensor_decorator.py
[2024-11-09T17:14:44.997+0000] {logging_mixin.py:137} INFO - [2024-11-09T17:14:44.997+0000] {dag.py:2690} INFO - Sync 1 DAGs
[2024-11-09T17:14:45.010+0000] {logging_mixin.py:137} INFO - [2024-11-09T17:14:45.010+0000] {dag.py:3441} INFO - Setting next_dagrun for example_sensor_decorator to None, run_after=None
[2024-11-09T17:14:45.023+0000] {processor.py:175} INFO - Processing /home/airflow/.local/lib/python3.7/site-packages/airflow/example_dags/example_sensor_decorator.py took 0.060 seconds
[2024-11-09T17:15:15.926+0000] {processor.py:153} INFO - Started process (PID=901) to work on /home/airflow/.local/lib/python3.7/site-packages/airflow/example_dags/example_sensor_decorator.py
[2024-11-09T17:15:15.928+0000] {processor.py:743} INFO - Processing file /home/airflow/.local/lib/python3.7/site-packages/airflow/example_dags/example_sensor_decorator.py for tasks to queue
[2024-11-09T17:15:15.929+0000] {logging_mixin.py:137} INFO - [2024-11-09T17:15:15.929+0000] {dagbag.py:538} INFO - Filling up the DagBag from /home/airflow/.local/lib/python3.7/site-packages/airflow/example_dags/example_sensor_decorator.py
[2024-11-09T17:15:15.942+0000] {processor.py:753} INFO - DAG(s) dict_keys(['example_sensor_decorator']) retrieved from /home/airflow/.local/lib/python3.7/site-packages/airflow/example_dags/example_sensor_decorator.py
[2024-11-09T17:15:15.956+0000] {logging_mixin.py:137} INFO - [2024-11-09T17:15:15.956+0000] {dag.py:2690} INFO - Sync 1 DAGs
[2024-11-09T17:15:15.972+0000] {logging_mixin.py:137} INFO - [2024-11-09T17:15:15.972+0000] {dag.py:3441} INFO - Setting next_dagrun for example_sensor_decorator to None, run_after=None
[2024-11-09T17:15:15.983+0000] {processor.py:175} INFO - Processing /home/airflow/.local/lib/python3.7/site-packages/airflow/example_dags/example_sensor_decorator.py took 0.059 seconds
[2024-11-09T17:15:46.647+0000] {processor.py:153} INFO - Started process (PID=988) to work on /home/airflow/.local/lib/python3.7/site-packages/airflow/example_dags/example_sensor_decorator.py
[2024-11-09T17:15:46.648+0000] {processor.py:743} INFO - Processing file /home/airflow/.local/lib/python3.7/site-packages/airflow/example_dags/example_sensor_decorator.py for tasks to queue
[2024-11-09T17:15:46.650+0000] {logging_mixin.py:137} INFO - [2024-11-09T17:15:46.649+0000] {dagbag.py:538} INFO - Filling up the DagBag from /home/airflow/.local/lib/python3.7/site-packages/airflow/example_dags/example_sensor_decorator.py
[2024-11-09T17:15:46.662+0000] {processor.py:753} INFO - DAG(s) dict_keys(['example_sensor_decorator']) retrieved from /home/airflow/.local/lib/python3.7/site-packages/airflow/example_dags/example_sensor_decorator.py
[2024-11-09T17:15:46.677+0000] {logging_mixin.py:137} INFO - [2024-11-09T17:15:46.677+0000] {dag.py:2690} INFO - Sync 1 DAGs
[2024-11-09T17:15:46.692+0000] {logging_mixin.py:137} INFO - [2024-11-09T17:15:46.692+0000] {dag.py:3441} INFO - Setting next_dagrun for example_sensor_decorator to None, run_after=None
[2024-11-09T17:15:46.704+0000] {processor.py:175} INFO - Processing /home/airflow/.local/lib/python3.7/site-packages/airflow/example_dags/example_sensor_decorator.py took 0.059 seconds
[2024-11-09T17:16:17.647+0000] {processor.py:153} INFO - Started process (PID=1075) to work on /home/airflow/.local/lib/python3.7/site-packages/airflow/example_dags/example_sensor_decorator.py
[2024-11-09T17:16:17.648+0000] {processor.py:743} INFO - Processing file /home/airflow/.local/lib/python3.7/site-packages/airflow/example_dags/example_sensor_decorator.py for tasks to queue
[2024-11-09T17:16:17.650+0000] {logging_mixin.py:137} INFO - [2024-11-09T17:16:17.649+0000] {dagbag.py:538} INFO - Filling up the DagBag from /home/airflow/.local/lib/python3.7/site-packages/airflow/example_dags/example_sensor_decorator.py
[2024-11-09T17:16:17.675+0000] {processor.py:753} INFO - DAG(s) dict_keys(['example_sensor_decorator']) retrieved from /home/airflow/.local/lib/python3.7/site-packages/airflow/example_dags/example_sensor_decorator.py
[2024-11-09T17:16:17.696+0000] {logging_mixin.py:137} INFO - [2024-11-09T17:16:17.696+0000] {dag.py:2690} INFO - Sync 1 DAGs
[2024-11-09T17:16:17.743+0000] {logging_mixin.py:137} INFO - [2024-11-09T17:16:17.742+0000] {dag.py:3441} INFO - Setting next_dagrun for example_sensor_decorator to None, run_after=None
[2024-11-09T17:16:17.762+0000] {processor.py:175} INFO - Processing /home/airflow/.local/lib/python3.7/site-packages/airflow/example_dags/example_sensor_decorator.py took 0.119 seconds
[2024-11-09T17:16:48.580+0000] {processor.py:153} INFO - Started process (PID=1145) to work on /home/airflow/.local/lib/python3.7/site-packages/airflow/example_dags/example_sensor_decorator.py
[2024-11-09T17:16:48.581+0000] {processor.py:743} INFO - Processing file /home/airflow/.local/lib/python3.7/site-packages/airflow/example_dags/example_sensor_decorator.py for tasks to queue
[2024-11-09T17:16:48.581+0000] {logging_mixin.py:137} INFO - [2024-11-09T17:16:48.581+0000] {dagbag.py:538} INFO - Filling up the DagBag from /home/airflow/.local/lib/python3.7/site-packages/airflow/example_dags/example_sensor_decorator.py
[2024-11-09T17:16:48.592+0000] {processor.py:753} INFO - DAG(s) dict_keys(['example_sensor_decorator']) retrieved from /home/airflow/.local/lib/python3.7/site-packages/airflow/example_dags/example_sensor_decorator.py
[2024-11-09T17:16:48.604+0000] {logging_mixin.py:137} INFO - [2024-11-09T17:16:48.604+0000] {dag.py:2690} INFO - Sync 1 DAGs
[2024-11-09T17:16:48.616+0000] {logging_mixin.py:137} INFO - [2024-11-09T17:16:48.615+0000] {dag.py:3441} INFO - Setting next_dagrun for example_sensor_decorator to None, run_after=None
[2024-11-09T17:16:48.624+0000] {processor.py:175} INFO - Processing /home/airflow/.local/lib/python3.7/site-packages/airflow/example_dags/example_sensor_decorator.py took 0.046 seconds
[2024-11-09T17:17:19.426+0000] {processor.py:153} INFO - Started process (PID=1232) to work on /home/airflow/.local/lib/python3.7/site-packages/airflow/example_dags/example_sensor_decorator.py
[2024-11-09T17:17:19.427+0000] {processor.py:743} INFO - Processing file /home/airflow/.local/lib/python3.7/site-packages/airflow/example_dags/example_sensor_decorator.py for tasks to queue
[2024-11-09T17:17:19.427+0000] {logging_mixin.py:137} INFO - [2024-11-09T17:17:19.427+0000] {dagbag.py:538} INFO - Filling up the DagBag from /home/airflow/.local/lib/python3.7/site-packages/airflow/example_dags/example_sensor_decorator.py
[2024-11-09T17:17:19.440+0000] {processor.py:753} INFO - DAG(s) dict_keys(['example_sensor_decorator']) retrieved from /home/airflow/.local/lib/python3.7/site-packages/airflow/example_dags/example_sensor_decorator.py
[2024-11-09T17:17:19.458+0000] {logging_mixin.py:137} INFO - [2024-11-09T17:17:19.458+0000] {dag.py:2690} INFO - Sync 1 DAGs
[2024-11-09T17:17:19.477+0000] {logging_mixin.py:137} INFO - [2024-11-09T17:17:19.477+0000] {dag.py:3441} INFO - Setting next_dagrun for example_sensor_decorator to None, run_after=None
[2024-11-09T17:17:19.494+0000] {processor.py:175} INFO - Processing /home/airflow/.local/lib/python3.7/site-packages/airflow/example_dags/example_sensor_decorator.py took 0.070 seconds
[2024-11-09T17:17:50.224+0000] {processor.py:153} INFO - Started process (PID=1319) to work on /home/airflow/.local/lib/python3.7/site-packages/airflow/example_dags/example_sensor_decorator.py
[2024-11-09T17:17:50.225+0000] {processor.py:743} INFO - Processing file /home/airflow/.local/lib/python3.7/site-packages/airflow/example_dags/example_sensor_decorator.py for tasks to queue
[2024-11-09T17:17:50.225+0000] {logging_mixin.py:137} INFO - [2024-11-09T17:17:50.225+0000] {dagbag.py:538} INFO - Filling up the DagBag from /home/airflow/.local/lib/python3.7/site-packages/airflow/example_dags/example_sensor_decorator.py
[2024-11-09T17:17:50.237+0000] {processor.py:753} INFO - DAG(s) dict_keys(['example_sensor_decorator']) retrieved from /home/airflow/.local/lib/python3.7/site-packages/airflow/example_dags/example_sensor_decorator.py
[2024-11-09T17:17:50.250+0000] {logging_mixin.py:137} INFO - [2024-11-09T17:17:50.250+0000] {dag.py:2690} INFO - Sync 1 DAGs
[2024-11-09T17:17:50.265+0000] {logging_mixin.py:137} INFO - [2024-11-09T17:17:50.265+0000] {dag.py:3441} INFO - Setting next_dagrun for example_sensor_decorator to None, run_after=None
[2024-11-09T17:17:50.276+0000] {processor.py:175} INFO - Processing /home/airflow/.local/lib/python3.7/site-packages/airflow/example_dags/example_sensor_decorator.py took 0.053 seconds
[2024-11-09T17:18:21.138+0000] {processor.py:153} INFO - Started process (PID=1406) to work on /home/airflow/.local/lib/python3.7/site-packages/airflow/example_dags/example_sensor_decorator.py
[2024-11-09T17:18:21.139+0000] {processor.py:743} INFO - Processing file /home/airflow/.local/lib/python3.7/site-packages/airflow/example_dags/example_sensor_decorator.py for tasks to queue
[2024-11-09T17:18:21.139+0000] {logging_mixin.py:137} INFO - [2024-11-09T17:18:21.139+0000] {dagbag.py:538} INFO - Filling up the DagBag from /home/airflow/.local/lib/python3.7/site-packages/airflow/example_dags/example_sensor_decorator.py
[2024-11-09T17:18:21.154+0000] {processor.py:753} INFO - DAG(s) dict_keys(['example_sensor_decorator']) retrieved from /home/airflow/.local/lib/python3.7/site-packages/airflow/example_dags/example_sensor_decorator.py
[2024-11-09T17:18:21.173+0000] {logging_mixin.py:137} INFO - [2024-11-09T17:18:21.173+0000] {dag.py:2690} INFO - Sync 1 DAGs
[2024-11-09T17:18:21.187+0000] {logging_mixin.py:137} INFO - [2024-11-09T17:18:21.187+0000] {dag.py:3441} INFO - Setting next_dagrun for example_sensor_decorator to None, run_after=None
[2024-11-09T17:18:21.201+0000] {processor.py:175} INFO - Processing /home/airflow/.local/lib/python3.7/site-packages/airflow/example_dags/example_sensor_decorator.py took 0.065 seconds
[2024-11-09T17:18:51.941+0000] {processor.py:153} INFO - Started process (PID=1477) to work on /home/airflow/.local/lib/python3.7/site-packages/airflow/example_dags/example_sensor_decorator.py
[2024-11-09T17:18:51.941+0000] {processor.py:743} INFO - Processing file /home/airflow/.local/lib/python3.7/site-packages/airflow/example_dags/example_sensor_decorator.py for tasks to queue
[2024-11-09T17:18:51.942+0000] {logging_mixin.py:137} INFO - [2024-11-09T17:18:51.942+0000] {dagbag.py:538} INFO - Filling up the DagBag from /home/airflow/.local/lib/python3.7/site-packages/airflow/example_dags/example_sensor_decorator.py
[2024-11-09T17:18:51.953+0000] {processor.py:753} INFO - DAG(s) dict_keys(['example_sensor_decorator']) retrieved from /home/airflow/.local/lib/python3.7/site-packages/airflow/example_dags/example_sensor_decorator.py
[2024-11-09T17:18:51.969+0000] {logging_mixin.py:137} INFO - [2024-11-09T17:18:51.969+0000] {dag.py:2690} INFO - Sync 1 DAGs
[2024-11-09T17:18:51.981+0000] {logging_mixin.py:137} INFO - [2024-11-09T17:18:51.981+0000] {dag.py:3441} INFO - Setting next_dagrun for example_sensor_decorator to None, run_after=None
[2024-11-09T17:18:51.990+0000] {processor.py:175} INFO - Processing /home/airflow/.local/lib/python3.7/site-packages/airflow/example_dags/example_sensor_decorator.py took 0.051 seconds
[2024-11-09T17:19:22.870+0000] {processor.py:153} INFO - Started process (PID=1564) to work on /home/airflow/.local/lib/python3.7/site-packages/airflow/example_dags/example_sensor_decorator.py
[2024-11-09T17:19:22.871+0000] {processor.py:743} INFO - Processing file /home/airflow/.local/lib/python3.7/site-packages/airflow/example_dags/example_sensor_decorator.py for tasks to queue
[2024-11-09T17:19:22.871+0000] {logging_mixin.py:137} INFO - [2024-11-09T17:19:22.871+0000] {dagbag.py:538} INFO - Filling up the DagBag from /home/airflow/.local/lib/python3.7/site-packages/airflow/example_dags/example_sensor_decorator.py
[2024-11-09T17:19:22.882+0000] {processor.py:753} INFO - DAG(s) dict_keys(['example_sensor_decorator']) retrieved from /home/airflow/.local/lib/python3.7/site-packages/airflow/example_dags/example_sensor_decorator.py
[2024-11-09T17:19:22.894+0000] {logging_mixin.py:137} INFO - [2024-11-09T17:19:22.894+0000] {dag.py:2690} INFO - Sync 1 DAGs
[2024-11-09T17:19:22.906+0000] {logging_mixin.py:137} INFO - [2024-11-09T17:19:22.906+0000] {dag.py:3441} INFO - Setting next_dagrun for example_sensor_decorator to None, run_after=None
[2024-11-09T17:19:22.914+0000] {processor.py:175} INFO - Processing /home/airflow/.local/lib/python3.7/site-packages/airflow/example_dags/example_sensor_decorator.py took 0.046 seconds
[2024-11-09T17:19:52.962+0000] {processor.py:153} INFO - Started process (PID=1651) to work on /home/airflow/.local/lib/python3.7/site-packages/airflow/example_dags/example_sensor_decorator.py
[2024-11-09T17:19:52.964+0000] {processor.py:743} INFO - Processing file /home/airflow/.local/lib/python3.7/site-packages/airflow/example_dags/example_sensor_decorator.py for tasks to queue
[2024-11-09T17:19:52.965+0000] {logging_mixin.py:137} INFO - [2024-11-09T17:19:52.965+0000] {dagbag.py:538} INFO - Filling up the DagBag from /home/airflow/.local/lib/python3.7/site-packages/airflow/example_dags/example_sensor_decorator.py
[2024-11-09T17:19:52.978+0000] {processor.py:753} INFO - DAG(s) dict_keys(['example_sensor_decorator']) retrieved from /home/airflow/.local/lib/python3.7/site-packages/airflow/example_dags/example_sensor_decorator.py
[2024-11-09T17:19:52.991+0000] {logging_mixin.py:137} INFO - [2024-11-09T17:19:52.991+0000] {dag.py:2690} INFO - Sync 1 DAGs
[2024-11-09T17:19:53.003+0000] {logging_mixin.py:137} INFO - [2024-11-09T17:19:53.003+0000] {dag.py:3441} INFO - Setting next_dagrun for example_sensor_decorator to None, run_after=None
[2024-11-09T17:19:53.012+0000] {processor.py:175} INFO - Processing /home/airflow/.local/lib/python3.7/site-packages/airflow/example_dags/example_sensor_decorator.py took 0.051 seconds
[2024-11-09T17:20:23.596+0000] {processor.py:153} INFO - Started process (PID=1731) to work on /home/airflow/.local/lib/python3.7/site-packages/airflow/example_dags/example_sensor_decorator.py
[2024-11-09T17:20:23.597+0000] {processor.py:743} INFO - Processing file /home/airflow/.local/lib/python3.7/site-packages/airflow/example_dags/example_sensor_decorator.py for tasks to queue
[2024-11-09T17:20:23.597+0000] {logging_mixin.py:137} INFO - [2024-11-09T17:20:23.597+0000] {dagbag.py:538} INFO - Filling up the DagBag from /home/airflow/.local/lib/python3.7/site-packages/airflow/example_dags/example_sensor_decorator.py
[2024-11-09T17:20:23.608+0000] {processor.py:753} INFO - DAG(s) dict_keys(['example_sensor_decorator']) retrieved from /home/airflow/.local/lib/python3.7/site-packages/airflow/example_dags/example_sensor_decorator.py
[2024-11-09T17:20:23.621+0000] {logging_mixin.py:137} INFO - [2024-11-09T17:20:23.621+0000] {dag.py:2690} INFO - Sync 1 DAGs
[2024-11-09T17:20:23.634+0000] {logging_mixin.py:137} INFO - [2024-11-09T17:20:23.634+0000] {dag.py:3441} INFO - Setting next_dagrun for example_sensor_decorator to None, run_after=None
[2024-11-09T17:20:23.644+0000] {processor.py:175} INFO - Processing /home/airflow/.local/lib/python3.7/site-packages/airflow/example_dags/example_sensor_decorator.py took 0.049 seconds
[2024-11-09T17:20:52.008+0000] {processor.py:153} INFO - Started process (PID=70) to work on /home/airflow/.local/lib/python3.7/site-packages/airflow/example_dags/example_sensor_decorator.py
[2024-11-09T17:20:52.012+0000] {processor.py:743} INFO - Processing file /home/airflow/.local/lib/python3.7/site-packages/airflow/example_dags/example_sensor_decorator.py for tasks to queue
[2024-11-09T17:20:52.013+0000] {logging_mixin.py:137} INFO - [2024-11-09T17:20:52.013+0000] {dagbag.py:538} INFO - Filling up the DagBag from /home/airflow/.local/lib/python3.7/site-packages/airflow/example_dags/example_sensor_decorator.py
[2024-11-09T17:20:52.031+0000] {processor.py:753} INFO - DAG(s) dict_keys(['example_sensor_decorator']) retrieved from /home/airflow/.local/lib/python3.7/site-packages/airflow/example_dags/example_sensor_decorator.py
[2024-11-09T17:20:52.047+0000] {logging_mixin.py:137} INFO - [2024-11-09T17:20:52.047+0000] {dag.py:2690} INFO - Sync 1 DAGs
[2024-11-09T17:20:52.068+0000] {logging_mixin.py:137} INFO - [2024-11-09T17:20:52.067+0000] {dag.py:3441} INFO - Setting next_dagrun for example_sensor_decorator to None, run_after=None
[2024-11-09T17:20:52.084+0000] {processor.py:175} INFO - Processing /home/airflow/.local/lib/python3.7/site-packages/airflow/example_dags/example_sensor_decorator.py took 0.079 seconds
[2024-11-09T17:21:22.800+0000] {processor.py:153} INFO - Started process (PID=157) to work on /home/airflow/.local/lib/python3.7/site-packages/airflow/example_dags/example_sensor_decorator.py
[2024-11-09T17:21:22.801+0000] {processor.py:743} INFO - Processing file /home/airflow/.local/lib/python3.7/site-packages/airflow/example_dags/example_sensor_decorator.py for tasks to queue
[2024-11-09T17:21:22.801+0000] {logging_mixin.py:137} INFO - [2024-11-09T17:21:22.801+0000] {dagbag.py:538} INFO - Filling up the DagBag from /home/airflow/.local/lib/python3.7/site-packages/airflow/example_dags/example_sensor_decorator.py
[2024-11-09T17:21:22.813+0000] {processor.py:753} INFO - DAG(s) dict_keys(['example_sensor_decorator']) retrieved from /home/airflow/.local/lib/python3.7/site-packages/airflow/example_dags/example_sensor_decorator.py
[2024-11-09T17:21:22.826+0000] {logging_mixin.py:137} INFO - [2024-11-09T17:21:22.826+0000] {dag.py:2690} INFO - Sync 1 DAGs
[2024-11-09T17:21:22.840+0000] {logging_mixin.py:137} INFO - [2024-11-09T17:21:22.840+0000] {dag.py:3441} INFO - Setting next_dagrun for example_sensor_decorator to None, run_after=None
[2024-11-09T17:21:22.853+0000] {processor.py:175} INFO - Processing /home/airflow/.local/lib/python3.7/site-packages/airflow/example_dags/example_sensor_decorator.py took 0.054 seconds
[2024-11-09T17:21:53.772+0000] {processor.py:153} INFO - Started process (PID=235) to work on /home/airflow/.local/lib/python3.7/site-packages/airflow/example_dags/example_sensor_decorator.py
[2024-11-09T17:21:53.773+0000] {processor.py:743} INFO - Processing file /home/airflow/.local/lib/python3.7/site-packages/airflow/example_dags/example_sensor_decorator.py for tasks to queue
[2024-11-09T17:21:53.773+0000] {logging_mixin.py:137} INFO - [2024-11-09T17:21:53.773+0000] {dagbag.py:538} INFO - Filling up the DagBag from /home/airflow/.local/lib/python3.7/site-packages/airflow/example_dags/example_sensor_decorator.py
[2024-11-09T17:21:53.788+0000] {processor.py:753} INFO - DAG(s) dict_keys(['example_sensor_decorator']) retrieved from /home/airflow/.local/lib/python3.7/site-packages/airflow/example_dags/example_sensor_decorator.py
[2024-11-09T17:21:53.802+0000] {logging_mixin.py:137} INFO - [2024-11-09T17:21:53.802+0000] {dag.py:2690} INFO - Sync 1 DAGs
[2024-11-09T17:21:53.815+0000] {logging_mixin.py:137} INFO - [2024-11-09T17:21:53.815+0000] {dag.py:3441} INFO - Setting next_dagrun for example_sensor_decorator to None, run_after=None
[2024-11-09T17:21:53.830+0000] {processor.py:175} INFO - Processing /home/airflow/.local/lib/python3.7/site-packages/airflow/example_dags/example_sensor_decorator.py took 0.060 seconds
[2024-11-09T17:22:24.646+0000] {processor.py:153} INFO - Started process (PID=315) to work on /home/airflow/.local/lib/python3.7/site-packages/airflow/example_dags/example_sensor_decorator.py
[2024-11-09T17:22:24.646+0000] {processor.py:743} INFO - Processing file /home/airflow/.local/lib/python3.7/site-packages/airflow/example_dags/example_sensor_decorator.py for tasks to queue
[2024-11-09T17:22:24.647+0000] {logging_mixin.py:137} INFO - [2024-11-09T17:22:24.646+0000] {dagbag.py:538} INFO - Filling up the DagBag from /home/airflow/.local/lib/python3.7/site-packages/airflow/example_dags/example_sensor_decorator.py
[2024-11-09T17:22:24.659+0000] {processor.py:753} INFO - DAG(s) dict_keys(['example_sensor_decorator']) retrieved from /home/airflow/.local/lib/python3.7/site-packages/airflow/example_dags/example_sensor_decorator.py
[2024-11-09T17:22:24.671+0000] {logging_mixin.py:137} INFO - [2024-11-09T17:22:24.671+0000] {dag.py:2690} INFO - Sync 1 DAGs
[2024-11-09T17:22:24.685+0000] {logging_mixin.py:137} INFO - [2024-11-09T17:22:24.685+0000] {dag.py:3441} INFO - Setting next_dagrun for example_sensor_decorator to None, run_after=None
[2024-11-09T17:22:24.694+0000] {processor.py:175} INFO - Processing /home/airflow/.local/lib/python3.7/site-packages/airflow/example_dags/example_sensor_decorator.py took 0.050 seconds
[2024-11-09T17:22:55.613+0000] {processor.py:153} INFO - Started process (PID=402) to work on /home/airflow/.local/lib/python3.7/site-packages/airflow/example_dags/example_sensor_decorator.py
[2024-11-09T17:22:55.616+0000] {processor.py:743} INFO - Processing file /home/airflow/.local/lib/python3.7/site-packages/airflow/example_dags/example_sensor_decorator.py for tasks to queue
[2024-11-09T17:22:55.616+0000] {logging_mixin.py:137} INFO - [2024-11-09T17:22:55.616+0000] {dagbag.py:538} INFO - Filling up the DagBag from /home/airflow/.local/lib/python3.7/site-packages/airflow/example_dags/example_sensor_decorator.py
[2024-11-09T17:22:55.630+0000] {processor.py:753} INFO - DAG(s) dict_keys(['example_sensor_decorator']) retrieved from /home/airflow/.local/lib/python3.7/site-packages/airflow/example_dags/example_sensor_decorator.py
[2024-11-09T17:22:55.643+0000] {logging_mixin.py:137} INFO - [2024-11-09T17:22:55.643+0000] {dag.py:2690} INFO - Sync 1 DAGs
[2024-11-09T17:22:55.656+0000] {logging_mixin.py:137} INFO - [2024-11-09T17:22:55.656+0000] {dag.py:3441} INFO - Setting next_dagrun for example_sensor_decorator to None, run_after=None
[2024-11-09T17:22:55.666+0000] {processor.py:175} INFO - Processing /home/airflow/.local/lib/python3.7/site-packages/airflow/example_dags/example_sensor_decorator.py took 0.055 seconds
[2024-11-09T17:23:26.472+0000] {processor.py:153} INFO - Started process (PID=489) to work on /home/airflow/.local/lib/python3.7/site-packages/airflow/example_dags/example_sensor_decorator.py
[2024-11-09T17:23:26.473+0000] {processor.py:743} INFO - Processing file /home/airflow/.local/lib/python3.7/site-packages/airflow/example_dags/example_sensor_decorator.py for tasks to queue
[2024-11-09T17:23:26.474+0000] {logging_mixin.py:137} INFO - [2024-11-09T17:23:26.474+0000] {dagbag.py:538} INFO - Filling up the DagBag from /home/airflow/.local/lib/python3.7/site-packages/airflow/example_dags/example_sensor_decorator.py
[2024-11-09T17:23:26.486+0000] {processor.py:753} INFO - DAG(s) dict_keys(['example_sensor_decorator']) retrieved from /home/airflow/.local/lib/python3.7/site-packages/airflow/example_dags/example_sensor_decorator.py
[2024-11-09T17:23:26.499+0000] {logging_mixin.py:137} INFO - [2024-11-09T17:23:26.499+0000] {dag.py:2690} INFO - Sync 1 DAGs
[2024-11-09T17:23:26.513+0000] {logging_mixin.py:137} INFO - [2024-11-09T17:23:26.512+0000] {dag.py:3441} INFO - Setting next_dagrun for example_sensor_decorator to None, run_after=None
[2024-11-09T17:23:26.524+0000] {processor.py:175} INFO - Processing /home/airflow/.local/lib/python3.7/site-packages/airflow/example_dags/example_sensor_decorator.py took 0.054 seconds
[2024-11-09T17:28:54.043+0000] {processor.py:153} INFO - Started process (PID=70) to work on /home/airflow/.local/lib/python3.7/site-packages/airflow/example_dags/example_sensor_decorator.py
[2024-11-09T17:28:54.044+0000] {processor.py:743} INFO - Processing file /home/airflow/.local/lib/python3.7/site-packages/airflow/example_dags/example_sensor_decorator.py for tasks to queue
[2024-11-09T17:28:54.044+0000] {logging_mixin.py:137} INFO - [2024-11-09T17:28:54.044+0000] {dagbag.py:538} INFO - Filling up the DagBag from /home/airflow/.local/lib/python3.7/site-packages/airflow/example_dags/example_sensor_decorator.py
[2024-11-09T17:28:54.057+0000] {processor.py:753} INFO - DAG(s) dict_keys(['example_sensor_decorator']) retrieved from /home/airflow/.local/lib/python3.7/site-packages/airflow/example_dags/example_sensor_decorator.py
[2024-11-09T17:28:54.065+0000] {logging_mixin.py:137} INFO - [2024-11-09T17:28:54.065+0000] {dag.py:2690} INFO - Sync 1 DAGs
[2024-11-09T17:28:54.081+0000] {logging_mixin.py:137} INFO - [2024-11-09T17:28:54.081+0000] {dag.py:3441} INFO - Setting next_dagrun for example_sensor_decorator to None, run_after=None
[2024-11-09T17:28:54.093+0000] {processor.py:175} INFO - Processing /home/airflow/.local/lib/python3.7/site-packages/airflow/example_dags/example_sensor_decorator.py took 0.052 seconds
[2024-11-09T17:29:24.823+0000] {processor.py:153} INFO - Started process (PID=157) to work on /home/airflow/.local/lib/python3.7/site-packages/airflow/example_dags/example_sensor_decorator.py
[2024-11-09T17:29:24.825+0000] {processor.py:743} INFO - Processing file /home/airflow/.local/lib/python3.7/site-packages/airflow/example_dags/example_sensor_decorator.py for tasks to queue
[2024-11-09T17:29:24.826+0000] {logging_mixin.py:137} INFO - [2024-11-09T17:29:24.826+0000] {dagbag.py:538} INFO - Filling up the DagBag from /home/airflow/.local/lib/python3.7/site-packages/airflow/example_dags/example_sensor_decorator.py
[2024-11-09T17:29:24.838+0000] {processor.py:753} INFO - DAG(s) dict_keys(['example_sensor_decorator']) retrieved from /home/airflow/.local/lib/python3.7/site-packages/airflow/example_dags/example_sensor_decorator.py
[2024-11-09T17:29:24.860+0000] {logging_mixin.py:137} INFO - [2024-11-09T17:29:24.860+0000] {dag.py:2690} INFO - Sync 1 DAGs
[2024-11-09T17:29:24.876+0000] {logging_mixin.py:137} INFO - [2024-11-09T17:29:24.876+0000] {dag.py:3441} INFO - Setting next_dagrun for example_sensor_decorator to None, run_after=None
[2024-11-09T17:29:24.887+0000] {processor.py:175} INFO - Processing /home/airflow/.local/lib/python3.7/site-packages/airflow/example_dags/example_sensor_decorator.py took 0.066 seconds
[2024-11-09T17:29:55.763+0000] {processor.py:153} INFO - Started process (PID=235) to work on /home/airflow/.local/lib/python3.7/site-packages/airflow/example_dags/example_sensor_decorator.py
[2024-11-09T17:29:55.765+0000] {processor.py:743} INFO - Processing file /home/airflow/.local/lib/python3.7/site-packages/airflow/example_dags/example_sensor_decorator.py for tasks to queue
[2024-11-09T17:29:55.766+0000] {logging_mixin.py:137} INFO - [2024-11-09T17:29:55.765+0000] {dagbag.py:538} INFO - Filling up the DagBag from /home/airflow/.local/lib/python3.7/site-packages/airflow/example_dags/example_sensor_decorator.py
[2024-11-09T17:29:55.782+0000] {processor.py:753} INFO - DAG(s) dict_keys(['example_sensor_decorator']) retrieved from /home/airflow/.local/lib/python3.7/site-packages/airflow/example_dags/example_sensor_decorator.py
[2024-11-09T17:29:55.795+0000] {logging_mixin.py:137} INFO - [2024-11-09T17:29:55.795+0000] {dag.py:2690} INFO - Sync 1 DAGs
[2024-11-09T17:29:55.814+0000] {logging_mixin.py:137} INFO - [2024-11-09T17:29:55.814+0000] {dag.py:3441} INFO - Setting next_dagrun for example_sensor_decorator to None, run_after=None
[2024-11-09T17:29:55.835+0000] {processor.py:175} INFO - Processing /home/airflow/.local/lib/python3.7/site-packages/airflow/example_dags/example_sensor_decorator.py took 0.074 seconds
[2024-11-09T17:30:15.073+0000] {processor.py:153} INFO - Started process (PID=70) to work on /home/airflow/.local/lib/python3.7/site-packages/airflow/example_dags/example_sensor_decorator.py
[2024-11-09T17:30:15.074+0000] {processor.py:743} INFO - Processing file /home/airflow/.local/lib/python3.7/site-packages/airflow/example_dags/example_sensor_decorator.py for tasks to queue
[2024-11-09T17:30:15.077+0000] {logging_mixin.py:137} INFO - [2024-11-09T17:30:15.077+0000] {dagbag.py:538} INFO - Filling up the DagBag from /home/airflow/.local/lib/python3.7/site-packages/airflow/example_dags/example_sensor_decorator.py
[2024-11-09T17:30:15.104+0000] {processor.py:753} INFO - DAG(s) dict_keys(['example_sensor_decorator']) retrieved from /home/airflow/.local/lib/python3.7/site-packages/airflow/example_dags/example_sensor_decorator.py
[2024-11-09T17:30:15.120+0000] {logging_mixin.py:137} INFO - [2024-11-09T17:30:15.119+0000] {dag.py:2690} INFO - Sync 1 DAGs
[2024-11-09T17:30:15.140+0000] {logging_mixin.py:137} INFO - [2024-11-09T17:30:15.140+0000] {dag.py:3441} INFO - Setting next_dagrun for example_sensor_decorator to None, run_after=None
[2024-11-09T17:30:15.158+0000] {processor.py:175} INFO - Processing /home/airflow/.local/lib/python3.7/site-packages/airflow/example_dags/example_sensor_decorator.py took 0.088 seconds
[2024-11-09T17:30:45.759+0000] {processor.py:153} INFO - Started process (PID=157) to work on /home/airflow/.local/lib/python3.7/site-packages/airflow/example_dags/example_sensor_decorator.py
[2024-11-09T17:30:45.761+0000] {processor.py:743} INFO - Processing file /home/airflow/.local/lib/python3.7/site-packages/airflow/example_dags/example_sensor_decorator.py for tasks to queue
[2024-11-09T17:30:45.762+0000] {logging_mixin.py:137} INFO - [2024-11-09T17:30:45.762+0000] {dagbag.py:538} INFO - Filling up the DagBag from /home/airflow/.local/lib/python3.7/site-packages/airflow/example_dags/example_sensor_decorator.py
[2024-11-09T17:30:45.773+0000] {processor.py:753} INFO - DAG(s) dict_keys(['example_sensor_decorator']) retrieved from /home/airflow/.local/lib/python3.7/site-packages/airflow/example_dags/example_sensor_decorator.py
[2024-11-09T17:30:45.786+0000] {logging_mixin.py:137} INFO - [2024-11-09T17:30:45.786+0000] {dag.py:2690} INFO - Sync 1 DAGs
[2024-11-09T17:30:45.800+0000] {logging_mixin.py:137} INFO - [2024-11-09T17:30:45.800+0000] {dag.py:3441} INFO - Setting next_dagrun for example_sensor_decorator to None, run_after=None
[2024-11-09T17:30:45.810+0000] {processor.py:175} INFO - Processing /home/airflow/.local/lib/python3.7/site-packages/airflow/example_dags/example_sensor_decorator.py took 0.053 seconds
[2024-11-09T17:31:16.444+0000] {processor.py:153} INFO - Started process (PID=228) to work on /home/airflow/.local/lib/python3.7/site-packages/airflow/example_dags/example_sensor_decorator.py
[2024-11-09T17:31:16.444+0000] {processor.py:743} INFO - Processing file /home/airflow/.local/lib/python3.7/site-packages/airflow/example_dags/example_sensor_decorator.py for tasks to queue
[2024-11-09T17:31:16.445+0000] {logging_mixin.py:137} INFO - [2024-11-09T17:31:16.445+0000] {dagbag.py:538} INFO - Filling up the DagBag from /home/airflow/.local/lib/python3.7/site-packages/airflow/example_dags/example_sensor_decorator.py
[2024-11-09T17:31:16.457+0000] {processor.py:753} INFO - DAG(s) dict_keys(['example_sensor_decorator']) retrieved from /home/airflow/.local/lib/python3.7/site-packages/airflow/example_dags/example_sensor_decorator.py
[2024-11-09T17:31:16.470+0000] {logging_mixin.py:137} INFO - [2024-11-09T17:31:16.470+0000] {dag.py:2690} INFO - Sync 1 DAGs
[2024-11-09T17:31:16.483+0000] {logging_mixin.py:137} INFO - [2024-11-09T17:31:16.483+0000] {dag.py:3441} INFO - Setting next_dagrun for example_sensor_decorator to None, run_after=None
[2024-11-09T17:31:16.492+0000] {processor.py:175} INFO - Processing /home/airflow/.local/lib/python3.7/site-packages/airflow/example_dags/example_sensor_decorator.py took 0.050 seconds
[2024-11-09T17:31:47.099+0000] {processor.py:153} INFO - Started process (PID=315) to work on /home/airflow/.local/lib/python3.7/site-packages/airflow/example_dags/example_sensor_decorator.py
[2024-11-09T17:31:47.100+0000] {processor.py:743} INFO - Processing file /home/airflow/.local/lib/python3.7/site-packages/airflow/example_dags/example_sensor_decorator.py for tasks to queue
[2024-11-09T17:31:47.101+0000] {logging_mixin.py:137} INFO - [2024-11-09T17:31:47.100+0000] {dagbag.py:538} INFO - Filling up the DagBag from /home/airflow/.local/lib/python3.7/site-packages/airflow/example_dags/example_sensor_decorator.py
[2024-11-09T17:31:47.112+0000] {processor.py:753} INFO - DAG(s) dict_keys(['example_sensor_decorator']) retrieved from /home/airflow/.local/lib/python3.7/site-packages/airflow/example_dags/example_sensor_decorator.py
[2024-11-09T17:31:47.126+0000] {logging_mixin.py:137} INFO - [2024-11-09T17:31:47.126+0000] {dag.py:2690} INFO - Sync 1 DAGs
[2024-11-09T17:31:47.140+0000] {logging_mixin.py:137} INFO - [2024-11-09T17:31:47.140+0000] {dag.py:3441} INFO - Setting next_dagrun for example_sensor_decorator to None, run_after=None
[2024-11-09T17:31:47.149+0000] {processor.py:175} INFO - Processing /home/airflow/.local/lib/python3.7/site-packages/airflow/example_dags/example_sensor_decorator.py took 0.052 seconds
[2024-11-09T17:32:17.661+0000] {processor.py:153} INFO - Started process (PID=402) to work on /home/airflow/.local/lib/python3.7/site-packages/airflow/example_dags/example_sensor_decorator.py
[2024-11-09T17:32:17.662+0000] {processor.py:743} INFO - Processing file /home/airflow/.local/lib/python3.7/site-packages/airflow/example_dags/example_sensor_decorator.py for tasks to queue
[2024-11-09T17:32:17.662+0000] {logging_mixin.py:137} INFO - [2024-11-09T17:32:17.662+0000] {dagbag.py:538} INFO - Filling up the DagBag from /home/airflow/.local/lib/python3.7/site-packages/airflow/example_dags/example_sensor_decorator.py
[2024-11-09T17:32:17.674+0000] {processor.py:753} INFO - DAG(s) dict_keys(['example_sensor_decorator']) retrieved from /home/airflow/.local/lib/python3.7/site-packages/airflow/example_dags/example_sensor_decorator.py
[2024-11-09T17:32:17.687+0000] {logging_mixin.py:137} INFO - [2024-11-09T17:32:17.686+0000] {dag.py:2690} INFO - Sync 1 DAGs
[2024-11-09T17:32:17.707+0000] {logging_mixin.py:137} INFO - [2024-11-09T17:32:17.707+0000] {dag.py:3441} INFO - Setting next_dagrun for example_sensor_decorator to None, run_after=None
[2024-11-09T17:32:17.749+0000] {processor.py:175} INFO - Processing /home/airflow/.local/lib/python3.7/site-packages/airflow/example_dags/example_sensor_decorator.py took 0.090 seconds
[2024-11-09T17:32:48.378+0000] {processor.py:153} INFO - Started process (PID=480) to work on /home/airflow/.local/lib/python3.7/site-packages/airflow/example_dags/example_sensor_decorator.py
[2024-11-09T17:32:48.379+0000] {processor.py:743} INFO - Processing file /home/airflow/.local/lib/python3.7/site-packages/airflow/example_dags/example_sensor_decorator.py for tasks to queue
[2024-11-09T17:32:48.380+0000] {logging_mixin.py:137} INFO - [2024-11-09T17:32:48.380+0000] {dagbag.py:538} INFO - Filling up the DagBag from /home/airflow/.local/lib/python3.7/site-packages/airflow/example_dags/example_sensor_decorator.py
[2024-11-09T17:32:48.392+0000] {processor.py:753} INFO - DAG(s) dict_keys(['example_sensor_decorator']) retrieved from /home/airflow/.local/lib/python3.7/site-packages/airflow/example_dags/example_sensor_decorator.py
[2024-11-09T17:32:48.407+0000] {logging_mixin.py:137} INFO - [2024-11-09T17:32:48.407+0000] {dag.py:2690} INFO - Sync 1 DAGs
[2024-11-09T17:32:48.421+0000] {logging_mixin.py:137} INFO - [2024-11-09T17:32:48.421+0000] {dag.py:3441} INFO - Setting next_dagrun for example_sensor_decorator to None, run_after=None
[2024-11-09T17:32:48.431+0000] {processor.py:175} INFO - Processing /home/airflow/.local/lib/python3.7/site-packages/airflow/example_dags/example_sensor_decorator.py took 0.055 seconds
