[2024-11-09T17:10:05.858+0000] {processor.py:153} INFO - Started process (PID=56) to work on /home/airflow/.local/lib/python3.7/site-packages/airflow/example_dags/example_short_circuit_decorator.py
[2024-11-09T17:10:05.859+0000] {processor.py:743} INFO - Processing file /home/airflow/.local/lib/python3.7/site-packages/airflow/example_dags/example_short_circuit_decorator.py for tasks to queue
[2024-11-09T17:10:05.861+0000] {logging_mixin.py:137} INFO - [2024-11-09T17:10:05.860+0000] {dagbag.py:538} INFO - Filling up the DagBag from /home/airflow/.local/lib/python3.7/site-packages/airflow/example_dags/example_short_circuit_decorator.py
[2024-11-09T17:10:05.876+0000] {processor.py:753} INFO - DAG(s) dict_keys(['example_short_circuit_decorator']) retrieved from /home/airflow/.local/lib/python3.7/site-packages/airflow/example_dags/example_short_circuit_decorator.py
[2024-11-09T17:10:05.885+0000] {logging_mixin.py:137} INFO - [2024-11-09T17:10:05.885+0000] {dag.py:2690} INFO - Sync 1 DAGs
[2024-11-09T17:10:05.902+0000] {logging_mixin.py:137} INFO - [2024-11-09T17:10:05.902+0000] {dag.py:3441} INFO - Setting next_dagrun for example_short_circuit_decorator to 2024-11-08T17:10:05.902231+00:00, run_after=2024-11-09T17:10:05.902231+00:00
[2024-11-09T17:10:05.920+0000] {processor.py:175} INFO - Processing /home/airflow/.local/lib/python3.7/site-packages/airflow/example_dags/example_short_circuit_decorator.py took 0.064 seconds
[2024-11-09T17:10:36.679+0000] {processor.py:153} INFO - Started process (PID=142) to work on /home/airflow/.local/lib/python3.7/site-packages/airflow/example_dags/example_short_circuit_decorator.py
[2024-11-09T17:10:36.680+0000] {processor.py:743} INFO - Processing file /home/airflow/.local/lib/python3.7/site-packages/airflow/example_dags/example_short_circuit_decorator.py for tasks to queue
[2024-11-09T17:10:36.681+0000] {logging_mixin.py:137} INFO - [2024-11-09T17:10:36.680+0000] {dagbag.py:538} INFO - Filling up the DagBag from /home/airflow/.local/lib/python3.7/site-packages/airflow/example_dags/example_short_circuit_decorator.py
[2024-11-09T17:10:36.693+0000] {processor.py:753} INFO - DAG(s) dict_keys(['example_short_circuit_decorator']) retrieved from /home/airflow/.local/lib/python3.7/site-packages/airflow/example_dags/example_short_circuit_decorator.py
[2024-11-09T17:10:36.709+0000] {logging_mixin.py:137} INFO - [2024-11-09T17:10:36.709+0000] {dag.py:2690} INFO - Sync 1 DAGs
[2024-11-09T17:10:36.721+0000] {logging_mixin.py:137} INFO - [2024-11-09T17:10:36.721+0000] {dag.py:3441} INFO - Setting next_dagrun for example_short_circuit_decorator to 2024-11-08T17:10:36.721644+00:00, run_after=2024-11-09T17:10:36.721644+00:00
[2024-11-09T17:10:36.733+0000] {processor.py:175} INFO - Processing /home/airflow/.local/lib/python3.7/site-packages/airflow/example_dags/example_short_circuit_decorator.py took 0.056 seconds
[2024-11-09T17:11:07.275+0000] {processor.py:153} INFO - Started process (PID=213) to work on /home/airflow/.local/lib/python3.7/site-packages/airflow/example_dags/example_short_circuit_decorator.py
[2024-11-09T17:11:07.276+0000] {processor.py:743} INFO - Processing file /home/airflow/.local/lib/python3.7/site-packages/airflow/example_dags/example_short_circuit_decorator.py for tasks to queue
[2024-11-09T17:11:07.277+0000] {logging_mixin.py:137} INFO - [2024-11-09T17:11:07.277+0000] {dagbag.py:538} INFO - Filling up the DagBag from /home/airflow/.local/lib/python3.7/site-packages/airflow/example_dags/example_short_circuit_decorator.py
[2024-11-09T17:11:07.297+0000] {processor.py:753} INFO - DAG(s) dict_keys(['example_short_circuit_decorator']) retrieved from /home/airflow/.local/lib/python3.7/site-packages/airflow/example_dags/example_short_circuit_decorator.py
[2024-11-09T17:11:07.315+0000] {logging_mixin.py:137} INFO - [2024-11-09T17:11:07.315+0000] {dag.py:2690} INFO - Sync 1 DAGs
[2024-11-09T17:11:07.328+0000] {logging_mixin.py:137} INFO - [2024-11-09T17:11:07.328+0000] {dag.py:3441} INFO - Setting next_dagrun for example_short_circuit_decorator to 2024-11-08T17:11:07.328540+00:00, run_after=2024-11-09T17:11:07.328540+00:00
[2024-11-09T17:11:07.342+0000] {processor.py:175} INFO - Processing /home/airflow/.local/lib/python3.7/site-packages/airflow/example_dags/example_short_circuit_decorator.py took 0.069 seconds
[2024-11-09T17:11:38.137+0000] {processor.py:153} INFO - Started process (PID=300) to work on /home/airflow/.local/lib/python3.7/site-packages/airflow/example_dags/example_short_circuit_decorator.py
[2024-11-09T17:11:38.138+0000] {processor.py:743} INFO - Processing file /home/airflow/.local/lib/python3.7/site-packages/airflow/example_dags/example_short_circuit_decorator.py for tasks to queue
[2024-11-09T17:11:38.139+0000] {logging_mixin.py:137} INFO - [2024-11-09T17:11:38.139+0000] {dagbag.py:538} INFO - Filling up the DagBag from /home/airflow/.local/lib/python3.7/site-packages/airflow/example_dags/example_short_circuit_decorator.py
[2024-11-09T17:11:38.153+0000] {processor.py:753} INFO - DAG(s) dict_keys(['example_short_circuit_decorator']) retrieved from /home/airflow/.local/lib/python3.7/site-packages/airflow/example_dags/example_short_circuit_decorator.py
[2024-11-09T17:11:38.174+0000] {logging_mixin.py:137} INFO - [2024-11-09T17:11:38.174+0000] {dag.py:2690} INFO - Sync 1 DAGs
[2024-11-09T17:11:38.187+0000] {logging_mixin.py:137} INFO - [2024-11-09T17:11:38.187+0000] {dag.py:3441} INFO - Setting next_dagrun for example_short_circuit_decorator to 2024-11-08T17:11:38.186859+00:00, run_after=2024-11-09T17:11:38.186859+00:00
[2024-11-09T17:11:38.198+0000] {processor.py:175} INFO - Processing /home/airflow/.local/lib/python3.7/site-packages/airflow/example_dags/example_short_circuit_decorator.py took 0.064 seconds
[2024-11-09T17:12:08.883+0000] {processor.py:153} INFO - Started process (PID=387) to work on /home/airflow/.local/lib/python3.7/site-packages/airflow/example_dags/example_short_circuit_decorator.py
[2024-11-09T17:12:08.884+0000] {processor.py:743} INFO - Processing file /home/airflow/.local/lib/python3.7/site-packages/airflow/example_dags/example_short_circuit_decorator.py for tasks to queue
[2024-11-09T17:12:08.884+0000] {logging_mixin.py:137} INFO - [2024-11-09T17:12:08.884+0000] {dagbag.py:538} INFO - Filling up the DagBag from /home/airflow/.local/lib/python3.7/site-packages/airflow/example_dags/example_short_circuit_decorator.py
[2024-11-09T17:12:08.897+0000] {processor.py:753} INFO - DAG(s) dict_keys(['example_short_circuit_decorator']) retrieved from /home/airflow/.local/lib/python3.7/site-packages/airflow/example_dags/example_short_circuit_decorator.py
[2024-11-09T17:12:08.913+0000] {logging_mixin.py:137} INFO - [2024-11-09T17:12:08.913+0000] {dag.py:2690} INFO - Sync 1 DAGs
[2024-11-09T17:12:08.927+0000] {logging_mixin.py:137} INFO - [2024-11-09T17:12:08.927+0000] {dag.py:3441} INFO - Setting next_dagrun for example_short_circuit_decorator to 2024-11-08T17:12:08.926911+00:00, run_after=2024-11-09T17:12:08.926911+00:00
[2024-11-09T17:12:08.938+0000] {processor.py:175} INFO - Processing /home/airflow/.local/lib/python3.7/site-packages/airflow/example_dags/example_short_circuit_decorator.py took 0.058 seconds
[2024-11-09T17:12:39.447+0000] {processor.py:153} INFO - Started process (PID=474) to work on /home/airflow/.local/lib/python3.7/site-packages/airflow/example_dags/example_short_circuit_decorator.py
[2024-11-09T17:12:39.448+0000] {processor.py:743} INFO - Processing file /home/airflow/.local/lib/python3.7/site-packages/airflow/example_dags/example_short_circuit_decorator.py for tasks to queue
[2024-11-09T17:12:39.449+0000] {logging_mixin.py:137} INFO - [2024-11-09T17:12:39.449+0000] {dagbag.py:538} INFO - Filling up the DagBag from /home/airflow/.local/lib/python3.7/site-packages/airflow/example_dags/example_short_circuit_decorator.py
[2024-11-09T17:12:39.462+0000] {processor.py:753} INFO - DAG(s) dict_keys(['example_short_circuit_decorator']) retrieved from /home/airflow/.local/lib/python3.7/site-packages/airflow/example_dags/example_short_circuit_decorator.py
[2024-11-09T17:12:39.476+0000] {logging_mixin.py:137} INFO - [2024-11-09T17:12:39.475+0000] {dag.py:2690} INFO - Sync 1 DAGs
[2024-11-09T17:12:39.490+0000] {logging_mixin.py:137} INFO - [2024-11-09T17:12:39.490+0000] {dag.py:3441} INFO - Setting next_dagrun for example_short_circuit_decorator to 2024-11-08T17:12:39.490040+00:00, run_after=2024-11-09T17:12:39.490040+00:00
[2024-11-09T17:12:39.501+0000] {processor.py:175} INFO - Processing /home/airflow/.local/lib/python3.7/site-packages/airflow/example_dags/example_short_circuit_decorator.py took 0.056 seconds
[2024-11-09T17:13:10.110+0000] {processor.py:153} INFO - Started process (PID=545) to work on /home/airflow/.local/lib/python3.7/site-packages/airflow/example_dags/example_short_circuit_decorator.py
[2024-11-09T17:13:10.111+0000] {processor.py:743} INFO - Processing file /home/airflow/.local/lib/python3.7/site-packages/airflow/example_dags/example_short_circuit_decorator.py for tasks to queue
[2024-11-09T17:13:10.111+0000] {logging_mixin.py:137} INFO - [2024-11-09T17:13:10.111+0000] {dagbag.py:538} INFO - Filling up the DagBag from /home/airflow/.local/lib/python3.7/site-packages/airflow/example_dags/example_short_circuit_decorator.py
[2024-11-09T17:13:10.123+0000] {processor.py:753} INFO - DAG(s) dict_keys(['example_short_circuit_decorator']) retrieved from /home/airflow/.local/lib/python3.7/site-packages/airflow/example_dags/example_short_circuit_decorator.py
[2024-11-09T17:13:10.138+0000] {logging_mixin.py:137} INFO - [2024-11-09T17:13:10.138+0000] {dag.py:2690} INFO - Sync 1 DAGs
[2024-11-09T17:13:10.150+0000] {logging_mixin.py:137} INFO - [2024-11-09T17:13:10.150+0000] {dag.py:3441} INFO - Setting next_dagrun for example_short_circuit_decorator to 2024-11-08T17:13:10.150200+00:00, run_after=2024-11-09T17:13:10.150200+00:00
[2024-11-09T17:13:10.163+0000] {processor.py:175} INFO - Processing /home/airflow/.local/lib/python3.7/site-packages/airflow/example_dags/example_short_circuit_decorator.py took 0.054 seconds
[2024-11-09T17:13:41.953+0000] {processor.py:153} INFO - Started process (PID=632) to work on /home/airflow/.local/lib/python3.7/site-packages/airflow/example_dags/example_short_circuit_decorator.py
[2024-11-09T17:13:41.956+0000] {processor.py:743} INFO - Processing file /home/airflow/.local/lib/python3.7/site-packages/airflow/example_dags/example_short_circuit_decorator.py for tasks to queue
[2024-11-09T17:13:41.957+0000] {logging_mixin.py:137} INFO - [2024-11-09T17:13:41.957+0000] {dagbag.py:538} INFO - Filling up the DagBag from /home/airflow/.local/lib/python3.7/site-packages/airflow/example_dags/example_short_circuit_decorator.py
[2024-11-09T17:13:41.980+0000] {processor.py:753} INFO - DAG(s) dict_keys(['example_short_circuit_decorator']) retrieved from /home/airflow/.local/lib/python3.7/site-packages/airflow/example_dags/example_short_circuit_decorator.py
[2024-11-09T17:13:42.014+0000] {logging_mixin.py:137} INFO - [2024-11-09T17:13:42.014+0000] {dag.py:2690} INFO - Sync 1 DAGs
[2024-11-09T17:13:42.033+0000] {logging_mixin.py:137} INFO - [2024-11-09T17:13:42.033+0000] {dag.py:3441} INFO - Setting next_dagrun for example_short_circuit_decorator to 2024-11-08T17:13:42.033005+00:00, run_after=2024-11-09T17:13:42.033005+00:00
[2024-11-09T17:13:42.055+0000] {processor.py:175} INFO - Processing /home/airflow/.local/lib/python3.7/site-packages/airflow/example_dags/example_short_circuit_decorator.py took 0.105 seconds
[2024-11-09T17:14:12.145+0000] {processor.py:153} INFO - Started process (PID=719) to work on /home/airflow/.local/lib/python3.7/site-packages/airflow/example_dags/example_short_circuit_decorator.py
[2024-11-09T17:14:12.146+0000] {processor.py:743} INFO - Processing file /home/airflow/.local/lib/python3.7/site-packages/airflow/example_dags/example_short_circuit_decorator.py for tasks to queue
[2024-11-09T17:14:12.146+0000] {logging_mixin.py:137} INFO - [2024-11-09T17:14:12.146+0000] {dagbag.py:538} INFO - Filling up the DagBag from /home/airflow/.local/lib/python3.7/site-packages/airflow/example_dags/example_short_circuit_decorator.py
[2024-11-09T17:14:12.160+0000] {processor.py:753} INFO - DAG(s) dict_keys(['example_short_circuit_decorator']) retrieved from /home/airflow/.local/lib/python3.7/site-packages/airflow/example_dags/example_short_circuit_decorator.py
[2024-11-09T17:14:12.179+0000] {logging_mixin.py:137} INFO - [2024-11-09T17:14:12.179+0000] {dag.py:2690} INFO - Sync 1 DAGs
[2024-11-09T17:14:12.193+0000] {logging_mixin.py:137} INFO - [2024-11-09T17:14:12.193+0000] {dag.py:3441} INFO - Setting next_dagrun for example_short_circuit_decorator to 2024-11-08T17:14:12.193439+00:00, run_after=2024-11-09T17:14:12.193439+00:00
[2024-11-09T17:14:12.214+0000] {processor.py:175} INFO - Processing /home/airflow/.local/lib/python3.7/site-packages/airflow/example_dags/example_short_circuit_decorator.py took 0.071 seconds
[2024-11-09T17:14:42.981+0000] {processor.py:153} INFO - Started process (PID=790) to work on /home/airflow/.local/lib/python3.7/site-packages/airflow/example_dags/example_short_circuit_decorator.py
[2024-11-09T17:14:42.982+0000] {processor.py:743} INFO - Processing file /home/airflow/.local/lib/python3.7/site-packages/airflow/example_dags/example_short_circuit_decorator.py for tasks to queue
[2024-11-09T17:14:42.984+0000] {logging_mixin.py:137} INFO - [2024-11-09T17:14:42.984+0000] {dagbag.py:538} INFO - Filling up the DagBag from /home/airflow/.local/lib/python3.7/site-packages/airflow/example_dags/example_short_circuit_decorator.py
[2024-11-09T17:14:42.998+0000] {processor.py:753} INFO - DAG(s) dict_keys(['example_short_circuit_decorator']) retrieved from /home/airflow/.local/lib/python3.7/site-packages/airflow/example_dags/example_short_circuit_decorator.py
[2024-11-09T17:14:43.017+0000] {logging_mixin.py:137} INFO - [2024-11-09T17:14:43.017+0000] {dag.py:2690} INFO - Sync 1 DAGs
[2024-11-09T17:14:43.031+0000] {logging_mixin.py:137} INFO - [2024-11-09T17:14:43.031+0000] {dag.py:3441} INFO - Setting next_dagrun for example_short_circuit_decorator to 2024-11-08T17:14:43.031729+00:00, run_after=2024-11-09T17:14:43.031729+00:00
[2024-11-09T17:14:43.042+0000] {processor.py:175} INFO - Processing /home/airflow/.local/lib/python3.7/site-packages/airflow/example_dags/example_short_circuit_decorator.py took 0.063 seconds
[2024-11-09T17:15:13.785+0000] {processor.py:153} INFO - Started process (PID=877) to work on /home/airflow/.local/lib/python3.7/site-packages/airflow/example_dags/example_short_circuit_decorator.py
[2024-11-09T17:15:13.788+0000] {processor.py:743} INFO - Processing file /home/airflow/.local/lib/python3.7/site-packages/airflow/example_dags/example_short_circuit_decorator.py for tasks to queue
[2024-11-09T17:15:13.788+0000] {logging_mixin.py:137} INFO - [2024-11-09T17:15:13.788+0000] {dagbag.py:538} INFO - Filling up the DagBag from /home/airflow/.local/lib/python3.7/site-packages/airflow/example_dags/example_short_circuit_decorator.py
[2024-11-09T17:15:13.801+0000] {processor.py:753} INFO - DAG(s) dict_keys(['example_short_circuit_decorator']) retrieved from /home/airflow/.local/lib/python3.7/site-packages/airflow/example_dags/example_short_circuit_decorator.py
[2024-11-09T17:15:13.816+0000] {logging_mixin.py:137} INFO - [2024-11-09T17:15:13.815+0000] {dag.py:2690} INFO - Sync 1 DAGs
[2024-11-09T17:15:13.830+0000] {logging_mixin.py:137} INFO - [2024-11-09T17:15:13.830+0000] {dag.py:3441} INFO - Setting next_dagrun for example_short_circuit_decorator to 2024-11-08T17:15:13.830231+00:00, run_after=2024-11-09T17:15:13.830231+00:00
[2024-11-09T17:15:13.842+0000] {processor.py:175} INFO - Processing /home/airflow/.local/lib/python3.7/site-packages/airflow/example_dags/example_short_circuit_decorator.py took 0.059 seconds
[2024-11-09T17:15:44.742+0000] {processor.py:153} INFO - Started process (PID=964) to work on /home/airflow/.local/lib/python3.7/site-packages/airflow/example_dags/example_short_circuit_decorator.py
[2024-11-09T17:15:44.744+0000] {processor.py:743} INFO - Processing file /home/airflow/.local/lib/python3.7/site-packages/airflow/example_dags/example_short_circuit_decorator.py for tasks to queue
[2024-11-09T17:15:44.744+0000] {logging_mixin.py:137} INFO - [2024-11-09T17:15:44.744+0000] {dagbag.py:538} INFO - Filling up the DagBag from /home/airflow/.local/lib/python3.7/site-packages/airflow/example_dags/example_short_circuit_decorator.py
[2024-11-09T17:15:44.758+0000] {processor.py:753} INFO - DAG(s) dict_keys(['example_short_circuit_decorator']) retrieved from /home/airflow/.local/lib/python3.7/site-packages/airflow/example_dags/example_short_circuit_decorator.py
[2024-11-09T17:15:44.774+0000] {logging_mixin.py:137} INFO - [2024-11-09T17:15:44.774+0000] {dag.py:2690} INFO - Sync 1 DAGs
[2024-11-09T17:15:44.789+0000] {logging_mixin.py:137} INFO - [2024-11-09T17:15:44.789+0000] {dag.py:3441} INFO - Setting next_dagrun for example_short_circuit_decorator to 2024-11-08T17:15:44.789090+00:00, run_after=2024-11-09T17:15:44.789090+00:00
[2024-11-09T17:15:44.800+0000] {processor.py:175} INFO - Processing /home/airflow/.local/lib/python3.7/site-packages/airflow/example_dags/example_short_circuit_decorator.py took 0.060 seconds
[2024-11-09T17:16:15.491+0000] {processor.py:153} INFO - Started process (PID=1035) to work on /home/airflow/.local/lib/python3.7/site-packages/airflow/example_dags/example_short_circuit_decorator.py
[2024-11-09T17:16:15.492+0000] {processor.py:743} INFO - Processing file /home/airflow/.local/lib/python3.7/site-packages/airflow/example_dags/example_short_circuit_decorator.py for tasks to queue
[2024-11-09T17:16:15.492+0000] {logging_mixin.py:137} INFO - [2024-11-09T17:16:15.492+0000] {dagbag.py:538} INFO - Filling up the DagBag from /home/airflow/.local/lib/python3.7/site-packages/airflow/example_dags/example_short_circuit_decorator.py
[2024-11-09T17:16:15.507+0000] {processor.py:753} INFO - DAG(s) dict_keys(['example_short_circuit_decorator']) retrieved from /home/airflow/.local/lib/python3.7/site-packages/airflow/example_dags/example_short_circuit_decorator.py
[2024-11-09T17:16:15.521+0000] {logging_mixin.py:137} INFO - [2024-11-09T17:16:15.521+0000] {dag.py:2690} INFO - Sync 1 DAGs
[2024-11-09T17:16:15.535+0000] {logging_mixin.py:137} INFO - [2024-11-09T17:16:15.535+0000] {dag.py:3441} INFO - Setting next_dagrun for example_short_circuit_decorator to 2024-11-08T17:16:15.535312+00:00, run_after=2024-11-09T17:16:15.535312+00:00
[2024-11-09T17:16:15.552+0000] {processor.py:175} INFO - Processing /home/airflow/.local/lib/python3.7/site-packages/airflow/example_dags/example_short_circuit_decorator.py took 0.062 seconds
[2024-11-09T17:16:46.601+0000] {processor.py:153} INFO - Started process (PID=1121) to work on /home/airflow/.local/lib/python3.7/site-packages/airflow/example_dags/example_short_circuit_decorator.py
[2024-11-09T17:16:46.602+0000] {processor.py:743} INFO - Processing file /home/airflow/.local/lib/python3.7/site-packages/airflow/example_dags/example_short_circuit_decorator.py for tasks to queue
[2024-11-09T17:16:46.602+0000] {logging_mixin.py:137} INFO - [2024-11-09T17:16:46.602+0000] {dagbag.py:538} INFO - Filling up the DagBag from /home/airflow/.local/lib/python3.7/site-packages/airflow/example_dags/example_short_circuit_decorator.py
[2024-11-09T17:16:46.627+0000] {processor.py:753} INFO - DAG(s) dict_keys(['example_short_circuit_decorator']) retrieved from /home/airflow/.local/lib/python3.7/site-packages/airflow/example_dags/example_short_circuit_decorator.py
[2024-11-09T17:16:46.653+0000] {logging_mixin.py:137} INFO - [2024-11-09T17:16:46.652+0000] {dag.py:2690} INFO - Sync 1 DAGs
[2024-11-09T17:16:46.683+0000] {logging_mixin.py:137} INFO - [2024-11-09T17:16:46.682+0000] {dag.py:3441} INFO - Setting next_dagrun for example_short_circuit_decorator to 2024-11-08T17:16:46.682747+00:00, run_after=2024-11-09T17:16:46.682747+00:00
[2024-11-09T17:16:46.710+0000] {processor.py:175} INFO - Processing /home/airflow/.local/lib/python3.7/site-packages/airflow/example_dags/example_short_circuit_decorator.py took 0.111 seconds
[2024-11-09T17:17:17.462+0000] {processor.py:153} INFO - Started process (PID=1208) to work on /home/airflow/.local/lib/python3.7/site-packages/airflow/example_dags/example_short_circuit_decorator.py
[2024-11-09T17:17:17.463+0000] {processor.py:743} INFO - Processing file /home/airflow/.local/lib/python3.7/site-packages/airflow/example_dags/example_short_circuit_decorator.py for tasks to queue
[2024-11-09T17:17:17.463+0000] {logging_mixin.py:137} INFO - [2024-11-09T17:17:17.463+0000] {dagbag.py:538} INFO - Filling up the DagBag from /home/airflow/.local/lib/python3.7/site-packages/airflow/example_dags/example_short_circuit_decorator.py
[2024-11-09T17:17:17.479+0000] {processor.py:753} INFO - DAG(s) dict_keys(['example_short_circuit_decorator']) retrieved from /home/airflow/.local/lib/python3.7/site-packages/airflow/example_dags/example_short_circuit_decorator.py
[2024-11-09T17:17:17.496+0000] {logging_mixin.py:137} INFO - [2024-11-09T17:17:17.496+0000] {dag.py:2690} INFO - Sync 1 DAGs
[2024-11-09T17:17:17.511+0000] {logging_mixin.py:137} INFO - [2024-11-09T17:17:17.511+0000] {dag.py:3441} INFO - Setting next_dagrun for example_short_circuit_decorator to 2024-11-08T17:17:17.511352+00:00, run_after=2024-11-09T17:17:17.511352+00:00
[2024-11-09T17:17:17.527+0000] {processor.py:175} INFO - Processing /home/airflow/.local/lib/python3.7/site-packages/airflow/example_dags/example_short_circuit_decorator.py took 0.067 seconds
[2024-11-09T17:17:48.272+0000] {processor.py:153} INFO - Started process (PID=1295) to work on /home/airflow/.local/lib/python3.7/site-packages/airflow/example_dags/example_short_circuit_decorator.py
[2024-11-09T17:17:48.273+0000] {processor.py:743} INFO - Processing file /home/airflow/.local/lib/python3.7/site-packages/airflow/example_dags/example_short_circuit_decorator.py for tasks to queue
[2024-11-09T17:17:48.273+0000] {logging_mixin.py:137} INFO - [2024-11-09T17:17:48.273+0000] {dagbag.py:538} INFO - Filling up the DagBag from /home/airflow/.local/lib/python3.7/site-packages/airflow/example_dags/example_short_circuit_decorator.py
[2024-11-09T17:17:48.289+0000] {processor.py:753} INFO - DAG(s) dict_keys(['example_short_circuit_decorator']) retrieved from /home/airflow/.local/lib/python3.7/site-packages/airflow/example_dags/example_short_circuit_decorator.py
[2024-11-09T17:17:48.308+0000] {logging_mixin.py:137} INFO - [2024-11-09T17:17:48.308+0000] {dag.py:2690} INFO - Sync 1 DAGs
[2024-11-09T17:17:48.325+0000] {logging_mixin.py:137} INFO - [2024-11-09T17:17:48.325+0000] {dag.py:3441} INFO - Setting next_dagrun for example_short_circuit_decorator to 2024-11-08T17:17:48.325116+00:00, run_after=2024-11-09T17:17:48.325116+00:00
[2024-11-09T17:17:48.341+0000] {processor.py:175} INFO - Processing /home/airflow/.local/lib/python3.7/site-packages/airflow/example_dags/example_short_circuit_decorator.py took 0.071 seconds
[2024-11-09T17:18:19.091+0000] {processor.py:153} INFO - Started process (PID=1366) to work on /home/airflow/.local/lib/python3.7/site-packages/airflow/example_dags/example_short_circuit_decorator.py
[2024-11-09T17:18:19.093+0000] {processor.py:743} INFO - Processing file /home/airflow/.local/lib/python3.7/site-packages/airflow/example_dags/example_short_circuit_decorator.py for tasks to queue
[2024-11-09T17:18:19.093+0000] {logging_mixin.py:137} INFO - [2024-11-09T17:18:19.093+0000] {dagbag.py:538} INFO - Filling up the DagBag from /home/airflow/.local/lib/python3.7/site-packages/airflow/example_dags/example_short_circuit_decorator.py
[2024-11-09T17:18:19.106+0000] {processor.py:753} INFO - DAG(s) dict_keys(['example_short_circuit_decorator']) retrieved from /home/airflow/.local/lib/python3.7/site-packages/airflow/example_dags/example_short_circuit_decorator.py
[2024-11-09T17:18:19.130+0000] {logging_mixin.py:137} INFO - [2024-11-09T17:18:19.130+0000] {dag.py:2690} INFO - Sync 1 DAGs
[2024-11-09T17:18:19.147+0000] {logging_mixin.py:137} INFO - [2024-11-09T17:18:19.147+0000] {dag.py:3441} INFO - Setting next_dagrun for example_short_circuit_decorator to 2024-11-08T17:18:19.147441+00:00, run_after=2024-11-09T17:18:19.147441+00:00
[2024-11-09T17:18:19.161+0000] {processor.py:175} INFO - Processing /home/airflow/.local/lib/python3.7/site-packages/airflow/example_dags/example_short_circuit_decorator.py took 0.071 seconds
[2024-11-09T17:18:50.045+0000] {processor.py:153} INFO - Started process (PID=1453) to work on /home/airflow/.local/lib/python3.7/site-packages/airflow/example_dags/example_short_circuit_decorator.py
[2024-11-09T17:18:50.047+0000] {processor.py:743} INFO - Processing file /home/airflow/.local/lib/python3.7/site-packages/airflow/example_dags/example_short_circuit_decorator.py for tasks to queue
[2024-11-09T17:18:50.047+0000] {logging_mixin.py:137} INFO - [2024-11-09T17:18:50.047+0000] {dagbag.py:538} INFO - Filling up the DagBag from /home/airflow/.local/lib/python3.7/site-packages/airflow/example_dags/example_short_circuit_decorator.py
[2024-11-09T17:18:50.061+0000] {processor.py:753} INFO - DAG(s) dict_keys(['example_short_circuit_decorator']) retrieved from /home/airflow/.local/lib/python3.7/site-packages/airflow/example_dags/example_short_circuit_decorator.py
[2024-11-09T17:18:50.075+0000] {logging_mixin.py:137} INFO - [2024-11-09T17:18:50.075+0000] {dag.py:2690} INFO - Sync 1 DAGs
[2024-11-09T17:18:50.088+0000] {logging_mixin.py:137} INFO - [2024-11-09T17:18:50.088+0000] {dag.py:3441} INFO - Setting next_dagrun for example_short_circuit_decorator to 2024-11-08T17:18:50.088711+00:00, run_after=2024-11-09T17:18:50.088711+00:00
[2024-11-09T17:18:50.105+0000] {processor.py:175} INFO - Processing /home/airflow/.local/lib/python3.7/site-packages/airflow/example_dags/example_short_circuit_decorator.py took 0.062 seconds
[2024-11-09T17:19:20.822+0000] {processor.py:153} INFO - Started process (PID=1540) to work on /home/airflow/.local/lib/python3.7/site-packages/airflow/example_dags/example_short_circuit_decorator.py
[2024-11-09T17:19:20.824+0000] {processor.py:743} INFO - Processing file /home/airflow/.local/lib/python3.7/site-packages/airflow/example_dags/example_short_circuit_decorator.py for tasks to queue
[2024-11-09T17:19:20.825+0000] {logging_mixin.py:137} INFO - [2024-11-09T17:19:20.825+0000] {dagbag.py:538} INFO - Filling up the DagBag from /home/airflow/.local/lib/python3.7/site-packages/airflow/example_dags/example_short_circuit_decorator.py
[2024-11-09T17:19:20.839+0000] {processor.py:753} INFO - DAG(s) dict_keys(['example_short_circuit_decorator']) retrieved from /home/airflow/.local/lib/python3.7/site-packages/airflow/example_dags/example_short_circuit_decorator.py
[2024-11-09T17:19:20.859+0000] {logging_mixin.py:137} INFO - [2024-11-09T17:19:20.859+0000] {dag.py:2690} INFO - Sync 1 DAGs
[2024-11-09T17:19:20.874+0000] {logging_mixin.py:137} INFO - [2024-11-09T17:19:20.874+0000] {dag.py:3441} INFO - Setting next_dagrun for example_short_circuit_decorator to 2024-11-08T17:19:20.874394+00:00, run_after=2024-11-09T17:19:20.874394+00:00
[2024-11-09T17:19:20.890+0000] {processor.py:175} INFO - Processing /home/airflow/.local/lib/python3.7/site-packages/airflow/example_dags/example_short_circuit_decorator.py took 0.070 seconds
[2024-11-09T17:19:51.812+0000] {processor.py:153} INFO - Started process (PID=1620) to work on /home/airflow/.local/lib/python3.7/site-packages/airflow/example_dags/example_short_circuit_decorator.py
[2024-11-09T17:19:51.813+0000] {processor.py:743} INFO - Processing file /home/airflow/.local/lib/python3.7/site-packages/airflow/example_dags/example_short_circuit_decorator.py for tasks to queue
[2024-11-09T17:19:51.813+0000] {logging_mixin.py:137} INFO - [2024-11-09T17:19:51.813+0000] {dagbag.py:538} INFO - Filling up the DagBag from /home/airflow/.local/lib/python3.7/site-packages/airflow/example_dags/example_short_circuit_decorator.py
[2024-11-09T17:19:51.828+0000] {processor.py:753} INFO - DAG(s) dict_keys(['example_short_circuit_decorator']) retrieved from /home/airflow/.local/lib/python3.7/site-packages/airflow/example_dags/example_short_circuit_decorator.py
[2024-11-09T17:19:51.846+0000] {logging_mixin.py:137} INFO - [2024-11-09T17:19:51.846+0000] {dag.py:2690} INFO - Sync 1 DAGs
[2024-11-09T17:19:51.862+0000] {logging_mixin.py:137} INFO - [2024-11-09T17:19:51.862+0000] {dag.py:3441} INFO - Setting next_dagrun for example_short_circuit_decorator to 2024-11-08T17:19:51.862454+00:00, run_after=2024-11-09T17:19:51.862454+00:00
[2024-11-09T17:19:51.881+0000] {processor.py:175} INFO - Processing /home/airflow/.local/lib/python3.7/site-packages/airflow/example_dags/example_short_circuit_decorator.py took 0.071 seconds
[2024-11-09T17:20:22.781+0000] {processor.py:153} INFO - Started process (PID=1707) to work on /home/airflow/.local/lib/python3.7/site-packages/airflow/example_dags/example_short_circuit_decorator.py
[2024-11-09T17:20:22.782+0000] {processor.py:743} INFO - Processing file /home/airflow/.local/lib/python3.7/site-packages/airflow/example_dags/example_short_circuit_decorator.py for tasks to queue
[2024-11-09T17:20:22.783+0000] {logging_mixin.py:137} INFO - [2024-11-09T17:20:22.782+0000] {dagbag.py:538} INFO - Filling up the DagBag from /home/airflow/.local/lib/python3.7/site-packages/airflow/example_dags/example_short_circuit_decorator.py
[2024-11-09T17:20:22.796+0000] {processor.py:753} INFO - DAG(s) dict_keys(['example_short_circuit_decorator']) retrieved from /home/airflow/.local/lib/python3.7/site-packages/airflow/example_dags/example_short_circuit_decorator.py
[2024-11-09T17:20:22.813+0000] {logging_mixin.py:137} INFO - [2024-11-09T17:20:22.813+0000] {dag.py:2690} INFO - Sync 1 DAGs
[2024-11-09T17:20:22.827+0000] {logging_mixin.py:137} INFO - [2024-11-09T17:20:22.826+0000] {dag.py:3441} INFO - Setting next_dagrun for example_short_circuit_decorator to 2024-11-08T17:20:22.826849+00:00, run_after=2024-11-09T17:20:22.826849+00:00
[2024-11-09T17:20:22.837+0000] {processor.py:175} INFO - Processing /home/airflow/.local/lib/python3.7/site-packages/airflow/example_dags/example_short_circuit_decorator.py took 0.057 seconds
[2024-11-09T17:20:50.956+0000] {processor.py:153} INFO - Started process (PID=46) to work on /home/airflow/.local/lib/python3.7/site-packages/airflow/example_dags/example_short_circuit_decorator.py
[2024-11-09T17:20:50.957+0000] {processor.py:743} INFO - Processing file /home/airflow/.local/lib/python3.7/site-packages/airflow/example_dags/example_short_circuit_decorator.py for tasks to queue
[2024-11-09T17:20:50.957+0000] {logging_mixin.py:137} INFO - [2024-11-09T17:20:50.957+0000] {dagbag.py:538} INFO - Filling up the DagBag from /home/airflow/.local/lib/python3.7/site-packages/airflow/example_dags/example_short_circuit_decorator.py
[2024-11-09T17:20:50.972+0000] {processor.py:753} INFO - DAG(s) dict_keys(['example_short_circuit_decorator']) retrieved from /home/airflow/.local/lib/python3.7/site-packages/airflow/example_dags/example_short_circuit_decorator.py
[2024-11-09T17:20:50.980+0000] {logging_mixin.py:137} INFO - [2024-11-09T17:20:50.980+0000] {dag.py:2690} INFO - Sync 1 DAGs
[2024-11-09T17:20:50.996+0000] {logging_mixin.py:137} INFO - [2024-11-09T17:20:50.996+0000] {dag.py:3441} INFO - Setting next_dagrun for example_short_circuit_decorator to 2024-11-08T17:20:50.996751+00:00, run_after=2024-11-09T17:20:50.996751+00:00
[2024-11-09T17:20:51.017+0000] {processor.py:175} INFO - Processing /home/airflow/.local/lib/python3.7/site-packages/airflow/example_dags/example_short_circuit_decorator.py took 0.063 seconds
[2024-11-09T17:21:21.852+0000] {processor.py:153} INFO - Started process (PID=133) to work on /home/airflow/.local/lib/python3.7/site-packages/airflow/example_dags/example_short_circuit_decorator.py
[2024-11-09T17:21:21.854+0000] {processor.py:743} INFO - Processing file /home/airflow/.local/lib/python3.7/site-packages/airflow/example_dags/example_short_circuit_decorator.py for tasks to queue
[2024-11-09T17:21:21.855+0000] {logging_mixin.py:137} INFO - [2024-11-09T17:21:21.854+0000] {dagbag.py:538} INFO - Filling up the DagBag from /home/airflow/.local/lib/python3.7/site-packages/airflow/example_dags/example_short_circuit_decorator.py
[2024-11-09T17:21:21.867+0000] {processor.py:753} INFO - DAG(s) dict_keys(['example_short_circuit_decorator']) retrieved from /home/airflow/.local/lib/python3.7/site-packages/airflow/example_dags/example_short_circuit_decorator.py
[2024-11-09T17:21:21.888+0000] {logging_mixin.py:137} INFO - [2024-11-09T17:21:21.888+0000] {dag.py:2690} INFO - Sync 1 DAGs
[2024-11-09T17:21:21.904+0000] {logging_mixin.py:137} INFO - [2024-11-09T17:21:21.904+0000] {dag.py:3441} INFO - Setting next_dagrun for example_short_circuit_decorator to 2024-11-08T17:21:21.904127+00:00, run_after=2024-11-09T17:21:21.904127+00:00
[2024-11-09T17:21:21.916+0000] {processor.py:175} INFO - Processing /home/airflow/.local/lib/python3.7/site-packages/airflow/example_dags/example_short_circuit_decorator.py took 0.066 seconds
[2024-11-09T17:21:52.668+0000] {processor.py:153} INFO - Started process (PID=204) to work on /home/airflow/.local/lib/python3.7/site-packages/airflow/example_dags/example_short_circuit_decorator.py
[2024-11-09T17:21:52.669+0000] {processor.py:743} INFO - Processing file /home/airflow/.local/lib/python3.7/site-packages/airflow/example_dags/example_short_circuit_decorator.py for tasks to queue
[2024-11-09T17:21:52.670+0000] {logging_mixin.py:137} INFO - [2024-11-09T17:21:52.670+0000] {dagbag.py:538} INFO - Filling up the DagBag from /home/airflow/.local/lib/python3.7/site-packages/airflow/example_dags/example_short_circuit_decorator.py
[2024-11-09T17:21:52.683+0000] {processor.py:753} INFO - DAG(s) dict_keys(['example_short_circuit_decorator']) retrieved from /home/airflow/.local/lib/python3.7/site-packages/airflow/example_dags/example_short_circuit_decorator.py
[2024-11-09T17:21:52.700+0000] {logging_mixin.py:137} INFO - [2024-11-09T17:21:52.700+0000] {dag.py:2690} INFO - Sync 1 DAGs
[2024-11-09T17:21:52.715+0000] {logging_mixin.py:137} INFO - [2024-11-09T17:21:52.714+0000] {dag.py:3441} INFO - Setting next_dagrun for example_short_circuit_decorator to 2024-11-08T17:21:52.714817+00:00, run_after=2024-11-09T17:21:52.714817+00:00
[2024-11-09T17:21:52.728+0000] {processor.py:175} INFO - Processing /home/airflow/.local/lib/python3.7/site-packages/airflow/example_dags/example_short_circuit_decorator.py took 0.062 seconds
[2024-11-09T17:22:23.717+0000] {processor.py:153} INFO - Started process (PID=291) to work on /home/airflow/.local/lib/python3.7/site-packages/airflow/example_dags/example_short_circuit_decorator.py
[2024-11-09T17:22:23.718+0000] {processor.py:743} INFO - Processing file /home/airflow/.local/lib/python3.7/site-packages/airflow/example_dags/example_short_circuit_decorator.py for tasks to queue
[2024-11-09T17:22:23.721+0000] {logging_mixin.py:137} INFO - [2024-11-09T17:22:23.720+0000] {dagbag.py:538} INFO - Filling up the DagBag from /home/airflow/.local/lib/python3.7/site-packages/airflow/example_dags/example_short_circuit_decorator.py
[2024-11-09T17:22:23.735+0000] {processor.py:753} INFO - DAG(s) dict_keys(['example_short_circuit_decorator']) retrieved from /home/airflow/.local/lib/python3.7/site-packages/airflow/example_dags/example_short_circuit_decorator.py
[2024-11-09T17:22:23.750+0000] {logging_mixin.py:137} INFO - [2024-11-09T17:22:23.750+0000] {dag.py:2690} INFO - Sync 1 DAGs
[2024-11-09T17:22:23.764+0000] {logging_mixin.py:137} INFO - [2024-11-09T17:22:23.764+0000] {dag.py:3441} INFO - Setting next_dagrun for example_short_circuit_decorator to 2024-11-08T17:22:23.764098+00:00, run_after=2024-11-09T17:22:23.764098+00:00
[2024-11-09T17:22:23.774+0000] {processor.py:175} INFO - Processing /home/airflow/.local/lib/python3.7/site-packages/airflow/example_dags/example_short_circuit_decorator.py took 0.059 seconds
[2024-11-09T17:22:54.596+0000] {processor.py:153} INFO - Started process (PID=378) to work on /home/airflow/.local/lib/python3.7/site-packages/airflow/example_dags/example_short_circuit_decorator.py
[2024-11-09T17:22:54.596+0000] {processor.py:743} INFO - Processing file /home/airflow/.local/lib/python3.7/site-packages/airflow/example_dags/example_short_circuit_decorator.py for tasks to queue
[2024-11-09T17:22:54.598+0000] {logging_mixin.py:137} INFO - [2024-11-09T17:22:54.597+0000] {dagbag.py:538} INFO - Filling up the DagBag from /home/airflow/.local/lib/python3.7/site-packages/airflow/example_dags/example_short_circuit_decorator.py
[2024-11-09T17:22:54.611+0000] {processor.py:753} INFO - DAG(s) dict_keys(['example_short_circuit_decorator']) retrieved from /home/airflow/.local/lib/python3.7/site-packages/airflow/example_dags/example_short_circuit_decorator.py
[2024-11-09T17:22:54.626+0000] {logging_mixin.py:137} INFO - [2024-11-09T17:22:54.626+0000] {dag.py:2690} INFO - Sync 1 DAGs
[2024-11-09T17:22:54.645+0000] {logging_mixin.py:137} INFO - [2024-11-09T17:22:54.644+0000] {dag.py:3441} INFO - Setting next_dagrun for example_short_circuit_decorator to 2024-11-08T17:22:54.644787+00:00, run_after=2024-11-09T17:22:54.644787+00:00
[2024-11-09T17:22:54.659+0000] {processor.py:175} INFO - Processing /home/airflow/.local/lib/python3.7/site-packages/airflow/example_dags/example_short_circuit_decorator.py took 0.065 seconds
[2024-11-09T17:23:25.444+0000] {processor.py:153} INFO - Started process (PID=449) to work on /home/airflow/.local/lib/python3.7/site-packages/airflow/example_dags/example_short_circuit_decorator.py
[2024-11-09T17:23:25.445+0000] {processor.py:743} INFO - Processing file /home/airflow/.local/lib/python3.7/site-packages/airflow/example_dags/example_short_circuit_decorator.py for tasks to queue
[2024-11-09T17:23:25.446+0000] {logging_mixin.py:137} INFO - [2024-11-09T17:23:25.446+0000] {dagbag.py:538} INFO - Filling up the DagBag from /home/airflow/.local/lib/python3.7/site-packages/airflow/example_dags/example_short_circuit_decorator.py
[2024-11-09T17:23:25.461+0000] {processor.py:753} INFO - DAG(s) dict_keys(['example_short_circuit_decorator']) retrieved from /home/airflow/.local/lib/python3.7/site-packages/airflow/example_dags/example_short_circuit_decorator.py
[2024-11-09T17:23:25.478+0000] {logging_mixin.py:137} INFO - [2024-11-09T17:23:25.478+0000] {dag.py:2690} INFO - Sync 1 DAGs
[2024-11-09T17:23:25.495+0000] {logging_mixin.py:137} INFO - [2024-11-09T17:23:25.495+0000] {dag.py:3441} INFO - Setting next_dagrun for example_short_circuit_decorator to 2024-11-08T17:23:25.495431+00:00, run_after=2024-11-09T17:23:25.495431+00:00
[2024-11-09T17:23:25.508+0000] {processor.py:175} INFO - Processing /home/airflow/.local/lib/python3.7/site-packages/airflow/example_dags/example_short_circuit_decorator.py took 0.066 seconds
[2024-11-09T17:28:53.179+0000] {processor.py:153} INFO - Started process (PID=46) to work on /home/airflow/.local/lib/python3.7/site-packages/airflow/example_dags/example_short_circuit_decorator.py
[2024-11-09T17:28:53.179+0000] {processor.py:743} INFO - Processing file /home/airflow/.local/lib/python3.7/site-packages/airflow/example_dags/example_short_circuit_decorator.py for tasks to queue
[2024-11-09T17:28:53.181+0000] {logging_mixin.py:137} INFO - [2024-11-09T17:28:53.181+0000] {dagbag.py:538} INFO - Filling up the DagBag from /home/airflow/.local/lib/python3.7/site-packages/airflow/example_dags/example_short_circuit_decorator.py
[2024-11-09T17:28:53.195+0000] {processor.py:753} INFO - DAG(s) dict_keys(['example_short_circuit_decorator']) retrieved from /home/airflow/.local/lib/python3.7/site-packages/airflow/example_dags/example_short_circuit_decorator.py
[2024-11-09T17:28:53.204+0000] {logging_mixin.py:137} INFO - [2024-11-09T17:28:53.204+0000] {dag.py:2690} INFO - Sync 1 DAGs
[2024-11-09T17:28:53.220+0000] {logging_mixin.py:137} INFO - [2024-11-09T17:28:53.220+0000] {dag.py:3441} INFO - Setting next_dagrun for example_short_circuit_decorator to 2024-11-08T17:28:53.220640+00:00, run_after=2024-11-09T17:28:53.220640+00:00
[2024-11-09T17:28:53.237+0000] {processor.py:175} INFO - Processing /home/airflow/.local/lib/python3.7/site-packages/airflow/example_dags/example_short_circuit_decorator.py took 0.060 seconds
[2024-11-09T17:29:23.850+0000] {processor.py:153} INFO - Started process (PID=133) to work on /home/airflow/.local/lib/python3.7/site-packages/airflow/example_dags/example_short_circuit_decorator.py
[2024-11-09T17:29:23.854+0000] {processor.py:743} INFO - Processing file /home/airflow/.local/lib/python3.7/site-packages/airflow/example_dags/example_short_circuit_decorator.py for tasks to queue
[2024-11-09T17:29:23.855+0000] {logging_mixin.py:137} INFO - [2024-11-09T17:29:23.855+0000] {dagbag.py:538} INFO - Filling up the DagBag from /home/airflow/.local/lib/python3.7/site-packages/airflow/example_dags/example_short_circuit_decorator.py
[2024-11-09T17:29:23.869+0000] {processor.py:753} INFO - DAG(s) dict_keys(['example_short_circuit_decorator']) retrieved from /home/airflow/.local/lib/python3.7/site-packages/airflow/example_dags/example_short_circuit_decorator.py
[2024-11-09T17:29:23.882+0000] {logging_mixin.py:137} INFO - [2024-11-09T17:29:23.882+0000] {dag.py:2690} INFO - Sync 1 DAGs
[2024-11-09T17:29:23.896+0000] {logging_mixin.py:137} INFO - [2024-11-09T17:29:23.896+0000] {dag.py:3441} INFO - Setting next_dagrun for example_short_circuit_decorator to 2024-11-08T17:29:23.896254+00:00, run_after=2024-11-09T17:29:23.896254+00:00
[2024-11-09T17:29:23.912+0000] {processor.py:175} INFO - Processing /home/airflow/.local/lib/python3.7/site-packages/airflow/example_dags/example_short_circuit_decorator.py took 0.064 seconds
[2024-11-09T17:29:54.643+0000] {processor.py:153} INFO - Started process (PID=204) to work on /home/airflow/.local/lib/python3.7/site-packages/airflow/example_dags/example_short_circuit_decorator.py
[2024-11-09T17:29:54.643+0000] {processor.py:743} INFO - Processing file /home/airflow/.local/lib/python3.7/site-packages/airflow/example_dags/example_short_circuit_decorator.py for tasks to queue
[2024-11-09T17:29:54.644+0000] {logging_mixin.py:137} INFO - [2024-11-09T17:29:54.644+0000] {dagbag.py:538} INFO - Filling up the DagBag from /home/airflow/.local/lib/python3.7/site-packages/airflow/example_dags/example_short_circuit_decorator.py
[2024-11-09T17:29:54.657+0000] {processor.py:753} INFO - DAG(s) dict_keys(['example_short_circuit_decorator']) retrieved from /home/airflow/.local/lib/python3.7/site-packages/airflow/example_dags/example_short_circuit_decorator.py
[2024-11-09T17:29:54.676+0000] {logging_mixin.py:137} INFO - [2024-11-09T17:29:54.676+0000] {dag.py:2690} INFO - Sync 1 DAGs
[2024-11-09T17:29:54.693+0000] {logging_mixin.py:137} INFO - [2024-11-09T17:29:54.693+0000] {dag.py:3441} INFO - Setting next_dagrun for example_short_circuit_decorator to 2024-11-08T17:29:54.692910+00:00, run_after=2024-11-09T17:29:54.692910+00:00
[2024-11-09T17:29:54.708+0000] {processor.py:175} INFO - Processing /home/airflow/.local/lib/python3.7/site-packages/airflow/example_dags/example_short_circuit_decorator.py took 0.067 seconds
[2024-11-09T17:30:14.144+0000] {processor.py:153} INFO - Started process (PID=46) to work on /home/airflow/.local/lib/python3.7/site-packages/airflow/example_dags/example_short_circuit_decorator.py
[2024-11-09T17:30:14.144+0000] {processor.py:743} INFO - Processing file /home/airflow/.local/lib/python3.7/site-packages/airflow/example_dags/example_short_circuit_decorator.py for tasks to queue
[2024-11-09T17:30:14.145+0000] {logging_mixin.py:137} INFO - [2024-11-09T17:30:14.145+0000] {dagbag.py:538} INFO - Filling up the DagBag from /home/airflow/.local/lib/python3.7/site-packages/airflow/example_dags/example_short_circuit_decorator.py
[2024-11-09T17:30:14.164+0000] {processor.py:753} INFO - DAG(s) dict_keys(['example_short_circuit_decorator']) retrieved from /home/airflow/.local/lib/python3.7/site-packages/airflow/example_dags/example_short_circuit_decorator.py
[2024-11-09T17:30:14.173+0000] {logging_mixin.py:137} INFO - [2024-11-09T17:30:14.173+0000] {dag.py:2690} INFO - Sync 1 DAGs
[2024-11-09T17:30:14.195+0000] {logging_mixin.py:137} INFO - [2024-11-09T17:30:14.195+0000] {dag.py:3441} INFO - Setting next_dagrun for example_short_circuit_decorator to 2024-11-08T17:30:14.195039+00:00, run_after=2024-11-09T17:30:14.195039+00:00
[2024-11-09T17:30:14.206+0000] {processor.py:175} INFO - Processing /home/airflow/.local/lib/python3.7/site-packages/airflow/example_dags/example_short_circuit_decorator.py took 0.064 seconds
[2024-11-09T17:30:44.941+0000] {processor.py:153} INFO - Started process (PID=133) to work on /home/airflow/.local/lib/python3.7/site-packages/airflow/example_dags/example_short_circuit_decorator.py
[2024-11-09T17:30:44.942+0000] {processor.py:743} INFO - Processing file /home/airflow/.local/lib/python3.7/site-packages/airflow/example_dags/example_short_circuit_decorator.py for tasks to queue
[2024-11-09T17:30:44.942+0000] {logging_mixin.py:137} INFO - [2024-11-09T17:30:44.942+0000] {dagbag.py:538} INFO - Filling up the DagBag from /home/airflow/.local/lib/python3.7/site-packages/airflow/example_dags/example_short_circuit_decorator.py
[2024-11-09T17:30:44.959+0000] {processor.py:753} INFO - DAG(s) dict_keys(['example_short_circuit_decorator']) retrieved from /home/airflow/.local/lib/python3.7/site-packages/airflow/example_dags/example_short_circuit_decorator.py
[2024-11-09T17:30:44.973+0000] {logging_mixin.py:137} INFO - [2024-11-09T17:30:44.973+0000] {dag.py:2690} INFO - Sync 1 DAGs
[2024-11-09T17:30:44.989+0000] {logging_mixin.py:137} INFO - [2024-11-09T17:30:44.989+0000] {dag.py:3441} INFO - Setting next_dagrun for example_short_circuit_decorator to 2024-11-08T17:30:44.989010+00:00, run_after=2024-11-09T17:30:44.989010+00:00
[2024-11-09T17:30:44.998+0000] {processor.py:175} INFO - Processing /home/airflow/.local/lib/python3.7/site-packages/airflow/example_dags/example_short_circuit_decorator.py took 0.059 seconds
[2024-11-09T17:31:15.597+0000] {processor.py:153} INFO - Started process (PID=204) to work on /home/airflow/.local/lib/python3.7/site-packages/airflow/example_dags/example_short_circuit_decorator.py
[2024-11-09T17:31:15.597+0000] {processor.py:743} INFO - Processing file /home/airflow/.local/lib/python3.7/site-packages/airflow/example_dags/example_short_circuit_decorator.py for tasks to queue
[2024-11-09T17:31:15.599+0000] {logging_mixin.py:137} INFO - [2024-11-09T17:31:15.599+0000] {dagbag.py:538} INFO - Filling up the DagBag from /home/airflow/.local/lib/python3.7/site-packages/airflow/example_dags/example_short_circuit_decorator.py
[2024-11-09T17:31:15.613+0000] {processor.py:753} INFO - DAG(s) dict_keys(['example_short_circuit_decorator']) retrieved from /home/airflow/.local/lib/python3.7/site-packages/airflow/example_dags/example_short_circuit_decorator.py
[2024-11-09T17:31:15.628+0000] {logging_mixin.py:137} INFO - [2024-11-09T17:31:15.628+0000] {dag.py:2690} INFO - Sync 1 DAGs
[2024-11-09T17:31:15.641+0000] {logging_mixin.py:137} INFO - [2024-11-09T17:31:15.641+0000] {dag.py:3441} INFO - Setting next_dagrun for example_short_circuit_decorator to 2024-11-08T17:31:15.640909+00:00, run_after=2024-11-09T17:31:15.640909+00:00
[2024-11-09T17:31:15.672+0000] {processor.py:175} INFO - Processing /home/airflow/.local/lib/python3.7/site-packages/airflow/example_dags/example_short_circuit_decorator.py took 0.077 seconds
[2024-11-09T17:31:46.209+0000] {processor.py:153} INFO - Started process (PID=291) to work on /home/airflow/.local/lib/python3.7/site-packages/airflow/example_dags/example_short_circuit_decorator.py
[2024-11-09T17:31:46.212+0000] {processor.py:743} INFO - Processing file /home/airflow/.local/lib/python3.7/site-packages/airflow/example_dags/example_short_circuit_decorator.py for tasks to queue
[2024-11-09T17:31:46.213+0000] {logging_mixin.py:137} INFO - [2024-11-09T17:31:46.213+0000] {dagbag.py:538} INFO - Filling up the DagBag from /home/airflow/.local/lib/python3.7/site-packages/airflow/example_dags/example_short_circuit_decorator.py
[2024-11-09T17:31:46.227+0000] {processor.py:753} INFO - DAG(s) dict_keys(['example_short_circuit_decorator']) retrieved from /home/airflow/.local/lib/python3.7/site-packages/airflow/example_dags/example_short_circuit_decorator.py
[2024-11-09T17:31:46.242+0000] {logging_mixin.py:137} INFO - [2024-11-09T17:31:46.241+0000] {dag.py:2690} INFO - Sync 1 DAGs
[2024-11-09T17:31:46.256+0000] {logging_mixin.py:137} INFO - [2024-11-09T17:31:46.256+0000] {dag.py:3441} INFO - Setting next_dagrun for example_short_circuit_decorator to 2024-11-08T17:31:46.256311+00:00, run_after=2024-11-09T17:31:46.256311+00:00
[2024-11-09T17:31:46.266+0000] {processor.py:175} INFO - Processing /home/airflow/.local/lib/python3.7/site-packages/airflow/example_dags/example_short_circuit_decorator.py took 0.058 seconds
[2024-11-09T17:32:16.824+0000] {processor.py:153} INFO - Started process (PID=378) to work on /home/airflow/.local/lib/python3.7/site-packages/airflow/example_dags/example_short_circuit_decorator.py
[2024-11-09T17:32:16.825+0000] {processor.py:743} INFO - Processing file /home/airflow/.local/lib/python3.7/site-packages/airflow/example_dags/example_short_circuit_decorator.py for tasks to queue
[2024-11-09T17:32:16.825+0000] {logging_mixin.py:137} INFO - [2024-11-09T17:32:16.825+0000] {dagbag.py:538} INFO - Filling up the DagBag from /home/airflow/.local/lib/python3.7/site-packages/airflow/example_dags/example_short_circuit_decorator.py
[2024-11-09T17:32:16.838+0000] {processor.py:753} INFO - DAG(s) dict_keys(['example_short_circuit_decorator']) retrieved from /home/airflow/.local/lib/python3.7/site-packages/airflow/example_dags/example_short_circuit_decorator.py
[2024-11-09T17:32:16.851+0000] {logging_mixin.py:137} INFO - [2024-11-09T17:32:16.851+0000] {dag.py:2690} INFO - Sync 1 DAGs
[2024-11-09T17:32:16.867+0000] {logging_mixin.py:137} INFO - [2024-11-09T17:32:16.867+0000] {dag.py:3441} INFO - Setting next_dagrun for example_short_circuit_decorator to 2024-11-08T17:32:16.867495+00:00, run_after=2024-11-09T17:32:16.867495+00:00
[2024-11-09T17:32:16.878+0000] {processor.py:175} INFO - Processing /home/airflow/.local/lib/python3.7/site-packages/airflow/example_dags/example_short_circuit_decorator.py took 0.055 seconds
[2024-11-09T17:32:47.519+0000] {processor.py:153} INFO - Started process (PID=449) to work on /home/airflow/.local/lib/python3.7/site-packages/airflow/example_dags/example_short_circuit_decorator.py
[2024-11-09T17:32:47.521+0000] {processor.py:743} INFO - Processing file /home/airflow/.local/lib/python3.7/site-packages/airflow/example_dags/example_short_circuit_decorator.py for tasks to queue
[2024-11-09T17:32:47.522+0000] {logging_mixin.py:137} INFO - [2024-11-09T17:32:47.522+0000] {dagbag.py:538} INFO - Filling up the DagBag from /home/airflow/.local/lib/python3.7/site-packages/airflow/example_dags/example_short_circuit_decorator.py
[2024-11-09T17:32:47.535+0000] {processor.py:753} INFO - DAG(s) dict_keys(['example_short_circuit_decorator']) retrieved from /home/airflow/.local/lib/python3.7/site-packages/airflow/example_dags/example_short_circuit_decorator.py
[2024-11-09T17:32:47.550+0000] {logging_mixin.py:137} INFO - [2024-11-09T17:32:47.549+0000] {dag.py:2690} INFO - Sync 1 DAGs
[2024-11-09T17:32:47.564+0000] {logging_mixin.py:137} INFO - [2024-11-09T17:32:47.564+0000] {dag.py:3441} INFO - Setting next_dagrun for example_short_circuit_decorator to 2024-11-08T17:32:47.564254+00:00, run_after=2024-11-09T17:32:47.564254+00:00
[2024-11-09T17:32:47.574+0000] {processor.py:175} INFO - Processing /home/airflow/.local/lib/python3.7/site-packages/airflow/example_dags/example_short_circuit_decorator.py took 0.056 seconds
