[2024-11-09T17:10:05.779+0000] {processor.py:153} INFO - Started process (PID=55) to work on /home/airflow/.local/lib/python3.7/site-packages/airflow/example_dags/example_branch_operator_decorator.py
[2024-11-09T17:10:05.781+0000] {processor.py:743} INFO - Processing file /home/airflow/.local/lib/python3.7/site-packages/airflow/example_dags/example_branch_operator_decorator.py for tasks to queue
[2024-11-09T17:10:05.783+0000] {logging_mixin.py:137} INFO - [2024-11-09T17:10:05.783+0000] {dagbag.py:538} INFO - Filling up the DagBag from /home/airflow/.local/lib/python3.7/site-packages/airflow/example_dags/example_branch_operator_decorator.py
[2024-11-09T17:10:05.803+0000] {processor.py:753} INFO - DAG(s) dict_keys(['example_branch_python_operator_decorator']) retrieved from /home/airflow/.local/lib/python3.7/site-packages/airflow/example_dags/example_branch_operator_decorator.py
[2024-11-09T17:10:05.817+0000] {logging_mixin.py:137} INFO - [2024-11-09T17:10:05.817+0000] {dag.py:2690} INFO - Sync 1 DAGs
[2024-11-09T17:10:05.833+0000] {logging_mixin.py:137} INFO - [2024-11-09T17:10:05.833+0000] {dag.py:3441} INFO - Setting next_dagrun for example_branch_python_operator_decorator to 2024-11-08T00:00:00+00:00, run_after=2024-11-09T00:00:00+00:00
[2024-11-09T17:10:05.849+0000] {processor.py:175} INFO - Processing /home/airflow/.local/lib/python3.7/site-packages/airflow/example_dags/example_branch_operator_decorator.py took 0.072 seconds
[2024-11-09T17:10:36.623+0000] {processor.py:153} INFO - Started process (PID=141) to work on /home/airflow/.local/lib/python3.7/site-packages/airflow/example_dags/example_branch_operator_decorator.py
[2024-11-09T17:10:36.623+0000] {processor.py:743} INFO - Processing file /home/airflow/.local/lib/python3.7/site-packages/airflow/example_dags/example_branch_operator_decorator.py for tasks to queue
[2024-11-09T17:10:36.624+0000] {logging_mixin.py:137} INFO - [2024-11-09T17:10:36.623+0000] {dagbag.py:538} INFO - Filling up the DagBag from /home/airflow/.local/lib/python3.7/site-packages/airflow/example_dags/example_branch_operator_decorator.py
[2024-11-09T17:10:36.635+0000] {processor.py:753} INFO - DAG(s) dict_keys(['example_branch_python_operator_decorator']) retrieved from /home/airflow/.local/lib/python3.7/site-packages/airflow/example_dags/example_branch_operator_decorator.py
[2024-11-09T17:10:36.648+0000] {logging_mixin.py:137} INFO - [2024-11-09T17:10:36.648+0000] {dag.py:2690} INFO - Sync 1 DAGs
[2024-11-09T17:10:36.660+0000] {logging_mixin.py:137} INFO - [2024-11-09T17:10:36.660+0000] {dag.py:3441} INFO - Setting next_dagrun for example_branch_python_operator_decorator to 2024-11-08T00:00:00+00:00, run_after=2024-11-09T00:00:00+00:00
[2024-11-09T17:10:36.669+0000] {processor.py:175} INFO - Processing /home/airflow/.local/lib/python3.7/site-packages/airflow/example_dags/example_branch_operator_decorator.py took 0.048 seconds
[2024-11-09T17:11:07.274+0000] {processor.py:153} INFO - Started process (PID=212) to work on /home/airflow/.local/lib/python3.7/site-packages/airflow/example_dags/example_branch_operator_decorator.py
[2024-11-09T17:11:07.274+0000] {processor.py:743} INFO - Processing file /home/airflow/.local/lib/python3.7/site-packages/airflow/example_dags/example_branch_operator_decorator.py for tasks to queue
[2024-11-09T17:11:07.275+0000] {logging_mixin.py:137} INFO - [2024-11-09T17:11:07.275+0000] {dagbag.py:538} INFO - Filling up the DagBag from /home/airflow/.local/lib/python3.7/site-packages/airflow/example_dags/example_branch_operator_decorator.py
[2024-11-09T17:11:07.292+0000] {processor.py:753} INFO - DAG(s) dict_keys(['example_branch_python_operator_decorator']) retrieved from /home/airflow/.local/lib/python3.7/site-packages/airflow/example_dags/example_branch_operator_decorator.py
[2024-11-09T17:11:07.312+0000] {logging_mixin.py:137} INFO - [2024-11-09T17:11:07.312+0000] {dag.py:2690} INFO - Sync 1 DAGs
[2024-11-09T17:11:07.327+0000] {logging_mixin.py:137} INFO - [2024-11-09T17:11:07.327+0000] {dag.py:3441} INFO - Setting next_dagrun for example_branch_python_operator_decorator to 2024-11-08T00:00:00+00:00, run_after=2024-11-09T00:00:00+00:00
[2024-11-09T17:11:07.339+0000] {processor.py:175} INFO - Processing /home/airflow/.local/lib/python3.7/site-packages/airflow/example_dags/example_branch_operator_decorator.py took 0.068 seconds
[2024-11-09T17:11:38.129+0000] {processor.py:153} INFO - Started process (PID=299) to work on /home/airflow/.local/lib/python3.7/site-packages/airflow/example_dags/example_branch_operator_decorator.py
[2024-11-09T17:11:38.130+0000] {processor.py:743} INFO - Processing file /home/airflow/.local/lib/python3.7/site-packages/airflow/example_dags/example_branch_operator_decorator.py for tasks to queue
[2024-11-09T17:11:38.130+0000] {logging_mixin.py:137} INFO - [2024-11-09T17:11:38.130+0000] {dagbag.py:538} INFO - Filling up the DagBag from /home/airflow/.local/lib/python3.7/site-packages/airflow/example_dags/example_branch_operator_decorator.py
[2024-11-09T17:11:38.146+0000] {processor.py:753} INFO - DAG(s) dict_keys(['example_branch_python_operator_decorator']) retrieved from /home/airflow/.local/lib/python3.7/site-packages/airflow/example_dags/example_branch_operator_decorator.py
[2024-11-09T17:11:38.159+0000] {logging_mixin.py:137} INFO - [2024-11-09T17:11:38.159+0000] {dag.py:2690} INFO - Sync 1 DAGs
[2024-11-09T17:11:38.176+0000] {logging_mixin.py:137} INFO - [2024-11-09T17:11:38.176+0000] {dag.py:3441} INFO - Setting next_dagrun for example_branch_python_operator_decorator to 2024-11-08T00:00:00+00:00, run_after=2024-11-09T00:00:00+00:00
[2024-11-09T17:11:38.186+0000] {processor.py:175} INFO - Processing /home/airflow/.local/lib/python3.7/site-packages/airflow/example_dags/example_branch_operator_decorator.py took 0.058 seconds
[2024-11-09T17:12:08.823+0000] {processor.py:153} INFO - Started process (PID=386) to work on /home/airflow/.local/lib/python3.7/site-packages/airflow/example_dags/example_branch_operator_decorator.py
[2024-11-09T17:12:08.824+0000] {processor.py:743} INFO - Processing file /home/airflow/.local/lib/python3.7/site-packages/airflow/example_dags/example_branch_operator_decorator.py for tasks to queue
[2024-11-09T17:12:08.824+0000] {logging_mixin.py:137} INFO - [2024-11-09T17:12:08.824+0000] {dagbag.py:538} INFO - Filling up the DagBag from /home/airflow/.local/lib/python3.7/site-packages/airflow/example_dags/example_branch_operator_decorator.py
[2024-11-09T17:12:08.837+0000] {processor.py:753} INFO - DAG(s) dict_keys(['example_branch_python_operator_decorator']) retrieved from /home/airflow/.local/lib/python3.7/site-packages/airflow/example_dags/example_branch_operator_decorator.py
[2024-11-09T17:12:08.850+0000] {logging_mixin.py:137} INFO - [2024-11-09T17:12:08.850+0000] {dag.py:2690} INFO - Sync 1 DAGs
[2024-11-09T17:12:08.864+0000] {logging_mixin.py:137} INFO - [2024-11-09T17:12:08.864+0000] {dag.py:3441} INFO - Setting next_dagrun for example_branch_python_operator_decorator to 2024-11-08T00:00:00+00:00, run_after=2024-11-09T00:00:00+00:00
[2024-11-09T17:12:08.873+0000] {processor.py:175} INFO - Processing /home/airflow/.local/lib/python3.7/site-packages/airflow/example_dags/example_branch_operator_decorator.py took 0.052 seconds
[2024-11-09T17:12:39.397+0000] {processor.py:153} INFO - Started process (PID=473) to work on /home/airflow/.local/lib/python3.7/site-packages/airflow/example_dags/example_branch_operator_decorator.py
[2024-11-09T17:12:39.399+0000] {processor.py:743} INFO - Processing file /home/airflow/.local/lib/python3.7/site-packages/airflow/example_dags/example_branch_operator_decorator.py for tasks to queue
[2024-11-09T17:12:39.399+0000] {logging_mixin.py:137} INFO - [2024-11-09T17:12:39.399+0000] {dagbag.py:538} INFO - Filling up the DagBag from /home/airflow/.local/lib/python3.7/site-packages/airflow/example_dags/example_branch_operator_decorator.py
[2024-11-09T17:12:39.411+0000] {processor.py:753} INFO - DAG(s) dict_keys(['example_branch_python_operator_decorator']) retrieved from /home/airflow/.local/lib/python3.7/site-packages/airflow/example_dags/example_branch_operator_decorator.py
[2024-11-09T17:12:39.427+0000] {logging_mixin.py:137} INFO - [2024-11-09T17:12:39.427+0000] {dag.py:2690} INFO - Sync 1 DAGs
[2024-11-09T17:12:39.441+0000] {logging_mixin.py:137} INFO - [2024-11-09T17:12:39.441+0000] {dag.py:3441} INFO - Setting next_dagrun for example_branch_python_operator_decorator to 2024-11-08T00:00:00+00:00, run_after=2024-11-09T00:00:00+00:00
[2024-11-09T17:12:39.451+0000] {processor.py:175} INFO - Processing /home/airflow/.local/lib/python3.7/site-packages/airflow/example_dags/example_branch_operator_decorator.py took 0.056 seconds
[2024-11-09T17:13:10.110+0000] {processor.py:153} INFO - Started process (PID=544) to work on /home/airflow/.local/lib/python3.7/site-packages/airflow/example_dags/example_branch_operator_decorator.py
[2024-11-09T17:13:10.111+0000] {processor.py:743} INFO - Processing file /home/airflow/.local/lib/python3.7/site-packages/airflow/example_dags/example_branch_operator_decorator.py for tasks to queue
[2024-11-09T17:13:10.111+0000] {logging_mixin.py:137} INFO - [2024-11-09T17:13:10.111+0000] {dagbag.py:538} INFO - Filling up the DagBag from /home/airflow/.local/lib/python3.7/site-packages/airflow/example_dags/example_branch_operator_decorator.py
[2024-11-09T17:13:10.124+0000] {processor.py:753} INFO - DAG(s) dict_keys(['example_branch_python_operator_decorator']) retrieved from /home/airflow/.local/lib/python3.7/site-packages/airflow/example_dags/example_branch_operator_decorator.py
[2024-11-09T17:13:10.138+0000] {logging_mixin.py:137} INFO - [2024-11-09T17:13:10.138+0000] {dag.py:2690} INFO - Sync 1 DAGs
[2024-11-09T17:13:10.155+0000] {logging_mixin.py:137} INFO - [2024-11-09T17:13:10.155+0000] {dag.py:3441} INFO - Setting next_dagrun for example_branch_python_operator_decorator to 2024-11-08T00:00:00+00:00, run_after=2024-11-09T00:00:00+00:00
[2024-11-09T17:13:10.167+0000] {processor.py:175} INFO - Processing /home/airflow/.local/lib/python3.7/site-packages/airflow/example_dags/example_branch_operator_decorator.py took 0.059 seconds
[2024-11-09T17:13:41.778+0000] {processor.py:153} INFO - Started process (PID=631) to work on /home/airflow/.local/lib/python3.7/site-packages/airflow/example_dags/example_branch_operator_decorator.py
[2024-11-09T17:13:41.783+0000] {processor.py:743} INFO - Processing file /home/airflow/.local/lib/python3.7/site-packages/airflow/example_dags/example_branch_operator_decorator.py for tasks to queue
[2024-11-09T17:13:41.784+0000] {logging_mixin.py:137} INFO - [2024-11-09T17:13:41.784+0000] {dagbag.py:538} INFO - Filling up the DagBag from /home/airflow/.local/lib/python3.7/site-packages/airflow/example_dags/example_branch_operator_decorator.py
[2024-11-09T17:13:41.842+0000] {processor.py:753} INFO - DAG(s) dict_keys(['example_branch_python_operator_decorator']) retrieved from /home/airflow/.local/lib/python3.7/site-packages/airflow/example_dags/example_branch_operator_decorator.py
[2024-11-09T17:13:41.939+0000] {logging_mixin.py:137} INFO - [2024-11-09T17:13:41.939+0000] {dag.py:2690} INFO - Sync 1 DAGs
[2024-11-09T17:13:41.964+0000] {logging_mixin.py:137} INFO - [2024-11-09T17:13:41.964+0000] {dag.py:3441} INFO - Setting next_dagrun for example_branch_python_operator_decorator to 2024-11-08T00:00:00+00:00, run_after=2024-11-09T00:00:00+00:00
[2024-11-09T17:13:41.988+0000] {processor.py:175} INFO - Processing /home/airflow/.local/lib/python3.7/site-packages/airflow/example_dags/example_branch_operator_decorator.py took 0.218 seconds
[2024-11-09T17:14:12.111+0000] {processor.py:153} INFO - Started process (PID=718) to work on /home/airflow/.local/lib/python3.7/site-packages/airflow/example_dags/example_branch_operator_decorator.py
[2024-11-09T17:14:12.112+0000] {processor.py:743} INFO - Processing file /home/airflow/.local/lib/python3.7/site-packages/airflow/example_dags/example_branch_operator_decorator.py for tasks to queue
[2024-11-09T17:14:12.113+0000] {logging_mixin.py:137} INFO - [2024-11-09T17:14:12.113+0000] {dagbag.py:538} INFO - Filling up the DagBag from /home/airflow/.local/lib/python3.7/site-packages/airflow/example_dags/example_branch_operator_decorator.py
[2024-11-09T17:14:12.129+0000] {processor.py:753} INFO - DAG(s) dict_keys(['example_branch_python_operator_decorator']) retrieved from /home/airflow/.local/lib/python3.7/site-packages/airflow/example_dags/example_branch_operator_decorator.py
[2024-11-09T17:14:12.146+0000] {logging_mixin.py:137} INFO - [2024-11-09T17:14:12.146+0000] {dag.py:2690} INFO - Sync 1 DAGs
[2024-11-09T17:14:12.161+0000] {logging_mixin.py:137} INFO - [2024-11-09T17:14:12.160+0000] {dag.py:3441} INFO - Setting next_dagrun for example_branch_python_operator_decorator to 2024-11-08T00:00:00+00:00, run_after=2024-11-09T00:00:00+00:00
[2024-11-09T17:14:12.175+0000] {processor.py:175} INFO - Processing /home/airflow/.local/lib/python3.7/site-packages/airflow/example_dags/example_branch_operator_decorator.py took 0.066 seconds
[2024-11-09T17:14:42.945+0000] {processor.py:153} INFO - Started process (PID=789) to work on /home/airflow/.local/lib/python3.7/site-packages/airflow/example_dags/example_branch_operator_decorator.py
[2024-11-09T17:14:42.946+0000] {processor.py:743} INFO - Processing file /home/airflow/.local/lib/python3.7/site-packages/airflow/example_dags/example_branch_operator_decorator.py for tasks to queue
[2024-11-09T17:14:42.946+0000] {logging_mixin.py:137} INFO - [2024-11-09T17:14:42.946+0000] {dagbag.py:538} INFO - Filling up the DagBag from /home/airflow/.local/lib/python3.7/site-packages/airflow/example_dags/example_branch_operator_decorator.py
[2024-11-09T17:14:42.960+0000] {processor.py:753} INFO - DAG(s) dict_keys(['example_branch_python_operator_decorator']) retrieved from /home/airflow/.local/lib/python3.7/site-packages/airflow/example_dags/example_branch_operator_decorator.py
[2024-11-09T17:14:42.981+0000] {logging_mixin.py:137} INFO - [2024-11-09T17:14:42.981+0000] {dag.py:2690} INFO - Sync 1 DAGs
[2024-11-09T17:14:42.999+0000] {logging_mixin.py:137} INFO - [2024-11-09T17:14:42.999+0000] {dag.py:3441} INFO - Setting next_dagrun for example_branch_python_operator_decorator to 2024-11-08T00:00:00+00:00, run_after=2024-11-09T00:00:00+00:00
[2024-11-09T17:14:43.020+0000] {processor.py:175} INFO - Processing /home/airflow/.local/lib/python3.7/site-packages/airflow/example_dags/example_branch_operator_decorator.py took 0.077 seconds
[2024-11-09T17:15:13.783+0000] {processor.py:153} INFO - Started process (PID=876) to work on /home/airflow/.local/lib/python3.7/site-packages/airflow/example_dags/example_branch_operator_decorator.py
[2024-11-09T17:15:13.784+0000] {processor.py:743} INFO - Processing file /home/airflow/.local/lib/python3.7/site-packages/airflow/example_dags/example_branch_operator_decorator.py for tasks to queue
[2024-11-09T17:15:13.784+0000] {logging_mixin.py:137} INFO - [2024-11-09T17:15:13.784+0000] {dagbag.py:538} INFO - Filling up the DagBag from /home/airflow/.local/lib/python3.7/site-packages/airflow/example_dags/example_branch_operator_decorator.py
[2024-11-09T17:15:13.799+0000] {processor.py:753} INFO - DAG(s) dict_keys(['example_branch_python_operator_decorator']) retrieved from /home/airflow/.local/lib/python3.7/site-packages/airflow/example_dags/example_branch_operator_decorator.py
[2024-11-09T17:15:13.813+0000] {logging_mixin.py:137} INFO - [2024-11-09T17:15:13.813+0000] {dag.py:2690} INFO - Sync 1 DAGs
[2024-11-09T17:15:13.827+0000] {logging_mixin.py:137} INFO - [2024-11-09T17:15:13.827+0000] {dag.py:3441} INFO - Setting next_dagrun for example_branch_python_operator_decorator to 2024-11-08T00:00:00+00:00, run_after=2024-11-09T00:00:00+00:00
[2024-11-09T17:15:13.837+0000] {processor.py:175} INFO - Processing /home/airflow/.local/lib/python3.7/site-packages/airflow/example_dags/example_branch_operator_decorator.py took 0.056 seconds
[2024-11-09T17:15:44.699+0000] {processor.py:153} INFO - Started process (PID=963) to work on /home/airflow/.local/lib/python3.7/site-packages/airflow/example_dags/example_branch_operator_decorator.py
[2024-11-09T17:15:44.702+0000] {processor.py:743} INFO - Processing file /home/airflow/.local/lib/python3.7/site-packages/airflow/example_dags/example_branch_operator_decorator.py for tasks to queue
[2024-11-09T17:15:44.703+0000] {logging_mixin.py:137} INFO - [2024-11-09T17:15:44.702+0000] {dagbag.py:538} INFO - Filling up the DagBag from /home/airflow/.local/lib/python3.7/site-packages/airflow/example_dags/example_branch_operator_decorator.py
[2024-11-09T17:15:44.715+0000] {processor.py:753} INFO - DAG(s) dict_keys(['example_branch_python_operator_decorator']) retrieved from /home/airflow/.local/lib/python3.7/site-packages/airflow/example_dags/example_branch_operator_decorator.py
[2024-11-09T17:15:44.733+0000] {logging_mixin.py:137} INFO - [2024-11-09T17:15:44.733+0000] {dag.py:2690} INFO - Sync 1 DAGs
[2024-11-09T17:15:44.747+0000] {logging_mixin.py:137} INFO - [2024-11-09T17:15:44.747+0000] {dag.py:3441} INFO - Setting next_dagrun for example_branch_python_operator_decorator to 2024-11-08T00:00:00+00:00, run_after=2024-11-09T00:00:00+00:00
[2024-11-09T17:15:44.757+0000] {processor.py:175} INFO - Processing /home/airflow/.local/lib/python3.7/site-packages/airflow/example_dags/example_branch_operator_decorator.py took 0.060 seconds
[2024-11-09T17:16:15.427+0000] {processor.py:153} INFO - Started process (PID=1034) to work on /home/airflow/.local/lib/python3.7/site-packages/airflow/example_dags/example_branch_operator_decorator.py
[2024-11-09T17:16:15.428+0000] {processor.py:743} INFO - Processing file /home/airflow/.local/lib/python3.7/site-packages/airflow/example_dags/example_branch_operator_decorator.py for tasks to queue
[2024-11-09T17:16:15.429+0000] {logging_mixin.py:137} INFO - [2024-11-09T17:16:15.429+0000] {dagbag.py:538} INFO - Filling up the DagBag from /home/airflow/.local/lib/python3.7/site-packages/airflow/example_dags/example_branch_operator_decorator.py
[2024-11-09T17:16:15.441+0000] {processor.py:753} INFO - DAG(s) dict_keys(['example_branch_python_operator_decorator']) retrieved from /home/airflow/.local/lib/python3.7/site-packages/airflow/example_dags/example_branch_operator_decorator.py
[2024-11-09T17:16:15.459+0000] {logging_mixin.py:137} INFO - [2024-11-09T17:16:15.459+0000] {dag.py:2690} INFO - Sync 1 DAGs
[2024-11-09T17:16:15.473+0000] {logging_mixin.py:137} INFO - [2024-11-09T17:16:15.473+0000] {dag.py:3441} INFO - Setting next_dagrun for example_branch_python_operator_decorator to 2024-11-08T00:00:00+00:00, run_after=2024-11-09T00:00:00+00:00
[2024-11-09T17:16:15.486+0000] {processor.py:175} INFO - Processing /home/airflow/.local/lib/python3.7/site-packages/airflow/example_dags/example_branch_operator_decorator.py took 0.061 seconds
[2024-11-09T17:16:46.536+0000] {processor.py:153} INFO - Started process (PID=1120) to work on /home/airflow/.local/lib/python3.7/site-packages/airflow/example_dags/example_branch_operator_decorator.py
[2024-11-09T17:16:46.538+0000] {processor.py:743} INFO - Processing file /home/airflow/.local/lib/python3.7/site-packages/airflow/example_dags/example_branch_operator_decorator.py for tasks to queue
[2024-11-09T17:16:46.538+0000] {logging_mixin.py:137} INFO - [2024-11-09T17:16:46.538+0000] {dagbag.py:538} INFO - Filling up the DagBag from /home/airflow/.local/lib/python3.7/site-packages/airflow/example_dags/example_branch_operator_decorator.py
[2024-11-09T17:16:46.555+0000] {processor.py:753} INFO - DAG(s) dict_keys(['example_branch_python_operator_decorator']) retrieved from /home/airflow/.local/lib/python3.7/site-packages/airflow/example_dags/example_branch_operator_decorator.py
[2024-11-09T17:16:46.570+0000] {logging_mixin.py:137} INFO - [2024-11-09T17:16:46.570+0000] {dag.py:2690} INFO - Sync 1 DAGs
[2024-11-09T17:16:46.583+0000] {logging_mixin.py:137} INFO - [2024-11-09T17:16:46.583+0000] {dag.py:3441} INFO - Setting next_dagrun for example_branch_python_operator_decorator to 2024-11-08T00:00:00+00:00, run_after=2024-11-09T00:00:00+00:00
[2024-11-09T17:16:46.591+0000] {processor.py:175} INFO - Processing /home/airflow/.local/lib/python3.7/site-packages/airflow/example_dags/example_branch_operator_decorator.py took 0.058 seconds
[2024-11-09T17:17:17.402+0000] {processor.py:153} INFO - Started process (PID=1207) to work on /home/airflow/.local/lib/python3.7/site-packages/airflow/example_dags/example_branch_operator_decorator.py
[2024-11-09T17:17:17.403+0000] {processor.py:743} INFO - Processing file /home/airflow/.local/lib/python3.7/site-packages/airflow/example_dags/example_branch_operator_decorator.py for tasks to queue
[2024-11-09T17:17:17.403+0000] {logging_mixin.py:137} INFO - [2024-11-09T17:17:17.403+0000] {dagbag.py:538} INFO - Filling up the DagBag from /home/airflow/.local/lib/python3.7/site-packages/airflow/example_dags/example_branch_operator_decorator.py
[2024-11-09T17:17:17.419+0000] {processor.py:753} INFO - DAG(s) dict_keys(['example_branch_python_operator_decorator']) retrieved from /home/airflow/.local/lib/python3.7/site-packages/airflow/example_dags/example_branch_operator_decorator.py
[2024-11-09T17:17:17.433+0000] {logging_mixin.py:137} INFO - [2024-11-09T17:17:17.432+0000] {dag.py:2690} INFO - Sync 1 DAGs
[2024-11-09T17:17:17.445+0000] {logging_mixin.py:137} INFO - [2024-11-09T17:17:17.445+0000] {dag.py:3441} INFO - Setting next_dagrun for example_branch_python_operator_decorator to 2024-11-08T00:00:00+00:00, run_after=2024-11-09T00:00:00+00:00
[2024-11-09T17:17:17.453+0000] {processor.py:175} INFO - Processing /home/airflow/.local/lib/python3.7/site-packages/airflow/example_dags/example_branch_operator_decorator.py took 0.053 seconds
[2024-11-09T17:17:48.213+0000] {processor.py:153} INFO - Started process (PID=1294) to work on /home/airflow/.local/lib/python3.7/site-packages/airflow/example_dags/example_branch_operator_decorator.py
[2024-11-09T17:17:48.214+0000] {processor.py:743} INFO - Processing file /home/airflow/.local/lib/python3.7/site-packages/airflow/example_dags/example_branch_operator_decorator.py for tasks to queue
[2024-11-09T17:17:48.214+0000] {logging_mixin.py:137} INFO - [2024-11-09T17:17:48.214+0000] {dagbag.py:538} INFO - Filling up the DagBag from /home/airflow/.local/lib/python3.7/site-packages/airflow/example_dags/example_branch_operator_decorator.py
[2024-11-09T17:17:48.226+0000] {processor.py:753} INFO - DAG(s) dict_keys(['example_branch_python_operator_decorator']) retrieved from /home/airflow/.local/lib/python3.7/site-packages/airflow/example_dags/example_branch_operator_decorator.py
[2024-11-09T17:17:48.239+0000] {logging_mixin.py:137} INFO - [2024-11-09T17:17:48.239+0000] {dag.py:2690} INFO - Sync 1 DAGs
[2024-11-09T17:17:48.252+0000] {logging_mixin.py:137} INFO - [2024-11-09T17:17:48.252+0000] {dag.py:3441} INFO - Setting next_dagrun for example_branch_python_operator_decorator to 2024-11-08T00:00:00+00:00, run_after=2024-11-09T00:00:00+00:00
[2024-11-09T17:17:48.262+0000] {processor.py:175} INFO - Processing /home/airflow/.local/lib/python3.7/site-packages/airflow/example_dags/example_branch_operator_decorator.py took 0.050 seconds
[2024-11-09T17:18:19.035+0000] {processor.py:153} INFO - Started process (PID=1365) to work on /home/airflow/.local/lib/python3.7/site-packages/airflow/example_dags/example_branch_operator_decorator.py
[2024-11-09T17:18:19.036+0000] {processor.py:743} INFO - Processing file /home/airflow/.local/lib/python3.7/site-packages/airflow/example_dags/example_branch_operator_decorator.py for tasks to queue
[2024-11-09T17:18:19.037+0000] {logging_mixin.py:137} INFO - [2024-11-09T17:18:19.037+0000] {dagbag.py:538} INFO - Filling up the DagBag from /home/airflow/.local/lib/python3.7/site-packages/airflow/example_dags/example_branch_operator_decorator.py
[2024-11-09T17:18:19.053+0000] {processor.py:753} INFO - DAG(s) dict_keys(['example_branch_python_operator_decorator']) retrieved from /home/airflow/.local/lib/python3.7/site-packages/airflow/example_dags/example_branch_operator_decorator.py
[2024-11-09T17:18:19.071+0000] {logging_mixin.py:137} INFO - [2024-11-09T17:18:19.071+0000] {dag.py:2690} INFO - Sync 1 DAGs
[2024-11-09T17:18:19.084+0000] {logging_mixin.py:137} INFO - [2024-11-09T17:18:19.084+0000] {dag.py:3441} INFO - Setting next_dagrun for example_branch_python_operator_decorator to 2024-11-08T00:00:00+00:00, run_after=2024-11-09T00:00:00+00:00
[2024-11-09T17:18:19.093+0000] {processor.py:175} INFO - Processing /home/airflow/.local/lib/python3.7/site-packages/airflow/example_dags/example_branch_operator_decorator.py took 0.059 seconds
[2024-11-09T17:18:50.003+0000] {processor.py:153} INFO - Started process (PID=1452) to work on /home/airflow/.local/lib/python3.7/site-packages/airflow/example_dags/example_branch_operator_decorator.py
[2024-11-09T17:18:50.007+0000] {processor.py:743} INFO - Processing file /home/airflow/.local/lib/python3.7/site-packages/airflow/example_dags/example_branch_operator_decorator.py for tasks to queue
[2024-11-09T17:18:50.008+0000] {logging_mixin.py:137} INFO - [2024-11-09T17:18:50.008+0000] {dagbag.py:538} INFO - Filling up the DagBag from /home/airflow/.local/lib/python3.7/site-packages/airflow/example_dags/example_branch_operator_decorator.py
[2024-11-09T17:18:50.020+0000] {processor.py:753} INFO - DAG(s) dict_keys(['example_branch_python_operator_decorator']) retrieved from /home/airflow/.local/lib/python3.7/site-packages/airflow/example_dags/example_branch_operator_decorator.py
[2024-11-09T17:18:50.035+0000] {logging_mixin.py:137} INFO - [2024-11-09T17:18:50.035+0000] {dag.py:2690} INFO - Sync 1 DAGs
[2024-11-09T17:18:50.050+0000] {logging_mixin.py:137} INFO - [2024-11-09T17:18:50.050+0000] {dag.py:3441} INFO - Setting next_dagrun for example_branch_python_operator_decorator to 2024-11-08T00:00:00+00:00, run_after=2024-11-09T00:00:00+00:00
[2024-11-09T17:18:50.061+0000] {processor.py:175} INFO - Processing /home/airflow/.local/lib/python3.7/site-packages/airflow/example_dags/example_branch_operator_decorator.py took 0.060 seconds
[2024-11-09T17:19:20.774+0000] {processor.py:153} INFO - Started process (PID=1539) to work on /home/airflow/.local/lib/python3.7/site-packages/airflow/example_dags/example_branch_operator_decorator.py
[2024-11-09T17:19:20.776+0000] {processor.py:743} INFO - Processing file /home/airflow/.local/lib/python3.7/site-packages/airflow/example_dags/example_branch_operator_decorator.py for tasks to queue
[2024-11-09T17:19:20.778+0000] {logging_mixin.py:137} INFO - [2024-11-09T17:19:20.778+0000] {dagbag.py:538} INFO - Filling up the DagBag from /home/airflow/.local/lib/python3.7/site-packages/airflow/example_dags/example_branch_operator_decorator.py
[2024-11-09T17:19:20.793+0000] {processor.py:753} INFO - DAG(s) dict_keys(['example_branch_python_operator_decorator']) retrieved from /home/airflow/.local/lib/python3.7/site-packages/airflow/example_dags/example_branch_operator_decorator.py
[2024-11-09T17:19:20.814+0000] {logging_mixin.py:137} INFO - [2024-11-09T17:19:20.814+0000] {dag.py:2690} INFO - Sync 1 DAGs
[2024-11-09T17:19:20.830+0000] {logging_mixin.py:137} INFO - [2024-11-09T17:19:20.830+0000] {dag.py:3441} INFO - Setting next_dagrun for example_branch_python_operator_decorator to 2024-11-08T00:00:00+00:00, run_after=2024-11-09T00:00:00+00:00
[2024-11-09T17:19:20.848+0000] {processor.py:175} INFO - Processing /home/airflow/.local/lib/python3.7/site-packages/airflow/example_dags/example_branch_operator_decorator.py took 0.075 seconds
[2024-11-09T17:19:51.760+0000] {processor.py:153} INFO - Started process (PID=1619) to work on /home/airflow/.local/lib/python3.7/site-packages/airflow/example_dags/example_branch_operator_decorator.py
[2024-11-09T17:19:51.761+0000] {processor.py:743} INFO - Processing file /home/airflow/.local/lib/python3.7/site-packages/airflow/example_dags/example_branch_operator_decorator.py for tasks to queue
[2024-11-09T17:19:51.761+0000] {logging_mixin.py:137} INFO - [2024-11-09T17:19:51.761+0000] {dagbag.py:538} INFO - Filling up the DagBag from /home/airflow/.local/lib/python3.7/site-packages/airflow/example_dags/example_branch_operator_decorator.py
[2024-11-09T17:19:51.776+0000] {processor.py:753} INFO - DAG(s) dict_keys(['example_branch_python_operator_decorator']) retrieved from /home/airflow/.local/lib/python3.7/site-packages/airflow/example_dags/example_branch_operator_decorator.py
[2024-11-09T17:19:51.795+0000] {logging_mixin.py:137} INFO - [2024-11-09T17:19:51.795+0000] {dag.py:2690} INFO - Sync 1 DAGs
[2024-11-09T17:19:51.813+0000] {logging_mixin.py:137} INFO - [2024-11-09T17:19:51.812+0000] {dag.py:3441} INFO - Setting next_dagrun for example_branch_python_operator_decorator to 2024-11-08T00:00:00+00:00, run_after=2024-11-09T00:00:00+00:00
[2024-11-09T17:19:51.826+0000] {processor.py:175} INFO - Processing /home/airflow/.local/lib/python3.7/site-packages/airflow/example_dags/example_branch_operator_decorator.py took 0.067 seconds
[2024-11-09T17:20:22.735+0000] {processor.py:153} INFO - Started process (PID=1706) to work on /home/airflow/.local/lib/python3.7/site-packages/airflow/example_dags/example_branch_operator_decorator.py
[2024-11-09T17:20:22.736+0000] {processor.py:743} INFO - Processing file /home/airflow/.local/lib/python3.7/site-packages/airflow/example_dags/example_branch_operator_decorator.py for tasks to queue
[2024-11-09T17:20:22.736+0000] {logging_mixin.py:137} INFO - [2024-11-09T17:20:22.736+0000] {dagbag.py:538} INFO - Filling up the DagBag from /home/airflow/.local/lib/python3.7/site-packages/airflow/example_dags/example_branch_operator_decorator.py
[2024-11-09T17:20:22.749+0000] {processor.py:753} INFO - DAG(s) dict_keys(['example_branch_python_operator_decorator']) retrieved from /home/airflow/.local/lib/python3.7/site-packages/airflow/example_dags/example_branch_operator_decorator.py
[2024-11-09T17:20:22.768+0000] {logging_mixin.py:137} INFO - [2024-11-09T17:20:22.768+0000] {dag.py:2690} INFO - Sync 1 DAGs
[2024-11-09T17:20:22.785+0000] {logging_mixin.py:137} INFO - [2024-11-09T17:20:22.784+0000] {dag.py:3441} INFO - Setting next_dagrun for example_branch_python_operator_decorator to 2024-11-08T00:00:00+00:00, run_after=2024-11-09T00:00:00+00:00
[2024-11-09T17:20:22.795+0000] {processor.py:175} INFO - Processing /home/airflow/.local/lib/python3.7/site-packages/airflow/example_dags/example_branch_operator_decorator.py took 0.062 seconds
[2024-11-09T17:20:50.889+0000] {processor.py:153} INFO - Started process (PID=45) to work on /home/airflow/.local/lib/python3.7/site-packages/airflow/example_dags/example_branch_operator_decorator.py
[2024-11-09T17:20:50.890+0000] {processor.py:743} INFO - Processing file /home/airflow/.local/lib/python3.7/site-packages/airflow/example_dags/example_branch_operator_decorator.py for tasks to queue
[2024-11-09T17:20:50.890+0000] {logging_mixin.py:137} INFO - [2024-11-09T17:20:50.890+0000] {dagbag.py:538} INFO - Filling up the DagBag from /home/airflow/.local/lib/python3.7/site-packages/airflow/example_dags/example_branch_operator_decorator.py
[2024-11-09T17:20:50.908+0000] {processor.py:753} INFO - DAG(s) dict_keys(['example_branch_python_operator_decorator']) retrieved from /home/airflow/.local/lib/python3.7/site-packages/airflow/example_dags/example_branch_operator_decorator.py
[2024-11-09T17:20:50.926+0000] {logging_mixin.py:137} INFO - [2024-11-09T17:20:50.926+0000] {dag.py:2690} INFO - Sync 1 DAGs
[2024-11-09T17:20:50.946+0000] {logging_mixin.py:137} INFO - [2024-11-09T17:20:50.946+0000] {dag.py:3441} INFO - Setting next_dagrun for example_branch_python_operator_decorator to 2024-11-08T00:00:00+00:00, run_after=2024-11-09T00:00:00+00:00
[2024-11-09T17:20:50.960+0000] {processor.py:175} INFO - Processing /home/airflow/.local/lib/python3.7/site-packages/airflow/example_dags/example_branch_operator_decorator.py took 0.072 seconds
[2024-11-09T17:21:21.844+0000] {processor.py:153} INFO - Started process (PID=132) to work on /home/airflow/.local/lib/python3.7/site-packages/airflow/example_dags/example_branch_operator_decorator.py
[2024-11-09T17:21:21.845+0000] {processor.py:743} INFO - Processing file /home/airflow/.local/lib/python3.7/site-packages/airflow/example_dags/example_branch_operator_decorator.py for tasks to queue
[2024-11-09T17:21:21.845+0000] {logging_mixin.py:137} INFO - [2024-11-09T17:21:21.845+0000] {dagbag.py:538} INFO - Filling up the DagBag from /home/airflow/.local/lib/python3.7/site-packages/airflow/example_dags/example_branch_operator_decorator.py
[2024-11-09T17:21:21.859+0000] {processor.py:753} INFO - DAG(s) dict_keys(['example_branch_python_operator_decorator']) retrieved from /home/airflow/.local/lib/python3.7/site-packages/airflow/example_dags/example_branch_operator_decorator.py
[2024-11-09T17:21:21.873+0000] {logging_mixin.py:137} INFO - [2024-11-09T17:21:21.873+0000] {dag.py:2690} INFO - Sync 1 DAGs
[2024-11-09T17:21:21.890+0000] {logging_mixin.py:137} INFO - [2024-11-09T17:21:21.890+0000] {dag.py:3441} INFO - Setting next_dagrun for example_branch_python_operator_decorator to 2024-11-08T00:00:00+00:00, run_after=2024-11-09T00:00:00+00:00
[2024-11-09T17:21:21.903+0000] {processor.py:175} INFO - Processing /home/airflow/.local/lib/python3.7/site-packages/airflow/example_dags/example_branch_operator_decorator.py took 0.061 seconds
[2024-11-09T17:21:52.623+0000] {processor.py:153} INFO - Started process (PID=203) to work on /home/airflow/.local/lib/python3.7/site-packages/airflow/example_dags/example_branch_operator_decorator.py
[2024-11-09T17:21:52.627+0000] {processor.py:743} INFO - Processing file /home/airflow/.local/lib/python3.7/site-packages/airflow/example_dags/example_branch_operator_decorator.py for tasks to queue
[2024-11-09T17:21:52.628+0000] {logging_mixin.py:137} INFO - [2024-11-09T17:21:52.628+0000] {dagbag.py:538} INFO - Filling up the DagBag from /home/airflow/.local/lib/python3.7/site-packages/airflow/example_dags/example_branch_operator_decorator.py
[2024-11-09T17:21:52.640+0000] {processor.py:753} INFO - DAG(s) dict_keys(['example_branch_python_operator_decorator']) retrieved from /home/airflow/.local/lib/python3.7/site-packages/airflow/example_dags/example_branch_operator_decorator.py
[2024-11-09T17:21:52.658+0000] {logging_mixin.py:137} INFO - [2024-11-09T17:21:52.658+0000] {dag.py:2690} INFO - Sync 1 DAGs
[2024-11-09T17:21:52.675+0000] {logging_mixin.py:137} INFO - [2024-11-09T17:21:52.675+0000] {dag.py:3441} INFO - Setting next_dagrun for example_branch_python_operator_decorator to 2024-11-08T00:00:00+00:00, run_after=2024-11-09T00:00:00+00:00
[2024-11-09T17:21:52.688+0000] {processor.py:175} INFO - Processing /home/airflow/.local/lib/python3.7/site-packages/airflow/example_dags/example_branch_operator_decorator.py took 0.068 seconds
[2024-11-09T17:22:23.684+0000] {processor.py:153} INFO - Started process (PID=290) to work on /home/airflow/.local/lib/python3.7/site-packages/airflow/example_dags/example_branch_operator_decorator.py
[2024-11-09T17:22:23.685+0000] {processor.py:743} INFO - Processing file /home/airflow/.local/lib/python3.7/site-packages/airflow/example_dags/example_branch_operator_decorator.py for tasks to queue
[2024-11-09T17:22:23.686+0000] {logging_mixin.py:137} INFO - [2024-11-09T17:22:23.686+0000] {dagbag.py:538} INFO - Filling up the DagBag from /home/airflow/.local/lib/python3.7/site-packages/airflow/example_dags/example_branch_operator_decorator.py
[2024-11-09T17:22:23.699+0000] {processor.py:753} INFO - DAG(s) dict_keys(['example_branch_python_operator_decorator']) retrieved from /home/airflow/.local/lib/python3.7/site-packages/airflow/example_dags/example_branch_operator_decorator.py
[2024-11-09T17:22:23.715+0000] {logging_mixin.py:137} INFO - [2024-11-09T17:22:23.715+0000] {dag.py:2690} INFO - Sync 1 DAGs
[2024-11-09T17:22:23.729+0000] {logging_mixin.py:137} INFO - [2024-11-09T17:22:23.729+0000] {dag.py:3441} INFO - Setting next_dagrun for example_branch_python_operator_decorator to 2024-11-08T00:00:00+00:00, run_after=2024-11-09T00:00:00+00:00
[2024-11-09T17:22:23.744+0000] {processor.py:175} INFO - Processing /home/airflow/.local/lib/python3.7/site-packages/airflow/example_dags/example_branch_operator_decorator.py took 0.062 seconds
[2024-11-09T17:22:54.541+0000] {processor.py:153} INFO - Started process (PID=377) to work on /home/airflow/.local/lib/python3.7/site-packages/airflow/example_dags/example_branch_operator_decorator.py
[2024-11-09T17:22:54.543+0000] {processor.py:743} INFO - Processing file /home/airflow/.local/lib/python3.7/site-packages/airflow/example_dags/example_branch_operator_decorator.py for tasks to queue
[2024-11-09T17:22:54.544+0000] {logging_mixin.py:137} INFO - [2024-11-09T17:22:54.544+0000] {dagbag.py:538} INFO - Filling up the DagBag from /home/airflow/.local/lib/python3.7/site-packages/airflow/example_dags/example_branch_operator_decorator.py
[2024-11-09T17:22:54.556+0000] {processor.py:753} INFO - DAG(s) dict_keys(['example_branch_python_operator_decorator']) retrieved from /home/airflow/.local/lib/python3.7/site-packages/airflow/example_dags/example_branch_operator_decorator.py
[2024-11-09T17:22:54.576+0000] {logging_mixin.py:137} INFO - [2024-11-09T17:22:54.576+0000] {dag.py:2690} INFO - Sync 1 DAGs
[2024-11-09T17:22:54.591+0000] {logging_mixin.py:137} INFO - [2024-11-09T17:22:54.591+0000] {dag.py:3441} INFO - Setting next_dagrun for example_branch_python_operator_decorator to 2024-11-08T00:00:00+00:00, run_after=2024-11-09T00:00:00+00:00
[2024-11-09T17:22:54.602+0000] {processor.py:175} INFO - Processing /home/airflow/.local/lib/python3.7/site-packages/airflow/example_dags/example_branch_operator_decorator.py took 0.063 seconds
[2024-11-09T17:23:25.377+0000] {processor.py:153} INFO - Started process (PID=448) to work on /home/airflow/.local/lib/python3.7/site-packages/airflow/example_dags/example_branch_operator_decorator.py
[2024-11-09T17:23:25.378+0000] {processor.py:743} INFO - Processing file /home/airflow/.local/lib/python3.7/site-packages/airflow/example_dags/example_branch_operator_decorator.py for tasks to queue
[2024-11-09T17:23:25.381+0000] {logging_mixin.py:137} INFO - [2024-11-09T17:23:25.380+0000] {dagbag.py:538} INFO - Filling up the DagBag from /home/airflow/.local/lib/python3.7/site-packages/airflow/example_dags/example_branch_operator_decorator.py
[2024-11-09T17:23:25.402+0000] {processor.py:753} INFO - DAG(s) dict_keys(['example_branch_python_operator_decorator']) retrieved from /home/airflow/.local/lib/python3.7/site-packages/airflow/example_dags/example_branch_operator_decorator.py
[2024-11-09T17:23:25.419+0000] {logging_mixin.py:137} INFO - [2024-11-09T17:23:25.419+0000] {dag.py:2690} INFO - Sync 1 DAGs
[2024-11-09T17:23:25.436+0000] {logging_mixin.py:137} INFO - [2024-11-09T17:23:25.436+0000] {dag.py:3441} INFO - Setting next_dagrun for example_branch_python_operator_decorator to 2024-11-08T00:00:00+00:00, run_after=2024-11-09T00:00:00+00:00
[2024-11-09T17:23:25.455+0000] {processor.py:175} INFO - Processing /home/airflow/.local/lib/python3.7/site-packages/airflow/example_dags/example_branch_operator_decorator.py took 0.081 seconds
[2024-11-09T17:28:53.175+0000] {processor.py:153} INFO - Started process (PID=45) to work on /home/airflow/.local/lib/python3.7/site-packages/airflow/example_dags/example_branch_operator_decorator.py
[2024-11-09T17:28:53.176+0000] {processor.py:743} INFO - Processing file /home/airflow/.local/lib/python3.7/site-packages/airflow/example_dags/example_branch_operator_decorator.py for tasks to queue
[2024-11-09T17:28:53.176+0000] {logging_mixin.py:137} INFO - [2024-11-09T17:28:53.176+0000] {dagbag.py:538} INFO - Filling up the DagBag from /home/airflow/.local/lib/python3.7/site-packages/airflow/example_dags/example_branch_operator_decorator.py
[2024-11-09T17:28:53.192+0000] {processor.py:753} INFO - DAG(s) dict_keys(['example_branch_python_operator_decorator']) retrieved from /home/airflow/.local/lib/python3.7/site-packages/airflow/example_dags/example_branch_operator_decorator.py
[2024-11-09T17:28:53.200+0000] {logging_mixin.py:137} INFO - [2024-11-09T17:28:53.200+0000] {dag.py:2690} INFO - Sync 1 DAGs
[2024-11-09T17:28:53.215+0000] {logging_mixin.py:137} INFO - [2024-11-09T17:28:53.215+0000] {dag.py:3441} INFO - Setting next_dagrun for example_branch_python_operator_decorator to 2024-11-08T00:00:00+00:00, run_after=2024-11-09T00:00:00+00:00
[2024-11-09T17:28:53.230+0000] {processor.py:175} INFO - Processing /home/airflow/.local/lib/python3.7/site-packages/airflow/example_dags/example_branch_operator_decorator.py took 0.056 seconds
[2024-11-09T17:29:23.843+0000] {processor.py:153} INFO - Started process (PID=132) to work on /home/airflow/.local/lib/python3.7/site-packages/airflow/example_dags/example_branch_operator_decorator.py
[2024-11-09T17:29:23.844+0000] {processor.py:743} INFO - Processing file /home/airflow/.local/lib/python3.7/site-packages/airflow/example_dags/example_branch_operator_decorator.py for tasks to queue
[2024-11-09T17:29:23.844+0000] {logging_mixin.py:137} INFO - [2024-11-09T17:29:23.844+0000] {dagbag.py:538} INFO - Filling up the DagBag from /home/airflow/.local/lib/python3.7/site-packages/airflow/example_dags/example_branch_operator_decorator.py
[2024-11-09T17:29:23.859+0000] {processor.py:753} INFO - DAG(s) dict_keys(['example_branch_python_operator_decorator']) retrieved from /home/airflow/.local/lib/python3.7/site-packages/airflow/example_dags/example_branch_operator_decorator.py
[2024-11-09T17:29:23.878+0000] {logging_mixin.py:137} INFO - [2024-11-09T17:29:23.877+0000] {dag.py:2690} INFO - Sync 1 DAGs
[2024-11-09T17:29:23.895+0000] {logging_mixin.py:137} INFO - [2024-11-09T17:29:23.895+0000] {dag.py:3441} INFO - Setting next_dagrun for example_branch_python_operator_decorator to 2024-11-08T00:00:00+00:00, run_after=2024-11-09T00:00:00+00:00
[2024-11-09T17:29:23.908+0000] {processor.py:175} INFO - Processing /home/airflow/.local/lib/python3.7/site-packages/airflow/example_dags/example_branch_operator_decorator.py took 0.066 seconds
[2024-11-09T17:29:54.641+0000] {processor.py:153} INFO - Started process (PID=203) to work on /home/airflow/.local/lib/python3.7/site-packages/airflow/example_dags/example_branch_operator_decorator.py
[2024-11-09T17:29:54.643+0000] {processor.py:743} INFO - Processing file /home/airflow/.local/lib/python3.7/site-packages/airflow/example_dags/example_branch_operator_decorator.py for tasks to queue
[2024-11-09T17:29:54.644+0000] {logging_mixin.py:137} INFO - [2024-11-09T17:29:54.644+0000] {dagbag.py:538} INFO - Filling up the DagBag from /home/airflow/.local/lib/python3.7/site-packages/airflow/example_dags/example_branch_operator_decorator.py
[2024-11-09T17:29:54.657+0000] {processor.py:753} INFO - DAG(s) dict_keys(['example_branch_python_operator_decorator']) retrieved from /home/airflow/.local/lib/python3.7/site-packages/airflow/example_dags/example_branch_operator_decorator.py
[2024-11-09T17:29:54.672+0000] {logging_mixin.py:137} INFO - [2024-11-09T17:29:54.672+0000] {dag.py:2690} INFO - Sync 1 DAGs
[2024-11-09T17:29:54.689+0000] {logging_mixin.py:137} INFO - [2024-11-09T17:29:54.689+0000] {dag.py:3441} INFO - Setting next_dagrun for example_branch_python_operator_decorator to 2024-11-08T00:00:00+00:00, run_after=2024-11-09T00:00:00+00:00
[2024-11-09T17:29:54.703+0000] {processor.py:175} INFO - Processing /home/airflow/.local/lib/python3.7/site-packages/airflow/example_dags/example_branch_operator_decorator.py took 0.064 seconds
[2024-11-09T17:30:14.108+0000] {processor.py:153} INFO - Started process (PID=45) to work on /home/airflow/.local/lib/python3.7/site-packages/airflow/example_dags/example_branch_operator_decorator.py
[2024-11-09T17:30:14.109+0000] {processor.py:743} INFO - Processing file /home/airflow/.local/lib/python3.7/site-packages/airflow/example_dags/example_branch_operator_decorator.py for tasks to queue
[2024-11-09T17:30:14.110+0000] {logging_mixin.py:137} INFO - [2024-11-09T17:30:14.110+0000] {dagbag.py:538} INFO - Filling up the DagBag from /home/airflow/.local/lib/python3.7/site-packages/airflow/example_dags/example_branch_operator_decorator.py
[2024-11-09T17:30:14.127+0000] {processor.py:753} INFO - DAG(s) dict_keys(['example_branch_python_operator_decorator']) retrieved from /home/airflow/.local/lib/python3.7/site-packages/airflow/example_dags/example_branch_operator_decorator.py
[2024-11-09T17:30:14.136+0000] {logging_mixin.py:137} INFO - [2024-11-09T17:30:14.136+0000] {dag.py:2690} INFO - Sync 1 DAGs
[2024-11-09T17:30:14.157+0000] {logging_mixin.py:137} INFO - [2024-11-09T17:30:14.156+0000] {dag.py:3441} INFO - Setting next_dagrun for example_branch_python_operator_decorator to 2024-11-08T00:00:00+00:00, run_after=2024-11-09T00:00:00+00:00
[2024-11-09T17:30:14.172+0000] {processor.py:175} INFO - Processing /home/airflow/.local/lib/python3.7/site-packages/airflow/example_dags/example_branch_operator_decorator.py took 0.067 seconds
[2024-11-09T17:30:44.920+0000] {processor.py:153} INFO - Started process (PID=132) to work on /home/airflow/.local/lib/python3.7/site-packages/airflow/example_dags/example_branch_operator_decorator.py
[2024-11-09T17:30:44.921+0000] {processor.py:743} INFO - Processing file /home/airflow/.local/lib/python3.7/site-packages/airflow/example_dags/example_branch_operator_decorator.py for tasks to queue
[2024-11-09T17:30:44.921+0000] {logging_mixin.py:137} INFO - [2024-11-09T17:30:44.921+0000] {dagbag.py:538} INFO - Filling up the DagBag from /home/airflow/.local/lib/python3.7/site-packages/airflow/example_dags/example_branch_operator_decorator.py
[2024-11-09T17:30:44.936+0000] {processor.py:753} INFO - DAG(s) dict_keys(['example_branch_python_operator_decorator']) retrieved from /home/airflow/.local/lib/python3.7/site-packages/airflow/example_dags/example_branch_operator_decorator.py
[2024-11-09T17:30:44.950+0000] {logging_mixin.py:137} INFO - [2024-11-09T17:30:44.950+0000] {dag.py:2690} INFO - Sync 1 DAGs
[2024-11-09T17:30:44.963+0000] {logging_mixin.py:137} INFO - [2024-11-09T17:30:44.963+0000] {dag.py:3441} INFO - Setting next_dagrun for example_branch_python_operator_decorator to 2024-11-08T00:00:00+00:00, run_after=2024-11-09T00:00:00+00:00
[2024-11-09T17:30:44.972+0000] {processor.py:175} INFO - Processing /home/airflow/.local/lib/python3.7/site-packages/airflow/example_dags/example_branch_operator_decorator.py took 0.054 seconds
[2024-11-09T17:31:15.552+0000] {processor.py:153} INFO - Started process (PID=203) to work on /home/airflow/.local/lib/python3.7/site-packages/airflow/example_dags/example_branch_operator_decorator.py
[2024-11-09T17:31:15.553+0000] {processor.py:743} INFO - Processing file /home/airflow/.local/lib/python3.7/site-packages/airflow/example_dags/example_branch_operator_decorator.py for tasks to queue
[2024-11-09T17:31:15.554+0000] {logging_mixin.py:137} INFO - [2024-11-09T17:31:15.553+0000] {dagbag.py:538} INFO - Filling up the DagBag from /home/airflow/.local/lib/python3.7/site-packages/airflow/example_dags/example_branch_operator_decorator.py
[2024-11-09T17:31:15.569+0000] {processor.py:753} INFO - DAG(s) dict_keys(['example_branch_python_operator_decorator']) retrieved from /home/airflow/.local/lib/python3.7/site-packages/airflow/example_dags/example_branch_operator_decorator.py
[2024-11-09T17:31:15.583+0000] {logging_mixin.py:137} INFO - [2024-11-09T17:31:15.583+0000] {dag.py:2690} INFO - Sync 1 DAGs
[2024-11-09T17:31:15.597+0000] {logging_mixin.py:137} INFO - [2024-11-09T17:31:15.597+0000] {dag.py:3441} INFO - Setting next_dagrun for example_branch_python_operator_decorator to 2024-11-08T00:00:00+00:00, run_after=2024-11-09T00:00:00+00:00
[2024-11-09T17:31:15.606+0000] {processor.py:175} INFO - Processing /home/airflow/.local/lib/python3.7/site-packages/airflow/example_dags/example_branch_operator_decorator.py took 0.057 seconds
[2024-11-09T17:31:46.180+0000] {processor.py:153} INFO - Started process (PID=290) to work on /home/airflow/.local/lib/python3.7/site-packages/airflow/example_dags/example_branch_operator_decorator.py
[2024-11-09T17:31:46.180+0000] {processor.py:743} INFO - Processing file /home/airflow/.local/lib/python3.7/site-packages/airflow/example_dags/example_branch_operator_decorator.py for tasks to queue
[2024-11-09T17:31:46.181+0000] {logging_mixin.py:137} INFO - [2024-11-09T17:31:46.181+0000] {dagbag.py:538} INFO - Filling up the DagBag from /home/airflow/.local/lib/python3.7/site-packages/airflow/example_dags/example_branch_operator_decorator.py
[2024-11-09T17:31:46.193+0000] {processor.py:753} INFO - DAG(s) dict_keys(['example_branch_python_operator_decorator']) retrieved from /home/airflow/.local/lib/python3.7/site-packages/airflow/example_dags/example_branch_operator_decorator.py
[2024-11-09T17:31:46.208+0000] {logging_mixin.py:137} INFO - [2024-11-09T17:31:46.208+0000] {dag.py:2690} INFO - Sync 1 DAGs
[2024-11-09T17:31:46.224+0000] {logging_mixin.py:137} INFO - [2024-11-09T17:31:46.224+0000] {dag.py:3441} INFO - Setting next_dagrun for example_branch_python_operator_decorator to 2024-11-08T00:00:00+00:00, run_after=2024-11-09T00:00:00+00:00
[2024-11-09T17:31:46.233+0000] {processor.py:175} INFO - Processing /home/airflow/.local/lib/python3.7/site-packages/airflow/example_dags/example_branch_operator_decorator.py took 0.056 seconds
[2024-11-09T17:32:16.795+0000] {processor.py:153} INFO - Started process (PID=377) to work on /home/airflow/.local/lib/python3.7/site-packages/airflow/example_dags/example_branch_operator_decorator.py
[2024-11-09T17:32:16.796+0000] {processor.py:743} INFO - Processing file /home/airflow/.local/lib/python3.7/site-packages/airflow/example_dags/example_branch_operator_decorator.py for tasks to queue
[2024-11-09T17:32:16.796+0000] {logging_mixin.py:137} INFO - [2024-11-09T17:32:16.796+0000] {dagbag.py:538} INFO - Filling up the DagBag from /home/airflow/.local/lib/python3.7/site-packages/airflow/example_dags/example_branch_operator_decorator.py
[2024-11-09T17:32:16.809+0000] {processor.py:753} INFO - DAG(s) dict_keys(['example_branch_python_operator_decorator']) retrieved from /home/airflow/.local/lib/python3.7/site-packages/airflow/example_dags/example_branch_operator_decorator.py
[2024-11-09T17:32:16.825+0000] {logging_mixin.py:137} INFO - [2024-11-09T17:32:16.825+0000] {dag.py:2690} INFO - Sync 1 DAGs
[2024-11-09T17:32:16.839+0000] {logging_mixin.py:137} INFO - [2024-11-09T17:32:16.839+0000] {dag.py:3441} INFO - Setting next_dagrun for example_branch_python_operator_decorator to 2024-11-08T00:00:00+00:00, run_after=2024-11-09T00:00:00+00:00
[2024-11-09T17:32:16.849+0000] {processor.py:175} INFO - Processing /home/airflow/.local/lib/python3.7/site-packages/airflow/example_dags/example_branch_operator_decorator.py took 0.056 seconds
[2024-11-09T17:32:47.488+0000] {processor.py:153} INFO - Started process (PID=448) to work on /home/airflow/.local/lib/python3.7/site-packages/airflow/example_dags/example_branch_operator_decorator.py
[2024-11-09T17:32:47.488+0000] {processor.py:743} INFO - Processing file /home/airflow/.local/lib/python3.7/site-packages/airflow/example_dags/example_branch_operator_decorator.py for tasks to queue
[2024-11-09T17:32:47.489+0000] {logging_mixin.py:137} INFO - [2024-11-09T17:32:47.489+0000] {dagbag.py:538} INFO - Filling up the DagBag from /home/airflow/.local/lib/python3.7/site-packages/airflow/example_dags/example_branch_operator_decorator.py
[2024-11-09T17:32:47.502+0000] {processor.py:753} INFO - DAG(s) dict_keys(['example_branch_python_operator_decorator']) retrieved from /home/airflow/.local/lib/python3.7/site-packages/airflow/example_dags/example_branch_operator_decorator.py
[2024-11-09T17:32:47.517+0000] {logging_mixin.py:137} INFO - [2024-11-09T17:32:47.517+0000] {dag.py:2690} INFO - Sync 1 DAGs
[2024-11-09T17:32:47.531+0000] {logging_mixin.py:137} INFO - [2024-11-09T17:32:47.531+0000] {dag.py:3441} INFO - Setting next_dagrun for example_branch_python_operator_decorator to 2024-11-08T00:00:00+00:00, run_after=2024-11-09T00:00:00+00:00
[2024-11-09T17:32:47.541+0000] {processor.py:175} INFO - Processing /home/airflow/.local/lib/python3.7/site-packages/airflow/example_dags/example_branch_operator_decorator.py took 0.055 seconds
