[2024-11-09T17:10:05.950+0000] {processor.py:153} INFO - Started process (PID=59) to work on /home/airflow/.local/lib/python3.7/site-packages/airflow/example_dags/example_latest_only.py
[2024-11-09T17:10:05.951+0000] {processor.py:743} INFO - Processing file /home/airflow/.local/lib/python3.7/site-packages/airflow/example_dags/example_latest_only.py for tasks to queue
[2024-11-09T17:10:05.952+0000] {logging_mixin.py:137} INFO - [2024-11-09T17:10:05.952+0000] {dagbag.py:538} INFO - Filling up the DagBag from /home/airflow/.local/lib/python3.7/site-packages/airflow/example_dags/example_latest_only.py
[2024-11-09T17:10:05.961+0000] {processor.py:753} INFO - DAG(s) dict_keys(['latest_only']) retrieved from /home/airflow/.local/lib/python3.7/site-packages/airflow/example_dags/example_latest_only.py
[2024-11-09T17:10:05.969+0000] {logging_mixin.py:137} INFO - [2024-11-09T17:10:05.969+0000] {dag.py:2690} INFO - Sync 1 DAGs
[2024-11-09T17:10:05.984+0000] {logging_mixin.py:137} INFO - [2024-11-09T17:10:05.984+0000] {dag.py:3441} INFO - Setting next_dagrun for latest_only to 2024-11-09T13:10:05.984749+00:00, run_after=2024-11-09T17:10:05.984749+00:00
[2024-11-09T17:10:06.008+0000] {processor.py:175} INFO - Processing /home/airflow/.local/lib/python3.7/site-packages/airflow/example_dags/example_latest_only.py took 0.060 seconds
[2024-11-09T17:10:36.750+0000] {processor.py:153} INFO - Started process (PID=145) to work on /home/airflow/.local/lib/python3.7/site-packages/airflow/example_dags/example_latest_only.py
[2024-11-09T17:10:36.751+0000] {processor.py:743} INFO - Processing file /home/airflow/.local/lib/python3.7/site-packages/airflow/example_dags/example_latest_only.py for tasks to queue
[2024-11-09T17:10:36.751+0000] {logging_mixin.py:137} INFO - [2024-11-09T17:10:36.751+0000] {dagbag.py:538} INFO - Filling up the DagBag from /home/airflow/.local/lib/python3.7/site-packages/airflow/example_dags/example_latest_only.py
[2024-11-09T17:10:36.759+0000] {processor.py:753} INFO - DAG(s) dict_keys(['latest_only']) retrieved from /home/airflow/.local/lib/python3.7/site-packages/airflow/example_dags/example_latest_only.py
[2024-11-09T17:10:36.775+0000] {logging_mixin.py:137} INFO - [2024-11-09T17:10:36.775+0000] {dag.py:2690} INFO - Sync 1 DAGs
[2024-11-09T17:10:36.788+0000] {logging_mixin.py:137} INFO - [2024-11-09T17:10:36.788+0000] {dag.py:3441} INFO - Setting next_dagrun for latest_only to 2024-11-09T13:10:36.788150+00:00, run_after=2024-11-09T17:10:36.788150+00:00
[2024-11-09T17:10:36.802+0000] {processor.py:175} INFO - Processing /home/airflow/.local/lib/python3.7/site-packages/airflow/example_dags/example_latest_only.py took 0.054 seconds
[2024-11-09T17:11:07.412+0000] {processor.py:153} INFO - Started process (PID=216) to work on /home/airflow/.local/lib/python3.7/site-packages/airflow/example_dags/example_latest_only.py
[2024-11-09T17:11:07.413+0000] {processor.py:743} INFO - Processing file /home/airflow/.local/lib/python3.7/site-packages/airflow/example_dags/example_latest_only.py for tasks to queue
[2024-11-09T17:11:07.414+0000] {logging_mixin.py:137} INFO - [2024-11-09T17:11:07.414+0000] {dagbag.py:538} INFO - Filling up the DagBag from /home/airflow/.local/lib/python3.7/site-packages/airflow/example_dags/example_latest_only.py
[2024-11-09T17:11:07.421+0000] {processor.py:753} INFO - DAG(s) dict_keys(['latest_only']) retrieved from /home/airflow/.local/lib/python3.7/site-packages/airflow/example_dags/example_latest_only.py
[2024-11-09T17:11:07.435+0000] {logging_mixin.py:137} INFO - [2024-11-09T17:11:07.435+0000] {dag.py:2690} INFO - Sync 1 DAGs
[2024-11-09T17:11:07.448+0000] {logging_mixin.py:137} INFO - [2024-11-09T17:11:07.448+0000] {dag.py:3441} INFO - Setting next_dagrun for latest_only to 2024-11-09T13:11:07.448029+00:00, run_after=2024-11-09T17:11:07.448029+00:00
[2024-11-09T17:11:07.460+0000] {processor.py:175} INFO - Processing /home/airflow/.local/lib/python3.7/site-packages/airflow/example_dags/example_latest_only.py took 0.050 seconds
[2024-11-09T17:11:38.267+0000] {processor.py:153} INFO - Started process (PID=303) to work on /home/airflow/.local/lib/python3.7/site-packages/airflow/example_dags/example_latest_only.py
[2024-11-09T17:11:38.268+0000] {processor.py:743} INFO - Processing file /home/airflow/.local/lib/python3.7/site-packages/airflow/example_dags/example_latest_only.py for tasks to queue
[2024-11-09T17:11:38.268+0000] {logging_mixin.py:137} INFO - [2024-11-09T17:11:38.268+0000] {dagbag.py:538} INFO - Filling up the DagBag from /home/airflow/.local/lib/python3.7/site-packages/airflow/example_dags/example_latest_only.py
[2024-11-09T17:11:38.276+0000] {processor.py:753} INFO - DAG(s) dict_keys(['latest_only']) retrieved from /home/airflow/.local/lib/python3.7/site-packages/airflow/example_dags/example_latest_only.py
[2024-11-09T17:11:38.294+0000] {logging_mixin.py:137} INFO - [2024-11-09T17:11:38.294+0000] {dag.py:2690} INFO - Sync 1 DAGs
[2024-11-09T17:11:38.323+0000] {logging_mixin.py:137} INFO - [2024-11-09T17:11:38.323+0000] {dag.py:3441} INFO - Setting next_dagrun for latest_only to 2024-11-09T13:11:38.322894+00:00, run_after=2024-11-09T17:11:38.322894+00:00
[2024-11-09T17:11:38.338+0000] {processor.py:175} INFO - Processing /home/airflow/.local/lib/python3.7/site-packages/airflow/example_dags/example_latest_only.py took 0.073 seconds
[2024-11-09T17:12:08.958+0000] {processor.py:153} INFO - Started process (PID=390) to work on /home/airflow/.local/lib/python3.7/site-packages/airflow/example_dags/example_latest_only.py
[2024-11-09T17:12:08.960+0000] {processor.py:743} INFO - Processing file /home/airflow/.local/lib/python3.7/site-packages/airflow/example_dags/example_latest_only.py for tasks to queue
[2024-11-09T17:12:08.961+0000] {logging_mixin.py:137} INFO - [2024-11-09T17:12:08.961+0000] {dagbag.py:538} INFO - Filling up the DagBag from /home/airflow/.local/lib/python3.7/site-packages/airflow/example_dags/example_latest_only.py
[2024-11-09T17:12:08.969+0000] {processor.py:753} INFO - DAG(s) dict_keys(['latest_only']) retrieved from /home/airflow/.local/lib/python3.7/site-packages/airflow/example_dags/example_latest_only.py
[2024-11-09T17:12:08.985+0000] {logging_mixin.py:137} INFO - [2024-11-09T17:12:08.985+0000] {dag.py:2690} INFO - Sync 1 DAGs
[2024-11-09T17:12:09.000+0000] {logging_mixin.py:137} INFO - [2024-11-09T17:12:09.000+0000] {dag.py:3441} INFO - Setting next_dagrun for latest_only to 2024-11-09T13:12:09.000078+00:00, run_after=2024-11-09T17:12:09.000078+00:00
[2024-11-09T17:12:09.012+0000] {processor.py:175} INFO - Processing /home/airflow/.local/lib/python3.7/site-packages/airflow/example_dags/example_latest_only.py took 0.056 seconds
[2024-11-09T17:12:39.532+0000] {processor.py:153} INFO - Started process (PID=477) to work on /home/airflow/.local/lib/python3.7/site-packages/airflow/example_dags/example_latest_only.py
[2024-11-09T17:12:39.532+0000] {processor.py:743} INFO - Processing file /home/airflow/.local/lib/python3.7/site-packages/airflow/example_dags/example_latest_only.py for tasks to queue
[2024-11-09T17:12:39.533+0000] {logging_mixin.py:137} INFO - [2024-11-09T17:12:39.533+0000] {dagbag.py:538} INFO - Filling up the DagBag from /home/airflow/.local/lib/python3.7/site-packages/airflow/example_dags/example_latest_only.py
[2024-11-09T17:12:39.539+0000] {processor.py:753} INFO - DAG(s) dict_keys(['latest_only']) retrieved from /home/airflow/.local/lib/python3.7/site-packages/airflow/example_dags/example_latest_only.py
[2024-11-09T17:12:39.552+0000] {logging_mixin.py:137} INFO - [2024-11-09T17:12:39.552+0000] {dag.py:2690} INFO - Sync 1 DAGs
[2024-11-09T17:12:39.565+0000] {logging_mixin.py:137} INFO - [2024-11-09T17:12:39.565+0000] {dag.py:3441} INFO - Setting next_dagrun for latest_only to 2024-11-09T13:12:39.565083+00:00, run_after=2024-11-09T17:12:39.565083+00:00
[2024-11-09T17:12:39.576+0000] {processor.py:175} INFO - Processing /home/airflow/.local/lib/python3.7/site-packages/airflow/example_dags/example_latest_only.py took 0.046 seconds
[2024-11-09T17:13:10.240+0000] {processor.py:153} INFO - Started process (PID=548) to work on /home/airflow/.local/lib/python3.7/site-packages/airflow/example_dags/example_latest_only.py
[2024-11-09T17:13:10.240+0000] {processor.py:743} INFO - Processing file /home/airflow/.local/lib/python3.7/site-packages/airflow/example_dags/example_latest_only.py for tasks to queue
[2024-11-09T17:13:10.241+0000] {logging_mixin.py:137} INFO - [2024-11-09T17:13:10.241+0000] {dagbag.py:538} INFO - Filling up the DagBag from /home/airflow/.local/lib/python3.7/site-packages/airflow/example_dags/example_latest_only.py
[2024-11-09T17:13:10.247+0000] {processor.py:753} INFO - DAG(s) dict_keys(['latest_only']) retrieved from /home/airflow/.local/lib/python3.7/site-packages/airflow/example_dags/example_latest_only.py
[2024-11-09T17:13:10.259+0000] {logging_mixin.py:137} INFO - [2024-11-09T17:13:10.259+0000] {dag.py:2690} INFO - Sync 1 DAGs
[2024-11-09T17:13:10.271+0000] {logging_mixin.py:137} INFO - [2024-11-09T17:13:10.271+0000] {dag.py:3441} INFO - Setting next_dagrun for latest_only to 2024-11-09T13:13:10.271332+00:00, run_after=2024-11-09T17:13:10.271332+00:00
[2024-11-09T17:13:10.280+0000] {processor.py:175} INFO - Processing /home/airflow/.local/lib/python3.7/site-packages/airflow/example_dags/example_latest_only.py took 0.042 seconds
[2024-11-09T17:13:42.120+0000] {processor.py:153} INFO - Started process (PID=635) to work on /home/airflow/.local/lib/python3.7/site-packages/airflow/example_dags/example_latest_only.py
[2024-11-09T17:13:42.124+0000] {processor.py:743} INFO - Processing file /home/airflow/.local/lib/python3.7/site-packages/airflow/example_dags/example_latest_only.py for tasks to queue
[2024-11-09T17:13:42.125+0000] {logging_mixin.py:137} INFO - [2024-11-09T17:13:42.125+0000] {dagbag.py:538} INFO - Filling up the DagBag from /home/airflow/.local/lib/python3.7/site-packages/airflow/example_dags/example_latest_only.py
[2024-11-09T17:13:42.134+0000] {processor.py:753} INFO - DAG(s) dict_keys(['latest_only']) retrieved from /home/airflow/.local/lib/python3.7/site-packages/airflow/example_dags/example_latest_only.py
[2024-11-09T17:13:42.157+0000] {logging_mixin.py:137} INFO - [2024-11-09T17:13:42.157+0000] {dag.py:2690} INFO - Sync 1 DAGs
[2024-11-09T17:13:42.182+0000] {logging_mixin.py:137} INFO - [2024-11-09T17:13:42.181+0000] {dag.py:3441} INFO - Setting next_dagrun for latest_only to 2024-11-09T13:13:42.180993+00:00, run_after=2024-11-09T17:13:42.180993+00:00
[2024-11-09T17:13:42.198+0000] {processor.py:175} INFO - Processing /home/airflow/.local/lib/python3.7/site-packages/airflow/example_dags/example_latest_only.py took 0.080 seconds
[2024-11-09T17:14:12.278+0000] {processor.py:153} INFO - Started process (PID=722) to work on /home/airflow/.local/lib/python3.7/site-packages/airflow/example_dags/example_latest_only.py
[2024-11-09T17:14:12.279+0000] {processor.py:743} INFO - Processing file /home/airflow/.local/lib/python3.7/site-packages/airflow/example_dags/example_latest_only.py for tasks to queue
[2024-11-09T17:14:12.281+0000] {logging_mixin.py:137} INFO - [2024-11-09T17:14:12.281+0000] {dagbag.py:538} INFO - Filling up the DagBag from /home/airflow/.local/lib/python3.7/site-packages/airflow/example_dags/example_latest_only.py
[2024-11-09T17:14:12.290+0000] {processor.py:753} INFO - DAG(s) dict_keys(['latest_only']) retrieved from /home/airflow/.local/lib/python3.7/site-packages/airflow/example_dags/example_latest_only.py
[2024-11-09T17:14:12.306+0000] {logging_mixin.py:137} INFO - [2024-11-09T17:14:12.306+0000] {dag.py:2690} INFO - Sync 1 DAGs
[2024-11-09T17:14:12.328+0000] {logging_mixin.py:137} INFO - [2024-11-09T17:14:12.328+0000] {dag.py:3441} INFO - Setting next_dagrun for latest_only to 2024-11-09T13:14:12.327936+00:00, run_after=2024-11-09T17:14:12.327936+00:00
[2024-11-09T17:14:12.346+0000] {processor.py:175} INFO - Processing /home/airflow/.local/lib/python3.7/site-packages/airflow/example_dags/example_latest_only.py took 0.069 seconds
[2024-11-09T17:14:43.112+0000] {processor.py:153} INFO - Started process (PID=793) to work on /home/airflow/.local/lib/python3.7/site-packages/airflow/example_dags/example_latest_only.py
[2024-11-09T17:14:43.113+0000] {processor.py:743} INFO - Processing file /home/airflow/.local/lib/python3.7/site-packages/airflow/example_dags/example_latest_only.py for tasks to queue
[2024-11-09T17:14:43.114+0000] {logging_mixin.py:137} INFO - [2024-11-09T17:14:43.114+0000] {dagbag.py:538} INFO - Filling up the DagBag from /home/airflow/.local/lib/python3.7/site-packages/airflow/example_dags/example_latest_only.py
[2024-11-09T17:14:43.121+0000] {processor.py:753} INFO - DAG(s) dict_keys(['latest_only']) retrieved from /home/airflow/.local/lib/python3.7/site-packages/airflow/example_dags/example_latest_only.py
[2024-11-09T17:14:43.140+0000] {logging_mixin.py:137} INFO - [2024-11-09T17:14:43.139+0000] {dag.py:2690} INFO - Sync 1 DAGs
[2024-11-09T17:14:43.156+0000] {logging_mixin.py:137} INFO - [2024-11-09T17:14:43.156+0000] {dag.py:3441} INFO - Setting next_dagrun for latest_only to 2024-11-09T13:14:43.156406+00:00, run_after=2024-11-09T17:14:43.156406+00:00
[2024-11-09T17:14:43.173+0000] {processor.py:175} INFO - Processing /home/airflow/.local/lib/python3.7/site-packages/airflow/example_dags/example_latest_only.py took 0.063 seconds
[2024-11-09T17:15:13.909+0000] {processor.py:153} INFO - Started process (PID=880) to work on /home/airflow/.local/lib/python3.7/site-packages/airflow/example_dags/example_latest_only.py
[2024-11-09T17:15:13.910+0000] {processor.py:743} INFO - Processing file /home/airflow/.local/lib/python3.7/site-packages/airflow/example_dags/example_latest_only.py for tasks to queue
[2024-11-09T17:15:13.911+0000] {logging_mixin.py:137} INFO - [2024-11-09T17:15:13.911+0000] {dagbag.py:538} INFO - Filling up the DagBag from /home/airflow/.local/lib/python3.7/site-packages/airflow/example_dags/example_latest_only.py
[2024-11-09T17:15:13.918+0000] {processor.py:753} INFO - DAG(s) dict_keys(['latest_only']) retrieved from /home/airflow/.local/lib/python3.7/site-packages/airflow/example_dags/example_latest_only.py
[2024-11-09T17:15:13.931+0000] {logging_mixin.py:137} INFO - [2024-11-09T17:15:13.931+0000] {dag.py:2690} INFO - Sync 1 DAGs
[2024-11-09T17:15:13.945+0000] {logging_mixin.py:137} INFO - [2024-11-09T17:15:13.945+0000] {dag.py:3441} INFO - Setting next_dagrun for latest_only to 2024-11-09T13:15:13.945498+00:00, run_after=2024-11-09T17:15:13.945498+00:00
[2024-11-09T17:15:13.955+0000] {processor.py:175} INFO - Processing /home/airflow/.local/lib/python3.7/site-packages/airflow/example_dags/example_latest_only.py took 0.048 seconds
[2024-11-09T17:15:44.842+0000] {processor.py:153} INFO - Started process (PID=967) to work on /home/airflow/.local/lib/python3.7/site-packages/airflow/example_dags/example_latest_only.py
[2024-11-09T17:15:44.845+0000] {processor.py:743} INFO - Processing file /home/airflow/.local/lib/python3.7/site-packages/airflow/example_dags/example_latest_only.py for tasks to queue
[2024-11-09T17:15:44.847+0000] {logging_mixin.py:137} INFO - [2024-11-09T17:15:44.847+0000] {dagbag.py:538} INFO - Filling up the DagBag from /home/airflow/.local/lib/python3.7/site-packages/airflow/example_dags/example_latest_only.py
[2024-11-09T17:15:44.854+0000] {processor.py:753} INFO - DAG(s) dict_keys(['latest_only']) retrieved from /home/airflow/.local/lib/python3.7/site-packages/airflow/example_dags/example_latest_only.py
[2024-11-09T17:15:44.871+0000] {logging_mixin.py:137} INFO - [2024-11-09T17:15:44.871+0000] {dag.py:2690} INFO - Sync 1 DAGs
[2024-11-09T17:15:44.885+0000] {logging_mixin.py:137} INFO - [2024-11-09T17:15:44.885+0000] {dag.py:3441} INFO - Setting next_dagrun for latest_only to 2024-11-09T13:15:44.885683+00:00, run_after=2024-11-09T17:15:44.885683+00:00
[2024-11-09T17:15:44.896+0000] {processor.py:175} INFO - Processing /home/airflow/.local/lib/python3.7/site-packages/airflow/example_dags/example_latest_only.py took 0.056 seconds
[2024-11-09T17:16:15.581+0000] {processor.py:153} INFO - Started process (PID=1045) to work on /home/airflow/.local/lib/python3.7/site-packages/airflow/example_dags/example_latest_only.py
[2024-11-09T17:16:15.584+0000] {processor.py:743} INFO - Processing file /home/airflow/.local/lib/python3.7/site-packages/airflow/example_dags/example_latest_only.py for tasks to queue
[2024-11-09T17:16:15.585+0000] {logging_mixin.py:137} INFO - [2024-11-09T17:16:15.585+0000] {dagbag.py:538} INFO - Filling up the DagBag from /home/airflow/.local/lib/python3.7/site-packages/airflow/example_dags/example_latest_only.py
[2024-11-09T17:16:15.593+0000] {processor.py:753} INFO - DAG(s) dict_keys(['latest_only']) retrieved from /home/airflow/.local/lib/python3.7/site-packages/airflow/example_dags/example_latest_only.py
[2024-11-09T17:16:15.611+0000] {logging_mixin.py:137} INFO - [2024-11-09T17:16:15.611+0000] {dag.py:2690} INFO - Sync 1 DAGs
[2024-11-09T17:16:15.627+0000] {logging_mixin.py:137} INFO - [2024-11-09T17:16:15.627+0000] {dag.py:3441} INFO - Setting next_dagrun for latest_only to 2024-11-09T13:16:15.627260+00:00, run_after=2024-11-09T17:16:15.627260+00:00
[2024-11-09T17:16:15.640+0000] {processor.py:175} INFO - Processing /home/airflow/.local/lib/python3.7/site-packages/airflow/example_dags/example_latest_only.py took 0.062 seconds
[2024-11-09T17:16:46.733+0000] {processor.py:153} INFO - Started process (PID=1124) to work on /home/airflow/.local/lib/python3.7/site-packages/airflow/example_dags/example_latest_only.py
[2024-11-09T17:16:46.734+0000] {processor.py:743} INFO - Processing file /home/airflow/.local/lib/python3.7/site-packages/airflow/example_dags/example_latest_only.py for tasks to queue
[2024-11-09T17:16:46.735+0000] {logging_mixin.py:137} INFO - [2024-11-09T17:16:46.735+0000] {dagbag.py:538} INFO - Filling up the DagBag from /home/airflow/.local/lib/python3.7/site-packages/airflow/example_dags/example_latest_only.py
[2024-11-09T17:16:46.744+0000] {processor.py:753} INFO - DAG(s) dict_keys(['latest_only']) retrieved from /home/airflow/.local/lib/python3.7/site-packages/airflow/example_dags/example_latest_only.py
[2024-11-09T17:16:46.759+0000] {logging_mixin.py:137} INFO - [2024-11-09T17:16:46.759+0000] {dag.py:2690} INFO - Sync 1 DAGs
[2024-11-09T17:16:46.774+0000] {logging_mixin.py:137} INFO - [2024-11-09T17:16:46.774+0000] {dag.py:3441} INFO - Setting next_dagrun for latest_only to 2024-11-09T13:16:46.774308+00:00, run_after=2024-11-09T17:16:46.774308+00:00
[2024-11-09T17:16:46.787+0000] {processor.py:175} INFO - Processing /home/airflow/.local/lib/python3.7/site-packages/airflow/example_dags/example_latest_only.py took 0.056 seconds
[2024-11-09T17:17:17.546+0000] {processor.py:153} INFO - Started process (PID=1211) to work on /home/airflow/.local/lib/python3.7/site-packages/airflow/example_dags/example_latest_only.py
[2024-11-09T17:17:17.548+0000] {processor.py:743} INFO - Processing file /home/airflow/.local/lib/python3.7/site-packages/airflow/example_dags/example_latest_only.py for tasks to queue
[2024-11-09T17:17:17.549+0000] {logging_mixin.py:137} INFO - [2024-11-09T17:17:17.549+0000] {dagbag.py:538} INFO - Filling up the DagBag from /home/airflow/.local/lib/python3.7/site-packages/airflow/example_dags/example_latest_only.py
[2024-11-09T17:17:17.557+0000] {processor.py:753} INFO - DAG(s) dict_keys(['latest_only']) retrieved from /home/airflow/.local/lib/python3.7/site-packages/airflow/example_dags/example_latest_only.py
[2024-11-09T17:17:17.574+0000] {logging_mixin.py:137} INFO - [2024-11-09T17:17:17.574+0000] {dag.py:2690} INFO - Sync 1 DAGs
[2024-11-09T17:17:17.596+0000] {logging_mixin.py:137} INFO - [2024-11-09T17:17:17.596+0000] {dag.py:3441} INFO - Setting next_dagrun for latest_only to 2024-11-09T13:17:17.596286+00:00, run_after=2024-11-09T17:17:17.596286+00:00
[2024-11-09T17:17:17.614+0000] {processor.py:175} INFO - Processing /home/airflow/.local/lib/python3.7/site-packages/airflow/example_dags/example_latest_only.py took 0.070 seconds
[2024-11-09T17:17:48.365+0000] {processor.py:153} INFO - Started process (PID=1298) to work on /home/airflow/.local/lib/python3.7/site-packages/airflow/example_dags/example_latest_only.py
[2024-11-09T17:17:48.366+0000] {processor.py:743} INFO - Processing file /home/airflow/.local/lib/python3.7/site-packages/airflow/example_dags/example_latest_only.py for tasks to queue
[2024-11-09T17:17:48.367+0000] {logging_mixin.py:137} INFO - [2024-11-09T17:17:48.367+0000] {dagbag.py:538} INFO - Filling up the DagBag from /home/airflow/.local/lib/python3.7/site-packages/airflow/example_dags/example_latest_only.py
[2024-11-09T17:17:48.376+0000] {processor.py:753} INFO - DAG(s) dict_keys(['latest_only']) retrieved from /home/airflow/.local/lib/python3.7/site-packages/airflow/example_dags/example_latest_only.py
[2024-11-09T17:17:48.399+0000] {logging_mixin.py:137} INFO - [2024-11-09T17:17:48.398+0000] {dag.py:2690} INFO - Sync 1 DAGs
[2024-11-09T17:17:48.427+0000] {logging_mixin.py:137} INFO - [2024-11-09T17:17:48.427+0000] {dag.py:3441} INFO - Setting next_dagrun for latest_only to 2024-11-09T13:17:48.427396+00:00, run_after=2024-11-09T17:17:48.427396+00:00
[2024-11-09T17:17:48.450+0000] {processor.py:175} INFO - Processing /home/airflow/.local/lib/python3.7/site-packages/airflow/example_dags/example_latest_only.py took 0.088 seconds
[2024-11-09T17:18:19.178+0000] {processor.py:153} INFO - Started process (PID=1369) to work on /home/airflow/.local/lib/python3.7/site-packages/airflow/example_dags/example_latest_only.py
[2024-11-09T17:18:19.179+0000] {processor.py:743} INFO - Processing file /home/airflow/.local/lib/python3.7/site-packages/airflow/example_dags/example_latest_only.py for tasks to queue
[2024-11-09T17:18:19.180+0000] {logging_mixin.py:137} INFO - [2024-11-09T17:18:19.180+0000] {dagbag.py:538} INFO - Filling up the DagBag from /home/airflow/.local/lib/python3.7/site-packages/airflow/example_dags/example_latest_only.py
[2024-11-09T17:18:19.187+0000] {processor.py:753} INFO - DAG(s) dict_keys(['latest_only']) retrieved from /home/airflow/.local/lib/python3.7/site-packages/airflow/example_dags/example_latest_only.py
[2024-11-09T17:18:19.201+0000] {logging_mixin.py:137} INFO - [2024-11-09T17:18:19.201+0000] {dag.py:2690} INFO - Sync 1 DAGs
[2024-11-09T17:18:19.214+0000] {logging_mixin.py:137} INFO - [2024-11-09T17:18:19.214+0000] {dag.py:3441} INFO - Setting next_dagrun for latest_only to 2024-11-09T13:18:19.214731+00:00, run_after=2024-11-09T17:18:19.214731+00:00
[2024-11-09T17:18:19.227+0000] {processor.py:175} INFO - Processing /home/airflow/.local/lib/python3.7/site-packages/airflow/example_dags/example_latest_only.py took 0.051 seconds
[2024-11-09T17:18:50.146+0000] {processor.py:153} INFO - Started process (PID=1456) to work on /home/airflow/.local/lib/python3.7/site-packages/airflow/example_dags/example_latest_only.py
[2024-11-09T17:18:50.147+0000] {processor.py:743} INFO - Processing file /home/airflow/.local/lib/python3.7/site-packages/airflow/example_dags/example_latest_only.py for tasks to queue
[2024-11-09T17:18:50.147+0000] {logging_mixin.py:137} INFO - [2024-11-09T17:18:50.147+0000] {dagbag.py:538} INFO - Filling up the DagBag from /home/airflow/.local/lib/python3.7/site-packages/airflow/example_dags/example_latest_only.py
[2024-11-09T17:18:50.154+0000] {processor.py:753} INFO - DAG(s) dict_keys(['latest_only']) retrieved from /home/airflow/.local/lib/python3.7/site-packages/airflow/example_dags/example_latest_only.py
[2024-11-09T17:18:50.166+0000] {logging_mixin.py:137} INFO - [2024-11-09T17:18:50.166+0000] {dag.py:2690} INFO - Sync 1 DAGs
[2024-11-09T17:18:50.179+0000] {logging_mixin.py:137} INFO - [2024-11-09T17:18:50.179+0000] {dag.py:3441} INFO - Setting next_dagrun for latest_only to 2024-11-09T13:18:50.179088+00:00, run_after=2024-11-09T17:18:50.179088+00:00
[2024-11-09T17:18:50.188+0000] {processor.py:175} INFO - Processing /home/airflow/.local/lib/python3.7/site-packages/airflow/example_dags/example_latest_only.py took 0.044 seconds
[2024-11-09T17:19:20.934+0000] {processor.py:153} INFO - Started process (PID=1543) to work on /home/airflow/.local/lib/python3.7/site-packages/airflow/example_dags/example_latest_only.py
[2024-11-09T17:19:20.936+0000] {processor.py:743} INFO - Processing file /home/airflow/.local/lib/python3.7/site-packages/airflow/example_dags/example_latest_only.py for tasks to queue
[2024-11-09T17:19:20.937+0000] {logging_mixin.py:137} INFO - [2024-11-09T17:19:20.937+0000] {dagbag.py:538} INFO - Filling up the DagBag from /home/airflow/.local/lib/python3.7/site-packages/airflow/example_dags/example_latest_only.py
[2024-11-09T17:19:20.946+0000] {processor.py:753} INFO - DAG(s) dict_keys(['latest_only']) retrieved from /home/airflow/.local/lib/python3.7/site-packages/airflow/example_dags/example_latest_only.py
[2024-11-09T17:19:20.959+0000] {logging_mixin.py:137} INFO - [2024-11-09T17:19:20.959+0000] {dag.py:2690} INFO - Sync 1 DAGs
[2024-11-09T17:19:20.972+0000] {logging_mixin.py:137} INFO - [2024-11-09T17:19:20.971+0000] {dag.py:3441} INFO - Setting next_dagrun for latest_only to 2024-11-09T13:19:20.971871+00:00, run_after=2024-11-09T17:19:20.971871+00:00
[2024-11-09T17:19:20.988+0000] {processor.py:175} INFO - Processing /home/airflow/.local/lib/python3.7/site-packages/airflow/example_dags/example_latest_only.py took 0.055 seconds
[2024-11-09T17:19:51.931+0000] {processor.py:153} INFO - Started process (PID=1623) to work on /home/airflow/.local/lib/python3.7/site-packages/airflow/example_dags/example_latest_only.py
[2024-11-09T17:19:51.932+0000] {processor.py:743} INFO - Processing file /home/airflow/.local/lib/python3.7/site-packages/airflow/example_dags/example_latest_only.py for tasks to queue
[2024-11-09T17:19:51.933+0000] {logging_mixin.py:137} INFO - [2024-11-09T17:19:51.933+0000] {dagbag.py:538} INFO - Filling up the DagBag from /home/airflow/.local/lib/python3.7/site-packages/airflow/example_dags/example_latest_only.py
[2024-11-09T17:19:51.942+0000] {processor.py:753} INFO - DAG(s) dict_keys(['latest_only']) retrieved from /home/airflow/.local/lib/python3.7/site-packages/airflow/example_dags/example_latest_only.py
[2024-11-09T17:19:51.957+0000] {logging_mixin.py:137} INFO - [2024-11-09T17:19:51.957+0000] {dag.py:2690} INFO - Sync 1 DAGs
[2024-11-09T17:19:51.975+0000] {logging_mixin.py:137} INFO - [2024-11-09T17:19:51.975+0000] {dag.py:3441} INFO - Setting next_dagrun for latest_only to 2024-11-09T13:19:51.975747+00:00, run_after=2024-11-09T17:19:51.975747+00:00
[2024-11-09T17:19:51.988+0000] {processor.py:175} INFO - Processing /home/airflow/.local/lib/python3.7/site-packages/airflow/example_dags/example_latest_only.py took 0.059 seconds
[2024-11-09T17:20:22.885+0000] {processor.py:153} INFO - Started process (PID=1710) to work on /home/airflow/.local/lib/python3.7/site-packages/airflow/example_dags/example_latest_only.py
[2024-11-09T17:20:22.886+0000] {processor.py:743} INFO - Processing file /home/airflow/.local/lib/python3.7/site-packages/airflow/example_dags/example_latest_only.py for tasks to queue
[2024-11-09T17:20:22.887+0000] {logging_mixin.py:137} INFO - [2024-11-09T17:20:22.887+0000] {dagbag.py:538} INFO - Filling up the DagBag from /home/airflow/.local/lib/python3.7/site-packages/airflow/example_dags/example_latest_only.py
[2024-11-09T17:20:22.895+0000] {processor.py:753} INFO - DAG(s) dict_keys(['latest_only']) retrieved from /home/airflow/.local/lib/python3.7/site-packages/airflow/example_dags/example_latest_only.py
[2024-11-09T17:20:22.909+0000] {logging_mixin.py:137} INFO - [2024-11-09T17:20:22.909+0000] {dag.py:2690} INFO - Sync 1 DAGs
[2024-11-09T17:20:22.924+0000] {logging_mixin.py:137} INFO - [2024-11-09T17:20:22.924+0000] {dag.py:3441} INFO - Setting next_dagrun for latest_only to 2024-11-09T13:20:22.923954+00:00, run_after=2024-11-09T17:20:22.923954+00:00
[2024-11-09T17:20:22.934+0000] {processor.py:175} INFO - Processing /home/airflow/.local/lib/python3.7/site-packages/airflow/example_dags/example_latest_only.py took 0.051 seconds
[2024-11-09T17:20:51.056+0000] {processor.py:153} INFO - Started process (PID=49) to work on /home/airflow/.local/lib/python3.7/site-packages/airflow/example_dags/example_latest_only.py
[2024-11-09T17:20:51.058+0000] {processor.py:743} INFO - Processing file /home/airflow/.local/lib/python3.7/site-packages/airflow/example_dags/example_latest_only.py for tasks to queue
[2024-11-09T17:20:51.058+0000] {logging_mixin.py:137} INFO - [2024-11-09T17:20:51.058+0000] {dagbag.py:538} INFO - Filling up the DagBag from /home/airflow/.local/lib/python3.7/site-packages/airflow/example_dags/example_latest_only.py
[2024-11-09T17:20:51.066+0000] {processor.py:753} INFO - DAG(s) dict_keys(['latest_only']) retrieved from /home/airflow/.local/lib/python3.7/site-packages/airflow/example_dags/example_latest_only.py
[2024-11-09T17:20:51.082+0000] {logging_mixin.py:137} INFO - [2024-11-09T17:20:51.081+0000] {dag.py:2690} INFO - Sync 1 DAGs
[2024-11-09T17:20:51.102+0000] {logging_mixin.py:137} INFO - [2024-11-09T17:20:51.102+0000] {dag.py:3441} INFO - Setting next_dagrun for latest_only to 2024-11-09T13:20:51.102146+00:00, run_after=2024-11-09T17:20:51.102146+00:00
[2024-11-09T17:20:51.113+0000] {processor.py:175} INFO - Processing /home/airflow/.local/lib/python3.7/site-packages/airflow/example_dags/example_latest_only.py took 0.058 seconds
[2024-11-09T17:21:21.997+0000] {processor.py:153} INFO - Started process (PID=136) to work on /home/airflow/.local/lib/python3.7/site-packages/airflow/example_dags/example_latest_only.py
[2024-11-09T17:21:21.997+0000] {processor.py:743} INFO - Processing file /home/airflow/.local/lib/python3.7/site-packages/airflow/example_dags/example_latest_only.py for tasks to queue
[2024-11-09T17:21:21.998+0000] {logging_mixin.py:137} INFO - [2024-11-09T17:21:21.998+0000] {dagbag.py:538} INFO - Filling up the DagBag from /home/airflow/.local/lib/python3.7/site-packages/airflow/example_dags/example_latest_only.py
[2024-11-09T17:21:22.005+0000] {processor.py:753} INFO - DAG(s) dict_keys(['latest_only']) retrieved from /home/airflow/.local/lib/python3.7/site-packages/airflow/example_dags/example_latest_only.py
[2024-11-09T17:21:22.019+0000] {logging_mixin.py:137} INFO - [2024-11-09T17:21:22.019+0000] {dag.py:2690} INFO - Sync 1 DAGs
[2024-11-09T17:21:22.031+0000] {logging_mixin.py:137} INFO - [2024-11-09T17:21:22.031+0000] {dag.py:3441} INFO - Setting next_dagrun for latest_only to 2024-11-09T13:21:22.031774+00:00, run_after=2024-11-09T17:21:22.031774+00:00
[2024-11-09T17:21:22.040+0000] {processor.py:175} INFO - Processing /home/airflow/.local/lib/python3.7/site-packages/airflow/example_dags/example_latest_only.py took 0.045 seconds
[2024-11-09T17:21:52.778+0000] {processor.py:153} INFO - Started process (PID=207) to work on /home/airflow/.local/lib/python3.7/site-packages/airflow/example_dags/example_latest_only.py
[2024-11-09T17:21:52.780+0000] {processor.py:743} INFO - Processing file /home/airflow/.local/lib/python3.7/site-packages/airflow/example_dags/example_latest_only.py for tasks to queue
[2024-11-09T17:21:52.780+0000] {logging_mixin.py:137} INFO - [2024-11-09T17:21:52.780+0000] {dagbag.py:538} INFO - Filling up the DagBag from /home/airflow/.local/lib/python3.7/site-packages/airflow/example_dags/example_latest_only.py
[2024-11-09T17:21:52.788+0000] {processor.py:753} INFO - DAG(s) dict_keys(['latest_only']) retrieved from /home/airflow/.local/lib/python3.7/site-packages/airflow/example_dags/example_latest_only.py
[2024-11-09T17:21:52.809+0000] {logging_mixin.py:137} INFO - [2024-11-09T17:21:52.808+0000] {dag.py:2690} INFO - Sync 1 DAGs
[2024-11-09T17:21:52.822+0000] {logging_mixin.py:137} INFO - [2024-11-09T17:21:52.822+0000] {dag.py:3441} INFO - Setting next_dagrun for latest_only to 2024-11-09T13:21:52.822300+00:00, run_after=2024-11-09T17:21:52.822300+00:00
[2024-11-09T17:21:52.831+0000] {processor.py:175} INFO - Processing /home/airflow/.local/lib/python3.7/site-packages/airflow/example_dags/example_latest_only.py took 0.056 seconds
[2024-11-09T17:22:23.828+0000] {processor.py:153} INFO - Started process (PID=294) to work on /home/airflow/.local/lib/python3.7/site-packages/airflow/example_dags/example_latest_only.py
[2024-11-09T17:22:23.829+0000] {processor.py:743} INFO - Processing file /home/airflow/.local/lib/python3.7/site-packages/airflow/example_dags/example_latest_only.py for tasks to queue
[2024-11-09T17:22:23.830+0000] {logging_mixin.py:137} INFO - [2024-11-09T17:22:23.830+0000] {dagbag.py:538} INFO - Filling up the DagBag from /home/airflow/.local/lib/python3.7/site-packages/airflow/example_dags/example_latest_only.py
[2024-11-09T17:22:23.837+0000] {processor.py:753} INFO - DAG(s) dict_keys(['latest_only']) retrieved from /home/airflow/.local/lib/python3.7/site-packages/airflow/example_dags/example_latest_only.py
[2024-11-09T17:22:23.852+0000] {logging_mixin.py:137} INFO - [2024-11-09T17:22:23.852+0000] {dag.py:2690} INFO - Sync 1 DAGs
[2024-11-09T17:22:23.867+0000] {logging_mixin.py:137} INFO - [2024-11-09T17:22:23.866+0000] {dag.py:3441} INFO - Setting next_dagrun for latest_only to 2024-11-09T13:22:23.866867+00:00, run_after=2024-11-09T17:22:23.866867+00:00
[2024-11-09T17:22:23.882+0000] {processor.py:175} INFO - Processing /home/airflow/.local/lib/python3.7/site-packages/airflow/example_dags/example_latest_only.py took 0.055 seconds
[2024-11-09T17:22:54.706+0000] {processor.py:153} INFO - Started process (PID=381) to work on /home/airflow/.local/lib/python3.7/site-packages/airflow/example_dags/example_latest_only.py
[2024-11-09T17:22:54.707+0000] {processor.py:743} INFO - Processing file /home/airflow/.local/lib/python3.7/site-packages/airflow/example_dags/example_latest_only.py for tasks to queue
[2024-11-09T17:22:54.708+0000] {logging_mixin.py:137} INFO - [2024-11-09T17:22:54.708+0000] {dagbag.py:538} INFO - Filling up the DagBag from /home/airflow/.local/lib/python3.7/site-packages/airflow/example_dags/example_latest_only.py
[2024-11-09T17:22:54.719+0000] {processor.py:753} INFO - DAG(s) dict_keys(['latest_only']) retrieved from /home/airflow/.local/lib/python3.7/site-packages/airflow/example_dags/example_latest_only.py
[2024-11-09T17:22:54.735+0000] {logging_mixin.py:137} INFO - [2024-11-09T17:22:54.735+0000] {dag.py:2690} INFO - Sync 1 DAGs
[2024-11-09T17:22:54.754+0000] {logging_mixin.py:137} INFO - [2024-11-09T17:22:54.754+0000] {dag.py:3441} INFO - Setting next_dagrun for latest_only to 2024-11-09T13:22:54.754209+00:00, run_after=2024-11-09T17:22:54.754209+00:00
[2024-11-09T17:22:54.769+0000] {processor.py:175} INFO - Processing /home/airflow/.local/lib/python3.7/site-packages/airflow/example_dags/example_latest_only.py took 0.066 seconds
[2024-11-09T17:23:25.554+0000] {processor.py:153} INFO - Started process (PID=459) to work on /home/airflow/.local/lib/python3.7/site-packages/airflow/example_dags/example_latest_only.py
[2024-11-09T17:23:25.555+0000] {processor.py:743} INFO - Processing file /home/airflow/.local/lib/python3.7/site-packages/airflow/example_dags/example_latest_only.py for tasks to queue
[2024-11-09T17:23:25.555+0000] {logging_mixin.py:137} INFO - [2024-11-09T17:23:25.555+0000] {dagbag.py:538} INFO - Filling up the DagBag from /home/airflow/.local/lib/python3.7/site-packages/airflow/example_dags/example_latest_only.py
[2024-11-09T17:23:25.580+0000] {processor.py:753} INFO - DAG(s) dict_keys(['latest_only']) retrieved from /home/airflow/.local/lib/python3.7/site-packages/airflow/example_dags/example_latest_only.py
[2024-11-09T17:23:25.597+0000] {logging_mixin.py:137} INFO - [2024-11-09T17:23:25.597+0000] {dag.py:2690} INFO - Sync 1 DAGs
[2024-11-09T17:23:25.613+0000] {logging_mixin.py:137} INFO - [2024-11-09T17:23:25.613+0000] {dag.py:3441} INFO - Setting next_dagrun for latest_only to 2024-11-09T13:23:25.613542+00:00, run_after=2024-11-09T17:23:25.613542+00:00
[2024-11-09T17:23:25.625+0000] {processor.py:175} INFO - Processing /home/airflow/.local/lib/python3.7/site-packages/airflow/example_dags/example_latest_only.py took 0.074 seconds
[2024-11-09T17:28:53.317+0000] {processor.py:153} INFO - Started process (PID=49) to work on /home/airflow/.local/lib/python3.7/site-packages/airflow/example_dags/example_latest_only.py
[2024-11-09T17:28:53.318+0000] {processor.py:743} INFO - Processing file /home/airflow/.local/lib/python3.7/site-packages/airflow/example_dags/example_latest_only.py for tasks to queue
[2024-11-09T17:28:53.318+0000] {logging_mixin.py:137} INFO - [2024-11-09T17:28:53.318+0000] {dagbag.py:538} INFO - Filling up the DagBag from /home/airflow/.local/lib/python3.7/site-packages/airflow/example_dags/example_latest_only.py
[2024-11-09T17:28:53.326+0000] {processor.py:753} INFO - DAG(s) dict_keys(['latest_only']) retrieved from /home/airflow/.local/lib/python3.7/site-packages/airflow/example_dags/example_latest_only.py
[2024-11-09T17:28:53.334+0000] {logging_mixin.py:137} INFO - [2024-11-09T17:28:53.334+0000] {dag.py:2690} INFO - Sync 1 DAGs
[2024-11-09T17:28:53.349+0000] {logging_mixin.py:137} INFO - [2024-11-09T17:28:53.349+0000] {dag.py:3441} INFO - Setting next_dagrun for latest_only to 2024-11-09T13:28:53.349343+00:00, run_after=2024-11-09T17:28:53.349343+00:00
[2024-11-09T17:28:53.361+0000] {processor.py:175} INFO - Processing /home/airflow/.local/lib/python3.7/site-packages/airflow/example_dags/example_latest_only.py took 0.046 seconds
[2024-11-09T17:29:24.003+0000] {processor.py:153} INFO - Started process (PID=136) to work on /home/airflow/.local/lib/python3.7/site-packages/airflow/example_dags/example_latest_only.py
[2024-11-09T17:29:24.004+0000] {processor.py:743} INFO - Processing file /home/airflow/.local/lib/python3.7/site-packages/airflow/example_dags/example_latest_only.py for tasks to queue
[2024-11-09T17:29:24.004+0000] {logging_mixin.py:137} INFO - [2024-11-09T17:29:24.004+0000] {dagbag.py:538} INFO - Filling up the DagBag from /home/airflow/.local/lib/python3.7/site-packages/airflow/example_dags/example_latest_only.py
[2024-11-09T17:29:24.012+0000] {processor.py:753} INFO - DAG(s) dict_keys(['latest_only']) retrieved from /home/airflow/.local/lib/python3.7/site-packages/airflow/example_dags/example_latest_only.py
[2024-11-09T17:29:24.023+0000] {logging_mixin.py:137} INFO - [2024-11-09T17:29:24.023+0000] {dag.py:2690} INFO - Sync 1 DAGs
[2024-11-09T17:29:24.035+0000] {logging_mixin.py:137} INFO - [2024-11-09T17:29:24.035+0000] {dag.py:3441} INFO - Setting next_dagrun for latest_only to 2024-11-09T13:29:24.035713+00:00, run_after=2024-11-09T17:29:24.035713+00:00
[2024-11-09T17:29:24.044+0000] {processor.py:175} INFO - Processing /home/airflow/.local/lib/python3.7/site-packages/airflow/example_dags/example_latest_only.py took 0.042 seconds
[2024-11-09T17:29:54.788+0000] {processor.py:153} INFO - Started process (PID=207) to work on /home/airflow/.local/lib/python3.7/site-packages/airflow/example_dags/example_latest_only.py
[2024-11-09T17:29:54.789+0000] {processor.py:743} INFO - Processing file /home/airflow/.local/lib/python3.7/site-packages/airflow/example_dags/example_latest_only.py for tasks to queue
[2024-11-09T17:29:54.789+0000] {logging_mixin.py:137} INFO - [2024-11-09T17:29:54.789+0000] {dagbag.py:538} INFO - Filling up the DagBag from /home/airflow/.local/lib/python3.7/site-packages/airflow/example_dags/example_latest_only.py
[2024-11-09T17:29:54.796+0000] {processor.py:753} INFO - DAG(s) dict_keys(['latest_only']) retrieved from /home/airflow/.local/lib/python3.7/site-packages/airflow/example_dags/example_latest_only.py
[2024-11-09T17:29:54.807+0000] {logging_mixin.py:137} INFO - [2024-11-09T17:29:54.807+0000] {dag.py:2690} INFO - Sync 1 DAGs
[2024-11-09T17:29:54.818+0000] {logging_mixin.py:137} INFO - [2024-11-09T17:29:54.818+0000] {dag.py:3441} INFO - Setting next_dagrun for latest_only to 2024-11-09T13:29:54.818700+00:00, run_after=2024-11-09T17:29:54.818700+00:00
[2024-11-09T17:29:54.827+0000] {processor.py:175} INFO - Processing /home/airflow/.local/lib/python3.7/site-packages/airflow/example_dags/example_latest_only.py took 0.040 seconds
[2024-11-09T17:30:14.266+0000] {processor.py:153} INFO - Started process (PID=49) to work on /home/airflow/.local/lib/python3.7/site-packages/airflow/example_dags/example_latest_only.py
[2024-11-09T17:30:14.267+0000] {processor.py:743} INFO - Processing file /home/airflow/.local/lib/python3.7/site-packages/airflow/example_dags/example_latest_only.py for tasks to queue
[2024-11-09T17:30:14.267+0000] {logging_mixin.py:137} INFO - [2024-11-09T17:30:14.267+0000] {dagbag.py:538} INFO - Filling up the DagBag from /home/airflow/.local/lib/python3.7/site-packages/airflow/example_dags/example_latest_only.py
[2024-11-09T17:30:14.275+0000] {processor.py:753} INFO - DAG(s) dict_keys(['latest_only']) retrieved from /home/airflow/.local/lib/python3.7/site-packages/airflow/example_dags/example_latest_only.py
[2024-11-09T17:30:14.289+0000] {logging_mixin.py:137} INFO - [2024-11-09T17:30:14.289+0000] {dag.py:2690} INFO - Sync 1 DAGs
[2024-11-09T17:30:14.318+0000] {logging_mixin.py:137} INFO - [2024-11-09T17:30:14.318+0000] {dag.py:3441} INFO - Setting next_dagrun for latest_only to 2024-11-09T13:30:14.318198+00:00, run_after=2024-11-09T17:30:14.318198+00:00
[2024-11-09T17:30:14.343+0000] {processor.py:175} INFO - Processing /home/airflow/.local/lib/python3.7/site-packages/airflow/example_dags/example_latest_only.py took 0.079 seconds
[2024-11-09T17:30:45.050+0000] {processor.py:153} INFO - Started process (PID=136) to work on /home/airflow/.local/lib/python3.7/site-packages/airflow/example_dags/example_latest_only.py
[2024-11-09T17:30:45.052+0000] {processor.py:743} INFO - Processing file /home/airflow/.local/lib/python3.7/site-packages/airflow/example_dags/example_latest_only.py for tasks to queue
[2024-11-09T17:30:45.053+0000] {logging_mixin.py:137} INFO - [2024-11-09T17:30:45.053+0000] {dagbag.py:538} INFO - Filling up the DagBag from /home/airflow/.local/lib/python3.7/site-packages/airflow/example_dags/example_latest_only.py
[2024-11-09T17:30:45.060+0000] {processor.py:753} INFO - DAG(s) dict_keys(['latest_only']) retrieved from /home/airflow/.local/lib/python3.7/site-packages/airflow/example_dags/example_latest_only.py
[2024-11-09T17:30:45.072+0000] {logging_mixin.py:137} INFO - [2024-11-09T17:30:45.072+0000] {dag.py:2690} INFO - Sync 1 DAGs
[2024-11-09T17:30:45.086+0000] {logging_mixin.py:137} INFO - [2024-11-09T17:30:45.086+0000] {dag.py:3441} INFO - Setting next_dagrun for latest_only to 2024-11-09T13:30:45.086752+00:00, run_after=2024-11-09T17:30:45.086752+00:00
[2024-11-09T17:30:45.096+0000] {processor.py:175} INFO - Processing /home/airflow/.local/lib/python3.7/site-packages/airflow/example_dags/example_latest_only.py took 0.047 seconds
[2024-11-09T17:31:15.719+0000] {processor.py:153} INFO - Started process (PID=207) to work on /home/airflow/.local/lib/python3.7/site-packages/airflow/example_dags/example_latest_only.py
[2024-11-09T17:31:15.719+0000] {processor.py:743} INFO - Processing file /home/airflow/.local/lib/python3.7/site-packages/airflow/example_dags/example_latest_only.py for tasks to queue
[2024-11-09T17:31:15.720+0000] {logging_mixin.py:137} INFO - [2024-11-09T17:31:15.720+0000] {dagbag.py:538} INFO - Filling up the DagBag from /home/airflow/.local/lib/python3.7/site-packages/airflow/example_dags/example_latest_only.py
[2024-11-09T17:31:15.726+0000] {processor.py:753} INFO - DAG(s) dict_keys(['latest_only']) retrieved from /home/airflow/.local/lib/python3.7/site-packages/airflow/example_dags/example_latest_only.py
[2024-11-09T17:31:15.738+0000] {logging_mixin.py:137} INFO - [2024-11-09T17:31:15.738+0000] {dag.py:2690} INFO - Sync 1 DAGs
[2024-11-09T17:31:15.752+0000] {logging_mixin.py:137} INFO - [2024-11-09T17:31:15.752+0000] {dag.py:3441} INFO - Setting next_dagrun for latest_only to 2024-11-09T13:31:15.752157+00:00, run_after=2024-11-09T17:31:15.752157+00:00
[2024-11-09T17:31:15.761+0000] {processor.py:175} INFO - Processing /home/airflow/.local/lib/python3.7/site-packages/airflow/example_dags/example_latest_only.py took 0.045 seconds
[2024-11-09T17:31:46.321+0000] {processor.py:153} INFO - Started process (PID=294) to work on /home/airflow/.local/lib/python3.7/site-packages/airflow/example_dags/example_latest_only.py
[2024-11-09T17:31:46.322+0000] {processor.py:743} INFO - Processing file /home/airflow/.local/lib/python3.7/site-packages/airflow/example_dags/example_latest_only.py for tasks to queue
[2024-11-09T17:31:46.324+0000] {logging_mixin.py:137} INFO - [2024-11-09T17:31:46.323+0000] {dagbag.py:538} INFO - Filling up the DagBag from /home/airflow/.local/lib/python3.7/site-packages/airflow/example_dags/example_latest_only.py
[2024-11-09T17:31:46.331+0000] {processor.py:753} INFO - DAG(s) dict_keys(['latest_only']) retrieved from /home/airflow/.local/lib/python3.7/site-packages/airflow/example_dags/example_latest_only.py
[2024-11-09T17:31:46.344+0000] {logging_mixin.py:137} INFO - [2024-11-09T17:31:46.344+0000] {dag.py:2690} INFO - Sync 1 DAGs
[2024-11-09T17:31:46.358+0000] {logging_mixin.py:137} INFO - [2024-11-09T17:31:46.358+0000] {dag.py:3441} INFO - Setting next_dagrun for latest_only to 2024-11-09T13:31:46.358375+00:00, run_after=2024-11-09T17:31:46.358375+00:00
[2024-11-09T17:31:46.369+0000] {processor.py:175} INFO - Processing /home/airflow/.local/lib/python3.7/site-packages/airflow/example_dags/example_latest_only.py took 0.050 seconds
[2024-11-09T17:32:16.938+0000] {processor.py:153} INFO - Started process (PID=381) to work on /home/airflow/.local/lib/python3.7/site-packages/airflow/example_dags/example_latest_only.py
[2024-11-09T17:32:16.939+0000] {processor.py:743} INFO - Processing file /home/airflow/.local/lib/python3.7/site-packages/airflow/example_dags/example_latest_only.py for tasks to queue
[2024-11-09T17:32:16.940+0000] {logging_mixin.py:137} INFO - [2024-11-09T17:32:16.940+0000] {dagbag.py:538} INFO - Filling up the DagBag from /home/airflow/.local/lib/python3.7/site-packages/airflow/example_dags/example_latest_only.py
[2024-11-09T17:32:16.948+0000] {processor.py:753} INFO - DAG(s) dict_keys(['latest_only']) retrieved from /home/airflow/.local/lib/python3.7/site-packages/airflow/example_dags/example_latest_only.py
[2024-11-09T17:32:16.962+0000] {logging_mixin.py:137} INFO - [2024-11-09T17:32:16.962+0000] {dag.py:2690} INFO - Sync 1 DAGs
[2024-11-09T17:32:16.977+0000] {logging_mixin.py:137} INFO - [2024-11-09T17:32:16.977+0000] {dag.py:3441} INFO - Setting next_dagrun for latest_only to 2024-11-09T13:32:16.977096+00:00, run_after=2024-11-09T17:32:16.977096+00:00
[2024-11-09T17:32:16.986+0000] {processor.py:175} INFO - Processing /home/airflow/.local/lib/python3.7/site-packages/airflow/example_dags/example_latest_only.py took 0.050 seconds
[2024-11-09T17:32:47.634+0000] {processor.py:153} INFO - Started process (PID=452) to work on /home/airflow/.local/lib/python3.7/site-packages/airflow/example_dags/example_latest_only.py
[2024-11-09T17:32:47.635+0000] {processor.py:743} INFO - Processing file /home/airflow/.local/lib/python3.7/site-packages/airflow/example_dags/example_latest_only.py for tasks to queue
[2024-11-09T17:32:47.635+0000] {logging_mixin.py:137} INFO - [2024-11-09T17:32:47.635+0000] {dagbag.py:538} INFO - Filling up the DagBag from /home/airflow/.local/lib/python3.7/site-packages/airflow/example_dags/example_latest_only.py
[2024-11-09T17:32:47.647+0000] {processor.py:753} INFO - DAG(s) dict_keys(['latest_only']) retrieved from /home/airflow/.local/lib/python3.7/site-packages/airflow/example_dags/example_latest_only.py
[2024-11-09T17:32:47.661+0000] {logging_mixin.py:137} INFO - [2024-11-09T17:32:47.661+0000] {dag.py:2690} INFO - Sync 1 DAGs
[2024-11-09T17:32:47.674+0000] {logging_mixin.py:137} INFO - [2024-11-09T17:32:47.674+0000] {dag.py:3441} INFO - Setting next_dagrun for latest_only to 2024-11-09T13:32:47.674773+00:00, run_after=2024-11-09T17:32:47.674773+00:00
[2024-11-09T17:32:47.684+0000] {processor.py:175} INFO - Processing /home/airflow/.local/lib/python3.7/site-packages/airflow/example_dags/example_latest_only.py took 0.052 seconds
