[2024-11-09T17:10:06.255+0000] {processor.py:153} INFO - Started process (PID=66) to work on /home/airflow/.local/lib/python3.7/site-packages/airflow/example_dags/example_local_kubernetes_executor.py
[2024-11-09T17:10:06.257+0000] {processor.py:743} INFO - Processing file /home/airflow/.local/lib/python3.7/site-packages/airflow/example_dags/example_local_kubernetes_executor.py for tasks to queue
[2024-11-09T17:10:06.258+0000] {logging_mixin.py:137} INFO - [2024-11-09T17:10:06.258+0000] {dagbag.py:538} INFO - Filling up the DagBag from /home/airflow/.local/lib/python3.7/site-packages/airflow/example_dags/example_local_kubernetes_executor.py
[2024-11-09T17:10:06.273+0000] {processor.py:753} INFO - DAG(s) dict_keys(['example_local_kubernetes_executor']) retrieved from /home/airflow/.local/lib/python3.7/site-packages/airflow/example_dags/example_local_kubernetes_executor.py
[2024-11-09T17:10:06.287+0000] {logging_mixin.py:137} INFO - [2024-11-09T17:10:06.287+0000] {dag.py:2690} INFO - Sync 1 DAGs
[2024-11-09T17:10:06.304+0000] {logging_mixin.py:137} INFO - [2024-11-09T17:10:06.303+0000] {dag.py:3441} INFO - Setting next_dagrun for example_local_kubernetes_executor to None, run_after=None
[2024-11-09T17:10:06.317+0000] {processor.py:175} INFO - Processing /home/airflow/.local/lib/python3.7/site-packages/airflow/example_dags/example_local_kubernetes_executor.py took 0.064 seconds
[2024-11-09T17:10:37.057+0000] {processor.py:153} INFO - Started process (PID=153) to work on /home/airflow/.local/lib/python3.7/site-packages/airflow/example_dags/example_local_kubernetes_executor.py
[2024-11-09T17:10:37.058+0000] {processor.py:743} INFO - Processing file /home/airflow/.local/lib/python3.7/site-packages/airflow/example_dags/example_local_kubernetes_executor.py for tasks to queue
[2024-11-09T17:10:37.059+0000] {logging_mixin.py:137} INFO - [2024-11-09T17:10:37.059+0000] {dagbag.py:538} INFO - Filling up the DagBag from /home/airflow/.local/lib/python3.7/site-packages/airflow/example_dags/example_local_kubernetes_executor.py
[2024-11-09T17:10:37.070+0000] {processor.py:753} INFO - DAG(s) dict_keys(['example_local_kubernetes_executor']) retrieved from /home/airflow/.local/lib/python3.7/site-packages/airflow/example_dags/example_local_kubernetes_executor.py
[2024-11-09T17:10:37.087+0000] {logging_mixin.py:137} INFO - [2024-11-09T17:10:37.087+0000] {dag.py:2690} INFO - Sync 1 DAGs
[2024-11-09T17:10:37.100+0000] {logging_mixin.py:137} INFO - [2024-11-09T17:10:37.100+0000] {dag.py:3441} INFO - Setting next_dagrun for example_local_kubernetes_executor to None, run_after=None
[2024-11-09T17:10:37.116+0000] {processor.py:175} INFO - Processing /home/airflow/.local/lib/python3.7/site-packages/airflow/example_dags/example_local_kubernetes_executor.py took 0.062 seconds
[2024-11-09T17:11:07.690+0000] {processor.py:153} INFO - Started process (PID=223) to work on /home/airflow/.local/lib/python3.7/site-packages/airflow/example_dags/example_local_kubernetes_executor.py
[2024-11-09T17:11:07.692+0000] {processor.py:743} INFO - Processing file /home/airflow/.local/lib/python3.7/site-packages/airflow/example_dags/example_local_kubernetes_executor.py for tasks to queue
[2024-11-09T17:11:07.692+0000] {logging_mixin.py:137} INFO - [2024-11-09T17:11:07.692+0000] {dagbag.py:538} INFO - Filling up the DagBag from /home/airflow/.local/lib/python3.7/site-packages/airflow/example_dags/example_local_kubernetes_executor.py
[2024-11-09T17:11:07.704+0000] {processor.py:753} INFO - DAG(s) dict_keys(['example_local_kubernetes_executor']) retrieved from /home/airflow/.local/lib/python3.7/site-packages/airflow/example_dags/example_local_kubernetes_executor.py
[2024-11-09T17:11:07.723+0000] {logging_mixin.py:137} INFO - [2024-11-09T17:11:07.723+0000] {dag.py:2690} INFO - Sync 1 DAGs
[2024-11-09T17:11:07.737+0000] {logging_mixin.py:137} INFO - [2024-11-09T17:11:07.737+0000] {dag.py:3441} INFO - Setting next_dagrun for example_local_kubernetes_executor to None, run_after=None
[2024-11-09T17:11:07.746+0000] {processor.py:175} INFO - Processing /home/airflow/.local/lib/python3.7/site-packages/airflow/example_dags/example_local_kubernetes_executor.py took 0.058 seconds
[2024-11-09T17:11:38.522+0000] {processor.py:153} INFO - Started process (PID=310) to work on /home/airflow/.local/lib/python3.7/site-packages/airflow/example_dags/example_local_kubernetes_executor.py
[2024-11-09T17:11:38.523+0000] {processor.py:743} INFO - Processing file /home/airflow/.local/lib/python3.7/site-packages/airflow/example_dags/example_local_kubernetes_executor.py for tasks to queue
[2024-11-09T17:11:38.523+0000] {logging_mixin.py:137} INFO - [2024-11-09T17:11:38.523+0000] {dagbag.py:538} INFO - Filling up the DagBag from /home/airflow/.local/lib/python3.7/site-packages/airflow/example_dags/example_local_kubernetes_executor.py
[2024-11-09T17:11:38.535+0000] {processor.py:753} INFO - DAG(s) dict_keys(['example_local_kubernetes_executor']) retrieved from /home/airflow/.local/lib/python3.7/site-packages/airflow/example_dags/example_local_kubernetes_executor.py
[2024-11-09T17:11:38.551+0000] {logging_mixin.py:137} INFO - [2024-11-09T17:11:38.551+0000] {dag.py:2690} INFO - Sync 1 DAGs
[2024-11-09T17:11:38.566+0000] {logging_mixin.py:137} INFO - [2024-11-09T17:11:38.566+0000] {dag.py:3441} INFO - Setting next_dagrun for example_local_kubernetes_executor to None, run_after=None
[2024-11-09T17:11:38.576+0000] {processor.py:175} INFO - Processing /home/airflow/.local/lib/python3.7/site-packages/airflow/example_dags/example_local_kubernetes_executor.py took 0.055 seconds
[2024-11-09T17:12:09.213+0000] {processor.py:153} INFO - Started process (PID=397) to work on /home/airflow/.local/lib/python3.7/site-packages/airflow/example_dags/example_local_kubernetes_executor.py
[2024-11-09T17:12:09.214+0000] {processor.py:743} INFO - Processing file /home/airflow/.local/lib/python3.7/site-packages/airflow/example_dags/example_local_kubernetes_executor.py for tasks to queue
[2024-11-09T17:12:09.214+0000] {logging_mixin.py:137} INFO - [2024-11-09T17:12:09.214+0000] {dagbag.py:538} INFO - Filling up the DagBag from /home/airflow/.local/lib/python3.7/site-packages/airflow/example_dags/example_local_kubernetes_executor.py
[2024-11-09T17:12:09.227+0000] {processor.py:753} INFO - DAG(s) dict_keys(['example_local_kubernetes_executor']) retrieved from /home/airflow/.local/lib/python3.7/site-packages/airflow/example_dags/example_local_kubernetes_executor.py
[2024-11-09T17:12:09.241+0000] {logging_mixin.py:137} INFO - [2024-11-09T17:12:09.241+0000] {dag.py:2690} INFO - Sync 1 DAGs
[2024-11-09T17:12:09.257+0000] {logging_mixin.py:137} INFO - [2024-11-09T17:12:09.257+0000] {dag.py:3441} INFO - Setting next_dagrun for example_local_kubernetes_executor to None, run_after=None
[2024-11-09T17:12:09.268+0000] {processor.py:175} INFO - Processing /home/airflow/.local/lib/python3.7/site-packages/airflow/example_dags/example_local_kubernetes_executor.py took 0.057 seconds
[2024-11-09T17:12:39.838+0000] {processor.py:153} INFO - Started process (PID=484) to work on /home/airflow/.local/lib/python3.7/site-packages/airflow/example_dags/example_local_kubernetes_executor.py
[2024-11-09T17:12:39.838+0000] {processor.py:743} INFO - Processing file /home/airflow/.local/lib/python3.7/site-packages/airflow/example_dags/example_local_kubernetes_executor.py for tasks to queue
[2024-11-09T17:12:39.839+0000] {logging_mixin.py:137} INFO - [2024-11-09T17:12:39.839+0000] {dagbag.py:538} INFO - Filling up the DagBag from /home/airflow/.local/lib/python3.7/site-packages/airflow/example_dags/example_local_kubernetes_executor.py
[2024-11-09T17:12:39.851+0000] {processor.py:753} INFO - DAG(s) dict_keys(['example_local_kubernetes_executor']) retrieved from /home/airflow/.local/lib/python3.7/site-packages/airflow/example_dags/example_local_kubernetes_executor.py
[2024-11-09T17:12:39.865+0000] {logging_mixin.py:137} INFO - [2024-11-09T17:12:39.865+0000] {dag.py:2690} INFO - Sync 1 DAGs
[2024-11-09T17:12:39.877+0000] {logging_mixin.py:137} INFO - [2024-11-09T17:12:39.877+0000] {dag.py:3441} INFO - Setting next_dagrun for example_local_kubernetes_executor to None, run_after=None
[2024-11-09T17:12:39.889+0000] {processor.py:175} INFO - Processing /home/airflow/.local/lib/python3.7/site-packages/airflow/example_dags/example_local_kubernetes_executor.py took 0.053 seconds
[2024-11-09T17:13:10.497+0000] {processor.py:153} INFO - Started process (PID=555) to work on /home/airflow/.local/lib/python3.7/site-packages/airflow/example_dags/example_local_kubernetes_executor.py
[2024-11-09T17:13:10.498+0000] {processor.py:743} INFO - Processing file /home/airflow/.local/lib/python3.7/site-packages/airflow/example_dags/example_local_kubernetes_executor.py for tasks to queue
[2024-11-09T17:13:10.499+0000] {logging_mixin.py:137} INFO - [2024-11-09T17:13:10.499+0000] {dagbag.py:538} INFO - Filling up the DagBag from /home/airflow/.local/lib/python3.7/site-packages/airflow/example_dags/example_local_kubernetes_executor.py
[2024-11-09T17:13:10.513+0000] {processor.py:753} INFO - DAG(s) dict_keys(['example_local_kubernetes_executor']) retrieved from /home/airflow/.local/lib/python3.7/site-packages/airflow/example_dags/example_local_kubernetes_executor.py
[2024-11-09T17:13:10.528+0000] {logging_mixin.py:137} INFO - [2024-11-09T17:13:10.528+0000] {dag.py:2690} INFO - Sync 1 DAGs
[2024-11-09T17:13:10.542+0000] {logging_mixin.py:137} INFO - [2024-11-09T17:13:10.542+0000] {dag.py:3441} INFO - Setting next_dagrun for example_local_kubernetes_executor to None, run_after=None
[2024-11-09T17:13:10.558+0000] {processor.py:175} INFO - Processing /home/airflow/.local/lib/python3.7/site-packages/airflow/example_dags/example_local_kubernetes_executor.py took 0.062 seconds
[2024-11-09T17:13:42.500+0000] {processor.py:153} INFO - Started process (PID=642) to work on /home/airflow/.local/lib/python3.7/site-packages/airflow/example_dags/example_local_kubernetes_executor.py
[2024-11-09T17:13:42.502+0000] {processor.py:743} INFO - Processing file /home/airflow/.local/lib/python3.7/site-packages/airflow/example_dags/example_local_kubernetes_executor.py for tasks to queue
[2024-11-09T17:13:42.502+0000] {logging_mixin.py:137} INFO - [2024-11-09T17:13:42.502+0000] {dagbag.py:538} INFO - Filling up the DagBag from /home/airflow/.local/lib/python3.7/site-packages/airflow/example_dags/example_local_kubernetes_executor.py
[2024-11-09T17:13:42.517+0000] {processor.py:753} INFO - DAG(s) dict_keys(['example_local_kubernetes_executor']) retrieved from /home/airflow/.local/lib/python3.7/site-packages/airflow/example_dags/example_local_kubernetes_executor.py
[2024-11-09T17:13:42.538+0000] {logging_mixin.py:137} INFO - [2024-11-09T17:13:42.538+0000] {dag.py:2690} INFO - Sync 1 DAGs
[2024-11-09T17:13:42.560+0000] {logging_mixin.py:137} INFO - [2024-11-09T17:13:42.559+0000] {dag.py:3441} INFO - Setting next_dagrun for example_local_kubernetes_executor to None, run_after=None
[2024-11-09T17:13:42.582+0000] {processor.py:175} INFO - Processing /home/airflow/.local/lib/python3.7/site-packages/airflow/example_dags/example_local_kubernetes_executor.py took 0.085 seconds
[2024-11-09T17:14:13.606+0000] {processor.py:153} INFO - Started process (PID=729) to work on /home/airflow/.local/lib/python3.7/site-packages/airflow/example_dags/example_local_kubernetes_executor.py
[2024-11-09T17:14:13.607+0000] {processor.py:743} INFO - Processing file /home/airflow/.local/lib/python3.7/site-packages/airflow/example_dags/example_local_kubernetes_executor.py for tasks to queue
[2024-11-09T17:14:13.607+0000] {logging_mixin.py:137} INFO - [2024-11-09T17:14:13.607+0000] {dagbag.py:538} INFO - Filling up the DagBag from /home/airflow/.local/lib/python3.7/site-packages/airflow/example_dags/example_local_kubernetes_executor.py
[2024-11-09T17:14:13.620+0000] {processor.py:753} INFO - DAG(s) dict_keys(['example_local_kubernetes_executor']) retrieved from /home/airflow/.local/lib/python3.7/site-packages/airflow/example_dags/example_local_kubernetes_executor.py
[2024-11-09T17:14:13.647+0000] {logging_mixin.py:137} INFO - [2024-11-09T17:14:13.647+0000] {dag.py:2690} INFO - Sync 1 DAGs
[2024-11-09T17:14:13.663+0000] {logging_mixin.py:137} INFO - [2024-11-09T17:14:13.663+0000] {dag.py:3441} INFO - Setting next_dagrun for example_local_kubernetes_executor to None, run_after=None
[2024-11-09T17:14:13.675+0000] {processor.py:175} INFO - Processing /home/airflow/.local/lib/python3.7/site-packages/airflow/example_dags/example_local_kubernetes_executor.py took 0.071 seconds
[2024-11-09T17:14:44.423+0000] {processor.py:153} INFO - Started process (PID=800) to work on /home/airflow/.local/lib/python3.7/site-packages/airflow/example_dags/example_local_kubernetes_executor.py
[2024-11-09T17:14:44.424+0000] {processor.py:743} INFO - Processing file /home/airflow/.local/lib/python3.7/site-packages/airflow/example_dags/example_local_kubernetes_executor.py for tasks to queue
[2024-11-09T17:14:44.424+0000] {logging_mixin.py:137} INFO - [2024-11-09T17:14:44.424+0000] {dagbag.py:538} INFO - Filling up the DagBag from /home/airflow/.local/lib/python3.7/site-packages/airflow/example_dags/example_local_kubernetes_executor.py
[2024-11-09T17:14:44.439+0000] {processor.py:753} INFO - DAG(s) dict_keys(['example_local_kubernetes_executor']) retrieved from /home/airflow/.local/lib/python3.7/site-packages/airflow/example_dags/example_local_kubernetes_executor.py
[2024-11-09T17:14:44.463+0000] {logging_mixin.py:137} INFO - [2024-11-09T17:14:44.463+0000] {dag.py:2690} INFO - Sync 1 DAGs
[2024-11-09T17:14:44.475+0000] {logging_mixin.py:137} INFO - [2024-11-09T17:14:44.475+0000] {dag.py:3441} INFO - Setting next_dagrun for example_local_kubernetes_executor to None, run_after=None
[2024-11-09T17:14:44.488+0000] {processor.py:175} INFO - Processing /home/airflow/.local/lib/python3.7/site-packages/airflow/example_dags/example_local_kubernetes_executor.py took 0.066 seconds
[2024-11-09T17:15:15.292+0000] {processor.py:153} INFO - Started process (PID=887) to work on /home/airflow/.local/lib/python3.7/site-packages/airflow/example_dags/example_local_kubernetes_executor.py
[2024-11-09T17:15:15.295+0000] {processor.py:743} INFO - Processing file /home/airflow/.local/lib/python3.7/site-packages/airflow/example_dags/example_local_kubernetes_executor.py for tasks to queue
[2024-11-09T17:15:15.296+0000] {logging_mixin.py:137} INFO - [2024-11-09T17:15:15.296+0000] {dagbag.py:538} INFO - Filling up the DagBag from /home/airflow/.local/lib/python3.7/site-packages/airflow/example_dags/example_local_kubernetes_executor.py
[2024-11-09T17:15:15.312+0000] {processor.py:753} INFO - DAG(s) dict_keys(['example_local_kubernetes_executor']) retrieved from /home/airflow/.local/lib/python3.7/site-packages/airflow/example_dags/example_local_kubernetes_executor.py
[2024-11-09T17:15:15.354+0000] {logging_mixin.py:137} INFO - [2024-11-09T17:15:15.353+0000] {dag.py:2690} INFO - Sync 1 DAGs
[2024-11-09T17:15:15.371+0000] {logging_mixin.py:137} INFO - [2024-11-09T17:15:15.371+0000] {dag.py:3441} INFO - Setting next_dagrun for example_local_kubernetes_executor to None, run_after=None
[2024-11-09T17:15:15.382+0000] {processor.py:175} INFO - Processing /home/airflow/.local/lib/python3.7/site-packages/airflow/example_dags/example_local_kubernetes_executor.py took 0.092 seconds
[2024-11-09T17:15:46.162+0000] {processor.py:153} INFO - Started process (PID=974) to work on /home/airflow/.local/lib/python3.7/site-packages/airflow/example_dags/example_local_kubernetes_executor.py
[2024-11-09T17:15:46.164+0000] {processor.py:743} INFO - Processing file /home/airflow/.local/lib/python3.7/site-packages/airflow/example_dags/example_local_kubernetes_executor.py for tasks to queue
[2024-11-09T17:15:46.164+0000] {logging_mixin.py:137} INFO - [2024-11-09T17:15:46.164+0000] {dagbag.py:538} INFO - Filling up the DagBag from /home/airflow/.local/lib/python3.7/site-packages/airflow/example_dags/example_local_kubernetes_executor.py
[2024-11-09T17:15:46.176+0000] {processor.py:753} INFO - DAG(s) dict_keys(['example_local_kubernetes_executor']) retrieved from /home/airflow/.local/lib/python3.7/site-packages/airflow/example_dags/example_local_kubernetes_executor.py
[2024-11-09T17:15:46.191+0000] {logging_mixin.py:137} INFO - [2024-11-09T17:15:46.191+0000] {dag.py:2690} INFO - Sync 1 DAGs
[2024-11-09T17:15:46.207+0000] {logging_mixin.py:137} INFO - [2024-11-09T17:15:46.207+0000] {dag.py:3441} INFO - Setting next_dagrun for example_local_kubernetes_executor to None, run_after=None
[2024-11-09T17:15:46.223+0000] {processor.py:175} INFO - Processing /home/airflow/.local/lib/python3.7/site-packages/airflow/example_dags/example_local_kubernetes_executor.py took 0.063 seconds
[2024-11-09T17:16:16.917+0000] {processor.py:153} INFO - Started process (PID=1061) to work on /home/airflow/.local/lib/python3.7/site-packages/airflow/example_dags/example_local_kubernetes_executor.py
[2024-11-09T17:16:16.919+0000] {processor.py:743} INFO - Processing file /home/airflow/.local/lib/python3.7/site-packages/airflow/example_dags/example_local_kubernetes_executor.py for tasks to queue
[2024-11-09T17:16:16.919+0000] {logging_mixin.py:137} INFO - [2024-11-09T17:16:16.919+0000] {dagbag.py:538} INFO - Filling up the DagBag from /home/airflow/.local/lib/python3.7/site-packages/airflow/example_dags/example_local_kubernetes_executor.py
[2024-11-09T17:16:16.935+0000] {processor.py:753} INFO - DAG(s) dict_keys(['example_local_kubernetes_executor']) retrieved from /home/airflow/.local/lib/python3.7/site-packages/airflow/example_dags/example_local_kubernetes_executor.py
[2024-11-09T17:16:16.952+0000] {logging_mixin.py:137} INFO - [2024-11-09T17:16:16.952+0000] {dag.py:2690} INFO - Sync 1 DAGs
[2024-11-09T17:16:16.966+0000] {logging_mixin.py:137} INFO - [2024-11-09T17:16:16.966+0000] {dag.py:3441} INFO - Setting next_dagrun for example_local_kubernetes_executor to None, run_after=None
[2024-11-09T17:16:16.976+0000] {processor.py:175} INFO - Processing /home/airflow/.local/lib/python3.7/site-packages/airflow/example_dags/example_local_kubernetes_executor.py took 0.061 seconds
[2024-11-09T17:16:47.036+0000] {processor.py:153} INFO - Started process (PID=1131) to work on /home/airflow/.local/lib/python3.7/site-packages/airflow/example_dags/example_local_kubernetes_executor.py
[2024-11-09T17:16:47.037+0000] {processor.py:743} INFO - Processing file /home/airflow/.local/lib/python3.7/site-packages/airflow/example_dags/example_local_kubernetes_executor.py for tasks to queue
[2024-11-09T17:16:47.038+0000] {logging_mixin.py:137} INFO - [2024-11-09T17:16:47.038+0000] {dagbag.py:538} INFO - Filling up the DagBag from /home/airflow/.local/lib/python3.7/site-packages/airflow/example_dags/example_local_kubernetes_executor.py
[2024-11-09T17:16:47.053+0000] {processor.py:753} INFO - DAG(s) dict_keys(['example_local_kubernetes_executor']) retrieved from /home/airflow/.local/lib/python3.7/site-packages/airflow/example_dags/example_local_kubernetes_executor.py
[2024-11-09T17:16:47.074+0000] {logging_mixin.py:137} INFO - [2024-11-09T17:16:47.074+0000] {dag.py:2690} INFO - Sync 1 DAGs
[2024-11-09T17:16:47.089+0000] {logging_mixin.py:137} INFO - [2024-11-09T17:16:47.089+0000] {dag.py:3441} INFO - Setting next_dagrun for example_local_kubernetes_executor to None, run_after=None
[2024-11-09T17:16:47.105+0000] {processor.py:175} INFO - Processing /home/airflow/.local/lib/python3.7/site-packages/airflow/example_dags/example_local_kubernetes_executor.py took 0.071 seconds
[2024-11-09T17:17:17.846+0000] {processor.py:153} INFO - Started process (PID=1218) to work on /home/airflow/.local/lib/python3.7/site-packages/airflow/example_dags/example_local_kubernetes_executor.py
[2024-11-09T17:17:17.848+0000] {processor.py:743} INFO - Processing file /home/airflow/.local/lib/python3.7/site-packages/airflow/example_dags/example_local_kubernetes_executor.py for tasks to queue
[2024-11-09T17:17:17.848+0000] {logging_mixin.py:137} INFO - [2024-11-09T17:17:17.848+0000] {dagbag.py:538} INFO - Filling up the DagBag from /home/airflow/.local/lib/python3.7/site-packages/airflow/example_dags/example_local_kubernetes_executor.py
[2024-11-09T17:17:17.860+0000] {processor.py:753} INFO - DAG(s) dict_keys(['example_local_kubernetes_executor']) retrieved from /home/airflow/.local/lib/python3.7/site-packages/airflow/example_dags/example_local_kubernetes_executor.py
[2024-11-09T17:17:17.880+0000] {logging_mixin.py:137} INFO - [2024-11-09T17:17:17.880+0000] {dag.py:2690} INFO - Sync 1 DAGs
[2024-11-09T17:17:17.897+0000] {logging_mixin.py:137} INFO - [2024-11-09T17:17:17.896+0000] {dag.py:3441} INFO - Setting next_dagrun for example_local_kubernetes_executor to None, run_after=None
[2024-11-09T17:17:17.906+0000] {processor.py:175} INFO - Processing /home/airflow/.local/lib/python3.7/site-packages/airflow/example_dags/example_local_kubernetes_executor.py took 0.061 seconds
[2024-11-09T17:17:48.691+0000] {processor.py:153} INFO - Started process (PID=1305) to work on /home/airflow/.local/lib/python3.7/site-packages/airflow/example_dags/example_local_kubernetes_executor.py
[2024-11-09T17:17:48.692+0000] {processor.py:743} INFO - Processing file /home/airflow/.local/lib/python3.7/site-packages/airflow/example_dags/example_local_kubernetes_executor.py for tasks to queue
[2024-11-09T17:17:48.694+0000] {logging_mixin.py:137} INFO - [2024-11-09T17:17:48.694+0000] {dagbag.py:538} INFO - Filling up the DagBag from /home/airflow/.local/lib/python3.7/site-packages/airflow/example_dags/example_local_kubernetes_executor.py
[2024-11-09T17:17:48.706+0000] {processor.py:753} INFO - DAG(s) dict_keys(['example_local_kubernetes_executor']) retrieved from /home/airflow/.local/lib/python3.7/site-packages/airflow/example_dags/example_local_kubernetes_executor.py
[2024-11-09T17:17:48.723+0000] {logging_mixin.py:137} INFO - [2024-11-09T17:17:48.722+0000] {dag.py:2690} INFO - Sync 1 DAGs
[2024-11-09T17:17:48.736+0000] {logging_mixin.py:137} INFO - [2024-11-09T17:17:48.736+0000] {dag.py:3441} INFO - Setting next_dagrun for example_local_kubernetes_executor to None, run_after=None
[2024-11-09T17:17:48.745+0000] {processor.py:175} INFO - Processing /home/airflow/.local/lib/python3.7/site-packages/airflow/example_dags/example_local_kubernetes_executor.py took 0.056 seconds
[2024-11-09T17:18:19.539+0000] {processor.py:153} INFO - Started process (PID=1376) to work on /home/airflow/.local/lib/python3.7/site-packages/airflow/example_dags/example_local_kubernetes_executor.py
[2024-11-09T17:18:19.540+0000] {processor.py:743} INFO - Processing file /home/airflow/.local/lib/python3.7/site-packages/airflow/example_dags/example_local_kubernetes_executor.py for tasks to queue
[2024-11-09T17:18:19.542+0000] {logging_mixin.py:137} INFO - [2024-11-09T17:18:19.542+0000] {dagbag.py:538} INFO - Filling up the DagBag from /home/airflow/.local/lib/python3.7/site-packages/airflow/example_dags/example_local_kubernetes_executor.py
[2024-11-09T17:18:19.555+0000] {processor.py:753} INFO - DAG(s) dict_keys(['example_local_kubernetes_executor']) retrieved from /home/airflow/.local/lib/python3.7/site-packages/airflow/example_dags/example_local_kubernetes_executor.py
[2024-11-09T17:18:19.574+0000] {logging_mixin.py:137} INFO - [2024-11-09T17:18:19.574+0000] {dag.py:2690} INFO - Sync 1 DAGs
[2024-11-09T17:18:19.589+0000] {logging_mixin.py:137} INFO - [2024-11-09T17:18:19.589+0000] {dag.py:3441} INFO - Setting next_dagrun for example_local_kubernetes_executor to None, run_after=None
[2024-11-09T17:18:19.598+0000] {processor.py:175} INFO - Processing /home/airflow/.local/lib/python3.7/site-packages/airflow/example_dags/example_local_kubernetes_executor.py took 0.061 seconds
[2024-11-09T17:18:50.403+0000] {processor.py:153} INFO - Started process (PID=1463) to work on /home/airflow/.local/lib/python3.7/site-packages/airflow/example_dags/example_local_kubernetes_executor.py
[2024-11-09T17:18:50.403+0000] {processor.py:743} INFO - Processing file /home/airflow/.local/lib/python3.7/site-packages/airflow/example_dags/example_local_kubernetes_executor.py for tasks to queue
[2024-11-09T17:18:50.404+0000] {logging_mixin.py:137} INFO - [2024-11-09T17:18:50.404+0000] {dagbag.py:538} INFO - Filling up the DagBag from /home/airflow/.local/lib/python3.7/site-packages/airflow/example_dags/example_local_kubernetes_executor.py
[2024-11-09T17:18:50.417+0000] {processor.py:753} INFO - DAG(s) dict_keys(['example_local_kubernetes_executor']) retrieved from /home/airflow/.local/lib/python3.7/site-packages/airflow/example_dags/example_local_kubernetes_executor.py
[2024-11-09T17:18:50.432+0000] {logging_mixin.py:137} INFO - [2024-11-09T17:18:50.432+0000] {dag.py:2690} INFO - Sync 1 DAGs
[2024-11-09T17:18:50.449+0000] {logging_mixin.py:137} INFO - [2024-11-09T17:18:50.449+0000] {dag.py:3441} INFO - Setting next_dagrun for example_local_kubernetes_executor to None, run_after=None
[2024-11-09T17:18:50.463+0000] {processor.py:175} INFO - Processing /home/airflow/.local/lib/python3.7/site-packages/airflow/example_dags/example_local_kubernetes_executor.py took 0.063 seconds
[2024-11-09T17:19:21.283+0000] {processor.py:153} INFO - Started process (PID=1550) to work on /home/airflow/.local/lib/python3.7/site-packages/airflow/example_dags/example_local_kubernetes_executor.py
[2024-11-09T17:19:21.284+0000] {processor.py:743} INFO - Processing file /home/airflow/.local/lib/python3.7/site-packages/airflow/example_dags/example_local_kubernetes_executor.py for tasks to queue
[2024-11-09T17:19:21.284+0000] {logging_mixin.py:137} INFO - [2024-11-09T17:19:21.284+0000] {dagbag.py:538} INFO - Filling up the DagBag from /home/airflow/.local/lib/python3.7/site-packages/airflow/example_dags/example_local_kubernetes_executor.py
[2024-11-09T17:19:21.297+0000] {processor.py:753} INFO - DAG(s) dict_keys(['example_local_kubernetes_executor']) retrieved from /home/airflow/.local/lib/python3.7/site-packages/airflow/example_dags/example_local_kubernetes_executor.py
[2024-11-09T17:19:21.314+0000] {logging_mixin.py:137} INFO - [2024-11-09T17:19:21.314+0000] {dag.py:2690} INFO - Sync 1 DAGs
[2024-11-09T17:19:21.332+0000] {logging_mixin.py:137} INFO - [2024-11-09T17:19:21.332+0000] {dag.py:3441} INFO - Setting next_dagrun for example_local_kubernetes_executor to None, run_after=None
[2024-11-09T17:19:21.351+0000] {processor.py:175} INFO - Processing /home/airflow/.local/lib/python3.7/site-packages/airflow/example_dags/example_local_kubernetes_executor.py took 0.069 seconds
[2024-11-09T17:19:52.347+0000] {processor.py:153} INFO - Started process (PID=1637) to work on /home/airflow/.local/lib/python3.7/site-packages/airflow/example_dags/example_local_kubernetes_executor.py
[2024-11-09T17:19:52.349+0000] {processor.py:743} INFO - Processing file /home/airflow/.local/lib/python3.7/site-packages/airflow/example_dags/example_local_kubernetes_executor.py for tasks to queue
[2024-11-09T17:19:52.350+0000] {logging_mixin.py:137} INFO - [2024-11-09T17:19:52.350+0000] {dagbag.py:538} INFO - Filling up the DagBag from /home/airflow/.local/lib/python3.7/site-packages/airflow/example_dags/example_local_kubernetes_executor.py
[2024-11-09T17:19:52.366+0000] {processor.py:753} INFO - DAG(s) dict_keys(['example_local_kubernetes_executor']) retrieved from /home/airflow/.local/lib/python3.7/site-packages/airflow/example_dags/example_local_kubernetes_executor.py
[2024-11-09T17:19:52.386+0000] {logging_mixin.py:137} INFO - [2024-11-09T17:19:52.386+0000] {dag.py:2690} INFO - Sync 1 DAGs
[2024-11-09T17:19:52.405+0000] {logging_mixin.py:137} INFO - [2024-11-09T17:19:52.405+0000] {dag.py:3441} INFO - Setting next_dagrun for example_local_kubernetes_executor to None, run_after=None
[2024-11-09T17:19:52.421+0000] {processor.py:175} INFO - Processing /home/airflow/.local/lib/python3.7/site-packages/airflow/example_dags/example_local_kubernetes_executor.py took 0.077 seconds
[2024-11-09T17:20:23.120+0000] {processor.py:153} INFO - Started process (PID=1717) to work on /home/airflow/.local/lib/python3.7/site-packages/airflow/example_dags/example_local_kubernetes_executor.py
[2024-11-09T17:20:23.121+0000] {processor.py:743} INFO - Processing file /home/airflow/.local/lib/python3.7/site-packages/airflow/example_dags/example_local_kubernetes_executor.py for tasks to queue
[2024-11-09T17:20:23.121+0000] {logging_mixin.py:137} INFO - [2024-11-09T17:20:23.121+0000] {dagbag.py:538} INFO - Filling up the DagBag from /home/airflow/.local/lib/python3.7/site-packages/airflow/example_dags/example_local_kubernetes_executor.py
[2024-11-09T17:20:23.134+0000] {processor.py:753} INFO - DAG(s) dict_keys(['example_local_kubernetes_executor']) retrieved from /home/airflow/.local/lib/python3.7/site-packages/airflow/example_dags/example_local_kubernetes_executor.py
[2024-11-09T17:20:23.148+0000] {logging_mixin.py:137} INFO - [2024-11-09T17:20:23.148+0000] {dag.py:2690} INFO - Sync 1 DAGs
[2024-11-09T17:20:23.160+0000] {logging_mixin.py:137} INFO - [2024-11-09T17:20:23.160+0000] {dag.py:3441} INFO - Setting next_dagrun for example_local_kubernetes_executor to None, run_after=None
[2024-11-09T17:20:23.170+0000] {processor.py:175} INFO - Processing /home/airflow/.local/lib/python3.7/site-packages/airflow/example_dags/example_local_kubernetes_executor.py took 0.051 seconds
[2024-11-09T17:20:51.332+0000] {processor.py:153} INFO - Started process (PID=56) to work on /home/airflow/.local/lib/python3.7/site-packages/airflow/example_dags/example_local_kubernetes_executor.py
[2024-11-09T17:20:51.332+0000] {processor.py:743} INFO - Processing file /home/airflow/.local/lib/python3.7/site-packages/airflow/example_dags/example_local_kubernetes_executor.py for tasks to queue
[2024-11-09T17:20:51.334+0000] {logging_mixin.py:137} INFO - [2024-11-09T17:20:51.334+0000] {dagbag.py:538} INFO - Filling up the DagBag from /home/airflow/.local/lib/python3.7/site-packages/airflow/example_dags/example_local_kubernetes_executor.py
[2024-11-09T17:20:51.349+0000] {processor.py:753} INFO - DAG(s) dict_keys(['example_local_kubernetes_executor']) retrieved from /home/airflow/.local/lib/python3.7/site-packages/airflow/example_dags/example_local_kubernetes_executor.py
[2024-11-09T17:20:51.361+0000] {logging_mixin.py:137} INFO - [2024-11-09T17:20:51.361+0000] {dag.py:2690} INFO - Sync 1 DAGs
[2024-11-09T17:20:51.380+0000] {logging_mixin.py:137} INFO - [2024-11-09T17:20:51.380+0000] {dag.py:3441} INFO - Setting next_dagrun for example_local_kubernetes_executor to None, run_after=None
[2024-11-09T17:20:51.397+0000] {processor.py:175} INFO - Processing /home/airflow/.local/lib/python3.7/site-packages/airflow/example_dags/example_local_kubernetes_executor.py took 0.067 seconds
[2024-11-09T17:21:22.286+0000] {processor.py:153} INFO - Started process (PID=143) to work on /home/airflow/.local/lib/python3.7/site-packages/airflow/example_dags/example_local_kubernetes_executor.py
[2024-11-09T17:21:22.287+0000] {processor.py:743} INFO - Processing file /home/airflow/.local/lib/python3.7/site-packages/airflow/example_dags/example_local_kubernetes_executor.py for tasks to queue
[2024-11-09T17:21:22.288+0000] {logging_mixin.py:137} INFO - [2024-11-09T17:21:22.288+0000] {dagbag.py:538} INFO - Filling up the DagBag from /home/airflow/.local/lib/python3.7/site-packages/airflow/example_dags/example_local_kubernetes_executor.py
[2024-11-09T17:21:22.305+0000] {processor.py:753} INFO - DAG(s) dict_keys(['example_local_kubernetes_executor']) retrieved from /home/airflow/.local/lib/python3.7/site-packages/airflow/example_dags/example_local_kubernetes_executor.py
[2024-11-09T17:21:22.325+0000] {logging_mixin.py:137} INFO - [2024-11-09T17:21:22.325+0000] {dag.py:2690} INFO - Sync 1 DAGs
[2024-11-09T17:21:22.345+0000] {logging_mixin.py:137} INFO - [2024-11-09T17:21:22.345+0000] {dag.py:3441} INFO - Setting next_dagrun for example_local_kubernetes_executor to None, run_after=None
[2024-11-09T17:21:22.361+0000] {processor.py:175} INFO - Processing /home/airflow/.local/lib/python3.7/site-packages/airflow/example_dags/example_local_kubernetes_executor.py took 0.076 seconds
[2024-11-09T17:21:53.056+0000] {processor.py:153} INFO - Started process (PID=214) to work on /home/airflow/.local/lib/python3.7/site-packages/airflow/example_dags/example_local_kubernetes_executor.py
[2024-11-09T17:21:53.057+0000] {processor.py:743} INFO - Processing file /home/airflow/.local/lib/python3.7/site-packages/airflow/example_dags/example_local_kubernetes_executor.py for tasks to queue
[2024-11-09T17:21:53.058+0000] {logging_mixin.py:137} INFO - [2024-11-09T17:21:53.058+0000] {dagbag.py:538} INFO - Filling up the DagBag from /home/airflow/.local/lib/python3.7/site-packages/airflow/example_dags/example_local_kubernetes_executor.py
[2024-11-09T17:21:53.073+0000] {processor.py:753} INFO - DAG(s) dict_keys(['example_local_kubernetes_executor']) retrieved from /home/airflow/.local/lib/python3.7/site-packages/airflow/example_dags/example_local_kubernetes_executor.py
[2024-11-09T17:21:53.091+0000] {logging_mixin.py:137} INFO - [2024-11-09T17:21:53.091+0000] {dag.py:2690} INFO - Sync 1 DAGs
[2024-11-09T17:21:53.104+0000] {logging_mixin.py:137} INFO - [2024-11-09T17:21:53.103+0000] {dag.py:3441} INFO - Setting next_dagrun for example_local_kubernetes_executor to None, run_after=None
[2024-11-09T17:21:53.115+0000] {processor.py:175} INFO - Processing /home/airflow/.local/lib/python3.7/site-packages/airflow/example_dags/example_local_kubernetes_executor.py took 0.061 seconds
[2024-11-09T17:22:24.106+0000] {processor.py:153} INFO - Started process (PID=301) to work on /home/airflow/.local/lib/python3.7/site-packages/airflow/example_dags/example_local_kubernetes_executor.py
[2024-11-09T17:22:24.106+0000] {processor.py:743} INFO - Processing file /home/airflow/.local/lib/python3.7/site-packages/airflow/example_dags/example_local_kubernetes_executor.py for tasks to queue
[2024-11-09T17:22:24.107+0000] {logging_mixin.py:137} INFO - [2024-11-09T17:22:24.107+0000] {dagbag.py:538} INFO - Filling up the DagBag from /home/airflow/.local/lib/python3.7/site-packages/airflow/example_dags/example_local_kubernetes_executor.py
[2024-11-09T17:22:24.123+0000] {processor.py:753} INFO - DAG(s) dict_keys(['example_local_kubernetes_executor']) retrieved from /home/airflow/.local/lib/python3.7/site-packages/airflow/example_dags/example_local_kubernetes_executor.py
[2024-11-09T17:22:24.139+0000] {logging_mixin.py:137} INFO - [2024-11-09T17:22:24.139+0000] {dag.py:2690} INFO - Sync 1 DAGs
[2024-11-09T17:22:24.155+0000] {logging_mixin.py:137} INFO - [2024-11-09T17:22:24.155+0000] {dag.py:3441} INFO - Setting next_dagrun for example_local_kubernetes_executor to None, run_after=None
[2024-11-09T17:22:24.167+0000] {processor.py:175} INFO - Processing /home/airflow/.local/lib/python3.7/site-packages/airflow/example_dags/example_local_kubernetes_executor.py took 0.063 seconds
[2024-11-09T17:22:54.995+0000] {processor.py:153} INFO - Started process (PID=388) to work on /home/airflow/.local/lib/python3.7/site-packages/airflow/example_dags/example_local_kubernetes_executor.py
[2024-11-09T17:22:54.996+0000] {processor.py:743} INFO - Processing file /home/airflow/.local/lib/python3.7/site-packages/airflow/example_dags/example_local_kubernetes_executor.py for tasks to queue
[2024-11-09T17:22:54.998+0000] {logging_mixin.py:137} INFO - [2024-11-09T17:22:54.998+0000] {dagbag.py:538} INFO - Filling up the DagBag from /home/airflow/.local/lib/python3.7/site-packages/airflow/example_dags/example_local_kubernetes_executor.py
[2024-11-09T17:22:55.011+0000] {processor.py:753} INFO - DAG(s) dict_keys(['example_local_kubernetes_executor']) retrieved from /home/airflow/.local/lib/python3.7/site-packages/airflow/example_dags/example_local_kubernetes_executor.py
[2024-11-09T17:22:55.029+0000] {logging_mixin.py:137} INFO - [2024-11-09T17:22:55.029+0000] {dag.py:2690} INFO - Sync 1 DAGs
[2024-11-09T17:22:55.044+0000] {logging_mixin.py:137} INFO - [2024-11-09T17:22:55.044+0000] {dag.py:3441} INFO - Setting next_dagrun for example_local_kubernetes_executor to None, run_after=None
[2024-11-09T17:22:55.056+0000] {processor.py:175} INFO - Processing /home/airflow/.local/lib/python3.7/site-packages/airflow/example_dags/example_local_kubernetes_executor.py took 0.063 seconds
[2024-11-09T17:23:25.850+0000] {processor.py:153} INFO - Started process (PID=468) to work on /home/airflow/.local/lib/python3.7/site-packages/airflow/example_dags/example_local_kubernetes_executor.py
[2024-11-09T17:23:25.853+0000] {processor.py:743} INFO - Processing file /home/airflow/.local/lib/python3.7/site-packages/airflow/example_dags/example_local_kubernetes_executor.py for tasks to queue
[2024-11-09T17:23:25.855+0000] {logging_mixin.py:137} INFO - [2024-11-09T17:23:25.855+0000] {dagbag.py:538} INFO - Filling up the DagBag from /home/airflow/.local/lib/python3.7/site-packages/airflow/example_dags/example_local_kubernetes_executor.py
[2024-11-09T17:23:25.869+0000] {processor.py:753} INFO - DAG(s) dict_keys(['example_local_kubernetes_executor']) retrieved from /home/airflow/.local/lib/python3.7/site-packages/airflow/example_dags/example_local_kubernetes_executor.py
[2024-11-09T17:23:25.885+0000] {logging_mixin.py:137} INFO - [2024-11-09T17:23:25.884+0000] {dag.py:2690} INFO - Sync 1 DAGs
[2024-11-09T17:23:25.901+0000] {logging_mixin.py:137} INFO - [2024-11-09T17:23:25.900+0000] {dag.py:3441} INFO - Setting next_dagrun for example_local_kubernetes_executor to None, run_after=None
[2024-11-09T17:23:25.914+0000] {processor.py:175} INFO - Processing /home/airflow/.local/lib/python3.7/site-packages/airflow/example_dags/example_local_kubernetes_executor.py took 0.066 seconds
[2024-11-09T17:28:53.522+0000] {processor.py:153} INFO - Started process (PID=56) to work on /home/airflow/.local/lib/python3.7/site-packages/airflow/example_dags/example_local_kubernetes_executor.py
[2024-11-09T17:28:53.522+0000] {processor.py:743} INFO - Processing file /home/airflow/.local/lib/python3.7/site-packages/airflow/example_dags/example_local_kubernetes_executor.py for tasks to queue
[2024-11-09T17:28:53.523+0000] {logging_mixin.py:137} INFO - [2024-11-09T17:28:53.522+0000] {dagbag.py:538} INFO - Filling up the DagBag from /home/airflow/.local/lib/python3.7/site-packages/airflow/example_dags/example_local_kubernetes_executor.py
[2024-11-09T17:28:53.539+0000] {processor.py:753} INFO - DAG(s) dict_keys(['example_local_kubernetes_executor']) retrieved from /home/airflow/.local/lib/python3.7/site-packages/airflow/example_dags/example_local_kubernetes_executor.py
[2024-11-09T17:28:53.553+0000] {logging_mixin.py:137} INFO - [2024-11-09T17:28:53.553+0000] {dag.py:2690} INFO - Sync 1 DAGs
[2024-11-09T17:28:53.572+0000] {logging_mixin.py:137} INFO - [2024-11-09T17:28:53.572+0000] {dag.py:3441} INFO - Setting next_dagrun for example_local_kubernetes_executor to None, run_after=None
[2024-11-09T17:28:53.585+0000] {processor.py:175} INFO - Processing /home/airflow/.local/lib/python3.7/site-packages/airflow/example_dags/example_local_kubernetes_executor.py took 0.065 seconds
[2024-11-09T17:29:24.275+0000] {processor.py:153} INFO - Started process (PID=143) to work on /home/airflow/.local/lib/python3.7/site-packages/airflow/example_dags/example_local_kubernetes_executor.py
[2024-11-09T17:29:24.276+0000] {processor.py:743} INFO - Processing file /home/airflow/.local/lib/python3.7/site-packages/airflow/example_dags/example_local_kubernetes_executor.py for tasks to queue
[2024-11-09T17:29:24.278+0000] {logging_mixin.py:137} INFO - [2024-11-09T17:29:24.278+0000] {dagbag.py:538} INFO - Filling up the DagBag from /home/airflow/.local/lib/python3.7/site-packages/airflow/example_dags/example_local_kubernetes_executor.py
[2024-11-09T17:29:24.290+0000] {processor.py:753} INFO - DAG(s) dict_keys(['example_local_kubernetes_executor']) retrieved from /home/airflow/.local/lib/python3.7/site-packages/airflow/example_dags/example_local_kubernetes_executor.py
[2024-11-09T17:29:24.305+0000] {logging_mixin.py:137} INFO - [2024-11-09T17:29:24.305+0000] {dag.py:2690} INFO - Sync 1 DAGs
[2024-11-09T17:29:24.320+0000] {logging_mixin.py:137} INFO - [2024-11-09T17:29:24.320+0000] {dag.py:3441} INFO - Setting next_dagrun for example_local_kubernetes_executor to None, run_after=None
[2024-11-09T17:29:24.331+0000] {processor.py:175} INFO - Processing /home/airflow/.local/lib/python3.7/site-packages/airflow/example_dags/example_local_kubernetes_executor.py took 0.057 seconds
[2024-11-09T17:29:55.084+0000] {processor.py:153} INFO - Started process (PID=214) to work on /home/airflow/.local/lib/python3.7/site-packages/airflow/example_dags/example_local_kubernetes_executor.py
[2024-11-09T17:29:55.086+0000] {processor.py:743} INFO - Processing file /home/airflow/.local/lib/python3.7/site-packages/airflow/example_dags/example_local_kubernetes_executor.py for tasks to queue
[2024-11-09T17:29:55.086+0000] {logging_mixin.py:137} INFO - [2024-11-09T17:29:55.086+0000] {dagbag.py:538} INFO - Filling up the DagBag from /home/airflow/.local/lib/python3.7/site-packages/airflow/example_dags/example_local_kubernetes_executor.py
[2024-11-09T17:29:55.099+0000] {processor.py:753} INFO - DAG(s) dict_keys(['example_local_kubernetes_executor']) retrieved from /home/airflow/.local/lib/python3.7/site-packages/airflow/example_dags/example_local_kubernetes_executor.py
[2024-11-09T17:29:55.118+0000] {logging_mixin.py:137} INFO - [2024-11-09T17:29:55.118+0000] {dag.py:2690} INFO - Sync 1 DAGs
[2024-11-09T17:29:55.131+0000] {logging_mixin.py:137} INFO - [2024-11-09T17:29:55.131+0000] {dag.py:3441} INFO - Setting next_dagrun for example_local_kubernetes_executor to None, run_after=None
[2024-11-09T17:29:55.150+0000] {processor.py:175} INFO - Processing /home/airflow/.local/lib/python3.7/site-packages/airflow/example_dags/example_local_kubernetes_executor.py took 0.068 seconds
[2024-11-09T17:30:14.535+0000] {processor.py:153} INFO - Started process (PID=56) to work on /home/airflow/.local/lib/python3.7/site-packages/airflow/example_dags/example_local_kubernetes_executor.py
[2024-11-09T17:30:14.535+0000] {processor.py:743} INFO - Processing file /home/airflow/.local/lib/python3.7/site-packages/airflow/example_dags/example_local_kubernetes_executor.py for tasks to queue
[2024-11-09T17:30:14.536+0000] {logging_mixin.py:137} INFO - [2024-11-09T17:30:14.535+0000] {dagbag.py:538} INFO - Filling up the DagBag from /home/airflow/.local/lib/python3.7/site-packages/airflow/example_dags/example_local_kubernetes_executor.py
[2024-11-09T17:30:14.551+0000] {processor.py:753} INFO - DAG(s) dict_keys(['example_local_kubernetes_executor']) retrieved from /home/airflow/.local/lib/python3.7/site-packages/airflow/example_dags/example_local_kubernetes_executor.py
[2024-11-09T17:30:14.560+0000] {logging_mixin.py:137} INFO - [2024-11-09T17:30:14.560+0000] {dag.py:2690} INFO - Sync 1 DAGs
[2024-11-09T17:30:14.577+0000] {logging_mixin.py:137} INFO - [2024-11-09T17:30:14.577+0000] {dag.py:3441} INFO - Setting next_dagrun for example_local_kubernetes_executor to None, run_after=None
[2024-11-09T17:30:14.589+0000] {processor.py:175} INFO - Processing /home/airflow/.local/lib/python3.7/site-packages/airflow/example_dags/example_local_kubernetes_executor.py took 0.057 seconds
[2024-11-09T17:30:45.302+0000] {processor.py:153} INFO - Started process (PID=143) to work on /home/airflow/.local/lib/python3.7/site-packages/airflow/example_dags/example_local_kubernetes_executor.py
[2024-11-09T17:30:45.302+0000] {processor.py:743} INFO - Processing file /home/airflow/.local/lib/python3.7/site-packages/airflow/example_dags/example_local_kubernetes_executor.py for tasks to queue
[2024-11-09T17:30:45.303+0000] {logging_mixin.py:137} INFO - [2024-11-09T17:30:45.303+0000] {dagbag.py:538} INFO - Filling up the DagBag from /home/airflow/.local/lib/python3.7/site-packages/airflow/example_dags/example_local_kubernetes_executor.py
[2024-11-09T17:30:45.314+0000] {processor.py:753} INFO - DAG(s) dict_keys(['example_local_kubernetes_executor']) retrieved from /home/airflow/.local/lib/python3.7/site-packages/airflow/example_dags/example_local_kubernetes_executor.py
[2024-11-09T17:30:45.330+0000] {logging_mixin.py:137} INFO - [2024-11-09T17:30:45.330+0000] {dag.py:2690} INFO - Sync 1 DAGs
[2024-11-09T17:30:45.343+0000] {logging_mixin.py:137} INFO - [2024-11-09T17:30:45.343+0000] {dag.py:3441} INFO - Setting next_dagrun for example_local_kubernetes_executor to None, run_after=None
[2024-11-09T17:30:45.352+0000] {processor.py:175} INFO - Processing /home/airflow/.local/lib/python3.7/site-packages/airflow/example_dags/example_local_kubernetes_executor.py took 0.052 seconds
[2024-11-09T17:31:15.967+0000] {processor.py:153} INFO - Started process (PID=214) to work on /home/airflow/.local/lib/python3.7/site-packages/airflow/example_dags/example_local_kubernetes_executor.py
[2024-11-09T17:31:15.968+0000] {processor.py:743} INFO - Processing file /home/airflow/.local/lib/python3.7/site-packages/airflow/example_dags/example_local_kubernetes_executor.py for tasks to queue
[2024-11-09T17:31:15.968+0000] {logging_mixin.py:137} INFO - [2024-11-09T17:31:15.968+0000] {dagbag.py:538} INFO - Filling up the DagBag from /home/airflow/.local/lib/python3.7/site-packages/airflow/example_dags/example_local_kubernetes_executor.py
[2024-11-09T17:31:15.981+0000] {processor.py:753} INFO - DAG(s) dict_keys(['example_local_kubernetes_executor']) retrieved from /home/airflow/.local/lib/python3.7/site-packages/airflow/example_dags/example_local_kubernetes_executor.py
[2024-11-09T17:31:16.001+0000] {logging_mixin.py:137} INFO - [2024-11-09T17:31:16.000+0000] {dag.py:2690} INFO - Sync 1 DAGs
[2024-11-09T17:31:16.015+0000] {logging_mixin.py:137} INFO - [2024-11-09T17:31:16.014+0000] {dag.py:3441} INFO - Setting next_dagrun for example_local_kubernetes_executor to None, run_after=None
[2024-11-09T17:31:16.024+0000] {processor.py:175} INFO - Processing /home/airflow/.local/lib/python3.7/site-packages/airflow/example_dags/example_local_kubernetes_executor.py took 0.058 seconds
[2024-11-09T17:31:46.594+0000] {processor.py:153} INFO - Started process (PID=301) to work on /home/airflow/.local/lib/python3.7/site-packages/airflow/example_dags/example_local_kubernetes_executor.py
[2024-11-09T17:31:46.595+0000] {processor.py:743} INFO - Processing file /home/airflow/.local/lib/python3.7/site-packages/airflow/example_dags/example_local_kubernetes_executor.py for tasks to queue
[2024-11-09T17:31:46.595+0000] {logging_mixin.py:137} INFO - [2024-11-09T17:31:46.595+0000] {dagbag.py:538} INFO - Filling up the DagBag from /home/airflow/.local/lib/python3.7/site-packages/airflow/example_dags/example_local_kubernetes_executor.py
[2024-11-09T17:31:46.613+0000] {processor.py:753} INFO - DAG(s) dict_keys(['example_local_kubernetes_executor']) retrieved from /home/airflow/.local/lib/python3.7/site-packages/airflow/example_dags/example_local_kubernetes_executor.py
[2024-11-09T17:31:46.631+0000] {logging_mixin.py:137} INFO - [2024-11-09T17:31:46.631+0000] {dag.py:2690} INFO - Sync 1 DAGs
[2024-11-09T17:31:46.648+0000] {logging_mixin.py:137} INFO - [2024-11-09T17:31:46.648+0000] {dag.py:3441} INFO - Setting next_dagrun for example_local_kubernetes_executor to None, run_after=None
[2024-11-09T17:31:46.658+0000] {processor.py:175} INFO - Processing /home/airflow/.local/lib/python3.7/site-packages/airflow/example_dags/example_local_kubernetes_executor.py took 0.067 seconds
[2024-11-09T17:32:17.176+0000] {processor.py:153} INFO - Started process (PID=388) to work on /home/airflow/.local/lib/python3.7/site-packages/airflow/example_dags/example_local_kubernetes_executor.py
[2024-11-09T17:32:17.177+0000] {processor.py:743} INFO - Processing file /home/airflow/.local/lib/python3.7/site-packages/airflow/example_dags/example_local_kubernetes_executor.py for tasks to queue
[2024-11-09T17:32:17.177+0000] {logging_mixin.py:137} INFO - [2024-11-09T17:32:17.177+0000] {dagbag.py:538} INFO - Filling up the DagBag from /home/airflow/.local/lib/python3.7/site-packages/airflow/example_dags/example_local_kubernetes_executor.py
[2024-11-09T17:32:17.190+0000] {processor.py:753} INFO - DAG(s) dict_keys(['example_local_kubernetes_executor']) retrieved from /home/airflow/.local/lib/python3.7/site-packages/airflow/example_dags/example_local_kubernetes_executor.py
[2024-11-09T17:32:17.207+0000] {logging_mixin.py:137} INFO - [2024-11-09T17:32:17.207+0000] {dag.py:2690} INFO - Sync 1 DAGs
[2024-11-09T17:32:17.220+0000] {logging_mixin.py:137} INFO - [2024-11-09T17:32:17.220+0000] {dag.py:3441} INFO - Setting next_dagrun for example_local_kubernetes_executor to None, run_after=None
[2024-11-09T17:32:17.230+0000] {processor.py:175} INFO - Processing /home/airflow/.local/lib/python3.7/site-packages/airflow/example_dags/example_local_kubernetes_executor.py took 0.056 seconds
[2024-11-09T17:32:47.890+0000] {processor.py:153} INFO - Started process (PID=459) to work on /home/airflow/.local/lib/python3.7/site-packages/airflow/example_dags/example_local_kubernetes_executor.py
[2024-11-09T17:32:47.891+0000] {processor.py:743} INFO - Processing file /home/airflow/.local/lib/python3.7/site-packages/airflow/example_dags/example_local_kubernetes_executor.py for tasks to queue
[2024-11-09T17:32:47.891+0000] {logging_mixin.py:137} INFO - [2024-11-09T17:32:47.891+0000] {dagbag.py:538} INFO - Filling up the DagBag from /home/airflow/.local/lib/python3.7/site-packages/airflow/example_dags/example_local_kubernetes_executor.py
[2024-11-09T17:32:47.903+0000] {processor.py:753} INFO - DAG(s) dict_keys(['example_local_kubernetes_executor']) retrieved from /home/airflow/.local/lib/python3.7/site-packages/airflow/example_dags/example_local_kubernetes_executor.py
[2024-11-09T17:32:47.920+0000] {logging_mixin.py:137} INFO - [2024-11-09T17:32:47.920+0000] {dag.py:2690} INFO - Sync 1 DAGs
[2024-11-09T17:32:47.933+0000] {logging_mixin.py:137} INFO - [2024-11-09T17:32:47.933+0000] {dag.py:3441} INFO - Setting next_dagrun for example_local_kubernetes_executor to None, run_after=None
[2024-11-09T17:32:47.942+0000] {processor.py:175} INFO - Processing /home/airflow/.local/lib/python3.7/site-packages/airflow/example_dags/example_local_kubernetes_executor.py took 0.054 seconds
