[2024-11-09T17:10:05.353+0000] {processor.py:153} INFO - Started process (PID=38) to work on /home/airflow/.local/lib/python3.7/site-packages/airflow/example_dags/example_external_task_marker_dag.py
[2024-11-09T17:10:05.355+0000] {processor.py:743} INFO - Processing file /home/airflow/.local/lib/python3.7/site-packages/airflow/example_dags/example_external_task_marker_dag.py for tasks to queue
[2024-11-09T17:10:05.355+0000] {logging_mixin.py:137} INFO - [2024-11-09T17:10:05.355+0000] {dagbag.py:538} INFO - Filling up the DagBag from /home/airflow/.local/lib/python3.7/site-packages/airflow/example_dags/example_external_task_marker_dag.py
[2024-11-09T17:10:05.375+0000] {processor.py:753} INFO - DAG(s) dict_keys(['example_external_task_marker_child', 'example_external_task_marker_parent']) retrieved from /home/airflow/.local/lib/python3.7/site-packages/airflow/example_dags/example_external_task_marker_dag.py
[2024-11-09T17:10:05.396+0000] {logging_mixin.py:137} INFO - [2024-11-09T17:10:05.396+0000] {dag.py:2690} INFO - Sync 2 DAGs
[2024-11-09T17:10:05.414+0000] {logging_mixin.py:137} INFO - [2024-11-09T17:10:05.414+0000] {dag.py:3441} INFO - Setting next_dagrun for example_external_task_marker_child to None, run_after=None
[2024-11-09T17:10:05.416+0000] {logging_mixin.py:137} INFO - [2024-11-09T17:10:05.416+0000] {dag.py:3441} INFO - Setting next_dagrun for example_external_task_marker_parent to None, run_after=None
[2024-11-09T17:10:05.442+0000] {processor.py:175} INFO - Processing /home/airflow/.local/lib/python3.7/site-packages/airflow/example_dags/example_external_task_marker_dag.py took 0.091 seconds
[2024-11-09T17:10:36.305+0000] {processor.py:153} INFO - Started process (PID=134) to work on /home/airflow/.local/lib/python3.7/site-packages/airflow/example_dags/example_external_task_marker_dag.py
[2024-11-09T17:10:36.305+0000] {processor.py:743} INFO - Processing file /home/airflow/.local/lib/python3.7/site-packages/airflow/example_dags/example_external_task_marker_dag.py for tasks to queue
[2024-11-09T17:10:36.306+0000] {logging_mixin.py:137} INFO - [2024-11-09T17:10:36.306+0000] {dagbag.py:538} INFO - Filling up the DagBag from /home/airflow/.local/lib/python3.7/site-packages/airflow/example_dags/example_external_task_marker_dag.py
[2024-11-09T17:10:36.318+0000] {processor.py:753} INFO - DAG(s) dict_keys(['example_external_task_marker_child', 'example_external_task_marker_parent']) retrieved from /home/airflow/.local/lib/python3.7/site-packages/airflow/example_dags/example_external_task_marker_dag.py
[2024-11-09T17:10:36.360+0000] {logging_mixin.py:137} INFO - [2024-11-09T17:10:36.360+0000] {dag.py:2690} INFO - Sync 2 DAGs
[2024-11-09T17:10:36.378+0000] {logging_mixin.py:137} INFO - [2024-11-09T17:10:36.378+0000] {dag.py:3441} INFO - Setting next_dagrun for example_external_task_marker_child to None, run_after=None
[2024-11-09T17:10:36.380+0000] {logging_mixin.py:137} INFO - [2024-11-09T17:10:36.380+0000] {dag.py:3441} INFO - Setting next_dagrun for example_external_task_marker_parent to None, run_after=None
[2024-11-09T17:10:36.392+0000] {processor.py:175} INFO - Processing /home/airflow/.local/lib/python3.7/site-packages/airflow/example_dags/example_external_task_marker_dag.py took 0.089 seconds
[2024-11-09T17:11:06.942+0000] {processor.py:153} INFO - Started process (PID=205) to work on /home/airflow/.local/lib/python3.7/site-packages/airflow/example_dags/example_external_task_marker_dag.py
[2024-11-09T17:11:06.943+0000] {processor.py:743} INFO - Processing file /home/airflow/.local/lib/python3.7/site-packages/airflow/example_dags/example_external_task_marker_dag.py for tasks to queue
[2024-11-09T17:11:06.944+0000] {logging_mixin.py:137} INFO - [2024-11-09T17:11:06.944+0000] {dagbag.py:538} INFO - Filling up the DagBag from /home/airflow/.local/lib/python3.7/site-packages/airflow/example_dags/example_external_task_marker_dag.py
[2024-11-09T17:11:06.965+0000] {processor.py:753} INFO - DAG(s) dict_keys(['example_external_task_marker_child', 'example_external_task_marker_parent']) retrieved from /home/airflow/.local/lib/python3.7/site-packages/airflow/example_dags/example_external_task_marker_dag.py
[2024-11-09T17:11:06.991+0000] {logging_mixin.py:137} INFO - [2024-11-09T17:11:06.991+0000] {dag.py:2690} INFO - Sync 2 DAGs
[2024-11-09T17:11:07.007+0000] {logging_mixin.py:137} INFO - [2024-11-09T17:11:07.006+0000] {dag.py:3441} INFO - Setting next_dagrun for example_external_task_marker_child to None, run_after=None
[2024-11-09T17:11:07.008+0000] {logging_mixin.py:137} INFO - [2024-11-09T17:11:07.008+0000] {dag.py:3441} INFO - Setting next_dagrun for example_external_task_marker_parent to None, run_after=None
[2024-11-09T17:11:07.021+0000] {processor.py:175} INFO - Processing /home/airflow/.local/lib/python3.7/site-packages/airflow/example_dags/example_external_task_marker_dag.py took 0.084 seconds
[2024-11-09T17:11:37.813+0000] {processor.py:153} INFO - Started process (PID=292) to work on /home/airflow/.local/lib/python3.7/site-packages/airflow/example_dags/example_external_task_marker_dag.py
[2024-11-09T17:11:37.815+0000] {processor.py:743} INFO - Processing file /home/airflow/.local/lib/python3.7/site-packages/airflow/example_dags/example_external_task_marker_dag.py for tasks to queue
[2024-11-09T17:11:37.817+0000] {logging_mixin.py:137} INFO - [2024-11-09T17:11:37.816+0000] {dagbag.py:538} INFO - Filling up the DagBag from /home/airflow/.local/lib/python3.7/site-packages/airflow/example_dags/example_external_task_marker_dag.py
[2024-11-09T17:11:37.837+0000] {processor.py:753} INFO - DAG(s) dict_keys(['example_external_task_marker_child', 'example_external_task_marker_parent']) retrieved from /home/airflow/.local/lib/python3.7/site-packages/airflow/example_dags/example_external_task_marker_dag.py
[2024-11-09T17:11:37.862+0000] {logging_mixin.py:137} INFO - [2024-11-09T17:11:37.862+0000] {dag.py:2690} INFO - Sync 2 DAGs
[2024-11-09T17:11:37.878+0000] {logging_mixin.py:137} INFO - [2024-11-09T17:11:37.878+0000] {dag.py:3441} INFO - Setting next_dagrun for example_external_task_marker_child to None, run_after=None
[2024-11-09T17:11:37.880+0000] {logging_mixin.py:137} INFO - [2024-11-09T17:11:37.880+0000] {dag.py:3441} INFO - Setting next_dagrun for example_external_task_marker_parent to None, run_after=None
[2024-11-09T17:11:37.891+0000] {processor.py:175} INFO - Processing /home/airflow/.local/lib/python3.7/site-packages/airflow/example_dags/example_external_task_marker_dag.py took 0.085 seconds
[2024-11-09T17:12:08.550+0000] {processor.py:153} INFO - Started process (PID=379) to work on /home/airflow/.local/lib/python3.7/site-packages/airflow/example_dags/example_external_task_marker_dag.py
[2024-11-09T17:12:08.551+0000] {processor.py:743} INFO - Processing file /home/airflow/.local/lib/python3.7/site-packages/airflow/example_dags/example_external_task_marker_dag.py for tasks to queue
[2024-11-09T17:12:08.552+0000] {logging_mixin.py:137} INFO - [2024-11-09T17:12:08.552+0000] {dagbag.py:538} INFO - Filling up the DagBag from /home/airflow/.local/lib/python3.7/site-packages/airflow/example_dags/example_external_task_marker_dag.py
[2024-11-09T17:12:08.562+0000] {processor.py:753} INFO - DAG(s) dict_keys(['example_external_task_marker_child', 'example_external_task_marker_parent']) retrieved from /home/airflow/.local/lib/python3.7/site-packages/airflow/example_dags/example_external_task_marker_dag.py
[2024-11-09T17:12:08.584+0000] {logging_mixin.py:137} INFO - [2024-11-09T17:12:08.584+0000] {dag.py:2690} INFO - Sync 2 DAGs
[2024-11-09T17:12:08.599+0000] {logging_mixin.py:137} INFO - [2024-11-09T17:12:08.599+0000] {dag.py:3441} INFO - Setting next_dagrun for example_external_task_marker_child to None, run_after=None
[2024-11-09T17:12:08.601+0000] {logging_mixin.py:137} INFO - [2024-11-09T17:12:08.601+0000] {dag.py:3441} INFO - Setting next_dagrun for example_external_task_marker_parent to None, run_after=None
[2024-11-09T17:12:08.612+0000] {processor.py:175} INFO - Processing /home/airflow/.local/lib/python3.7/site-packages/airflow/example_dags/example_external_task_marker_dag.py took 0.064 seconds
[2024-11-09T17:12:39.129+0000] {processor.py:153} INFO - Started process (PID=466) to work on /home/airflow/.local/lib/python3.7/site-packages/airflow/example_dags/example_external_task_marker_dag.py
[2024-11-09T17:12:39.132+0000] {processor.py:743} INFO - Processing file /home/airflow/.local/lib/python3.7/site-packages/airflow/example_dags/example_external_task_marker_dag.py for tasks to queue
[2024-11-09T17:12:39.133+0000] {logging_mixin.py:137} INFO - [2024-11-09T17:12:39.133+0000] {dagbag.py:538} INFO - Filling up the DagBag from /home/airflow/.local/lib/python3.7/site-packages/airflow/example_dags/example_external_task_marker_dag.py
[2024-11-09T17:12:39.148+0000] {processor.py:753} INFO - DAG(s) dict_keys(['example_external_task_marker_child', 'example_external_task_marker_parent']) retrieved from /home/airflow/.local/lib/python3.7/site-packages/airflow/example_dags/example_external_task_marker_dag.py
[2024-11-09T17:12:39.172+0000] {logging_mixin.py:137} INFO - [2024-11-09T17:12:39.172+0000] {dag.py:2690} INFO - Sync 2 DAGs
[2024-11-09T17:12:39.186+0000] {logging_mixin.py:137} INFO - [2024-11-09T17:12:39.186+0000] {dag.py:3441} INFO - Setting next_dagrun for example_external_task_marker_child to None, run_after=None
[2024-11-09T17:12:39.189+0000] {logging_mixin.py:137} INFO - [2024-11-09T17:12:39.189+0000] {dag.py:3441} INFO - Setting next_dagrun for example_external_task_marker_parent to None, run_after=None
[2024-11-09T17:12:39.201+0000] {processor.py:175} INFO - Processing /home/airflow/.local/lib/python3.7/site-packages/airflow/example_dags/example_external_task_marker_dag.py took 0.075 seconds
[2024-11-09T17:13:09.783+0000] {processor.py:153} INFO - Started process (PID=537) to work on /home/airflow/.local/lib/python3.7/site-packages/airflow/example_dags/example_external_task_marker_dag.py
[2024-11-09T17:13:09.784+0000] {processor.py:743} INFO - Processing file /home/airflow/.local/lib/python3.7/site-packages/airflow/example_dags/example_external_task_marker_dag.py for tasks to queue
[2024-11-09T17:13:09.786+0000] {logging_mixin.py:137} INFO - [2024-11-09T17:13:09.785+0000] {dagbag.py:538} INFO - Filling up the DagBag from /home/airflow/.local/lib/python3.7/site-packages/airflow/example_dags/example_external_task_marker_dag.py
[2024-11-09T17:13:09.803+0000] {processor.py:753} INFO - DAG(s) dict_keys(['example_external_task_marker_parent', 'example_external_task_marker_child']) retrieved from /home/airflow/.local/lib/python3.7/site-packages/airflow/example_dags/example_external_task_marker_dag.py
[2024-11-09T17:13:09.833+0000] {logging_mixin.py:137} INFO - [2024-11-09T17:13:09.833+0000] {dag.py:2690} INFO - Sync 2 DAGs
[2024-11-09T17:13:09.851+0000] {logging_mixin.py:137} INFO - [2024-11-09T17:13:09.851+0000] {dag.py:3441} INFO - Setting next_dagrun for example_external_task_marker_child to None, run_after=None
[2024-11-09T17:13:09.853+0000] {logging_mixin.py:137} INFO - [2024-11-09T17:13:09.853+0000] {dag.py:3441} INFO - Setting next_dagrun for example_external_task_marker_parent to None, run_after=None
[2024-11-09T17:13:09.867+0000] {processor.py:175} INFO - Processing /home/airflow/.local/lib/python3.7/site-packages/airflow/example_dags/example_external_task_marker_dag.py took 0.089 seconds
[2024-11-09T17:13:40.740+0000] {processor.py:153} INFO - Started process (PID=624) to work on /home/airflow/.local/lib/python3.7/site-packages/airflow/example_dags/example_external_task_marker_dag.py
[2024-11-09T17:13:40.742+0000] {processor.py:743} INFO - Processing file /home/airflow/.local/lib/python3.7/site-packages/airflow/example_dags/example_external_task_marker_dag.py for tasks to queue
[2024-11-09T17:13:40.744+0000] {logging_mixin.py:137} INFO - [2024-11-09T17:13:40.744+0000] {dagbag.py:538} INFO - Filling up the DagBag from /home/airflow/.local/lib/python3.7/site-packages/airflow/example_dags/example_external_task_marker_dag.py
[2024-11-09T17:13:40.771+0000] {processor.py:753} INFO - DAG(s) dict_keys(['example_external_task_marker_child', 'example_external_task_marker_parent']) retrieved from /home/airflow/.local/lib/python3.7/site-packages/airflow/example_dags/example_external_task_marker_dag.py
[2024-11-09T17:13:40.821+0000] {logging_mixin.py:137} INFO - [2024-11-09T17:13:40.821+0000] {dag.py:2690} INFO - Sync 2 DAGs
[2024-11-09T17:13:40.851+0000] {logging_mixin.py:137} INFO - [2024-11-09T17:13:40.850+0000] {dag.py:3441} INFO - Setting next_dagrun for example_external_task_marker_child to None, run_after=None
[2024-11-09T17:13:40.853+0000] {logging_mixin.py:137} INFO - [2024-11-09T17:13:40.853+0000] {dag.py:3441} INFO - Setting next_dagrun for example_external_task_marker_parent to None, run_after=None
[2024-11-09T17:13:40.876+0000] {processor.py:175} INFO - Processing /home/airflow/.local/lib/python3.7/site-packages/airflow/example_dags/example_external_task_marker_dag.py took 0.141 seconds
[2024-11-09T17:14:11.794+0000] {processor.py:153} INFO - Started process (PID=711) to work on /home/airflow/.local/lib/python3.7/site-packages/airflow/example_dags/example_external_task_marker_dag.py
[2024-11-09T17:14:11.795+0000] {processor.py:743} INFO - Processing file /home/airflow/.local/lib/python3.7/site-packages/airflow/example_dags/example_external_task_marker_dag.py for tasks to queue
[2024-11-09T17:14:11.796+0000] {logging_mixin.py:137} INFO - [2024-11-09T17:14:11.796+0000] {dagbag.py:538} INFO - Filling up the DagBag from /home/airflow/.local/lib/python3.7/site-packages/airflow/example_dags/example_external_task_marker_dag.py
[2024-11-09T17:14:11.808+0000] {processor.py:753} INFO - DAG(s) dict_keys(['example_external_task_marker_child', 'example_external_task_marker_parent']) retrieved from /home/airflow/.local/lib/python3.7/site-packages/airflow/example_dags/example_external_task_marker_dag.py
[2024-11-09T17:14:11.831+0000] {logging_mixin.py:137} INFO - [2024-11-09T17:14:11.831+0000] {dag.py:2690} INFO - Sync 2 DAGs
[2024-11-09T17:14:11.854+0000] {logging_mixin.py:137} INFO - [2024-11-09T17:14:11.854+0000] {dag.py:3441} INFO - Setting next_dagrun for example_external_task_marker_child to None, run_after=None
[2024-11-09T17:14:11.856+0000] {logging_mixin.py:137} INFO - [2024-11-09T17:14:11.856+0000] {dag.py:3441} INFO - Setting next_dagrun for example_external_task_marker_parent to None, run_after=None
[2024-11-09T17:14:11.873+0000] {processor.py:175} INFO - Processing /home/airflow/.local/lib/python3.7/site-packages/airflow/example_dags/example_external_task_marker_dag.py took 0.082 seconds
[2024-11-09T17:14:42.625+0000] {processor.py:153} INFO - Started process (PID=782) to work on /home/airflow/.local/lib/python3.7/site-packages/airflow/example_dags/example_external_task_marker_dag.py
[2024-11-09T17:14:42.627+0000] {processor.py:743} INFO - Processing file /home/airflow/.local/lib/python3.7/site-packages/airflow/example_dags/example_external_task_marker_dag.py for tasks to queue
[2024-11-09T17:14:42.628+0000] {logging_mixin.py:137} INFO - [2024-11-09T17:14:42.628+0000] {dagbag.py:538} INFO - Filling up the DagBag from /home/airflow/.local/lib/python3.7/site-packages/airflow/example_dags/example_external_task_marker_dag.py
[2024-11-09T17:14:42.641+0000] {processor.py:753} INFO - DAG(s) dict_keys(['example_external_task_marker_child', 'example_external_task_marker_parent']) retrieved from /home/airflow/.local/lib/python3.7/site-packages/airflow/example_dags/example_external_task_marker_dag.py
[2024-11-09T17:14:42.666+0000] {logging_mixin.py:137} INFO - [2024-11-09T17:14:42.666+0000] {dag.py:2690} INFO - Sync 2 DAGs
[2024-11-09T17:14:42.687+0000] {logging_mixin.py:137} INFO - [2024-11-09T17:14:42.687+0000] {dag.py:3441} INFO - Setting next_dagrun for example_external_task_marker_child to None, run_after=None
[2024-11-09T17:14:42.689+0000] {logging_mixin.py:137} INFO - [2024-11-09T17:14:42.689+0000] {dag.py:3441} INFO - Setting next_dagrun for example_external_task_marker_parent to None, run_after=None
[2024-11-09T17:14:42.704+0000] {processor.py:175} INFO - Processing /home/airflow/.local/lib/python3.7/site-packages/airflow/example_dags/example_external_task_marker_dag.py took 0.082 seconds
[2024-11-09T17:15:13.462+0000] {processor.py:153} INFO - Started process (PID=869) to work on /home/airflow/.local/lib/python3.7/site-packages/airflow/example_dags/example_external_task_marker_dag.py
[2024-11-09T17:15:13.464+0000] {processor.py:743} INFO - Processing file /home/airflow/.local/lib/python3.7/site-packages/airflow/example_dags/example_external_task_marker_dag.py for tasks to queue
[2024-11-09T17:15:13.465+0000] {logging_mixin.py:137} INFO - [2024-11-09T17:15:13.465+0000] {dagbag.py:538} INFO - Filling up the DagBag from /home/airflow/.local/lib/python3.7/site-packages/airflow/example_dags/example_external_task_marker_dag.py
[2024-11-09T17:15:13.484+0000] {processor.py:753} INFO - DAG(s) dict_keys(['example_external_task_marker_child', 'example_external_task_marker_parent']) retrieved from /home/airflow/.local/lib/python3.7/site-packages/airflow/example_dags/example_external_task_marker_dag.py
[2024-11-09T17:15:13.508+0000] {logging_mixin.py:137} INFO - [2024-11-09T17:15:13.508+0000] {dag.py:2690} INFO - Sync 2 DAGs
[2024-11-09T17:15:13.526+0000] {logging_mixin.py:137} INFO - [2024-11-09T17:15:13.526+0000] {dag.py:3441} INFO - Setting next_dagrun for example_external_task_marker_child to None, run_after=None
[2024-11-09T17:15:13.528+0000] {logging_mixin.py:137} INFO - [2024-11-09T17:15:13.528+0000] {dag.py:3441} INFO - Setting next_dagrun for example_external_task_marker_parent to None, run_after=None
[2024-11-09T17:15:13.537+0000] {processor.py:175} INFO - Processing /home/airflow/.local/lib/python3.7/site-packages/airflow/example_dags/example_external_task_marker_dag.py took 0.078 seconds
[2024-11-09T17:15:44.380+0000] {processor.py:153} INFO - Started process (PID=956) to work on /home/airflow/.local/lib/python3.7/site-packages/airflow/example_dags/example_external_task_marker_dag.py
[2024-11-09T17:15:44.382+0000] {processor.py:743} INFO - Processing file /home/airflow/.local/lib/python3.7/site-packages/airflow/example_dags/example_external_task_marker_dag.py for tasks to queue
[2024-11-09T17:15:44.383+0000] {logging_mixin.py:137} INFO - [2024-11-09T17:15:44.383+0000] {dagbag.py:538} INFO - Filling up the DagBag from /home/airflow/.local/lib/python3.7/site-packages/airflow/example_dags/example_external_task_marker_dag.py
[2024-11-09T17:15:44.401+0000] {processor.py:753} INFO - DAG(s) dict_keys(['example_external_task_marker_child', 'example_external_task_marker_parent']) retrieved from /home/airflow/.local/lib/python3.7/site-packages/airflow/example_dags/example_external_task_marker_dag.py
[2024-11-09T17:15:44.427+0000] {logging_mixin.py:137} INFO - [2024-11-09T17:15:44.426+0000] {dag.py:2690} INFO - Sync 2 DAGs
[2024-11-09T17:15:44.445+0000] {logging_mixin.py:137} INFO - [2024-11-09T17:15:44.445+0000] {dag.py:3441} INFO - Setting next_dagrun for example_external_task_marker_child to None, run_after=None
[2024-11-09T17:15:44.448+0000] {logging_mixin.py:137} INFO - [2024-11-09T17:15:44.448+0000] {dag.py:3441} INFO - Setting next_dagrun for example_external_task_marker_parent to None, run_after=None
[2024-11-09T17:15:44.463+0000] {processor.py:175} INFO - Processing /home/airflow/.local/lib/python3.7/site-packages/airflow/example_dags/example_external_task_marker_dag.py took 0.087 seconds
[2024-11-09T17:16:15.130+0000] {processor.py:153} INFO - Started process (PID=1027) to work on /home/airflow/.local/lib/python3.7/site-packages/airflow/example_dags/example_external_task_marker_dag.py
[2024-11-09T17:16:15.132+0000] {processor.py:743} INFO - Processing file /home/airflow/.local/lib/python3.7/site-packages/airflow/example_dags/example_external_task_marker_dag.py for tasks to queue
[2024-11-09T17:16:15.133+0000] {logging_mixin.py:137} INFO - [2024-11-09T17:16:15.133+0000] {dagbag.py:538} INFO - Filling up the DagBag from /home/airflow/.local/lib/python3.7/site-packages/airflow/example_dags/example_external_task_marker_dag.py
[2024-11-09T17:16:15.155+0000] {processor.py:753} INFO - DAG(s) dict_keys(['example_external_task_marker_child', 'example_external_task_marker_parent']) retrieved from /home/airflow/.local/lib/python3.7/site-packages/airflow/example_dags/example_external_task_marker_dag.py
[2024-11-09T17:16:15.183+0000] {logging_mixin.py:137} INFO - [2024-11-09T17:16:15.183+0000] {dag.py:2690} INFO - Sync 2 DAGs
[2024-11-09T17:16:15.206+0000] {logging_mixin.py:137} INFO - [2024-11-09T17:16:15.206+0000] {dag.py:3441} INFO - Setting next_dagrun for example_external_task_marker_child to None, run_after=None
[2024-11-09T17:16:15.208+0000] {logging_mixin.py:137} INFO - [2024-11-09T17:16:15.208+0000] {dag.py:3441} INFO - Setting next_dagrun for example_external_task_marker_parent to None, run_after=None
[2024-11-09T17:16:15.222+0000] {processor.py:175} INFO - Processing /home/airflow/.local/lib/python3.7/site-packages/airflow/example_dags/example_external_task_marker_dag.py took 0.097 seconds
[2024-11-09T17:16:46.188+0000] {processor.py:153} INFO - Started process (PID=1113) to work on /home/airflow/.local/lib/python3.7/site-packages/airflow/example_dags/example_external_task_marker_dag.py
[2024-11-09T17:16:46.191+0000] {processor.py:743} INFO - Processing file /home/airflow/.local/lib/python3.7/site-packages/airflow/example_dags/example_external_task_marker_dag.py for tasks to queue
[2024-11-09T17:16:46.193+0000] {logging_mixin.py:137} INFO - [2024-11-09T17:16:46.193+0000] {dagbag.py:538} INFO - Filling up the DagBag from /home/airflow/.local/lib/python3.7/site-packages/airflow/example_dags/example_external_task_marker_dag.py
[2024-11-09T17:16:46.214+0000] {processor.py:753} INFO - DAG(s) dict_keys(['example_external_task_marker_child', 'example_external_task_marker_parent']) retrieved from /home/airflow/.local/lib/python3.7/site-packages/airflow/example_dags/example_external_task_marker_dag.py
[2024-11-09T17:16:46.246+0000] {logging_mixin.py:137} INFO - [2024-11-09T17:16:46.246+0000] {dag.py:2690} INFO - Sync 2 DAGs
[2024-11-09T17:16:46.273+0000] {logging_mixin.py:137} INFO - [2024-11-09T17:16:46.273+0000] {dag.py:3441} INFO - Setting next_dagrun for example_external_task_marker_child to None, run_after=None
[2024-11-09T17:16:46.277+0000] {logging_mixin.py:137} INFO - [2024-11-09T17:16:46.277+0000] {dag.py:3441} INFO - Setting next_dagrun for example_external_task_marker_parent to None, run_after=None
[2024-11-09T17:16:46.290+0000] {processor.py:175} INFO - Processing /home/airflow/.local/lib/python3.7/site-packages/airflow/example_dags/example_external_task_marker_dag.py took 0.107 seconds
[2024-11-09T17:17:17.075+0000] {processor.py:153} INFO - Started process (PID=1200) to work on /home/airflow/.local/lib/python3.7/site-packages/airflow/example_dags/example_external_task_marker_dag.py
[2024-11-09T17:17:17.078+0000] {processor.py:743} INFO - Processing file /home/airflow/.local/lib/python3.7/site-packages/airflow/example_dags/example_external_task_marker_dag.py for tasks to queue
[2024-11-09T17:17:17.079+0000] {logging_mixin.py:137} INFO - [2024-11-09T17:17:17.079+0000] {dagbag.py:538} INFO - Filling up the DagBag from /home/airflow/.local/lib/python3.7/site-packages/airflow/example_dags/example_external_task_marker_dag.py
[2024-11-09T17:17:17.097+0000] {processor.py:753} INFO - DAG(s) dict_keys(['example_external_task_marker_parent', 'example_external_task_marker_child']) retrieved from /home/airflow/.local/lib/python3.7/site-packages/airflow/example_dags/example_external_task_marker_dag.py
[2024-11-09T17:17:17.121+0000] {logging_mixin.py:137} INFO - [2024-11-09T17:17:17.121+0000] {dag.py:2690} INFO - Sync 2 DAGs
[2024-11-09T17:17:17.137+0000] {logging_mixin.py:137} INFO - [2024-11-09T17:17:17.136+0000] {dag.py:3441} INFO - Setting next_dagrun for example_external_task_marker_child to None, run_after=None
[2024-11-09T17:17:17.138+0000] {logging_mixin.py:137} INFO - [2024-11-09T17:17:17.138+0000] {dag.py:3441} INFO - Setting next_dagrun for example_external_task_marker_parent to None, run_after=None
[2024-11-09T17:17:17.150+0000] {processor.py:175} INFO - Processing /home/airflow/.local/lib/python3.7/site-packages/airflow/example_dags/example_external_task_marker_dag.py took 0.079 seconds
[2024-11-09T17:17:47.879+0000] {processor.py:153} INFO - Started process (PID=1287) to work on /home/airflow/.local/lib/python3.7/site-packages/airflow/example_dags/example_external_task_marker_dag.py
[2024-11-09T17:17:47.882+0000] {processor.py:743} INFO - Processing file /home/airflow/.local/lib/python3.7/site-packages/airflow/example_dags/example_external_task_marker_dag.py for tasks to queue
[2024-11-09T17:17:47.882+0000] {logging_mixin.py:137} INFO - [2024-11-09T17:17:47.882+0000] {dagbag.py:538} INFO - Filling up the DagBag from /home/airflow/.local/lib/python3.7/site-packages/airflow/example_dags/example_external_task_marker_dag.py
[2024-11-09T17:17:47.902+0000] {processor.py:753} INFO - DAG(s) dict_keys(['example_external_task_marker_parent', 'example_external_task_marker_child']) retrieved from /home/airflow/.local/lib/python3.7/site-packages/airflow/example_dags/example_external_task_marker_dag.py
[2024-11-09T17:17:47.926+0000] {logging_mixin.py:137} INFO - [2024-11-09T17:17:47.926+0000] {dag.py:2690} INFO - Sync 2 DAGs
[2024-11-09T17:17:47.942+0000] {logging_mixin.py:137} INFO - [2024-11-09T17:17:47.942+0000] {dag.py:3441} INFO - Setting next_dagrun for example_external_task_marker_child to None, run_after=None
[2024-11-09T17:17:47.945+0000] {logging_mixin.py:137} INFO - [2024-11-09T17:17:47.944+0000] {dag.py:3441} INFO - Setting next_dagrun for example_external_task_marker_parent to None, run_after=None
[2024-11-09T17:17:47.956+0000] {processor.py:175} INFO - Processing /home/airflow/.local/lib/python3.7/site-packages/airflow/example_dags/example_external_task_marker_dag.py took 0.081 seconds
[2024-11-09T17:18:18.700+0000] {processor.py:153} INFO - Started process (PID=1358) to work on /home/airflow/.local/lib/python3.7/site-packages/airflow/example_dags/example_external_task_marker_dag.py
[2024-11-09T17:18:18.703+0000] {processor.py:743} INFO - Processing file /home/airflow/.local/lib/python3.7/site-packages/airflow/example_dags/example_external_task_marker_dag.py for tasks to queue
[2024-11-09T17:18:18.704+0000] {logging_mixin.py:137} INFO - [2024-11-09T17:18:18.704+0000] {dagbag.py:538} INFO - Filling up the DagBag from /home/airflow/.local/lib/python3.7/site-packages/airflow/example_dags/example_external_task_marker_dag.py
[2024-11-09T17:18:18.733+0000] {processor.py:753} INFO - DAG(s) dict_keys(['example_external_task_marker_child', 'example_external_task_marker_parent']) retrieved from /home/airflow/.local/lib/python3.7/site-packages/airflow/example_dags/example_external_task_marker_dag.py
[2024-11-09T17:18:18.760+0000] {logging_mixin.py:137} INFO - [2024-11-09T17:18:18.760+0000] {dag.py:2690} INFO - Sync 2 DAGs
[2024-11-09T17:18:18.775+0000] {logging_mixin.py:137} INFO - [2024-11-09T17:18:18.775+0000] {dag.py:3441} INFO - Setting next_dagrun for example_external_task_marker_child to None, run_after=None
[2024-11-09T17:18:18.777+0000] {logging_mixin.py:137} INFO - [2024-11-09T17:18:18.777+0000] {dag.py:3441} INFO - Setting next_dagrun for example_external_task_marker_parent to None, run_after=None
[2024-11-09T17:18:18.791+0000] {processor.py:175} INFO - Processing /home/airflow/.local/lib/python3.7/site-packages/airflow/example_dags/example_external_task_marker_dag.py took 0.099 seconds
[2024-11-09T17:18:49.696+0000] {processor.py:153} INFO - Started process (PID=1445) to work on /home/airflow/.local/lib/python3.7/site-packages/airflow/example_dags/example_external_task_marker_dag.py
[2024-11-09T17:18:49.698+0000] {processor.py:743} INFO - Processing file /home/airflow/.local/lib/python3.7/site-packages/airflow/example_dags/example_external_task_marker_dag.py for tasks to queue
[2024-11-09T17:18:49.699+0000] {logging_mixin.py:137} INFO - [2024-11-09T17:18:49.699+0000] {dagbag.py:538} INFO - Filling up the DagBag from /home/airflow/.local/lib/python3.7/site-packages/airflow/example_dags/example_external_task_marker_dag.py
[2024-11-09T17:18:49.724+0000] {processor.py:753} INFO - DAG(s) dict_keys(['example_external_task_marker_child', 'example_external_task_marker_parent']) retrieved from /home/airflow/.local/lib/python3.7/site-packages/airflow/example_dags/example_external_task_marker_dag.py
[2024-11-09T17:18:49.757+0000] {logging_mixin.py:137} INFO - [2024-11-09T17:18:49.757+0000] {dag.py:2690} INFO - Sync 2 DAGs
[2024-11-09T17:18:49.772+0000] {logging_mixin.py:137} INFO - [2024-11-09T17:18:49.772+0000] {dag.py:3441} INFO - Setting next_dagrun for example_external_task_marker_child to None, run_after=None
[2024-11-09T17:18:49.774+0000] {logging_mixin.py:137} INFO - [2024-11-09T17:18:49.774+0000] {dag.py:3441} INFO - Setting next_dagrun for example_external_task_marker_parent to None, run_after=None
[2024-11-09T17:18:49.786+0000] {processor.py:175} INFO - Processing /home/airflow/.local/lib/python3.7/site-packages/airflow/example_dags/example_external_task_marker_dag.py took 0.096 seconds
[2024-11-09T17:19:20.445+0000] {processor.py:153} INFO - Started process (PID=1532) to work on /home/airflow/.local/lib/python3.7/site-packages/airflow/example_dags/example_external_task_marker_dag.py
[2024-11-09T17:19:20.448+0000] {processor.py:743} INFO - Processing file /home/airflow/.local/lib/python3.7/site-packages/airflow/example_dags/example_external_task_marker_dag.py for tasks to queue
[2024-11-09T17:19:20.451+0000] {logging_mixin.py:137} INFO - [2024-11-09T17:19:20.451+0000] {dagbag.py:538} INFO - Filling up the DagBag from /home/airflow/.local/lib/python3.7/site-packages/airflow/example_dags/example_external_task_marker_dag.py
[2024-11-09T17:19:20.477+0000] {processor.py:753} INFO - DAG(s) dict_keys(['example_external_task_marker_parent', 'example_external_task_marker_child']) retrieved from /home/airflow/.local/lib/python3.7/site-packages/airflow/example_dags/example_external_task_marker_dag.py
[2024-11-09T17:19:20.506+0000] {logging_mixin.py:137} INFO - [2024-11-09T17:19:20.506+0000] {dag.py:2690} INFO - Sync 2 DAGs
[2024-11-09T17:19:20.525+0000] {logging_mixin.py:137} INFO - [2024-11-09T17:19:20.525+0000] {dag.py:3441} INFO - Setting next_dagrun for example_external_task_marker_child to None, run_after=None
[2024-11-09T17:19:20.528+0000] {logging_mixin.py:137} INFO - [2024-11-09T17:19:20.528+0000] {dag.py:3441} INFO - Setting next_dagrun for example_external_task_marker_parent to None, run_after=None
[2024-11-09T17:19:20.548+0000] {processor.py:175} INFO - Processing /home/airflow/.local/lib/python3.7/site-packages/airflow/example_dags/example_external_task_marker_dag.py took 0.112 seconds
[2024-11-09T17:19:51.389+0000] {processor.py:153} INFO - Started process (PID=1610) to work on /home/airflow/.local/lib/python3.7/site-packages/airflow/example_dags/example_external_task_marker_dag.py
[2024-11-09T17:19:51.390+0000] {processor.py:743} INFO - Processing file /home/airflow/.local/lib/python3.7/site-packages/airflow/example_dags/example_external_task_marker_dag.py for tasks to queue
[2024-11-09T17:19:51.392+0000] {logging_mixin.py:137} INFO - [2024-11-09T17:19:51.392+0000] {dagbag.py:538} INFO - Filling up the DagBag from /home/airflow/.local/lib/python3.7/site-packages/airflow/example_dags/example_external_task_marker_dag.py
[2024-11-09T17:19:51.413+0000] {processor.py:753} INFO - DAG(s) dict_keys(['example_external_task_marker_parent', 'example_external_task_marker_child']) retrieved from /home/airflow/.local/lib/python3.7/site-packages/airflow/example_dags/example_external_task_marker_dag.py
[2024-11-09T17:19:51.443+0000] {logging_mixin.py:137} INFO - [2024-11-09T17:19:51.443+0000] {dag.py:2690} INFO - Sync 2 DAGs
[2024-11-09T17:19:51.459+0000] {logging_mixin.py:137} INFO - [2024-11-09T17:19:51.459+0000] {dag.py:3441} INFO - Setting next_dagrun for example_external_task_marker_child to None, run_after=None
[2024-11-09T17:19:51.464+0000] {logging_mixin.py:137} INFO - [2024-11-09T17:19:51.464+0000] {dag.py:3441} INFO - Setting next_dagrun for example_external_task_marker_parent to None, run_after=None
[2024-11-09T17:19:51.479+0000] {processor.py:175} INFO - Processing /home/airflow/.local/lib/python3.7/site-packages/airflow/example_dags/example_external_task_marker_dag.py took 0.096 seconds
[2024-11-09T17:20:22.440+0000] {processor.py:153} INFO - Started process (PID=1699) to work on /home/airflow/.local/lib/python3.7/site-packages/airflow/example_dags/example_external_task_marker_dag.py
[2024-11-09T17:20:22.443+0000] {processor.py:743} INFO - Processing file /home/airflow/.local/lib/python3.7/site-packages/airflow/example_dags/example_external_task_marker_dag.py for tasks to queue
[2024-11-09T17:20:22.443+0000] {logging_mixin.py:137} INFO - [2024-11-09T17:20:22.443+0000] {dagbag.py:538} INFO - Filling up the DagBag from /home/airflow/.local/lib/python3.7/site-packages/airflow/example_dags/example_external_task_marker_dag.py
[2024-11-09T17:20:22.458+0000] {processor.py:753} INFO - DAG(s) dict_keys(['example_external_task_marker_child', 'example_external_task_marker_parent']) retrieved from /home/airflow/.local/lib/python3.7/site-packages/airflow/example_dags/example_external_task_marker_dag.py
[2024-11-09T17:20:22.482+0000] {logging_mixin.py:137} INFO - [2024-11-09T17:20:22.482+0000] {dag.py:2690} INFO - Sync 2 DAGs
[2024-11-09T17:20:22.503+0000] {logging_mixin.py:137} INFO - [2024-11-09T17:20:22.503+0000] {dag.py:3441} INFO - Setting next_dagrun for example_external_task_marker_child to None, run_after=None
[2024-11-09T17:20:22.505+0000] {logging_mixin.py:137} INFO - [2024-11-09T17:20:22.505+0000] {dag.py:3441} INFO - Setting next_dagrun for example_external_task_marker_parent to None, run_after=None
[2024-11-09T17:20:22.517+0000] {processor.py:175} INFO - Processing /home/airflow/.local/lib/python3.7/site-packages/airflow/example_dags/example_external_task_marker_dag.py took 0.080 seconds
[2024-11-09T17:20:50.566+0000] {processor.py:153} INFO - Started process (PID=38) to work on /home/airflow/.local/lib/python3.7/site-packages/airflow/example_dags/example_external_task_marker_dag.py
[2024-11-09T17:20:50.568+0000] {processor.py:743} INFO - Processing file /home/airflow/.local/lib/python3.7/site-packages/airflow/example_dags/example_external_task_marker_dag.py for tasks to queue
[2024-11-09T17:20:50.568+0000] {logging_mixin.py:137} INFO - [2024-11-09T17:20:50.568+0000] {dagbag.py:538} INFO - Filling up the DagBag from /home/airflow/.local/lib/python3.7/site-packages/airflow/example_dags/example_external_task_marker_dag.py
[2024-11-09T17:20:50.580+0000] {processor.py:753} INFO - DAG(s) dict_keys(['example_external_task_marker_child', 'example_external_task_marker_parent']) retrieved from /home/airflow/.local/lib/python3.7/site-packages/airflow/example_dags/example_external_task_marker_dag.py
[2024-11-09T17:20:50.609+0000] {logging_mixin.py:137} INFO - [2024-11-09T17:20:50.609+0000] {dag.py:2690} INFO - Sync 2 DAGs
[2024-11-09T17:20:50.627+0000] {logging_mixin.py:137} INFO - [2024-11-09T17:20:50.627+0000] {dag.py:3441} INFO - Setting next_dagrun for example_external_task_marker_child to None, run_after=None
[2024-11-09T17:20:50.631+0000] {logging_mixin.py:137} INFO - [2024-11-09T17:20:50.631+0000] {dag.py:3441} INFO - Setting next_dagrun for example_external_task_marker_parent to None, run_after=None
[2024-11-09T17:20:50.655+0000] {processor.py:175} INFO - Processing /home/airflow/.local/lib/python3.7/site-packages/airflow/example_dags/example_external_task_marker_dag.py took 0.092 seconds
[2024-11-09T17:21:21.515+0000] {processor.py:153} INFO - Started process (PID=125) to work on /home/airflow/.local/lib/python3.7/site-packages/airflow/example_dags/example_external_task_marker_dag.py
[2024-11-09T17:21:21.517+0000] {processor.py:743} INFO - Processing file /home/airflow/.local/lib/python3.7/site-packages/airflow/example_dags/example_external_task_marker_dag.py for tasks to queue
[2024-11-09T17:21:21.520+0000] {logging_mixin.py:137} INFO - [2024-11-09T17:21:21.520+0000] {dagbag.py:538} INFO - Filling up the DagBag from /home/airflow/.local/lib/python3.7/site-packages/airflow/example_dags/example_external_task_marker_dag.py
[2024-11-09T17:21:21.549+0000] {processor.py:753} INFO - DAG(s) dict_keys(['example_external_task_marker_parent', 'example_external_task_marker_child']) retrieved from /home/airflow/.local/lib/python3.7/site-packages/airflow/example_dags/example_external_task_marker_dag.py
[2024-11-09T17:21:21.597+0000] {logging_mixin.py:137} INFO - [2024-11-09T17:21:21.597+0000] {dag.py:2690} INFO - Sync 2 DAGs
[2024-11-09T17:21:21.610+0000] {logging_mixin.py:137} INFO - [2024-11-09T17:21:21.610+0000] {dag.py:3441} INFO - Setting next_dagrun for example_external_task_marker_child to None, run_after=None
[2024-11-09T17:21:21.615+0000] {logging_mixin.py:137} INFO - [2024-11-09T17:21:21.615+0000] {dag.py:3441} INFO - Setting next_dagrun for example_external_task_marker_parent to None, run_after=None
[2024-11-09T17:21:21.625+0000] {processor.py:175} INFO - Processing /home/airflow/.local/lib/python3.7/site-packages/airflow/example_dags/example_external_task_marker_dag.py took 0.114 seconds
[2024-11-09T17:21:52.296+0000] {processor.py:153} INFO - Started process (PID=196) to work on /home/airflow/.local/lib/python3.7/site-packages/airflow/example_dags/example_external_task_marker_dag.py
[2024-11-09T17:21:52.297+0000] {processor.py:743} INFO - Processing file /home/airflow/.local/lib/python3.7/site-packages/airflow/example_dags/example_external_task_marker_dag.py for tasks to queue
[2024-11-09T17:21:52.298+0000] {logging_mixin.py:137} INFO - [2024-11-09T17:21:52.298+0000] {dagbag.py:538} INFO - Filling up the DagBag from /home/airflow/.local/lib/python3.7/site-packages/airflow/example_dags/example_external_task_marker_dag.py
[2024-11-09T17:21:52.318+0000] {processor.py:753} INFO - DAG(s) dict_keys(['example_external_task_marker_child', 'example_external_task_marker_parent']) retrieved from /home/airflow/.local/lib/python3.7/site-packages/airflow/example_dags/example_external_task_marker_dag.py
[2024-11-09T17:21:52.359+0000] {logging_mixin.py:137} INFO - [2024-11-09T17:21:52.359+0000] {dag.py:2690} INFO - Sync 2 DAGs
[2024-11-09T17:21:52.374+0000] {logging_mixin.py:137} INFO - [2024-11-09T17:21:52.374+0000] {dag.py:3441} INFO - Setting next_dagrun for example_external_task_marker_child to None, run_after=None
[2024-11-09T17:21:52.376+0000] {logging_mixin.py:137} INFO - [2024-11-09T17:21:52.376+0000] {dag.py:3441} INFO - Setting next_dagrun for example_external_task_marker_parent to None, run_after=None
[2024-11-09T17:21:52.391+0000] {processor.py:175} INFO - Processing /home/airflow/.local/lib/python3.7/site-packages/airflow/example_dags/example_external_task_marker_dag.py took 0.103 seconds
[2024-11-09T17:22:23.322+0000] {processor.py:153} INFO - Started process (PID=283) to work on /home/airflow/.local/lib/python3.7/site-packages/airflow/example_dags/example_external_task_marker_dag.py
[2024-11-09T17:22:23.325+0000] {processor.py:743} INFO - Processing file /home/airflow/.local/lib/python3.7/site-packages/airflow/example_dags/example_external_task_marker_dag.py for tasks to queue
[2024-11-09T17:22:23.328+0000] {logging_mixin.py:137} INFO - [2024-11-09T17:22:23.327+0000] {dagbag.py:538} INFO - Filling up the DagBag from /home/airflow/.local/lib/python3.7/site-packages/airflow/example_dags/example_external_task_marker_dag.py
[2024-11-09T17:22:23.381+0000] {processor.py:753} INFO - DAG(s) dict_keys(['example_external_task_marker_child', 'example_external_task_marker_parent']) retrieved from /home/airflow/.local/lib/python3.7/site-packages/airflow/example_dags/example_external_task_marker_dag.py
[2024-11-09T17:22:23.409+0000] {logging_mixin.py:137} INFO - [2024-11-09T17:22:23.409+0000] {dag.py:2690} INFO - Sync 2 DAGs
[2024-11-09T17:22:23.426+0000] {logging_mixin.py:137} INFO - [2024-11-09T17:22:23.426+0000] {dag.py:3441} INFO - Setting next_dagrun for example_external_task_marker_child to None, run_after=None
[2024-11-09T17:22:23.428+0000] {logging_mixin.py:137} INFO - [2024-11-09T17:22:23.428+0000] {dag.py:3441} INFO - Setting next_dagrun for example_external_task_marker_parent to None, run_after=None
[2024-11-09T17:22:23.442+0000] {processor.py:175} INFO - Processing /home/airflow/.local/lib/python3.7/site-packages/airflow/example_dags/example_external_task_marker_dag.py took 0.130 seconds
[2024-11-09T17:22:54.229+0000] {processor.py:153} INFO - Started process (PID=370) to work on /home/airflow/.local/lib/python3.7/site-packages/airflow/example_dags/example_external_task_marker_dag.py
[2024-11-09T17:22:54.231+0000] {processor.py:743} INFO - Processing file /home/airflow/.local/lib/python3.7/site-packages/airflow/example_dags/example_external_task_marker_dag.py for tasks to queue
[2024-11-09T17:22:54.232+0000] {logging_mixin.py:137} INFO - [2024-11-09T17:22:54.232+0000] {dagbag.py:538} INFO - Filling up the DagBag from /home/airflow/.local/lib/python3.7/site-packages/airflow/example_dags/example_external_task_marker_dag.py
[2024-11-09T17:22:54.248+0000] {processor.py:753} INFO - DAG(s) dict_keys(['example_external_task_marker_parent', 'example_external_task_marker_child']) retrieved from /home/airflow/.local/lib/python3.7/site-packages/airflow/example_dags/example_external_task_marker_dag.py
[2024-11-09T17:22:54.276+0000] {logging_mixin.py:137} INFO - [2024-11-09T17:22:54.276+0000] {dag.py:2690} INFO - Sync 2 DAGs
[2024-11-09T17:22:54.294+0000] {logging_mixin.py:137} INFO - [2024-11-09T17:22:54.294+0000] {dag.py:3441} INFO - Setting next_dagrun for example_external_task_marker_child to None, run_after=None
[2024-11-09T17:22:54.298+0000] {logging_mixin.py:137} INFO - [2024-11-09T17:22:54.298+0000] {dag.py:3441} INFO - Setting next_dagrun for example_external_task_marker_parent to None, run_after=None
[2024-11-09T17:22:54.311+0000] {processor.py:175} INFO - Processing /home/airflow/.local/lib/python3.7/site-packages/airflow/example_dags/example_external_task_marker_dag.py took 0.087 seconds
[2024-11-09T17:23:25.050+0000] {processor.py:153} INFO - Started process (PID=441) to work on /home/airflow/.local/lib/python3.7/site-packages/airflow/example_dags/example_external_task_marker_dag.py
[2024-11-09T17:23:25.051+0000] {processor.py:743} INFO - Processing file /home/airflow/.local/lib/python3.7/site-packages/airflow/example_dags/example_external_task_marker_dag.py for tasks to queue
[2024-11-09T17:23:25.052+0000] {logging_mixin.py:137} INFO - [2024-11-09T17:23:25.051+0000] {dagbag.py:538} INFO - Filling up the DagBag from /home/airflow/.local/lib/python3.7/site-packages/airflow/example_dags/example_external_task_marker_dag.py
[2024-11-09T17:23:25.069+0000] {processor.py:753} INFO - DAG(s) dict_keys(['example_external_task_marker_child', 'example_external_task_marker_parent']) retrieved from /home/airflow/.local/lib/python3.7/site-packages/airflow/example_dags/example_external_task_marker_dag.py
[2024-11-09T17:23:25.090+0000] {logging_mixin.py:137} INFO - [2024-11-09T17:23:25.090+0000] {dag.py:2690} INFO - Sync 2 DAGs
[2024-11-09T17:23:25.107+0000] {logging_mixin.py:137} INFO - [2024-11-09T17:23:25.107+0000] {dag.py:3441} INFO - Setting next_dagrun for example_external_task_marker_child to None, run_after=None
[2024-11-09T17:23:25.110+0000] {logging_mixin.py:137} INFO - [2024-11-09T17:23:25.110+0000] {dag.py:3441} INFO - Setting next_dagrun for example_external_task_marker_parent to None, run_after=None
[2024-11-09T17:23:25.122+0000] {processor.py:175} INFO - Processing /home/airflow/.local/lib/python3.7/site-packages/airflow/example_dags/example_external_task_marker_dag.py took 0.077 seconds
[2024-11-09T17:23:55.992+0000] {processor.py:153} INFO - Started process (PID=528) to work on /home/airflow/.local/lib/python3.7/site-packages/airflow/example_dags/example_external_task_marker_dag.py
[2024-11-09T17:23:55.994+0000] {processor.py:743} INFO - Processing file /home/airflow/.local/lib/python3.7/site-packages/airflow/example_dags/example_external_task_marker_dag.py for tasks to queue
[2024-11-09T17:23:55.996+0000] {logging_mixin.py:137} INFO - [2024-11-09T17:23:55.996+0000] {dagbag.py:538} INFO - Filling up the DagBag from /home/airflow/.local/lib/python3.7/site-packages/airflow/example_dags/example_external_task_marker_dag.py
[2024-11-09T17:23:56.039+0000] {processor.py:753} INFO - DAG(s) dict_keys(['example_external_task_marker_child', 'example_external_task_marker_parent']) retrieved from /home/airflow/.local/lib/python3.7/site-packages/airflow/example_dags/example_external_task_marker_dag.py
[2024-11-09T17:23:56.103+0000] {logging_mixin.py:137} INFO - [2024-11-09T17:23:56.102+0000] {dag.py:2690} INFO - Sync 2 DAGs
[2024-11-09T17:23:56.132+0000] {logging_mixin.py:137} INFO - [2024-11-09T17:23:56.131+0000] {dag.py:3441} INFO - Setting next_dagrun for example_external_task_marker_child to None, run_after=None
[2024-11-09T17:23:56.138+0000] {logging_mixin.py:137} INFO - [2024-11-09T17:23:56.138+0000] {dag.py:3441} INFO - Setting next_dagrun for example_external_task_marker_parent to None, run_after=None
[2024-11-09T17:23:56.175+0000] {processor.py:175} INFO - Processing /home/airflow/.local/lib/python3.7/site-packages/airflow/example_dags/example_external_task_marker_dag.py took 0.192 seconds
[2024-11-09T17:28:52.759+0000] {processor.py:153} INFO - Started process (PID=38) to work on /home/airflow/.local/lib/python3.7/site-packages/airflow/example_dags/example_external_task_marker_dag.py
[2024-11-09T17:28:52.761+0000] {processor.py:743} INFO - Processing file /home/airflow/.local/lib/python3.7/site-packages/airflow/example_dags/example_external_task_marker_dag.py for tasks to queue
[2024-11-09T17:28:52.763+0000] {logging_mixin.py:137} INFO - [2024-11-09T17:28:52.763+0000] {dagbag.py:538} INFO - Filling up the DagBag from /home/airflow/.local/lib/python3.7/site-packages/airflow/example_dags/example_external_task_marker_dag.py
[2024-11-09T17:28:52.783+0000] {processor.py:753} INFO - DAG(s) dict_keys(['example_external_task_marker_child', 'example_external_task_marker_parent']) retrieved from /home/airflow/.local/lib/python3.7/site-packages/airflow/example_dags/example_external_task_marker_dag.py
[2024-11-09T17:28:52.837+0000] {logging_mixin.py:137} INFO - [2024-11-09T17:28:52.836+0000] {dag.py:2690} INFO - Sync 2 DAGs
[2024-11-09T17:28:52.860+0000] {logging_mixin.py:137} INFO - [2024-11-09T17:28:52.860+0000] {dag.py:3441} INFO - Setting next_dagrun for example_external_task_marker_child to None, run_after=None
[2024-11-09T17:28:52.863+0000] {logging_mixin.py:137} INFO - [2024-11-09T17:28:52.863+0000] {dag.py:3441} INFO - Setting next_dagrun for example_external_task_marker_parent to None, run_after=None
[2024-11-09T17:28:52.881+0000] {processor.py:175} INFO - Processing /home/airflow/.local/lib/python3.7/site-packages/airflow/example_dags/example_external_task_marker_dag.py took 0.126 seconds
[2024-11-09T17:29:23.499+0000] {processor.py:153} INFO - Started process (PID=125) to work on /home/airflow/.local/lib/python3.7/site-packages/airflow/example_dags/example_external_task_marker_dag.py
[2024-11-09T17:29:23.503+0000] {processor.py:743} INFO - Processing file /home/airflow/.local/lib/python3.7/site-packages/airflow/example_dags/example_external_task_marker_dag.py for tasks to queue
[2024-11-09T17:29:23.505+0000] {logging_mixin.py:137} INFO - [2024-11-09T17:29:23.505+0000] {dagbag.py:538} INFO - Filling up the DagBag from /home/airflow/.local/lib/python3.7/site-packages/airflow/example_dags/example_external_task_marker_dag.py
[2024-11-09T17:29:23.515+0000] {processor.py:753} INFO - DAG(s) dict_keys(['example_external_task_marker_child', 'example_external_task_marker_parent']) retrieved from /home/airflow/.local/lib/python3.7/site-packages/airflow/example_dags/example_external_task_marker_dag.py
[2024-11-09T17:29:23.563+0000] {logging_mixin.py:137} INFO - [2024-11-09T17:29:23.563+0000] {dag.py:2690} INFO - Sync 2 DAGs
[2024-11-09T17:29:23.578+0000] {logging_mixin.py:137} INFO - [2024-11-09T17:29:23.578+0000] {dag.py:3441} INFO - Setting next_dagrun for example_external_task_marker_child to None, run_after=None
[2024-11-09T17:29:23.580+0000] {logging_mixin.py:137} INFO - [2024-11-09T17:29:23.580+0000] {dag.py:3441} INFO - Setting next_dagrun for example_external_task_marker_parent to None, run_after=None
[2024-11-09T17:29:23.590+0000] {processor.py:175} INFO - Processing /home/airflow/.local/lib/python3.7/site-packages/airflow/example_dags/example_external_task_marker_dag.py took 0.094 seconds
[2024-11-09T17:29:54.304+0000] {processor.py:153} INFO - Started process (PID=196) to work on /home/airflow/.local/lib/python3.7/site-packages/airflow/example_dags/example_external_task_marker_dag.py
[2024-11-09T17:29:54.305+0000] {processor.py:743} INFO - Processing file /home/airflow/.local/lib/python3.7/site-packages/airflow/example_dags/example_external_task_marker_dag.py for tasks to queue
[2024-11-09T17:29:54.307+0000] {logging_mixin.py:137} INFO - [2024-11-09T17:29:54.307+0000] {dagbag.py:538} INFO - Filling up the DagBag from /home/airflow/.local/lib/python3.7/site-packages/airflow/example_dags/example_external_task_marker_dag.py
[2024-11-09T17:29:54.326+0000] {processor.py:753} INFO - DAG(s) dict_keys(['example_external_task_marker_child', 'example_external_task_marker_parent']) retrieved from /home/airflow/.local/lib/python3.7/site-packages/airflow/example_dags/example_external_task_marker_dag.py
[2024-11-09T17:29:54.356+0000] {logging_mixin.py:137} INFO - [2024-11-09T17:29:54.355+0000] {dag.py:2690} INFO - Sync 2 DAGs
[2024-11-09T17:29:54.374+0000] {logging_mixin.py:137} INFO - [2024-11-09T17:29:54.374+0000] {dag.py:3441} INFO - Setting next_dagrun for example_external_task_marker_child to None, run_after=None
[2024-11-09T17:29:54.378+0000] {logging_mixin.py:137} INFO - [2024-11-09T17:29:54.378+0000] {dag.py:3441} INFO - Setting next_dagrun for example_external_task_marker_parent to None, run_after=None
[2024-11-09T17:29:54.390+0000] {processor.py:175} INFO - Processing /home/airflow/.local/lib/python3.7/site-packages/airflow/example_dags/example_external_task_marker_dag.py took 0.091 seconds
[2024-11-09T17:30:13.681+0000] {processor.py:153} INFO - Started process (PID=38) to work on /home/airflow/.local/lib/python3.7/site-packages/airflow/example_dags/example_external_task_marker_dag.py
[2024-11-09T17:30:13.684+0000] {processor.py:743} INFO - Processing file /home/airflow/.local/lib/python3.7/site-packages/airflow/example_dags/example_external_task_marker_dag.py for tasks to queue
[2024-11-09T17:30:13.686+0000] {logging_mixin.py:137} INFO - [2024-11-09T17:30:13.686+0000] {dagbag.py:538} INFO - Filling up the DagBag from /home/airflow/.local/lib/python3.7/site-packages/airflow/example_dags/example_external_task_marker_dag.py
[2024-11-09T17:30:13.717+0000] {processor.py:753} INFO - DAG(s) dict_keys(['example_external_task_marker_child', 'example_external_task_marker_parent']) retrieved from /home/airflow/.local/lib/python3.7/site-packages/airflow/example_dags/example_external_task_marker_dag.py
[2024-11-09T17:30:13.748+0000] {logging_mixin.py:137} INFO - [2024-11-09T17:30:13.748+0000] {dag.py:2690} INFO - Sync 2 DAGs
[2024-11-09T17:30:13.769+0000] {logging_mixin.py:137} INFO - [2024-11-09T17:30:13.769+0000] {dag.py:3441} INFO - Setting next_dagrun for example_external_task_marker_child to None, run_after=None
[2024-11-09T17:30:13.774+0000] {logging_mixin.py:137} INFO - [2024-11-09T17:30:13.773+0000] {dag.py:3441} INFO - Setting next_dagrun for example_external_task_marker_parent to None, run_after=None
[2024-11-09T17:30:13.791+0000] {processor.py:175} INFO - Processing /home/airflow/.local/lib/python3.7/site-packages/airflow/example_dags/example_external_task_marker_dag.py took 0.114 seconds
[2024-11-09T17:30:44.586+0000] {processor.py:153} INFO - Started process (PID=125) to work on /home/airflow/.local/lib/python3.7/site-packages/airflow/example_dags/example_external_task_marker_dag.py
[2024-11-09T17:30:44.591+0000] {processor.py:743} INFO - Processing file /home/airflow/.local/lib/python3.7/site-packages/airflow/example_dags/example_external_task_marker_dag.py for tasks to queue
[2024-11-09T17:30:44.592+0000] {logging_mixin.py:137} INFO - [2024-11-09T17:30:44.592+0000] {dagbag.py:538} INFO - Filling up the DagBag from /home/airflow/.local/lib/python3.7/site-packages/airflow/example_dags/example_external_task_marker_dag.py
[2024-11-09T17:30:44.627+0000] {processor.py:753} INFO - DAG(s) dict_keys(['example_external_task_marker_child', 'example_external_task_marker_parent']) retrieved from /home/airflow/.local/lib/python3.7/site-packages/airflow/example_dags/example_external_task_marker_dag.py
[2024-11-09T17:30:44.654+0000] {logging_mixin.py:137} INFO - [2024-11-09T17:30:44.654+0000] {dag.py:2690} INFO - Sync 2 DAGs
[2024-11-09T17:30:44.671+0000] {logging_mixin.py:137} INFO - [2024-11-09T17:30:44.671+0000] {dag.py:3441} INFO - Setting next_dagrun for example_external_task_marker_child to None, run_after=None
[2024-11-09T17:30:44.674+0000] {logging_mixin.py:137} INFO - [2024-11-09T17:30:44.674+0000] {dag.py:3441} INFO - Setting next_dagrun for example_external_task_marker_parent to None, run_after=None
[2024-11-09T17:30:44.684+0000] {processor.py:175} INFO - Processing /home/airflow/.local/lib/python3.7/site-packages/airflow/example_dags/example_external_task_marker_dag.py took 0.103 seconds
[2024-11-09T17:31:15.279+0000] {processor.py:153} INFO - Started process (PID=196) to work on /home/airflow/.local/lib/python3.7/site-packages/airflow/example_dags/example_external_task_marker_dag.py
[2024-11-09T17:31:15.282+0000] {processor.py:743} INFO - Processing file /home/airflow/.local/lib/python3.7/site-packages/airflow/example_dags/example_external_task_marker_dag.py for tasks to queue
[2024-11-09T17:31:15.283+0000] {logging_mixin.py:137} INFO - [2024-11-09T17:31:15.283+0000] {dagbag.py:538} INFO - Filling up the DagBag from /home/airflow/.local/lib/python3.7/site-packages/airflow/example_dags/example_external_task_marker_dag.py
[2024-11-09T17:31:15.303+0000] {processor.py:753} INFO - DAG(s) dict_keys(['example_external_task_marker_parent', 'example_external_task_marker_child']) retrieved from /home/airflow/.local/lib/python3.7/site-packages/airflow/example_dags/example_external_task_marker_dag.py
[2024-11-09T17:31:15.327+0000] {logging_mixin.py:137} INFO - [2024-11-09T17:31:15.327+0000] {dag.py:2690} INFO - Sync 2 DAGs
[2024-11-09T17:31:15.343+0000] {logging_mixin.py:137} INFO - [2024-11-09T17:31:15.343+0000] {dag.py:3441} INFO - Setting next_dagrun for example_external_task_marker_child to None, run_after=None
[2024-11-09T17:31:15.345+0000] {logging_mixin.py:137} INFO - [2024-11-09T17:31:15.345+0000] {dag.py:3441} INFO - Setting next_dagrun for example_external_task_marker_parent to None, run_after=None
[2024-11-09T17:31:15.357+0000] {processor.py:175} INFO - Processing /home/airflow/.local/lib/python3.7/site-packages/airflow/example_dags/example_external_task_marker_dag.py took 0.083 seconds
[2024-11-09T17:31:45.873+0000] {processor.py:153} INFO - Started process (PID=283) to work on /home/airflow/.local/lib/python3.7/site-packages/airflow/example_dags/example_external_task_marker_dag.py
[2024-11-09T17:31:45.874+0000] {processor.py:743} INFO - Processing file /home/airflow/.local/lib/python3.7/site-packages/airflow/example_dags/example_external_task_marker_dag.py for tasks to queue
[2024-11-09T17:31:45.878+0000] {logging_mixin.py:137} INFO - [2024-11-09T17:31:45.878+0000] {dagbag.py:538} INFO - Filling up the DagBag from /home/airflow/.local/lib/python3.7/site-packages/airflow/example_dags/example_external_task_marker_dag.py
[2024-11-09T17:31:45.896+0000] {processor.py:753} INFO - DAG(s) dict_keys(['example_external_task_marker_child', 'example_external_task_marker_parent']) retrieved from /home/airflow/.local/lib/python3.7/site-packages/airflow/example_dags/example_external_task_marker_dag.py
[2024-11-09T17:31:45.926+0000] {logging_mixin.py:137} INFO - [2024-11-09T17:31:45.926+0000] {dag.py:2690} INFO - Sync 2 DAGs
[2024-11-09T17:31:45.944+0000] {logging_mixin.py:137} INFO - [2024-11-09T17:31:45.944+0000] {dag.py:3441} INFO - Setting next_dagrun for example_external_task_marker_child to None, run_after=None
[2024-11-09T17:31:45.949+0000] {logging_mixin.py:137} INFO - [2024-11-09T17:31:45.949+0000] {dag.py:3441} INFO - Setting next_dagrun for example_external_task_marker_parent to None, run_after=None
[2024-11-09T17:31:45.957+0000] {processor.py:175} INFO - Processing /home/airflow/.local/lib/python3.7/site-packages/airflow/example_dags/example_external_task_marker_dag.py took 0.092 seconds
[2024-11-09T17:32:16.507+0000] {processor.py:153} INFO - Started process (PID=370) to work on /home/airflow/.local/lib/python3.7/site-packages/airflow/example_dags/example_external_task_marker_dag.py
[2024-11-09T17:32:16.509+0000] {processor.py:743} INFO - Processing file /home/airflow/.local/lib/python3.7/site-packages/airflow/example_dags/example_external_task_marker_dag.py for tasks to queue
[2024-11-09T17:32:16.511+0000] {logging_mixin.py:137} INFO - [2024-11-09T17:32:16.511+0000] {dagbag.py:538} INFO - Filling up the DagBag from /home/airflow/.local/lib/python3.7/site-packages/airflow/example_dags/example_external_task_marker_dag.py
[2024-11-09T17:32:16.526+0000] {processor.py:753} INFO - DAG(s) dict_keys(['example_external_task_marker_parent', 'example_external_task_marker_child']) retrieved from /home/airflow/.local/lib/python3.7/site-packages/airflow/example_dags/example_external_task_marker_dag.py
[2024-11-09T17:32:16.549+0000] {logging_mixin.py:137} INFO - [2024-11-09T17:32:16.549+0000] {dag.py:2690} INFO - Sync 2 DAGs
[2024-11-09T17:32:16.576+0000] {logging_mixin.py:137} INFO - [2024-11-09T17:32:16.576+0000] {dag.py:3441} INFO - Setting next_dagrun for example_external_task_marker_child to None, run_after=None
[2024-11-09T17:32:16.578+0000] {logging_mixin.py:137} INFO - [2024-11-09T17:32:16.578+0000] {dag.py:3441} INFO - Setting next_dagrun for example_external_task_marker_parent to None, run_after=None
[2024-11-09T17:32:16.587+0000] {processor.py:175} INFO - Processing /home/airflow/.local/lib/python3.7/site-packages/airflow/example_dags/example_external_task_marker_dag.py took 0.084 seconds
[2024-11-09T17:32:47.161+0000] {processor.py:153} INFO - Started process (PID=441) to work on /home/airflow/.local/lib/python3.7/site-packages/airflow/example_dags/example_external_task_marker_dag.py
[2024-11-09T17:32:47.162+0000] {processor.py:743} INFO - Processing file /home/airflow/.local/lib/python3.7/site-packages/airflow/example_dags/example_external_task_marker_dag.py for tasks to queue
[2024-11-09T17:32:47.165+0000] {logging_mixin.py:137} INFO - [2024-11-09T17:32:47.165+0000] {dagbag.py:538} INFO - Filling up the DagBag from /home/airflow/.local/lib/python3.7/site-packages/airflow/example_dags/example_external_task_marker_dag.py
[2024-11-09T17:32:47.191+0000] {processor.py:753} INFO - DAG(s) dict_keys(['example_external_task_marker_child', 'example_external_task_marker_parent']) retrieved from /home/airflow/.local/lib/python3.7/site-packages/airflow/example_dags/example_external_task_marker_dag.py
[2024-11-09T17:32:47.227+0000] {logging_mixin.py:137} INFO - [2024-11-09T17:32:47.227+0000] {dag.py:2690} INFO - Sync 2 DAGs
[2024-11-09T17:32:47.247+0000] {logging_mixin.py:137} INFO - [2024-11-09T17:32:47.247+0000] {dag.py:3441} INFO - Setting next_dagrun for example_external_task_marker_child to None, run_after=None
[2024-11-09T17:32:47.250+0000] {logging_mixin.py:137} INFO - [2024-11-09T17:32:47.250+0000] {dag.py:3441} INFO - Setting next_dagrun for example_external_task_marker_parent to None, run_after=None
[2024-11-09T17:32:47.262+0000] {processor.py:175} INFO - Processing /home/airflow/.local/lib/python3.7/site-packages/airflow/example_dags/example_external_task_marker_dag.py took 0.106 seconds
