[2024-11-09T17:10:06.553+0000] {processor.py:153} INFO - Started process (PID=73) to work on /home/airflow/.local/lib/python3.7/site-packages/airflow/example_dags/tutorial.py
[2024-11-09T17:10:06.554+0000] {processor.py:743} INFO - Processing file /home/airflow/.local/lib/python3.7/site-packages/airflow/example_dags/tutorial.py for tasks to queue
[2024-11-09T17:10:06.555+0000] {logging_mixin.py:137} INFO - [2024-11-09T17:10:06.555+0000] {dagbag.py:538} INFO - Filling up the DagBag from /home/airflow/.local/lib/python3.7/site-packages/airflow/example_dags/tutorial.py
[2024-11-09T17:10:06.567+0000] {processor.py:753} INFO - DAG(s) dict_keys(['tutorial']) retrieved from /home/airflow/.local/lib/python3.7/site-packages/airflow/example_dags/tutorial.py
[2024-11-09T17:10:06.577+0000] {logging_mixin.py:137} INFO - [2024-11-09T17:10:06.577+0000] {dag.py:2690} INFO - Sync 1 DAGs
[2024-11-09T17:10:06.594+0000] {logging_mixin.py:137} INFO - [2024-11-09T17:10:06.594+0000] {dag.py:3441} INFO - Setting next_dagrun for tutorial to 2024-11-08T17:10:06.593894+00:00, run_after=2024-11-09T17:10:06.593894+00:00
[2024-11-09T17:10:06.610+0000] {processor.py:175} INFO - Processing /home/airflow/.local/lib/python3.7/site-packages/airflow/example_dags/tutorial.py took 0.061 seconds
[2024-11-09T17:10:37.321+0000] {processor.py:153} INFO - Started process (PID=160) to work on /home/airflow/.local/lib/python3.7/site-packages/airflow/example_dags/tutorial.py
[2024-11-09T17:10:37.322+0000] {processor.py:743} INFO - Processing file /home/airflow/.local/lib/python3.7/site-packages/airflow/example_dags/tutorial.py for tasks to queue
[2024-11-09T17:10:37.322+0000] {logging_mixin.py:137} INFO - [2024-11-09T17:10:37.322+0000] {dagbag.py:538} INFO - Filling up the DagBag from /home/airflow/.local/lib/python3.7/site-packages/airflow/example_dags/tutorial.py
[2024-11-09T17:10:37.330+0000] {processor.py:753} INFO - DAG(s) dict_keys(['tutorial']) retrieved from /home/airflow/.local/lib/python3.7/site-packages/airflow/example_dags/tutorial.py
[2024-11-09T17:10:37.343+0000] {logging_mixin.py:137} INFO - [2024-11-09T17:10:37.343+0000] {dag.py:2690} INFO - Sync 1 DAGs
[2024-11-09T17:10:37.357+0000] {logging_mixin.py:137} INFO - [2024-11-09T17:10:37.357+0000] {dag.py:3441} INFO - Setting next_dagrun for tutorial to 2024-11-08T17:10:37.357650+00:00, run_after=2024-11-09T17:10:37.357650+00:00
[2024-11-09T17:10:37.371+0000] {processor.py:175} INFO - Processing /home/airflow/.local/lib/python3.7/site-packages/airflow/example_dags/tutorial.py took 0.052 seconds
[2024-11-09T17:11:07.984+0000] {processor.py:153} INFO - Started process (PID=239) to work on /home/airflow/.local/lib/python3.7/site-packages/airflow/example_dags/tutorial.py
[2024-11-09T17:11:07.984+0000] {processor.py:743} INFO - Processing file /home/airflow/.local/lib/python3.7/site-packages/airflow/example_dags/tutorial.py for tasks to queue
[2024-11-09T17:11:07.985+0000] {logging_mixin.py:137} INFO - [2024-11-09T17:11:07.985+0000] {dagbag.py:538} INFO - Filling up the DagBag from /home/airflow/.local/lib/python3.7/site-packages/airflow/example_dags/tutorial.py
[2024-11-09T17:11:07.993+0000] {processor.py:753} INFO - DAG(s) dict_keys(['tutorial']) retrieved from /home/airflow/.local/lib/python3.7/site-packages/airflow/example_dags/tutorial.py
[2024-11-09T17:11:08.005+0000] {logging_mixin.py:137} INFO - [2024-11-09T17:11:08.005+0000] {dag.py:2690} INFO - Sync 1 DAGs
[2024-11-09T17:11:08.020+0000] {logging_mixin.py:137} INFO - [2024-11-09T17:11:08.020+0000] {dag.py:3441} INFO - Setting next_dagrun for tutorial to 2024-11-08T17:11:08.020242+00:00, run_after=2024-11-09T17:11:08.020242+00:00
[2024-11-09T17:11:08.035+0000] {processor.py:175} INFO - Processing /home/airflow/.local/lib/python3.7/site-packages/airflow/example_dags/tutorial.py took 0.054 seconds
[2024-11-09T17:11:38.788+0000] {processor.py:153} INFO - Started process (PID=317) to work on /home/airflow/.local/lib/python3.7/site-packages/airflow/example_dags/tutorial.py
[2024-11-09T17:11:38.788+0000] {processor.py:743} INFO - Processing file /home/airflow/.local/lib/python3.7/site-packages/airflow/example_dags/tutorial.py for tasks to queue
[2024-11-09T17:11:38.788+0000] {logging_mixin.py:137} INFO - [2024-11-09T17:11:38.788+0000] {dagbag.py:538} INFO - Filling up the DagBag from /home/airflow/.local/lib/python3.7/site-packages/airflow/example_dags/tutorial.py
[2024-11-09T17:11:38.796+0000] {processor.py:753} INFO - DAG(s) dict_keys(['tutorial']) retrieved from /home/airflow/.local/lib/python3.7/site-packages/airflow/example_dags/tutorial.py
[2024-11-09T17:11:38.808+0000] {logging_mixin.py:137} INFO - [2024-11-09T17:11:38.808+0000] {dag.py:2690} INFO - Sync 1 DAGs
[2024-11-09T17:11:38.820+0000] {logging_mixin.py:137} INFO - [2024-11-09T17:11:38.820+0000] {dag.py:3441} INFO - Setting next_dagrun for tutorial to 2024-11-08T17:11:38.820221+00:00, run_after=2024-11-09T17:11:38.820221+00:00
[2024-11-09T17:11:38.830+0000] {processor.py:175} INFO - Processing /home/airflow/.local/lib/python3.7/site-packages/airflow/example_dags/tutorial.py took 0.044 seconds
[2024-11-09T17:12:09.458+0000] {processor.py:153} INFO - Started process (PID=404) to work on /home/airflow/.local/lib/python3.7/site-packages/airflow/example_dags/tutorial.py
[2024-11-09T17:12:09.459+0000] {processor.py:743} INFO - Processing file /home/airflow/.local/lib/python3.7/site-packages/airflow/example_dags/tutorial.py for tasks to queue
[2024-11-09T17:12:09.459+0000] {logging_mixin.py:137} INFO - [2024-11-09T17:12:09.459+0000] {dagbag.py:538} INFO - Filling up the DagBag from /home/airflow/.local/lib/python3.7/site-packages/airflow/example_dags/tutorial.py
[2024-11-09T17:12:09.467+0000] {processor.py:753} INFO - DAG(s) dict_keys(['tutorial']) retrieved from /home/airflow/.local/lib/python3.7/site-packages/airflow/example_dags/tutorial.py
[2024-11-09T17:12:09.482+0000] {logging_mixin.py:137} INFO - [2024-11-09T17:12:09.481+0000] {dag.py:2690} INFO - Sync 1 DAGs
[2024-11-09T17:12:09.495+0000] {logging_mixin.py:137} INFO - [2024-11-09T17:12:09.495+0000] {dag.py:3441} INFO - Setting next_dagrun for tutorial to 2024-11-08T17:12:09.495746+00:00, run_after=2024-11-09T17:12:09.495746+00:00
[2024-11-09T17:12:09.509+0000] {processor.py:175} INFO - Processing /home/airflow/.local/lib/python3.7/site-packages/airflow/example_dags/tutorial.py took 0.052 seconds
[2024-11-09T17:12:40.094+0000] {processor.py:153} INFO - Started process (PID=491) to work on /home/airflow/.local/lib/python3.7/site-packages/airflow/example_dags/tutorial.py
[2024-11-09T17:12:40.094+0000] {processor.py:743} INFO - Processing file /home/airflow/.local/lib/python3.7/site-packages/airflow/example_dags/tutorial.py for tasks to queue
[2024-11-09T17:12:40.095+0000] {logging_mixin.py:137} INFO - [2024-11-09T17:12:40.095+0000] {dagbag.py:538} INFO - Filling up the DagBag from /home/airflow/.local/lib/python3.7/site-packages/airflow/example_dags/tutorial.py
[2024-11-09T17:12:40.103+0000] {processor.py:753} INFO - DAG(s) dict_keys(['tutorial']) retrieved from /home/airflow/.local/lib/python3.7/site-packages/airflow/example_dags/tutorial.py
[2024-11-09T17:12:40.116+0000] {logging_mixin.py:137} INFO - [2024-11-09T17:12:40.116+0000] {dag.py:2690} INFO - Sync 1 DAGs
[2024-11-09T17:12:40.129+0000] {logging_mixin.py:137} INFO - [2024-11-09T17:12:40.129+0000] {dag.py:3441} INFO - Setting next_dagrun for tutorial to 2024-11-08T17:12:40.129411+00:00, run_after=2024-11-09T17:12:40.129411+00:00
[2024-11-09T17:12:40.145+0000] {processor.py:175} INFO - Processing /home/airflow/.local/lib/python3.7/site-packages/airflow/example_dags/tutorial.py took 0.053 seconds
[2024-11-09T17:13:10.760+0000] {processor.py:153} INFO - Started process (PID=562) to work on /home/airflow/.local/lib/python3.7/site-packages/airflow/example_dags/tutorial.py
[2024-11-09T17:13:10.761+0000] {processor.py:743} INFO - Processing file /home/airflow/.local/lib/python3.7/site-packages/airflow/example_dags/tutorial.py for tasks to queue
[2024-11-09T17:13:10.761+0000] {logging_mixin.py:137} INFO - [2024-11-09T17:13:10.761+0000] {dagbag.py:538} INFO - Filling up the DagBag from /home/airflow/.local/lib/python3.7/site-packages/airflow/example_dags/tutorial.py
[2024-11-09T17:13:10.770+0000] {processor.py:753} INFO - DAG(s) dict_keys(['tutorial']) retrieved from /home/airflow/.local/lib/python3.7/site-packages/airflow/example_dags/tutorial.py
[2024-11-09T17:13:10.784+0000] {logging_mixin.py:137} INFO - [2024-11-09T17:13:10.784+0000] {dag.py:2690} INFO - Sync 1 DAGs
[2024-11-09T17:13:10.797+0000] {logging_mixin.py:137} INFO - [2024-11-09T17:13:10.797+0000] {dag.py:3441} INFO - Setting next_dagrun for tutorial to 2024-11-08T17:13:10.797409+00:00, run_after=2024-11-09T17:13:10.797409+00:00
[2024-11-09T17:13:10.808+0000] {processor.py:175} INFO - Processing /home/airflow/.local/lib/python3.7/site-packages/airflow/example_dags/tutorial.py took 0.050 seconds
[2024-11-09T17:13:42.898+0000] {processor.py:153} INFO - Started process (PID=649) to work on /home/airflow/.local/lib/python3.7/site-packages/airflow/example_dags/tutorial.py
[2024-11-09T17:13:42.899+0000] {processor.py:743} INFO - Processing file /home/airflow/.local/lib/python3.7/site-packages/airflow/example_dags/tutorial.py for tasks to queue
[2024-11-09T17:13:42.900+0000] {logging_mixin.py:137} INFO - [2024-11-09T17:13:42.900+0000] {dagbag.py:538} INFO - Filling up the DagBag from /home/airflow/.local/lib/python3.7/site-packages/airflow/example_dags/tutorial.py
[2024-11-09T17:13:42.917+0000] {processor.py:753} INFO - DAG(s) dict_keys(['tutorial']) retrieved from /home/airflow/.local/lib/python3.7/site-packages/airflow/example_dags/tutorial.py
[2024-11-09T17:13:42.938+0000] {logging_mixin.py:137} INFO - [2024-11-09T17:13:42.938+0000] {dag.py:2690} INFO - Sync 1 DAGs
[2024-11-09T17:13:42.956+0000] {logging_mixin.py:137} INFO - [2024-11-09T17:13:42.956+0000] {dag.py:3441} INFO - Setting next_dagrun for tutorial to 2024-11-08T17:13:42.956104+00:00, run_after=2024-11-09T17:13:42.956104+00:00
[2024-11-09T17:13:42.973+0000] {processor.py:175} INFO - Processing /home/airflow/.local/lib/python3.7/site-packages/airflow/example_dags/tutorial.py took 0.078 seconds
[2024-11-09T17:14:13.852+0000] {processor.py:153} INFO - Started process (PID=736) to work on /home/airflow/.local/lib/python3.7/site-packages/airflow/example_dags/tutorial.py
[2024-11-09T17:14:13.853+0000] {processor.py:743} INFO - Processing file /home/airflow/.local/lib/python3.7/site-packages/airflow/example_dags/tutorial.py for tasks to queue
[2024-11-09T17:14:13.853+0000] {logging_mixin.py:137} INFO - [2024-11-09T17:14:13.853+0000] {dagbag.py:538} INFO - Filling up the DagBag from /home/airflow/.local/lib/python3.7/site-packages/airflow/example_dags/tutorial.py
[2024-11-09T17:14:13.861+0000] {processor.py:753} INFO - DAG(s) dict_keys(['tutorial']) retrieved from /home/airflow/.local/lib/python3.7/site-packages/airflow/example_dags/tutorial.py
[2024-11-09T17:14:13.877+0000] {logging_mixin.py:137} INFO - [2024-11-09T17:14:13.877+0000] {dag.py:2690} INFO - Sync 1 DAGs
[2024-11-09T17:14:13.892+0000] {logging_mixin.py:137} INFO - [2024-11-09T17:14:13.892+0000] {dag.py:3441} INFO - Setting next_dagrun for tutorial to 2024-11-08T17:14:13.892506+00:00, run_after=2024-11-09T17:14:13.892506+00:00
[2024-11-09T17:14:13.906+0000] {processor.py:175} INFO - Processing /home/airflow/.local/lib/python3.7/site-packages/airflow/example_dags/tutorial.py took 0.056 seconds
[2024-11-09T17:14:44.710+0000] {processor.py:153} INFO - Started process (PID=807) to work on /home/airflow/.local/lib/python3.7/site-packages/airflow/example_dags/tutorial.py
[2024-11-09T17:14:44.711+0000] {processor.py:743} INFO - Processing file /home/airflow/.local/lib/python3.7/site-packages/airflow/example_dags/tutorial.py for tasks to queue
[2024-11-09T17:14:44.712+0000] {logging_mixin.py:137} INFO - [2024-11-09T17:14:44.712+0000] {dagbag.py:538} INFO - Filling up the DagBag from /home/airflow/.local/lib/python3.7/site-packages/airflow/example_dags/tutorial.py
[2024-11-09T17:14:44.724+0000] {processor.py:753} INFO - DAG(s) dict_keys(['tutorial']) retrieved from /home/airflow/.local/lib/python3.7/site-packages/airflow/example_dags/tutorial.py
[2024-11-09T17:14:44.739+0000] {logging_mixin.py:137} INFO - [2024-11-09T17:14:44.739+0000] {dag.py:2690} INFO - Sync 1 DAGs
[2024-11-09T17:14:44.753+0000] {logging_mixin.py:137} INFO - [2024-11-09T17:14:44.753+0000] {dag.py:3441} INFO - Setting next_dagrun for tutorial to 2024-11-08T17:14:44.753574+00:00, run_after=2024-11-09T17:14:44.753574+00:00
[2024-11-09T17:14:44.768+0000] {processor.py:175} INFO - Processing /home/airflow/.local/lib/python3.7/site-packages/airflow/example_dags/tutorial.py took 0.060 seconds
[2024-11-09T17:15:15.595+0000] {processor.py:153} INFO - Started process (PID=894) to work on /home/airflow/.local/lib/python3.7/site-packages/airflow/example_dags/tutorial.py
[2024-11-09T17:15:15.597+0000] {processor.py:743} INFO - Processing file /home/airflow/.local/lib/python3.7/site-packages/airflow/example_dags/tutorial.py for tasks to queue
[2024-11-09T17:15:15.598+0000] {logging_mixin.py:137} INFO - [2024-11-09T17:15:15.598+0000] {dagbag.py:538} INFO - Filling up the DagBag from /home/airflow/.local/lib/python3.7/site-packages/airflow/example_dags/tutorial.py
[2024-11-09T17:15:15.605+0000] {processor.py:753} INFO - DAG(s) dict_keys(['tutorial']) retrieved from /home/airflow/.local/lib/python3.7/site-packages/airflow/example_dags/tutorial.py
[2024-11-09T17:15:15.624+0000] {logging_mixin.py:137} INFO - [2024-11-09T17:15:15.624+0000] {dag.py:2690} INFO - Sync 1 DAGs
[2024-11-09T17:15:15.638+0000] {logging_mixin.py:137} INFO - [2024-11-09T17:15:15.638+0000] {dag.py:3441} INFO - Setting next_dagrun for tutorial to 2024-11-08T17:15:15.637929+00:00, run_after=2024-11-09T17:15:15.637929+00:00
[2024-11-09T17:15:15.652+0000] {processor.py:175} INFO - Processing /home/airflow/.local/lib/python3.7/site-packages/airflow/example_dags/tutorial.py took 0.058 seconds
[2024-11-09T17:15:46.414+0000] {processor.py:153} INFO - Started process (PID=981) to work on /home/airflow/.local/lib/python3.7/site-packages/airflow/example_dags/tutorial.py
[2024-11-09T17:15:46.415+0000] {processor.py:743} INFO - Processing file /home/airflow/.local/lib/python3.7/site-packages/airflow/example_dags/tutorial.py for tasks to queue
[2024-11-09T17:15:46.416+0000] {logging_mixin.py:137} INFO - [2024-11-09T17:15:46.416+0000] {dagbag.py:538} INFO - Filling up the DagBag from /home/airflow/.local/lib/python3.7/site-packages/airflow/example_dags/tutorial.py
[2024-11-09T17:15:46.425+0000] {processor.py:753} INFO - DAG(s) dict_keys(['tutorial']) retrieved from /home/airflow/.local/lib/python3.7/site-packages/airflow/example_dags/tutorial.py
[2024-11-09T17:15:46.437+0000] {logging_mixin.py:137} INFO - [2024-11-09T17:15:46.437+0000] {dag.py:2690} INFO - Sync 1 DAGs
[2024-11-09T17:15:46.452+0000] {logging_mixin.py:137} INFO - [2024-11-09T17:15:46.452+0000] {dag.py:3441} INFO - Setting next_dagrun for tutorial to 2024-11-08T17:15:46.451924+00:00, run_after=2024-11-09T17:15:46.451924+00:00
[2024-11-09T17:15:46.465+0000] {processor.py:175} INFO - Processing /home/airflow/.local/lib/python3.7/site-packages/airflow/example_dags/tutorial.py took 0.054 seconds
[2024-11-09T17:16:17.174+0000] {processor.py:153} INFO - Started process (PID=1068) to work on /home/airflow/.local/lib/python3.7/site-packages/airflow/example_dags/tutorial.py
[2024-11-09T17:16:17.174+0000] {processor.py:743} INFO - Processing file /home/airflow/.local/lib/python3.7/site-packages/airflow/example_dags/tutorial.py for tasks to queue
[2024-11-09T17:16:17.175+0000] {logging_mixin.py:137} INFO - [2024-11-09T17:16:17.175+0000] {dagbag.py:538} INFO - Filling up the DagBag from /home/airflow/.local/lib/python3.7/site-packages/airflow/example_dags/tutorial.py
[2024-11-09T17:16:17.184+0000] {processor.py:753} INFO - DAG(s) dict_keys(['tutorial']) retrieved from /home/airflow/.local/lib/python3.7/site-packages/airflow/example_dags/tutorial.py
[2024-11-09T17:16:17.198+0000] {logging_mixin.py:137} INFO - [2024-11-09T17:16:17.198+0000] {dag.py:2690} INFO - Sync 1 DAGs
[2024-11-09T17:16:17.213+0000] {logging_mixin.py:137} INFO - [2024-11-09T17:16:17.212+0000] {dag.py:3441} INFO - Setting next_dagrun for tutorial to 2024-11-08T17:16:17.212877+00:00, run_after=2024-11-09T17:16:17.212877+00:00
[2024-11-09T17:16:17.224+0000] {processor.py:175} INFO - Processing /home/airflow/.local/lib/python3.7/site-packages/airflow/example_dags/tutorial.py took 0.052 seconds
[2024-11-09T17:16:47.339+0000] {processor.py:153} INFO - Started process (PID=1138) to work on /home/airflow/.local/lib/python3.7/site-packages/airflow/example_dags/tutorial.py
[2024-11-09T17:16:47.340+0000] {processor.py:743} INFO - Processing file /home/airflow/.local/lib/python3.7/site-packages/airflow/example_dags/tutorial.py for tasks to queue
[2024-11-09T17:16:47.340+0000] {logging_mixin.py:137} INFO - [2024-11-09T17:16:47.340+0000] {dagbag.py:538} INFO - Filling up the DagBag from /home/airflow/.local/lib/python3.7/site-packages/airflow/example_dags/tutorial.py
[2024-11-09T17:16:47.348+0000] {processor.py:753} INFO - DAG(s) dict_keys(['tutorial']) retrieved from /home/airflow/.local/lib/python3.7/site-packages/airflow/example_dags/tutorial.py
[2024-11-09T17:16:47.361+0000] {logging_mixin.py:137} INFO - [2024-11-09T17:16:47.361+0000] {dag.py:2690} INFO - Sync 1 DAGs
[2024-11-09T17:16:47.374+0000] {logging_mixin.py:137} INFO - [2024-11-09T17:16:47.374+0000] {dag.py:3441} INFO - Setting next_dagrun for tutorial to 2024-11-08T17:16:47.374350+00:00, run_after=2024-11-09T17:16:47.374350+00:00
[2024-11-09T17:16:47.387+0000] {processor.py:175} INFO - Processing /home/airflow/.local/lib/python3.7/site-packages/airflow/example_dags/tutorial.py took 0.050 seconds
[2024-11-09T17:17:18.169+0000] {processor.py:153} INFO - Started process (PID=1225) to work on /home/airflow/.local/lib/python3.7/site-packages/airflow/example_dags/tutorial.py
[2024-11-09T17:17:18.169+0000] {processor.py:743} INFO - Processing file /home/airflow/.local/lib/python3.7/site-packages/airflow/example_dags/tutorial.py for tasks to queue
[2024-11-09T17:17:18.171+0000] {logging_mixin.py:137} INFO - [2024-11-09T17:17:18.171+0000] {dagbag.py:538} INFO - Filling up the DagBag from /home/airflow/.local/lib/python3.7/site-packages/airflow/example_dags/tutorial.py
[2024-11-09T17:17:18.179+0000] {processor.py:753} INFO - DAG(s) dict_keys(['tutorial']) retrieved from /home/airflow/.local/lib/python3.7/site-packages/airflow/example_dags/tutorial.py
[2024-11-09T17:17:18.195+0000] {logging_mixin.py:137} INFO - [2024-11-09T17:17:18.194+0000] {dag.py:2690} INFO - Sync 1 DAGs
[2024-11-09T17:17:18.213+0000] {logging_mixin.py:137} INFO - [2024-11-09T17:17:18.213+0000] {dag.py:3441} INFO - Setting next_dagrun for tutorial to 2024-11-08T17:17:18.213291+00:00, run_after=2024-11-09T17:17:18.213291+00:00
[2024-11-09T17:17:18.227+0000] {processor.py:175} INFO - Processing /home/airflow/.local/lib/python3.7/site-packages/airflow/example_dags/tutorial.py took 0.060 seconds
[2024-11-09T17:17:48.962+0000] {processor.py:153} INFO - Started process (PID=1312) to work on /home/airflow/.local/lib/python3.7/site-packages/airflow/example_dags/tutorial.py
[2024-11-09T17:17:48.963+0000] {processor.py:743} INFO - Processing file /home/airflow/.local/lib/python3.7/site-packages/airflow/example_dags/tutorial.py for tasks to queue
[2024-11-09T17:17:48.964+0000] {logging_mixin.py:137} INFO - [2024-11-09T17:17:48.964+0000] {dagbag.py:538} INFO - Filling up the DagBag from /home/airflow/.local/lib/python3.7/site-packages/airflow/example_dags/tutorial.py
[2024-11-09T17:17:48.972+0000] {processor.py:753} INFO - DAG(s) dict_keys(['tutorial']) retrieved from /home/airflow/.local/lib/python3.7/site-packages/airflow/example_dags/tutorial.py
[2024-11-09T17:17:48.994+0000] {logging_mixin.py:137} INFO - [2024-11-09T17:17:48.994+0000] {dag.py:2690} INFO - Sync 1 DAGs
[2024-11-09T17:17:49.008+0000] {logging_mixin.py:137} INFO - [2024-11-09T17:17:49.008+0000] {dag.py:3441} INFO - Setting next_dagrun for tutorial to 2024-11-08T17:17:49.007894+00:00, run_after=2024-11-09T17:17:49.007894+00:00
[2024-11-09T17:17:49.020+0000] {processor.py:175} INFO - Processing /home/airflow/.local/lib/python3.7/site-packages/airflow/example_dags/tutorial.py took 0.060 seconds
[2024-11-09T17:18:19.797+0000] {processor.py:153} INFO - Started process (PID=1383) to work on /home/airflow/.local/lib/python3.7/site-packages/airflow/example_dags/tutorial.py
[2024-11-09T17:18:19.798+0000] {processor.py:743} INFO - Processing file /home/airflow/.local/lib/python3.7/site-packages/airflow/example_dags/tutorial.py for tasks to queue
[2024-11-09T17:18:19.799+0000] {logging_mixin.py:137} INFO - [2024-11-09T17:18:19.799+0000] {dagbag.py:538} INFO - Filling up the DagBag from /home/airflow/.local/lib/python3.7/site-packages/airflow/example_dags/tutorial.py
[2024-11-09T17:18:19.807+0000] {processor.py:753} INFO - DAG(s) dict_keys(['tutorial']) retrieved from /home/airflow/.local/lib/python3.7/site-packages/airflow/example_dags/tutorial.py
[2024-11-09T17:18:19.820+0000] {logging_mixin.py:137} INFO - [2024-11-09T17:18:19.820+0000] {dag.py:2690} INFO - Sync 1 DAGs
[2024-11-09T17:18:19.833+0000] {logging_mixin.py:137} INFO - [2024-11-09T17:18:19.833+0000] {dag.py:3441} INFO - Setting next_dagrun for tutorial to 2024-11-08T17:18:19.833229+00:00, run_after=2024-11-09T17:18:19.833229+00:00
[2024-11-09T17:18:19.844+0000] {processor.py:175} INFO - Processing /home/airflow/.local/lib/python3.7/site-packages/airflow/example_dags/tutorial.py took 0.049 seconds
[2024-11-09T17:18:50.655+0000] {processor.py:153} INFO - Started process (PID=1470) to work on /home/airflow/.local/lib/python3.7/site-packages/airflow/example_dags/tutorial.py
[2024-11-09T17:18:50.656+0000] {processor.py:743} INFO - Processing file /home/airflow/.local/lib/python3.7/site-packages/airflow/example_dags/tutorial.py for tasks to queue
[2024-11-09T17:18:50.656+0000] {logging_mixin.py:137} INFO - [2024-11-09T17:18:50.656+0000] {dagbag.py:538} INFO - Filling up the DagBag from /home/airflow/.local/lib/python3.7/site-packages/airflow/example_dags/tutorial.py
[2024-11-09T17:18:50.664+0000] {processor.py:753} INFO - DAG(s) dict_keys(['tutorial']) retrieved from /home/airflow/.local/lib/python3.7/site-packages/airflow/example_dags/tutorial.py
[2024-11-09T17:18:50.679+0000] {logging_mixin.py:137} INFO - [2024-11-09T17:18:50.679+0000] {dag.py:2690} INFO - Sync 1 DAGs
[2024-11-09T17:18:50.693+0000] {logging_mixin.py:137} INFO - [2024-11-09T17:18:50.693+0000] {dag.py:3441} INFO - Setting next_dagrun for tutorial to 2024-11-08T17:18:50.693297+00:00, run_after=2024-11-09T17:18:50.693297+00:00
[2024-11-09T17:18:50.707+0000] {processor.py:175} INFO - Processing /home/airflow/.local/lib/python3.7/site-packages/airflow/example_dags/tutorial.py took 0.053 seconds
[2024-11-09T17:19:21.556+0000] {processor.py:153} INFO - Started process (PID=1557) to work on /home/airflow/.local/lib/python3.7/site-packages/airflow/example_dags/tutorial.py
[2024-11-09T17:19:21.560+0000] {processor.py:743} INFO - Processing file /home/airflow/.local/lib/python3.7/site-packages/airflow/example_dags/tutorial.py for tasks to queue
[2024-11-09T17:19:21.560+0000] {logging_mixin.py:137} INFO - [2024-11-09T17:19:21.560+0000] {dagbag.py:538} INFO - Filling up the DagBag from /home/airflow/.local/lib/python3.7/site-packages/airflow/example_dags/tutorial.py
[2024-11-09T17:19:21.571+0000] {processor.py:753} INFO - DAG(s) dict_keys(['tutorial']) retrieved from /home/airflow/.local/lib/python3.7/site-packages/airflow/example_dags/tutorial.py
[2024-11-09T17:19:21.588+0000] {logging_mixin.py:137} INFO - [2024-11-09T17:19:21.588+0000] {dag.py:2690} INFO - Sync 1 DAGs
[2024-11-09T17:19:21.603+0000] {logging_mixin.py:137} INFO - [2024-11-09T17:19:21.603+0000] {dag.py:3441} INFO - Setting next_dagrun for tutorial to 2024-11-08T17:19:21.603514+00:00, run_after=2024-11-09T17:19:21.603514+00:00
[2024-11-09T17:19:21.613+0000] {processor.py:175} INFO - Processing /home/airflow/.local/lib/python3.7/site-packages/airflow/example_dags/tutorial.py took 0.059 seconds
[2024-11-09T17:19:52.641+0000] {processor.py:153} INFO - Started process (PID=1644) to work on /home/airflow/.local/lib/python3.7/site-packages/airflow/example_dags/tutorial.py
[2024-11-09T17:19:52.642+0000] {processor.py:743} INFO - Processing file /home/airflow/.local/lib/python3.7/site-packages/airflow/example_dags/tutorial.py for tasks to queue
[2024-11-09T17:19:52.643+0000] {logging_mixin.py:137} INFO - [2024-11-09T17:19:52.643+0000] {dagbag.py:538} INFO - Filling up the DagBag from /home/airflow/.local/lib/python3.7/site-packages/airflow/example_dags/tutorial.py
[2024-11-09T17:19:52.650+0000] {processor.py:753} INFO - DAG(s) dict_keys(['tutorial']) retrieved from /home/airflow/.local/lib/python3.7/site-packages/airflow/example_dags/tutorial.py
[2024-11-09T17:19:52.669+0000] {logging_mixin.py:137} INFO - [2024-11-09T17:19:52.668+0000] {dag.py:2690} INFO - Sync 1 DAGs
[2024-11-09T17:19:52.688+0000] {logging_mixin.py:137} INFO - [2024-11-09T17:19:52.688+0000] {dag.py:3441} INFO - Setting next_dagrun for tutorial to 2024-11-08T17:19:52.687960+00:00, run_after=2024-11-09T17:19:52.687960+00:00
[2024-11-09T17:19:52.701+0000] {processor.py:175} INFO - Processing /home/airflow/.local/lib/python3.7/site-packages/airflow/example_dags/tutorial.py took 0.061 seconds
[2024-11-09T17:20:23.379+0000] {processor.py:153} INFO - Started process (PID=1724) to work on /home/airflow/.local/lib/python3.7/site-packages/airflow/example_dags/tutorial.py
[2024-11-09T17:20:23.380+0000] {processor.py:743} INFO - Processing file /home/airflow/.local/lib/python3.7/site-packages/airflow/example_dags/tutorial.py for tasks to queue
[2024-11-09T17:20:23.381+0000] {logging_mixin.py:137} INFO - [2024-11-09T17:20:23.381+0000] {dagbag.py:538} INFO - Filling up the DagBag from /home/airflow/.local/lib/python3.7/site-packages/airflow/example_dags/tutorial.py
[2024-11-09T17:20:23.390+0000] {processor.py:753} INFO - DAG(s) dict_keys(['tutorial']) retrieved from /home/airflow/.local/lib/python3.7/site-packages/airflow/example_dags/tutorial.py
[2024-11-09T17:20:23.406+0000] {logging_mixin.py:137} INFO - [2024-11-09T17:20:23.406+0000] {dag.py:2690} INFO - Sync 1 DAGs
[2024-11-09T17:20:23.420+0000] {logging_mixin.py:137} INFO - [2024-11-09T17:20:23.419+0000] {dag.py:3441} INFO - Setting next_dagrun for tutorial to 2024-11-08T17:20:23.419872+00:00, run_after=2024-11-09T17:20:23.419872+00:00
[2024-11-09T17:20:23.430+0000] {processor.py:175} INFO - Processing /home/airflow/.local/lib/python3.7/site-packages/airflow/example_dags/tutorial.py took 0.053 seconds
[2024-11-09T17:20:51.648+0000] {processor.py:153} INFO - Started process (PID=63) to work on /home/airflow/.local/lib/python3.7/site-packages/airflow/example_dags/tutorial.py
[2024-11-09T17:20:51.649+0000] {processor.py:743} INFO - Processing file /home/airflow/.local/lib/python3.7/site-packages/airflow/example_dags/tutorial.py for tasks to queue
[2024-11-09T17:20:51.649+0000] {logging_mixin.py:137} INFO - [2024-11-09T17:20:51.649+0000] {dagbag.py:538} INFO - Filling up the DagBag from /home/airflow/.local/lib/python3.7/site-packages/airflow/example_dags/tutorial.py
[2024-11-09T17:20:51.664+0000] {processor.py:753} INFO - DAG(s) dict_keys(['tutorial']) retrieved from /home/airflow/.local/lib/python3.7/site-packages/airflow/example_dags/tutorial.py
[2024-11-09T17:20:51.671+0000] {logging_mixin.py:137} INFO - [2024-11-09T17:20:51.671+0000] {dag.py:2690} INFO - Sync 1 DAGs
[2024-11-09T17:20:51.686+0000] {logging_mixin.py:137} INFO - [2024-11-09T17:20:51.686+0000] {dag.py:3441} INFO - Setting next_dagrun for tutorial to 2024-11-08T17:20:51.686609+00:00, run_after=2024-11-09T17:20:51.686609+00:00
[2024-11-09T17:20:51.701+0000] {processor.py:175} INFO - Processing /home/airflow/.local/lib/python3.7/site-packages/airflow/example_dags/tutorial.py took 0.055 seconds
[2024-11-09T17:21:22.581+0000] {processor.py:153} INFO - Started process (PID=150) to work on /home/airflow/.local/lib/python3.7/site-packages/airflow/example_dags/tutorial.py
[2024-11-09T17:21:22.582+0000] {processor.py:743} INFO - Processing file /home/airflow/.local/lib/python3.7/site-packages/airflow/example_dags/tutorial.py for tasks to queue
[2024-11-09T17:21:22.582+0000] {logging_mixin.py:137} INFO - [2024-11-09T17:21:22.582+0000] {dagbag.py:538} INFO - Filling up the DagBag from /home/airflow/.local/lib/python3.7/site-packages/airflow/example_dags/tutorial.py
[2024-11-09T17:21:22.590+0000] {processor.py:753} INFO - DAG(s) dict_keys(['tutorial']) retrieved from /home/airflow/.local/lib/python3.7/site-packages/airflow/example_dags/tutorial.py
[2024-11-09T17:21:22.603+0000] {logging_mixin.py:137} INFO - [2024-11-09T17:21:22.602+0000] {dag.py:2690} INFO - Sync 1 DAGs
[2024-11-09T17:21:22.616+0000] {logging_mixin.py:137} INFO - [2024-11-09T17:21:22.616+0000] {dag.py:3441} INFO - Setting next_dagrun for tutorial to 2024-11-08T17:21:22.616299+00:00, run_after=2024-11-09T17:21:22.616299+00:00
[2024-11-09T17:21:22.626+0000] {processor.py:175} INFO - Processing /home/airflow/.local/lib/python3.7/site-packages/airflow/example_dags/tutorial.py took 0.047 seconds
[2024-11-09T17:21:53.491+0000] {processor.py:153} INFO - Started process (PID=221) to work on /home/airflow/.local/lib/python3.7/site-packages/airflow/example_dags/tutorial.py
[2024-11-09T17:21:53.492+0000] {processor.py:743} INFO - Processing file /home/airflow/.local/lib/python3.7/site-packages/airflow/example_dags/tutorial.py for tasks to queue
[2024-11-09T17:21:53.494+0000] {logging_mixin.py:137} INFO - [2024-11-09T17:21:53.493+0000] {dagbag.py:538} INFO - Filling up the DagBag from /home/airflow/.local/lib/python3.7/site-packages/airflow/example_dags/tutorial.py
[2024-11-09T17:21:53.501+0000] {processor.py:753} INFO - DAG(s) dict_keys(['tutorial']) retrieved from /home/airflow/.local/lib/python3.7/site-packages/airflow/example_dags/tutorial.py
[2024-11-09T17:21:53.518+0000] {logging_mixin.py:137} INFO - [2024-11-09T17:21:53.517+0000] {dag.py:2690} INFO - Sync 1 DAGs
[2024-11-09T17:21:53.534+0000] {logging_mixin.py:137} INFO - [2024-11-09T17:21:53.534+0000] {dag.py:3441} INFO - Setting next_dagrun for tutorial to 2024-11-08T17:21:53.534573+00:00, run_after=2024-11-09T17:21:53.534573+00:00
[2024-11-09T17:21:53.554+0000] {processor.py:175} INFO - Processing /home/airflow/.local/lib/python3.7/site-packages/airflow/example_dags/tutorial.py took 0.065 seconds
[2024-11-09T17:22:24.406+0000] {processor.py:153} INFO - Started process (PID=308) to work on /home/airflow/.local/lib/python3.7/site-packages/airflow/example_dags/tutorial.py
[2024-11-09T17:22:24.410+0000] {processor.py:743} INFO - Processing file /home/airflow/.local/lib/python3.7/site-packages/airflow/example_dags/tutorial.py for tasks to queue
[2024-11-09T17:22:24.411+0000] {logging_mixin.py:137} INFO - [2024-11-09T17:22:24.411+0000] {dagbag.py:538} INFO - Filling up the DagBag from /home/airflow/.local/lib/python3.7/site-packages/airflow/example_dags/tutorial.py
[2024-11-09T17:22:24.418+0000] {processor.py:753} INFO - DAG(s) dict_keys(['tutorial']) retrieved from /home/airflow/.local/lib/python3.7/site-packages/airflow/example_dags/tutorial.py
[2024-11-09T17:22:24.437+0000] {logging_mixin.py:137} INFO - [2024-11-09T17:22:24.437+0000] {dag.py:2690} INFO - Sync 1 DAGs
[2024-11-09T17:22:24.452+0000] {logging_mixin.py:137} INFO - [2024-11-09T17:22:24.452+0000] {dag.py:3441} INFO - Setting next_dagrun for tutorial to 2024-11-08T17:22:24.451954+00:00, run_after=2024-11-09T17:22:24.451954+00:00
[2024-11-09T17:22:24.468+0000] {processor.py:175} INFO - Processing /home/airflow/.local/lib/python3.7/site-packages/airflow/example_dags/tutorial.py took 0.064 seconds
[2024-11-09T17:22:55.350+0000] {processor.py:153} INFO - Started process (PID=395) to work on /home/airflow/.local/lib/python3.7/site-packages/airflow/example_dags/tutorial.py
[2024-11-09T17:22:55.352+0000] {processor.py:743} INFO - Processing file /home/airflow/.local/lib/python3.7/site-packages/airflow/example_dags/tutorial.py for tasks to queue
[2024-11-09T17:22:55.352+0000] {logging_mixin.py:137} INFO - [2024-11-09T17:22:55.352+0000] {dagbag.py:538} INFO - Filling up the DagBag from /home/airflow/.local/lib/python3.7/site-packages/airflow/example_dags/tutorial.py
[2024-11-09T17:22:55.360+0000] {processor.py:753} INFO - DAG(s) dict_keys(['tutorial']) retrieved from /home/airflow/.local/lib/python3.7/site-packages/airflow/example_dags/tutorial.py
[2024-11-09T17:22:55.374+0000] {logging_mixin.py:137} INFO - [2024-11-09T17:22:55.374+0000] {dag.py:2690} INFO - Sync 1 DAGs
[2024-11-09T17:22:55.396+0000] {logging_mixin.py:137} INFO - [2024-11-09T17:22:55.395+0000] {dag.py:3441} INFO - Setting next_dagrun for tutorial to 2024-11-08T17:22:55.395852+00:00, run_after=2024-11-09T17:22:55.395852+00:00
[2024-11-09T17:22:55.408+0000] {processor.py:175} INFO - Processing /home/airflow/.local/lib/python3.7/site-packages/airflow/example_dags/tutorial.py took 0.060 seconds
[2024-11-09T17:23:26.197+0000] {processor.py:153} INFO - Started process (PID=482) to work on /home/airflow/.local/lib/python3.7/site-packages/airflow/example_dags/tutorial.py
[2024-11-09T17:23:26.198+0000] {processor.py:743} INFO - Processing file /home/airflow/.local/lib/python3.7/site-packages/airflow/example_dags/tutorial.py for tasks to queue
[2024-11-09T17:23:26.199+0000] {logging_mixin.py:137} INFO - [2024-11-09T17:23:26.199+0000] {dagbag.py:538} INFO - Filling up the DagBag from /home/airflow/.local/lib/python3.7/site-packages/airflow/example_dags/tutorial.py
[2024-11-09T17:23:26.207+0000] {processor.py:753} INFO - DAG(s) dict_keys(['tutorial']) retrieved from /home/airflow/.local/lib/python3.7/site-packages/airflow/example_dags/tutorial.py
[2024-11-09T17:23:26.224+0000] {logging_mixin.py:137} INFO - [2024-11-09T17:23:26.224+0000] {dag.py:2690} INFO - Sync 1 DAGs
[2024-11-09T17:23:26.239+0000] {logging_mixin.py:137} INFO - [2024-11-09T17:23:26.239+0000] {dag.py:3441} INFO - Setting next_dagrun for tutorial to 2024-11-08T17:23:26.239348+00:00, run_after=2024-11-09T17:23:26.239348+00:00
[2024-11-09T17:23:26.250+0000] {processor.py:175} INFO - Processing /home/airflow/.local/lib/python3.7/site-packages/airflow/example_dags/tutorial.py took 0.055 seconds
[2024-11-09T17:28:53.802+0000] {processor.py:153} INFO - Started process (PID=63) to work on /home/airflow/.local/lib/python3.7/site-packages/airflow/example_dags/tutorial.py
[2024-11-09T17:28:53.803+0000] {processor.py:743} INFO - Processing file /home/airflow/.local/lib/python3.7/site-packages/airflow/example_dags/tutorial.py for tasks to queue
[2024-11-09T17:28:53.805+0000] {logging_mixin.py:137} INFO - [2024-11-09T17:28:53.805+0000] {dagbag.py:538} INFO - Filling up the DagBag from /home/airflow/.local/lib/python3.7/site-packages/airflow/example_dags/tutorial.py
[2024-11-09T17:28:53.813+0000] {processor.py:753} INFO - DAG(s) dict_keys(['tutorial']) retrieved from /home/airflow/.local/lib/python3.7/site-packages/airflow/example_dags/tutorial.py
[2024-11-09T17:28:53.823+0000] {logging_mixin.py:137} INFO - [2024-11-09T17:28:53.823+0000] {dag.py:2690} INFO - Sync 1 DAGs
[2024-11-09T17:28:53.839+0000] {logging_mixin.py:137} INFO - [2024-11-09T17:28:53.839+0000] {dag.py:3441} INFO - Setting next_dagrun for tutorial to 2024-11-08T17:28:53.838926+00:00, run_after=2024-11-09T17:28:53.838926+00:00
[2024-11-09T17:28:53.853+0000] {processor.py:175} INFO - Processing /home/airflow/.local/lib/python3.7/site-packages/airflow/example_dags/tutorial.py took 0.052 seconds
[2024-11-09T17:29:24.582+0000] {processor.py:153} INFO - Started process (PID=150) to work on /home/airflow/.local/lib/python3.7/site-packages/airflow/example_dags/tutorial.py
[2024-11-09T17:29:24.583+0000] {processor.py:743} INFO - Processing file /home/airflow/.local/lib/python3.7/site-packages/airflow/example_dags/tutorial.py for tasks to queue
[2024-11-09T17:29:24.583+0000] {logging_mixin.py:137} INFO - [2024-11-09T17:29:24.583+0000] {dagbag.py:538} INFO - Filling up the DagBag from /home/airflow/.local/lib/python3.7/site-packages/airflow/example_dags/tutorial.py
[2024-11-09T17:29:24.592+0000] {processor.py:753} INFO - DAG(s) dict_keys(['tutorial']) retrieved from /home/airflow/.local/lib/python3.7/site-packages/airflow/example_dags/tutorial.py
[2024-11-09T17:29:24.605+0000] {logging_mixin.py:137} INFO - [2024-11-09T17:29:24.605+0000] {dag.py:2690} INFO - Sync 1 DAGs
[2024-11-09T17:29:24.624+0000] {logging_mixin.py:137} INFO - [2024-11-09T17:29:24.624+0000] {dag.py:3441} INFO - Setting next_dagrun for tutorial to 2024-11-08T17:29:24.623976+00:00, run_after=2024-11-09T17:29:24.623976+00:00
[2024-11-09T17:29:24.642+0000] {processor.py:175} INFO - Processing /home/airflow/.local/lib/python3.7/site-packages/airflow/example_dags/tutorial.py took 0.061 seconds
[2024-11-09T17:29:55.488+0000] {processor.py:153} INFO - Started process (PID=221) to work on /home/airflow/.local/lib/python3.7/site-packages/airflow/example_dags/tutorial.py
[2024-11-09T17:29:55.488+0000] {processor.py:743} INFO - Processing file /home/airflow/.local/lib/python3.7/site-packages/airflow/example_dags/tutorial.py for tasks to queue
[2024-11-09T17:29:55.489+0000] {logging_mixin.py:137} INFO - [2024-11-09T17:29:55.489+0000] {dagbag.py:538} INFO - Filling up the DagBag from /home/airflow/.local/lib/python3.7/site-packages/airflow/example_dags/tutorial.py
[2024-11-09T17:29:55.497+0000] {processor.py:753} INFO - DAG(s) dict_keys(['tutorial']) retrieved from /home/airflow/.local/lib/python3.7/site-packages/airflow/example_dags/tutorial.py
[2024-11-09T17:29:55.512+0000] {logging_mixin.py:137} INFO - [2024-11-09T17:29:55.512+0000] {dag.py:2690} INFO - Sync 1 DAGs
[2024-11-09T17:29:55.526+0000] {logging_mixin.py:137} INFO - [2024-11-09T17:29:55.526+0000] {dag.py:3441} INFO - Setting next_dagrun for tutorial to 2024-11-08T17:29:55.526226+00:00, run_after=2024-11-09T17:29:55.526226+00:00
[2024-11-09T17:29:55.544+0000] {processor.py:175} INFO - Processing /home/airflow/.local/lib/python3.7/site-packages/airflow/example_dags/tutorial.py took 0.058 seconds
[2024-11-09T17:30:14.781+0000] {processor.py:153} INFO - Started process (PID=63) to work on /home/airflow/.local/lib/python3.7/site-packages/airflow/example_dags/tutorial.py
[2024-11-09T17:30:14.782+0000] {processor.py:743} INFO - Processing file /home/airflow/.local/lib/python3.7/site-packages/airflow/example_dags/tutorial.py for tasks to queue
[2024-11-09T17:30:14.782+0000] {logging_mixin.py:137} INFO - [2024-11-09T17:30:14.782+0000] {dagbag.py:538} INFO - Filling up the DagBag from /home/airflow/.local/lib/python3.7/site-packages/airflow/example_dags/tutorial.py
[2024-11-09T17:30:14.790+0000] {processor.py:753} INFO - DAG(s) dict_keys(['tutorial']) retrieved from /home/airflow/.local/lib/python3.7/site-packages/airflow/example_dags/tutorial.py
[2024-11-09T17:30:14.797+0000] {logging_mixin.py:137} INFO - [2024-11-09T17:30:14.797+0000] {dag.py:2690} INFO - Sync 1 DAGs
[2024-11-09T17:30:14.813+0000] {logging_mixin.py:137} INFO - [2024-11-09T17:30:14.813+0000] {dag.py:3441} INFO - Setting next_dagrun for tutorial to 2024-11-08T17:30:14.813609+00:00, run_after=2024-11-09T17:30:14.813609+00:00
[2024-11-09T17:30:14.828+0000] {processor.py:175} INFO - Processing /home/airflow/.local/lib/python3.7/site-packages/airflow/example_dags/tutorial.py took 0.049 seconds
[2024-11-09T17:30:45.534+0000] {processor.py:153} INFO - Started process (PID=150) to work on /home/airflow/.local/lib/python3.7/site-packages/airflow/example_dags/tutorial.py
[2024-11-09T17:30:45.534+0000] {processor.py:743} INFO - Processing file /home/airflow/.local/lib/python3.7/site-packages/airflow/example_dags/tutorial.py for tasks to queue
[2024-11-09T17:30:45.534+0000] {logging_mixin.py:137} INFO - [2024-11-09T17:30:45.534+0000] {dagbag.py:538} INFO - Filling up the DagBag from /home/airflow/.local/lib/python3.7/site-packages/airflow/example_dags/tutorial.py
[2024-11-09T17:30:45.542+0000] {processor.py:753} INFO - DAG(s) dict_keys(['tutorial']) retrieved from /home/airflow/.local/lib/python3.7/site-packages/airflow/example_dags/tutorial.py
[2024-11-09T17:30:45.558+0000] {logging_mixin.py:137} INFO - [2024-11-09T17:30:45.558+0000] {dag.py:2690} INFO - Sync 1 DAGs
[2024-11-09T17:30:45.572+0000] {logging_mixin.py:137} INFO - [2024-11-09T17:30:45.572+0000] {dag.py:3441} INFO - Setting next_dagrun for tutorial to 2024-11-08T17:30:45.572178+00:00, run_after=2024-11-09T17:30:45.572178+00:00
[2024-11-09T17:30:45.581+0000] {processor.py:175} INFO - Processing /home/airflow/.local/lib/python3.7/site-packages/airflow/example_dags/tutorial.py took 0.050 seconds
[2024-11-09T17:31:16.222+0000] {processor.py:153} INFO - Started process (PID=221) to work on /home/airflow/.local/lib/python3.7/site-packages/airflow/example_dags/tutorial.py
[2024-11-09T17:31:16.223+0000] {processor.py:743} INFO - Processing file /home/airflow/.local/lib/python3.7/site-packages/airflow/example_dags/tutorial.py for tasks to queue
[2024-11-09T17:31:16.224+0000] {logging_mixin.py:137} INFO - [2024-11-09T17:31:16.224+0000] {dagbag.py:538} INFO - Filling up the DagBag from /home/airflow/.local/lib/python3.7/site-packages/airflow/example_dags/tutorial.py
[2024-11-09T17:31:16.232+0000] {processor.py:753} INFO - DAG(s) dict_keys(['tutorial']) retrieved from /home/airflow/.local/lib/python3.7/site-packages/airflow/example_dags/tutorial.py
[2024-11-09T17:31:16.248+0000] {logging_mixin.py:137} INFO - [2024-11-09T17:31:16.248+0000] {dag.py:2690} INFO - Sync 1 DAGs
[2024-11-09T17:31:16.261+0000] {logging_mixin.py:137} INFO - [2024-11-09T17:31:16.261+0000] {dag.py:3441} INFO - Setting next_dagrun for tutorial to 2024-11-08T17:31:16.261078+00:00, run_after=2024-11-09T17:31:16.261078+00:00
[2024-11-09T17:31:16.270+0000] {processor.py:175} INFO - Processing /home/airflow/.local/lib/python3.7/site-packages/airflow/example_dags/tutorial.py took 0.050 seconds
[2024-11-09T17:31:46.854+0000] {processor.py:153} INFO - Started process (PID=308) to work on /home/airflow/.local/lib/python3.7/site-packages/airflow/example_dags/tutorial.py
[2024-11-09T17:31:46.855+0000] {processor.py:743} INFO - Processing file /home/airflow/.local/lib/python3.7/site-packages/airflow/example_dags/tutorial.py for tasks to queue
[2024-11-09T17:31:46.856+0000] {logging_mixin.py:137} INFO - [2024-11-09T17:31:46.856+0000] {dagbag.py:538} INFO - Filling up the DagBag from /home/airflow/.local/lib/python3.7/site-packages/airflow/example_dags/tutorial.py
[2024-11-09T17:31:46.863+0000] {processor.py:753} INFO - DAG(s) dict_keys(['tutorial']) retrieved from /home/airflow/.local/lib/python3.7/site-packages/airflow/example_dags/tutorial.py
[2024-11-09T17:31:46.879+0000] {logging_mixin.py:137} INFO - [2024-11-09T17:31:46.879+0000] {dag.py:2690} INFO - Sync 1 DAGs
[2024-11-09T17:31:46.893+0000] {logging_mixin.py:137} INFO - [2024-11-09T17:31:46.893+0000] {dag.py:3441} INFO - Setting next_dagrun for tutorial to 2024-11-08T17:31:46.893154+00:00, run_after=2024-11-09T17:31:46.893154+00:00
[2024-11-09T17:31:46.904+0000] {processor.py:175} INFO - Processing /home/airflow/.local/lib/python3.7/site-packages/airflow/example_dags/tutorial.py took 0.052 seconds
[2024-11-09T17:32:17.423+0000] {processor.py:153} INFO - Started process (PID=395) to work on /home/airflow/.local/lib/python3.7/site-packages/airflow/example_dags/tutorial.py
[2024-11-09T17:32:17.425+0000] {processor.py:743} INFO - Processing file /home/airflow/.local/lib/python3.7/site-packages/airflow/example_dags/tutorial.py for tasks to queue
[2024-11-09T17:32:17.425+0000] {logging_mixin.py:137} INFO - [2024-11-09T17:32:17.425+0000] {dagbag.py:538} INFO - Filling up the DagBag from /home/airflow/.local/lib/python3.7/site-packages/airflow/example_dags/tutorial.py
[2024-11-09T17:32:17.433+0000] {processor.py:753} INFO - DAG(s) dict_keys(['tutorial']) retrieved from /home/airflow/.local/lib/python3.7/site-packages/airflow/example_dags/tutorial.py
[2024-11-09T17:32:17.445+0000] {logging_mixin.py:137} INFO - [2024-11-09T17:32:17.445+0000] {dag.py:2690} INFO - Sync 1 DAGs
[2024-11-09T17:32:17.460+0000] {logging_mixin.py:137} INFO - [2024-11-09T17:32:17.460+0000] {dag.py:3441} INFO - Setting next_dagrun for tutorial to 2024-11-08T17:32:17.460226+00:00, run_after=2024-11-09T17:32:17.460226+00:00
[2024-11-09T17:32:17.469+0000] {processor.py:175} INFO - Processing /home/airflow/.local/lib/python3.7/site-packages/airflow/example_dags/tutorial.py took 0.048 seconds
[2024-11-09T17:32:48.131+0000] {processor.py:153} INFO - Started process (PID=466) to work on /home/airflow/.local/lib/python3.7/site-packages/airflow/example_dags/tutorial.py
[2024-11-09T17:32:48.131+0000] {processor.py:743} INFO - Processing file /home/airflow/.local/lib/python3.7/site-packages/airflow/example_dags/tutorial.py for tasks to queue
[2024-11-09T17:32:48.132+0000] {logging_mixin.py:137} INFO - [2024-11-09T17:32:48.132+0000] {dagbag.py:538} INFO - Filling up the DagBag from /home/airflow/.local/lib/python3.7/site-packages/airflow/example_dags/tutorial.py
[2024-11-09T17:32:48.139+0000] {processor.py:753} INFO - DAG(s) dict_keys(['tutorial']) retrieved from /home/airflow/.local/lib/python3.7/site-packages/airflow/example_dags/tutorial.py
[2024-11-09T17:32:48.153+0000] {logging_mixin.py:137} INFO - [2024-11-09T17:32:48.151+0000] {dag.py:2690} INFO - Sync 1 DAGs
[2024-11-09T17:32:48.167+0000] {logging_mixin.py:137} INFO - [2024-11-09T17:32:48.167+0000] {dag.py:3441} INFO - Setting next_dagrun for tutorial to 2024-11-08T17:32:48.167590+00:00, run_after=2024-11-09T17:32:48.167590+00:00
[2024-11-09T17:32:48.177+0000] {processor.py:175} INFO - Processing /home/airflow/.local/lib/python3.7/site-packages/airflow/example_dags/tutorial.py took 0.048 seconds
