[2024-11-09T17:10:06.107+0000] {processor.py:153} INFO - Started process (PID=62) to work on /home/airflow/.local/lib/python3.7/site-packages/airflow/example_dags/tutorial_dag.py
[2024-11-09T17:10:06.108+0000] {processor.py:743} INFO - Processing file /home/airflow/.local/lib/python3.7/site-packages/airflow/example_dags/tutorial_dag.py for tasks to queue
[2024-11-09T17:10:06.108+0000] {logging_mixin.py:137} INFO - [2024-11-09T17:10:06.108+0000] {dagbag.py:538} INFO - Filling up the DagBag from /home/airflow/.local/lib/python3.7/site-packages/airflow/example_dags/tutorial_dag.py
[2024-11-09T17:10:06.117+0000] {processor.py:753} INFO - DAG(s) dict_keys(['tutorial_dag']) retrieved from /home/airflow/.local/lib/python3.7/site-packages/airflow/example_dags/tutorial_dag.py
[2024-11-09T17:10:06.125+0000] {logging_mixin.py:137} INFO - [2024-11-09T17:10:06.125+0000] {dag.py:2690} INFO - Sync 1 DAGs
[2024-11-09T17:10:06.142+0000] {logging_mixin.py:137} INFO - [2024-11-09T17:10:06.142+0000] {dag.py:3441} INFO - Setting next_dagrun for tutorial_dag to None, run_after=None
[2024-11-09T17:10:06.154+0000] {processor.py:175} INFO - Processing /home/airflow/.local/lib/python3.7/site-packages/airflow/example_dags/tutorial_dag.py took 0.049 seconds
[2024-11-09T17:10:36.881+0000] {processor.py:153} INFO - Started process (PID=148) to work on /home/airflow/.local/lib/python3.7/site-packages/airflow/example_dags/tutorial_dag.py
[2024-11-09T17:10:36.882+0000] {processor.py:743} INFO - Processing file /home/airflow/.local/lib/python3.7/site-packages/airflow/example_dags/tutorial_dag.py for tasks to queue
[2024-11-09T17:10:36.882+0000] {logging_mixin.py:137} INFO - [2024-11-09T17:10:36.882+0000] {dagbag.py:538} INFO - Filling up the DagBag from /home/airflow/.local/lib/python3.7/site-packages/airflow/example_dags/tutorial_dag.py
[2024-11-09T17:10:36.890+0000] {processor.py:753} INFO - DAG(s) dict_keys(['tutorial_dag']) retrieved from /home/airflow/.local/lib/python3.7/site-packages/airflow/example_dags/tutorial_dag.py
[2024-11-09T17:10:36.906+0000] {logging_mixin.py:137} INFO - [2024-11-09T17:10:36.905+0000] {dag.py:2690} INFO - Sync 1 DAGs
[2024-11-09T17:10:36.919+0000] {logging_mixin.py:137} INFO - [2024-11-09T17:10:36.919+0000] {dag.py:3441} INFO - Setting next_dagrun for tutorial_dag to None, run_after=None
[2024-11-09T17:10:36.929+0000] {processor.py:175} INFO - Processing /home/airflow/.local/lib/python3.7/site-packages/airflow/example_dags/tutorial_dag.py took 0.049 seconds
[2024-11-09T17:11:07.531+0000] {processor.py:153} INFO - Started process (PID=219) to work on /home/airflow/.local/lib/python3.7/site-packages/airflow/example_dags/tutorial_dag.py
[2024-11-09T17:11:07.531+0000] {processor.py:743} INFO - Processing file /home/airflow/.local/lib/python3.7/site-packages/airflow/example_dags/tutorial_dag.py for tasks to queue
[2024-11-09T17:11:07.532+0000] {logging_mixin.py:137} INFO - [2024-11-09T17:11:07.532+0000] {dagbag.py:538} INFO - Filling up the DagBag from /home/airflow/.local/lib/python3.7/site-packages/airflow/example_dags/tutorial_dag.py
[2024-11-09T17:11:07.540+0000] {processor.py:753} INFO - DAG(s) dict_keys(['tutorial_dag']) retrieved from /home/airflow/.local/lib/python3.7/site-packages/airflow/example_dags/tutorial_dag.py
[2024-11-09T17:11:07.556+0000] {logging_mixin.py:137} INFO - [2024-11-09T17:11:07.556+0000] {dag.py:2690} INFO - Sync 1 DAGs
[2024-11-09T17:11:07.569+0000] {logging_mixin.py:137} INFO - [2024-11-09T17:11:07.569+0000] {dag.py:3441} INFO - Setting next_dagrun for tutorial_dag to None, run_after=None
[2024-11-09T17:11:07.585+0000] {processor.py:175} INFO - Processing /home/airflow/.local/lib/python3.7/site-packages/airflow/example_dags/tutorial_dag.py took 0.057 seconds
[2024-11-09T17:11:38.391+0000] {processor.py:153} INFO - Started process (PID=306) to work on /home/airflow/.local/lib/python3.7/site-packages/airflow/example_dags/tutorial_dag.py
[2024-11-09T17:11:38.393+0000] {processor.py:743} INFO - Processing file /home/airflow/.local/lib/python3.7/site-packages/airflow/example_dags/tutorial_dag.py for tasks to queue
[2024-11-09T17:11:38.395+0000] {logging_mixin.py:137} INFO - [2024-11-09T17:11:38.395+0000] {dagbag.py:538} INFO - Filling up the DagBag from /home/airflow/.local/lib/python3.7/site-packages/airflow/example_dags/tutorial_dag.py
[2024-11-09T17:11:38.402+0000] {processor.py:753} INFO - DAG(s) dict_keys(['tutorial_dag']) retrieved from /home/airflow/.local/lib/python3.7/site-packages/airflow/example_dags/tutorial_dag.py
[2024-11-09T17:11:38.418+0000] {logging_mixin.py:137} INFO - [2024-11-09T17:11:38.418+0000] {dag.py:2690} INFO - Sync 1 DAGs
[2024-11-09T17:11:38.431+0000] {logging_mixin.py:137} INFO - [2024-11-09T17:11:38.431+0000] {dag.py:3441} INFO - Setting next_dagrun for tutorial_dag to None, run_after=None
[2024-11-09T17:11:38.440+0000] {processor.py:175} INFO - Processing /home/airflow/.local/lib/python3.7/site-packages/airflow/example_dags/tutorial_dag.py took 0.051 seconds
[2024-11-09T17:12:09.094+0000] {processor.py:153} INFO - Started process (PID=393) to work on /home/airflow/.local/lib/python3.7/site-packages/airflow/example_dags/tutorial_dag.py
[2024-11-09T17:12:09.094+0000] {processor.py:743} INFO - Processing file /home/airflow/.local/lib/python3.7/site-packages/airflow/example_dags/tutorial_dag.py for tasks to queue
[2024-11-09T17:12:09.095+0000] {logging_mixin.py:137} INFO - [2024-11-09T17:12:09.095+0000] {dagbag.py:538} INFO - Filling up the DagBag from /home/airflow/.local/lib/python3.7/site-packages/airflow/example_dags/tutorial_dag.py
[2024-11-09T17:12:09.101+0000] {processor.py:753} INFO - DAG(s) dict_keys(['tutorial_dag']) retrieved from /home/airflow/.local/lib/python3.7/site-packages/airflow/example_dags/tutorial_dag.py
[2024-11-09T17:12:09.117+0000] {logging_mixin.py:137} INFO - [2024-11-09T17:12:09.117+0000] {dag.py:2690} INFO - Sync 1 DAGs
[2024-11-09T17:12:09.130+0000] {logging_mixin.py:137} INFO - [2024-11-09T17:12:09.130+0000] {dag.py:3441} INFO - Setting next_dagrun for tutorial_dag to None, run_after=None
[2024-11-09T17:12:09.143+0000] {processor.py:175} INFO - Processing /home/airflow/.local/lib/python3.7/site-packages/airflow/example_dags/tutorial_dag.py took 0.051 seconds
[2024-11-09T17:12:39.723+0000] {processor.py:153} INFO - Started process (PID=480) to work on /home/airflow/.local/lib/python3.7/site-packages/airflow/example_dags/tutorial_dag.py
[2024-11-09T17:12:39.723+0000] {processor.py:743} INFO - Processing file /home/airflow/.local/lib/python3.7/site-packages/airflow/example_dags/tutorial_dag.py for tasks to queue
[2024-11-09T17:12:39.724+0000] {logging_mixin.py:137} INFO - [2024-11-09T17:12:39.724+0000] {dagbag.py:538} INFO - Filling up the DagBag from /home/airflow/.local/lib/python3.7/site-packages/airflow/example_dags/tutorial_dag.py
[2024-11-09T17:12:39.732+0000] {processor.py:753} INFO - DAG(s) dict_keys(['tutorial_dag']) retrieved from /home/airflow/.local/lib/python3.7/site-packages/airflow/example_dags/tutorial_dag.py
[2024-11-09T17:12:39.747+0000] {logging_mixin.py:137} INFO - [2024-11-09T17:12:39.747+0000] {dag.py:2690} INFO - Sync 1 DAGs
[2024-11-09T17:12:39.760+0000] {logging_mixin.py:137} INFO - [2024-11-09T17:12:39.760+0000] {dag.py:3441} INFO - Setting next_dagrun for tutorial_dag to None, run_after=None
[2024-11-09T17:12:39.772+0000] {processor.py:175} INFO - Processing /home/airflow/.local/lib/python3.7/site-packages/airflow/example_dags/tutorial_dag.py took 0.051 seconds
[2024-11-09T17:13:10.364+0000] {processor.py:153} INFO - Started process (PID=551) to work on /home/airflow/.local/lib/python3.7/site-packages/airflow/example_dags/tutorial_dag.py
[2024-11-09T17:13:10.365+0000] {processor.py:743} INFO - Processing file /home/airflow/.local/lib/python3.7/site-packages/airflow/example_dags/tutorial_dag.py for tasks to queue
[2024-11-09T17:13:10.365+0000] {logging_mixin.py:137} INFO - [2024-11-09T17:13:10.365+0000] {dagbag.py:538} INFO - Filling up the DagBag from /home/airflow/.local/lib/python3.7/site-packages/airflow/example_dags/tutorial_dag.py
[2024-11-09T17:13:10.376+0000] {processor.py:753} INFO - DAG(s) dict_keys(['tutorial_dag']) retrieved from /home/airflow/.local/lib/python3.7/site-packages/airflow/example_dags/tutorial_dag.py
[2024-11-09T17:13:10.391+0000] {logging_mixin.py:137} INFO - [2024-11-09T17:13:10.391+0000] {dag.py:2690} INFO - Sync 1 DAGs
[2024-11-09T17:13:10.404+0000] {logging_mixin.py:137} INFO - [2024-11-09T17:13:10.404+0000] {dag.py:3441} INFO - Setting next_dagrun for tutorial_dag to None, run_after=None
[2024-11-09T17:13:10.415+0000] {processor.py:175} INFO - Processing /home/airflow/.local/lib/python3.7/site-packages/airflow/example_dags/tutorial_dag.py took 0.053 seconds
[2024-11-09T17:13:42.307+0000] {processor.py:153} INFO - Started process (PID=638) to work on /home/airflow/.local/lib/python3.7/site-packages/airflow/example_dags/tutorial_dag.py
[2024-11-09T17:13:42.308+0000] {processor.py:743} INFO - Processing file /home/airflow/.local/lib/python3.7/site-packages/airflow/example_dags/tutorial_dag.py for tasks to queue
[2024-11-09T17:13:42.309+0000] {logging_mixin.py:137} INFO - [2024-11-09T17:13:42.309+0000] {dagbag.py:538} INFO - Filling up the DagBag from /home/airflow/.local/lib/python3.7/site-packages/airflow/example_dags/tutorial_dag.py
[2024-11-09T17:13:42.318+0000] {processor.py:753} INFO - DAG(s) dict_keys(['tutorial_dag']) retrieved from /home/airflow/.local/lib/python3.7/site-packages/airflow/example_dags/tutorial_dag.py
[2024-11-09T17:13:42.344+0000] {logging_mixin.py:137} INFO - [2024-11-09T17:13:42.344+0000] {dag.py:2690} INFO - Sync 1 DAGs
[2024-11-09T17:13:42.363+0000] {logging_mixin.py:137} INFO - [2024-11-09T17:13:42.363+0000] {dag.py:3441} INFO - Setting next_dagrun for tutorial_dag to None, run_after=None
[2024-11-09T17:13:42.383+0000] {processor.py:175} INFO - Processing /home/airflow/.local/lib/python3.7/site-packages/airflow/example_dags/tutorial_dag.py took 0.078 seconds
[2024-11-09T17:14:12.421+0000] {processor.py:153} INFO - Started process (PID=725) to work on /home/airflow/.local/lib/python3.7/site-packages/airflow/example_dags/tutorial_dag.py
[2024-11-09T17:14:12.422+0000] {processor.py:743} INFO - Processing file /home/airflow/.local/lib/python3.7/site-packages/airflow/example_dags/tutorial_dag.py for tasks to queue
[2024-11-09T17:14:12.423+0000] {logging_mixin.py:137} INFO - [2024-11-09T17:14:12.423+0000] {dagbag.py:538} INFO - Filling up the DagBag from /home/airflow/.local/lib/python3.7/site-packages/airflow/example_dags/tutorial_dag.py
[2024-11-09T17:14:12.432+0000] {processor.py:753} INFO - DAG(s) dict_keys(['tutorial_dag']) retrieved from /home/airflow/.local/lib/python3.7/site-packages/airflow/example_dags/tutorial_dag.py
[2024-11-09T17:14:12.445+0000] {logging_mixin.py:137} INFO - [2024-11-09T17:14:12.445+0000] {dag.py:2690} INFO - Sync 1 DAGs
[2024-11-09T17:14:12.459+0000] {logging_mixin.py:137} INFO - [2024-11-09T17:14:12.459+0000] {dag.py:3441} INFO - Setting next_dagrun for tutorial_dag to None, run_after=None
[2024-11-09T17:14:12.476+0000] {processor.py:175} INFO - Processing /home/airflow/.local/lib/python3.7/site-packages/airflow/example_dags/tutorial_dag.py took 0.057 seconds
[2024-11-09T17:14:43.236+0000] {processor.py:153} INFO - Started process (PID=796) to work on /home/airflow/.local/lib/python3.7/site-packages/airflow/example_dags/tutorial_dag.py
[2024-11-09T17:14:43.237+0000] {processor.py:743} INFO - Processing file /home/airflow/.local/lib/python3.7/site-packages/airflow/example_dags/tutorial_dag.py for tasks to queue
[2024-11-09T17:14:43.238+0000] {logging_mixin.py:137} INFO - [2024-11-09T17:14:43.238+0000] {dagbag.py:538} INFO - Filling up the DagBag from /home/airflow/.local/lib/python3.7/site-packages/airflow/example_dags/tutorial_dag.py
[2024-11-09T17:14:43.247+0000] {processor.py:753} INFO - DAG(s) dict_keys(['tutorial_dag']) retrieved from /home/airflow/.local/lib/python3.7/site-packages/airflow/example_dags/tutorial_dag.py
[2024-11-09T17:14:43.265+0000] {logging_mixin.py:137} INFO - [2024-11-09T17:14:43.265+0000] {dag.py:2690} INFO - Sync 1 DAGs
[2024-11-09T17:14:43.279+0000] {logging_mixin.py:137} INFO - [2024-11-09T17:14:43.279+0000] {dag.py:3441} INFO - Setting next_dagrun for tutorial_dag to None, run_after=None
[2024-11-09T17:14:43.292+0000] {processor.py:175} INFO - Processing /home/airflow/.local/lib/python3.7/site-packages/airflow/example_dags/tutorial_dag.py took 0.057 seconds
[2024-11-09T17:15:14.000+0000] {processor.py:153} INFO - Started process (PID=883) to work on /home/airflow/.local/lib/python3.7/site-packages/airflow/example_dags/tutorial_dag.py
[2024-11-09T17:15:14.001+0000] {processor.py:743} INFO - Processing file /home/airflow/.local/lib/python3.7/site-packages/airflow/example_dags/tutorial_dag.py for tasks to queue
[2024-11-09T17:15:14.001+0000] {logging_mixin.py:137} INFO - [2024-11-09T17:15:14.001+0000] {dagbag.py:538} INFO - Filling up the DagBag from /home/airflow/.local/lib/python3.7/site-packages/airflow/example_dags/tutorial_dag.py
[2024-11-09T17:15:14.008+0000] {processor.py:753} INFO - DAG(s) dict_keys(['tutorial_dag']) retrieved from /home/airflow/.local/lib/python3.7/site-packages/airflow/example_dags/tutorial_dag.py
[2024-11-09T17:15:14.027+0000] {logging_mixin.py:137} INFO - [2024-11-09T17:15:14.027+0000] {dag.py:2690} INFO - Sync 1 DAGs
[2024-11-09T17:15:14.044+0000] {logging_mixin.py:137} INFO - [2024-11-09T17:15:14.044+0000] {dag.py:3441} INFO - Setting next_dagrun for tutorial_dag to None, run_after=None
[2024-11-09T17:15:14.058+0000] {processor.py:175} INFO - Processing /home/airflow/.local/lib/python3.7/site-packages/airflow/example_dags/tutorial_dag.py took 0.060 seconds
[2024-11-09T17:15:44.978+0000] {processor.py:153} INFO - Started process (PID=970) to work on /home/airflow/.local/lib/python3.7/site-packages/airflow/example_dags/tutorial_dag.py
[2024-11-09T17:15:44.979+0000] {processor.py:743} INFO - Processing file /home/airflow/.local/lib/python3.7/site-packages/airflow/example_dags/tutorial_dag.py for tasks to queue
[2024-11-09T17:15:44.979+0000] {logging_mixin.py:137} INFO - [2024-11-09T17:15:44.979+0000] {dagbag.py:538} INFO - Filling up the DagBag from /home/airflow/.local/lib/python3.7/site-packages/airflow/example_dags/tutorial_dag.py
[2024-11-09T17:15:44.986+0000] {processor.py:753} INFO - DAG(s) dict_keys(['tutorial_dag']) retrieved from /home/airflow/.local/lib/python3.7/site-packages/airflow/example_dags/tutorial_dag.py
[2024-11-09T17:15:45.004+0000] {logging_mixin.py:137} INFO - [2024-11-09T17:15:45.004+0000] {dag.py:2690} INFO - Sync 1 DAGs
[2024-11-09T17:15:45.022+0000] {logging_mixin.py:137} INFO - [2024-11-09T17:15:45.022+0000] {dag.py:3441} INFO - Setting next_dagrun for tutorial_dag to None, run_after=None
[2024-11-09T17:15:45.040+0000] {processor.py:175} INFO - Processing /home/airflow/.local/lib/python3.7/site-packages/airflow/example_dags/tutorial_dag.py took 0.063 seconds
[2024-11-09T17:16:15.745+0000] {processor.py:153} INFO - Started process (PID=1050) to work on /home/airflow/.local/lib/python3.7/site-packages/airflow/example_dags/tutorial_dag.py
[2024-11-09T17:16:15.746+0000] {processor.py:743} INFO - Processing file /home/airflow/.local/lib/python3.7/site-packages/airflow/example_dags/tutorial_dag.py for tasks to queue
[2024-11-09T17:16:15.746+0000] {logging_mixin.py:137} INFO - [2024-11-09T17:16:15.746+0000] {dagbag.py:538} INFO - Filling up the DagBag from /home/airflow/.local/lib/python3.7/site-packages/airflow/example_dags/tutorial_dag.py
[2024-11-09T17:16:15.758+0000] {processor.py:753} INFO - DAG(s) dict_keys(['tutorial_dag']) retrieved from /home/airflow/.local/lib/python3.7/site-packages/airflow/example_dags/tutorial_dag.py
[2024-11-09T17:16:15.775+0000] {logging_mixin.py:137} INFO - [2024-11-09T17:16:15.775+0000] {dag.py:2690} INFO - Sync 1 DAGs
[2024-11-09T17:16:15.798+0000] {logging_mixin.py:137} INFO - [2024-11-09T17:16:15.798+0000] {dag.py:3441} INFO - Setting next_dagrun for tutorial_dag to None, run_after=None
[2024-11-09T17:16:15.814+0000] {processor.py:175} INFO - Processing /home/airflow/.local/lib/python3.7/site-packages/airflow/example_dags/tutorial_dag.py took 0.071 seconds
[2024-11-09T17:16:46.872+0000] {processor.py:153} INFO - Started process (PID=1127) to work on /home/airflow/.local/lib/python3.7/site-packages/airflow/example_dags/tutorial_dag.py
[2024-11-09T17:16:46.873+0000] {processor.py:743} INFO - Processing file /home/airflow/.local/lib/python3.7/site-packages/airflow/example_dags/tutorial_dag.py for tasks to queue
[2024-11-09T17:16:46.874+0000] {logging_mixin.py:137} INFO - [2024-11-09T17:16:46.874+0000] {dagbag.py:538} INFO - Filling up the DagBag from /home/airflow/.local/lib/python3.7/site-packages/airflow/example_dags/tutorial_dag.py
[2024-11-09T17:16:46.881+0000] {processor.py:753} INFO - DAG(s) dict_keys(['tutorial_dag']) retrieved from /home/airflow/.local/lib/python3.7/site-packages/airflow/example_dags/tutorial_dag.py
[2024-11-09T17:16:46.899+0000] {logging_mixin.py:137} INFO - [2024-11-09T17:16:46.899+0000] {dag.py:2690} INFO - Sync 1 DAGs
[2024-11-09T17:16:46.913+0000] {logging_mixin.py:137} INFO - [2024-11-09T17:16:46.913+0000] {dag.py:3441} INFO - Setting next_dagrun for tutorial_dag to None, run_after=None
[2024-11-09T17:16:46.925+0000] {processor.py:175} INFO - Processing /home/airflow/.local/lib/python3.7/site-packages/airflow/example_dags/tutorial_dag.py took 0.054 seconds
[2024-11-09T17:17:17.700+0000] {processor.py:153} INFO - Started process (PID=1214) to work on /home/airflow/.local/lib/python3.7/site-packages/airflow/example_dags/tutorial_dag.py
[2024-11-09T17:17:17.701+0000] {processor.py:743} INFO - Processing file /home/airflow/.local/lib/python3.7/site-packages/airflow/example_dags/tutorial_dag.py for tasks to queue
[2024-11-09T17:17:17.702+0000] {logging_mixin.py:137} INFO - [2024-11-09T17:17:17.702+0000] {dagbag.py:538} INFO - Filling up the DagBag from /home/airflow/.local/lib/python3.7/site-packages/airflow/example_dags/tutorial_dag.py
[2024-11-09T17:17:17.708+0000] {processor.py:753} INFO - DAG(s) dict_keys(['tutorial_dag']) retrieved from /home/airflow/.local/lib/python3.7/site-packages/airflow/example_dags/tutorial_dag.py
[2024-11-09T17:17:17.721+0000] {logging_mixin.py:137} INFO - [2024-11-09T17:17:17.721+0000] {dag.py:2690} INFO - Sync 1 DAGs
[2024-11-09T17:17:17.737+0000] {logging_mixin.py:137} INFO - [2024-11-09T17:17:17.737+0000] {dag.py:3441} INFO - Setting next_dagrun for tutorial_dag to None, run_after=None
[2024-11-09T17:17:17.749+0000] {processor.py:175} INFO - Processing /home/airflow/.local/lib/python3.7/site-packages/airflow/example_dags/tutorial_dag.py took 0.051 seconds
[2024-11-09T17:17:48.533+0000] {processor.py:153} INFO - Started process (PID=1301) to work on /home/airflow/.local/lib/python3.7/site-packages/airflow/example_dags/tutorial_dag.py
[2024-11-09T17:17:48.534+0000] {processor.py:743} INFO - Processing file /home/airflow/.local/lib/python3.7/site-packages/airflow/example_dags/tutorial_dag.py for tasks to queue
[2024-11-09T17:17:48.534+0000] {logging_mixin.py:137} INFO - [2024-11-09T17:17:48.534+0000] {dagbag.py:538} INFO - Filling up the DagBag from /home/airflow/.local/lib/python3.7/site-packages/airflow/example_dags/tutorial_dag.py
[2024-11-09T17:17:48.541+0000] {processor.py:753} INFO - DAG(s) dict_keys(['tutorial_dag']) retrieved from /home/airflow/.local/lib/python3.7/site-packages/airflow/example_dags/tutorial_dag.py
[2024-11-09T17:17:48.557+0000] {logging_mixin.py:137} INFO - [2024-11-09T17:17:48.557+0000] {dag.py:2690} INFO - Sync 1 DAGs
[2024-11-09T17:17:48.575+0000] {logging_mixin.py:137} INFO - [2024-11-09T17:17:48.575+0000] {dag.py:3441} INFO - Setting next_dagrun for tutorial_dag to None, run_after=None
[2024-11-09T17:17:48.587+0000] {processor.py:175} INFO - Processing /home/airflow/.local/lib/python3.7/site-packages/airflow/example_dags/tutorial_dag.py took 0.055 seconds
[2024-11-09T17:18:19.353+0000] {processor.py:153} INFO - Started process (PID=1372) to work on /home/airflow/.local/lib/python3.7/site-packages/airflow/example_dags/tutorial_dag.py
[2024-11-09T17:18:19.353+0000] {processor.py:743} INFO - Processing file /home/airflow/.local/lib/python3.7/site-packages/airflow/example_dags/tutorial_dag.py for tasks to queue
[2024-11-09T17:18:19.354+0000] {logging_mixin.py:137} INFO - [2024-11-09T17:18:19.354+0000] {dagbag.py:538} INFO - Filling up the DagBag from /home/airflow/.local/lib/python3.7/site-packages/airflow/example_dags/tutorial_dag.py
[2024-11-09T17:18:19.360+0000] {processor.py:753} INFO - DAG(s) dict_keys(['tutorial_dag']) retrieved from /home/airflow/.local/lib/python3.7/site-packages/airflow/example_dags/tutorial_dag.py
[2024-11-09T17:18:19.373+0000] {logging_mixin.py:137} INFO - [2024-11-09T17:18:19.373+0000] {dag.py:2690} INFO - Sync 1 DAGs
[2024-11-09T17:18:19.384+0000] {logging_mixin.py:137} INFO - [2024-11-09T17:18:19.384+0000] {dag.py:3441} INFO - Setting next_dagrun for tutorial_dag to None, run_after=None
[2024-11-09T17:18:19.393+0000] {processor.py:175} INFO - Processing /home/airflow/.local/lib/python3.7/site-packages/airflow/example_dags/tutorial_dag.py took 0.042 seconds
[2024-11-09T17:18:50.269+0000] {processor.py:153} INFO - Started process (PID=1459) to work on /home/airflow/.local/lib/python3.7/site-packages/airflow/example_dags/tutorial_dag.py
[2024-11-09T17:18:50.270+0000] {processor.py:743} INFO - Processing file /home/airflow/.local/lib/python3.7/site-packages/airflow/example_dags/tutorial_dag.py for tasks to queue
[2024-11-09T17:18:50.270+0000] {logging_mixin.py:137} INFO - [2024-11-09T17:18:50.270+0000] {dagbag.py:538} INFO - Filling up the DagBag from /home/airflow/.local/lib/python3.7/site-packages/airflow/example_dags/tutorial_dag.py
[2024-11-09T17:18:50.278+0000] {processor.py:753} INFO - DAG(s) dict_keys(['tutorial_dag']) retrieved from /home/airflow/.local/lib/python3.7/site-packages/airflow/example_dags/tutorial_dag.py
[2024-11-09T17:18:50.293+0000] {logging_mixin.py:137} INFO - [2024-11-09T17:18:50.293+0000] {dag.py:2690} INFO - Sync 1 DAGs
[2024-11-09T17:18:50.307+0000] {logging_mixin.py:137} INFO - [2024-11-09T17:18:50.307+0000] {dag.py:3441} INFO - Setting next_dagrun for tutorial_dag to None, run_after=None
[2024-11-09T17:18:50.319+0000] {processor.py:175} INFO - Processing /home/airflow/.local/lib/python3.7/site-packages/airflow/example_dags/tutorial_dag.py took 0.052 seconds
[2024-11-09T17:19:21.095+0000] {processor.py:153} INFO - Started process (PID=1546) to work on /home/airflow/.local/lib/python3.7/site-packages/airflow/example_dags/tutorial_dag.py
[2024-11-09T17:19:21.096+0000] {processor.py:743} INFO - Processing file /home/airflow/.local/lib/python3.7/site-packages/airflow/example_dags/tutorial_dag.py for tasks to queue
[2024-11-09T17:19:21.096+0000] {logging_mixin.py:137} INFO - [2024-11-09T17:19:21.096+0000] {dagbag.py:538} INFO - Filling up the DagBag from /home/airflow/.local/lib/python3.7/site-packages/airflow/example_dags/tutorial_dag.py
[2024-11-09T17:19:21.102+0000] {processor.py:753} INFO - DAG(s) dict_keys(['tutorial_dag']) retrieved from /home/airflow/.local/lib/python3.7/site-packages/airflow/example_dags/tutorial_dag.py
[2024-11-09T17:19:21.116+0000] {logging_mixin.py:137} INFO - [2024-11-09T17:19:21.116+0000] {dag.py:2690} INFO - Sync 1 DAGs
[2024-11-09T17:19:21.127+0000] {logging_mixin.py:137} INFO - [2024-11-09T17:19:21.127+0000] {dag.py:3441} INFO - Setting next_dagrun for tutorial_dag to None, run_after=None
[2024-11-09T17:19:21.137+0000] {processor.py:175} INFO - Processing /home/airflow/.local/lib/python3.7/site-packages/airflow/example_dags/tutorial_dag.py took 0.043 seconds
[2024-11-09T17:19:52.146+0000] {processor.py:153} INFO - Started process (PID=1633) to work on /home/airflow/.local/lib/python3.7/site-packages/airflow/example_dags/tutorial_dag.py
[2024-11-09T17:19:52.147+0000] {processor.py:743} INFO - Processing file /home/airflow/.local/lib/python3.7/site-packages/airflow/example_dags/tutorial_dag.py for tasks to queue
[2024-11-09T17:19:52.148+0000] {logging_mixin.py:137} INFO - [2024-11-09T17:19:52.148+0000] {dagbag.py:538} INFO - Filling up the DagBag from /home/airflow/.local/lib/python3.7/site-packages/airflow/example_dags/tutorial_dag.py
[2024-11-09T17:19:52.157+0000] {processor.py:753} INFO - DAG(s) dict_keys(['tutorial_dag']) retrieved from /home/airflow/.local/lib/python3.7/site-packages/airflow/example_dags/tutorial_dag.py
[2024-11-09T17:19:52.176+0000] {logging_mixin.py:137} INFO - [2024-11-09T17:19:52.176+0000] {dag.py:2690} INFO - Sync 1 DAGs
[2024-11-09T17:19:52.197+0000] {logging_mixin.py:137} INFO - [2024-11-09T17:19:52.197+0000] {dag.py:3441} INFO - Setting next_dagrun for tutorial_dag to None, run_after=None
[2024-11-09T17:19:52.216+0000] {processor.py:175} INFO - Processing /home/airflow/.local/lib/python3.7/site-packages/airflow/example_dags/tutorial_dag.py took 0.072 seconds
[2024-11-09T17:20:23.002+0000] {processor.py:153} INFO - Started process (PID=1713) to work on /home/airflow/.local/lib/python3.7/site-packages/airflow/example_dags/tutorial_dag.py
[2024-11-09T17:20:23.003+0000] {processor.py:743} INFO - Processing file /home/airflow/.local/lib/python3.7/site-packages/airflow/example_dags/tutorial_dag.py for tasks to queue
[2024-11-09T17:20:23.004+0000] {logging_mixin.py:137} INFO - [2024-11-09T17:20:23.004+0000] {dagbag.py:538} INFO - Filling up the DagBag from /home/airflow/.local/lib/python3.7/site-packages/airflow/example_dags/tutorial_dag.py
[2024-11-09T17:20:23.011+0000] {processor.py:753} INFO - DAG(s) dict_keys(['tutorial_dag']) retrieved from /home/airflow/.local/lib/python3.7/site-packages/airflow/example_dags/tutorial_dag.py
[2024-11-09T17:20:23.025+0000] {logging_mixin.py:137} INFO - [2024-11-09T17:20:23.025+0000] {dag.py:2690} INFO - Sync 1 DAGs
[2024-11-09T17:20:23.039+0000] {logging_mixin.py:137} INFO - [2024-11-09T17:20:23.039+0000] {dag.py:3441} INFO - Setting next_dagrun for tutorial_dag to None, run_after=None
[2024-11-09T17:20:23.050+0000] {processor.py:175} INFO - Processing /home/airflow/.local/lib/python3.7/site-packages/airflow/example_dags/tutorial_dag.py took 0.050 seconds
[2024-11-09T17:20:51.214+0000] {processor.py:153} INFO - Started process (PID=52) to work on /home/airflow/.local/lib/python3.7/site-packages/airflow/example_dags/tutorial_dag.py
[2024-11-09T17:20:51.215+0000] {processor.py:743} INFO - Processing file /home/airflow/.local/lib/python3.7/site-packages/airflow/example_dags/tutorial_dag.py for tasks to queue
[2024-11-09T17:20:51.216+0000] {logging_mixin.py:137} INFO - [2024-11-09T17:20:51.216+0000] {dagbag.py:538} INFO - Filling up the DagBag from /home/airflow/.local/lib/python3.7/site-packages/airflow/example_dags/tutorial_dag.py
[2024-11-09T17:20:51.223+0000] {processor.py:753} INFO - DAG(s) dict_keys(['tutorial_dag']) retrieved from /home/airflow/.local/lib/python3.7/site-packages/airflow/example_dags/tutorial_dag.py
[2024-11-09T17:20:51.233+0000] {logging_mixin.py:137} INFO - [2024-11-09T17:20:51.233+0000] {dag.py:2690} INFO - Sync 1 DAGs
[2024-11-09T17:20:51.249+0000] {logging_mixin.py:137} INFO - [2024-11-09T17:20:51.248+0000] {dag.py:3441} INFO - Setting next_dagrun for tutorial_dag to None, run_after=None
[2024-11-09T17:20:51.262+0000] {processor.py:175} INFO - Processing /home/airflow/.local/lib/python3.7/site-packages/airflow/example_dags/tutorial_dag.py took 0.051 seconds
[2024-11-09T17:21:22.136+0000] {processor.py:153} INFO - Started process (PID=139) to work on /home/airflow/.local/lib/python3.7/site-packages/airflow/example_dags/tutorial_dag.py
[2024-11-09T17:21:22.137+0000] {processor.py:743} INFO - Processing file /home/airflow/.local/lib/python3.7/site-packages/airflow/example_dags/tutorial_dag.py for tasks to queue
[2024-11-09T17:21:22.138+0000] {logging_mixin.py:137} INFO - [2024-11-09T17:21:22.138+0000] {dagbag.py:538} INFO - Filling up the DagBag from /home/airflow/.local/lib/python3.7/site-packages/airflow/example_dags/tutorial_dag.py
[2024-11-09T17:21:22.145+0000] {processor.py:753} INFO - DAG(s) dict_keys(['tutorial_dag']) retrieved from /home/airflow/.local/lib/python3.7/site-packages/airflow/example_dags/tutorial_dag.py
[2024-11-09T17:21:22.164+0000] {logging_mixin.py:137} INFO - [2024-11-09T17:21:22.164+0000] {dag.py:2690} INFO - Sync 1 DAGs
[2024-11-09T17:21:22.183+0000] {logging_mixin.py:137} INFO - [2024-11-09T17:21:22.183+0000] {dag.py:3441} INFO - Setting next_dagrun for tutorial_dag to None, run_after=None
[2024-11-09T17:21:22.196+0000] {processor.py:175} INFO - Processing /home/airflow/.local/lib/python3.7/site-packages/airflow/example_dags/tutorial_dag.py took 0.062 seconds
[2024-11-09T17:21:52.917+0000] {processor.py:153} INFO - Started process (PID=210) to work on /home/airflow/.local/lib/python3.7/site-packages/airflow/example_dags/tutorial_dag.py
[2024-11-09T17:21:52.918+0000] {processor.py:743} INFO - Processing file /home/airflow/.local/lib/python3.7/site-packages/airflow/example_dags/tutorial_dag.py for tasks to queue
[2024-11-09T17:21:52.918+0000] {logging_mixin.py:137} INFO - [2024-11-09T17:21:52.918+0000] {dagbag.py:538} INFO - Filling up the DagBag from /home/airflow/.local/lib/python3.7/site-packages/airflow/example_dags/tutorial_dag.py
[2024-11-09T17:21:52.926+0000] {processor.py:753} INFO - DAG(s) dict_keys(['tutorial_dag']) retrieved from /home/airflow/.local/lib/python3.7/site-packages/airflow/example_dags/tutorial_dag.py
[2024-11-09T17:21:52.944+0000] {logging_mixin.py:137} INFO - [2024-11-09T17:21:52.944+0000] {dag.py:2690} INFO - Sync 1 DAGs
[2024-11-09T17:21:52.958+0000] {logging_mixin.py:137} INFO - [2024-11-09T17:21:52.958+0000] {dag.py:3441} INFO - Setting next_dagrun for tutorial_dag to None, run_after=None
[2024-11-09T17:21:52.973+0000] {processor.py:175} INFO - Processing /home/airflow/.local/lib/python3.7/site-packages/airflow/example_dags/tutorial_dag.py took 0.058 seconds
[2024-11-09T17:22:23.952+0000] {processor.py:153} INFO - Started process (PID=297) to work on /home/airflow/.local/lib/python3.7/site-packages/airflow/example_dags/tutorial_dag.py
[2024-11-09T17:22:23.953+0000] {processor.py:743} INFO - Processing file /home/airflow/.local/lib/python3.7/site-packages/airflow/example_dags/tutorial_dag.py for tasks to queue
[2024-11-09T17:22:23.953+0000] {logging_mixin.py:137} INFO - [2024-11-09T17:22:23.953+0000] {dagbag.py:538} INFO - Filling up the DagBag from /home/airflow/.local/lib/python3.7/site-packages/airflow/example_dags/tutorial_dag.py
[2024-11-09T17:22:23.961+0000] {processor.py:753} INFO - DAG(s) dict_keys(['tutorial_dag']) retrieved from /home/airflow/.local/lib/python3.7/site-packages/airflow/example_dags/tutorial_dag.py
[2024-11-09T17:22:23.978+0000] {logging_mixin.py:137} INFO - [2024-11-09T17:22:23.978+0000] {dag.py:2690} INFO - Sync 1 DAGs
[2024-11-09T17:22:23.994+0000] {logging_mixin.py:137} INFO - [2024-11-09T17:22:23.994+0000] {dag.py:3441} INFO - Setting next_dagrun for tutorial_dag to None, run_after=None
[2024-11-09T17:22:24.007+0000] {processor.py:175} INFO - Processing /home/airflow/.local/lib/python3.7/site-packages/airflow/example_dags/tutorial_dag.py took 0.058 seconds
[2024-11-09T17:22:54.866+0000] {processor.py:153} INFO - Started process (PID=384) to work on /home/airflow/.local/lib/python3.7/site-packages/airflow/example_dags/tutorial_dag.py
[2024-11-09T17:22:54.867+0000] {processor.py:743} INFO - Processing file /home/airflow/.local/lib/python3.7/site-packages/airflow/example_dags/tutorial_dag.py for tasks to queue
[2024-11-09T17:22:54.867+0000] {logging_mixin.py:137} INFO - [2024-11-09T17:22:54.867+0000] {dagbag.py:538} INFO - Filling up the DagBag from /home/airflow/.local/lib/python3.7/site-packages/airflow/example_dags/tutorial_dag.py
[2024-11-09T17:22:54.874+0000] {processor.py:753} INFO - DAG(s) dict_keys(['tutorial_dag']) retrieved from /home/airflow/.local/lib/python3.7/site-packages/airflow/example_dags/tutorial_dag.py
[2024-11-09T17:22:54.888+0000] {logging_mixin.py:137} INFO - [2024-11-09T17:22:54.888+0000] {dag.py:2690} INFO - Sync 1 DAGs
[2024-11-09T17:22:54.905+0000] {logging_mixin.py:137} INFO - [2024-11-09T17:22:54.905+0000] {dag.py:3441} INFO - Setting next_dagrun for tutorial_dag to None, run_after=None
[2024-11-09T17:22:54.920+0000] {processor.py:175} INFO - Processing /home/airflow/.local/lib/python3.7/site-packages/airflow/example_dags/tutorial_dag.py took 0.056 seconds
[2024-11-09T17:23:25.705+0000] {processor.py:153} INFO - Started process (PID=464) to work on /home/airflow/.local/lib/python3.7/site-packages/airflow/example_dags/tutorial_dag.py
[2024-11-09T17:23:25.706+0000] {processor.py:743} INFO - Processing file /home/airflow/.local/lib/python3.7/site-packages/airflow/example_dags/tutorial_dag.py for tasks to queue
[2024-11-09T17:23:25.706+0000] {logging_mixin.py:137} INFO - [2024-11-09T17:23:25.706+0000] {dagbag.py:538} INFO - Filling up the DagBag from /home/airflow/.local/lib/python3.7/site-packages/airflow/example_dags/tutorial_dag.py
[2024-11-09T17:23:25.714+0000] {processor.py:753} INFO - DAG(s) dict_keys(['tutorial_dag']) retrieved from /home/airflow/.local/lib/python3.7/site-packages/airflow/example_dags/tutorial_dag.py
[2024-11-09T17:23:25.730+0000] {logging_mixin.py:137} INFO - [2024-11-09T17:23:25.730+0000] {dag.py:2690} INFO - Sync 1 DAGs
[2024-11-09T17:23:25.746+0000] {logging_mixin.py:137} INFO - [2024-11-09T17:23:25.745+0000] {dag.py:3441} INFO - Setting next_dagrun for tutorial_dag to None, run_after=None
[2024-11-09T17:23:25.758+0000] {processor.py:175} INFO - Processing /home/airflow/.local/lib/python3.7/site-packages/airflow/example_dags/tutorial_dag.py took 0.055 seconds
[2024-11-09T17:28:53.402+0000] {processor.py:153} INFO - Started process (PID=52) to work on /home/airflow/.local/lib/python3.7/site-packages/airflow/example_dags/tutorial_dag.py
[2024-11-09T17:28:53.403+0000] {processor.py:743} INFO - Processing file /home/airflow/.local/lib/python3.7/site-packages/airflow/example_dags/tutorial_dag.py for tasks to queue
[2024-11-09T17:28:53.403+0000] {logging_mixin.py:137} INFO - [2024-11-09T17:28:53.403+0000] {dagbag.py:538} INFO - Filling up the DagBag from /home/airflow/.local/lib/python3.7/site-packages/airflow/example_dags/tutorial_dag.py
[2024-11-09T17:28:53.410+0000] {processor.py:753} INFO - DAG(s) dict_keys(['tutorial_dag']) retrieved from /home/airflow/.local/lib/python3.7/site-packages/airflow/example_dags/tutorial_dag.py
[2024-11-09T17:28:53.420+0000] {logging_mixin.py:137} INFO - [2024-11-09T17:28:53.420+0000] {dag.py:2690} INFO - Sync 1 DAGs
[2024-11-09T17:28:53.433+0000] {logging_mixin.py:137} INFO - [2024-11-09T17:28:53.433+0000] {dag.py:3441} INFO - Setting next_dagrun for tutorial_dag to None, run_after=None
[2024-11-09T17:28:53.444+0000] {processor.py:175} INFO - Processing /home/airflow/.local/lib/python3.7/site-packages/airflow/example_dags/tutorial_dag.py took 0.045 seconds
[2024-11-09T17:29:24.146+0000] {processor.py:153} INFO - Started process (PID=139) to work on /home/airflow/.local/lib/python3.7/site-packages/airflow/example_dags/tutorial_dag.py
[2024-11-09T17:29:24.147+0000] {processor.py:743} INFO - Processing file /home/airflow/.local/lib/python3.7/site-packages/airflow/example_dags/tutorial_dag.py for tasks to queue
[2024-11-09T17:29:24.148+0000] {logging_mixin.py:137} INFO - [2024-11-09T17:29:24.148+0000] {dagbag.py:538} INFO - Filling up the DagBag from /home/airflow/.local/lib/python3.7/site-packages/airflow/example_dags/tutorial_dag.py
[2024-11-09T17:29:24.156+0000] {processor.py:753} INFO - DAG(s) dict_keys(['tutorial_dag']) retrieved from /home/airflow/.local/lib/python3.7/site-packages/airflow/example_dags/tutorial_dag.py
[2024-11-09T17:29:24.172+0000] {logging_mixin.py:137} INFO - [2024-11-09T17:29:24.172+0000] {dag.py:2690} INFO - Sync 1 DAGs
[2024-11-09T17:29:24.187+0000] {logging_mixin.py:137} INFO - [2024-11-09T17:29:24.187+0000] {dag.py:3441} INFO - Setting next_dagrun for tutorial_dag to None, run_after=None
[2024-11-09T17:29:24.197+0000] {processor.py:175} INFO - Processing /home/airflow/.local/lib/python3.7/site-packages/airflow/example_dags/tutorial_dag.py took 0.054 seconds
[2024-11-09T17:29:54.913+0000] {processor.py:153} INFO - Started process (PID=210) to work on /home/airflow/.local/lib/python3.7/site-packages/airflow/example_dags/tutorial_dag.py
[2024-11-09T17:29:54.915+0000] {processor.py:743} INFO - Processing file /home/airflow/.local/lib/python3.7/site-packages/airflow/example_dags/tutorial_dag.py for tasks to queue
[2024-11-09T17:29:54.915+0000] {logging_mixin.py:137} INFO - [2024-11-09T17:29:54.915+0000] {dagbag.py:538} INFO - Filling up the DagBag from /home/airflow/.local/lib/python3.7/site-packages/airflow/example_dags/tutorial_dag.py
[2024-11-09T17:29:54.928+0000] {processor.py:753} INFO - DAG(s) dict_keys(['tutorial_dag']) retrieved from /home/airflow/.local/lib/python3.7/site-packages/airflow/example_dags/tutorial_dag.py
[2024-11-09T17:29:54.941+0000] {logging_mixin.py:137} INFO - [2024-11-09T17:29:54.941+0000] {dag.py:2690} INFO - Sync 1 DAGs
[2024-11-09T17:29:54.954+0000] {logging_mixin.py:137} INFO - [2024-11-09T17:29:54.954+0000] {dag.py:3441} INFO - Setting next_dagrun for tutorial_dag to None, run_after=None
[2024-11-09T17:29:54.963+0000] {processor.py:175} INFO - Processing /home/airflow/.local/lib/python3.7/site-packages/airflow/example_dags/tutorial_dag.py took 0.051 seconds
[2024-11-09T17:30:14.396+0000] {processor.py:153} INFO - Started process (PID=52) to work on /home/airflow/.local/lib/python3.7/site-packages/airflow/example_dags/tutorial_dag.py
[2024-11-09T17:30:14.398+0000] {processor.py:743} INFO - Processing file /home/airflow/.local/lib/python3.7/site-packages/airflow/example_dags/tutorial_dag.py for tasks to queue
[2024-11-09T17:30:14.402+0000] {logging_mixin.py:137} INFO - [2024-11-09T17:30:14.402+0000] {dagbag.py:538} INFO - Filling up the DagBag from /home/airflow/.local/lib/python3.7/site-packages/airflow/example_dags/tutorial_dag.py
[2024-11-09T17:30:14.410+0000] {processor.py:753} INFO - DAG(s) dict_keys(['tutorial_dag']) retrieved from /home/airflow/.local/lib/python3.7/site-packages/airflow/example_dags/tutorial_dag.py
[2024-11-09T17:30:14.417+0000] {logging_mixin.py:137} INFO - [2024-11-09T17:30:14.417+0000] {dag.py:2690} INFO - Sync 1 DAGs
[2024-11-09T17:30:14.434+0000] {logging_mixin.py:137} INFO - [2024-11-09T17:30:14.434+0000] {dag.py:3441} INFO - Setting next_dagrun for tutorial_dag to None, run_after=None
[2024-11-09T17:30:14.452+0000] {processor.py:175} INFO - Processing /home/airflow/.local/lib/python3.7/site-packages/airflow/example_dags/tutorial_dag.py took 0.058 seconds
[2024-11-09T17:30:45.171+0000] {processor.py:153} INFO - Started process (PID=139) to work on /home/airflow/.local/lib/python3.7/site-packages/airflow/example_dags/tutorial_dag.py
[2024-11-09T17:30:45.172+0000] {processor.py:743} INFO - Processing file /home/airflow/.local/lib/python3.7/site-packages/airflow/example_dags/tutorial_dag.py for tasks to queue
[2024-11-09T17:30:45.172+0000] {logging_mixin.py:137} INFO - [2024-11-09T17:30:45.172+0000] {dagbag.py:538} INFO - Filling up the DagBag from /home/airflow/.local/lib/python3.7/site-packages/airflow/example_dags/tutorial_dag.py
[2024-11-09T17:30:45.182+0000] {processor.py:753} INFO - DAG(s) dict_keys(['tutorial_dag']) retrieved from /home/airflow/.local/lib/python3.7/site-packages/airflow/example_dags/tutorial_dag.py
[2024-11-09T17:30:45.200+0000] {logging_mixin.py:137} INFO - [2024-11-09T17:30:45.200+0000] {dag.py:2690} INFO - Sync 1 DAGs
[2024-11-09T17:30:45.214+0000] {logging_mixin.py:137} INFO - [2024-11-09T17:30:45.213+0000] {dag.py:3441} INFO - Setting next_dagrun for tutorial_dag to None, run_after=None
[2024-11-09T17:30:45.223+0000] {processor.py:175} INFO - Processing /home/airflow/.local/lib/python3.7/site-packages/airflow/example_dags/tutorial_dag.py took 0.054 seconds
[2024-11-09T17:31:15.834+0000] {processor.py:153} INFO - Started process (PID=210) to work on /home/airflow/.local/lib/python3.7/site-packages/airflow/example_dags/tutorial_dag.py
[2024-11-09T17:31:15.835+0000] {processor.py:743} INFO - Processing file /home/airflow/.local/lib/python3.7/site-packages/airflow/example_dags/tutorial_dag.py for tasks to queue
[2024-11-09T17:31:15.835+0000] {logging_mixin.py:137} INFO - [2024-11-09T17:31:15.835+0000] {dagbag.py:538} INFO - Filling up the DagBag from /home/airflow/.local/lib/python3.7/site-packages/airflow/example_dags/tutorial_dag.py
[2024-11-09T17:31:15.843+0000] {processor.py:753} INFO - DAG(s) dict_keys(['tutorial_dag']) retrieved from /home/airflow/.local/lib/python3.7/site-packages/airflow/example_dags/tutorial_dag.py
[2024-11-09T17:31:15.859+0000] {logging_mixin.py:137} INFO - [2024-11-09T17:31:15.858+0000] {dag.py:2690} INFO - Sync 1 DAGs
[2024-11-09T17:31:15.875+0000] {logging_mixin.py:137} INFO - [2024-11-09T17:31:15.875+0000] {dag.py:3441} INFO - Setting next_dagrun for tutorial_dag to None, run_after=None
[2024-11-09T17:31:15.889+0000] {processor.py:175} INFO - Processing /home/airflow/.local/lib/python3.7/site-packages/airflow/example_dags/tutorial_dag.py took 0.057 seconds
[2024-11-09T17:31:46.423+0000] {processor.py:153} INFO - Started process (PID=297) to work on /home/airflow/.local/lib/python3.7/site-packages/airflow/example_dags/tutorial_dag.py
[2024-11-09T17:31:46.427+0000] {processor.py:743} INFO - Processing file /home/airflow/.local/lib/python3.7/site-packages/airflow/example_dags/tutorial_dag.py for tasks to queue
[2024-11-09T17:31:46.427+0000] {logging_mixin.py:137} INFO - [2024-11-09T17:31:46.427+0000] {dagbag.py:538} INFO - Filling up the DagBag from /home/airflow/.local/lib/python3.7/site-packages/airflow/example_dags/tutorial_dag.py
[2024-11-09T17:31:46.434+0000] {processor.py:753} INFO - DAG(s) dict_keys(['tutorial_dag']) retrieved from /home/airflow/.local/lib/python3.7/site-packages/airflow/example_dags/tutorial_dag.py
[2024-11-09T17:31:46.452+0000] {logging_mixin.py:137} INFO - [2024-11-09T17:31:46.452+0000] {dag.py:2690} INFO - Sync 1 DAGs
[2024-11-09T17:31:46.468+0000] {logging_mixin.py:137} INFO - [2024-11-09T17:31:46.468+0000] {dag.py:3441} INFO - Setting next_dagrun for tutorial_dag to None, run_after=None
[2024-11-09T17:31:46.478+0000] {processor.py:175} INFO - Processing /home/airflow/.local/lib/python3.7/site-packages/airflow/example_dags/tutorial_dag.py took 0.057 seconds
[2024-11-09T17:32:17.048+0000] {processor.py:153} INFO - Started process (PID=384) to work on /home/airflow/.local/lib/python3.7/site-packages/airflow/example_dags/tutorial_dag.py
[2024-11-09T17:32:17.049+0000] {processor.py:743} INFO - Processing file /home/airflow/.local/lib/python3.7/site-packages/airflow/example_dags/tutorial_dag.py for tasks to queue
[2024-11-09T17:32:17.050+0000] {logging_mixin.py:137} INFO - [2024-11-09T17:32:17.050+0000] {dagbag.py:538} INFO - Filling up the DagBag from /home/airflow/.local/lib/python3.7/site-packages/airflow/example_dags/tutorial_dag.py
[2024-11-09T17:32:17.056+0000] {processor.py:753} INFO - DAG(s) dict_keys(['tutorial_dag']) retrieved from /home/airflow/.local/lib/python3.7/site-packages/airflow/example_dags/tutorial_dag.py
[2024-11-09T17:32:17.071+0000] {logging_mixin.py:137} INFO - [2024-11-09T17:32:17.071+0000] {dag.py:2690} INFO - Sync 1 DAGs
[2024-11-09T17:32:17.085+0000] {logging_mixin.py:137} INFO - [2024-11-09T17:32:17.084+0000] {dag.py:3441} INFO - Setting next_dagrun for tutorial_dag to None, run_after=None
[2024-11-09T17:32:17.096+0000] {processor.py:175} INFO - Processing /home/airflow/.local/lib/python3.7/site-packages/airflow/example_dags/tutorial_dag.py took 0.049 seconds
[2024-11-09T17:32:47.777+0000] {processor.py:153} INFO - Started process (PID=455) to work on /home/airflow/.local/lib/python3.7/site-packages/airflow/example_dags/tutorial_dag.py
[2024-11-09T17:32:47.780+0000] {processor.py:743} INFO - Processing file /home/airflow/.local/lib/python3.7/site-packages/airflow/example_dags/tutorial_dag.py for tasks to queue
[2024-11-09T17:32:47.780+0000] {logging_mixin.py:137} INFO - [2024-11-09T17:32:47.780+0000] {dagbag.py:538} INFO - Filling up the DagBag from /home/airflow/.local/lib/python3.7/site-packages/airflow/example_dags/tutorial_dag.py
[2024-11-09T17:32:47.786+0000] {processor.py:753} INFO - DAG(s) dict_keys(['tutorial_dag']) retrieved from /home/airflow/.local/lib/python3.7/site-packages/airflow/example_dags/tutorial_dag.py
[2024-11-09T17:32:47.799+0000] {logging_mixin.py:137} INFO - [2024-11-09T17:32:47.799+0000] {dag.py:2690} INFO - Sync 1 DAGs
[2024-11-09T17:32:47.812+0000] {logging_mixin.py:137} INFO - [2024-11-09T17:32:47.812+0000] {dag.py:3441} INFO - Setting next_dagrun for tutorial_dag to None, run_after=None
[2024-11-09T17:32:47.821+0000] {processor.py:175} INFO - Processing /home/airflow/.local/lib/python3.7/site-packages/airflow/example_dags/tutorial_dag.py took 0.046 seconds
