[2024-11-09T17:10:06.168+0000] {processor.py:153} INFO - Started process (PID=64) to work on /home/airflow/.local/lib/python3.7/site-packages/airflow/example_dags/tutorial_taskflow_api_virtualenv.py
[2024-11-09T17:10:06.169+0000] {processor.py:743} INFO - Processing file /home/airflow/.local/lib/python3.7/site-packages/airflow/example_dags/tutorial_taskflow_api_virtualenv.py for tasks to queue
[2024-11-09T17:10:06.170+0000] {logging_mixin.py:137} INFO - [2024-11-09T17:10:06.169+0000] {dagbag.py:538} INFO - Filling up the DagBag from /home/airflow/.local/lib/python3.7/site-packages/airflow/example_dags/tutorial_taskflow_api_virtualenv.py
[2024-11-09T17:10:06.182+0000] {processor.py:753} INFO - DAG(s) dict_keys(['tutorial_taskflow_api_virtualenv']) retrieved from /home/airflow/.local/lib/python3.7/site-packages/airflow/example_dags/tutorial_taskflow_api_virtualenv.py
[2024-11-09T17:10:06.202+0000] {logging_mixin.py:137} INFO - [2024-11-09T17:10:06.202+0000] {dag.py:2690} INFO - Sync 1 DAGs
[2024-11-09T17:10:06.219+0000] {logging_mixin.py:137} INFO - [2024-11-09T17:10:06.219+0000] {dag.py:3441} INFO - Setting next_dagrun for tutorial_taskflow_api_virtualenv to None, run_after=None
[2024-11-09T17:10:06.234+0000] {processor.py:175} INFO - Processing /home/airflow/.local/lib/python3.7/site-packages/airflow/example_dags/tutorial_taskflow_api_virtualenv.py took 0.068 seconds
[2024-11-09T17:10:36.940+0000] {processor.py:153} INFO - Started process (PID=150) to work on /home/airflow/.local/lib/python3.7/site-packages/airflow/example_dags/tutorial_taskflow_api_virtualenv.py
[2024-11-09T17:10:36.940+0000] {processor.py:743} INFO - Processing file /home/airflow/.local/lib/python3.7/site-packages/airflow/example_dags/tutorial_taskflow_api_virtualenv.py for tasks to queue
[2024-11-09T17:10:36.941+0000] {logging_mixin.py:137} INFO - [2024-11-09T17:10:36.941+0000] {dagbag.py:538} INFO - Filling up the DagBag from /home/airflow/.local/lib/python3.7/site-packages/airflow/example_dags/tutorial_taskflow_api_virtualenv.py
[2024-11-09T17:10:36.953+0000] {processor.py:753} INFO - DAG(s) dict_keys(['tutorial_taskflow_api_virtualenv']) retrieved from /home/airflow/.local/lib/python3.7/site-packages/airflow/example_dags/tutorial_taskflow_api_virtualenv.py
[2024-11-09T17:10:36.969+0000] {logging_mixin.py:137} INFO - [2024-11-09T17:10:36.969+0000] {dag.py:2690} INFO - Sync 1 DAGs
[2024-11-09T17:10:36.982+0000] {logging_mixin.py:137} INFO - [2024-11-09T17:10:36.982+0000] {dag.py:3441} INFO - Setting next_dagrun for tutorial_taskflow_api_virtualenv to None, run_after=None
[2024-11-09T17:10:36.997+0000] {processor.py:175} INFO - Processing /home/airflow/.local/lib/python3.7/site-packages/airflow/example_dags/tutorial_taskflow_api_virtualenv.py took 0.059 seconds
[2024-11-09T17:11:07.615+0000] {processor.py:153} INFO - Started process (PID=221) to work on /home/airflow/.local/lib/python3.7/site-packages/airflow/example_dags/tutorial_taskflow_api_virtualenv.py
[2024-11-09T17:11:07.615+0000] {processor.py:743} INFO - Processing file /home/airflow/.local/lib/python3.7/site-packages/airflow/example_dags/tutorial_taskflow_api_virtualenv.py for tasks to queue
[2024-11-09T17:11:07.617+0000] {logging_mixin.py:137} INFO - [2024-11-09T17:11:07.617+0000] {dagbag.py:538} INFO - Filling up the DagBag from /home/airflow/.local/lib/python3.7/site-packages/airflow/example_dags/tutorial_taskflow_api_virtualenv.py
[2024-11-09T17:11:07.628+0000] {processor.py:753} INFO - DAG(s) dict_keys(['tutorial_taskflow_api_virtualenv']) retrieved from /home/airflow/.local/lib/python3.7/site-packages/airflow/example_dags/tutorial_taskflow_api_virtualenv.py
[2024-11-09T17:11:07.645+0000] {logging_mixin.py:137} INFO - [2024-11-09T17:11:07.644+0000] {dag.py:2690} INFO - Sync 1 DAGs
[2024-11-09T17:11:07.658+0000] {logging_mixin.py:137} INFO - [2024-11-09T17:11:07.658+0000] {dag.py:3441} INFO - Setting next_dagrun for tutorial_taskflow_api_virtualenv to None, run_after=None
[2024-11-09T17:11:07.675+0000] {processor.py:175} INFO - Processing /home/airflow/.local/lib/python3.7/site-packages/airflow/example_dags/tutorial_taskflow_api_virtualenv.py took 0.062 seconds
[2024-11-09T17:11:38.455+0000] {processor.py:153} INFO - Started process (PID=308) to work on /home/airflow/.local/lib/python3.7/site-packages/airflow/example_dags/tutorial_taskflow_api_virtualenv.py
[2024-11-09T17:11:38.455+0000] {processor.py:743} INFO - Processing file /home/airflow/.local/lib/python3.7/site-packages/airflow/example_dags/tutorial_taskflow_api_virtualenv.py for tasks to queue
[2024-11-09T17:11:38.456+0000] {logging_mixin.py:137} INFO - [2024-11-09T17:11:38.456+0000] {dagbag.py:538} INFO - Filling up the DagBag from /home/airflow/.local/lib/python3.7/site-packages/airflow/example_dags/tutorial_taskflow_api_virtualenv.py
[2024-11-09T17:11:38.468+0000] {processor.py:753} INFO - DAG(s) dict_keys(['tutorial_taskflow_api_virtualenv']) retrieved from /home/airflow/.local/lib/python3.7/site-packages/airflow/example_dags/tutorial_taskflow_api_virtualenv.py
[2024-11-09T17:11:38.484+0000] {logging_mixin.py:137} INFO - [2024-11-09T17:11:38.484+0000] {dag.py:2690} INFO - Sync 1 DAGs
[2024-11-09T17:11:38.499+0000] {logging_mixin.py:137} INFO - [2024-11-09T17:11:38.499+0000] {dag.py:3441} INFO - Setting next_dagrun for tutorial_taskflow_api_virtualenv to None, run_after=None
[2024-11-09T17:11:38.510+0000] {processor.py:175} INFO - Processing /home/airflow/.local/lib/python3.7/site-packages/airflow/example_dags/tutorial_taskflow_api_virtualenv.py took 0.057 seconds
[2024-11-09T17:12:09.153+0000] {processor.py:153} INFO - Started process (PID=395) to work on /home/airflow/.local/lib/python3.7/site-packages/airflow/example_dags/tutorial_taskflow_api_virtualenv.py
[2024-11-09T17:12:09.154+0000] {processor.py:743} INFO - Processing file /home/airflow/.local/lib/python3.7/site-packages/airflow/example_dags/tutorial_taskflow_api_virtualenv.py for tasks to queue
[2024-11-09T17:12:09.154+0000] {logging_mixin.py:137} INFO - [2024-11-09T17:12:09.154+0000] {dagbag.py:538} INFO - Filling up the DagBag from /home/airflow/.local/lib/python3.7/site-packages/airflow/example_dags/tutorial_taskflow_api_virtualenv.py
[2024-11-09T17:12:09.165+0000] {processor.py:753} INFO - DAG(s) dict_keys(['tutorial_taskflow_api_virtualenv']) retrieved from /home/airflow/.local/lib/python3.7/site-packages/airflow/example_dags/tutorial_taskflow_api_virtualenv.py
[2024-11-09T17:12:09.179+0000] {logging_mixin.py:137} INFO - [2024-11-09T17:12:09.179+0000] {dag.py:2690} INFO - Sync 1 DAGs
[2024-11-09T17:12:09.192+0000] {logging_mixin.py:137} INFO - [2024-11-09T17:12:09.192+0000] {dag.py:3441} INFO - Setting next_dagrun for tutorial_taskflow_api_virtualenv to None, run_after=None
[2024-11-09T17:12:09.202+0000] {processor.py:175} INFO - Processing /home/airflow/.local/lib/python3.7/site-packages/airflow/example_dags/tutorial_taskflow_api_virtualenv.py took 0.050 seconds
[2024-11-09T17:12:39.782+0000] {processor.py:153} INFO - Started process (PID=482) to work on /home/airflow/.local/lib/python3.7/site-packages/airflow/example_dags/tutorial_taskflow_api_virtualenv.py
[2024-11-09T17:12:39.783+0000] {processor.py:743} INFO - Processing file /home/airflow/.local/lib/python3.7/site-packages/airflow/example_dags/tutorial_taskflow_api_virtualenv.py for tasks to queue
[2024-11-09T17:12:39.783+0000] {logging_mixin.py:137} INFO - [2024-11-09T17:12:39.783+0000] {dagbag.py:538} INFO - Filling up the DagBag from /home/airflow/.local/lib/python3.7/site-packages/airflow/example_dags/tutorial_taskflow_api_virtualenv.py
[2024-11-09T17:12:39.794+0000] {processor.py:753} INFO - DAG(s) dict_keys(['tutorial_taskflow_api_virtualenv']) retrieved from /home/airflow/.local/lib/python3.7/site-packages/airflow/example_dags/tutorial_taskflow_api_virtualenv.py
[2024-11-09T17:12:39.808+0000] {logging_mixin.py:137} INFO - [2024-11-09T17:12:39.807+0000] {dag.py:2690} INFO - Sync 1 DAGs
[2024-11-09T17:12:39.819+0000] {logging_mixin.py:137} INFO - [2024-11-09T17:12:39.819+0000] {dag.py:3441} INFO - Setting next_dagrun for tutorial_taskflow_api_virtualenv to None, run_after=None
[2024-11-09T17:12:39.827+0000] {processor.py:175} INFO - Processing /home/airflow/.local/lib/python3.7/site-packages/airflow/example_dags/tutorial_taskflow_api_virtualenv.py took 0.046 seconds
[2024-11-09T17:13:10.426+0000] {processor.py:153} INFO - Started process (PID=553) to work on /home/airflow/.local/lib/python3.7/site-packages/airflow/example_dags/tutorial_taskflow_api_virtualenv.py
[2024-11-09T17:13:10.427+0000] {processor.py:743} INFO - Processing file /home/airflow/.local/lib/python3.7/site-packages/airflow/example_dags/tutorial_taskflow_api_virtualenv.py for tasks to queue
[2024-11-09T17:13:10.428+0000] {logging_mixin.py:137} INFO - [2024-11-09T17:13:10.428+0000] {dagbag.py:538} INFO - Filling up the DagBag from /home/airflow/.local/lib/python3.7/site-packages/airflow/example_dags/tutorial_taskflow_api_virtualenv.py
[2024-11-09T17:13:10.440+0000] {processor.py:753} INFO - DAG(s) dict_keys(['tutorial_taskflow_api_virtualenv']) retrieved from /home/airflow/.local/lib/python3.7/site-packages/airflow/example_dags/tutorial_taskflow_api_virtualenv.py
[2024-11-09T17:13:10.453+0000] {logging_mixin.py:137} INFO - [2024-11-09T17:13:10.453+0000] {dag.py:2690} INFO - Sync 1 DAGs
[2024-11-09T17:13:10.466+0000] {logging_mixin.py:137} INFO - [2024-11-09T17:13:10.466+0000] {dag.py:3441} INFO - Setting next_dagrun for tutorial_taskflow_api_virtualenv to None, run_after=None
[2024-11-09T17:13:10.484+0000] {processor.py:175} INFO - Processing /home/airflow/.local/lib/python3.7/site-packages/airflow/example_dags/tutorial_taskflow_api_virtualenv.py took 0.060 seconds
[2024-11-09T17:13:42.398+0000] {processor.py:153} INFO - Started process (PID=640) to work on /home/airflow/.local/lib/python3.7/site-packages/airflow/example_dags/tutorial_taskflow_api_virtualenv.py
[2024-11-09T17:13:42.399+0000] {processor.py:743} INFO - Processing file /home/airflow/.local/lib/python3.7/site-packages/airflow/example_dags/tutorial_taskflow_api_virtualenv.py for tasks to queue
[2024-11-09T17:13:42.400+0000] {logging_mixin.py:137} INFO - [2024-11-09T17:13:42.400+0000] {dagbag.py:538} INFO - Filling up the DagBag from /home/airflow/.local/lib/python3.7/site-packages/airflow/example_dags/tutorial_taskflow_api_virtualenv.py
[2024-11-09T17:13:42.413+0000] {processor.py:753} INFO - DAG(s) dict_keys(['tutorial_taskflow_api_virtualenv']) retrieved from /home/airflow/.local/lib/python3.7/site-packages/airflow/example_dags/tutorial_taskflow_api_virtualenv.py
[2024-11-09T17:13:42.440+0000] {logging_mixin.py:137} INFO - [2024-11-09T17:13:42.440+0000] {dag.py:2690} INFO - Sync 1 DAGs
[2024-11-09T17:13:42.462+0000] {logging_mixin.py:137} INFO - [2024-11-09T17:13:42.462+0000] {dag.py:3441} INFO - Setting next_dagrun for tutorial_taskflow_api_virtualenv to None, run_after=None
[2024-11-09T17:13:42.484+0000] {processor.py:175} INFO - Processing /home/airflow/.local/lib/python3.7/site-packages/airflow/example_dags/tutorial_taskflow_api_virtualenv.py took 0.088 seconds
[2024-11-09T17:14:13.506+0000] {processor.py:153} INFO - Started process (PID=727) to work on /home/airflow/.local/lib/python3.7/site-packages/airflow/example_dags/tutorial_taskflow_api_virtualenv.py
[2024-11-09T17:14:13.508+0000] {processor.py:743} INFO - Processing file /home/airflow/.local/lib/python3.7/site-packages/airflow/example_dags/tutorial_taskflow_api_virtualenv.py for tasks to queue
[2024-11-09T17:14:13.509+0000] {logging_mixin.py:137} INFO - [2024-11-09T17:14:13.509+0000] {dagbag.py:538} INFO - Filling up the DagBag from /home/airflow/.local/lib/python3.7/site-packages/airflow/example_dags/tutorial_taskflow_api_virtualenv.py
[2024-11-09T17:14:13.532+0000] {processor.py:753} INFO - DAG(s) dict_keys(['tutorial_taskflow_api_virtualenv']) retrieved from /home/airflow/.local/lib/python3.7/site-packages/airflow/example_dags/tutorial_taskflow_api_virtualenv.py
[2024-11-09T17:14:13.554+0000] {logging_mixin.py:137} INFO - [2024-11-09T17:14:13.554+0000] {dag.py:2690} INFO - Sync 1 DAGs
[2024-11-09T17:14:13.572+0000] {logging_mixin.py:137} INFO - [2024-11-09T17:14:13.572+0000] {dag.py:3441} INFO - Setting next_dagrun for tutorial_taskflow_api_virtualenv to None, run_after=None
[2024-11-09T17:14:13.592+0000] {processor.py:175} INFO - Processing /home/airflow/.local/lib/python3.7/site-packages/airflow/example_dags/tutorial_taskflow_api_virtualenv.py took 0.090 seconds
[2024-11-09T17:14:44.332+0000] {processor.py:153} INFO - Started process (PID=798) to work on /home/airflow/.local/lib/python3.7/site-packages/airflow/example_dags/tutorial_taskflow_api_virtualenv.py
[2024-11-09T17:14:44.334+0000] {processor.py:743} INFO - Processing file /home/airflow/.local/lib/python3.7/site-packages/airflow/example_dags/tutorial_taskflow_api_virtualenv.py for tasks to queue
[2024-11-09T17:14:44.335+0000] {logging_mixin.py:137} INFO - [2024-11-09T17:14:44.334+0000] {dagbag.py:538} INFO - Filling up the DagBag from /home/airflow/.local/lib/python3.7/site-packages/airflow/example_dags/tutorial_taskflow_api_virtualenv.py
[2024-11-09T17:14:44.358+0000] {processor.py:753} INFO - DAG(s) dict_keys(['tutorial_taskflow_api_virtualenv']) retrieved from /home/airflow/.local/lib/python3.7/site-packages/airflow/example_dags/tutorial_taskflow_api_virtualenv.py
[2024-11-09T17:14:44.381+0000] {logging_mixin.py:137} INFO - [2024-11-09T17:14:44.381+0000] {dag.py:2690} INFO - Sync 1 DAGs
[2024-11-09T17:14:44.398+0000] {logging_mixin.py:137} INFO - [2024-11-09T17:14:44.397+0000] {dag.py:3441} INFO - Setting next_dagrun for tutorial_taskflow_api_virtualenv to None, run_after=None
[2024-11-09T17:14:44.411+0000] {processor.py:175} INFO - Processing /home/airflow/.local/lib/python3.7/site-packages/airflow/example_dags/tutorial_taskflow_api_virtualenv.py took 0.084 seconds
[2024-11-09T17:15:15.163+0000] {processor.py:153} INFO - Started process (PID=885) to work on /home/airflow/.local/lib/python3.7/site-packages/airflow/example_dags/tutorial_taskflow_api_virtualenv.py
[2024-11-09T17:15:15.164+0000] {processor.py:743} INFO - Processing file /home/airflow/.local/lib/python3.7/site-packages/airflow/example_dags/tutorial_taskflow_api_virtualenv.py for tasks to queue
[2024-11-09T17:15:15.165+0000] {logging_mixin.py:137} INFO - [2024-11-09T17:15:15.165+0000] {dagbag.py:538} INFO - Filling up the DagBag from /home/airflow/.local/lib/python3.7/site-packages/airflow/example_dags/tutorial_taskflow_api_virtualenv.py
[2024-11-09T17:15:15.183+0000] {processor.py:753} INFO - DAG(s) dict_keys(['tutorial_taskflow_api_virtualenv']) retrieved from /home/airflow/.local/lib/python3.7/site-packages/airflow/example_dags/tutorial_taskflow_api_virtualenv.py
[2024-11-09T17:15:15.218+0000] {logging_mixin.py:137} INFO - [2024-11-09T17:15:15.217+0000] {dag.py:2690} INFO - Sync 1 DAGs
[2024-11-09T17:15:15.254+0000] {logging_mixin.py:137} INFO - [2024-11-09T17:15:15.254+0000] {dag.py:3441} INFO - Setting next_dagrun for tutorial_taskflow_api_virtualenv to None, run_after=None
[2024-11-09T17:15:15.276+0000] {processor.py:175} INFO - Processing /home/airflow/.local/lib/python3.7/site-packages/airflow/example_dags/tutorial_taskflow_api_virtualenv.py took 0.117 seconds
[2024-11-09T17:15:46.070+0000] {processor.py:153} INFO - Started process (PID=972) to work on /home/airflow/.local/lib/python3.7/site-packages/airflow/example_dags/tutorial_taskflow_api_virtualenv.py
[2024-11-09T17:15:46.072+0000] {processor.py:743} INFO - Processing file /home/airflow/.local/lib/python3.7/site-packages/airflow/example_dags/tutorial_taskflow_api_virtualenv.py for tasks to queue
[2024-11-09T17:15:46.074+0000] {logging_mixin.py:137} INFO - [2024-11-09T17:15:46.074+0000] {dagbag.py:538} INFO - Filling up the DagBag from /home/airflow/.local/lib/python3.7/site-packages/airflow/example_dags/tutorial_taskflow_api_virtualenv.py
[2024-11-09T17:15:46.102+0000] {processor.py:753} INFO - DAG(s) dict_keys(['tutorial_taskflow_api_virtualenv']) retrieved from /home/airflow/.local/lib/python3.7/site-packages/airflow/example_dags/tutorial_taskflow_api_virtualenv.py
[2024-11-09T17:15:46.120+0000] {logging_mixin.py:137} INFO - [2024-11-09T17:15:46.120+0000] {dag.py:2690} INFO - Sync 1 DAGs
[2024-11-09T17:15:46.138+0000] {logging_mixin.py:137} INFO - [2024-11-09T17:15:46.138+0000] {dag.py:3441} INFO - Setting next_dagrun for tutorial_taskflow_api_virtualenv to None, run_after=None
[2024-11-09T17:15:46.151+0000] {processor.py:175} INFO - Processing /home/airflow/.local/lib/python3.7/site-packages/airflow/example_dags/tutorial_taskflow_api_virtualenv.py took 0.088 seconds
[2024-11-09T17:16:16.839+0000] {processor.py:153} INFO - Started process (PID=1059) to work on /home/airflow/.local/lib/python3.7/site-packages/airflow/example_dags/tutorial_taskflow_api_virtualenv.py
[2024-11-09T17:16:16.841+0000] {processor.py:743} INFO - Processing file /home/airflow/.local/lib/python3.7/site-packages/airflow/example_dags/tutorial_taskflow_api_virtualenv.py for tasks to queue
[2024-11-09T17:16:16.841+0000] {logging_mixin.py:137} INFO - [2024-11-09T17:16:16.841+0000] {dagbag.py:538} INFO - Filling up the DagBag from /home/airflow/.local/lib/python3.7/site-packages/airflow/example_dags/tutorial_taskflow_api_virtualenv.py
[2024-11-09T17:16:16.861+0000] {processor.py:753} INFO - DAG(s) dict_keys(['tutorial_taskflow_api_virtualenv']) retrieved from /home/airflow/.local/lib/python3.7/site-packages/airflow/example_dags/tutorial_taskflow_api_virtualenv.py
[2024-11-09T17:16:16.876+0000] {logging_mixin.py:137} INFO - [2024-11-09T17:16:16.876+0000] {dag.py:2690} INFO - Sync 1 DAGs
[2024-11-09T17:16:16.892+0000] {logging_mixin.py:137} INFO - [2024-11-09T17:16:16.892+0000] {dag.py:3441} INFO - Setting next_dagrun for tutorial_taskflow_api_virtualenv to None, run_after=None
[2024-11-09T17:16:16.906+0000] {processor.py:175} INFO - Processing /home/airflow/.local/lib/python3.7/site-packages/airflow/example_dags/tutorial_taskflow_api_virtualenv.py took 0.070 seconds
[2024-11-09T17:16:46.958+0000] {processor.py:153} INFO - Started process (PID=1129) to work on /home/airflow/.local/lib/python3.7/site-packages/airflow/example_dags/tutorial_taskflow_api_virtualenv.py
[2024-11-09T17:16:46.959+0000] {processor.py:743} INFO - Processing file /home/airflow/.local/lib/python3.7/site-packages/airflow/example_dags/tutorial_taskflow_api_virtualenv.py for tasks to queue
[2024-11-09T17:16:46.959+0000] {logging_mixin.py:137} INFO - [2024-11-09T17:16:46.959+0000] {dagbag.py:538} INFO - Filling up the DagBag from /home/airflow/.local/lib/python3.7/site-packages/airflow/example_dags/tutorial_taskflow_api_virtualenv.py
[2024-11-09T17:16:46.971+0000] {processor.py:753} INFO - DAG(s) dict_keys(['tutorial_taskflow_api_virtualenv']) retrieved from /home/airflow/.local/lib/python3.7/site-packages/airflow/example_dags/tutorial_taskflow_api_virtualenv.py
[2024-11-09T17:16:46.991+0000] {logging_mixin.py:137} INFO - [2024-11-09T17:16:46.991+0000] {dag.py:2690} INFO - Sync 1 DAGs
[2024-11-09T17:16:47.006+0000] {logging_mixin.py:137} INFO - [2024-11-09T17:16:47.006+0000] {dag.py:3441} INFO - Setting next_dagrun for tutorial_taskflow_api_virtualenv to None, run_after=None
[2024-11-09T17:16:47.024+0000] {processor.py:175} INFO - Processing /home/airflow/.local/lib/python3.7/site-packages/airflow/example_dags/tutorial_taskflow_api_virtualenv.py took 0.068 seconds
[2024-11-09T17:17:17.774+0000] {processor.py:153} INFO - Started process (PID=1216) to work on /home/airflow/.local/lib/python3.7/site-packages/airflow/example_dags/tutorial_taskflow_api_virtualenv.py
[2024-11-09T17:17:17.775+0000] {processor.py:743} INFO - Processing file /home/airflow/.local/lib/python3.7/site-packages/airflow/example_dags/tutorial_taskflow_api_virtualenv.py for tasks to queue
[2024-11-09T17:17:17.776+0000] {logging_mixin.py:137} INFO - [2024-11-09T17:17:17.775+0000] {dagbag.py:538} INFO - Filling up the DagBag from /home/airflow/.local/lib/python3.7/site-packages/airflow/example_dags/tutorial_taskflow_api_virtualenv.py
[2024-11-09T17:17:17.787+0000] {processor.py:753} INFO - DAG(s) dict_keys(['tutorial_taskflow_api_virtualenv']) retrieved from /home/airflow/.local/lib/python3.7/site-packages/airflow/example_dags/tutorial_taskflow_api_virtualenv.py
[2024-11-09T17:17:17.808+0000] {logging_mixin.py:137} INFO - [2024-11-09T17:17:17.808+0000] {dag.py:2690} INFO - Sync 1 DAGs
[2024-11-09T17:17:17.824+0000] {logging_mixin.py:137} INFO - [2024-11-09T17:17:17.823+0000] {dag.py:3441} INFO - Setting next_dagrun for tutorial_taskflow_api_virtualenv to None, run_after=None
[2024-11-09T17:17:17.835+0000] {processor.py:175} INFO - Processing /home/airflow/.local/lib/python3.7/site-packages/airflow/example_dags/tutorial_taskflow_api_virtualenv.py took 0.063 seconds
[2024-11-09T17:17:48.618+0000] {processor.py:153} INFO - Started process (PID=1303) to work on /home/airflow/.local/lib/python3.7/site-packages/airflow/example_dags/tutorial_taskflow_api_virtualenv.py
[2024-11-09T17:17:48.619+0000] {processor.py:743} INFO - Processing file /home/airflow/.local/lib/python3.7/site-packages/airflow/example_dags/tutorial_taskflow_api_virtualenv.py for tasks to queue
[2024-11-09T17:17:48.619+0000] {logging_mixin.py:137} INFO - [2024-11-09T17:17:48.619+0000] {dagbag.py:538} INFO - Filling up the DagBag from /home/airflow/.local/lib/python3.7/site-packages/airflow/example_dags/tutorial_taskflow_api_virtualenv.py
[2024-11-09T17:17:48.631+0000] {processor.py:753} INFO - DAG(s) dict_keys(['tutorial_taskflow_api_virtualenv']) retrieved from /home/airflow/.local/lib/python3.7/site-packages/airflow/example_dags/tutorial_taskflow_api_virtualenv.py
[2024-11-09T17:17:48.648+0000] {logging_mixin.py:137} INFO - [2024-11-09T17:17:48.647+0000] {dag.py:2690} INFO - Sync 1 DAGs
[2024-11-09T17:17:48.661+0000] {logging_mixin.py:137} INFO - [2024-11-09T17:17:48.661+0000] {dag.py:3441} INFO - Setting next_dagrun for tutorial_taskflow_api_virtualenv to None, run_after=None
[2024-11-09T17:17:48.680+0000] {processor.py:175} INFO - Processing /home/airflow/.local/lib/python3.7/site-packages/airflow/example_dags/tutorial_taskflow_api_virtualenv.py took 0.064 seconds
[2024-11-09T17:18:19.455+0000] {processor.py:153} INFO - Started process (PID=1374) to work on /home/airflow/.local/lib/python3.7/site-packages/airflow/example_dags/tutorial_taskflow_api_virtualenv.py
[2024-11-09T17:18:19.455+0000] {processor.py:743} INFO - Processing file /home/airflow/.local/lib/python3.7/site-packages/airflow/example_dags/tutorial_taskflow_api_virtualenv.py for tasks to queue
[2024-11-09T17:18:19.456+0000] {logging_mixin.py:137} INFO - [2024-11-09T17:18:19.456+0000] {dagbag.py:538} INFO - Filling up the DagBag from /home/airflow/.local/lib/python3.7/site-packages/airflow/example_dags/tutorial_taskflow_api_virtualenv.py
[2024-11-09T17:18:19.468+0000] {processor.py:753} INFO - DAG(s) dict_keys(['tutorial_taskflow_api_virtualenv']) retrieved from /home/airflow/.local/lib/python3.7/site-packages/airflow/example_dags/tutorial_taskflow_api_virtualenv.py
[2024-11-09T17:18:19.497+0000] {logging_mixin.py:137} INFO - [2024-11-09T17:18:19.497+0000] {dag.py:2690} INFO - Sync 1 DAGs
[2024-11-09T17:18:19.513+0000] {logging_mixin.py:137} INFO - [2024-11-09T17:18:19.512+0000] {dag.py:3441} INFO - Setting next_dagrun for tutorial_taskflow_api_virtualenv to None, run_after=None
[2024-11-09T17:18:19.526+0000] {processor.py:175} INFO - Processing /home/airflow/.local/lib/python3.7/site-packages/airflow/example_dags/tutorial_taskflow_api_virtualenv.py took 0.074 seconds
[2024-11-09T17:18:50.333+0000] {processor.py:153} INFO - Started process (PID=1461) to work on /home/airflow/.local/lib/python3.7/site-packages/airflow/example_dags/tutorial_taskflow_api_virtualenv.py
[2024-11-09T17:18:50.334+0000] {processor.py:743} INFO - Processing file /home/airflow/.local/lib/python3.7/site-packages/airflow/example_dags/tutorial_taskflow_api_virtualenv.py for tasks to queue
[2024-11-09T17:18:50.335+0000] {logging_mixin.py:137} INFO - [2024-11-09T17:18:50.334+0000] {dagbag.py:538} INFO - Filling up the DagBag from /home/airflow/.local/lib/python3.7/site-packages/airflow/example_dags/tutorial_taskflow_api_virtualenv.py
[2024-11-09T17:18:50.347+0000] {processor.py:753} INFO - DAG(s) dict_keys(['tutorial_taskflow_api_virtualenv']) retrieved from /home/airflow/.local/lib/python3.7/site-packages/airflow/example_dags/tutorial_taskflow_api_virtualenv.py
[2024-11-09T17:18:50.361+0000] {logging_mixin.py:137} INFO - [2024-11-09T17:18:50.361+0000] {dag.py:2690} INFO - Sync 1 DAGs
[2024-11-09T17:18:50.375+0000] {logging_mixin.py:137} INFO - [2024-11-09T17:18:50.375+0000] {dag.py:3441} INFO - Setting next_dagrun for tutorial_taskflow_api_virtualenv to None, run_after=None
[2024-11-09T17:18:50.389+0000] {processor.py:175} INFO - Processing /home/airflow/.local/lib/python3.7/site-packages/airflow/example_dags/tutorial_taskflow_api_virtualenv.py took 0.058 seconds
[2024-11-09T17:19:21.148+0000] {processor.py:153} INFO - Started process (PID=1548) to work on /home/airflow/.local/lib/python3.7/site-packages/airflow/example_dags/tutorial_taskflow_api_virtualenv.py
[2024-11-09T17:19:21.149+0000] {processor.py:743} INFO - Processing file /home/airflow/.local/lib/python3.7/site-packages/airflow/example_dags/tutorial_taskflow_api_virtualenv.py for tasks to queue
[2024-11-09T17:19:21.150+0000] {logging_mixin.py:137} INFO - [2024-11-09T17:19:21.149+0000] {dagbag.py:538} INFO - Filling up the DagBag from /home/airflow/.local/lib/python3.7/site-packages/airflow/example_dags/tutorial_taskflow_api_virtualenv.py
[2024-11-09T17:19:21.161+0000] {processor.py:753} INFO - DAG(s) dict_keys(['tutorial_taskflow_api_virtualenv']) retrieved from /home/airflow/.local/lib/python3.7/site-packages/airflow/example_dags/tutorial_taskflow_api_virtualenv.py
[2024-11-09T17:19:21.183+0000] {logging_mixin.py:137} INFO - [2024-11-09T17:19:21.182+0000] {dag.py:2690} INFO - Sync 1 DAGs
[2024-11-09T17:19:21.199+0000] {logging_mixin.py:137} INFO - [2024-11-09T17:19:21.198+0000] {dag.py:3441} INFO - Setting next_dagrun for tutorial_taskflow_api_virtualenv to None, run_after=None
[2024-11-09T17:19:21.215+0000] {processor.py:175} INFO - Processing /home/airflow/.local/lib/python3.7/site-packages/airflow/example_dags/tutorial_taskflow_api_virtualenv.py took 0.068 seconds
[2024-11-09T17:19:52.231+0000] {processor.py:153} INFO - Started process (PID=1635) to work on /home/airflow/.local/lib/python3.7/site-packages/airflow/example_dags/tutorial_taskflow_api_virtualenv.py
[2024-11-09T17:19:52.232+0000] {processor.py:743} INFO - Processing file /home/airflow/.local/lib/python3.7/site-packages/airflow/example_dags/tutorial_taskflow_api_virtualenv.py for tasks to queue
[2024-11-09T17:19:52.233+0000] {logging_mixin.py:137} INFO - [2024-11-09T17:19:52.232+0000] {dagbag.py:538} INFO - Filling up the DagBag from /home/airflow/.local/lib/python3.7/site-packages/airflow/example_dags/tutorial_taskflow_api_virtualenv.py
[2024-11-09T17:19:52.248+0000] {processor.py:753} INFO - DAG(s) dict_keys(['tutorial_taskflow_api_virtualenv']) retrieved from /home/airflow/.local/lib/python3.7/site-packages/airflow/example_dags/tutorial_taskflow_api_virtualenv.py
[2024-11-09T17:19:52.271+0000] {logging_mixin.py:137} INFO - [2024-11-09T17:19:52.271+0000] {dag.py:2690} INFO - Sync 1 DAGs
[2024-11-09T17:19:52.312+0000] {logging_mixin.py:137} INFO - [2024-11-09T17:19:52.312+0000] {dag.py:3441} INFO - Setting next_dagrun for tutorial_taskflow_api_virtualenv to None, run_after=None
[2024-11-09T17:19:52.331+0000] {processor.py:175} INFO - Processing /home/airflow/.local/lib/python3.7/site-packages/airflow/example_dags/tutorial_taskflow_api_virtualenv.py took 0.104 seconds
[2024-11-09T17:20:23.060+0000] {processor.py:153} INFO - Started process (PID=1715) to work on /home/airflow/.local/lib/python3.7/site-packages/airflow/example_dags/tutorial_taskflow_api_virtualenv.py
[2024-11-09T17:20:23.061+0000] {processor.py:743} INFO - Processing file /home/airflow/.local/lib/python3.7/site-packages/airflow/example_dags/tutorial_taskflow_api_virtualenv.py for tasks to queue
[2024-11-09T17:20:23.061+0000] {logging_mixin.py:137} INFO - [2024-11-09T17:20:23.061+0000] {dagbag.py:538} INFO - Filling up the DagBag from /home/airflow/.local/lib/python3.7/site-packages/airflow/example_dags/tutorial_taskflow_api_virtualenv.py
[2024-11-09T17:20:23.073+0000] {processor.py:753} INFO - DAG(s) dict_keys(['tutorial_taskflow_api_virtualenv']) retrieved from /home/airflow/.local/lib/python3.7/site-packages/airflow/example_dags/tutorial_taskflow_api_virtualenv.py
[2024-11-09T17:20:23.087+0000] {logging_mixin.py:137} INFO - [2024-11-09T17:20:23.087+0000] {dag.py:2690} INFO - Sync 1 DAGs
[2024-11-09T17:20:23.100+0000] {logging_mixin.py:137} INFO - [2024-11-09T17:20:23.100+0000] {dag.py:3441} INFO - Setting next_dagrun for tutorial_taskflow_api_virtualenv to None, run_after=None
[2024-11-09T17:20:23.109+0000] {processor.py:175} INFO - Processing /home/airflow/.local/lib/python3.7/site-packages/airflow/example_dags/tutorial_taskflow_api_virtualenv.py took 0.050 seconds
[2024-11-09T17:20:51.274+0000] {processor.py:153} INFO - Started process (PID=54) to work on /home/airflow/.local/lib/python3.7/site-packages/airflow/example_dags/tutorial_taskflow_api_virtualenv.py
[2024-11-09T17:20:51.275+0000] {processor.py:743} INFO - Processing file /home/airflow/.local/lib/python3.7/site-packages/airflow/example_dags/tutorial_taskflow_api_virtualenv.py for tasks to queue
[2024-11-09T17:20:51.275+0000] {logging_mixin.py:137} INFO - [2024-11-09T17:20:51.275+0000] {dagbag.py:538} INFO - Filling up the DagBag from /home/airflow/.local/lib/python3.7/site-packages/airflow/example_dags/tutorial_taskflow_api_virtualenv.py
[2024-11-09T17:20:51.286+0000] {processor.py:753} INFO - DAG(s) dict_keys(['tutorial_taskflow_api_virtualenv']) retrieved from /home/airflow/.local/lib/python3.7/site-packages/airflow/example_dags/tutorial_taskflow_api_virtualenv.py
[2024-11-09T17:20:51.293+0000] {logging_mixin.py:137} INFO - [2024-11-09T17:20:51.293+0000] {dag.py:2690} INFO - Sync 1 DAGs
[2024-11-09T17:20:51.308+0000] {logging_mixin.py:137} INFO - [2024-11-09T17:20:51.308+0000] {dag.py:3441} INFO - Setting next_dagrun for tutorial_taskflow_api_virtualenv to None, run_after=None
[2024-11-09T17:20:51.318+0000] {processor.py:175} INFO - Processing /home/airflow/.local/lib/python3.7/site-packages/airflow/example_dags/tutorial_taskflow_api_virtualenv.py took 0.045 seconds
[2024-11-09T17:21:22.212+0000] {processor.py:153} INFO - Started process (PID=141) to work on /home/airflow/.local/lib/python3.7/site-packages/airflow/example_dags/tutorial_taskflow_api_virtualenv.py
[2024-11-09T17:21:22.214+0000] {processor.py:743} INFO - Processing file /home/airflow/.local/lib/python3.7/site-packages/airflow/example_dags/tutorial_taskflow_api_virtualenv.py for tasks to queue
[2024-11-09T17:21:22.215+0000] {logging_mixin.py:137} INFO - [2024-11-09T17:21:22.215+0000] {dagbag.py:538} INFO - Filling up the DagBag from /home/airflow/.local/lib/python3.7/site-packages/airflow/example_dags/tutorial_taskflow_api_virtualenv.py
[2024-11-09T17:21:22.227+0000] {processor.py:753} INFO - DAG(s) dict_keys(['tutorial_taskflow_api_virtualenv']) retrieved from /home/airflow/.local/lib/python3.7/site-packages/airflow/example_dags/tutorial_taskflow_api_virtualenv.py
[2024-11-09T17:21:22.244+0000] {logging_mixin.py:137} INFO - [2024-11-09T17:21:22.244+0000] {dag.py:2690} INFO - Sync 1 DAGs
[2024-11-09T17:21:22.259+0000] {logging_mixin.py:137} INFO - [2024-11-09T17:21:22.259+0000] {dag.py:3441} INFO - Setting next_dagrun for tutorial_taskflow_api_virtualenv to None, run_after=None
[2024-11-09T17:21:22.271+0000] {processor.py:175} INFO - Processing /home/airflow/.local/lib/python3.7/site-packages/airflow/example_dags/tutorial_taskflow_api_virtualenv.py took 0.062 seconds
[2024-11-09T17:21:52.986+0000] {processor.py:153} INFO - Started process (PID=212) to work on /home/airflow/.local/lib/python3.7/site-packages/airflow/example_dags/tutorial_taskflow_api_virtualenv.py
[2024-11-09T17:21:52.987+0000] {processor.py:743} INFO - Processing file /home/airflow/.local/lib/python3.7/site-packages/airflow/example_dags/tutorial_taskflow_api_virtualenv.py for tasks to queue
[2024-11-09T17:21:52.987+0000] {logging_mixin.py:137} INFO - [2024-11-09T17:21:52.987+0000] {dagbag.py:538} INFO - Filling up the DagBag from /home/airflow/.local/lib/python3.7/site-packages/airflow/example_dags/tutorial_taskflow_api_virtualenv.py
[2024-11-09T17:21:53.002+0000] {processor.py:753} INFO - DAG(s) dict_keys(['tutorial_taskflow_api_virtualenv']) retrieved from /home/airflow/.local/lib/python3.7/site-packages/airflow/example_dags/tutorial_taskflow_api_virtualenv.py
[2024-11-09T17:21:53.019+0000] {logging_mixin.py:137} INFO - [2024-11-09T17:21:53.019+0000] {dag.py:2690} INFO - Sync 1 DAGs
[2024-11-09T17:21:53.032+0000] {logging_mixin.py:137} INFO - [2024-11-09T17:21:53.032+0000] {dag.py:3441} INFO - Setting next_dagrun for tutorial_taskflow_api_virtualenv to None, run_after=None
[2024-11-09T17:21:53.043+0000] {processor.py:175} INFO - Processing /home/airflow/.local/lib/python3.7/site-packages/airflow/example_dags/tutorial_taskflow_api_virtualenv.py took 0.059 seconds
[2024-11-09T17:22:24.020+0000] {processor.py:153} INFO - Started process (PID=299) to work on /home/airflow/.local/lib/python3.7/site-packages/airflow/example_dags/tutorial_taskflow_api_virtualenv.py
[2024-11-09T17:22:24.021+0000] {processor.py:743} INFO - Processing file /home/airflow/.local/lib/python3.7/site-packages/airflow/example_dags/tutorial_taskflow_api_virtualenv.py for tasks to queue
[2024-11-09T17:22:24.022+0000] {logging_mixin.py:137} INFO - [2024-11-09T17:22:24.022+0000] {dagbag.py:538} INFO - Filling up the DagBag from /home/airflow/.local/lib/python3.7/site-packages/airflow/example_dags/tutorial_taskflow_api_virtualenv.py
[2024-11-09T17:22:24.037+0000] {processor.py:753} INFO - DAG(s) dict_keys(['tutorial_taskflow_api_virtualenv']) retrieved from /home/airflow/.local/lib/python3.7/site-packages/airflow/example_dags/tutorial_taskflow_api_virtualenv.py
[2024-11-09T17:22:24.061+0000] {logging_mixin.py:137} INFO - [2024-11-09T17:22:24.060+0000] {dag.py:2690} INFO - Sync 1 DAGs
[2024-11-09T17:22:24.080+0000] {logging_mixin.py:137} INFO - [2024-11-09T17:22:24.080+0000] {dag.py:3441} INFO - Setting next_dagrun for tutorial_taskflow_api_virtualenv to None, run_after=None
[2024-11-09T17:22:24.093+0000] {processor.py:175} INFO - Processing /home/airflow/.local/lib/python3.7/site-packages/airflow/example_dags/tutorial_taskflow_api_virtualenv.py took 0.075 seconds
[2024-11-09T17:22:54.933+0000] {processor.py:153} INFO - Started process (PID=386) to work on /home/airflow/.local/lib/python3.7/site-packages/airflow/example_dags/tutorial_taskflow_api_virtualenv.py
[2024-11-09T17:22:54.933+0000] {processor.py:743} INFO - Processing file /home/airflow/.local/lib/python3.7/site-packages/airflow/example_dags/tutorial_taskflow_api_virtualenv.py for tasks to queue
[2024-11-09T17:22:54.934+0000] {logging_mixin.py:137} INFO - [2024-11-09T17:22:54.934+0000] {dagbag.py:538} INFO - Filling up the DagBag from /home/airflow/.local/lib/python3.7/site-packages/airflow/example_dags/tutorial_taskflow_api_virtualenv.py
[2024-11-09T17:22:54.945+0000] {processor.py:753} INFO - DAG(s) dict_keys(['tutorial_taskflow_api_virtualenv']) retrieved from /home/airflow/.local/lib/python3.7/site-packages/airflow/example_dags/tutorial_taskflow_api_virtualenv.py
[2024-11-09T17:22:54.958+0000] {logging_mixin.py:137} INFO - [2024-11-09T17:22:54.958+0000] {dag.py:2690} INFO - Sync 1 DAGs
[2024-11-09T17:22:54.971+0000] {logging_mixin.py:137} INFO - [2024-11-09T17:22:54.971+0000] {dag.py:3441} INFO - Setting next_dagrun for tutorial_taskflow_api_virtualenv to None, run_after=None
[2024-11-09T17:22:54.980+0000] {processor.py:175} INFO - Processing /home/airflow/.local/lib/python3.7/site-packages/airflow/example_dags/tutorial_taskflow_api_virtualenv.py took 0.049 seconds
[2024-11-09T17:23:25.771+0000] {processor.py:153} INFO - Started process (PID=466) to work on /home/airflow/.local/lib/python3.7/site-packages/airflow/example_dags/tutorial_taskflow_api_virtualenv.py
[2024-11-09T17:23:25.771+0000] {processor.py:743} INFO - Processing file /home/airflow/.local/lib/python3.7/site-packages/airflow/example_dags/tutorial_taskflow_api_virtualenv.py for tasks to queue
[2024-11-09T17:23:25.772+0000] {logging_mixin.py:137} INFO - [2024-11-09T17:23:25.772+0000] {dagbag.py:538} INFO - Filling up the DagBag from /home/airflow/.local/lib/python3.7/site-packages/airflow/example_dags/tutorial_taskflow_api_virtualenv.py
[2024-11-09T17:23:25.784+0000] {processor.py:753} INFO - DAG(s) dict_keys(['tutorial_taskflow_api_virtualenv']) retrieved from /home/airflow/.local/lib/python3.7/site-packages/airflow/example_dags/tutorial_taskflow_api_virtualenv.py
[2024-11-09T17:23:25.799+0000] {logging_mixin.py:137} INFO - [2024-11-09T17:23:25.799+0000] {dag.py:2690} INFO - Sync 1 DAGs
[2024-11-09T17:23:25.815+0000] {logging_mixin.py:137} INFO - [2024-11-09T17:23:25.815+0000] {dag.py:3441} INFO - Setting next_dagrun for tutorial_taskflow_api_virtualenv to None, run_after=None
[2024-11-09T17:23:25.833+0000] {processor.py:175} INFO - Processing /home/airflow/.local/lib/python3.7/site-packages/airflow/example_dags/tutorial_taskflow_api_virtualenv.py took 0.064 seconds
[2024-11-09T17:28:53.456+0000] {processor.py:153} INFO - Started process (PID=54) to work on /home/airflow/.local/lib/python3.7/site-packages/airflow/example_dags/tutorial_taskflow_api_virtualenv.py
[2024-11-09T17:28:53.456+0000] {processor.py:743} INFO - Processing file /home/airflow/.local/lib/python3.7/site-packages/airflow/example_dags/tutorial_taskflow_api_virtualenv.py for tasks to queue
[2024-11-09T17:28:53.456+0000] {logging_mixin.py:137} INFO - [2024-11-09T17:28:53.456+0000] {dagbag.py:538} INFO - Filling up the DagBag from /home/airflow/.local/lib/python3.7/site-packages/airflow/example_dags/tutorial_taskflow_api_virtualenv.py
[2024-11-09T17:28:53.468+0000] {processor.py:753} INFO - DAG(s) dict_keys(['tutorial_taskflow_api_virtualenv']) retrieved from /home/airflow/.local/lib/python3.7/site-packages/airflow/example_dags/tutorial_taskflow_api_virtualenv.py
[2024-11-09T17:28:53.480+0000] {logging_mixin.py:137} INFO - [2024-11-09T17:28:53.480+0000] {dag.py:2690} INFO - Sync 1 DAGs
[2024-11-09T17:28:53.495+0000] {logging_mixin.py:137} INFO - [2024-11-09T17:28:53.495+0000] {dag.py:3441} INFO - Setting next_dagrun for tutorial_taskflow_api_virtualenv to None, run_after=None
[2024-11-09T17:28:53.506+0000] {processor.py:175} INFO - Processing /home/airflow/.local/lib/python3.7/site-packages/airflow/example_dags/tutorial_taskflow_api_virtualenv.py took 0.052 seconds
[2024-11-09T17:29:24.208+0000] {processor.py:153} INFO - Started process (PID=141) to work on /home/airflow/.local/lib/python3.7/site-packages/airflow/example_dags/tutorial_taskflow_api_virtualenv.py
[2024-11-09T17:29:24.209+0000] {processor.py:743} INFO - Processing file /home/airflow/.local/lib/python3.7/site-packages/airflow/example_dags/tutorial_taskflow_api_virtualenv.py for tasks to queue
[2024-11-09T17:29:24.209+0000] {logging_mixin.py:137} INFO - [2024-11-09T17:29:24.209+0000] {dagbag.py:538} INFO - Filling up the DagBag from /home/airflow/.local/lib/python3.7/site-packages/airflow/example_dags/tutorial_taskflow_api_virtualenv.py
[2024-11-09T17:29:24.221+0000] {processor.py:753} INFO - DAG(s) dict_keys(['tutorial_taskflow_api_virtualenv']) retrieved from /home/airflow/.local/lib/python3.7/site-packages/airflow/example_dags/tutorial_taskflow_api_virtualenv.py
[2024-11-09T17:29:24.239+0000] {logging_mixin.py:137} INFO - [2024-11-09T17:29:24.239+0000] {dag.py:2690} INFO - Sync 1 DAGs
[2024-11-09T17:29:24.253+0000] {logging_mixin.py:137} INFO - [2024-11-09T17:29:24.253+0000] {dag.py:3441} INFO - Setting next_dagrun for tutorial_taskflow_api_virtualenv to None, run_after=None
[2024-11-09T17:29:24.263+0000] {processor.py:175} INFO - Processing /home/airflow/.local/lib/python3.7/site-packages/airflow/example_dags/tutorial_taskflow_api_virtualenv.py took 0.057 seconds
[2024-11-09T17:29:54.976+0000] {processor.py:153} INFO - Started process (PID=212) to work on /home/airflow/.local/lib/python3.7/site-packages/airflow/example_dags/tutorial_taskflow_api_virtualenv.py
[2024-11-09T17:29:54.977+0000] {processor.py:743} INFO - Processing file /home/airflow/.local/lib/python3.7/site-packages/airflow/example_dags/tutorial_taskflow_api_virtualenv.py for tasks to queue
[2024-11-09T17:29:54.977+0000] {logging_mixin.py:137} INFO - [2024-11-09T17:29:54.977+0000] {dagbag.py:538} INFO - Filling up the DagBag from /home/airflow/.local/lib/python3.7/site-packages/airflow/example_dags/tutorial_taskflow_api_virtualenv.py
[2024-11-09T17:29:54.991+0000] {processor.py:753} INFO - DAG(s) dict_keys(['tutorial_taskflow_api_virtualenv']) retrieved from /home/airflow/.local/lib/python3.7/site-packages/airflow/example_dags/tutorial_taskflow_api_virtualenv.py
[2024-11-09T17:29:55.035+0000] {logging_mixin.py:137} INFO - [2024-11-09T17:29:55.035+0000] {dag.py:2690} INFO - Sync 1 DAGs
[2024-11-09T17:29:55.059+0000] {logging_mixin.py:137} INFO - [2024-11-09T17:29:55.059+0000] {dag.py:3441} INFO - Setting next_dagrun for tutorial_taskflow_api_virtualenv to None, run_after=None
[2024-11-09T17:29:55.072+0000] {processor.py:175} INFO - Processing /home/airflow/.local/lib/python3.7/site-packages/airflow/example_dags/tutorial_taskflow_api_virtualenv.py took 0.098 seconds
[2024-11-09T17:30:14.467+0000] {processor.py:153} INFO - Started process (PID=54) to work on /home/airflow/.local/lib/python3.7/site-packages/airflow/example_dags/tutorial_taskflow_api_virtualenv.py
[2024-11-09T17:30:14.467+0000] {processor.py:743} INFO - Processing file /home/airflow/.local/lib/python3.7/site-packages/airflow/example_dags/tutorial_taskflow_api_virtualenv.py for tasks to queue
[2024-11-09T17:30:14.468+0000] {logging_mixin.py:137} INFO - [2024-11-09T17:30:14.468+0000] {dagbag.py:538} INFO - Filling up the DagBag from /home/airflow/.local/lib/python3.7/site-packages/airflow/example_dags/tutorial_taskflow_api_virtualenv.py
[2024-11-09T17:30:14.483+0000] {processor.py:753} INFO - DAG(s) dict_keys(['tutorial_taskflow_api_virtualenv']) retrieved from /home/airflow/.local/lib/python3.7/site-packages/airflow/example_dags/tutorial_taskflow_api_virtualenv.py
[2024-11-09T17:30:14.491+0000] {logging_mixin.py:137} INFO - [2024-11-09T17:30:14.491+0000] {dag.py:2690} INFO - Sync 1 DAGs
[2024-11-09T17:30:14.508+0000] {logging_mixin.py:137} INFO - [2024-11-09T17:30:14.508+0000] {dag.py:3441} INFO - Setting next_dagrun for tutorial_taskflow_api_virtualenv to None, run_after=None
[2024-11-09T17:30:14.519+0000] {processor.py:175} INFO - Processing /home/airflow/.local/lib/python3.7/site-packages/airflow/example_dags/tutorial_taskflow_api_virtualenv.py took 0.054 seconds
[2024-11-09T17:30:45.233+0000] {processor.py:153} INFO - Started process (PID=141) to work on /home/airflow/.local/lib/python3.7/site-packages/airflow/example_dags/tutorial_taskflow_api_virtualenv.py
[2024-11-09T17:30:45.235+0000] {processor.py:743} INFO - Processing file /home/airflow/.local/lib/python3.7/site-packages/airflow/example_dags/tutorial_taskflow_api_virtualenv.py for tasks to queue
[2024-11-09T17:30:45.236+0000] {logging_mixin.py:137} INFO - [2024-11-09T17:30:45.236+0000] {dagbag.py:538} INFO - Filling up the DagBag from /home/airflow/.local/lib/python3.7/site-packages/airflow/example_dags/tutorial_taskflow_api_virtualenv.py
[2024-11-09T17:30:45.248+0000] {processor.py:753} INFO - DAG(s) dict_keys(['tutorial_taskflow_api_virtualenv']) retrieved from /home/airflow/.local/lib/python3.7/site-packages/airflow/example_dags/tutorial_taskflow_api_virtualenv.py
[2024-11-09T17:30:45.263+0000] {logging_mixin.py:137} INFO - [2024-11-09T17:30:45.263+0000] {dag.py:2690} INFO - Sync 1 DAGs
[2024-11-09T17:30:45.276+0000] {logging_mixin.py:137} INFO - [2024-11-09T17:30:45.276+0000] {dag.py:3441} INFO - Setting next_dagrun for tutorial_taskflow_api_virtualenv to None, run_after=None
[2024-11-09T17:30:45.285+0000] {processor.py:175} INFO - Processing /home/airflow/.local/lib/python3.7/site-packages/airflow/example_dags/tutorial_taskflow_api_virtualenv.py took 0.053 seconds
[2024-11-09T17:31:15.905+0000] {processor.py:153} INFO - Started process (PID=212) to work on /home/airflow/.local/lib/python3.7/site-packages/airflow/example_dags/tutorial_taskflow_api_virtualenv.py
[2024-11-09T17:31:15.906+0000] {processor.py:743} INFO - Processing file /home/airflow/.local/lib/python3.7/site-packages/airflow/example_dags/tutorial_taskflow_api_virtualenv.py for tasks to queue
[2024-11-09T17:31:15.906+0000] {logging_mixin.py:137} INFO - [2024-11-09T17:31:15.906+0000] {dagbag.py:538} INFO - Filling up the DagBag from /home/airflow/.local/lib/python3.7/site-packages/airflow/example_dags/tutorial_taskflow_api_virtualenv.py
[2024-11-09T17:31:15.921+0000] {processor.py:753} INFO - DAG(s) dict_keys(['tutorial_taskflow_api_virtualenv']) retrieved from /home/airflow/.local/lib/python3.7/site-packages/airflow/example_dags/tutorial_taskflow_api_virtualenv.py
[2024-11-09T17:31:15.934+0000] {logging_mixin.py:137} INFO - [2024-11-09T17:31:15.934+0000] {dag.py:2690} INFO - Sync 1 DAGs
[2024-11-09T17:31:15.947+0000] {logging_mixin.py:137} INFO - [2024-11-09T17:31:15.947+0000] {dag.py:3441} INFO - Setting next_dagrun for tutorial_taskflow_api_virtualenv to None, run_after=None
[2024-11-09T17:31:15.957+0000] {processor.py:175} INFO - Processing /home/airflow/.local/lib/python3.7/site-packages/airflow/example_dags/tutorial_taskflow_api_virtualenv.py took 0.054 seconds
[2024-11-09T17:31:46.490+0000] {processor.py:153} INFO - Started process (PID=299) to work on /home/airflow/.local/lib/python3.7/site-packages/airflow/example_dags/tutorial_taskflow_api_virtualenv.py
[2024-11-09T17:31:46.494+0000] {processor.py:743} INFO - Processing file /home/airflow/.local/lib/python3.7/site-packages/airflow/example_dags/tutorial_taskflow_api_virtualenv.py for tasks to queue
[2024-11-09T17:31:46.494+0000] {logging_mixin.py:137} INFO - [2024-11-09T17:31:46.494+0000] {dagbag.py:538} INFO - Filling up the DagBag from /home/airflow/.local/lib/python3.7/site-packages/airflow/example_dags/tutorial_taskflow_api_virtualenv.py
[2024-11-09T17:31:46.505+0000] {processor.py:753} INFO - DAG(s) dict_keys(['tutorial_taskflow_api_virtualenv']) retrieved from /home/airflow/.local/lib/python3.7/site-packages/airflow/example_dags/tutorial_taskflow_api_virtualenv.py
[2024-11-09T17:31:46.519+0000] {logging_mixin.py:137} INFO - [2024-11-09T17:31:46.519+0000] {dag.py:2690} INFO - Sync 1 DAGs
[2024-11-09T17:31:46.549+0000] {logging_mixin.py:137} INFO - [2024-11-09T17:31:46.549+0000] {dag.py:3441} INFO - Setting next_dagrun for tutorial_taskflow_api_virtualenv to None, run_after=None
[2024-11-09T17:31:46.574+0000] {processor.py:175} INFO - Processing /home/airflow/.local/lib/python3.7/site-packages/airflow/example_dags/tutorial_taskflow_api_virtualenv.py took 0.086 seconds
[2024-11-09T17:32:17.110+0000] {processor.py:153} INFO - Started process (PID=386) to work on /home/airflow/.local/lib/python3.7/site-packages/airflow/example_dags/tutorial_taskflow_api_virtualenv.py
[2024-11-09T17:32:17.111+0000] {processor.py:743} INFO - Processing file /home/airflow/.local/lib/python3.7/site-packages/airflow/example_dags/tutorial_taskflow_api_virtualenv.py for tasks to queue
[2024-11-09T17:32:17.113+0000] {logging_mixin.py:137} INFO - [2024-11-09T17:32:17.113+0000] {dagbag.py:538} INFO - Filling up the DagBag from /home/airflow/.local/lib/python3.7/site-packages/airflow/example_dags/tutorial_taskflow_api_virtualenv.py
[2024-11-09T17:32:17.124+0000] {processor.py:753} INFO - DAG(s) dict_keys(['tutorial_taskflow_api_virtualenv']) retrieved from /home/airflow/.local/lib/python3.7/site-packages/airflow/example_dags/tutorial_taskflow_api_virtualenv.py
[2024-11-09T17:32:17.138+0000] {logging_mixin.py:137} INFO - [2024-11-09T17:32:17.138+0000] {dag.py:2690} INFO - Sync 1 DAGs
[2024-11-09T17:32:17.153+0000] {logging_mixin.py:137} INFO - [2024-11-09T17:32:17.153+0000] {dag.py:3441} INFO - Setting next_dagrun for tutorial_taskflow_api_virtualenv to None, run_after=None
[2024-11-09T17:32:17.162+0000] {processor.py:175} INFO - Processing /home/airflow/.local/lib/python3.7/site-packages/airflow/example_dags/tutorial_taskflow_api_virtualenv.py took 0.055 seconds
[2024-11-09T17:32:47.831+0000] {processor.py:153} INFO - Started process (PID=457) to work on /home/airflow/.local/lib/python3.7/site-packages/airflow/example_dags/tutorial_taskflow_api_virtualenv.py
[2024-11-09T17:32:47.832+0000] {processor.py:743} INFO - Processing file /home/airflow/.local/lib/python3.7/site-packages/airflow/example_dags/tutorial_taskflow_api_virtualenv.py for tasks to queue
[2024-11-09T17:32:47.832+0000] {logging_mixin.py:137} INFO - [2024-11-09T17:32:47.832+0000] {dagbag.py:538} INFO - Filling up the DagBag from /home/airflow/.local/lib/python3.7/site-packages/airflow/example_dags/tutorial_taskflow_api_virtualenv.py
[2024-11-09T17:32:47.845+0000] {processor.py:753} INFO - DAG(s) dict_keys(['tutorial_taskflow_api_virtualenv']) retrieved from /home/airflow/.local/lib/python3.7/site-packages/airflow/example_dags/tutorial_taskflow_api_virtualenv.py
[2024-11-09T17:32:47.858+0000] {logging_mixin.py:137} INFO - [2024-11-09T17:32:47.858+0000] {dag.py:2690} INFO - Sync 1 DAGs
[2024-11-09T17:32:47.871+0000] {logging_mixin.py:137} INFO - [2024-11-09T17:32:47.871+0000] {dag.py:3441} INFO - Setting next_dagrun for tutorial_taskflow_api_virtualenv to None, run_after=None
[2024-11-09T17:32:47.880+0000] {processor.py:175} INFO - Processing /home/airflow/.local/lib/python3.7/site-packages/airflow/example_dags/tutorial_taskflow_api_virtualenv.py took 0.050 seconds
