[2024-11-10T00:51:53.025+0000] {taskinstance.py:1083} INFO - Dependencies all met for <TaskInstance: xcon.tsk1 manual__2024-11-10T00:51:52.124322+00:00 [queued]>
[2024-11-10T00:51:53.037+0000] {taskinstance.py:1083} INFO - Dependencies all met for <TaskInstance: xcon.tsk1 manual__2024-11-10T00:51:52.124322+00:00 [queued]>
[2024-11-10T00:51:53.038+0000] {taskinstance.py:1279} INFO - 
--------------------------------------------------------------------------------
[2024-11-10T00:51:53.038+0000] {taskinstance.py:1280} INFO - Starting attempt 1 of 1
[2024-11-10T00:51:53.038+0000] {taskinstance.py:1281} INFO - 
--------------------------------------------------------------------------------
[2024-11-10T00:51:53.048+0000] {taskinstance.py:1300} INFO - Executing <Task(PythonOperator): tsk1> on 2024-11-10 00:51:52.124322+00:00
[2024-11-10T00:51:53.052+0000] {standard_task_runner.py:55} INFO - Started process 20513 to run task
[2024-11-10T00:51:53.058+0000] {standard_task_runner.py:82} INFO - Running: ['***', 'tasks', 'run', 'xcon', 'tsk1', 'manual__2024-11-10T00:51:52.124322+00:00', '--job-id', '146', '--raw', '--subdir', 'DAGS_FOLDER/xcon.py', '--cfg-path', '/tmp/tmpypno3_f3']
[2024-11-10T00:51:53.058+0000] {standard_task_runner.py:83} INFO - Job 146: Subtask tsk1
[2024-11-10T00:51:53.133+0000] {task_command.py:388} INFO - Running <TaskInstance: xcon.tsk1 manual__2024-11-10T00:51:52.124322+00:00 [running]> on host a8ff7d7dd89a
[2024-11-10T00:51:53.202+0000] {taskinstance.py:1509} INFO - Exporting the following env vars:
AIRFLOW_CTX_DAG_OWNER=***
AIRFLOW_CTX_DAG_ID=xcon
AIRFLOW_CTX_TASK_ID=tsk1
AIRFLOW_CTX_EXECUTION_DATE=2024-11-10T00:51:52.124322+00:00
AIRFLOW_CTX_TRY_NUMBER=1
AIRFLOW_CTX_DAG_RUN_ID=manual__2024-11-10T00:51:52.124322+00:00
[2024-11-10T00:51:53.213+0000] {python.py:177} INFO - Done. Returned value was: None
[2024-11-10T00:51:53.220+0000] {taskinstance.py:1323} INFO - Marking task as SUCCESS. dag_id=xcon, task_id=tsk1, execution_date=20241110T005152, start_date=20241110T005153, end_date=20241110T005153
[2024-11-10T00:51:53.239+0000] {local_task_job.py:208} INFO - Task exited with return code 0
[2024-11-10T00:51:53.264+0000] {taskinstance.py:2578} INFO - 1 downstream tasks scheduled from follow-on schedule check
