[2024-11-09T20:36:58.877+0000] {taskinstance.py:1083} INFO - Dependencies all met for <TaskInstance: trigger_dag1.tsk1 manual__2024-11-09T20:36:56.933333+00:00 [queued]>
[2024-11-09T20:36:58.920+0000] {taskinstance.py:1083} INFO - Dependencies all met for <TaskInstance: trigger_dag1.tsk1 manual__2024-11-09T20:36:56.933333+00:00 [queued]>
[2024-11-09T20:36:58.921+0000] {taskinstance.py:1279} INFO - 
--------------------------------------------------------------------------------
[2024-11-09T20:36:58.921+0000] {taskinstance.py:1280} INFO - Starting attempt 1 of 1
[2024-11-09T20:36:58.921+0000] {taskinstance.py:1281} INFO - 
--------------------------------------------------------------------------------
[2024-11-09T20:36:58.949+0000] {taskinstance.py:1300} INFO - Executing <Task(BashOperator): tsk1> on 2024-11-09 20:36:56.933333+00:00
[2024-11-09T20:36:58.966+0000] {standard_task_runner.py:55} INFO - Started process 6151 to run task
[2024-11-09T20:36:58.977+0000] {standard_task_runner.py:82} INFO - Running: ['***', 'tasks', 'run', 'trigger_dag1', 'tsk1', 'manual__2024-11-09T20:36:56.933333+00:00', '--job-id', '72', '--raw', '--subdir', 'DAGS_FOLDER/trigger_dag1.py', '--cfg-path', '/tmp/tmp52rsknri']
[2024-11-09T20:36:58.979+0000] {standard_task_runner.py:83} INFO - Job 72: Subtask tsk1
[2024-11-09T20:36:59.112+0000] {task_command.py:388} INFO - Running <TaskInstance: trigger_dag1.tsk1 manual__2024-11-09T20:36:56.933333+00:00 [running]> on host a8ff7d7dd89a
[2024-11-09T20:36:59.221+0000] {taskinstance.py:1509} INFO - Exporting the following env vars:
AIRFLOW_CTX_DAG_OWNER=***
AIRFLOW_CTX_DAG_ID=trigger_dag1
AIRFLOW_CTX_TASK_ID=tsk1
AIRFLOW_CTX_EXECUTION_DATE=2024-11-09T20:36:56.933333+00:00
AIRFLOW_CTX_TRY_NUMBER=1
AIRFLOW_CTX_DAG_RUN_ID=manual__2024-11-09T20:36:56.933333+00:00
[2024-11-09T20:36:59.224+0000] {subprocess.py:63} INFO - Tmp dir root location: 
 /tmp
[2024-11-09T20:36:59.225+0000] {subprocess.py:75} INFO - Running command: ['/bin/bash', '-c', 'sleep 5']
[2024-11-09T20:36:59.250+0000] {subprocess.py:86} INFO - Output:
[2024-11-09T20:37:04.262+0000] {subprocess.py:97} INFO - Command exited with return code 0
[2024-11-09T20:37:04.304+0000] {taskinstance.py:1323} INFO - Marking task as SUCCESS. dag_id=trigger_dag1, task_id=tsk1, execution_date=20241109T203656, start_date=20241109T203658, end_date=20241109T203704
[2024-11-09T20:37:04.330+0000] {local_task_job.py:208} INFO - Task exited with return code 0
[2024-11-09T20:37:04.372+0000] {taskinstance.py:2578} INFO - 0 downstream tasks scheduled from follow-on schedule check
