[2024-11-10T13:50:45.962+0000] {taskinstance.py:1083} INFO - Dependencies all met for <TaskInstance: banco_de_dados.create_table manual__2024-11-10T13:50:43.582266+00:00 [queued]>
[2024-11-10T13:50:45.975+0000] {taskinstance.py:1083} INFO - Dependencies all met for <TaskInstance: banco_de_dados.create_table manual__2024-11-10T13:50:43.582266+00:00 [queued]>
[2024-11-10T13:50:45.976+0000] {taskinstance.py:1279} INFO - 
--------------------------------------------------------------------------------
[2024-11-10T13:50:45.976+0000] {taskinstance.py:1280} INFO - Starting attempt 1 of 1
[2024-11-10T13:50:45.976+0000] {taskinstance.py:1281} INFO - 
--------------------------------------------------------------------------------
[2024-11-10T13:50:46.011+0000] {taskinstance.py:1300} INFO - Executing <Task(PostgresOperator): create_table> on 2024-11-10 13:50:43.582266+00:00
[2024-11-10T13:50:46.020+0000] {standard_task_runner.py:55} INFO - Started process 4027 to run task
[2024-11-10T13:50:46.027+0000] {standard_task_runner.py:82} INFO - Running: ['***', 'tasks', 'run', 'banco_de_dados', 'create_table', 'manual__2024-11-10T13:50:43.582266+00:00', '--job-id', '171', '--raw', '--subdir', 'DAGS_FOLDER/banco_de_dados.py', '--cfg-path', '/tmp/tmpryl00ebi']
[2024-11-10T13:50:46.028+0000] {standard_task_runner.py:83} INFO - Job 171: Subtask create_table
[2024-11-10T13:50:46.146+0000] {task_command.py:388} INFO - Running <TaskInstance: banco_de_dados.create_table manual__2024-11-10T13:50:43.582266+00:00 [running]> on host c860a17743c7
[2024-11-10T13:50:46.307+0000] {taskinstance.py:1509} INFO - Exporting the following env vars:
AIRFLOW_CTX_DAG_OWNER=***
AIRFLOW_CTX_DAG_ID=banco_de_dados
AIRFLOW_CTX_TASK_ID=create_table
AIRFLOW_CTX_EXECUTION_DATE=2024-11-10T13:50:43.582266+00:00
AIRFLOW_CTX_TRY_NUMBER=1
AIRFLOW_CTX_DAG_RUN_ID=manual__2024-11-10T13:50:43.582266+00:00
[2024-11-10T13:50:46.309+0000] {sql.py:254} INFO - Executing: create table if not exists teste(id int);
[2024-11-10T13:50:46.327+0000] {base.py:73} INFO - Using connection ID 'postgres' for task execution.
[2024-11-10T13:50:46.792+0000] {base.py:73} INFO - Using connection ID 'postgres' for task execution.
[2024-11-10T13:50:46.800+0000] {sql.py:375} INFO - Running statement: create table if not exists teste(id int);, parameters: None
[2024-11-10T13:50:46.847+0000] {taskinstance.py:1323} INFO - Marking task as SUCCESS. dag_id=banco_de_dados, task_id=create_table, execution_date=20241110T135043, start_date=20241110T135045, end_date=20241110T135046
[2024-11-10T13:50:46.912+0000] {local_task_job.py:208} INFO - Task exited with return code 0
[2024-11-10T13:50:47.190+0000] {taskinstance.py:2578} INFO - 0 downstream tasks scheduled from follow-on schedule check
