[2024-11-09T17:43:48.298+0000] {taskinstance.py:1083} INFO - Dependencies all met for <TaskInstance: example_branch_operator.branching scheduled__2024-10-31T00:00:00+00:00 [queued]>
[2024-11-09T17:43:48.379+0000] {taskinstance.py:1083} INFO - Dependencies all met for <TaskInstance: example_branch_operator.branching scheduled__2024-10-31T00:00:00+00:00 [queued]>
[2024-11-09T17:43:48.391+0000] {taskinstance.py:1279} INFO - 
--------------------------------------------------------------------------------
[2024-11-09T17:43:48.403+0000] {taskinstance.py:1280} INFO - Starting attempt 1 of 1
[2024-11-09T17:43:48.413+0000] {taskinstance.py:1281} INFO - 
--------------------------------------------------------------------------------
[2024-11-09T17:43:48.597+0000] {taskinstance.py:1300} INFO - Executing <Task(BranchPythonOperator): branching> on 2024-10-31 00:00:00+00:00
[2024-11-09T17:43:48.648+0000] {standard_task_runner.py:82} INFO - Running: ['***', 'tasks', 'run', 'example_branch_operator', 'branching', 'scheduled__2024-10-31T00:00:00+00:00', '--job-id', '29', '--raw', '--subdir', '/home/***/.local/lib/python3.7/site-packages/***/example_dags/example_branch_operator.py', '--cfg-path', '/tmp/tmpu5wu5afy']
[2024-11-09T17:43:48.650+0000] {standard_task_runner.py:83} INFO - Job 29: Subtask branching
[2024-11-09T17:43:48.640+0000] {standard_task_runner.py:55} INFO - Started process 929 to run task
[2024-11-09T17:43:49.181+0000] {task_command.py:388} INFO - Running <TaskInstance: example_branch_operator.branching scheduled__2024-10-31T00:00:00+00:00 [running]> on host a8ff7d7dd89a
[2024-11-09T17:43:49.607+0000] {taskinstance.py:1509} INFO - Exporting the following env vars:
AIRFLOW_CTX_DAG_OWNER=***
AIRFLOW_CTX_DAG_ID=example_branch_operator
AIRFLOW_CTX_TASK_ID=branching
AIRFLOW_CTX_EXECUTION_DATE=2024-10-31T00:00:00+00:00
AIRFLOW_CTX_TRY_NUMBER=1
AIRFLOW_CTX_DAG_RUN_ID=scheduled__2024-10-31T00:00:00+00:00
[2024-11-09T17:43:49.614+0000] {python.py:177} INFO - Done. Returned value was: branch_c
[2024-11-09T17:43:49.621+0000] {python.py:211} INFO - Branch callable return branch_c
[2024-11-09T17:43:49.623+0000] {skipmixin.py:155} INFO - Following branch branch_c
[2024-11-09T17:43:49.628+0000] {skipmixin.py:211} INFO - Skipping tasks ['branch_a', 'branch_d', 'branch_b']
[2024-11-09T17:43:49.951+0000] {taskinstance.py:1323} INFO - Marking task as SUCCESS. dag_id=example_branch_operator, task_id=branching, execution_date=20241031T000000, start_date=20241109T174348, end_date=20241109T174349
[2024-11-09T17:43:50.110+0000] {local_task_job.py:208} INFO - Task exited with return code 0
[2024-11-09T17:43:50.351+0000] {taskinstance.py:2578} INFO - 1 downstream tasks scheduled from follow-on schedule check
