[2024-11-10T12:10:34.431+0000] {taskinstance.py:1083} INFO - Dependencies all met for <TaskInstance: vars.tsk1 manual__2024-11-10T12:10:32.955395+00:00 [queued]>
[2024-11-10T12:10:34.441+0000] {taskinstance.py:1083} INFO - Dependencies all met for <TaskInstance: vars.tsk1 manual__2024-11-10T12:10:32.955395+00:00 [queued]>
[2024-11-10T12:10:34.441+0000] {taskinstance.py:1279} INFO - 
--------------------------------------------------------------------------------
[2024-11-10T12:10:34.441+0000] {taskinstance.py:1280} INFO - Starting attempt 1 of 1
[2024-11-10T12:10:34.441+0000] {taskinstance.py:1281} INFO - 
--------------------------------------------------------------------------------
[2024-11-10T12:10:34.454+0000] {taskinstance.py:1300} INFO - Executing <Task(PythonOperator): tsk1> on 2024-11-10 12:10:32.955395+00:00
[2024-11-10T12:10:34.458+0000] {standard_task_runner.py:55} INFO - Started process 1744 to run task
[2024-11-10T12:10:34.462+0000] {standard_task_runner.py:82} INFO - Running: ['***', 'tasks', 'run', 'vars', 'tsk1', 'manual__2024-11-10T12:10:32.955395+00:00', '--job-id', '167', '--raw', '--subdir', 'DAGS_FOLDER/vars.py', '--cfg-path', '/tmp/tmp0vtk2b5u']
[2024-11-10T12:10:34.462+0000] {standard_task_runner.py:83} INFO - Job 167: Subtask tsk1
[2024-11-10T12:10:34.517+0000] {task_command.py:388} INFO - Running <TaskInstance: vars.tsk1 manual__2024-11-10T12:10:32.955395+00:00 [running]> on host a8ff7d7dd89a
[2024-11-10T12:10:34.585+0000] {taskinstance.py:1509} INFO - Exporting the following env vars:
AIRFLOW_CTX_DAG_OWNER=***
AIRFLOW_CTX_DAG_ID=vars
AIRFLOW_CTX_TASK_ID=tsk1
AIRFLOW_CTX_EXECUTION_DATE=2024-11-10T12:10:32.955395+00:00
AIRFLOW_CTX_TRY_NUMBER=1
AIRFLOW_CTX_DAG_RUN_ID=manual__2024-11-10T12:10:32.955395+00:00
[2024-11-10T12:10:34.593+0000] {logging_mixin.py:137} INFO - Variável é: Documents/***/dags
[2024-11-10T12:10:34.594+0000] {python.py:177} INFO - Done. Returned value was: None
[2024-11-10T12:10:34.603+0000] {taskinstance.py:1323} INFO - Marking task as SUCCESS. dag_id=vars, task_id=tsk1, execution_date=20241110T121032, start_date=20241110T121034, end_date=20241110T121034
[2024-11-10T12:10:34.644+0000] {local_task_job.py:208} INFO - Task exited with return code 0
[2024-11-10T12:10:34.659+0000] {taskinstance.py:2578} INFO - 0 downstream tasks scheduled from follow-on schedule check
