[2024-11-10T00:14:43.968+0000] {taskinstance.py:1083} INFO - Dependencies all met for <TaskInstance: dag_run2.tsk1 scheduled__2024-11-09T00:00:00+00:00 [queued]>
[2024-11-10T00:14:43.974+0000] {taskinstance.py:1083} INFO - Dependencies all met for <TaskInstance: dag_run2.tsk1 scheduled__2024-11-09T00:00:00+00:00 [queued]>
[2024-11-10T00:14:43.974+0000] {taskinstance.py:1279} INFO - 
--------------------------------------------------------------------------------
[2024-11-10T00:14:43.974+0000] {taskinstance.py:1280} INFO - Starting attempt 1 of 2
[2024-11-10T00:14:43.975+0000] {taskinstance.py:1281} INFO - 
--------------------------------------------------------------------------------
[2024-11-10T00:14:43.983+0000] {taskinstance.py:1300} INFO - Executing <Task(BashOperator): tsk1> on 2024-11-09 00:00:00+00:00
[2024-11-10T00:14:43.987+0000] {standard_task_runner.py:55} INFO - Started process 17533 to run task
[2024-11-10T00:14:43.989+0000] {standard_task_runner.py:82} INFO - Running: ['***', 'tasks', 'run', 'dag_run2', 'tsk1', 'scheduled__2024-11-09T00:00:00+00:00', '--job-id', '133', '--raw', '--subdir', 'DAGS_FOLDER/dag_run2.py', '--cfg-path', '/tmp/tmp62rh305a']
[2024-11-10T00:14:43.991+0000] {standard_task_runner.py:83} INFO - Job 133: Subtask tsk1
[2024-11-10T00:14:44.039+0000] {task_command.py:388} INFO - Running <TaskInstance: dag_run2.tsk1 scheduled__2024-11-09T00:00:00+00:00 [running]> on host a8ff7d7dd89a
[2024-11-10T00:14:44.093+0000] {taskinstance.py:1509} INFO - Exporting the following env vars:
AIRFLOW_CTX_DAG_EMAIL=caubineto@outlook.com
AIRFLOW_CTX_DAG_OWNER=***
AIRFLOW_CTX_DAG_ID=dag_run2
AIRFLOW_CTX_TASK_ID=tsk1
AIRFLOW_CTX_EXECUTION_DATE=2024-11-09T00:00:00+00:00
AIRFLOW_CTX_TRY_NUMBER=1
AIRFLOW_CTX_DAG_RUN_ID=scheduled__2024-11-09T00:00:00+00:00
[2024-11-10T00:14:44.094+0000] {subprocess.py:63} INFO - Tmp dir root location: 
 /tmp
[2024-11-10T00:14:44.095+0000] {subprocess.py:75} INFO - Running command: ['/bin/bash', '-c', 'sleep 5']
[2024-11-10T00:14:44.103+0000] {subprocess.py:86} INFO - Output:
[2024-11-10T00:14:49.113+0000] {subprocess.py:97} INFO - Command exited with return code 0
[2024-11-10T00:14:49.153+0000] {taskinstance.py:1323} INFO - Marking task as SUCCESS. dag_id=dag_run2, task_id=tsk1, execution_date=20241109T000000, start_date=20241110T001443, end_date=20241110T001449
[2024-11-10T00:14:49.207+0000] {local_task_job.py:208} INFO - Task exited with return code 0
[2024-11-10T00:14:49.227+0000] {taskinstance.py:2578} INFO - 1 downstream tasks scheduled from follow-on schedule check
