[2024-11-10T12:00:06.945+0000] {taskinstance.py:1083} INFO - Dependencies all met for <TaskInstance: default_args_dag.task3 scheduled__2024-11-10T11:00:00+00:00 [queued]>
[2024-11-10T12:00:06.955+0000] {taskinstance.py:1083} INFO - Dependencies all met for <TaskInstance: default_args_dag.task3 scheduled__2024-11-10T11:00:00+00:00 [queued]>
[2024-11-10T12:00:06.955+0000] {taskinstance.py:1279} INFO - 
--------------------------------------------------------------------------------
[2024-11-10T12:00:06.956+0000] {taskinstance.py:1280} INFO - Starting attempt 1 of 2
[2024-11-10T12:00:06.956+0000] {taskinstance.py:1281} INFO - 
--------------------------------------------------------------------------------
[2024-11-10T12:00:06.976+0000] {taskinstance.py:1300} INFO - Executing <Task(BashOperator): task3> on 2024-11-10 11:00:00+00:00
[2024-11-10T12:00:06.979+0000] {standard_task_runner.py:55} INFO - Started process 861 to run task
[2024-11-10T12:00:06.981+0000] {standard_task_runner.py:82} INFO - Running: ['***', 'tasks', 'run', 'default_args_dag', 'task3', 'scheduled__2024-11-10T11:00:00+00:00', '--job-id', '160', '--raw', '--subdir', 'DAGS_FOLDER/default_args.py', '--cfg-path', '/tmp/tmpmx8rk816']
[2024-11-10T12:00:06.982+0000] {standard_task_runner.py:83} INFO - Job 160: Subtask task3
[2024-11-10T12:00:07.049+0000] {task_command.py:388} INFO - Running <TaskInstance: default_args_dag.task3 scheduled__2024-11-10T11:00:00+00:00 [running]> on host a8ff7d7dd89a
[2024-11-10T12:00:07.117+0000] {taskinstance.py:1509} INFO - Exporting the following env vars:
AIRFLOW_CTX_DAG_EMAIL=caubineto@outlook.com
AIRFLOW_CTX_DAG_OWNER=***
AIRFLOW_CTX_DAG_ID=default_args_dag
AIRFLOW_CTX_TASK_ID=task3
AIRFLOW_CTX_EXECUTION_DATE=2024-11-10T11:00:00+00:00
AIRFLOW_CTX_TRY_NUMBER=1
AIRFLOW_CTX_DAG_RUN_ID=scheduled__2024-11-10T11:00:00+00:00
[2024-11-10T12:00:07.118+0000] {subprocess.py:63} INFO - Tmp dir root location: 
 /tmp
[2024-11-10T12:00:07.119+0000] {subprocess.py:75} INFO - Running command: ['/bin/bash', '-c', 'sleep 5']
[2024-11-10T12:00:07.126+0000] {subprocess.py:86} INFO - Output:
[2024-11-10T12:00:12.132+0000] {subprocess.py:97} INFO - Command exited with return code 0
[2024-11-10T12:00:12.163+0000] {taskinstance.py:1323} INFO - Marking task as SUCCESS. dag_id=default_args_dag, task_id=task3, execution_date=20241110T110000, start_date=20241110T120006, end_date=20241110T120012
[2024-11-10T12:00:12.197+0000] {local_task_job.py:208} INFO - Task exited with return code 0
[2024-11-10T12:00:12.209+0000] {taskinstance.py:2578} INFO - 0 downstream tasks scheduled from follow-on schedule check
