[2024-11-09T20:40:35.601+0000] {taskinstance.py:1083} INFO - Dependencies all met for <TaskInstance: trigger_dag3.tsk3 manual__2024-11-09T20:40:33.620874+00:00 [queued]>
[2024-11-09T20:40:35.607+0000] {taskinstance.py:1083} INFO - Dependencies all met for <TaskInstance: trigger_dag3.tsk3 manual__2024-11-09T20:40:33.620874+00:00 [queued]>
[2024-11-09T20:40:35.607+0000] {taskinstance.py:1279} INFO - 
--------------------------------------------------------------------------------
[2024-11-09T20:40:35.607+0000] {taskinstance.py:1280} INFO - Starting attempt 1 of 1
[2024-11-09T20:40:35.607+0000] {taskinstance.py:1281} INFO - 
--------------------------------------------------------------------------------
[2024-11-09T20:40:35.614+0000] {taskinstance.py:1300} INFO - Executing <Task(BashOperator): tsk3> on 2024-11-09 20:40:33.620874+00:00
[2024-11-09T20:40:35.618+0000] {standard_task_runner.py:55} INFO - Started process 6458 to run task
[2024-11-09T20:40:35.621+0000] {standard_task_runner.py:82} INFO - Running: ['***', 'tasks', 'run', 'trigger_dag3', 'tsk3', 'manual__2024-11-09T20:40:33.620874+00:00', '--job-id', '79', '--raw', '--subdir', 'DAGS_FOLDER/trigger_dag3.py', '--cfg-path', '/tmp/tmp_khvdvm3']
[2024-11-09T20:40:35.621+0000] {standard_task_runner.py:83} INFO - Job 79: Subtask tsk3
[2024-11-09T20:40:35.681+0000] {task_command.py:388} INFO - Running <TaskInstance: trigger_dag3.tsk3 manual__2024-11-09T20:40:33.620874+00:00 [running]> on host a8ff7d7dd89a
[2024-11-09T20:40:35.720+0000] {taskinstance.py:1509} INFO - Exporting the following env vars:
AIRFLOW_CTX_DAG_OWNER=***
AIRFLOW_CTX_DAG_ID=trigger_dag3
AIRFLOW_CTX_TASK_ID=tsk3
AIRFLOW_CTX_EXECUTION_DATE=2024-11-09T20:40:33.620874+00:00
AIRFLOW_CTX_TRY_NUMBER=1
AIRFLOW_CTX_DAG_RUN_ID=manual__2024-11-09T20:40:33.620874+00:00
[2024-11-09T20:40:35.721+0000] {subprocess.py:63} INFO - Tmp dir root location: 
 /tmp
[2024-11-09T20:40:35.722+0000] {subprocess.py:75} INFO - Running command: ['/bin/bash', '-c', 'sleep 5']
[2024-11-09T20:40:35.731+0000] {subprocess.py:86} INFO - Output:
[2024-11-09T20:40:40.736+0000] {subprocess.py:97} INFO - Command exited with return code 0
[2024-11-09T20:40:40.772+0000] {taskinstance.py:1323} INFO - Marking task as SUCCESS. dag_id=trigger_dag3, task_id=tsk3, execution_date=20241109T204033, start_date=20241109T204035, end_date=20241109T204040
[2024-11-09T20:40:40.796+0000] {local_task_job.py:208} INFO - Task exited with return code 0
[2024-11-09T20:40:40.809+0000] {taskinstance.py:2578} INFO - 0 downstream tasks scheduled from follow-on schedule check
