[2024-11-10T13:51:29.347+0000] {taskinstance.py:1083} INFO - Dependencies all met for <TaskInstance: banco_de_dados.print_result_task manual__2024-11-10T13:51:22.836463+00:00 [queued]>
[2024-11-10T13:51:29.369+0000] {taskinstance.py:1083} INFO - Dependencies all met for <TaskInstance: banco_de_dados.print_result_task manual__2024-11-10T13:51:22.836463+00:00 [queued]>
[2024-11-10T13:51:29.369+0000] {taskinstance.py:1279} INFO - 
--------------------------------------------------------------------------------
[2024-11-10T13:51:29.370+0000] {taskinstance.py:1280} INFO - Starting attempt 1 of 1
[2024-11-10T13:51:29.370+0000] {taskinstance.py:1281} INFO - 
--------------------------------------------------------------------------------
[2024-11-10T13:51:29.429+0000] {taskinstance.py:1300} INFO - Executing <Task(PythonOperator): print_result_task> on 2024-11-10 13:51:22.836463+00:00
[2024-11-10T13:51:29.456+0000] {standard_task_runner.py:55} INFO - Started process 4107 to run task
[2024-11-10T13:51:29.464+0000] {standard_task_runner.py:82} INFO - Running: ['***', 'tasks', 'run', 'banco_de_dados', 'print_result_task', 'manual__2024-11-10T13:51:22.836463+00:00', '--job-id', '182', '--raw', '--subdir', 'DAGS_FOLDER/banco_de_dados.py', '--cfg-path', '/tmp/tmpdg0jd249']
[2024-11-10T13:51:29.466+0000] {standard_task_runner.py:83} INFO - Job 182: Subtask print_result_task
[2024-11-10T13:51:29.690+0000] {task_command.py:388} INFO - Running <TaskInstance: banco_de_dados.print_result_task manual__2024-11-10T13:51:22.836463+00:00 [running]> on host c860a17743c7
[2024-11-10T13:51:29.982+0000] {taskinstance.py:1509} INFO - Exporting the following env vars:
AIRFLOW_CTX_DAG_OWNER=***
AIRFLOW_CTX_DAG_ID=banco_de_dados
AIRFLOW_CTX_TASK_ID=print_result_task
AIRFLOW_CTX_EXECUTION_DATE=2024-11-10T13:51:22.836463+00:00
AIRFLOW_CTX_TRY_NUMBER=1
AIRFLOW_CTX_DAG_RUN_ID=manual__2024-11-10T13:51:22.836463+00:00
[2024-11-10T13:51:30.102+0000] {logging_mixin.py:137} INFO - Resultado da consulta: 
[2024-11-10T13:51:30.105+0000] {logging_mixin.py:137} INFO - [1]
[2024-11-10T13:51:30.106+0000] {logging_mixin.py:137} INFO - [1]
[2024-11-10T13:51:30.108+0000] {logging_mixin.py:137} INFO - [1]
[2024-11-10T13:51:30.111+0000] {python.py:177} INFO - Done. Returned value was: None
[2024-11-10T13:51:30.149+0000] {taskinstance.py:1323} INFO - Marking task as SUCCESS. dag_id=banco_de_dados, task_id=print_result_task, execution_date=20241110T135122, start_date=20241110T135129, end_date=20241110T135130
[2024-11-10T13:51:30.280+0000] {local_task_job.py:208} INFO - Task exited with return code 0
[2024-11-10T13:51:30.378+0000] {taskinstance.py:2578} INFO - 0 downstream tasks scheduled from follow-on schedule check
