[2024-11-09T20:21:00.801+0000] {taskinstance.py:1083} INFO - Dependencies all met for <TaskInstance: third_dag.tsk3 manual__2024-11-09T20:20:52.261184+00:00 [queued]>
[2024-11-09T20:21:00.823+0000] {taskinstance.py:1083} INFO - Dependencies all met for <TaskInstance: third_dag.tsk3 manual__2024-11-09T20:20:52.261184+00:00 [queued]>
[2024-11-09T20:21:00.825+0000] {taskinstance.py:1279} INFO - 
--------------------------------------------------------------------------------
[2024-11-09T20:21:00.827+0000] {taskinstance.py:1280} INFO - Starting attempt 1 of 1
[2024-11-09T20:21:00.828+0000] {taskinstance.py:1281} INFO - 
--------------------------------------------------------------------------------
[2024-11-09T20:21:00.847+0000] {taskinstance.py:1300} INFO - Executing <Task(BashOperator): tsk3> on 2024-11-09 20:20:52.261184+00:00
[2024-11-09T20:21:00.852+0000] {standard_task_runner.py:55} INFO - Started process 4787 to run task
[2024-11-09T20:21:00.856+0000] {standard_task_runner.py:82} INFO - Running: ['***', 'tasks', 'run', 'third_dag', 'tsk3', 'manual__2024-11-09T20:20:52.261184+00:00', '--job-id', '70', '--raw', '--subdir', 'DAGS_FOLDER/third_dag.py', '--cfg-path', '/tmp/tmpk_7et599']
[2024-11-09T20:21:00.857+0000] {standard_task_runner.py:83} INFO - Job 70: Subtask tsk3
[2024-11-09T20:21:00.986+0000] {task_command.py:388} INFO - Running <TaskInstance: third_dag.tsk3 manual__2024-11-09T20:20:52.261184+00:00 [running]> on host a8ff7d7dd89a
[2024-11-09T20:21:01.144+0000] {taskinstance.py:1509} INFO - Exporting the following env vars:
AIRFLOW_CTX_DAG_OWNER=***
AIRFLOW_CTX_DAG_ID=third_dag
AIRFLOW_CTX_TASK_ID=tsk3
AIRFLOW_CTX_EXECUTION_DATE=2024-11-09T20:20:52.261184+00:00
AIRFLOW_CTX_TRY_NUMBER=1
AIRFLOW_CTX_DAG_RUN_ID=manual__2024-11-09T20:20:52.261184+00:00
[2024-11-09T20:21:01.147+0000] {subprocess.py:63} INFO - Tmp dir root location: 
 /tmp
[2024-11-09T20:21:01.148+0000] {subprocess.py:75} INFO - Running command: ['/bin/bash', '-c', 'sleep 5']
[2024-11-09T20:21:01.160+0000] {subprocess.py:86} INFO - Output:
[2024-11-09T20:21:06.182+0000] {subprocess.py:97} INFO - Command exited with return code 0
[2024-11-09T20:21:06.252+0000] {taskinstance.py:1323} INFO - Marking task as SUCCESS. dag_id=third_dag, task_id=tsk3, execution_date=20241109T202052, start_date=20241109T202100, end_date=20241109T202106
[2024-11-09T20:21:06.292+0000] {local_task_job.py:208} INFO - Task exited with return code 0
[2024-11-09T20:21:06.305+0000] {taskinstance.py:2578} INFO - 0 downstream tasks scheduled from follow-on schedule check
