[2024-11-09T17:43:49.939+0000] {taskinstance.py:1083} INFO - Dependencies all met for <TaskInstance: example_branch_operator.branching scheduled__2024-10-19T00:00:00+00:00 [queued]>
[2024-11-09T17:43:50.047+0000] {taskinstance.py:1083} INFO - Dependencies all met for <TaskInstance: example_branch_operator.branching scheduled__2024-10-19T00:00:00+00:00 [queued]>
[2024-11-09T17:43:50.050+0000] {taskinstance.py:1279} INFO - 
--------------------------------------------------------------------------------
[2024-11-09T17:43:50.054+0000] {taskinstance.py:1280} INFO - Starting attempt 1 of 1
[2024-11-09T17:43:50.057+0000] {taskinstance.py:1281} INFO - 
--------------------------------------------------------------------------------
[2024-11-09T17:43:50.151+0000] {taskinstance.py:1300} INFO - Executing <Task(BranchPythonOperator): branching> on 2024-10-19 00:00:00+00:00
[2024-11-09T17:43:50.168+0000] {standard_task_runner.py:55} INFO - Started process 938 to run task
[2024-11-09T17:43:50.177+0000] {standard_task_runner.py:82} INFO - Running: ['***', 'tasks', 'run', 'example_branch_operator', 'branching', 'scheduled__2024-10-19T00:00:00+00:00', '--job-id', '37', '--raw', '--subdir', '/home/***/.local/lib/python3.7/site-packages/***/example_dags/example_branch_operator.py', '--cfg-path', '/tmp/tmpqy1qz1nw']
[2024-11-09T17:43:50.181+0000] {standard_task_runner.py:83} INFO - Job 37: Subtask branching
[2024-11-09T17:43:50.569+0000] {task_command.py:388} INFO - Running <TaskInstance: example_branch_operator.branching scheduled__2024-10-19T00:00:00+00:00 [running]> on host a8ff7d7dd89a
[2024-11-09T17:43:50.940+0000] {taskinstance.py:1509} INFO - Exporting the following env vars:
AIRFLOW_CTX_DAG_OWNER=***
AIRFLOW_CTX_DAG_ID=example_branch_operator
AIRFLOW_CTX_TASK_ID=branching
AIRFLOW_CTX_EXECUTION_DATE=2024-10-19T00:00:00+00:00
AIRFLOW_CTX_TRY_NUMBER=1
AIRFLOW_CTX_DAG_RUN_ID=scheduled__2024-10-19T00:00:00+00:00
[2024-11-09T17:43:50.946+0000] {python.py:177} INFO - Done. Returned value was: branch_b
[2024-11-09T17:43:50.948+0000] {python.py:211} INFO - Branch callable return branch_b
[2024-11-09T17:43:50.948+0000] {skipmixin.py:155} INFO - Following branch branch_b
[2024-11-09T17:43:50.949+0000] {skipmixin.py:211} INFO - Skipping tasks ['branch_a', 'branch_c', 'branch_d']
[2024-11-09T17:43:51.256+0000] {taskinstance.py:1323} INFO - Marking task as SUCCESS. dag_id=example_branch_operator, task_id=branching, execution_date=20241019T000000, start_date=20241109T174349, end_date=20241109T174351
[2024-11-09T17:43:51.430+0000] {local_task_job.py:208} INFO - Task exited with return code 0
[2024-11-09T17:43:51.600+0000] {taskinstance.py:2578} INFO - 1 downstream tasks scheduled from follow-on schedule check
