[2024-11-09T20:20:45.884+0000] {taskinstance.py:1083} INFO - Dependencies all met for <TaskInstance: first_dag.tsk1 manual__2024-11-09T20:20:44.746630+00:00 [queued]>
[2024-11-09T20:20:45.893+0000] {taskinstance.py:1083} INFO - Dependencies all met for <TaskInstance: first_dag.tsk1 manual__2024-11-09T20:20:44.746630+00:00 [queued]>
[2024-11-09T20:20:45.893+0000] {taskinstance.py:1279} INFO - 
--------------------------------------------------------------------------------
[2024-11-09T20:20:45.894+0000] {taskinstance.py:1280} INFO - Starting attempt 1 of 1
[2024-11-09T20:20:45.894+0000] {taskinstance.py:1281} INFO - 
--------------------------------------------------------------------------------
[2024-11-09T20:20:45.919+0000] {taskinstance.py:1300} INFO - Executing <Task(BashOperator): tsk1> on 2024-11-09 20:20:44.746630+00:00
[2024-11-09T20:20:45.934+0000] {standard_task_runner.py:55} INFO - Started process 4734 to run task
[2024-11-09T20:20:45.937+0000] {standard_task_runner.py:82} INFO - Running: ['***', 'tasks', 'run', 'first_dag', 'tsk1', 'manual__2024-11-09T20:20:44.746630+00:00', '--job-id', '60', '--raw', '--subdir', 'DAGS_FOLDER/first_dag.py', '--cfg-path', '/tmp/tmplz2h9gu_']
[2024-11-09T20:20:45.938+0000] {standard_task_runner.py:83} INFO - Job 60: Subtask tsk1
[2024-11-09T20:20:46.001+0000] {task_command.py:388} INFO - Running <TaskInstance: first_dag.tsk1 manual__2024-11-09T20:20:44.746630+00:00 [running]> on host a8ff7d7dd89a
[2024-11-09T20:20:46.108+0000] {taskinstance.py:1509} INFO - Exporting the following env vars:
AIRFLOW_CTX_DAG_OWNER=***
AIRFLOW_CTX_DAG_ID=first_dag
AIRFLOW_CTX_TASK_ID=tsk1
AIRFLOW_CTX_EXECUTION_DATE=2024-11-09T20:20:44.746630+00:00
AIRFLOW_CTX_TRY_NUMBER=1
AIRFLOW_CTX_DAG_RUN_ID=manual__2024-11-09T20:20:44.746630+00:00
[2024-11-09T20:20:46.109+0000] {subprocess.py:63} INFO - Tmp dir root location: 
 /tmp
[2024-11-09T20:20:46.110+0000] {subprocess.py:75} INFO - Running command: ['/bin/bash', '-c', 'sleep 5']
[2024-11-09T20:20:46.142+0000] {subprocess.py:86} INFO - Output:
[2024-11-09T20:20:51.162+0000] {subprocess.py:97} INFO - Command exited with return code 0
[2024-11-09T20:20:51.205+0000] {taskinstance.py:1323} INFO - Marking task as SUCCESS. dag_id=first_dag, task_id=tsk1, execution_date=20241109T202044, start_date=20241109T202045, end_date=20241109T202051
[2024-11-09T20:20:51.226+0000] {local_task_job.py:208} INFO - Task exited with return code 0
[2024-11-09T20:20:51.261+0000] {taskinstance.py:2578} INFO - 1 downstream tasks scheduled from follow-on schedule check
