[2024-11-09T20:54:54.218+0000] {taskinstance.py:1083} INFO - Dependencies all met for <TaskInstance: fifity_dag.tsk3 manual__2024-11-09T20:54:53.398831+00:00 [queued]>
[2024-11-09T20:54:54.225+0000] {taskinstance.py:1083} INFO - Dependencies all met for <TaskInstance: fifity_dag.tsk3 manual__2024-11-09T20:54:53.398831+00:00 [queued]>
[2024-11-09T20:54:54.226+0000] {taskinstance.py:1279} INFO - 
--------------------------------------------------------------------------------
[2024-11-09T20:54:54.226+0000] {taskinstance.py:1280} INFO - Starting attempt 1 of 1
[2024-11-09T20:54:54.227+0000] {taskinstance.py:1281} INFO - 
--------------------------------------------------------------------------------
[2024-11-09T20:54:54.237+0000] {taskinstance.py:1300} INFO - Executing <Task(BashOperator): tsk3> on 2024-11-09 20:54:53.398831+00:00
[2024-11-09T20:54:54.241+0000] {standard_task_runner.py:55} INFO - Started process 7678 to run task
[2024-11-09T20:54:54.242+0000] {standard_task_runner.py:82} INFO - Running: ['***', 'tasks', 'run', 'fifity_dag', 'tsk3', 'manual__2024-11-09T20:54:53.398831+00:00', '--job-id', '80', '--raw', '--subdir', 'DAGS_FOLDER/fifity_dag.py', '--cfg-path', '/tmp/tmpscho0nox']
[2024-11-09T20:54:54.243+0000] {standard_task_runner.py:83} INFO - Job 80: Subtask tsk3
[2024-11-09T20:54:54.323+0000] {task_command.py:388} INFO - Running <TaskInstance: fifity_dag.tsk3 manual__2024-11-09T20:54:53.398831+00:00 [running]> on host a8ff7d7dd89a
[2024-11-09T20:54:54.375+0000] {taskinstance.py:1509} INFO - Exporting the following env vars:
AIRFLOW_CTX_DAG_OWNER=***
AIRFLOW_CTX_DAG_ID=fifity_dag
AIRFLOW_CTX_TASK_ID=tsk3
AIRFLOW_CTX_EXECUTION_DATE=2024-11-09T20:54:53.398831+00:00
AIRFLOW_CTX_TRY_NUMBER=1
AIRFLOW_CTX_DAG_RUN_ID=manual__2024-11-09T20:54:53.398831+00:00
[2024-11-09T20:54:54.376+0000] {subprocess.py:63} INFO - Tmp dir root location: 
 /tmp
[2024-11-09T20:54:54.376+0000] {subprocess.py:75} INFO - Running command: ['/bin/bash', '-c', 'sleep 5']
[2024-11-09T20:54:54.385+0000] {subprocess.py:86} INFO - Output:
[2024-11-09T20:54:59.398+0000] {subprocess.py:97} INFO - Command exited with return code 0
[2024-11-09T20:54:59.441+0000] {taskinstance.py:1323} INFO - Marking task as SUCCESS. dag_id=fifity_dag, task_id=tsk3, execution_date=20241109T205453, start_date=20241109T205454, end_date=20241109T205459
[2024-11-09T20:54:59.474+0000] {local_task_job.py:208} INFO - Task exited with return code 0
[2024-11-09T20:54:59.500+0000] {taskinstance.py:2578} INFO - 1 downstream tasks scheduled from follow-on schedule check
