[2024-11-09T20:19:35.600+0000] {taskinstance.py:1083} INFO - Dependencies all met for <TaskInstance: fourth_dag.tsk3 manual__2024-11-09T20:19:34.638610+00:00 [queued]>
[2024-11-09T20:19:35.609+0000] {taskinstance.py:1083} INFO - Dependencies all met for <TaskInstance: fourth_dag.tsk3 manual__2024-11-09T20:19:34.638610+00:00 [queued]>
[2024-11-09T20:19:35.610+0000] {taskinstance.py:1279} INFO - 
--------------------------------------------------------------------------------
[2024-11-09T20:19:35.610+0000] {taskinstance.py:1280} INFO - Starting attempt 1 of 1
[2024-11-09T20:19:35.610+0000] {taskinstance.py:1281} INFO - 
--------------------------------------------------------------------------------
[2024-11-09T20:19:35.619+0000] {taskinstance.py:1300} INFO - Executing <Task(BashOperator): tsk3> on 2024-11-09 20:19:34.638610+00:00
[2024-11-09T20:19:35.632+0000] {standard_task_runner.py:55} INFO - Started process 4637 to run task
[2024-11-09T20:19:35.637+0000] {standard_task_runner.py:82} INFO - Running: ['***', 'tasks', 'run', 'fourth_dag', 'tsk3', 'manual__2024-11-09T20:19:34.638610+00:00', '--job-id', '57', '--raw', '--subdir', 'DAGS_FOLDER/fourth_dag.py', '--cfg-path', '/tmp/tmp47p_eosb']
[2024-11-09T20:19:35.637+0000] {standard_task_runner.py:83} INFO - Job 57: Subtask tsk3
[2024-11-09T20:19:35.703+0000] {task_command.py:388} INFO - Running <TaskInstance: fourth_dag.tsk3 manual__2024-11-09T20:19:34.638610+00:00 [running]> on host a8ff7d7dd89a
[2024-11-09T20:19:35.845+0000] {taskinstance.py:1509} INFO - Exporting the following env vars:
AIRFLOW_CTX_DAG_OWNER=***
AIRFLOW_CTX_DAG_ID=fourth_dag
AIRFLOW_CTX_TASK_ID=tsk3
AIRFLOW_CTX_EXECUTION_DATE=2024-11-09T20:19:34.638610+00:00
AIRFLOW_CTX_TRY_NUMBER=1
AIRFLOW_CTX_DAG_RUN_ID=manual__2024-11-09T20:19:34.638610+00:00
[2024-11-09T20:19:35.848+0000] {subprocess.py:63} INFO - Tmp dir root location: 
 /tmp
[2024-11-09T20:19:35.849+0000] {subprocess.py:75} INFO - Running command: ['/bin/bash', '-c', 'sleep 5']
[2024-11-09T20:19:35.859+0000] {subprocess.py:86} INFO - Output:
[2024-11-09T20:19:40.871+0000] {subprocess.py:97} INFO - Command exited with return code 0
[2024-11-09T20:19:40.911+0000] {taskinstance.py:1323} INFO - Marking task as SUCCESS. dag_id=fourth_dag, task_id=tsk3, execution_date=20241109T201934, start_date=20241109T201935, end_date=20241109T201940
[2024-11-09T20:19:40.953+0000] {local_task_job.py:208} INFO - Task exited with return code 0
[2024-11-09T20:19:40.975+0000] {taskinstance.py:2578} INFO - 1 downstream tasks scheduled from follow-on schedule check
