[2024-11-10T13:51:16.570+0000] {taskinstance.py:1083} INFO - Dependencies all met for <TaskInstance: banco_de_dados.create_table manual__2024-11-10T13:51:13.735563+00:00 [queued]>
[2024-11-10T13:51:16.599+0000] {taskinstance.py:1083} INFO - Dependencies all met for <TaskInstance: banco_de_dados.create_table manual__2024-11-10T13:51:13.735563+00:00 [queued]>
[2024-11-10T13:51:16.599+0000] {taskinstance.py:1279} INFO - 
--------------------------------------------------------------------------------
[2024-11-10T13:51:16.599+0000] {taskinstance.py:1280} INFO - Starting attempt 1 of 1
[2024-11-10T13:51:16.600+0000] {taskinstance.py:1281} INFO - 
--------------------------------------------------------------------------------
[2024-11-10T13:51:16.678+0000] {taskinstance.py:1300} INFO - Executing <Task(PostgresOperator): create_table> on 2024-11-10 13:51:13.735563+00:00
[2024-11-10T13:51:16.692+0000] {standard_task_runner.py:55} INFO - Started process 4084 to run task
[2024-11-10T13:51:16.700+0000] {standard_task_runner.py:82} INFO - Running: ['***', 'tasks', 'run', 'banco_de_dados', 'create_table', 'manual__2024-11-10T13:51:13.735563+00:00', '--job-id', '175', '--raw', '--subdir', 'DAGS_FOLDER/banco_de_dados.py', '--cfg-path', '/tmp/tmp8_tqobwn']
[2024-11-10T13:51:16.702+0000] {standard_task_runner.py:83} INFO - Job 175: Subtask create_table
[2024-11-10T13:51:16.862+0000] {task_command.py:388} INFO - Running <TaskInstance: banco_de_dados.create_table manual__2024-11-10T13:51:13.735563+00:00 [running]> on host c860a17743c7
[2024-11-10T13:51:17.010+0000] {taskinstance.py:1509} INFO - Exporting the following env vars:
AIRFLOW_CTX_DAG_OWNER=***
AIRFLOW_CTX_DAG_ID=banco_de_dados
AIRFLOW_CTX_TASK_ID=create_table
AIRFLOW_CTX_EXECUTION_DATE=2024-11-10T13:51:13.735563+00:00
AIRFLOW_CTX_TRY_NUMBER=1
AIRFLOW_CTX_DAG_RUN_ID=manual__2024-11-10T13:51:13.735563+00:00
[2024-11-10T13:51:17.012+0000] {sql.py:254} INFO - Executing: create table if not exists teste(id int);
[2024-11-10T13:51:17.027+0000] {base.py:73} INFO - Using connection ID 'postgres' for task execution.
[2024-11-10T13:51:17.353+0000] {base.py:73} INFO - Using connection ID 'postgres' for task execution.
[2024-11-10T13:51:17.358+0000] {sql.py:375} INFO - Running statement: create table if not exists teste(id int);, parameters: None
[2024-11-10T13:51:17.367+0000] {taskinstance.py:1323} INFO - Marking task as SUCCESS. dag_id=banco_de_dados, task_id=create_table, execution_date=20241110T135113, start_date=20241110T135116, end_date=20241110T135117
[2024-11-10T13:51:17.399+0000] {local_task_job.py:208} INFO - Task exited with return code 0
[2024-11-10T13:51:17.436+0000] {taskinstance.py:2578} INFO - 0 downstream tasks scheduled from follow-on schedule check
