[2024-11-09T20:21:01.551+0000] {taskinstance.py:1083} INFO - Dependencies all met for <TaskInstance: fourth_dag.tsk1 manual__2024-11-09T20:20:48.084380+00:00 [queued]>
[2024-11-09T20:21:01.579+0000] {taskinstance.py:1083} INFO - Dependencies all met for <TaskInstance: fourth_dag.tsk1 manual__2024-11-09T20:20:48.084380+00:00 [queued]>
[2024-11-09T20:21:01.580+0000] {taskinstance.py:1279} INFO - 
--------------------------------------------------------------------------------
[2024-11-09T20:21:01.580+0000] {taskinstance.py:1280} INFO - Starting attempt 1 of 1
[2024-11-09T20:21:01.580+0000] {taskinstance.py:1281} INFO - 
--------------------------------------------------------------------------------
[2024-11-09T20:21:01.596+0000] {taskinstance.py:1300} INFO - Executing <Task(BashOperator): tsk1> on 2024-11-09 20:20:48.084380+00:00
[2024-11-09T20:21:01.603+0000] {standard_task_runner.py:55} INFO - Started process 4790 to run task
[2024-11-09T20:21:01.606+0000] {standard_task_runner.py:82} INFO - Running: ['***', 'tasks', 'run', 'fourth_dag', 'tsk1', 'manual__2024-11-09T20:20:48.084380+00:00', '--job-id', '71', '--raw', '--subdir', 'DAGS_FOLDER/fourth_dag.py', '--cfg-path', '/tmp/tmp6rkh7295']
[2024-11-09T20:21:01.607+0000] {standard_task_runner.py:83} INFO - Job 71: Subtask tsk1
[2024-11-09T20:21:01.679+0000] {task_command.py:388} INFO - Running <TaskInstance: fourth_dag.tsk1 manual__2024-11-09T20:20:48.084380+00:00 [running]> on host a8ff7d7dd89a
[2024-11-09T20:21:01.734+0000] {taskinstance.py:1509} INFO - Exporting the following env vars:
AIRFLOW_CTX_DAG_OWNER=***
AIRFLOW_CTX_DAG_ID=fourth_dag
AIRFLOW_CTX_TASK_ID=tsk1
AIRFLOW_CTX_EXECUTION_DATE=2024-11-09T20:20:48.084380+00:00
AIRFLOW_CTX_TRY_NUMBER=1
AIRFLOW_CTX_DAG_RUN_ID=manual__2024-11-09T20:20:48.084380+00:00
[2024-11-09T20:21:01.735+0000] {subprocess.py:63} INFO - Tmp dir root location: 
 /tmp
[2024-11-09T20:21:01.736+0000] {subprocess.py:75} INFO - Running command: ['/bin/bash', '-c', 'sleep 5']
[2024-11-09T20:21:01.744+0000] {subprocess.py:86} INFO - Output:
[2024-11-09T20:21:06.755+0000] {subprocess.py:97} INFO - Command exited with return code 0
[2024-11-09T20:21:06.784+0000] {taskinstance.py:1323} INFO - Marking task as SUCCESS. dag_id=fourth_dag, task_id=tsk1, execution_date=20241109T202048, start_date=20241109T202101, end_date=20241109T202106
[2024-11-09T20:21:06.804+0000] {local_task_job.py:208} INFO - Task exited with return code 0
[2024-11-09T20:21:06.823+0000] {taskinstance.py:2578} INFO - 0 downstream tasks scheduled from follow-on schedule check
