[2024-11-09T22:25:26.432+0000] {taskinstance.py:1083} INFO - Dependencies all met for <TaskInstance: dag_run2.tsk1 manual__2024-11-09T22:24:34.730138+00:00 [queued]>
[2024-11-09T22:25:26.441+0000] {taskinstance.py:1083} INFO - Dependencies all met for <TaskInstance: dag_run2.tsk1 manual__2024-11-09T22:24:34.730138+00:00 [queued]>
[2024-11-09T22:25:26.441+0000] {taskinstance.py:1279} INFO - 
--------------------------------------------------------------------------------
[2024-11-09T22:25:26.442+0000] {taskinstance.py:1280} INFO - Starting attempt 1 of 1
[2024-11-09T22:25:26.442+0000] {taskinstance.py:1281} INFO - 
--------------------------------------------------------------------------------
[2024-11-09T22:25:26.453+0000] {taskinstance.py:1300} INFO - Executing <Task(BashOperator): tsk1> on 2024-11-09 22:24:34.730138+00:00
[2024-11-09T22:25:26.456+0000] {standard_task_runner.py:55} INFO - Started process 13687 to run task
[2024-11-09T22:25:26.459+0000] {standard_task_runner.py:82} INFO - Running: ['***', 'tasks', 'run', 'dag_run2', 'tsk1', 'manual__2024-11-09T22:24:34.730138+00:00', '--job-id', '120', '--raw', '--subdir', 'DAGS_FOLDER/dag_run2.py', '--cfg-path', '/tmp/tmpvhm3nk8a']
[2024-11-09T22:25:26.460+0000] {standard_task_runner.py:83} INFO - Job 120: Subtask tsk1
[2024-11-09T22:25:26.507+0000] {task_command.py:388} INFO - Running <TaskInstance: dag_run2.tsk1 manual__2024-11-09T22:24:34.730138+00:00 [running]> on host a8ff7d7dd89a
[2024-11-09T22:25:26.562+0000] {taskinstance.py:1509} INFO - Exporting the following env vars:
AIRFLOW_CTX_DAG_OWNER=***
AIRFLOW_CTX_DAG_ID=dag_run2
AIRFLOW_CTX_TASK_ID=tsk1
AIRFLOW_CTX_EXECUTION_DATE=2024-11-09T22:24:34.730138+00:00
AIRFLOW_CTX_TRY_NUMBER=1
AIRFLOW_CTX_DAG_RUN_ID=manual__2024-11-09T22:24:34.730138+00:00
[2024-11-09T22:25:26.564+0000] {subprocess.py:63} INFO - Tmp dir root location: 
 /tmp
[2024-11-09T22:25:26.564+0000] {subprocess.py:75} INFO - Running command: ['/bin/bash', '-c', 'sleep 5']
[2024-11-09T22:25:26.572+0000] {subprocess.py:86} INFO - Output:
[2024-11-09T22:25:31.582+0000] {subprocess.py:97} INFO - Command exited with return code 0
[2024-11-09T22:25:31.645+0000] {taskinstance.py:1323} INFO - Marking task as SUCCESS. dag_id=dag_run2, task_id=tsk1, execution_date=20241109T222434, start_date=20241109T222526, end_date=20241109T222531
[2024-11-09T22:25:31.712+0000] {local_task_job.py:208} INFO - Task exited with return code 0
[2024-11-09T22:25:31.749+0000] {taskinstance.py:2578} INFO - 1 downstream tasks scheduled from follow-on schedule check
