[2024-11-09T20:54:54.224+0000] {taskinstance.py:1083} INFO - Dependencies all met for <TaskInstance: fifity_dag.tsk1 manual__2024-11-09T20:54:53.398831+00:00 [queued]>
[2024-11-09T20:54:54.233+0000] {taskinstance.py:1083} INFO - Dependencies all met for <TaskInstance: fifity_dag.tsk1 manual__2024-11-09T20:54:53.398831+00:00 [queued]>
[2024-11-09T20:54:54.233+0000] {taskinstance.py:1279} INFO - 
--------------------------------------------------------------------------------
[2024-11-09T20:54:54.233+0000] {taskinstance.py:1280} INFO - Starting attempt 1 of 1
[2024-11-09T20:54:54.233+0000] {taskinstance.py:1281} INFO - 
--------------------------------------------------------------------------------
[2024-11-09T20:54:54.244+0000] {taskinstance.py:1300} INFO - Executing <Task(BashOperator): tsk1> on 2024-11-09 20:54:53.398831+00:00
[2024-11-09T20:54:54.247+0000] {standard_task_runner.py:55} INFO - Started process 7679 to run task
[2024-11-09T20:54:54.249+0000] {standard_task_runner.py:82} INFO - Running: ['***', 'tasks', 'run', 'fifity_dag', 'tsk1', 'manual__2024-11-09T20:54:53.398831+00:00', '--job-id', '81', '--raw', '--subdir', 'DAGS_FOLDER/fifity_dag.py', '--cfg-path', '/tmp/tmpak81lq7m']
[2024-11-09T20:54:54.249+0000] {standard_task_runner.py:83} INFO - Job 81: Subtask tsk1
[2024-11-09T20:54:54.334+0000] {task_command.py:388} INFO - Running <TaskInstance: fifity_dag.tsk1 manual__2024-11-09T20:54:53.398831+00:00 [running]> on host a8ff7d7dd89a
[2024-11-09T20:54:54.384+0000] {taskinstance.py:1509} INFO - Exporting the following env vars:
AIRFLOW_CTX_DAG_OWNER=***
AIRFLOW_CTX_DAG_ID=fifity_dag
AIRFLOW_CTX_TASK_ID=tsk1
AIRFLOW_CTX_EXECUTION_DATE=2024-11-09T20:54:53.398831+00:00
AIRFLOW_CTX_TRY_NUMBER=1
AIRFLOW_CTX_DAG_RUN_ID=manual__2024-11-09T20:54:53.398831+00:00
[2024-11-09T20:54:54.386+0000] {subprocess.py:63} INFO - Tmp dir root location: 
 /tmp
[2024-11-09T20:54:54.387+0000] {subprocess.py:75} INFO - Running command: ['/bin/bash', '-c', 'sleep 5']
[2024-11-09T20:54:54.399+0000] {subprocess.py:86} INFO - Output:
[2024-11-09T20:54:59.408+0000] {subprocess.py:97} INFO - Command exited with return code 0
[2024-11-09T20:54:59.446+0000] {taskinstance.py:1323} INFO - Marking task as SUCCESS. dag_id=fifity_dag, task_id=tsk1, execution_date=20241109T205453, start_date=20241109T205454, end_date=20241109T205459
[2024-11-09T20:54:59.516+0000] {local_task_job.py:208} INFO - Task exited with return code 0
[2024-11-09T20:54:59.539+0000] {taskinstance.py:2578} INFO - 1 downstream tasks scheduled from follow-on schedule check
