[2024-11-09T20:20:53.262+0000] {taskinstance.py:1083} INFO - Dependencies all met for <TaskInstance: third_dag.tsk2 manual__2024-11-09T20:20:52.261184+00:00 [queued]>
[2024-11-09T20:20:53.269+0000] {taskinstance.py:1083} INFO - Dependencies all met for <TaskInstance: third_dag.tsk2 manual__2024-11-09T20:20:52.261184+00:00 [queued]>
[2024-11-09T20:20:53.269+0000] {taskinstance.py:1279} INFO - 
--------------------------------------------------------------------------------
[2024-11-09T20:20:53.269+0000] {taskinstance.py:1280} INFO - Starting attempt 1 of 1
[2024-11-09T20:20:53.269+0000] {taskinstance.py:1281} INFO - 
--------------------------------------------------------------------------------
[2024-11-09T20:20:53.279+0000] {taskinstance.py:1300} INFO - Executing <Task(BashOperator): tsk2> on 2024-11-09 20:20:52.261184+00:00
[2024-11-09T20:20:53.285+0000] {standard_task_runner.py:55} INFO - Started process 4755 to run task
[2024-11-09T20:20:53.297+0000] {standard_task_runner.py:82} INFO - Running: ['***', 'tasks', 'run', 'third_dag', 'tsk2', 'manual__2024-11-09T20:20:52.261184+00:00', '--job-id', '64', '--raw', '--subdir', 'DAGS_FOLDER/third_dag.py', '--cfg-path', '/tmp/tmpd5xcyzav']
[2024-11-09T20:20:53.298+0000] {standard_task_runner.py:83} INFO - Job 64: Subtask tsk2
[2024-11-09T20:20:53.345+0000] {task_command.py:388} INFO - Running <TaskInstance: third_dag.tsk2 manual__2024-11-09T20:20:52.261184+00:00 [running]> on host a8ff7d7dd89a
[2024-11-09T20:20:53.407+0000] {taskinstance.py:1509} INFO - Exporting the following env vars:
AIRFLOW_CTX_DAG_OWNER=***
AIRFLOW_CTX_DAG_ID=third_dag
AIRFLOW_CTX_TASK_ID=tsk2
AIRFLOW_CTX_EXECUTION_DATE=2024-11-09T20:20:52.261184+00:00
AIRFLOW_CTX_TRY_NUMBER=1
AIRFLOW_CTX_DAG_RUN_ID=manual__2024-11-09T20:20:52.261184+00:00
[2024-11-09T20:20:53.408+0000] {subprocess.py:63} INFO - Tmp dir root location: 
 /tmp
[2024-11-09T20:20:53.409+0000] {subprocess.py:75} INFO - Running command: ['/bin/bash', '-c', 'sleep 5']
[2024-11-09T20:20:53.417+0000] {subprocess.py:86} INFO - Output:
[2024-11-09T20:20:58.447+0000] {subprocess.py:97} INFO - Command exited with return code 0
[2024-11-09T20:20:58.859+0000] {taskinstance.py:1323} INFO - Marking task as SUCCESS. dag_id=third_dag, task_id=tsk2, execution_date=20241109T202052, start_date=20241109T202053, end_date=20241109T202058
[2024-11-09T20:20:59.041+0000] {local_task_job.py:208} INFO - Task exited with return code 0
[2024-11-09T20:20:59.142+0000] {taskinstance.py:2578} INFO - 0 downstream tasks scheduled from follow-on schedule check
