[2024-11-10T12:00:00.430+0000] {taskinstance.py:1083} INFO - Dependencies all met for <TaskInstance: default_args_dag.task1 scheduled__2024-11-10T11:00:00+00:00 [queued]>
[2024-11-10T12:00:00.439+0000] {taskinstance.py:1083} INFO - Dependencies all met for <TaskInstance: default_args_dag.task1 scheduled__2024-11-10T11:00:00+00:00 [queued]>
[2024-11-10T12:00:00.439+0000] {taskinstance.py:1279} INFO - 
--------------------------------------------------------------------------------
[2024-11-10T12:00:00.439+0000] {taskinstance.py:1280} INFO - Starting attempt 1 of 4
[2024-11-10T12:00:00.439+0000] {taskinstance.py:1281} INFO - 
--------------------------------------------------------------------------------
[2024-11-10T12:00:00.446+0000] {taskinstance.py:1300} INFO - Executing <Task(BashOperator): task1> on 2024-11-10 11:00:00+00:00
[2024-11-10T12:00:00.450+0000] {standard_task_runner.py:55} INFO - Started process 857 to run task
[2024-11-10T12:00:00.455+0000] {standard_task_runner.py:82} INFO - Running: ['***', 'tasks', 'run', 'default_args_dag', 'task1', 'scheduled__2024-11-10T11:00:00+00:00', '--job-id', '159', '--raw', '--subdir', 'DAGS_FOLDER/default_args.py', '--cfg-path', '/tmp/tmpe6pkb66o']
[2024-11-10T12:00:00.455+0000] {standard_task_runner.py:83} INFO - Job 159: Subtask task1
[2024-11-10T12:00:00.520+0000] {task_command.py:388} INFO - Running <TaskInstance: default_args_dag.task1 scheduled__2024-11-10T11:00:00+00:00 [running]> on host a8ff7d7dd89a
[2024-11-10T12:00:00.562+0000] {taskinstance.py:1509} INFO - Exporting the following env vars:
AIRFLOW_CTX_DAG_EMAIL=caubineto@outlook.com
AIRFLOW_CTX_DAG_OWNER=***
AIRFLOW_CTX_DAG_ID=default_args_dag
AIRFLOW_CTX_TASK_ID=task1
AIRFLOW_CTX_EXECUTION_DATE=2024-11-10T11:00:00+00:00
AIRFLOW_CTX_TRY_NUMBER=1
AIRFLOW_CTX_DAG_RUN_ID=scheduled__2024-11-10T11:00:00+00:00
[2024-11-10T12:00:00.563+0000] {subprocess.py:63} INFO - Tmp dir root location: 
 /tmp
[2024-11-10T12:00:00.563+0000] {subprocess.py:75} INFO - Running command: ['/bin/bash', '-c', 'sleep 5']
[2024-11-10T12:00:00.568+0000] {subprocess.py:86} INFO - Output:
[2024-11-10T12:00:05.572+0000] {subprocess.py:97} INFO - Command exited with return code 0
[2024-11-10T12:00:05.612+0000] {taskinstance.py:1323} INFO - Marking task as SUCCESS. dag_id=default_args_dag, task_id=task1, execution_date=20241110T110000, start_date=20241110T120000, end_date=20241110T120005
[2024-11-10T12:00:05.635+0000] {local_task_job.py:208} INFO - Task exited with return code 0
[2024-11-10T12:00:05.657+0000] {taskinstance.py:2578} INFO - 2 downstream tasks scheduled from follow-on schedule check
