[2024-11-09T20:20:51.922+0000] {taskinstance.py:1083} INFO - Dependencies all met for <TaskInstance: first_dag.tsk2 manual__2024-11-09T20:20:44.746630+00:00 [queued]>
[2024-11-09T20:20:51.928+0000] {taskinstance.py:1083} INFO - Dependencies all met for <TaskInstance: first_dag.tsk2 manual__2024-11-09T20:20:44.746630+00:00 [queued]>
[2024-11-09T20:20:51.928+0000] {taskinstance.py:1279} INFO - 
--------------------------------------------------------------------------------
[2024-11-09T20:20:51.928+0000] {taskinstance.py:1280} INFO - Starting attempt 1 of 1
[2024-11-09T20:20:51.928+0000] {taskinstance.py:1281} INFO - 
--------------------------------------------------------------------------------
[2024-11-09T20:20:51.935+0000] {taskinstance.py:1300} INFO - Executing <Task(BashOperator): tsk2> on 2024-11-09 20:20:44.746630+00:00
[2024-11-09T20:20:51.937+0000] {standard_task_runner.py:55} INFO - Started process 4750 to run task
[2024-11-09T20:20:51.939+0000] {standard_task_runner.py:82} INFO - Running: ['***', 'tasks', 'run', 'first_dag', 'tsk2', 'manual__2024-11-09T20:20:44.746630+00:00', '--job-id', '63', '--raw', '--subdir', 'DAGS_FOLDER/first_dag.py', '--cfg-path', '/tmp/tmptikgpedi']
[2024-11-09T20:20:51.940+0000] {standard_task_runner.py:83} INFO - Job 63: Subtask tsk2
[2024-11-09T20:20:51.973+0000] {task_command.py:388} INFO - Running <TaskInstance: first_dag.tsk2 manual__2024-11-09T20:20:44.746630+00:00 [running]> on host a8ff7d7dd89a
[2024-11-09T20:20:52.013+0000] {taskinstance.py:1509} INFO - Exporting the following env vars:
AIRFLOW_CTX_DAG_OWNER=***
AIRFLOW_CTX_DAG_ID=first_dag
AIRFLOW_CTX_TASK_ID=tsk2
AIRFLOW_CTX_EXECUTION_DATE=2024-11-09T20:20:44.746630+00:00
AIRFLOW_CTX_TRY_NUMBER=1
AIRFLOW_CTX_DAG_RUN_ID=manual__2024-11-09T20:20:44.746630+00:00
[2024-11-09T20:20:52.014+0000] {subprocess.py:63} INFO - Tmp dir root location: 
 /tmp
[2024-11-09T20:20:52.015+0000] {subprocess.py:75} INFO - Running command: ['/bin/bash', '-c', 'sleep 5']
[2024-11-09T20:20:52.020+0000] {subprocess.py:86} INFO - Output:
[2024-11-09T20:20:57.023+0000] {subprocess.py:97} INFO - Command exited with return code 0
[2024-11-09T20:20:57.053+0000] {taskinstance.py:1323} INFO - Marking task as SUCCESS. dag_id=first_dag, task_id=tsk2, execution_date=20241109T202044, start_date=20241109T202051, end_date=20241109T202057
[2024-11-09T20:20:57.088+0000] {local_task_job.py:208} INFO - Task exited with return code 0
[2024-11-09T20:20:57.106+0000] {taskinstance.py:2578} INFO - 1 downstream tasks scheduled from follow-on schedule check
