[2024-11-09T21:00:11.871+0000] {taskinstance.py:1083} INFO - Dependencies all met for <TaskInstance: fifity_dag.tsk2 manual__2024-11-09T21:00:05.179386+00:00 [queued]>
[2024-11-09T21:00:11.879+0000] {taskinstance.py:1083} INFO - Dependencies all met for <TaskInstance: fifity_dag.tsk2 manual__2024-11-09T21:00:05.179386+00:00 [queued]>
[2024-11-09T21:00:11.879+0000] {taskinstance.py:1279} INFO - 
--------------------------------------------------------------------------------
[2024-11-09T21:00:11.879+0000] {taskinstance.py:1280} INFO - Starting attempt 1 of 1
[2024-11-09T21:00:11.881+0000] {taskinstance.py:1281} INFO - 
--------------------------------------------------------------------------------
[2024-11-09T21:00:11.899+0000] {taskinstance.py:1300} INFO - Executing <Task(BashOperator): tsk2> on 2024-11-09 21:00:05.179386+00:00
[2024-11-09T21:00:11.903+0000] {standard_task_runner.py:55} INFO - Started process 8186 to run task
[2024-11-09T21:00:11.908+0000] {standard_task_runner.py:82} INFO - Running: ['***', 'tasks', 'run', 'fifity_dag', 'tsk2', 'manual__2024-11-09T21:00:05.179386+00:00', '--job-id', '101', '--raw', '--subdir', 'DAGS_FOLDER/fifity_dag.py', '--cfg-path', '/tmp/tmpo2b5tpxt']
[2024-11-09T21:00:11.908+0000] {standard_task_runner.py:83} INFO - Job 101: Subtask tsk2
[2024-11-09T21:00:11.964+0000] {task_command.py:388} INFO - Running <TaskInstance: fifity_dag.tsk2 manual__2024-11-09T21:00:05.179386+00:00 [running]> on host a8ff7d7dd89a
[2024-11-09T21:00:12.018+0000] {taskinstance.py:1509} INFO - Exporting the following env vars:
AIRFLOW_CTX_DAG_OWNER=***
AIRFLOW_CTX_DAG_ID=fifity_dag
AIRFLOW_CTX_TASK_ID=tsk2
AIRFLOW_CTX_EXECUTION_DATE=2024-11-09T21:00:05.179386+00:00
AIRFLOW_CTX_TRY_NUMBER=1
AIRFLOW_CTX_DAG_RUN_ID=manual__2024-11-09T21:00:05.179386+00:00
[2024-11-09T21:00:12.019+0000] {subprocess.py:63} INFO - Tmp dir root location: 
 /tmp
[2024-11-09T21:00:12.020+0000] {subprocess.py:75} INFO - Running command: ['/bin/bash', '-c', 'sleep 5']
[2024-11-09T21:00:12.026+0000] {subprocess.py:86} INFO - Output:
[2024-11-09T21:00:17.034+0000] {subprocess.py:97} INFO - Command exited with return code 0
[2024-11-09T21:00:17.074+0000] {taskinstance.py:1323} INFO - Marking task as SUCCESS. dag_id=fifity_dag, task_id=tsk2, execution_date=20241109T210005, start_date=20241109T210011, end_date=20241109T210017
[2024-11-09T21:00:17.116+0000] {local_task_job.py:208} INFO - Task exited with return code 0
[2024-11-09T21:00:17.155+0000] {taskinstance.py:2578} INFO - 0 downstream tasks scheduled from follow-on schedule check
