[2024-11-09T20:55:18.318+0000] {taskinstance.py:1083} INFO - Dependencies all met for <TaskInstance: fifity_dag.tsk9 manual__2024-11-09T20:54:53.398831+00:00 [queued]>
[2024-11-09T20:55:18.328+0000] {taskinstance.py:1083} INFO - Dependencies all met for <TaskInstance: fifity_dag.tsk9 manual__2024-11-09T20:54:53.398831+00:00 [queued]>
[2024-11-09T20:55:18.329+0000] {taskinstance.py:1279} INFO - 
--------------------------------------------------------------------------------
[2024-11-09T20:55:18.330+0000] {taskinstance.py:1280} INFO - Starting attempt 1 of 1
[2024-11-09T20:55:18.331+0000] {taskinstance.py:1281} INFO - 
--------------------------------------------------------------------------------
[2024-11-09T20:55:18.340+0000] {taskinstance.py:1300} INFO - Executing <Task(BashOperator): tsk9> on 2024-11-09 20:54:53.398831+00:00
[2024-11-09T20:55:18.344+0000] {standard_task_runner.py:55} INFO - Started process 7729 to run task
[2024-11-09T20:55:18.349+0000] {standard_task_runner.py:82} INFO - Running: ['***', 'tasks', 'run', 'fifity_dag', 'tsk9', 'manual__2024-11-09T20:54:53.398831+00:00', '--job-id', '86', '--raw', '--subdir', 'DAGS_FOLDER/fifity_dag.py', '--cfg-path', '/tmp/tmpazbz8vm3']
[2024-11-09T20:55:18.350+0000] {standard_task_runner.py:83} INFO - Job 86: Subtask tsk9
[2024-11-09T20:55:18.433+0000] {task_command.py:388} INFO - Running <TaskInstance: fifity_dag.tsk9 manual__2024-11-09T20:54:53.398831+00:00 [running]> on host a8ff7d7dd89a
[2024-11-09T20:55:18.483+0000] {taskinstance.py:1509} INFO - Exporting the following env vars:
AIRFLOW_CTX_DAG_OWNER=***
AIRFLOW_CTX_DAG_ID=fifity_dag
AIRFLOW_CTX_TASK_ID=tsk9
AIRFLOW_CTX_EXECUTION_DATE=2024-11-09T20:54:53.398831+00:00
AIRFLOW_CTX_TRY_NUMBER=1
AIRFLOW_CTX_DAG_RUN_ID=manual__2024-11-09T20:54:53.398831+00:00
[2024-11-09T20:55:18.484+0000] {subprocess.py:63} INFO - Tmp dir root location: 
 /tmp
[2024-11-09T20:55:18.485+0000] {subprocess.py:75} INFO - Running command: ['/bin/bash', '-c', 'sleep 5']
[2024-11-09T20:55:18.491+0000] {subprocess.py:86} INFO - Output:
[2024-11-09T20:55:23.495+0000] {subprocess.py:97} INFO - Command exited with return code 0
[2024-11-09T20:55:23.559+0000] {taskinstance.py:1323} INFO - Marking task as SUCCESS. dag_id=fifity_dag, task_id=tsk9, execution_date=20241109T205453, start_date=20241109T205518, end_date=20241109T205523
[2024-11-09T20:55:23.621+0000] {local_task_job.py:208} INFO - Task exited with return code 0
[2024-11-09T20:55:23.649+0000] {taskinstance.py:2578} INFO - 0 downstream tasks scheduled from follow-on schedule check
