[2024-11-09T20:20:49.048+0000] {taskinstance.py:1083} INFO - Dependencies all met for <TaskInstance: fourth_dag.tsk3 manual__2024-11-09T20:20:48.084380+00:00 [queued]>
[2024-11-09T20:20:49.063+0000] {taskinstance.py:1083} INFO - Dependencies all met for <TaskInstance: fourth_dag.tsk3 manual__2024-11-09T20:20:48.084380+00:00 [queued]>
[2024-11-09T20:20:49.064+0000] {taskinstance.py:1279} INFO - 
--------------------------------------------------------------------------------
[2024-11-09T20:20:49.064+0000] {taskinstance.py:1280} INFO - Starting attempt 1 of 1
[2024-11-09T20:20:49.064+0000] {taskinstance.py:1281} INFO - 
--------------------------------------------------------------------------------
[2024-11-09T20:20:49.074+0000] {taskinstance.py:1300} INFO - Executing <Task(BashOperator): tsk3> on 2024-11-09 20:20:48.084380+00:00
[2024-11-09T20:20:49.080+0000] {standard_task_runner.py:55} INFO - Started process 4744 to run task
[2024-11-09T20:20:49.084+0000] {standard_task_runner.py:82} INFO - Running: ['***', 'tasks', 'run', 'fourth_dag', 'tsk3', 'manual__2024-11-09T20:20:48.084380+00:00', '--job-id', '61', '--raw', '--subdir', 'DAGS_FOLDER/fourth_dag.py', '--cfg-path', '/tmp/tmphtr9xje7']
[2024-11-09T20:20:49.085+0000] {standard_task_runner.py:83} INFO - Job 61: Subtask tsk3
[2024-11-09T20:20:49.172+0000] {task_command.py:388} INFO - Running <TaskInstance: fourth_dag.tsk3 manual__2024-11-09T20:20:48.084380+00:00 [running]> on host a8ff7d7dd89a
[2024-11-09T20:20:49.217+0000] {taskinstance.py:1509} INFO - Exporting the following env vars:
AIRFLOW_CTX_DAG_OWNER=***
AIRFLOW_CTX_DAG_ID=fourth_dag
AIRFLOW_CTX_TASK_ID=tsk3
AIRFLOW_CTX_EXECUTION_DATE=2024-11-09T20:20:48.084380+00:00
AIRFLOW_CTX_TRY_NUMBER=1
AIRFLOW_CTX_DAG_RUN_ID=manual__2024-11-09T20:20:48.084380+00:00
[2024-11-09T20:20:49.218+0000] {subprocess.py:63} INFO - Tmp dir root location: 
 /tmp
[2024-11-09T20:20:49.219+0000] {subprocess.py:75} INFO - Running command: ['/bin/bash', '-c', 'sleep 5']
[2024-11-09T20:20:49.228+0000] {subprocess.py:86} INFO - Output:
[2024-11-09T20:20:54.248+0000] {subprocess.py:97} INFO - Command exited with return code 0
[2024-11-09T20:20:54.303+0000] {taskinstance.py:1323} INFO - Marking task as SUCCESS. dag_id=fourth_dag, task_id=tsk3, execution_date=20241109T202048, start_date=20241109T202049, end_date=20241109T202054
[2024-11-09T20:20:54.375+0000] {local_task_job.py:208} INFO - Task exited with return code 0
[2024-11-09T20:20:54.397+0000] {taskinstance.py:2578} INFO - 1 downstream tasks scheduled from follow-on schedule check
