[2024-11-09T22:25:32.793+0000] {taskinstance.py:1083} INFO - Dependencies all met for <TaskInstance: dag_run2.tsk2 manual__2024-11-09T22:24:34.730138+00:00 [queued]>
[2024-11-09T22:25:32.803+0000] {taskinstance.py:1083} INFO - Dependencies all met for <TaskInstance: dag_run2.tsk2 manual__2024-11-09T22:24:34.730138+00:00 [queued]>
[2024-11-09T22:25:32.804+0000] {taskinstance.py:1279} INFO - 
--------------------------------------------------------------------------------
[2024-11-09T22:25:32.804+0000] {taskinstance.py:1280} INFO - Starting attempt 1 of 1
[2024-11-09T22:25:32.804+0000] {taskinstance.py:1281} INFO - 
--------------------------------------------------------------------------------
[2024-11-09T22:25:32.818+0000] {taskinstance.py:1300} INFO - Executing <Task(BashOperator): tsk2> on 2024-11-09 22:24:34.730138+00:00
[2024-11-09T22:25:32.826+0000] {standard_task_runner.py:55} INFO - Started process 13690 to run task
[2024-11-09T22:25:32.833+0000] {standard_task_runner.py:82} INFO - Running: ['***', 'tasks', 'run', 'dag_run2', 'tsk2', 'manual__2024-11-09T22:24:34.730138+00:00', '--job-id', '121', '--raw', '--subdir', 'DAGS_FOLDER/dag_run2.py', '--cfg-path', '/tmp/tmpgm__lwoq']
[2024-11-09T22:25:32.834+0000] {standard_task_runner.py:83} INFO - Job 121: Subtask tsk2
[2024-11-09T22:25:32.902+0000] {task_command.py:388} INFO - Running <TaskInstance: dag_run2.tsk2 manual__2024-11-09T22:24:34.730138+00:00 [running]> on host a8ff7d7dd89a
[2024-11-09T22:25:32.959+0000] {taskinstance.py:1509} INFO - Exporting the following env vars:
AIRFLOW_CTX_DAG_OWNER=***
AIRFLOW_CTX_DAG_ID=dag_run2
AIRFLOW_CTX_TASK_ID=tsk2
AIRFLOW_CTX_EXECUTION_DATE=2024-11-09T22:24:34.730138+00:00
AIRFLOW_CTX_TRY_NUMBER=1
AIRFLOW_CTX_DAG_RUN_ID=manual__2024-11-09T22:24:34.730138+00:00
[2024-11-09T22:25:32.961+0000] {subprocess.py:63} INFO - Tmp dir root location: 
 /tmp
[2024-11-09T22:25:32.961+0000] {subprocess.py:75} INFO - Running command: ['/bin/bash', '-c', 'sleep 5']
[2024-11-09T22:25:32.968+0000] {subprocess.py:86} INFO - Output:
[2024-11-09T22:25:37.975+0000] {subprocess.py:97} INFO - Command exited with return code 0
[2024-11-09T22:25:38.027+0000] {taskinstance.py:1323} INFO - Marking task as SUCCESS. dag_id=dag_run2, task_id=tsk2, execution_date=20241109T222434, start_date=20241109T222532, end_date=20241109T222538
[2024-11-09T22:25:38.122+0000] {local_task_job.py:208} INFO - Task exited with return code 0
[2024-11-09T22:25:38.140+0000] {taskinstance.py:2578} INFO - 0 downstream tasks scheduled from follow-on schedule check
