[2024-11-09T19:58:24.144+0000] {taskinstance.py:1083} INFO - Dependencies all met for <TaskInstance: first_dag.tsk3 manual__2024-11-09T19:58:11.450055+00:00 [queued]>
[2024-11-09T19:58:24.152+0000] {taskinstance.py:1083} INFO - Dependencies all met for <TaskInstance: first_dag.tsk3 manual__2024-11-09T19:58:11.450055+00:00 [queued]>
[2024-11-09T19:58:24.152+0000] {taskinstance.py:1279} INFO - 
--------------------------------------------------------------------------------
[2024-11-09T19:58:24.153+0000] {taskinstance.py:1280} INFO - Starting attempt 1 of 1
[2024-11-09T19:58:24.153+0000] {taskinstance.py:1281} INFO - 
--------------------------------------------------------------------------------
[2024-11-09T19:58:24.162+0000] {taskinstance.py:1300} INFO - Executing <Task(BashOperator): tsk3> on 2024-11-09 19:58:11.450055+00:00
[2024-11-09T19:58:24.165+0000] {standard_task_runner.py:55} INFO - Started process 2825 to run task
[2024-11-09T19:58:24.167+0000] {standard_task_runner.py:82} INFO - Running: ['***', 'tasks', 'run', 'first_dag', 'tsk3', 'manual__2024-11-09T19:58:11.450055+00:00', '--job-id', '50', '--raw', '--subdir', 'DAGS_FOLDER/first_dag.py', '--cfg-path', '/tmp/tmpmhnzbbt1']
[2024-11-09T19:58:24.168+0000] {standard_task_runner.py:83} INFO - Job 50: Subtask tsk3
[2024-11-09T19:58:24.205+0000] {task_command.py:388} INFO - Running <TaskInstance: first_dag.tsk3 manual__2024-11-09T19:58:11.450055+00:00 [running]> on host a8ff7d7dd89a
[2024-11-09T19:58:24.243+0000] {taskinstance.py:1509} INFO - Exporting the following env vars:
AIRFLOW_CTX_DAG_OWNER=***
AIRFLOW_CTX_DAG_ID=first_dag
AIRFLOW_CTX_TASK_ID=tsk3
AIRFLOW_CTX_EXECUTION_DATE=2024-11-09T19:58:11.450055+00:00
AIRFLOW_CTX_TRY_NUMBER=1
AIRFLOW_CTX_DAG_RUN_ID=manual__2024-11-09T19:58:11.450055+00:00
[2024-11-09T19:58:24.244+0000] {subprocess.py:63} INFO - Tmp dir root location: 
 /tmp
[2024-11-09T19:58:24.245+0000] {subprocess.py:75} INFO - Running command: ['/bin/bash', '-c', 'sleep 5']
[2024-11-09T19:58:24.251+0000] {subprocess.py:86} INFO - Output:
[2024-11-09T19:58:29.255+0000] {subprocess.py:97} INFO - Command exited with return code 0
[2024-11-09T19:58:29.283+0000] {taskinstance.py:1323} INFO - Marking task as SUCCESS. dag_id=first_dag, task_id=tsk3, execution_date=20241109T195811, start_date=20241109T195824, end_date=20241109T195829
[2024-11-09T19:58:29.336+0000] {local_task_job.py:208} INFO - Task exited with return code 0
[2024-11-09T19:58:29.348+0000] {taskinstance.py:2578} INFO - 0 downstream tasks scheduled from follow-on schedule check
