[2024-11-09T21:00:29.495+0000] {taskinstance.py:1083} INFO - Dependencies all met for <TaskInstance: fifity_dag.tsk8 manual__2024-11-09T21:00:05.179386+00:00 [queued]>
[2024-11-09T21:00:29.505+0000] {taskinstance.py:1083} INFO - Dependencies all met for <TaskInstance: fifity_dag.tsk8 manual__2024-11-09T21:00:05.179386+00:00 [queued]>
[2024-11-09T21:00:29.505+0000] {taskinstance.py:1279} INFO - 
--------------------------------------------------------------------------------
[2024-11-09T21:00:29.505+0000] {taskinstance.py:1280} INFO - Starting attempt 1 of 1
[2024-11-09T21:00:29.505+0000] {taskinstance.py:1281} INFO - 
--------------------------------------------------------------------------------
[2024-11-09T21:00:29.514+0000] {taskinstance.py:1300} INFO - Executing <Task(BashOperator): tsk8> on 2024-11-09 21:00:05.179386+00:00
[2024-11-09T21:00:29.517+0000] {standard_task_runner.py:55} INFO - Started process 8230 to run task
[2024-11-09T21:00:29.521+0000] {standard_task_runner.py:82} INFO - Running: ['***', 'tasks', 'run', 'fifity_dag', 'tsk8', 'manual__2024-11-09T21:00:05.179386+00:00', '--job-id', '105', '--raw', '--subdir', 'DAGS_FOLDER/fifity_dag.py', '--cfg-path', '/tmp/tmpvg8cig6w']
[2024-11-09T21:00:29.522+0000] {standard_task_runner.py:83} INFO - Job 105: Subtask tsk8
[2024-11-09T21:00:29.561+0000] {task_command.py:388} INFO - Running <TaskInstance: fifity_dag.tsk8 manual__2024-11-09T21:00:05.179386+00:00 [running]> on host a8ff7d7dd89a
[2024-11-09T21:00:29.614+0000] {taskinstance.py:1509} INFO - Exporting the following env vars:
AIRFLOW_CTX_DAG_OWNER=***
AIRFLOW_CTX_DAG_ID=fifity_dag
AIRFLOW_CTX_TASK_ID=tsk8
AIRFLOW_CTX_EXECUTION_DATE=2024-11-09T21:00:05.179386+00:00
AIRFLOW_CTX_TRY_NUMBER=1
AIRFLOW_CTX_DAG_RUN_ID=manual__2024-11-09T21:00:05.179386+00:00
[2024-11-09T21:00:29.616+0000] {subprocess.py:63} INFO - Tmp dir root location: 
 /tmp
[2024-11-09T21:00:29.617+0000] {subprocess.py:75} INFO - Running command: ['/bin/bash', '-c', 'sleep 5']
[2024-11-09T21:00:29.629+0000] {subprocess.py:86} INFO - Output:
[2024-11-09T21:00:34.648+0000] {subprocess.py:97} INFO - Command exited with return code 0
[2024-11-09T21:00:34.679+0000] {taskinstance.py:1323} INFO - Marking task as SUCCESS. dag_id=fifity_dag, task_id=tsk8, execution_date=20241109T210005, start_date=20241109T210029, end_date=20241109T210034
[2024-11-09T21:00:34.697+0000] {local_task_job.py:208} INFO - Task exited with return code 0
[2024-11-09T21:00:34.718+0000] {taskinstance.py:2578} INFO - 0 downstream tasks scheduled from follow-on schedule check
