[2024-11-09T22:18:37.511+0000] {processor.py:153} INFO - Started process (PID=14574) to work on /opt/airflow/dags/dag_run2.py
[2024-11-09T22:18:37.513+0000] {processor.py:743} INFO - Processing file /opt/airflow/dags/dag_run2.py for tasks to queue
[2024-11-09T22:18:37.514+0000] {logging_mixin.py:137} INFO - [2024-11-09T22:18:37.514+0000] {dagbag.py:538} INFO - Filling up the DagBag from /opt/airflow/dags/dag_run2.py
[2024-11-09T22:18:37.578+0000] {processor.py:753} INFO - DAG(s) dict_keys(['dag_run2']) retrieved from /opt/airflow/dags/dag_run2.py
[2024-11-09T22:18:37.864+0000] {logging_mixin.py:137} INFO - [2024-11-09T22:18:37.863+0000] {manager.py:504} INFO - Created Permission View: can delete on DAG:dag_run2
[2024-11-09T22:18:37.878+0000] {logging_mixin.py:137} INFO - [2024-11-09T22:18:37.877+0000] {manager.py:504} INFO - Created Permission View: can edit on DAG:dag_run2
[2024-11-09T22:18:37.887+0000] {logging_mixin.py:137} INFO - [2024-11-09T22:18:37.887+0000] {manager.py:504} INFO - Created Permission View: can read on DAG:dag_run2
[2024-11-09T22:18:37.888+0000] {logging_mixin.py:137} INFO - [2024-11-09T22:18:37.888+0000] {dag.py:2690} INFO - Sync 1 DAGs
[2024-11-09T22:18:37.917+0000] {logging_mixin.py:137} INFO - [2024-11-09T22:18:37.917+0000] {dag.py:2711} INFO - Creating ORM DAG for dag_run2
[2024-11-09T22:18:37.944+0000] {logging_mixin.py:137} INFO - [2024-11-09T22:18:37.943+0000] {dag.py:3441} INFO - Setting next_dagrun for dag_run2 to None, run_after=None
[2024-11-09T22:18:38.768+0000] {processor.py:175} INFO - Processing /opt/airflow/dags/dag_run2.py took 1.263 seconds
[2024-11-09T22:18:41.804+0000] {processor.py:153} INFO - Started process (PID=14591) to work on /opt/airflow/dags/dag_run2.py
[2024-11-09T22:18:41.816+0000] {processor.py:743} INFO - Processing file /opt/airflow/dags/dag_run2.py for tasks to queue
[2024-11-09T22:18:41.820+0000] {logging_mixin.py:137} INFO - [2024-11-09T22:18:41.820+0000] {dagbag.py:538} INFO - Filling up the DagBag from /opt/airflow/dags/dag_run2.py
[2024-11-09T22:18:41.832+0000] {logging_mixin.py:137} INFO - [2024-11-09T22:18:41.828+0000] {dagbag.py:343} ERROR - Failed to import: /opt/airflow/dags/dag_run2.py
Traceback (most recent call last):
  File "/home/airflow/.local/lib/python3.7/site-packages/airflow/models/dagbag.py", line 339, in parse
    loader.exec_module(new_module)
  File "<frozen importlib._bootstrap_external>", line 724, in exec_module
  File "<frozen importlib._bootstrap_external>", line 860, in get_code
  File "<frozen importlib._bootstrap_external>", line 791, in source_to_code
  File "<frozen importlib._bootstrap>", line 219, in _call_with_frames_removed
  File "/opt/airflow/dags/dag_run2.py", line 4
    from
        ^
SyntaxError: invalid syntax
[2024-11-09T22:18:41.833+0000] {processor.py:755} WARNING - No viable dags retrieved from /opt/airflow/dags/dag_run2.py
[2024-11-09T22:18:41.921+0000] {processor.py:175} INFO - Processing /opt/airflow/dags/dag_run2.py took 0.128 seconds
[2024-11-09T22:18:44.950+0000] {processor.py:153} INFO - Started process (PID=14592) to work on /opt/airflow/dags/dag_run2.py
[2024-11-09T22:18:44.951+0000] {processor.py:743} INFO - Processing file /opt/airflow/dags/dag_run2.py for tasks to queue
[2024-11-09T22:18:44.952+0000] {logging_mixin.py:137} INFO - [2024-11-09T22:18:44.952+0000] {dagbag.py:538} INFO - Filling up the DagBag from /opt/airflow/dags/dag_run2.py
[2024-11-09T22:18:44.999+0000] {logging_mixin.py:137} INFO - [2024-11-09T22:18:44.997+0000] {dagbag.py:343} ERROR - Failed to import: /opt/airflow/dags/dag_run2.py
Traceback (most recent call last):
  File "/home/airflow/.local/lib/python3.7/site-packages/airflow/models/dagbag.py", line 339, in parse
    loader.exec_module(new_module)
  File "<frozen importlib._bootstrap_external>", line 728, in exec_module
  File "<frozen importlib._bootstrap>", line 219, in _call_with_frames_removed
  File "/opt/airflow/dags/dag_run2.py", line 18, in <module>
    tsk_group = TaskGroup(group_id='tsk_group', dag=dag)
NameError: name 'TaskGroup' is not defined
[2024-11-09T22:18:44.999+0000] {processor.py:755} WARNING - No viable dags retrieved from /opt/airflow/dags/dag_run2.py
[2024-11-09T22:18:45.021+0000] {processor.py:175} INFO - Processing /opt/airflow/dags/dag_run2.py took 0.077 seconds
[2024-11-09T22:18:56.833+0000] {processor.py:153} INFO - Started process (PID=14618) to work on /opt/airflow/dags/dag_run2.py
[2024-11-09T22:18:56.839+0000] {processor.py:743} INFO - Processing file /opt/airflow/dags/dag_run2.py for tasks to queue
[2024-11-09T22:18:56.841+0000] {logging_mixin.py:137} INFO - [2024-11-09T22:18:56.841+0000] {dagbag.py:538} INFO - Filling up the DagBag from /opt/airflow/dags/dag_run2.py
[2024-11-09T22:18:56.884+0000] {logging_mixin.py:137} INFO - [2024-11-09T22:18:56.882+0000] {dagbag.py:343} ERROR - Failed to import: /opt/airflow/dags/dag_run2.py
Traceback (most recent call last):
  File "/home/airflow/.local/lib/python3.7/site-packages/airflow/models/dagbag.py", line 339, in parse
    loader.exec_module(new_module)
  File "<frozen importlib._bootstrap_external>", line 728, in exec_module
  File "<frozen importlib._bootstrap>", line 219, in _call_with_frames_removed
  File "/opt/airflow/dags/dag_run2.py", line 18, in <module>
    tsk_group = TaskGroup(group_id='tsk_group', dag=dag)
NameError: name 'TaskGroup' is not defined
[2024-11-09T22:18:56.884+0000] {processor.py:755} WARNING - No viable dags retrieved from /opt/airflow/dags/dag_run2.py
[2024-11-09T22:18:56.918+0000] {processor.py:175} INFO - Processing /opt/airflow/dags/dag_run2.py took 0.102 seconds
[2024-11-09T22:18:59.942+0000] {processor.py:153} INFO - Started process (PID=14619) to work on /opt/airflow/dags/dag_run2.py
[2024-11-09T22:18:59.945+0000] {processor.py:743} INFO - Processing file /opt/airflow/dags/dag_run2.py for tasks to queue
[2024-11-09T22:18:59.946+0000] {logging_mixin.py:137} INFO - [2024-11-09T22:18:59.946+0000] {dagbag.py:538} INFO - Filling up the DagBag from /opt/airflow/dags/dag_run2.py
[2024-11-09T22:18:59.996+0000] {logging_mixin.py:137} INFO - [2024-11-09T22:18:59.994+0000] {dagbag.py:343} ERROR - Failed to import: /opt/airflow/dags/dag_run2.py
Traceback (most recent call last):
  File "/home/airflow/.local/lib/python3.7/site-packages/airflow/models/dagbag.py", line 339, in parse
    loader.exec_module(new_module)
  File "<frozen importlib._bootstrap_external>", line 728, in exec_module
  File "<frozen importlib._bootstrap>", line 219, in _call_with_frames_removed
  File "/opt/airflow/dags/dag_run2.py", line 18, in <module>
    tsk_group = TaskGroup(group_id='tsk_group', dag=dag)
NameError: name 'TaskGroup' is not defined
[2024-11-09T22:18:59.996+0000] {processor.py:755} WARNING - No viable dags retrieved from /opt/airflow/dags/dag_run2.py
[2024-11-09T22:19:00.024+0000] {processor.py:175} INFO - Processing /opt/airflow/dags/dag_run2.py took 0.091 seconds
[2024-11-09T22:19:09.161+0000] {processor.py:153} INFO - Started process (PID=14636) to work on /opt/airflow/dags/dag_run2.py
[2024-11-09T22:19:09.170+0000] {processor.py:743} INFO - Processing file /opt/airflow/dags/dag_run2.py for tasks to queue
[2024-11-09T22:19:09.172+0000] {logging_mixin.py:137} INFO - [2024-11-09T22:19:09.172+0000] {dagbag.py:538} INFO - Filling up the DagBag from /opt/airflow/dags/dag_run2.py
[2024-11-09T22:19:09.279+0000] {logging_mixin.py:137} INFO - [2024-11-09T22:19:09.277+0000] {dagbag.py:343} ERROR - Failed to import: /opt/airflow/dags/dag_run2.py
Traceback (most recent call last):
  File "/home/airflow/.local/lib/python3.7/site-packages/airflow/models/dagbag.py", line 339, in parse
    loader.exec_module(new_module)
  File "<frozen importlib._bootstrap_external>", line 728, in exec_module
  File "<frozen importlib._bootstrap>", line 219, in _call_with_frames_removed
  File "/opt/airflow/dags/dag_run2.py", line 15, in <module>
    task3 >> task4
NameError: name 'task3' is not defined
[2024-11-09T22:19:09.280+0000] {processor.py:755} WARNING - No viable dags retrieved from /opt/airflow/dags/dag_run2.py
[2024-11-09T22:19:09.355+0000] {processor.py:175} INFO - Processing /opt/airflow/dags/dag_run2.py took 0.211 seconds
[2024-11-09T22:19:15.277+0000] {processor.py:153} INFO - Started process (PID=14637) to work on /opt/airflow/dags/dag_run2.py
[2024-11-09T22:19:15.279+0000] {processor.py:743} INFO - Processing file /opt/airflow/dags/dag_run2.py for tasks to queue
[2024-11-09T22:19:15.280+0000] {logging_mixin.py:137} INFO - [2024-11-09T22:19:15.280+0000] {dagbag.py:538} INFO - Filling up the DagBag from /opt/airflow/dags/dag_run2.py
[2024-11-09T22:19:15.343+0000] {processor.py:753} INFO - DAG(s) dict_keys(['dag_run2']) retrieved from /opt/airflow/dags/dag_run2.py
[2024-11-09T22:19:15.503+0000] {logging_mixin.py:137} INFO - [2024-11-09T22:19:15.502+0000] {dag.py:2690} INFO - Sync 1 DAGs
[2024-11-09T22:19:15.533+0000] {logging_mixin.py:137} INFO - [2024-11-09T22:19:15.533+0000] {dag.py:3441} INFO - Setting next_dagrun for dag_run2 to None, run_after=None
[2024-11-09T22:19:15.553+0000] {processor.py:175} INFO - Processing /opt/airflow/dags/dag_run2.py took 0.285 seconds
[2024-11-09T22:19:16.469+0000] {processor.py:153} INFO - Started process (PID=14638) to work on /opt/airflow/dags/dag_run2.py
[2024-11-09T22:19:16.470+0000] {processor.py:743} INFO - Processing file /opt/airflow/dags/dag_run2.py for tasks to queue
[2024-11-09T22:19:16.471+0000] {logging_mixin.py:137} INFO - [2024-11-09T22:19:16.471+0000] {dagbag.py:538} INFO - Filling up the DagBag from /opt/airflow/dags/dag_run2.py
[2024-11-09T22:19:16.489+0000] {processor.py:753} INFO - DAG(s) dict_keys(['dag_run2']) retrieved from /opt/airflow/dags/dag_run2.py
[2024-11-09T22:19:16.502+0000] {logging_mixin.py:137} INFO - [2024-11-09T22:19:16.502+0000] {dag.py:2690} INFO - Sync 1 DAGs
[2024-11-09T22:19:16.524+0000] {logging_mixin.py:137} INFO - [2024-11-09T22:19:16.524+0000] {dag.py:3441} INFO - Setting next_dagrun for dag_run2 to None, run_after=None
[2024-11-09T22:19:16.539+0000] {processor.py:175} INFO - Processing /opt/airflow/dags/dag_run2.py took 0.074 seconds
[2024-11-09T22:19:22.245+0000] {processor.py:153} INFO - Started process (PID=14664) to work on /opt/airflow/dags/dag_run2.py
[2024-11-09T22:19:22.248+0000] {processor.py:743} INFO - Processing file /opt/airflow/dags/dag_run2.py for tasks to queue
[2024-11-09T22:19:22.250+0000] {logging_mixin.py:137} INFO - [2024-11-09T22:19:22.250+0000] {dagbag.py:538} INFO - Filling up the DagBag from /opt/airflow/dags/dag_run2.py
[2024-11-09T22:19:22.301+0000] {logging_mixin.py:137} INFO - [2024-11-09T22:19:22.298+0000] {dagbag.py:343} ERROR - Failed to import: /opt/airflow/dags/dag_run2.py
Traceback (most recent call last):
  File "/home/airflow/.local/lib/python3.7/site-packages/airflow/models/dagbag.py", line 339, in parse
    loader.exec_module(new_module)
  File "<frozen importlib._bootstrap_external>", line 728, in exec_module
  File "<frozen importlib._bootstrap>", line 219, in _call_with_frames_removed
  File "/opt/airflow/dags/dag_run2.py", line 14, in <module>
    vojeovnmeovneojnvejkvoe
NameError: name 'vojeovnmeovneojnvejkvoe' is not defined
[2024-11-09T22:19:22.301+0000] {processor.py:755} WARNING - No viable dags retrieved from /opt/airflow/dags/dag_run2.py
[2024-11-09T22:19:22.344+0000] {processor.py:175} INFO - Processing /opt/airflow/dags/dag_run2.py took 0.107 seconds
[2024-11-09T22:19:28.359+0000] {processor.py:153} INFO - Started process (PID=14665) to work on /opt/airflow/dags/dag_run2.py
[2024-11-09T22:19:28.361+0000] {processor.py:743} INFO - Processing file /opt/airflow/dags/dag_run2.py for tasks to queue
[2024-11-09T22:19:28.362+0000] {logging_mixin.py:137} INFO - [2024-11-09T22:19:28.362+0000] {dagbag.py:538} INFO - Filling up the DagBag from /opt/airflow/dags/dag_run2.py
[2024-11-09T22:19:28.403+0000] {logging_mixin.py:137} INFO - [2024-11-09T22:19:28.401+0000] {dagbag.py:343} ERROR - Failed to import: /opt/airflow/dags/dag_run2.py
Traceback (most recent call last):
  File "/home/airflow/.local/lib/python3.7/site-packages/airflow/models/dagbag.py", line 339, in parse
    loader.exec_module(new_module)
  File "<frozen importlib._bootstrap_external>", line 728, in exec_module
  File "<frozen importlib._bootstrap>", line 219, in _call_with_frames_removed
  File "/opt/airflow/dags/dag_run2.py", line 14, in <module>
    vojeovnmeovneojnvejkvoeccscscscscwcwc
NameError: name 'vojeovnmeovneojnvejkvoeccscscscscwcwc' is not defined
[2024-11-09T22:19:28.404+0000] {processor.py:755} WARNING - No viable dags retrieved from /opt/airflow/dags/dag_run2.py
[2024-11-09T22:19:28.429+0000] {processor.py:175} INFO - Processing /opt/airflow/dags/dag_run2.py took 0.079 seconds
[2024-11-09T22:19:30.444+0000] {processor.py:153} INFO - Started process (PID=14666) to work on /opt/airflow/dags/dag_run2.py
[2024-11-09T22:19:30.445+0000] {processor.py:743} INFO - Processing file /opt/airflow/dags/dag_run2.py for tasks to queue
[2024-11-09T22:19:30.446+0000] {logging_mixin.py:137} INFO - [2024-11-09T22:19:30.446+0000] {dagbag.py:538} INFO - Filling up the DagBag from /opt/airflow/dags/dag_run2.py
[2024-11-09T22:19:30.481+0000] {logging_mixin.py:137} INFO - [2024-11-09T22:19:30.475+0000] {dagbag.py:343} ERROR - Failed to import: /opt/airflow/dags/dag_run2.py
Traceback (most recent call last):
  File "/home/airflow/.local/lib/python3.7/site-packages/airflow/models/dagbag.py", line 339, in parse
    loader.exec_module(new_module)
  File "<frozen importlib._bootstrap_external>", line 728, in exec_module
  File "<frozen importlib._bootstrap>", line 219, in _call_with_frames_removed
  File "/opt/airflow/dags/dag_run2.py", line 14, in <module>
    vojeovnmeovneojnvejkvoeccscscscscwcwccwcw
NameError: name 'vojeovnmeovneojnvejkvoeccscscscscwcwccwcw' is not defined
[2024-11-09T22:19:30.482+0000] {processor.py:755} WARNING - No viable dags retrieved from /opt/airflow/dags/dag_run2.py
[2024-11-09T22:19:30.513+0000] {processor.py:175} INFO - Processing /opt/airflow/dags/dag_run2.py took 0.074 seconds
[2024-11-09T22:19:32.535+0000] {processor.py:153} INFO - Started process (PID=14667) to work on /opt/airflow/dags/dag_run2.py
[2024-11-09T22:19:32.537+0000] {processor.py:743} INFO - Processing file /opt/airflow/dags/dag_run2.py for tasks to queue
[2024-11-09T22:19:32.538+0000] {logging_mixin.py:137} INFO - [2024-11-09T22:19:32.538+0000] {dagbag.py:538} INFO - Filling up the DagBag from /opt/airflow/dags/dag_run2.py
[2024-11-09T22:19:32.596+0000] {logging_mixin.py:137} INFO - [2024-11-09T22:19:32.594+0000] {dagbag.py:343} ERROR - Failed to import: /opt/airflow/dags/dag_run2.py
Traceback (most recent call last):
  File "/home/airflow/.local/lib/python3.7/site-packages/airflow/models/dagbag.py", line 339, in parse
    loader.exec_module(new_module)
  File "<frozen importlib._bootstrap_external>", line 728, in exec_module
  File "<frozen importlib._bootstrap>", line 219, in _call_with_frames_removed
  File "/opt/airflow/dags/dag_run2.py", line 14, in <module>
    vojeovnmeovneojnvejkvoeccscscscscwcwccwcwcwcw
NameError: name 'vojeovnmeovneojnvejkvoeccscscscscwcwccwcwcwcw' is not defined
[2024-11-09T22:19:32.596+0000] {processor.py:755} WARNING - No viable dags retrieved from /opt/airflow/dags/dag_run2.py
[2024-11-09T22:19:32.624+0000] {processor.py:175} INFO - Processing /opt/airflow/dags/dag_run2.py took 0.098 seconds
[2024-11-09T22:19:33.558+0000] {processor.py:153} INFO - Started process (PID=14674) to work on /opt/airflow/dags/dag_run2.py
[2024-11-09T22:19:33.559+0000] {processor.py:743} INFO - Processing file /opt/airflow/dags/dag_run2.py for tasks to queue
[2024-11-09T22:19:33.560+0000] {logging_mixin.py:137} INFO - [2024-11-09T22:19:33.560+0000] {dagbag.py:538} INFO - Filling up the DagBag from /opt/airflow/dags/dag_run2.py
[2024-11-09T22:19:33.577+0000] {logging_mixin.py:137} INFO - [2024-11-09T22:19:33.575+0000] {dagbag.py:343} ERROR - Failed to import: /opt/airflow/dags/dag_run2.py
Traceback (most recent call last):
  File "/home/airflow/.local/lib/python3.7/site-packages/airflow/models/dagbag.py", line 339, in parse
    loader.exec_module(new_module)
  File "<frozen importlib._bootstrap_external>", line 728, in exec_module
  File "<frozen importlib._bootstrap>", line 219, in _call_with_frames_removed
  File "/opt/airflow/dags/dag_run2.py", line 14, in <module>
    vojeovnmeovneojnvejkvoeccscscscscwcwccwcwcwcwl
NameError: name 'vojeovnmeovneojnvejkvoeccscscscscwcwccwcwcwcwl' is not defined
[2024-11-09T22:19:33.577+0000] {processor.py:755} WARNING - No viable dags retrieved from /opt/airflow/dags/dag_run2.py
[2024-11-09T22:19:33.599+0000] {processor.py:175} INFO - Processing /opt/airflow/dags/dag_run2.py took 0.048 seconds
[2024-11-09T22:20:04.485+0000] {processor.py:153} INFO - Started process (PID=14727) to work on /opt/airflow/dags/dag_run2.py
[2024-11-09T22:20:04.487+0000] {processor.py:743} INFO - Processing file /opt/airflow/dags/dag_run2.py for tasks to queue
[2024-11-09T22:20:04.488+0000] {logging_mixin.py:137} INFO - [2024-11-09T22:20:04.488+0000] {dagbag.py:538} INFO - Filling up the DagBag from /opt/airflow/dags/dag_run2.py
[2024-11-09T22:20:04.519+0000] {logging_mixin.py:137} INFO - [2024-11-09T22:20:04.517+0000] {dagbag.py:343} ERROR - Failed to import: /opt/airflow/dags/dag_run2.py
Traceback (most recent call last):
  File "/home/airflow/.local/lib/python3.7/site-packages/airflow/models/dagbag.py", line 339, in parse
    loader.exec_module(new_module)
  File "<frozen importlib._bootstrap_external>", line 728, in exec_module
  File "<frozen importlib._bootstrap>", line 219, in _call_with_frames_removed
  File "/opt/airflow/dags/dag_run2.py", line 14, in <module>
    vojeovnmeovneojnvejkvoeccscscscscwcwccwcwcwcwl
NameError: name 'vojeovnmeovneojnvejkvoeccscscscscwcwccwcwcwcwl' is not defined
[2024-11-09T22:20:04.519+0000] {processor.py:755} WARNING - No viable dags retrieved from /opt/airflow/dags/dag_run2.py
[2024-11-09T22:20:04.550+0000] {processor.py:175} INFO - Processing /opt/airflow/dags/dag_run2.py took 0.072 seconds
[2024-11-09T22:20:11.658+0000] {processor.py:153} INFO - Started process (PID=14737) to work on /opt/airflow/dags/dag_run2.py
[2024-11-09T22:20:11.666+0000] {processor.py:743} INFO - Processing file /opt/airflow/dags/dag_run2.py for tasks to queue
[2024-11-09T22:20:11.672+0000] {logging_mixin.py:137} INFO - [2024-11-09T22:20:11.671+0000] {dagbag.py:538} INFO - Filling up the DagBag from /opt/airflow/dags/dag_run2.py
[2024-11-09T22:20:11.727+0000] {processor.py:753} INFO - DAG(s) dict_keys(['dag_run2']) retrieved from /opt/airflow/dags/dag_run2.py
[2024-11-09T22:20:11.811+0000] {logging_mixin.py:137} INFO - [2024-11-09T22:20:11.811+0000] {dag.py:2690} INFO - Sync 1 DAGs
[2024-11-09T22:20:11.889+0000] {logging_mixin.py:137} INFO - [2024-11-09T22:20:11.888+0000] {dag.py:3441} INFO - Setting next_dagrun for dag_run2 to None, run_after=None
[2024-11-09T22:20:11.936+0000] {processor.py:175} INFO - Processing /opt/airflow/dags/dag_run2.py took 0.303 seconds
[2024-11-09T22:20:42.224+0000] {processor.py:153} INFO - Started process (PID=14787) to work on /opt/airflow/dags/dag_run2.py
[2024-11-09T22:20:42.226+0000] {processor.py:743} INFO - Processing file /opt/airflow/dags/dag_run2.py for tasks to queue
[2024-11-09T22:20:42.227+0000] {logging_mixin.py:137} INFO - [2024-11-09T22:20:42.226+0000] {dagbag.py:538} INFO - Filling up the DagBag from /opt/airflow/dags/dag_run2.py
[2024-11-09T22:20:42.248+0000] {processor.py:753} INFO - DAG(s) dict_keys(['dag_run2']) retrieved from /opt/airflow/dags/dag_run2.py
[2024-11-09T22:20:42.267+0000] {logging_mixin.py:137} INFO - [2024-11-09T22:20:42.266+0000] {dag.py:2690} INFO - Sync 1 DAGs
[2024-11-09T22:20:42.297+0000] {logging_mixin.py:137} INFO - [2024-11-09T22:20:42.297+0000] {dag.py:3441} INFO - Setting next_dagrun for dag_run2 to None, run_after=None
[2024-11-09T22:20:42.315+0000] {processor.py:175} INFO - Processing /opt/airflow/dags/dag_run2.py took 0.096 seconds
[2024-11-09T22:21:08.385+0000] {processor.py:153} INFO - Started process (PID=14832) to work on /opt/airflow/dags/dag_run2.py
[2024-11-09T22:21:08.387+0000] {processor.py:743} INFO - Processing file /opt/airflow/dags/dag_run2.py for tasks to queue
[2024-11-09T22:21:08.388+0000] {logging_mixin.py:137} INFO - [2024-11-09T22:21:08.388+0000] {dagbag.py:538} INFO - Filling up the DagBag from /opt/airflow/dags/dag_run2.py
[2024-11-09T22:21:08.447+0000] {processor.py:753} INFO - DAG(s) dict_keys(['dag_run2']) retrieved from /opt/airflow/dags/dag_run2.py
[2024-11-09T22:21:08.474+0000] {logging_mixin.py:137} INFO - [2024-11-09T22:21:08.473+0000] {dag.py:2690} INFO - Sync 1 DAGs
[2024-11-09T22:21:08.501+0000] {logging_mixin.py:137} INFO - [2024-11-09T22:21:08.501+0000] {dag.py:3441} INFO - Setting next_dagrun for dag_run2 to None, run_after=None
[2024-11-09T22:21:08.517+0000] {processor.py:175} INFO - Processing /opt/airflow/dags/dag_run2.py took 0.139 seconds
[2024-11-09T22:21:38.979+0000] {processor.py:153} INFO - Started process (PID=14875) to work on /opt/airflow/dags/dag_run2.py
[2024-11-09T22:21:38.982+0000] {processor.py:743} INFO - Processing file /opt/airflow/dags/dag_run2.py for tasks to queue
[2024-11-09T22:21:38.983+0000] {logging_mixin.py:137} INFO - [2024-11-09T22:21:38.983+0000] {dagbag.py:538} INFO - Filling up the DagBag from /opt/airflow/dags/dag_run2.py
[2024-11-09T22:21:39.034+0000] {processor.py:753} INFO - DAG(s) dict_keys(['dag_run2']) retrieved from /opt/airflow/dags/dag_run2.py
[2024-11-09T22:21:39.105+0000] {logging_mixin.py:137} INFO - [2024-11-09T22:21:39.105+0000] {dag.py:2690} INFO - Sync 1 DAGs
[2024-11-09T22:21:39.128+0000] {logging_mixin.py:137} INFO - [2024-11-09T22:21:39.128+0000] {dag.py:3441} INFO - Setting next_dagrun for dag_run2 to None, run_after=None
[2024-11-09T22:21:39.148+0000] {processor.py:175} INFO - Processing /opt/airflow/dags/dag_run2.py took 0.176 seconds
[2024-11-09T22:22:09.198+0000] {processor.py:153} INFO - Started process (PID=14921) to work on /opt/airflow/dags/dag_run2.py
[2024-11-09T22:22:09.200+0000] {processor.py:743} INFO - Processing file /opt/airflow/dags/dag_run2.py for tasks to queue
[2024-11-09T22:22:09.201+0000] {logging_mixin.py:137} INFO - [2024-11-09T22:22:09.200+0000] {dagbag.py:538} INFO - Filling up the DagBag from /opt/airflow/dags/dag_run2.py
[2024-11-09T22:22:09.236+0000] {processor.py:753} INFO - DAG(s) dict_keys(['dag_run2']) retrieved from /opt/airflow/dags/dag_run2.py
[2024-11-09T22:22:09.270+0000] {logging_mixin.py:137} INFO - [2024-11-09T22:22:09.269+0000] {dag.py:2690} INFO - Sync 1 DAGs
[2024-11-09T22:22:09.294+0000] {logging_mixin.py:137} INFO - [2024-11-09T22:22:09.294+0000] {dag.py:3441} INFO - Setting next_dagrun for dag_run2 to None, run_after=None
[2024-11-09T22:22:09.309+0000] {processor.py:175} INFO - Processing /opt/airflow/dags/dag_run2.py took 0.118 seconds
[2024-11-09T22:22:39.756+0000] {processor.py:153} INFO - Started process (PID=14975) to work on /opt/airflow/dags/dag_run2.py
[2024-11-09T22:22:39.758+0000] {processor.py:743} INFO - Processing file /opt/airflow/dags/dag_run2.py for tasks to queue
[2024-11-09T22:22:39.762+0000] {logging_mixin.py:137} INFO - [2024-11-09T22:22:39.761+0000] {dagbag.py:538} INFO - Filling up the DagBag from /opt/airflow/dags/dag_run2.py
[2024-11-09T22:22:39.868+0000] {processor.py:753} INFO - DAG(s) dict_keys(['dag_run2']) retrieved from /opt/airflow/dags/dag_run2.py
[2024-11-09T22:22:39.967+0000] {logging_mixin.py:137} INFO - [2024-11-09T22:22:39.967+0000] {dag.py:2690} INFO - Sync 1 DAGs
[2024-11-09T22:22:40.055+0000] {logging_mixin.py:137} INFO - [2024-11-09T22:22:40.054+0000] {dag.py:3441} INFO - Setting next_dagrun for dag_run2 to None, run_after=None
[2024-11-09T22:22:40.090+0000] {processor.py:175} INFO - Processing /opt/airflow/dags/dag_run2.py took 0.346 seconds
[2024-11-09T22:23:10.728+0000] {processor.py:153} INFO - Started process (PID=15025) to work on /opt/airflow/dags/dag_run2.py
[2024-11-09T22:23:10.731+0000] {processor.py:743} INFO - Processing file /opt/airflow/dags/dag_run2.py for tasks to queue
[2024-11-09T22:23:10.733+0000] {logging_mixin.py:137} INFO - [2024-11-09T22:23:10.733+0000] {dagbag.py:538} INFO - Filling up the DagBag from /opt/airflow/dags/dag_run2.py
[2024-11-09T22:23:10.806+0000] {processor.py:753} INFO - DAG(s) dict_keys(['dag_run2']) retrieved from /opt/airflow/dags/dag_run2.py
[2024-11-09T22:23:10.894+0000] {logging_mixin.py:137} INFO - [2024-11-09T22:23:10.894+0000] {dag.py:2690} INFO - Sync 1 DAGs
[2024-11-09T22:23:10.926+0000] {logging_mixin.py:137} INFO - [2024-11-09T22:23:10.926+0000] {dag.py:3441} INFO - Setting next_dagrun for dag_run2 to None, run_after=None
[2024-11-09T22:23:10.945+0000] {processor.py:175} INFO - Processing /opt/airflow/dags/dag_run2.py took 0.253 seconds
[2024-11-09T22:23:41.328+0000] {processor.py:153} INFO - Started process (PID=15068) to work on /opt/airflow/dags/dag_run2.py
[2024-11-09T22:23:41.330+0000] {processor.py:743} INFO - Processing file /opt/airflow/dags/dag_run2.py for tasks to queue
[2024-11-09T22:23:41.331+0000] {logging_mixin.py:137} INFO - [2024-11-09T22:23:41.331+0000] {dagbag.py:538} INFO - Filling up the DagBag from /opt/airflow/dags/dag_run2.py
[2024-11-09T22:23:41.377+0000] {processor.py:753} INFO - DAG(s) dict_keys(['dag_run2']) retrieved from /opt/airflow/dags/dag_run2.py
[2024-11-09T22:23:41.443+0000] {logging_mixin.py:137} INFO - [2024-11-09T22:23:41.442+0000] {dag.py:2690} INFO - Sync 1 DAGs
[2024-11-09T22:23:41.474+0000] {logging_mixin.py:137} INFO - [2024-11-09T22:23:41.474+0000] {dag.py:3441} INFO - Setting next_dagrun for dag_run2 to None, run_after=None
[2024-11-09T22:23:41.492+0000] {processor.py:175} INFO - Processing /opt/airflow/dags/dag_run2.py took 0.173 seconds
[2024-11-09T22:24:11.617+0000] {processor.py:153} INFO - Started process (PID=15111) to work on /opt/airflow/dags/dag_run2.py
[2024-11-09T22:24:11.619+0000] {processor.py:743} INFO - Processing file /opt/airflow/dags/dag_run2.py for tasks to queue
[2024-11-09T22:24:11.620+0000] {logging_mixin.py:137} INFO - [2024-11-09T22:24:11.620+0000] {dagbag.py:538} INFO - Filling up the DagBag from /opt/airflow/dags/dag_run2.py
[2024-11-09T22:24:11.818+0000] {processor.py:753} INFO - DAG(s) dict_keys(['dag_run2']) retrieved from /opt/airflow/dags/dag_run2.py
[2024-11-09T22:24:12.070+0000] {logging_mixin.py:137} INFO - [2024-11-09T22:24:12.069+0000] {dag.py:2690} INFO - Sync 1 DAGs
[2024-11-09T22:24:12.419+0000] {logging_mixin.py:137} INFO - [2024-11-09T22:24:12.418+0000] {dag.py:3441} INFO - Setting next_dagrun for dag_run2 to None, run_after=None
[2024-11-09T22:24:12.477+0000] {processor.py:175} INFO - Processing /opt/airflow/dags/dag_run2.py took 0.869 seconds
[2024-11-09T22:24:42.848+0000] {processor.py:153} INFO - Started process (PID=15169) to work on /opt/airflow/dags/dag_run2.py
[2024-11-09T22:24:42.851+0000] {processor.py:743} INFO - Processing file /opt/airflow/dags/dag_run2.py for tasks to queue
[2024-11-09T22:24:42.853+0000] {logging_mixin.py:137} INFO - [2024-11-09T22:24:42.853+0000] {dagbag.py:538} INFO - Filling up the DagBag from /opt/airflow/dags/dag_run2.py
[2024-11-09T22:24:42.878+0000] {processor.py:753} INFO - DAG(s) dict_keys(['dag_run2']) retrieved from /opt/airflow/dags/dag_run2.py
[2024-11-09T22:24:42.908+0000] {logging_mixin.py:137} INFO - [2024-11-09T22:24:42.908+0000] {dag.py:2690} INFO - Sync 1 DAGs
[2024-11-09T22:24:42.936+0000] {logging_mixin.py:137} INFO - [2024-11-09T22:24:42.936+0000] {dag.py:3441} INFO - Setting next_dagrun for dag_run2 to None, run_after=None
[2024-11-09T22:24:42.951+0000] {processor.py:175} INFO - Processing /opt/airflow/dags/dag_run2.py took 0.117 seconds
[2024-11-09T22:25:13.034+0000] {processor.py:153} INFO - Started process (PID=15212) to work on /opt/airflow/dags/dag_run2.py
[2024-11-09T22:25:13.038+0000] {processor.py:743} INFO - Processing file /opt/airflow/dags/dag_run2.py for tasks to queue
[2024-11-09T22:25:13.041+0000] {logging_mixin.py:137} INFO - [2024-11-09T22:25:13.040+0000] {dagbag.py:538} INFO - Filling up the DagBag from /opt/airflow/dags/dag_run2.py
[2024-11-09T22:25:13.081+0000] {processor.py:753} INFO - DAG(s) dict_keys(['dag_run2']) retrieved from /opt/airflow/dags/dag_run2.py
[2024-11-09T22:25:13.128+0000] {logging_mixin.py:137} INFO - [2024-11-09T22:25:13.128+0000] {dag.py:2690} INFO - Sync 1 DAGs
[2024-11-09T22:25:13.157+0000] {logging_mixin.py:137} INFO - [2024-11-09T22:25:13.157+0000] {dag.py:3441} INFO - Setting next_dagrun for dag_run2 to None, run_after=None
[2024-11-09T22:25:13.173+0000] {processor.py:175} INFO - Processing /opt/airflow/dags/dag_run2.py took 0.158 seconds
[2024-11-09T22:25:43.372+0000] {processor.py:153} INFO - Started process (PID=15264) to work on /opt/airflow/dags/dag_run2.py
[2024-11-09T22:25:43.374+0000] {processor.py:743} INFO - Processing file /opt/airflow/dags/dag_run2.py for tasks to queue
[2024-11-09T22:25:43.375+0000] {logging_mixin.py:137} INFO - [2024-11-09T22:25:43.375+0000] {dagbag.py:538} INFO - Filling up the DagBag from /opt/airflow/dags/dag_run2.py
[2024-11-09T22:25:43.420+0000] {processor.py:753} INFO - DAG(s) dict_keys(['dag_run2']) retrieved from /opt/airflow/dags/dag_run2.py
[2024-11-09T22:25:43.471+0000] {logging_mixin.py:137} INFO - [2024-11-09T22:25:43.471+0000] {dag.py:2690} INFO - Sync 1 DAGs
[2024-11-09T22:25:43.505+0000] {logging_mixin.py:137} INFO - [2024-11-09T22:25:43.505+0000] {dag.py:3441} INFO - Setting next_dagrun for dag_run2 to None, run_after=None
[2024-11-09T22:25:43.524+0000] {processor.py:175} INFO - Processing /opt/airflow/dags/dag_run2.py took 0.160 seconds
[2024-11-09T22:26:13.801+0000] {processor.py:153} INFO - Started process (PID=15314) to work on /opt/airflow/dags/dag_run2.py
[2024-11-09T22:26:13.803+0000] {processor.py:743} INFO - Processing file /opt/airflow/dags/dag_run2.py for tasks to queue
[2024-11-09T22:26:13.804+0000] {logging_mixin.py:137} INFO - [2024-11-09T22:26:13.804+0000] {dagbag.py:538} INFO - Filling up the DagBag from /opt/airflow/dags/dag_run2.py
[2024-11-09T22:26:13.831+0000] {processor.py:753} INFO - DAG(s) dict_keys(['dag_run2']) retrieved from /opt/airflow/dags/dag_run2.py
[2024-11-09T22:26:13.857+0000] {logging_mixin.py:137} INFO - [2024-11-09T22:26:13.857+0000] {dag.py:2690} INFO - Sync 1 DAGs
[2024-11-09T22:26:13.883+0000] {logging_mixin.py:137} INFO - [2024-11-09T22:26:13.883+0000] {dag.py:3441} INFO - Setting next_dagrun for dag_run2 to None, run_after=None
[2024-11-09T22:26:13.899+0000] {processor.py:175} INFO - Processing /opt/airflow/dags/dag_run2.py took 0.105 seconds
[2024-11-09T22:26:44.704+0000] {processor.py:153} INFO - Started process (PID=15366) to work on /opt/airflow/dags/dag_run2.py
[2024-11-09T22:26:44.704+0000] {processor.py:743} INFO - Processing file /opt/airflow/dags/dag_run2.py for tasks to queue
[2024-11-09T22:26:44.705+0000] {logging_mixin.py:137} INFO - [2024-11-09T22:26:44.705+0000] {dagbag.py:538} INFO - Filling up the DagBag from /opt/airflow/dags/dag_run2.py
[2024-11-09T22:26:44.717+0000] {processor.py:753} INFO - DAG(s) dict_keys(['dag_run2']) retrieved from /opt/airflow/dags/dag_run2.py
[2024-11-09T22:26:44.737+0000] {logging_mixin.py:137} INFO - [2024-11-09T22:26:44.736+0000] {dag.py:2690} INFO - Sync 1 DAGs
[2024-11-09T22:26:44.759+0000] {logging_mixin.py:137} INFO - [2024-11-09T22:26:44.759+0000] {dag.py:3441} INFO - Setting next_dagrun for dag_run2 to None, run_after=None
[2024-11-09T22:26:44.773+0000] {processor.py:175} INFO - Processing /opt/airflow/dags/dag_run2.py took 0.072 seconds
[2024-11-09T22:27:15.066+0000] {processor.py:153} INFO - Started process (PID=15416) to work on /opt/airflow/dags/dag_run2.py
[2024-11-09T22:27:15.068+0000] {processor.py:743} INFO - Processing file /opt/airflow/dags/dag_run2.py for tasks to queue
[2024-11-09T22:27:15.069+0000] {logging_mixin.py:137} INFO - [2024-11-09T22:27:15.069+0000] {dagbag.py:538} INFO - Filling up the DagBag from /opt/airflow/dags/dag_run2.py
[2024-11-09T22:27:15.095+0000] {processor.py:753} INFO - DAG(s) dict_keys(['dag_run2']) retrieved from /opt/airflow/dags/dag_run2.py
[2024-11-09T22:27:15.120+0000] {logging_mixin.py:137} INFO - [2024-11-09T22:27:15.119+0000] {dag.py:2690} INFO - Sync 1 DAGs
[2024-11-09T22:27:15.145+0000] {logging_mixin.py:137} INFO - [2024-11-09T22:27:15.145+0000] {dag.py:3441} INFO - Setting next_dagrun for dag_run2 to None, run_after=None
[2024-11-09T22:27:15.159+0000] {processor.py:175} INFO - Processing /opt/airflow/dags/dag_run2.py took 0.098 seconds
[2024-11-09T22:27:46.043+0000] {processor.py:153} INFO - Started process (PID=15459) to work on /opt/airflow/dags/dag_run2.py
[2024-11-09T22:27:46.044+0000] {processor.py:743} INFO - Processing file /opt/airflow/dags/dag_run2.py for tasks to queue
[2024-11-09T22:27:46.045+0000] {logging_mixin.py:137} INFO - [2024-11-09T22:27:46.045+0000] {dagbag.py:538} INFO - Filling up the DagBag from /opt/airflow/dags/dag_run2.py
[2024-11-09T22:27:46.062+0000] {processor.py:753} INFO - DAG(s) dict_keys(['dag_run2']) retrieved from /opt/airflow/dags/dag_run2.py
[2024-11-09T22:27:46.087+0000] {logging_mixin.py:137} INFO - [2024-11-09T22:27:46.087+0000] {dag.py:2690} INFO - Sync 1 DAGs
[2024-11-09T22:27:46.108+0000] {logging_mixin.py:137} INFO - [2024-11-09T22:27:46.108+0000] {dag.py:3441} INFO - Setting next_dagrun for dag_run2 to None, run_after=None
[2024-11-09T22:27:46.122+0000] {processor.py:175} INFO - Processing /opt/airflow/dags/dag_run2.py took 0.083 seconds
[2024-11-09T22:28:16.291+0000] {processor.py:153} INFO - Started process (PID=15518) to work on /opt/airflow/dags/dag_run2.py
[2024-11-09T22:28:16.293+0000] {processor.py:743} INFO - Processing file /opt/airflow/dags/dag_run2.py for tasks to queue
[2024-11-09T22:28:16.294+0000] {logging_mixin.py:137} INFO - [2024-11-09T22:28:16.294+0000] {dagbag.py:538} INFO - Filling up the DagBag from /opt/airflow/dags/dag_run2.py
[2024-11-09T22:28:16.334+0000] {processor.py:753} INFO - DAG(s) dict_keys(['dag_run2']) retrieved from /opt/airflow/dags/dag_run2.py
[2024-11-09T22:28:16.376+0000] {logging_mixin.py:137} INFO - [2024-11-09T22:28:16.376+0000] {dag.py:2690} INFO - Sync 1 DAGs
[2024-11-09T22:28:16.402+0000] {logging_mixin.py:137} INFO - [2024-11-09T22:28:16.402+0000] {dag.py:3441} INFO - Setting next_dagrun for dag_run2 to None, run_after=None
[2024-11-09T22:28:16.420+0000] {processor.py:175} INFO - Processing /opt/airflow/dags/dag_run2.py took 0.134 seconds
[2024-11-09T22:28:47.136+0000] {processor.py:153} INFO - Started process (PID=15561) to work on /opt/airflow/dags/dag_run2.py
[2024-11-09T22:28:47.137+0000] {processor.py:743} INFO - Processing file /opt/airflow/dags/dag_run2.py for tasks to queue
[2024-11-09T22:28:47.138+0000] {logging_mixin.py:137} INFO - [2024-11-09T22:28:47.138+0000] {dagbag.py:538} INFO - Filling up the DagBag from /opt/airflow/dags/dag_run2.py
[2024-11-09T22:28:47.176+0000] {processor.py:753} INFO - DAG(s) dict_keys(['dag_run2']) retrieved from /opt/airflow/dags/dag_run2.py
[2024-11-09T22:28:47.211+0000] {logging_mixin.py:137} INFO - [2024-11-09T22:28:47.211+0000] {dag.py:2690} INFO - Sync 1 DAGs
[2024-11-09T22:28:47.237+0000] {logging_mixin.py:137} INFO - [2024-11-09T22:28:47.237+0000] {dag.py:3441} INFO - Setting next_dagrun for dag_run2 to None, run_after=None
[2024-11-09T22:28:47.253+0000] {processor.py:175} INFO - Processing /opt/airflow/dags/dag_run2.py took 0.122 seconds
[2024-11-09T22:29:17.306+0000] {processor.py:153} INFO - Started process (PID=15620) to work on /opt/airflow/dags/dag_run2.py
[2024-11-09T22:29:17.308+0000] {processor.py:743} INFO - Processing file /opt/airflow/dags/dag_run2.py for tasks to queue
[2024-11-09T22:29:17.309+0000] {logging_mixin.py:137} INFO - [2024-11-09T22:29:17.308+0000] {dagbag.py:538} INFO - Filling up the DagBag from /opt/airflow/dags/dag_run2.py
[2024-11-09T22:29:17.367+0000] {processor.py:753} INFO - DAG(s) dict_keys(['dag_run2']) retrieved from /opt/airflow/dags/dag_run2.py
[2024-11-09T22:29:17.402+0000] {logging_mixin.py:137} INFO - [2024-11-09T22:29:17.402+0000] {dag.py:2690} INFO - Sync 1 DAGs
[2024-11-09T22:29:17.431+0000] {logging_mixin.py:137} INFO - [2024-11-09T22:29:17.431+0000] {dag.py:3441} INFO - Setting next_dagrun for dag_run2 to None, run_after=None
[2024-11-09T22:29:17.447+0000] {processor.py:175} INFO - Processing /opt/airflow/dags/dag_run2.py took 0.147 seconds
[2024-11-09T22:29:48.321+0000] {processor.py:153} INFO - Started process (PID=15663) to work on /opt/airflow/dags/dag_run2.py
[2024-11-09T22:29:48.322+0000] {processor.py:743} INFO - Processing file /opt/airflow/dags/dag_run2.py for tasks to queue
[2024-11-09T22:29:48.323+0000] {logging_mixin.py:137} INFO - [2024-11-09T22:29:48.323+0000] {dagbag.py:538} INFO - Filling up the DagBag from /opt/airflow/dags/dag_run2.py
[2024-11-09T22:29:48.351+0000] {processor.py:753} INFO - DAG(s) dict_keys(['dag_run2']) retrieved from /opt/airflow/dags/dag_run2.py
[2024-11-09T22:29:48.402+0000] {logging_mixin.py:137} INFO - [2024-11-09T22:29:48.402+0000] {dag.py:2690} INFO - Sync 1 DAGs
[2024-11-09T22:29:48.433+0000] {logging_mixin.py:137} INFO - [2024-11-09T22:29:48.433+0000] {dag.py:3441} INFO - Setting next_dagrun for dag_run2 to None, run_after=None
[2024-11-09T22:29:48.449+0000] {processor.py:175} INFO - Processing /opt/airflow/dags/dag_run2.py took 0.133 seconds
[2024-11-09T22:30:19.152+0000] {processor.py:153} INFO - Started process (PID=15722) to work on /opt/airflow/dags/dag_run2.py
[2024-11-09T22:30:19.154+0000] {processor.py:743} INFO - Processing file /opt/airflow/dags/dag_run2.py for tasks to queue
[2024-11-09T22:30:19.155+0000] {logging_mixin.py:137} INFO - [2024-11-09T22:30:19.155+0000] {dagbag.py:538} INFO - Filling up the DagBag from /opt/airflow/dags/dag_run2.py
[2024-11-09T22:30:19.174+0000] {processor.py:753} INFO - DAG(s) dict_keys(['dag_run2']) retrieved from /opt/airflow/dags/dag_run2.py
[2024-11-09T22:30:19.199+0000] {logging_mixin.py:137} INFO - [2024-11-09T22:30:19.199+0000] {dag.py:2690} INFO - Sync 1 DAGs
[2024-11-09T22:30:19.220+0000] {logging_mixin.py:137} INFO - [2024-11-09T22:30:19.220+0000] {dag.py:3441} INFO - Setting next_dagrun for dag_run2 to None, run_after=None
[2024-11-09T22:30:19.234+0000] {processor.py:175} INFO - Processing /opt/airflow/dags/dag_run2.py took 0.086 seconds
[2024-11-09T22:30:49.966+0000] {processor.py:153} INFO - Started process (PID=15773) to work on /opt/airflow/dags/dag_run2.py
[2024-11-09T22:30:49.968+0000] {processor.py:743} INFO - Processing file /opt/airflow/dags/dag_run2.py for tasks to queue
[2024-11-09T22:30:49.968+0000] {logging_mixin.py:137} INFO - [2024-11-09T22:30:49.968+0000] {dagbag.py:538} INFO - Filling up the DagBag from /opt/airflow/dags/dag_run2.py
[2024-11-09T22:30:50.008+0000] {processor.py:753} INFO - DAG(s) dict_keys(['dag_run2']) retrieved from /opt/airflow/dags/dag_run2.py
[2024-11-09T22:30:50.059+0000] {logging_mixin.py:137} INFO - [2024-11-09T22:30:50.059+0000] {dag.py:2690} INFO - Sync 1 DAGs
[2024-11-09T22:30:50.120+0000] {logging_mixin.py:137} INFO - [2024-11-09T22:30:50.120+0000] {dag.py:3441} INFO - Setting next_dagrun for dag_run2 to None, run_after=None
[2024-11-09T22:30:50.139+0000] {processor.py:175} INFO - Processing /opt/airflow/dags/dag_run2.py took 0.179 seconds
[2024-11-09T22:31:20.385+0000] {processor.py:153} INFO - Started process (PID=15823) to work on /opt/airflow/dags/dag_run2.py
[2024-11-09T22:31:20.386+0000] {processor.py:743} INFO - Processing file /opt/airflow/dags/dag_run2.py for tasks to queue
[2024-11-09T22:31:20.387+0000] {logging_mixin.py:137} INFO - [2024-11-09T22:31:20.387+0000] {dagbag.py:538} INFO - Filling up the DagBag from /opt/airflow/dags/dag_run2.py
[2024-11-09T22:31:20.406+0000] {processor.py:753} INFO - DAG(s) dict_keys(['dag_run2']) retrieved from /opt/airflow/dags/dag_run2.py
[2024-11-09T22:31:20.427+0000] {logging_mixin.py:137} INFO - [2024-11-09T22:31:20.427+0000] {dag.py:2690} INFO - Sync 1 DAGs
[2024-11-09T22:31:20.447+0000] {logging_mixin.py:137} INFO - [2024-11-09T22:31:20.447+0000] {dag.py:3441} INFO - Setting next_dagrun for dag_run2 to None, run_after=None
[2024-11-09T22:31:20.460+0000] {processor.py:175} INFO - Processing /opt/airflow/dags/dag_run2.py took 0.079 seconds
[2024-11-09T22:31:50.502+0000] {processor.py:153} INFO - Started process (PID=15882) to work on /opt/airflow/dags/dag_run2.py
[2024-11-09T22:31:50.503+0000] {processor.py:743} INFO - Processing file /opt/airflow/dags/dag_run2.py for tasks to queue
[2024-11-09T22:31:50.505+0000] {logging_mixin.py:137} INFO - [2024-11-09T22:31:50.505+0000] {dagbag.py:538} INFO - Filling up the DagBag from /opt/airflow/dags/dag_run2.py
[2024-11-09T22:31:50.525+0000] {processor.py:753} INFO - DAG(s) dict_keys(['dag_run2']) retrieved from /opt/airflow/dags/dag_run2.py
[2024-11-09T22:31:50.552+0000] {logging_mixin.py:137} INFO - [2024-11-09T22:31:50.551+0000] {dag.py:2690} INFO - Sync 1 DAGs
[2024-11-09T22:31:50.576+0000] {logging_mixin.py:137} INFO - [2024-11-09T22:31:50.576+0000] {dag.py:3441} INFO - Setting next_dagrun for dag_run2 to None, run_after=None
[2024-11-09T22:31:50.590+0000] {processor.py:175} INFO - Processing /opt/airflow/dags/dag_run2.py took 0.092 seconds
[2024-11-09T22:32:21.280+0000] {processor.py:153} INFO - Started process (PID=15925) to work on /opt/airflow/dags/dag_run2.py
[2024-11-09T22:32:21.281+0000] {processor.py:743} INFO - Processing file /opt/airflow/dags/dag_run2.py for tasks to queue
[2024-11-09T22:32:21.282+0000] {logging_mixin.py:137} INFO - [2024-11-09T22:32:21.282+0000] {dagbag.py:538} INFO - Filling up the DagBag from /opt/airflow/dags/dag_run2.py
[2024-11-09T22:32:21.296+0000] {processor.py:753} INFO - DAG(s) dict_keys(['dag_run2']) retrieved from /opt/airflow/dags/dag_run2.py
[2024-11-09T22:32:21.315+0000] {logging_mixin.py:137} INFO - [2024-11-09T22:32:21.315+0000] {dag.py:2690} INFO - Sync 1 DAGs
[2024-11-09T22:32:21.334+0000] {logging_mixin.py:137} INFO - [2024-11-09T22:32:21.333+0000] {dag.py:3441} INFO - Setting next_dagrun for dag_run2 to None, run_after=None
[2024-11-09T22:32:21.346+0000] {processor.py:175} INFO - Processing /opt/airflow/dags/dag_run2.py took 0.069 seconds
[2024-11-09T22:32:52.209+0000] {processor.py:153} INFO - Started process (PID=15984) to work on /opt/airflow/dags/dag_run2.py
[2024-11-09T22:32:52.210+0000] {processor.py:743} INFO - Processing file /opt/airflow/dags/dag_run2.py for tasks to queue
[2024-11-09T22:32:52.211+0000] {logging_mixin.py:137} INFO - [2024-11-09T22:32:52.211+0000] {dagbag.py:538} INFO - Filling up the DagBag from /opt/airflow/dags/dag_run2.py
[2024-11-09T22:32:52.228+0000] {processor.py:753} INFO - DAG(s) dict_keys(['dag_run2']) retrieved from /opt/airflow/dags/dag_run2.py
[2024-11-09T22:32:52.250+0000] {logging_mixin.py:137} INFO - [2024-11-09T22:32:52.250+0000] {dag.py:2690} INFO - Sync 1 DAGs
[2024-11-09T22:32:52.273+0000] {logging_mixin.py:137} INFO - [2024-11-09T22:32:52.273+0000] {dag.py:3441} INFO - Setting next_dagrun for dag_run2 to None, run_after=None
[2024-11-09T22:32:52.286+0000] {processor.py:175} INFO - Processing /opt/airflow/dags/dag_run2.py took 0.081 seconds
[2024-11-09T22:33:23.040+0000] {processor.py:153} INFO - Started process (PID=16027) to work on /opt/airflow/dags/dag_run2.py
[2024-11-09T22:33:23.041+0000] {processor.py:743} INFO - Processing file /opt/airflow/dags/dag_run2.py for tasks to queue
[2024-11-09T22:33:23.042+0000] {logging_mixin.py:137} INFO - [2024-11-09T22:33:23.042+0000] {dagbag.py:538} INFO - Filling up the DagBag from /opt/airflow/dags/dag_run2.py
[2024-11-09T22:33:23.071+0000] {processor.py:753} INFO - DAG(s) dict_keys(['dag_run2']) retrieved from /opt/airflow/dags/dag_run2.py
[2024-11-09T22:33:23.092+0000] {logging_mixin.py:137} INFO - [2024-11-09T22:33:23.092+0000] {dag.py:2690} INFO - Sync 1 DAGs
[2024-11-09T22:33:23.114+0000] {logging_mixin.py:137} INFO - [2024-11-09T22:33:23.114+0000] {dag.py:3441} INFO - Setting next_dagrun for dag_run2 to None, run_after=None
[2024-11-09T22:33:23.128+0000] {processor.py:175} INFO - Processing /opt/airflow/dags/dag_run2.py took 0.091 seconds
[2024-11-09T22:33:53.908+0000] {processor.py:153} INFO - Started process (PID=16086) to work on /opt/airflow/dags/dag_run2.py
[2024-11-09T22:33:53.910+0000] {processor.py:743} INFO - Processing file /opt/airflow/dags/dag_run2.py for tasks to queue
[2024-11-09T22:33:53.911+0000] {logging_mixin.py:137} INFO - [2024-11-09T22:33:53.910+0000] {dagbag.py:538} INFO - Filling up the DagBag from /opt/airflow/dags/dag_run2.py
[2024-11-09T22:33:53.931+0000] {processor.py:753} INFO - DAG(s) dict_keys(['dag_run2']) retrieved from /opt/airflow/dags/dag_run2.py
[2024-11-09T22:33:53.954+0000] {logging_mixin.py:137} INFO - [2024-11-09T22:33:53.954+0000] {dag.py:2690} INFO - Sync 1 DAGs
[2024-11-09T22:33:53.975+0000] {logging_mixin.py:137} INFO - [2024-11-09T22:33:53.975+0000] {dag.py:3441} INFO - Setting next_dagrun for dag_run2 to None, run_after=None
[2024-11-09T22:33:53.990+0000] {processor.py:175} INFO - Processing /opt/airflow/dags/dag_run2.py took 0.087 seconds
[2024-11-09T22:34:24.897+0000] {processor.py:153} INFO - Started process (PID=16129) to work on /opt/airflow/dags/dag_run2.py
[2024-11-09T22:34:24.899+0000] {processor.py:743} INFO - Processing file /opt/airflow/dags/dag_run2.py for tasks to queue
[2024-11-09T22:34:24.901+0000] {logging_mixin.py:137} INFO - [2024-11-09T22:34:24.901+0000] {dagbag.py:538} INFO - Filling up the DagBag from /opt/airflow/dags/dag_run2.py
[2024-11-09T22:34:24.925+0000] {processor.py:753} INFO - DAG(s) dict_keys(['dag_run2']) retrieved from /opt/airflow/dags/dag_run2.py
[2024-11-09T22:34:24.952+0000] {logging_mixin.py:137} INFO - [2024-11-09T22:34:24.952+0000] {dag.py:2690} INFO - Sync 1 DAGs
[2024-11-09T22:34:24.977+0000] {logging_mixin.py:137} INFO - [2024-11-09T22:34:24.977+0000] {dag.py:3441} INFO - Setting next_dagrun for dag_run2 to None, run_after=None
[2024-11-09T22:34:24.997+0000] {processor.py:175} INFO - Processing /opt/airflow/dags/dag_run2.py took 0.107 seconds
[2024-11-09T22:34:55.084+0000] {processor.py:153} INFO - Started process (PID=16188) to work on /opt/airflow/dags/dag_run2.py
[2024-11-09T22:34:55.087+0000] {processor.py:743} INFO - Processing file /opt/airflow/dags/dag_run2.py for tasks to queue
[2024-11-09T22:34:55.088+0000] {logging_mixin.py:137} INFO - [2024-11-09T22:34:55.088+0000] {dagbag.py:538} INFO - Filling up the DagBag from /opt/airflow/dags/dag_run2.py
[2024-11-09T22:34:55.118+0000] {processor.py:753} INFO - DAG(s) dict_keys(['dag_run2']) retrieved from /opt/airflow/dags/dag_run2.py
[2024-11-09T22:34:55.155+0000] {logging_mixin.py:137} INFO - [2024-11-09T22:34:55.155+0000] {dag.py:2690} INFO - Sync 1 DAGs
[2024-11-09T22:34:55.181+0000] {logging_mixin.py:137} INFO - [2024-11-09T22:34:55.181+0000] {dag.py:3441} INFO - Setting next_dagrun for dag_run2 to None, run_after=None
[2024-11-09T22:34:55.197+0000] {processor.py:175} INFO - Processing /opt/airflow/dags/dag_run2.py took 0.125 seconds
[2024-11-09T22:35:26.144+0000] {processor.py:153} INFO - Started process (PID=16231) to work on /opt/airflow/dags/dag_run2.py
[2024-11-09T22:35:26.146+0000] {processor.py:743} INFO - Processing file /opt/airflow/dags/dag_run2.py for tasks to queue
[2024-11-09T22:35:26.147+0000] {logging_mixin.py:137} INFO - [2024-11-09T22:35:26.147+0000] {dagbag.py:538} INFO - Filling up the DagBag from /opt/airflow/dags/dag_run2.py
[2024-11-09T22:35:26.165+0000] {processor.py:753} INFO - DAG(s) dict_keys(['dag_run2']) retrieved from /opt/airflow/dags/dag_run2.py
[2024-11-09T22:35:26.193+0000] {logging_mixin.py:137} INFO - [2024-11-09T22:35:26.193+0000] {dag.py:2690} INFO - Sync 1 DAGs
[2024-11-09T22:35:26.219+0000] {logging_mixin.py:137} INFO - [2024-11-09T22:35:26.219+0000] {dag.py:3441} INFO - Setting next_dagrun for dag_run2 to None, run_after=None
[2024-11-09T22:35:26.234+0000] {processor.py:175} INFO - Processing /opt/airflow/dags/dag_run2.py took 0.094 seconds
[2024-11-09T22:35:56.604+0000] {processor.py:153} INFO - Started process (PID=16290) to work on /opt/airflow/dags/dag_run2.py
[2024-11-09T22:35:56.606+0000] {processor.py:743} INFO - Processing file /opt/airflow/dags/dag_run2.py for tasks to queue
[2024-11-09T22:35:56.607+0000] {logging_mixin.py:137} INFO - [2024-11-09T22:35:56.607+0000] {dagbag.py:538} INFO - Filling up the DagBag from /opt/airflow/dags/dag_run2.py
[2024-11-09T22:35:56.633+0000] {processor.py:753} INFO - DAG(s) dict_keys(['dag_run2']) retrieved from /opt/airflow/dags/dag_run2.py
[2024-11-09T22:35:56.661+0000] {logging_mixin.py:137} INFO - [2024-11-09T22:35:56.660+0000] {dag.py:2690} INFO - Sync 1 DAGs
[2024-11-09T22:35:56.686+0000] {logging_mixin.py:137} INFO - [2024-11-09T22:35:56.686+0000] {dag.py:3441} INFO - Setting next_dagrun for dag_run2 to None, run_after=None
[2024-11-09T22:35:56.700+0000] {processor.py:175} INFO - Processing /opt/airflow/dags/dag_run2.py took 0.103 seconds
[2024-11-09T22:36:39.934+0000] {processor.py:153} INFO - Started process (PID=16315) to work on /opt/airflow/dags/dag_run2.py
[2024-11-09T22:36:39.936+0000] {processor.py:743} INFO - Processing file /opt/airflow/dags/dag_run2.py for tasks to queue
[2024-11-09T22:36:39.939+0000] {logging_mixin.py:137} INFO - [2024-11-09T22:36:39.939+0000] {dagbag.py:538} INFO - Filling up the DagBag from /opt/airflow/dags/dag_run2.py
[2024-11-09T22:36:39.987+0000] {processor.py:753} INFO - DAG(s) dict_keys(['dag_run2']) retrieved from /opt/airflow/dags/dag_run2.py
[2024-11-09T22:36:40.070+0000] {logging_mixin.py:137} INFO - [2024-11-09T22:36:40.069+0000] {dag.py:2690} INFO - Sync 1 DAGs
[2024-11-09T22:36:40.110+0000] {logging_mixin.py:137} INFO - [2024-11-09T22:36:40.109+0000] {dag.py:3441} INFO - Setting next_dagrun for dag_run2 to None, run_after=None
[2024-11-09T22:36:40.159+0000] {processor.py:175} INFO - Processing /opt/airflow/dags/dag_run2.py took 0.236 seconds
[2024-11-09T22:37:10.661+0000] {processor.py:153} INFO - Started process (PID=16366) to work on /opt/airflow/dags/dag_run2.py
[2024-11-09T22:37:10.668+0000] {processor.py:743} INFO - Processing file /opt/airflow/dags/dag_run2.py for tasks to queue
[2024-11-09T22:37:10.670+0000] {logging_mixin.py:137} INFO - [2024-11-09T22:37:10.669+0000] {dagbag.py:538} INFO - Filling up the DagBag from /opt/airflow/dags/dag_run2.py
[2024-11-09T22:37:10.700+0000] {processor.py:753} INFO - DAG(s) dict_keys(['dag_run2']) retrieved from /opt/airflow/dags/dag_run2.py
[2024-11-09T22:37:10.769+0000] {logging_mixin.py:137} INFO - [2024-11-09T22:37:10.769+0000] {dag.py:2690} INFO - Sync 1 DAGs
[2024-11-09T22:37:10.821+0000] {logging_mixin.py:137} INFO - [2024-11-09T22:37:10.820+0000] {dag.py:3441} INFO - Setting next_dagrun for dag_run2 to None, run_after=None
[2024-11-09T22:37:10.872+0000] {processor.py:175} INFO - Processing /opt/airflow/dags/dag_run2.py took 0.222 seconds
[2024-11-09T22:45:55.318+0000] {processor.py:153} INFO - Started process (PID=16410) to work on /opt/airflow/dags/dag_run2.py
[2024-11-09T22:45:55.320+0000] {processor.py:743} INFO - Processing file /opt/airflow/dags/dag_run2.py for tasks to queue
[2024-11-09T22:45:55.321+0000] {logging_mixin.py:137} INFO - [2024-11-09T22:45:55.321+0000] {dagbag.py:538} INFO - Filling up the DagBag from /opt/airflow/dags/dag_run2.py
[2024-11-09T22:45:55.353+0000] {processor.py:753} INFO - DAG(s) dict_keys(['dag_run2']) retrieved from /opt/airflow/dags/dag_run2.py
[2024-11-09T22:45:55.387+0000] {logging_mixin.py:137} INFO - [2024-11-09T22:45:55.387+0000] {dag.py:2690} INFO - Sync 1 DAGs
[2024-11-09T22:45:55.415+0000] {logging_mixin.py:137} INFO - [2024-11-09T22:45:55.415+0000] {dag.py:3441} INFO - Setting next_dagrun for dag_run2 to None, run_after=None
[2024-11-09T22:45:55.439+0000] {processor.py:175} INFO - Processing /opt/airflow/dags/dag_run2.py took 0.125 seconds
[2024-11-09T22:46:26.379+0000] {processor.py:153} INFO - Started process (PID=16453) to work on /opt/airflow/dags/dag_run2.py
[2024-11-09T22:46:26.381+0000] {processor.py:743} INFO - Processing file /opt/airflow/dags/dag_run2.py for tasks to queue
[2024-11-09T22:46:26.382+0000] {logging_mixin.py:137} INFO - [2024-11-09T22:46:26.382+0000] {dagbag.py:538} INFO - Filling up the DagBag from /opt/airflow/dags/dag_run2.py
[2024-11-09T22:46:26.408+0000] {processor.py:753} INFO - DAG(s) dict_keys(['dag_run2']) retrieved from /opt/airflow/dags/dag_run2.py
[2024-11-09T22:46:26.438+0000] {logging_mixin.py:137} INFO - [2024-11-09T22:46:26.438+0000] {dag.py:2690} INFO - Sync 1 DAGs
[2024-11-09T22:46:26.466+0000] {logging_mixin.py:137} INFO - [2024-11-09T22:46:26.466+0000] {dag.py:3441} INFO - Setting next_dagrun for dag_run2 to None, run_after=None
[2024-11-09T22:46:26.486+0000] {processor.py:175} INFO - Processing /opt/airflow/dags/dag_run2.py took 0.111 seconds
[2024-11-09T22:46:57.444+0000] {processor.py:153} INFO - Started process (PID=16512) to work on /opt/airflow/dags/dag_run2.py
[2024-11-09T22:46:57.446+0000] {processor.py:743} INFO - Processing file /opt/airflow/dags/dag_run2.py for tasks to queue
[2024-11-09T22:46:57.447+0000] {logging_mixin.py:137} INFO - [2024-11-09T22:46:57.447+0000] {dagbag.py:538} INFO - Filling up the DagBag from /opt/airflow/dags/dag_run2.py
[2024-11-09T22:46:57.489+0000] {processor.py:753} INFO - DAG(s) dict_keys(['dag_run2']) retrieved from /opt/airflow/dags/dag_run2.py
[2024-11-09T22:46:57.535+0000] {logging_mixin.py:137} INFO - [2024-11-09T22:46:57.534+0000] {dag.py:2690} INFO - Sync 1 DAGs
[2024-11-09T22:46:57.567+0000] {logging_mixin.py:137} INFO - [2024-11-09T22:46:57.567+0000] {dag.py:3441} INFO - Setting next_dagrun for dag_run2 to None, run_after=None
[2024-11-09T22:46:57.591+0000] {processor.py:175} INFO - Processing /opt/airflow/dags/dag_run2.py took 0.151 seconds
[2024-11-09T22:47:28.452+0000] {processor.py:153} INFO - Started process (PID=16571) to work on /opt/airflow/dags/dag_run2.py
[2024-11-09T22:47:28.455+0000] {processor.py:743} INFO - Processing file /opt/airflow/dags/dag_run2.py for tasks to queue
[2024-11-09T22:47:28.458+0000] {logging_mixin.py:137} INFO - [2024-11-09T22:47:28.458+0000] {dagbag.py:538} INFO - Filling up the DagBag from /opt/airflow/dags/dag_run2.py
[2024-11-09T22:47:28.532+0000] {processor.py:753} INFO - DAG(s) dict_keys(['dag_run2']) retrieved from /opt/airflow/dags/dag_run2.py
[2024-11-09T22:47:28.575+0000] {logging_mixin.py:137} INFO - [2024-11-09T22:47:28.574+0000] {dag.py:2690} INFO - Sync 1 DAGs
[2024-11-09T22:47:28.613+0000] {logging_mixin.py:137} INFO - [2024-11-09T22:47:28.613+0000] {dag.py:3441} INFO - Setting next_dagrun for dag_run2 to None, run_after=None
[2024-11-09T22:47:28.634+0000] {processor.py:175} INFO - Processing /opt/airflow/dags/dag_run2.py took 0.197 seconds
[2024-11-09T22:47:59.585+0000] {processor.py:153} INFO - Started process (PID=16614) to work on /opt/airflow/dags/dag_run2.py
[2024-11-09T22:47:59.586+0000] {processor.py:743} INFO - Processing file /opt/airflow/dags/dag_run2.py for tasks to queue
[2024-11-09T22:47:59.587+0000] {logging_mixin.py:137} INFO - [2024-11-09T22:47:59.587+0000] {dagbag.py:538} INFO - Filling up the DagBag from /opt/airflow/dags/dag_run2.py
[2024-11-09T22:47:59.618+0000] {processor.py:753} INFO - DAG(s) dict_keys(['dag_run2']) retrieved from /opt/airflow/dags/dag_run2.py
[2024-11-09T22:47:59.660+0000] {logging_mixin.py:137} INFO - [2024-11-09T22:47:59.660+0000] {dag.py:2690} INFO - Sync 1 DAGs
[2024-11-09T22:47:59.686+0000] {logging_mixin.py:137} INFO - [2024-11-09T22:47:59.686+0000] {dag.py:3441} INFO - Setting next_dagrun for dag_run2 to None, run_after=None
[2024-11-09T22:47:59.705+0000] {processor.py:175} INFO - Processing /opt/airflow/dags/dag_run2.py took 0.124 seconds
[2024-11-09T22:48:30.591+0000] {processor.py:153} INFO - Started process (PID=16673) to work on /opt/airflow/dags/dag_run2.py
[2024-11-09T22:48:30.593+0000] {processor.py:743} INFO - Processing file /opt/airflow/dags/dag_run2.py for tasks to queue
[2024-11-09T22:48:30.594+0000] {logging_mixin.py:137} INFO - [2024-11-09T22:48:30.594+0000] {dagbag.py:538} INFO - Filling up the DagBag from /opt/airflow/dags/dag_run2.py
[2024-11-09T22:48:30.622+0000] {processor.py:753} INFO - DAG(s) dict_keys(['dag_run2']) retrieved from /opt/airflow/dags/dag_run2.py
[2024-11-09T22:48:30.645+0000] {logging_mixin.py:137} INFO - [2024-11-09T22:48:30.645+0000] {dag.py:2690} INFO - Sync 1 DAGs
[2024-11-09T22:48:30.667+0000] {logging_mixin.py:137} INFO - [2024-11-09T22:48:30.666+0000] {dag.py:3441} INFO - Setting next_dagrun for dag_run2 to None, run_after=None
[2024-11-09T22:48:30.684+0000] {processor.py:175} INFO - Processing /opt/airflow/dags/dag_run2.py took 0.097 seconds
[2024-11-09T22:49:19.285+0000] {processor.py:153} INFO - Started process (PID=16716) to work on /opt/airflow/dags/dag_run2.py
[2024-11-09T22:49:19.286+0000] {processor.py:743} INFO - Processing file /opt/airflow/dags/dag_run2.py for tasks to queue
[2024-11-09T22:49:19.287+0000] {logging_mixin.py:137} INFO - [2024-11-09T22:49:19.287+0000] {dagbag.py:538} INFO - Filling up the DagBag from /opt/airflow/dags/dag_run2.py
[2024-11-09T22:49:19.315+0000] {processor.py:753} INFO - DAG(s) dict_keys(['dag_run2']) retrieved from /opt/airflow/dags/dag_run2.py
[2024-11-09T22:49:19.347+0000] {logging_mixin.py:137} INFO - [2024-11-09T22:49:19.346+0000] {dag.py:2690} INFO - Sync 1 DAGs
[2024-11-09T22:49:19.370+0000] {logging_mixin.py:137} INFO - [2024-11-09T22:49:19.370+0000] {dag.py:3441} INFO - Setting next_dagrun for dag_run2 to None, run_after=None
[2024-11-09T22:49:19.386+0000] {processor.py:175} INFO - Processing /opt/airflow/dags/dag_run2.py took 0.105 seconds
[2024-11-09T22:49:50.183+0000] {processor.py:153} INFO - Started process (PID=16766) to work on /opt/airflow/dags/dag_run2.py
[2024-11-09T22:49:50.185+0000] {processor.py:743} INFO - Processing file /opt/airflow/dags/dag_run2.py for tasks to queue
[2024-11-09T22:49:50.186+0000] {logging_mixin.py:137} INFO - [2024-11-09T22:49:50.186+0000] {dagbag.py:538} INFO - Filling up the DagBag from /opt/airflow/dags/dag_run2.py
[2024-11-09T22:49:50.211+0000] {processor.py:753} INFO - DAG(s) dict_keys(['dag_run2']) retrieved from /opt/airflow/dags/dag_run2.py
[2024-11-09T22:49:50.241+0000] {logging_mixin.py:137} INFO - [2024-11-09T22:49:50.241+0000] {dag.py:2690} INFO - Sync 1 DAGs
[2024-11-09T22:49:50.269+0000] {logging_mixin.py:137} INFO - [2024-11-09T22:49:50.269+0000] {dag.py:3441} INFO - Setting next_dagrun for dag_run2 to None, run_after=None
[2024-11-09T22:49:50.288+0000] {processor.py:175} INFO - Processing /opt/airflow/dags/dag_run2.py took 0.108 seconds
[2024-11-09T22:50:20.622+0000] {processor.py:153} INFO - Started process (PID=16817) to work on /opt/airflow/dags/dag_run2.py
[2024-11-09T22:50:20.624+0000] {processor.py:743} INFO - Processing file /opt/airflow/dags/dag_run2.py for tasks to queue
[2024-11-09T22:50:20.625+0000] {logging_mixin.py:137} INFO - [2024-11-09T22:50:20.624+0000] {dagbag.py:538} INFO - Filling up the DagBag from /opt/airflow/dags/dag_run2.py
[2024-11-09T22:50:20.654+0000] {processor.py:753} INFO - DAG(s) dict_keys(['dag_run2']) retrieved from /opt/airflow/dags/dag_run2.py
[2024-11-09T22:50:20.681+0000] {logging_mixin.py:137} INFO - [2024-11-09T22:50:20.681+0000] {dag.py:2690} INFO - Sync 1 DAGs
[2024-11-09T22:50:20.706+0000] {logging_mixin.py:137} INFO - [2024-11-09T22:50:20.706+0000] {dag.py:3441} INFO - Setting next_dagrun for dag_run2 to None, run_after=None
[2024-11-09T22:50:20.724+0000] {processor.py:175} INFO - Processing /opt/airflow/dags/dag_run2.py took 0.106 seconds
[2024-11-09T22:50:50.830+0000] {processor.py:153} INFO - Started process (PID=16860) to work on /opt/airflow/dags/dag_run2.py
[2024-11-09T22:50:50.831+0000] {processor.py:743} INFO - Processing file /opt/airflow/dags/dag_run2.py for tasks to queue
[2024-11-09T22:50:50.832+0000] {logging_mixin.py:137} INFO - [2024-11-09T22:50:50.832+0000] {dagbag.py:538} INFO - Filling up the DagBag from /opt/airflow/dags/dag_run2.py
[2024-11-09T22:50:50.857+0000] {processor.py:753} INFO - DAG(s) dict_keys(['dag_run2']) retrieved from /opt/airflow/dags/dag_run2.py
[2024-11-09T22:50:50.883+0000] {logging_mixin.py:137} INFO - [2024-11-09T22:50:50.883+0000] {dag.py:2690} INFO - Sync 1 DAGs
[2024-11-09T22:50:50.908+0000] {logging_mixin.py:137} INFO - [2024-11-09T22:50:50.908+0000] {dag.py:3441} INFO - Setting next_dagrun for dag_run2 to None, run_after=None
[2024-11-09T22:50:50.926+0000] {processor.py:175} INFO - Processing /opt/airflow/dags/dag_run2.py took 0.101 seconds
[2024-11-09T22:51:21.845+0000] {processor.py:153} INFO - Started process (PID=16920) to work on /opt/airflow/dags/dag_run2.py
[2024-11-09T22:51:21.846+0000] {processor.py:743} INFO - Processing file /opt/airflow/dags/dag_run2.py for tasks to queue
[2024-11-09T22:51:21.847+0000] {logging_mixin.py:137} INFO - [2024-11-09T22:51:21.847+0000] {dagbag.py:538} INFO - Filling up the DagBag from /opt/airflow/dags/dag_run2.py
[2024-11-09T22:51:21.872+0000] {processor.py:753} INFO - DAG(s) dict_keys(['dag_run2']) retrieved from /opt/airflow/dags/dag_run2.py
[2024-11-09T22:51:21.900+0000] {logging_mixin.py:137} INFO - [2024-11-09T22:51:21.899+0000] {dag.py:2690} INFO - Sync 1 DAGs
[2024-11-09T22:51:21.925+0000] {logging_mixin.py:137} INFO - [2024-11-09T22:51:21.925+0000] {dag.py:3441} INFO - Setting next_dagrun for dag_run2 to None, run_after=None
[2024-11-09T22:51:21.948+0000] {processor.py:175} INFO - Processing /opt/airflow/dags/dag_run2.py took 0.105 seconds
[2024-11-09T22:51:52.867+0000] {processor.py:153} INFO - Started process (PID=16972) to work on /opt/airflow/dags/dag_run2.py
[2024-11-09T22:51:52.869+0000] {processor.py:743} INFO - Processing file /opt/airflow/dags/dag_run2.py for tasks to queue
[2024-11-09T22:51:52.871+0000] {logging_mixin.py:137} INFO - [2024-11-09T22:51:52.870+0000] {dagbag.py:538} INFO - Filling up the DagBag from /opt/airflow/dags/dag_run2.py
[2024-11-09T22:51:52.899+0000] {processor.py:753} INFO - DAG(s) dict_keys(['dag_run2']) retrieved from /opt/airflow/dags/dag_run2.py
[2024-11-09T22:51:52.929+0000] {logging_mixin.py:137} INFO - [2024-11-09T22:51:52.929+0000] {dag.py:2690} INFO - Sync 1 DAGs
[2024-11-09T22:51:52.957+0000] {logging_mixin.py:137} INFO - [2024-11-09T22:51:52.957+0000] {dag.py:3441} INFO - Setting next_dagrun for dag_run2 to None, run_after=None
[2024-11-09T22:51:52.980+0000] {processor.py:175} INFO - Processing /opt/airflow/dags/dag_run2.py took 0.116 seconds
[2024-11-09T22:52:23.743+0000] {processor.py:153} INFO - Started process (PID=17022) to work on /opt/airflow/dags/dag_run2.py
[2024-11-09T22:52:23.744+0000] {processor.py:743} INFO - Processing file /opt/airflow/dags/dag_run2.py for tasks to queue
[2024-11-09T22:52:23.745+0000] {logging_mixin.py:137} INFO - [2024-11-09T22:52:23.745+0000] {dagbag.py:538} INFO - Filling up the DagBag from /opt/airflow/dags/dag_run2.py
[2024-11-09T22:52:23.768+0000] {processor.py:753} INFO - DAG(s) dict_keys(['dag_run2']) retrieved from /opt/airflow/dags/dag_run2.py
[2024-11-09T22:52:23.801+0000] {logging_mixin.py:137} INFO - [2024-11-09T22:52:23.800+0000] {dag.py:2690} INFO - Sync 1 DAGs
[2024-11-09T22:52:23.827+0000] {logging_mixin.py:137} INFO - [2024-11-09T22:52:23.827+0000] {dag.py:3441} INFO - Setting next_dagrun for dag_run2 to None, run_after=None
[2024-11-09T22:52:23.846+0000] {processor.py:175} INFO - Processing /opt/airflow/dags/dag_run2.py took 0.110 seconds
[2024-11-09T22:52:54.167+0000] {processor.py:153} INFO - Started process (PID=17065) to work on /opt/airflow/dags/dag_run2.py
[2024-11-09T22:52:54.169+0000] {processor.py:743} INFO - Processing file /opt/airflow/dags/dag_run2.py for tasks to queue
[2024-11-09T22:52:54.170+0000] {logging_mixin.py:137} INFO - [2024-11-09T22:52:54.170+0000] {dagbag.py:538} INFO - Filling up the DagBag from /opt/airflow/dags/dag_run2.py
[2024-11-09T22:52:54.204+0000] {processor.py:753} INFO - DAG(s) dict_keys(['dag_run2']) retrieved from /opt/airflow/dags/dag_run2.py
[2024-11-09T22:52:54.235+0000] {logging_mixin.py:137} INFO - [2024-11-09T22:52:54.235+0000] {dag.py:2690} INFO - Sync 1 DAGs
[2024-11-09T22:52:54.260+0000] {logging_mixin.py:137} INFO - [2024-11-09T22:52:54.260+0000] {dag.py:3441} INFO - Setting next_dagrun for dag_run2 to None, run_after=None
[2024-11-09T22:52:54.278+0000] {processor.py:175} INFO - Processing /opt/airflow/dags/dag_run2.py took 0.116 seconds
[2024-11-09T22:53:25.333+0000] {processor.py:153} INFO - Started process (PID=17108) to work on /opt/airflow/dags/dag_run2.py
[2024-11-09T22:53:25.336+0000] {processor.py:743} INFO - Processing file /opt/airflow/dags/dag_run2.py for tasks to queue
[2024-11-09T22:53:25.337+0000] {logging_mixin.py:137} INFO - [2024-11-09T22:53:25.336+0000] {dagbag.py:538} INFO - Filling up the DagBag from /opt/airflow/dags/dag_run2.py
[2024-11-09T22:53:25.371+0000] {processor.py:753} INFO - DAG(s) dict_keys(['dag_run2']) retrieved from /opt/airflow/dags/dag_run2.py
[2024-11-09T22:53:25.418+0000] {logging_mixin.py:137} INFO - [2024-11-09T22:53:25.418+0000] {dag.py:2690} INFO - Sync 1 DAGs
[2024-11-09T22:53:25.453+0000] {logging_mixin.py:137} INFO - [2024-11-09T22:53:25.453+0000] {dag.py:3441} INFO - Setting next_dagrun for dag_run2 to None, run_after=None
[2024-11-09T22:53:25.474+0000] {processor.py:175} INFO - Processing /opt/airflow/dags/dag_run2.py took 0.148 seconds
[2024-11-09T22:53:56.345+0000] {processor.py:153} INFO - Started process (PID=17167) to work on /opt/airflow/dags/dag_run2.py
[2024-11-09T22:53:56.347+0000] {processor.py:743} INFO - Processing file /opt/airflow/dags/dag_run2.py for tasks to queue
[2024-11-09T22:53:56.349+0000] {logging_mixin.py:137} INFO - [2024-11-09T22:53:56.349+0000] {dagbag.py:538} INFO - Filling up the DagBag from /opt/airflow/dags/dag_run2.py
[2024-11-09T22:53:56.380+0000] {processor.py:753} INFO - DAG(s) dict_keys(['dag_run2']) retrieved from /opt/airflow/dags/dag_run2.py
[2024-11-09T22:53:56.425+0000] {logging_mixin.py:137} INFO - [2024-11-09T22:53:56.425+0000] {dag.py:2690} INFO - Sync 1 DAGs
[2024-11-09T22:53:56.451+0000] {logging_mixin.py:137} INFO - [2024-11-09T22:53:56.451+0000] {dag.py:3441} INFO - Setting next_dagrun for dag_run2 to None, run_after=None
[2024-11-09T22:53:56.473+0000] {processor.py:175} INFO - Processing /opt/airflow/dags/dag_run2.py took 0.133 seconds
[2024-11-09T22:54:27.400+0000] {processor.py:153} INFO - Started process (PID=17210) to work on /opt/airflow/dags/dag_run2.py
[2024-11-09T22:54:27.402+0000] {processor.py:743} INFO - Processing file /opt/airflow/dags/dag_run2.py for tasks to queue
[2024-11-09T22:54:27.403+0000] {logging_mixin.py:137} INFO - [2024-11-09T22:54:27.403+0000] {dagbag.py:538} INFO - Filling up the DagBag from /opt/airflow/dags/dag_run2.py
[2024-11-09T22:54:27.440+0000] {processor.py:753} INFO - DAG(s) dict_keys(['dag_run2']) retrieved from /opt/airflow/dags/dag_run2.py
[2024-11-09T22:54:27.494+0000] {logging_mixin.py:137} INFO - [2024-11-09T22:54:27.493+0000] {dag.py:2690} INFO - Sync 1 DAGs
[2024-11-09T22:54:27.525+0000] {logging_mixin.py:137} INFO - [2024-11-09T22:54:27.525+0000] {dag.py:3441} INFO - Setting next_dagrun for dag_run2 to None, run_after=None
[2024-11-09T22:54:27.546+0000] {processor.py:175} INFO - Processing /opt/airflow/dags/dag_run2.py took 0.154 seconds
[2024-11-09T22:54:58.570+0000] {processor.py:153} INFO - Started process (PID=17269) to work on /opt/airflow/dags/dag_run2.py
[2024-11-09T22:54:58.574+0000] {processor.py:743} INFO - Processing file /opt/airflow/dags/dag_run2.py for tasks to queue
[2024-11-09T22:54:58.575+0000] {logging_mixin.py:137} INFO - [2024-11-09T22:54:58.574+0000] {dagbag.py:538} INFO - Filling up the DagBag from /opt/airflow/dags/dag_run2.py
[2024-11-09T22:54:58.610+0000] {processor.py:753} INFO - DAG(s) dict_keys(['dag_run2']) retrieved from /opt/airflow/dags/dag_run2.py
[2024-11-09T22:54:58.655+0000] {logging_mixin.py:137} INFO - [2024-11-09T22:54:58.654+0000] {dag.py:2690} INFO - Sync 1 DAGs
[2024-11-09T22:54:58.685+0000] {logging_mixin.py:137} INFO - [2024-11-09T22:54:58.684+0000] {dag.py:3441} INFO - Setting next_dagrun for dag_run2 to None, run_after=None
[2024-11-09T22:54:58.707+0000] {processor.py:175} INFO - Processing /opt/airflow/dags/dag_run2.py took 0.143 seconds
[2024-11-09T22:55:29.605+0000] {processor.py:153} INFO - Started process (PID=17321) to work on /opt/airflow/dags/dag_run2.py
[2024-11-09T22:55:29.607+0000] {processor.py:743} INFO - Processing file /opt/airflow/dags/dag_run2.py for tasks to queue
[2024-11-09T22:55:29.608+0000] {logging_mixin.py:137} INFO - [2024-11-09T22:55:29.607+0000] {dagbag.py:538} INFO - Filling up the DagBag from /opt/airflow/dags/dag_run2.py
[2024-11-09T22:55:29.635+0000] {processor.py:753} INFO - DAG(s) dict_keys(['dag_run2']) retrieved from /opt/airflow/dags/dag_run2.py
[2024-11-09T22:55:29.668+0000] {logging_mixin.py:137} INFO - [2024-11-09T22:55:29.667+0000] {dag.py:2690} INFO - Sync 1 DAGs
[2024-11-09T22:55:29.720+0000] {logging_mixin.py:137} INFO - [2024-11-09T22:55:29.720+0000] {dag.py:3441} INFO - Setting next_dagrun for dag_run2 to None, run_after=None
[2024-11-09T22:55:29.741+0000] {processor.py:175} INFO - Processing /opt/airflow/dags/dag_run2.py took 0.138 seconds
[2024-11-09T22:56:00.114+0000] {processor.py:153} INFO - Started process (PID=17371) to work on /opt/airflow/dags/dag_run2.py
[2024-11-09T22:56:00.116+0000] {processor.py:743} INFO - Processing file /opt/airflow/dags/dag_run2.py for tasks to queue
[2024-11-09T22:56:00.118+0000] {logging_mixin.py:137} INFO - [2024-11-09T22:56:00.118+0000] {dagbag.py:538} INFO - Filling up the DagBag from /opt/airflow/dags/dag_run2.py
[2024-11-09T22:56:00.148+0000] {processor.py:753} INFO - DAG(s) dict_keys(['dag_run2']) retrieved from /opt/airflow/dags/dag_run2.py
[2024-11-09T22:56:00.184+0000] {logging_mixin.py:137} INFO - [2024-11-09T22:56:00.183+0000] {dag.py:2690} INFO - Sync 1 DAGs
[2024-11-09T22:56:00.215+0000] {logging_mixin.py:137} INFO - [2024-11-09T22:56:00.214+0000] {dag.py:3441} INFO - Setting next_dagrun for dag_run2 to None, run_after=None
[2024-11-09T22:56:00.234+0000] {processor.py:175} INFO - Processing /opt/airflow/dags/dag_run2.py took 0.125 seconds
[2024-11-09T22:56:31.129+0000] {processor.py:153} INFO - Started process (PID=17430) to work on /opt/airflow/dags/dag_run2.py
[2024-11-09T22:56:31.133+0000] {processor.py:743} INFO - Processing file /opt/airflow/dags/dag_run2.py for tasks to queue
[2024-11-09T22:56:31.136+0000] {logging_mixin.py:137} INFO - [2024-11-09T22:56:31.135+0000] {dagbag.py:538} INFO - Filling up the DagBag from /opt/airflow/dags/dag_run2.py
[2024-11-09T22:56:31.171+0000] {processor.py:753} INFO - DAG(s) dict_keys(['dag_run2']) retrieved from /opt/airflow/dags/dag_run2.py
[2024-11-09T22:56:31.226+0000] {logging_mixin.py:137} INFO - [2024-11-09T22:56:31.225+0000] {dag.py:2690} INFO - Sync 1 DAGs
[2024-11-09T22:56:31.276+0000] {logging_mixin.py:137} INFO - [2024-11-09T22:56:31.276+0000] {dag.py:3441} INFO - Setting next_dagrun for dag_run2 to None, run_after=None
[2024-11-09T22:56:31.337+0000] {processor.py:175} INFO - Processing /opt/airflow/dags/dag_run2.py took 0.218 seconds
[2024-11-09T22:57:01.877+0000] {processor.py:153} INFO - Started process (PID=17473) to work on /opt/airflow/dags/dag_run2.py
[2024-11-09T22:57:01.880+0000] {processor.py:743} INFO - Processing file /opt/airflow/dags/dag_run2.py for tasks to queue
[2024-11-09T22:57:01.881+0000] {logging_mixin.py:137} INFO - [2024-11-09T22:57:01.881+0000] {dagbag.py:538} INFO - Filling up the DagBag from /opt/airflow/dags/dag_run2.py
[2024-11-09T22:57:01.918+0000] {processor.py:753} INFO - DAG(s) dict_keys(['dag_run2']) retrieved from /opt/airflow/dags/dag_run2.py
[2024-11-09T22:57:01.976+0000] {logging_mixin.py:137} INFO - [2024-11-09T22:57:01.976+0000] {dag.py:2690} INFO - Sync 1 DAGs
[2024-11-09T22:57:02.018+0000] {logging_mixin.py:137} INFO - [2024-11-09T22:57:02.017+0000] {dag.py:3441} INFO - Setting next_dagrun for dag_run2 to None, run_after=None
[2024-11-09T22:57:02.047+0000] {processor.py:175} INFO - Processing /opt/airflow/dags/dag_run2.py took 0.175 seconds
[2024-11-09T22:57:32.658+0000] {processor.py:153} INFO - Started process (PID=17516) to work on /opt/airflow/dags/dag_run2.py
[2024-11-09T22:57:32.660+0000] {processor.py:743} INFO - Processing file /opt/airflow/dags/dag_run2.py for tasks to queue
[2024-11-09T22:57:32.662+0000] {logging_mixin.py:137} INFO - [2024-11-09T22:57:32.662+0000] {dagbag.py:538} INFO - Filling up the DagBag from /opt/airflow/dags/dag_run2.py
[2024-11-09T22:57:32.736+0000] {processor.py:753} INFO - DAG(s) dict_keys(['dag_run2']) retrieved from /opt/airflow/dags/dag_run2.py
[2024-11-09T22:57:32.780+0000] {logging_mixin.py:137} INFO - [2024-11-09T22:57:32.779+0000] {dag.py:2690} INFO - Sync 1 DAGs
[2024-11-09T22:57:32.818+0000] {logging_mixin.py:137} INFO - [2024-11-09T22:57:32.818+0000] {dag.py:3441} INFO - Setting next_dagrun for dag_run2 to None, run_after=None
[2024-11-09T22:57:32.837+0000] {processor.py:175} INFO - Processing /opt/airflow/dags/dag_run2.py took 0.199 seconds
[2024-11-09T22:58:03.838+0000] {processor.py:153} INFO - Started process (PID=17575) to work on /opt/airflow/dags/dag_run2.py
[2024-11-09T22:58:03.843+0000] {processor.py:743} INFO - Processing file /opt/airflow/dags/dag_run2.py for tasks to queue
[2024-11-09T22:58:03.849+0000] {logging_mixin.py:137} INFO - [2024-11-09T22:58:03.848+0000] {dagbag.py:538} INFO - Filling up the DagBag from /opt/airflow/dags/dag_run2.py
[2024-11-09T22:58:03.909+0000] {processor.py:753} INFO - DAG(s) dict_keys(['dag_run2']) retrieved from /opt/airflow/dags/dag_run2.py
[2024-11-09T22:58:03.996+0000] {logging_mixin.py:137} INFO - [2024-11-09T22:58:03.996+0000] {dag.py:2690} INFO - Sync 1 DAGs
[2024-11-09T22:58:04.078+0000] {logging_mixin.py:137} INFO - [2024-11-09T22:58:04.078+0000] {dag.py:3441} INFO - Setting next_dagrun for dag_run2 to None, run_after=None
[2024-11-09T22:58:04.172+0000] {processor.py:175} INFO - Processing /opt/airflow/dags/dag_run2.py took 0.359 seconds
[2024-11-09T22:58:34.726+0000] {processor.py:153} INFO - Started process (PID=17618) to work on /opt/airflow/dags/dag_run2.py
[2024-11-09T22:58:34.728+0000] {processor.py:743} INFO - Processing file /opt/airflow/dags/dag_run2.py for tasks to queue
[2024-11-09T22:58:34.729+0000] {logging_mixin.py:137} INFO - [2024-11-09T22:58:34.729+0000] {dagbag.py:538} INFO - Filling up the DagBag from /opt/airflow/dags/dag_run2.py
[2024-11-09T22:58:34.775+0000] {processor.py:753} INFO - DAG(s) dict_keys(['dag_run2']) retrieved from /opt/airflow/dags/dag_run2.py
[2024-11-09T22:58:34.806+0000] {logging_mixin.py:137} INFO - [2024-11-09T22:58:34.806+0000] {dag.py:2690} INFO - Sync 1 DAGs
[2024-11-09T22:58:34.832+0000] {logging_mixin.py:137} INFO - [2024-11-09T22:58:34.832+0000] {dag.py:3441} INFO - Setting next_dagrun for dag_run2 to None, run_after=None
[2024-11-09T22:58:34.863+0000] {processor.py:175} INFO - Processing /opt/airflow/dags/dag_run2.py took 0.141 seconds
[2024-11-09T22:59:04.941+0000] {processor.py:153} INFO - Started process (PID=17661) to work on /opt/airflow/dags/dag_run2.py
[2024-11-09T22:59:04.944+0000] {processor.py:743} INFO - Processing file /opt/airflow/dags/dag_run2.py for tasks to queue
[2024-11-09T22:59:04.947+0000] {logging_mixin.py:137} INFO - [2024-11-09T22:59:04.947+0000] {dagbag.py:538} INFO - Filling up the DagBag from /opt/airflow/dags/dag_run2.py
[2024-11-09T22:59:04.993+0000] {processor.py:753} INFO - DAG(s) dict_keys(['dag_run2']) retrieved from /opt/airflow/dags/dag_run2.py
[2024-11-09T22:59:05.028+0000] {logging_mixin.py:137} INFO - [2024-11-09T22:59:05.028+0000] {dag.py:2690} INFO - Sync 1 DAGs
[2024-11-09T22:59:05.058+0000] {logging_mixin.py:137} INFO - [2024-11-09T22:59:05.058+0000] {dag.py:3441} INFO - Setting next_dagrun for dag_run2 to None, run_after=None
[2024-11-09T22:59:05.080+0000] {processor.py:175} INFO - Processing /opt/airflow/dags/dag_run2.py took 0.143 seconds
[2024-11-09T22:59:35.127+0000] {processor.py:153} INFO - Started process (PID=17720) to work on /opt/airflow/dags/dag_run2.py
[2024-11-09T22:59:35.128+0000] {processor.py:743} INFO - Processing file /opt/airflow/dags/dag_run2.py for tasks to queue
[2024-11-09T22:59:35.130+0000] {logging_mixin.py:137} INFO - [2024-11-09T22:59:35.130+0000] {dagbag.py:538} INFO - Filling up the DagBag from /opt/airflow/dags/dag_run2.py
[2024-11-09T22:59:35.156+0000] {processor.py:753} INFO - DAG(s) dict_keys(['dag_run2']) retrieved from /opt/airflow/dags/dag_run2.py
[2024-11-09T22:59:35.202+0000] {logging_mixin.py:137} INFO - [2024-11-09T22:59:35.202+0000] {dag.py:2690} INFO - Sync 1 DAGs
[2024-11-09T22:59:35.232+0000] {logging_mixin.py:137} INFO - [2024-11-09T22:59:35.232+0000] {dag.py:3441} INFO - Setting next_dagrun for dag_run2 to None, run_after=None
[2024-11-09T22:59:35.256+0000] {processor.py:175} INFO - Processing /opt/airflow/dags/dag_run2.py took 0.135 seconds
[2024-11-09T23:00:06.203+0000] {processor.py:153} INFO - Started process (PID=17763) to work on /opt/airflow/dags/dag_run2.py
[2024-11-09T23:00:06.205+0000] {processor.py:743} INFO - Processing file /opt/airflow/dags/dag_run2.py for tasks to queue
[2024-11-09T23:00:06.207+0000] {logging_mixin.py:137} INFO - [2024-11-09T23:00:06.207+0000] {dagbag.py:538} INFO - Filling up the DagBag from /opt/airflow/dags/dag_run2.py
[2024-11-09T23:00:06.232+0000] {processor.py:753} INFO - DAG(s) dict_keys(['dag_run2']) retrieved from /opt/airflow/dags/dag_run2.py
[2024-11-09T23:00:06.264+0000] {logging_mixin.py:137} INFO - [2024-11-09T23:00:06.264+0000] {dag.py:2690} INFO - Sync 1 DAGs
[2024-11-09T23:00:06.289+0000] {logging_mixin.py:137} INFO - [2024-11-09T23:00:06.289+0000] {dag.py:3441} INFO - Setting next_dagrun for dag_run2 to None, run_after=None
[2024-11-09T23:00:06.314+0000] {processor.py:175} INFO - Processing /opt/airflow/dags/dag_run2.py took 0.114 seconds
[2024-11-09T23:00:37.345+0000] {processor.py:153} INFO - Started process (PID=17822) to work on /opt/airflow/dags/dag_run2.py
[2024-11-09T23:00:37.347+0000] {processor.py:743} INFO - Processing file /opt/airflow/dags/dag_run2.py for tasks to queue
[2024-11-09T23:00:37.350+0000] {logging_mixin.py:137} INFO - [2024-11-09T23:00:37.349+0000] {dagbag.py:538} INFO - Filling up the DagBag from /opt/airflow/dags/dag_run2.py
[2024-11-09T23:00:37.377+0000] {processor.py:753} INFO - DAG(s) dict_keys(['dag_run2']) retrieved from /opt/airflow/dags/dag_run2.py
[2024-11-09T23:00:37.409+0000] {logging_mixin.py:137} INFO - [2024-11-09T23:00:37.409+0000] {dag.py:2690} INFO - Sync 1 DAGs
[2024-11-09T23:00:37.437+0000] {logging_mixin.py:137} INFO - [2024-11-09T23:00:37.437+0000] {dag.py:3441} INFO - Setting next_dagrun for dag_run2 to None, run_after=None
[2024-11-09T23:00:37.457+0000] {processor.py:175} INFO - Processing /opt/airflow/dags/dag_run2.py took 0.117 seconds
[2024-11-09T23:01:08.381+0000] {processor.py:153} INFO - Started process (PID=17874) to work on /opt/airflow/dags/dag_run2.py
[2024-11-09T23:01:08.393+0000] {processor.py:743} INFO - Processing file /opt/airflow/dags/dag_run2.py for tasks to queue
[2024-11-09T23:01:08.397+0000] {logging_mixin.py:137} INFO - [2024-11-09T23:01:08.397+0000] {dagbag.py:538} INFO - Filling up the DagBag from /opt/airflow/dags/dag_run2.py
[2024-11-09T23:01:08.445+0000] {processor.py:753} INFO - DAG(s) dict_keys(['dag_run2']) retrieved from /opt/airflow/dags/dag_run2.py
[2024-11-09T23:01:08.499+0000] {logging_mixin.py:137} INFO - [2024-11-09T23:01:08.499+0000] {dag.py:2690} INFO - Sync 1 DAGs
[2024-11-09T23:01:08.531+0000] {logging_mixin.py:137} INFO - [2024-11-09T23:01:08.531+0000] {dag.py:3441} INFO - Setting next_dagrun for dag_run2 to None, run_after=None
[2024-11-09T23:01:08.557+0000] {processor.py:175} INFO - Processing /opt/airflow/dags/dag_run2.py took 0.178 seconds
[2024-11-09T23:01:38.636+0000] {processor.py:153} INFO - Started process (PID=17924) to work on /opt/airflow/dags/dag_run2.py
[2024-11-09T23:01:38.637+0000] {processor.py:743} INFO - Processing file /opt/airflow/dags/dag_run2.py for tasks to queue
[2024-11-09T23:01:38.638+0000] {logging_mixin.py:137} INFO - [2024-11-09T23:01:38.638+0000] {dagbag.py:538} INFO - Filling up the DagBag from /opt/airflow/dags/dag_run2.py
[2024-11-09T23:01:38.658+0000] {processor.py:753} INFO - DAG(s) dict_keys(['dag_run2']) retrieved from /opt/airflow/dags/dag_run2.py
[2024-11-09T23:01:38.681+0000] {logging_mixin.py:137} INFO - [2024-11-09T23:01:38.681+0000] {dag.py:2690} INFO - Sync 1 DAGs
[2024-11-09T23:01:38.704+0000] {logging_mixin.py:137} INFO - [2024-11-09T23:01:38.704+0000] {dag.py:3441} INFO - Setting next_dagrun for dag_run2 to None, run_after=None
[2024-11-09T23:01:38.722+0000] {processor.py:175} INFO - Processing /opt/airflow/dags/dag_run2.py took 0.089 seconds
[2024-11-09T23:02:09.627+0000] {processor.py:153} INFO - Started process (PID=17983) to work on /opt/airflow/dags/dag_run2.py
[2024-11-09T23:02:09.629+0000] {processor.py:743} INFO - Processing file /opt/airflow/dags/dag_run2.py for tasks to queue
[2024-11-09T23:02:09.630+0000] {logging_mixin.py:137} INFO - [2024-11-09T23:02:09.630+0000] {dagbag.py:538} INFO - Filling up the DagBag from /opt/airflow/dags/dag_run2.py
[2024-11-09T23:02:09.653+0000] {processor.py:753} INFO - DAG(s) dict_keys(['dag_run2']) retrieved from /opt/airflow/dags/dag_run2.py
[2024-11-09T23:02:09.677+0000] {logging_mixin.py:137} INFO - [2024-11-09T23:02:09.676+0000] {dag.py:2690} INFO - Sync 1 DAGs
[2024-11-09T23:02:09.699+0000] {logging_mixin.py:137} INFO - [2024-11-09T23:02:09.699+0000] {dag.py:3441} INFO - Setting next_dagrun for dag_run2 to None, run_after=None
[2024-11-09T23:02:09.719+0000] {processor.py:175} INFO - Processing /opt/airflow/dags/dag_run2.py took 0.095 seconds
[2024-11-09T23:02:40.615+0000] {processor.py:153} INFO - Started process (PID=18026) to work on /opt/airflow/dags/dag_run2.py
[2024-11-09T23:02:40.617+0000] {processor.py:743} INFO - Processing file /opt/airflow/dags/dag_run2.py for tasks to queue
[2024-11-09T23:02:40.618+0000] {logging_mixin.py:137} INFO - [2024-11-09T23:02:40.618+0000] {dagbag.py:538} INFO - Filling up the DagBag from /opt/airflow/dags/dag_run2.py
[2024-11-09T23:02:40.643+0000] {processor.py:753} INFO - DAG(s) dict_keys(['dag_run2']) retrieved from /opt/airflow/dags/dag_run2.py
[2024-11-09T23:02:40.671+0000] {logging_mixin.py:137} INFO - [2024-11-09T23:02:40.670+0000] {dag.py:2690} INFO - Sync 1 DAGs
[2024-11-09T23:02:40.694+0000] {logging_mixin.py:137} INFO - [2024-11-09T23:02:40.694+0000] {dag.py:3441} INFO - Setting next_dagrun for dag_run2 to None, run_after=None
[2024-11-09T23:02:40.716+0000] {processor.py:175} INFO - Processing /opt/airflow/dags/dag_run2.py took 0.106 seconds
[2024-11-09T23:03:11.449+0000] {processor.py:153} INFO - Started process (PID=18085) to work on /opt/airflow/dags/dag_run2.py
[2024-11-09T23:03:11.452+0000] {processor.py:743} INFO - Processing file /opt/airflow/dags/dag_run2.py for tasks to queue
[2024-11-09T23:03:11.454+0000] {logging_mixin.py:137} INFO - [2024-11-09T23:03:11.453+0000] {dagbag.py:538} INFO - Filling up the DagBag from /opt/airflow/dags/dag_run2.py
[2024-11-09T23:03:11.483+0000] {processor.py:753} INFO - DAG(s) dict_keys(['dag_run2']) retrieved from /opt/airflow/dags/dag_run2.py
[2024-11-09T23:03:11.507+0000] {logging_mixin.py:137} INFO - [2024-11-09T23:03:11.506+0000] {dag.py:2690} INFO - Sync 1 DAGs
[2024-11-09T23:03:11.530+0000] {logging_mixin.py:137} INFO - [2024-11-09T23:03:11.530+0000] {dag.py:3441} INFO - Setting next_dagrun for dag_run2 to None, run_after=None
[2024-11-09T23:03:11.546+0000] {processor.py:175} INFO - Processing /opt/airflow/dags/dag_run2.py took 0.101 seconds
[2024-11-09T23:03:42.463+0000] {processor.py:153} INFO - Started process (PID=18128) to work on /opt/airflow/dags/dag_run2.py
[2024-11-09T23:03:42.464+0000] {processor.py:743} INFO - Processing file /opt/airflow/dags/dag_run2.py for tasks to queue
[2024-11-09T23:03:42.466+0000] {logging_mixin.py:137} INFO - [2024-11-09T23:03:42.466+0000] {dagbag.py:538} INFO - Filling up the DagBag from /opt/airflow/dags/dag_run2.py
[2024-11-09T23:03:42.505+0000] {processor.py:753} INFO - DAG(s) dict_keys(['dag_run2']) retrieved from /opt/airflow/dags/dag_run2.py
[2024-11-09T23:03:42.538+0000] {logging_mixin.py:137} INFO - [2024-11-09T23:03:42.538+0000] {dag.py:2690} INFO - Sync 1 DAGs
[2024-11-09T23:03:42.582+0000] {logging_mixin.py:137} INFO - [2024-11-09T23:03:42.582+0000] {dag.py:3441} INFO - Setting next_dagrun for dag_run2 to None, run_after=None
[2024-11-09T23:03:42.603+0000] {processor.py:175} INFO - Processing /opt/airflow/dags/dag_run2.py took 0.147 seconds
[2024-11-09T23:04:13.540+0000] {processor.py:153} INFO - Started process (PID=18187) to work on /opt/airflow/dags/dag_run2.py
[2024-11-09T23:04:13.543+0000] {processor.py:743} INFO - Processing file /opt/airflow/dags/dag_run2.py for tasks to queue
[2024-11-09T23:04:13.544+0000] {logging_mixin.py:137} INFO - [2024-11-09T23:04:13.544+0000] {dagbag.py:538} INFO - Filling up the DagBag from /opt/airflow/dags/dag_run2.py
[2024-11-09T23:04:13.585+0000] {processor.py:753} INFO - DAG(s) dict_keys(['dag_run2']) retrieved from /opt/airflow/dags/dag_run2.py
[2024-11-09T23:04:13.612+0000] {logging_mixin.py:137} INFO - [2024-11-09T23:04:13.612+0000] {dag.py:2690} INFO - Sync 1 DAGs
[2024-11-09T23:04:13.636+0000] {logging_mixin.py:137} INFO - [2024-11-09T23:04:13.636+0000] {dag.py:3441} INFO - Setting next_dagrun for dag_run2 to None, run_after=None
[2024-11-09T23:04:13.653+0000] {processor.py:175} INFO - Processing /opt/airflow/dags/dag_run2.py took 0.117 seconds
[2024-11-09T23:04:44.621+0000] {processor.py:153} INFO - Started process (PID=18230) to work on /opt/airflow/dags/dag_run2.py
[2024-11-09T23:04:44.625+0000] {processor.py:743} INFO - Processing file /opt/airflow/dags/dag_run2.py for tasks to queue
[2024-11-09T23:04:44.626+0000] {logging_mixin.py:137} INFO - [2024-11-09T23:04:44.626+0000] {dagbag.py:538} INFO - Filling up the DagBag from /opt/airflow/dags/dag_run2.py
[2024-11-09T23:04:44.663+0000] {processor.py:753} INFO - DAG(s) dict_keys(['dag_run2']) retrieved from /opt/airflow/dags/dag_run2.py
[2024-11-09T23:04:44.695+0000] {logging_mixin.py:137} INFO - [2024-11-09T23:04:44.694+0000] {dag.py:2690} INFO - Sync 1 DAGs
[2024-11-09T23:04:44.723+0000] {logging_mixin.py:137} INFO - [2024-11-09T23:04:44.723+0000] {dag.py:3441} INFO - Setting next_dagrun for dag_run2 to None, run_after=None
[2024-11-09T23:04:44.738+0000] {processor.py:175} INFO - Processing /opt/airflow/dags/dag_run2.py took 0.123 seconds
[2024-11-09T23:05:15.581+0000] {processor.py:153} INFO - Started process (PID=18289) to work on /opt/airflow/dags/dag_run2.py
[2024-11-09T23:05:15.584+0000] {processor.py:743} INFO - Processing file /opt/airflow/dags/dag_run2.py for tasks to queue
[2024-11-09T23:05:15.585+0000] {logging_mixin.py:137} INFO - [2024-11-09T23:05:15.585+0000] {dagbag.py:538} INFO - Filling up the DagBag from /opt/airflow/dags/dag_run2.py
[2024-11-09T23:05:15.616+0000] {processor.py:753} INFO - DAG(s) dict_keys(['dag_run2']) retrieved from /opt/airflow/dags/dag_run2.py
[2024-11-09T23:05:15.640+0000] {logging_mixin.py:137} INFO - [2024-11-09T23:05:15.640+0000] {dag.py:2690} INFO - Sync 1 DAGs
[2024-11-09T23:05:15.666+0000] {logging_mixin.py:137} INFO - [2024-11-09T23:05:15.666+0000] {dag.py:3441} INFO - Setting next_dagrun for dag_run2 to None, run_after=None
[2024-11-09T23:05:15.684+0000] {processor.py:175} INFO - Processing /opt/airflow/dags/dag_run2.py took 0.109 seconds
[2024-11-09T23:05:45.792+0000] {processor.py:153} INFO - Started process (PID=18332) to work on /opt/airflow/dags/dag_run2.py
[2024-11-09T23:05:45.794+0000] {processor.py:743} INFO - Processing file /opt/airflow/dags/dag_run2.py for tasks to queue
[2024-11-09T23:05:45.795+0000] {logging_mixin.py:137} INFO - [2024-11-09T23:05:45.795+0000] {dagbag.py:538} INFO - Filling up the DagBag from /opt/airflow/dags/dag_run2.py
[2024-11-09T23:05:45.831+0000] {processor.py:753} INFO - DAG(s) dict_keys(['dag_run2']) retrieved from /opt/airflow/dags/dag_run2.py
[2024-11-09T23:05:45.869+0000] {logging_mixin.py:137} INFO - [2024-11-09T23:05:45.869+0000] {dag.py:2690} INFO - Sync 1 DAGs
[2024-11-09T23:05:45.890+0000] {logging_mixin.py:137} INFO - [2024-11-09T23:05:45.890+0000] {dag.py:3441} INFO - Setting next_dagrun for dag_run2 to None, run_after=None
[2024-11-09T23:05:45.906+0000] {processor.py:175} INFO - Processing /opt/airflow/dags/dag_run2.py took 0.121 seconds
[2024-11-09T23:39:28.228+0000] {processor.py:153} INFO - Started process (PID=18359) to work on /opt/airflow/dags/dag_run2.py
[2024-11-09T23:39:28.229+0000] {processor.py:743} INFO - Processing file /opt/airflow/dags/dag_run2.py for tasks to queue
[2024-11-09T23:39:28.231+0000] {logging_mixin.py:137} INFO - [2024-11-09T23:39:28.231+0000] {dagbag.py:538} INFO - Filling up the DagBag from /opt/airflow/dags/dag_run2.py
[2024-11-09T23:39:28.269+0000] {processor.py:753} INFO - DAG(s) dict_keys(['dag_run2']) retrieved from /opt/airflow/dags/dag_run2.py
[2024-11-09T23:39:28.304+0000] {logging_mixin.py:137} INFO - [2024-11-09T23:39:28.304+0000] {dag.py:2690} INFO - Sync 1 DAGs
[2024-11-09T23:39:28.342+0000] {logging_mixin.py:137} INFO - [2024-11-09T23:39:28.341+0000] {dag.py:3441} INFO - Setting next_dagrun for dag_run2 to None, run_after=None
[2024-11-09T23:39:28.364+0000] {processor.py:175} INFO - Processing /opt/airflow/dags/dag_run2.py took 0.143 seconds
[2024-11-09T23:59:41.223+0000] {processor.py:153} INFO - Started process (PID=18401) to work on /opt/airflow/dags/dag_run2.py
[2024-11-09T23:59:41.226+0000] {processor.py:743} INFO - Processing file /opt/airflow/dags/dag_run2.py for tasks to queue
[2024-11-09T23:59:41.227+0000] {logging_mixin.py:137} INFO - [2024-11-09T23:59:41.227+0000] {dagbag.py:538} INFO - Filling up the DagBag from /opt/airflow/dags/dag_run2.py
[2024-11-09T23:59:41.295+0000] {processor.py:753} INFO - DAG(s) dict_keys(['dag_run2']) retrieved from /opt/airflow/dags/dag_run2.py
[2024-11-09T23:59:41.377+0000] {logging_mixin.py:137} INFO - [2024-11-09T23:59:41.377+0000] {dag.py:2690} INFO - Sync 1 DAGs
[2024-11-09T23:59:41.454+0000] {logging_mixin.py:137} INFO - [2024-11-09T23:59:41.454+0000] {dag.py:3441} INFO - Setting next_dagrun for dag_run2 to None, run_after=None
[2024-11-09T23:59:41.952+0000] {processor.py:175} INFO - Processing /opt/airflow/dags/dag_run2.py took 0.749 seconds
