[2024-11-09T22:20:40.194+0000] {processor.py:153} INFO - Started process (PID=14786) to work on /opt/airflow/dags/dag_run1.py
[2024-11-09T22:20:40.197+0000] {processor.py:743} INFO - Processing file /opt/airflow/dags/dag_run1.py for tasks to queue
[2024-11-09T22:20:40.199+0000] {logging_mixin.py:137} INFO - [2024-11-09T22:20:40.199+0000] {dagbag.py:538} INFO - Filling up the DagBag from /opt/airflow/dags/dag_run1.py
[2024-11-09T22:20:40.327+0000] {processor.py:753} INFO - DAG(s) dict_keys(['dag_run2']) retrieved from /opt/airflow/dags/dag_run1.py
[2024-11-09T22:20:40.421+0000] {logging_mixin.py:137} INFO - [2024-11-09T22:20:40.421+0000] {dag.py:2690} INFO - Sync 1 DAGs
[2024-11-09T22:20:40.443+0000] {logging_mixin.py:137} INFO - [2024-11-09T22:20:40.443+0000] {dag.py:3441} INFO - Setting next_dagrun for dag_run2 to None, run_after=None
[2024-11-09T22:20:40.460+0000] {processor.py:175} INFO - Processing /opt/airflow/dags/dag_run1.py took 0.274 seconds
[2024-11-09T22:20:46.346+0000] {processor.py:153} INFO - Started process (PID=14788) to work on /opt/airflow/dags/dag_run1.py
[2024-11-09T22:20:46.349+0000] {processor.py:743} INFO - Processing file /opt/airflow/dags/dag_run1.py for tasks to queue
[2024-11-09T22:20:46.351+0000] {logging_mixin.py:137} INFO - [2024-11-09T22:20:46.351+0000] {dagbag.py:538} INFO - Filling up the DagBag from /opt/airflow/dags/dag_run1.py
[2024-11-09T22:20:46.416+0000] {processor.py:753} INFO - DAG(s) dict_keys(['dag_run1']) retrieved from /opt/airflow/dags/dag_run1.py
[2024-11-09T22:20:46.621+0000] {logging_mixin.py:137} INFO - [2024-11-09T22:20:46.621+0000] {manager.py:504} INFO - Created Permission View: can delete on DAG:dag_run1
[2024-11-09T22:20:46.629+0000] {logging_mixin.py:137} INFO - [2024-11-09T22:20:46.628+0000] {manager.py:504} INFO - Created Permission View: can edit on DAG:dag_run1
[2024-11-09T22:20:46.633+0000] {logging_mixin.py:137} INFO - [2024-11-09T22:20:46.633+0000] {manager.py:504} INFO - Created Permission View: can read on DAG:dag_run1
[2024-11-09T22:20:46.633+0000] {logging_mixin.py:137} INFO - [2024-11-09T22:20:46.633+0000] {dag.py:2690} INFO - Sync 1 DAGs
[2024-11-09T22:20:46.677+0000] {logging_mixin.py:137} INFO - [2024-11-09T22:20:46.677+0000] {dag.py:2711} INFO - Creating ORM DAG for dag_run1
[2024-11-09T22:20:46.699+0000] {logging_mixin.py:137} INFO - [2024-11-09T22:20:46.699+0000] {dag.py:3441} INFO - Setting next_dagrun for dag_run1 to None, run_after=None
[2024-11-09T22:20:47.020+0000] {processor.py:175} INFO - Processing /opt/airflow/dags/dag_run1.py took 0.695 seconds
[2024-11-09T22:20:59.131+0000] {processor.py:153} INFO - Started process (PID=14814) to work on /opt/airflow/dags/dag_run1.py
[2024-11-09T22:20:59.134+0000] {processor.py:743} INFO - Processing file /opt/airflow/dags/dag_run1.py for tasks to queue
[2024-11-09T22:20:59.135+0000] {logging_mixin.py:137} INFO - [2024-11-09T22:20:59.135+0000] {dagbag.py:538} INFO - Filling up the DagBag from /opt/airflow/dags/dag_run1.py
[2024-11-09T22:20:59.142+0000] {logging_mixin.py:137} INFO - [2024-11-09T22:20:59.139+0000] {dagbag.py:343} ERROR - Failed to import: /opt/airflow/dags/dag_run1.py
Traceback (most recent call last):
  File "/home/airflow/.local/lib/python3.7/site-packages/airflow/models/dagbag.py", line 339, in parse
    loader.exec_module(new_module)
  File "<frozen importlib._bootstrap_external>", line 724, in exec_module
  File "<frozen importlib._bootstrap_external>", line 860, in get_code
  File "<frozen importlib._bootstrap_external>", line 791, in source_to_code
  File "<frozen importlib._bootstrap>", line 219, in _call_with_frames_removed
  File "/opt/airflow/dags/dag_run1.py", line 4
    from airflow.operators.dagrun
                                ^
SyntaxError: invalid syntax
[2024-11-09T22:20:59.142+0000] {processor.py:755} WARNING - No viable dags retrieved from /opt/airflow/dags/dag_run1.py
[2024-11-09T22:20:59.183+0000] {processor.py:175} INFO - Processing /opt/airflow/dags/dag_run1.py took 0.058 seconds
[2024-11-09T22:21:01.269+0000] {processor.py:153} INFO - Started process (PID=14815) to work on /opt/airflow/dags/dag_run1.py
[2024-11-09T22:21:01.270+0000] {processor.py:743} INFO - Processing file /opt/airflow/dags/dag_run1.py for tasks to queue
[2024-11-09T22:21:01.271+0000] {logging_mixin.py:137} INFO - [2024-11-09T22:21:01.271+0000] {dagbag.py:538} INFO - Filling up the DagBag from /opt/airflow/dags/dag_run1.py
[2024-11-09T22:21:01.310+0000] {processor.py:753} INFO - DAG(s) dict_keys(['dag_run1']) retrieved from /opt/airflow/dags/dag_run1.py
[2024-11-09T22:21:01.324+0000] {logging_mixin.py:137} INFO - [2024-11-09T22:21:01.324+0000] {dag.py:2690} INFO - Sync 1 DAGs
[2024-11-09T22:21:01.388+0000] {logging_mixin.py:137} INFO - [2024-11-09T22:21:01.388+0000] {dag.py:3441} INFO - Setting next_dagrun for dag_run1 to None, run_after=None
[2024-11-09T22:21:01.411+0000] {processor.py:175} INFO - Processing /opt/airflow/dags/dag_run1.py took 0.148 seconds
[2024-11-09T22:21:17.664+0000] {processor.py:153} INFO - Started process (PID=14842) to work on /opt/airflow/dags/dag_run1.py
[2024-11-09T22:21:17.667+0000] {processor.py:743} INFO - Processing file /opt/airflow/dags/dag_run1.py for tasks to queue
[2024-11-09T22:21:17.669+0000] {logging_mixin.py:137} INFO - [2024-11-09T22:21:17.669+0000] {dagbag.py:538} INFO - Filling up the DagBag from /opt/airflow/dags/dag_run1.py
[2024-11-09T22:21:17.729+0000] {processor.py:753} INFO - DAG(s) dict_keys(['dag_run1']) retrieved from /opt/airflow/dags/dag_run1.py
[2024-11-09T22:21:17.873+0000] {logging_mixin.py:137} INFO - [2024-11-09T22:21:17.873+0000] {dag.py:2690} INFO - Sync 1 DAGs
[2024-11-09T22:21:17.919+0000] {logging_mixin.py:137} INFO - [2024-11-09T22:21:17.919+0000] {dag.py:3441} INFO - Setting next_dagrun for dag_run1 to None, run_after=None
[2024-11-09T22:21:17.948+0000] {processor.py:175} INFO - Processing /opt/airflow/dags/dag_run1.py took 0.293 seconds
[2024-11-09T22:21:48.146+0000] {processor.py:153} INFO - Started process (PID=14892) to work on /opt/airflow/dags/dag_run1.py
[2024-11-09T22:21:48.147+0000] {processor.py:743} INFO - Processing file /opt/airflow/dags/dag_run1.py for tasks to queue
[2024-11-09T22:21:48.149+0000] {logging_mixin.py:137} INFO - [2024-11-09T22:21:48.148+0000] {dagbag.py:538} INFO - Filling up the DagBag from /opt/airflow/dags/dag_run1.py
[2024-11-09T22:21:48.198+0000] {processor.py:753} INFO - DAG(s) dict_keys(['dag_run1']) retrieved from /opt/airflow/dags/dag_run1.py
[2024-11-09T22:21:48.233+0000] {logging_mixin.py:137} INFO - [2024-11-09T22:21:48.233+0000] {dag.py:2690} INFO - Sync 1 DAGs
[2024-11-09T22:21:48.262+0000] {logging_mixin.py:137} INFO - [2024-11-09T22:21:48.262+0000] {dag.py:3441} INFO - Setting next_dagrun for dag_run1 to None, run_after=None
[2024-11-09T22:21:48.279+0000] {processor.py:175} INFO - Processing /opt/airflow/dags/dag_run1.py took 0.139 seconds
[2024-11-09T22:21:55.889+0000] {processor.py:153} INFO - Started process (PID=14902) to work on /opt/airflow/dags/dag_run1.py
[2024-11-09T22:21:55.891+0000] {processor.py:743} INFO - Processing file /opt/airflow/dags/dag_run1.py for tasks to queue
[2024-11-09T22:21:55.893+0000] {logging_mixin.py:137} INFO - [2024-11-09T22:21:55.893+0000] {dagbag.py:538} INFO - Filling up the DagBag from /opt/airflow/dags/dag_run1.py
[2024-11-09T22:21:55.938+0000] {logging_mixin.py:137} INFO - [2024-11-09T22:21:55.934+0000] {dagbag.py:343} ERROR - Failed to import: /opt/airflow/dags/dag_run1.py
Traceback (most recent call last):
  File "/home/airflow/.local/lib/python3.7/site-packages/airflow/models/dagbag.py", line 339, in parse
    loader.exec_module(new_module)
  File "<frozen importlib._bootstrap_external>", line 728, in exec_module
  File "<frozen importlib._bootstrap>", line 219, in _call_with_frames_removed
  File "/opt/airflow/dags/dag_run1.py", line 11, in <module>
    task2 = TriggerDagRunOperator(task_id="tsk2", bash_command="sleep 5", dag=dag)
  File "/home/airflow/.local/lib/python3.7/site-packages/airflow/models/baseoperator.py", line 377, in apply_defaults
    raise AirflowException(f"missing keyword argument {missing_args.pop()!r}")
airflow.exceptions.AirflowException: missing keyword argument 'trigger_dag_id'
[2024-11-09T22:21:55.938+0000] {processor.py:755} WARNING - No viable dags retrieved from /opt/airflow/dags/dag_run1.py
[2024-11-09T22:21:55.968+0000] {processor.py:175} INFO - Processing /opt/airflow/dags/dag_run1.py took 0.085 seconds
[2024-11-09T22:22:05.061+0000] {processor.py:153} INFO - Started process (PID=14919) to work on /opt/airflow/dags/dag_run1.py
[2024-11-09T22:22:05.065+0000] {processor.py:743} INFO - Processing file /opt/airflow/dags/dag_run1.py for tasks to queue
[2024-11-09T22:22:05.077+0000] {logging_mixin.py:137} INFO - [2024-11-09T22:22:05.077+0000] {dagbag.py:538} INFO - Filling up the DagBag from /opt/airflow/dags/dag_run1.py
[2024-11-09T22:22:05.085+0000] {logging_mixin.py:137} INFO - [2024-11-09T22:22:05.082+0000] {dagbag.py:343} ERROR - Failed to import: /opt/airflow/dags/dag_run1.py
Traceback (most recent call last):
  File "/home/airflow/.local/lib/python3.7/site-packages/airflow/models/dagbag.py", line 339, in parse
    loader.exec_module(new_module)
  File "<frozen importlib._bootstrap_external>", line 724, in exec_module
  File "<frozen importlib._bootstrap_external>", line 860, in get_code
  File "<frozen importlib._bootstrap_external>", line 791, in source_to_code
  File "<frozen importlib._bootstrap>", line 219, in _call_with_frames_removed
  File "/opt/airflow/dags/dag_run1.py", line 11
    task2 = TriggerDagRunOperator(task_id="tsk2", trigger, dag=dag)
                                                 ^
SyntaxError: positional argument follows keyword argument
[2024-11-09T22:22:05.092+0000] {processor.py:755} WARNING - No viable dags retrieved from /opt/airflow/dags/dag_run1.py
[2024-11-09T22:22:05.121+0000] {processor.py:175} INFO - Processing /opt/airflow/dags/dag_run1.py took 0.073 seconds
[2024-11-09T22:22:09.172+0000] {processor.py:153} INFO - Started process (PID=14920) to work on /opt/airflow/dags/dag_run1.py
[2024-11-09T22:22:09.174+0000] {processor.py:743} INFO - Processing file /opt/airflow/dags/dag_run1.py for tasks to queue
[2024-11-09T22:22:09.176+0000] {logging_mixin.py:137} INFO - [2024-11-09T22:22:09.176+0000] {dagbag.py:538} INFO - Filling up the DagBag from /opt/airflow/dags/dag_run1.py
[2024-11-09T22:22:09.186+0000] {logging_mixin.py:137} INFO - [2024-11-09T22:22:09.184+0000] {dagbag.py:343} ERROR - Failed to import: /opt/airflow/dags/dag_run1.py
Traceback (most recent call last):
  File "/home/airflow/.local/lib/python3.7/site-packages/airflow/models/dagbag.py", line 339, in parse
    loader.exec_module(new_module)
  File "<frozen importlib._bootstrap_external>", line 724, in exec_module
  File "<frozen importlib._bootstrap_external>", line 860, in get_code
  File "<frozen importlib._bootstrap_external>", line 791, in source_to_code
  File "<frozen importlib._bootstrap>", line 219, in _call_with_frames_removed
  File "/opt/airflow/dags/dag_run1.py", line 11
    task2 = TriggerDagRunOperator(task_id="tsk2", trigger_dag_iud, dag=dag)
                                                 ^
SyntaxError: positional argument follows keyword argument
[2024-11-09T22:22:09.186+0000] {processor.py:755} WARNING - No viable dags retrieved from /opt/airflow/dags/dag_run1.py
[2024-11-09T22:22:09.214+0000] {processor.py:175} INFO - Processing /opt/airflow/dags/dag_run1.py took 0.051 seconds
[2024-11-09T22:22:11.308+0000] {processor.py:153} INFO - Started process (PID=14930) to work on /opt/airflow/dags/dag_run1.py
[2024-11-09T22:22:11.315+0000] {processor.py:743} INFO - Processing file /opt/airflow/dags/dag_run1.py for tasks to queue
[2024-11-09T22:22:11.319+0000] {logging_mixin.py:137} INFO - [2024-11-09T22:22:11.319+0000] {dagbag.py:538} INFO - Filling up the DagBag from /opt/airflow/dags/dag_run1.py
[2024-11-09T22:22:11.338+0000] {logging_mixin.py:137} INFO - [2024-11-09T22:22:11.333+0000] {dagbag.py:343} ERROR - Failed to import: /opt/airflow/dags/dag_run1.py
Traceback (most recent call last):
  File "/home/airflow/.local/lib/python3.7/site-packages/airflow/models/dagbag.py", line 339, in parse
    loader.exec_module(new_module)
  File "<frozen importlib._bootstrap_external>", line 724, in exec_module
  File "<frozen importlib._bootstrap_external>", line 860, in get_code
  File "<frozen importlib._bootstrap_external>", line 791, in source_to_code
  File "<frozen importlib._bootstrap>", line 219, in _call_with_frames_removed
  File "/opt/airflow/dags/dag_run1.py", line 11
    task2 = TriggerDagRunOperator(task_id="tsk2", trigger_dag_id=, dag=dag)
                                                                 ^
SyntaxError: invalid syntax
[2024-11-09T22:22:11.339+0000] {processor.py:755} WARNING - No viable dags retrieved from /opt/airflow/dags/dag_run1.py
[2024-11-09T22:22:11.386+0000] {processor.py:175} INFO - Processing /opt/airflow/dags/dag_run1.py took 0.111 seconds
[2024-11-09T22:22:24.229+0000] {processor.py:153} INFO - Started process (PID=14947) to work on /opt/airflow/dags/dag_run1.py
[2024-11-09T22:22:24.231+0000] {processor.py:743} INFO - Processing file /opt/airflow/dags/dag_run1.py for tasks to queue
[2024-11-09T22:22:24.232+0000] {logging_mixin.py:137} INFO - [2024-11-09T22:22:24.232+0000] {dagbag.py:538} INFO - Filling up the DagBag from /opt/airflow/dags/dag_run1.py
[2024-11-09T22:22:24.261+0000] {logging_mixin.py:137} INFO - [2024-11-09T22:22:24.257+0000] {dagbag.py:343} ERROR - Failed to import: /opt/airflow/dags/dag_run1.py
Traceback (most recent call last):
  File "/home/airflow/.local/lib/python3.7/site-packages/airflow/models/dagbag.py", line 339, in parse
    loader.exec_module(new_module)
  File "<frozen importlib._bootstrap_external>", line 728, in exec_module
  File "<frozen importlib._bootstrap>", line 219, in _call_with_frames_removed
  File "/opt/airflow/dags/dag_run1.py", line 11, in <module>
    task2 = TriggerDagRunOperator(task_id="tsk2", trigger_dag_id=dag_run2, dag=dag)
NameError: name 'dag_run2' is not defined
[2024-11-09T22:22:24.261+0000] {processor.py:755} WARNING - No viable dags retrieved from /opt/airflow/dags/dag_run1.py
[2024-11-09T22:22:24.300+0000] {processor.py:175} INFO - Processing /opt/airflow/dags/dag_run1.py took 0.079 seconds
[2024-11-09T22:22:26.376+0000] {processor.py:153} INFO - Started process (PID=14964) to work on /opt/airflow/dags/dag_run1.py
[2024-11-09T22:22:26.378+0000] {processor.py:743} INFO - Processing file /opt/airflow/dags/dag_run1.py for tasks to queue
[2024-11-09T22:22:26.379+0000] {logging_mixin.py:137} INFO - [2024-11-09T22:22:26.379+0000] {dagbag.py:538} INFO - Filling up the DagBag from /opt/airflow/dags/dag_run1.py
[2024-11-09T22:22:26.389+0000] {logging_mixin.py:137} INFO - [2024-11-09T22:22:26.386+0000] {dagbag.py:343} ERROR - Failed to import: /opt/airflow/dags/dag_run1.py
Traceback (most recent call last):
  File "/home/airflow/.local/lib/python3.7/site-packages/airflow/models/dagbag.py", line 339, in parse
    loader.exec_module(new_module)
  File "<frozen importlib._bootstrap_external>", line 724, in exec_module
  File "<frozen importlib._bootstrap_external>", line 860, in get_code
  File "<frozen importlib._bootstrap_external>", line 791, in source_to_code
  File "<frozen importlib._bootstrap>", line 219, in _call_with_frames_removed
  File "/opt/airflow/dags/dag_run1.py", line 11
    task2 = TriggerDagRunOperator(task_id="tsk2", trigger_dag_id=dag_run2", dag=dag)
                                                                                   ^
SyntaxError: EOL while scanning string literal
[2024-11-09T22:22:26.390+0000] {processor.py:755} WARNING - No viable dags retrieved from /opt/airflow/dags/dag_run1.py
[2024-11-09T22:22:26.460+0000] {processor.py:175} INFO - Processing /opt/airflow/dags/dag_run1.py took 0.098 seconds
[2024-11-09T22:22:29.542+0000] {processor.py:153} INFO - Started process (PID=14965) to work on /opt/airflow/dags/dag_run1.py
[2024-11-09T22:22:29.544+0000] {processor.py:743} INFO - Processing file /opt/airflow/dags/dag_run1.py for tasks to queue
[2024-11-09T22:22:29.545+0000] {logging_mixin.py:137} INFO - [2024-11-09T22:22:29.545+0000] {dagbag.py:538} INFO - Filling up the DagBag from /opt/airflow/dags/dag_run1.py
[2024-11-09T22:22:29.599+0000] {processor.py:753} INFO - DAG(s) dict_keys(['dag_run1']) retrieved from /opt/airflow/dags/dag_run1.py
[2024-11-09T22:22:29.682+0000] {logging_mixin.py:137} INFO - [2024-11-09T22:22:29.681+0000] {dag.py:2690} INFO - Sync 1 DAGs
[2024-11-09T22:22:29.707+0000] {logging_mixin.py:137} INFO - [2024-11-09T22:22:29.707+0000] {dag.py:3441} INFO - Setting next_dagrun for dag_run1 to None, run_after=None
[2024-11-09T22:22:29.728+0000] {processor.py:175} INFO - Processing /opt/airflow/dags/dag_run1.py took 0.194 seconds
[2024-11-09T22:23:00.420+0000] {processor.py:153} INFO - Started process (PID=15008) to work on /opt/airflow/dags/dag_run1.py
[2024-11-09T22:23:00.423+0000] {processor.py:743} INFO - Processing file /opt/airflow/dags/dag_run1.py for tasks to queue
[2024-11-09T22:23:00.424+0000] {logging_mixin.py:137} INFO - [2024-11-09T22:23:00.424+0000] {dagbag.py:538} INFO - Filling up the DagBag from /opt/airflow/dags/dag_run1.py
[2024-11-09T22:23:00.478+0000] {processor.py:753} INFO - DAG(s) dict_keys(['dag_run1']) retrieved from /opt/airflow/dags/dag_run1.py
[2024-11-09T22:23:00.520+0000] {logging_mixin.py:137} INFO - [2024-11-09T22:23:00.520+0000] {dag.py:2690} INFO - Sync 1 DAGs
[2024-11-09T22:23:00.567+0000] {logging_mixin.py:137} INFO - [2024-11-09T22:23:00.566+0000] {dag.py:3441} INFO - Setting next_dagrun for dag_run1 to None, run_after=None
[2024-11-09T22:23:00.599+0000] {processor.py:175} INFO - Processing /opt/airflow/dags/dag_run1.py took 0.186 seconds
[2024-11-09T22:23:31.159+0000] {processor.py:153} INFO - Started process (PID=15051) to work on /opt/airflow/dags/dag_run1.py
[2024-11-09T22:23:31.161+0000] {processor.py:743} INFO - Processing file /opt/airflow/dags/dag_run1.py for tasks to queue
[2024-11-09T22:23:31.162+0000] {logging_mixin.py:137} INFO - [2024-11-09T22:23:31.162+0000] {dagbag.py:538} INFO - Filling up the DagBag from /opt/airflow/dags/dag_run1.py
[2024-11-09T22:23:31.209+0000] {processor.py:753} INFO - DAG(s) dict_keys(['dag_run1']) retrieved from /opt/airflow/dags/dag_run1.py
[2024-11-09T22:23:31.251+0000] {logging_mixin.py:137} INFO - [2024-11-09T22:23:31.251+0000] {dag.py:2690} INFO - Sync 1 DAGs
[2024-11-09T22:23:31.304+0000] {logging_mixin.py:137} INFO - [2024-11-09T22:23:31.304+0000] {dag.py:3441} INFO - Setting next_dagrun for dag_run1 to None, run_after=None
[2024-11-09T22:23:31.324+0000] {processor.py:175} INFO - Processing /opt/airflow/dags/dag_run1.py took 0.174 seconds
[2024-11-09T22:24:02.150+0000] {processor.py:153} INFO - Started process (PID=15110) to work on /opt/airflow/dags/dag_run1.py
[2024-11-09T22:24:02.153+0000] {processor.py:743} INFO - Processing file /opt/airflow/dags/dag_run1.py for tasks to queue
[2024-11-09T22:24:02.155+0000] {logging_mixin.py:137} INFO - [2024-11-09T22:24:02.155+0000] {dagbag.py:538} INFO - Filling up the DagBag from /opt/airflow/dags/dag_run1.py
[2024-11-09T22:24:02.218+0000] {processor.py:753} INFO - DAG(s) dict_keys(['dag_run1']) retrieved from /opt/airflow/dags/dag_run1.py
[2024-11-09T22:24:02.290+0000] {logging_mixin.py:137} INFO - [2024-11-09T22:24:02.290+0000] {dag.py:2690} INFO - Sync 1 DAGs
[2024-11-09T22:24:02.335+0000] {logging_mixin.py:137} INFO - [2024-11-09T22:24:02.334+0000] {dag.py:3441} INFO - Setting next_dagrun for dag_run1 to None, run_after=None
[2024-11-09T22:24:02.358+0000] {processor.py:175} INFO - Processing /opt/airflow/dags/dag_run1.py took 0.239 seconds
[2024-11-09T22:24:32.642+0000] {processor.py:153} INFO - Started process (PID=15152) to work on /opt/airflow/dags/dag_run1.py
[2024-11-09T22:24:32.645+0000] {processor.py:743} INFO - Processing file /opt/airflow/dags/dag_run1.py for tasks to queue
[2024-11-09T22:24:32.647+0000] {logging_mixin.py:137} INFO - [2024-11-09T22:24:32.647+0000] {dagbag.py:538} INFO - Filling up the DagBag from /opt/airflow/dags/dag_run1.py
[2024-11-09T22:24:32.680+0000] {processor.py:753} INFO - DAG(s) dict_keys(['dag_run1']) retrieved from /opt/airflow/dags/dag_run1.py
[2024-11-09T22:24:32.719+0000] {logging_mixin.py:137} INFO - [2024-11-09T22:24:32.719+0000] {dag.py:2690} INFO - Sync 1 DAGs
[2024-11-09T22:24:32.809+0000] {logging_mixin.py:137} INFO - [2024-11-09T22:24:32.808+0000] {dag.py:3441} INFO - Setting next_dagrun for dag_run1 to None, run_after=None
[2024-11-09T22:24:32.894+0000] {processor.py:175} INFO - Processing /opt/airflow/dags/dag_run1.py took 0.260 seconds
[2024-11-09T22:25:03.831+0000] {processor.py:153} INFO - Started process (PID=15195) to work on /opt/airflow/dags/dag_run1.py
[2024-11-09T22:25:03.834+0000] {processor.py:743} INFO - Processing file /opt/airflow/dags/dag_run1.py for tasks to queue
[2024-11-09T22:25:03.835+0000] {logging_mixin.py:137} INFO - [2024-11-09T22:25:03.835+0000] {dagbag.py:538} INFO - Filling up the DagBag from /opt/airflow/dags/dag_run1.py
[2024-11-09T22:25:03.880+0000] {processor.py:753} INFO - DAG(s) dict_keys(['dag_run1']) retrieved from /opt/airflow/dags/dag_run1.py
[2024-11-09T22:25:03.927+0000] {logging_mixin.py:137} INFO - [2024-11-09T22:25:03.927+0000] {dag.py:2690} INFO - Sync 1 DAGs
[2024-11-09T22:25:03.965+0000] {logging_mixin.py:137} INFO - [2024-11-09T22:25:03.965+0000] {dag.py:3441} INFO - Setting next_dagrun for dag_run1 to None, run_after=None
[2024-11-09T22:25:03.982+0000] {processor.py:175} INFO - Processing /opt/airflow/dags/dag_run1.py took 0.159 seconds
[2024-11-09T22:25:34.206+0000] {processor.py:153} INFO - Started process (PID=15254) to work on /opt/airflow/dags/dag_run1.py
[2024-11-09T22:25:34.208+0000] {processor.py:743} INFO - Processing file /opt/airflow/dags/dag_run1.py for tasks to queue
[2024-11-09T22:25:34.210+0000] {logging_mixin.py:137} INFO - [2024-11-09T22:25:34.209+0000] {dagbag.py:538} INFO - Filling up the DagBag from /opt/airflow/dags/dag_run1.py
[2024-11-09T22:25:34.256+0000] {processor.py:753} INFO - DAG(s) dict_keys(['dag_run1']) retrieved from /opt/airflow/dags/dag_run1.py
[2024-11-09T22:25:34.286+0000] {logging_mixin.py:137} INFO - [2024-11-09T22:25:34.286+0000] {dag.py:2690} INFO - Sync 1 DAGs
[2024-11-09T22:25:34.312+0000] {logging_mixin.py:137} INFO - [2024-11-09T22:25:34.311+0000] {dag.py:3441} INFO - Setting next_dagrun for dag_run1 to None, run_after=None
[2024-11-09T22:25:34.327+0000] {processor.py:175} INFO - Processing /opt/airflow/dags/dag_run1.py took 0.132 seconds
[2024-11-09T22:26:04.683+0000] {processor.py:153} INFO - Started process (PID=15297) to work on /opt/airflow/dags/dag_run1.py
[2024-11-09T22:26:04.685+0000] {processor.py:743} INFO - Processing file /opt/airflow/dags/dag_run1.py for tasks to queue
[2024-11-09T22:26:04.686+0000] {logging_mixin.py:137} INFO - [2024-11-09T22:26:04.686+0000] {dagbag.py:538} INFO - Filling up the DagBag from /opt/airflow/dags/dag_run1.py
[2024-11-09T22:26:04.710+0000] {processor.py:753} INFO - DAG(s) dict_keys(['dag_run1']) retrieved from /opt/airflow/dags/dag_run1.py
[2024-11-09T22:26:04.737+0000] {logging_mixin.py:137} INFO - [2024-11-09T22:26:04.736+0000] {dag.py:2690} INFO - Sync 1 DAGs
[2024-11-09T22:26:04.778+0000] {logging_mixin.py:137} INFO - [2024-11-09T22:26:04.778+0000] {dag.py:3441} INFO - Setting next_dagrun for dag_run1 to None, run_after=None
[2024-11-09T22:26:04.792+0000] {processor.py:175} INFO - Processing /opt/airflow/dags/dag_run1.py took 0.113 seconds
[2024-11-09T22:26:35.573+0000] {processor.py:153} INFO - Started process (PID=15356) to work on /opt/airflow/dags/dag_run1.py
[2024-11-09T22:26:35.576+0000] {processor.py:743} INFO - Processing file /opt/airflow/dags/dag_run1.py for tasks to queue
[2024-11-09T22:26:35.576+0000] {logging_mixin.py:137} INFO - [2024-11-09T22:26:35.576+0000] {dagbag.py:538} INFO - Filling up the DagBag from /opt/airflow/dags/dag_run1.py
[2024-11-09T22:26:35.597+0000] {processor.py:753} INFO - DAG(s) dict_keys(['dag_run1']) retrieved from /opt/airflow/dags/dag_run1.py
[2024-11-09T22:26:35.622+0000] {logging_mixin.py:137} INFO - [2024-11-09T22:26:35.621+0000] {dag.py:2690} INFO - Sync 1 DAGs
[2024-11-09T22:26:35.644+0000] {logging_mixin.py:137} INFO - [2024-11-09T22:26:35.644+0000] {dag.py:3441} INFO - Setting next_dagrun for dag_run1 to None, run_after=None
[2024-11-09T22:26:35.659+0000] {processor.py:175} INFO - Processing /opt/airflow/dags/dag_run1.py took 0.090 seconds
[2024-11-09T22:27:05.956+0000] {processor.py:153} INFO - Started process (PID=15399) to work on /opt/airflow/dags/dag_run1.py
[2024-11-09T22:27:05.957+0000] {processor.py:743} INFO - Processing file /opt/airflow/dags/dag_run1.py for tasks to queue
[2024-11-09T22:27:05.958+0000] {logging_mixin.py:137} INFO - [2024-11-09T22:27:05.958+0000] {dagbag.py:538} INFO - Filling up the DagBag from /opt/airflow/dags/dag_run1.py
[2024-11-09T22:27:05.982+0000] {processor.py:753} INFO - DAG(s) dict_keys(['dag_run1']) retrieved from /opt/airflow/dags/dag_run1.py
[2024-11-09T22:27:06.010+0000] {logging_mixin.py:137} INFO - [2024-11-09T22:27:06.010+0000] {dag.py:2690} INFO - Sync 1 DAGs
[2024-11-09T22:27:06.058+0000] {logging_mixin.py:137} INFO - [2024-11-09T22:27:06.058+0000] {dag.py:3441} INFO - Setting next_dagrun for dag_run1 to None, run_after=None
[2024-11-09T22:27:06.073+0000] {processor.py:175} INFO - Processing /opt/airflow/dags/dag_run1.py took 0.121 seconds
[2024-11-09T22:27:36.964+0000] {processor.py:153} INFO - Started process (PID=15458) to work on /opt/airflow/dags/dag_run1.py
[2024-11-09T22:27:36.966+0000] {processor.py:743} INFO - Processing file /opt/airflow/dags/dag_run1.py for tasks to queue
[2024-11-09T22:27:36.967+0000] {logging_mixin.py:137} INFO - [2024-11-09T22:27:36.967+0000] {dagbag.py:538} INFO - Filling up the DagBag from /opt/airflow/dags/dag_run1.py
[2024-11-09T22:27:36.996+0000] {processor.py:753} INFO - DAG(s) dict_keys(['dag_run1']) retrieved from /opt/airflow/dags/dag_run1.py
[2024-11-09T22:27:37.025+0000] {logging_mixin.py:137} INFO - [2024-11-09T22:27:37.025+0000] {dag.py:2690} INFO - Sync 1 DAGs
[2024-11-09T22:27:37.054+0000] {logging_mixin.py:137} INFO - [2024-11-09T22:27:37.054+0000] {dag.py:3441} INFO - Setting next_dagrun for dag_run1 to None, run_after=None
[2024-11-09T22:27:37.075+0000] {processor.py:175} INFO - Processing /opt/airflow/dags/dag_run1.py took 0.116 seconds
[2024-11-09T22:28:07.163+0000] {processor.py:153} INFO - Started process (PID=15501) to work on /opt/airflow/dags/dag_run1.py
[2024-11-09T22:28:07.164+0000] {processor.py:743} INFO - Processing file /opt/airflow/dags/dag_run1.py for tasks to queue
[2024-11-09T22:28:07.165+0000] {logging_mixin.py:137} INFO - [2024-11-09T22:28:07.164+0000] {dagbag.py:538} INFO - Filling up the DagBag from /opt/airflow/dags/dag_run1.py
[2024-11-09T22:28:07.181+0000] {processor.py:753} INFO - DAG(s) dict_keys(['dag_run1']) retrieved from /opt/airflow/dags/dag_run1.py
[2024-11-09T22:28:07.204+0000] {logging_mixin.py:137} INFO - [2024-11-09T22:28:07.204+0000] {dag.py:2690} INFO - Sync 1 DAGs
[2024-11-09T22:28:07.224+0000] {logging_mixin.py:137} INFO - [2024-11-09T22:28:07.224+0000] {dag.py:3441} INFO - Setting next_dagrun for dag_run1 to None, run_after=None
[2024-11-09T22:28:07.238+0000] {processor.py:175} INFO - Processing /opt/airflow/dags/dag_run1.py took 0.079 seconds
[2024-11-09T22:28:38.008+0000] {processor.py:153} INFO - Started process (PID=15560) to work on /opt/airflow/dags/dag_run1.py
[2024-11-09T22:28:38.010+0000] {processor.py:743} INFO - Processing file /opt/airflow/dags/dag_run1.py for tasks to queue
[2024-11-09T22:28:38.011+0000] {logging_mixin.py:137} INFO - [2024-11-09T22:28:38.011+0000] {dagbag.py:538} INFO - Filling up the DagBag from /opt/airflow/dags/dag_run1.py
[2024-11-09T22:28:38.036+0000] {processor.py:753} INFO - DAG(s) dict_keys(['dag_run1']) retrieved from /opt/airflow/dags/dag_run1.py
[2024-11-09T22:28:38.066+0000] {logging_mixin.py:137} INFO - [2024-11-09T22:28:38.065+0000] {dag.py:2690} INFO - Sync 1 DAGs
[2024-11-09T22:28:38.092+0000] {logging_mixin.py:137} INFO - [2024-11-09T22:28:38.092+0000] {dag.py:3441} INFO - Setting next_dagrun for dag_run1 to None, run_after=None
[2024-11-09T22:28:38.117+0000] {processor.py:175} INFO - Processing /opt/airflow/dags/dag_run1.py took 0.116 seconds
[2024-11-09T22:29:09.109+0000] {processor.py:153} INFO - Started process (PID=15603) to work on /opt/airflow/dags/dag_run1.py
[2024-11-09T22:29:09.110+0000] {processor.py:743} INFO - Processing file /opt/airflow/dags/dag_run1.py for tasks to queue
[2024-11-09T22:29:09.111+0000] {logging_mixin.py:137} INFO - [2024-11-09T22:29:09.111+0000] {dagbag.py:538} INFO - Filling up the DagBag from /opt/airflow/dags/dag_run1.py
[2024-11-09T22:29:09.135+0000] {processor.py:753} INFO - DAG(s) dict_keys(['dag_run1']) retrieved from /opt/airflow/dags/dag_run1.py
[2024-11-09T22:29:09.167+0000] {logging_mixin.py:137} INFO - [2024-11-09T22:29:09.166+0000] {dag.py:2690} INFO - Sync 1 DAGs
[2024-11-09T22:29:09.206+0000] {logging_mixin.py:137} INFO - [2024-11-09T22:29:09.206+0000] {dag.py:3441} INFO - Setting next_dagrun for dag_run1 to None, run_after=None
[2024-11-09T22:29:09.222+0000] {processor.py:175} INFO - Processing /opt/airflow/dags/dag_run1.py took 0.118 seconds
[2024-11-09T22:29:40.093+0000] {processor.py:153} INFO - Started process (PID=15662) to work on /opt/airflow/dags/dag_run1.py
[2024-11-09T22:29:40.095+0000] {processor.py:743} INFO - Processing file /opt/airflow/dags/dag_run1.py for tasks to queue
[2024-11-09T22:29:40.096+0000] {logging_mixin.py:137} INFO - [2024-11-09T22:29:40.096+0000] {dagbag.py:538} INFO - Filling up the DagBag from /opt/airflow/dags/dag_run1.py
[2024-11-09T22:29:40.118+0000] {processor.py:753} INFO - DAG(s) dict_keys(['dag_run1']) retrieved from /opt/airflow/dags/dag_run1.py
[2024-11-09T22:29:40.153+0000] {logging_mixin.py:137} INFO - [2024-11-09T22:29:40.153+0000] {dag.py:2690} INFO - Sync 1 DAGs
[2024-11-09T22:29:40.191+0000] {logging_mixin.py:137} INFO - [2024-11-09T22:29:40.190+0000] {dag.py:3441} INFO - Setting next_dagrun for dag_run1 to None, run_after=None
[2024-11-09T22:29:40.216+0000] {processor.py:175} INFO - Processing /opt/airflow/dags/dag_run1.py took 0.127 seconds
[2024-11-09T22:30:11.061+0000] {processor.py:153} INFO - Started process (PID=15705) to work on /opt/airflow/dags/dag_run1.py
[2024-11-09T22:30:11.063+0000] {processor.py:743} INFO - Processing file /opt/airflow/dags/dag_run1.py for tasks to queue
[2024-11-09T22:30:11.064+0000] {logging_mixin.py:137} INFO - [2024-11-09T22:30:11.063+0000] {dagbag.py:538} INFO - Filling up the DagBag from /opt/airflow/dags/dag_run1.py
[2024-11-09T22:30:11.090+0000] {processor.py:753} INFO - DAG(s) dict_keys(['dag_run1']) retrieved from /opt/airflow/dags/dag_run1.py
[2024-11-09T22:30:11.133+0000] {logging_mixin.py:137} INFO - [2024-11-09T22:30:11.133+0000] {dag.py:2690} INFO - Sync 1 DAGs
[2024-11-09T22:30:11.160+0000] {logging_mixin.py:137} INFO - [2024-11-09T22:30:11.160+0000] {dag.py:3441} INFO - Setting next_dagrun for dag_run1 to None, run_after=None
[2024-11-09T22:30:11.177+0000] {processor.py:175} INFO - Processing /opt/airflow/dags/dag_run1.py took 0.121 seconds
[2024-11-09T22:30:41.861+0000] {processor.py:153} INFO - Started process (PID=15764) to work on /opt/airflow/dags/dag_run1.py
[2024-11-09T22:30:41.863+0000] {processor.py:743} INFO - Processing file /opt/airflow/dags/dag_run1.py for tasks to queue
[2024-11-09T22:30:41.864+0000] {logging_mixin.py:137} INFO - [2024-11-09T22:30:41.864+0000] {dagbag.py:538} INFO - Filling up the DagBag from /opt/airflow/dags/dag_run1.py
[2024-11-09T22:30:41.888+0000] {processor.py:753} INFO - DAG(s) dict_keys(['dag_run1']) retrieved from /opt/airflow/dags/dag_run1.py
[2024-11-09T22:30:41.914+0000] {logging_mixin.py:137} INFO - [2024-11-09T22:30:41.913+0000] {dag.py:2690} INFO - Sync 1 DAGs
[2024-11-09T22:30:41.936+0000] {logging_mixin.py:137} INFO - [2024-11-09T22:30:41.936+0000] {dag.py:3441} INFO - Setting next_dagrun for dag_run1 to None, run_after=None
[2024-11-09T22:30:41.951+0000] {processor.py:175} INFO - Processing /opt/airflow/dags/dag_run1.py took 0.095 seconds
[2024-11-09T22:31:12.284+0000] {processor.py:153} INFO - Started process (PID=15806) to work on /opt/airflow/dags/dag_run1.py
[2024-11-09T22:31:12.285+0000] {processor.py:743} INFO - Processing file /opt/airflow/dags/dag_run1.py for tasks to queue
[2024-11-09T22:31:12.287+0000] {logging_mixin.py:137} INFO - [2024-11-09T22:31:12.286+0000] {dagbag.py:538} INFO - Filling up the DagBag from /opt/airflow/dags/dag_run1.py
[2024-11-09T22:31:12.311+0000] {processor.py:753} INFO - DAG(s) dict_keys(['dag_run1']) retrieved from /opt/airflow/dags/dag_run1.py
[2024-11-09T22:31:12.346+0000] {logging_mixin.py:137} INFO - [2024-11-09T22:31:12.345+0000] {dag.py:2690} INFO - Sync 1 DAGs
[2024-11-09T22:31:12.370+0000] {logging_mixin.py:137} INFO - [2024-11-09T22:31:12.370+0000] {dag.py:3441} INFO - Setting next_dagrun for dag_run1 to None, run_after=None
[2024-11-09T22:31:12.383+0000] {processor.py:175} INFO - Processing /opt/airflow/dags/dag_run1.py took 0.104 seconds
[2024-11-09T22:31:43.325+0000] {processor.py:153} INFO - Started process (PID=15865) to work on /opt/airflow/dags/dag_run1.py
[2024-11-09T22:31:43.327+0000] {processor.py:743} INFO - Processing file /opt/airflow/dags/dag_run1.py for tasks to queue
[2024-11-09T22:31:43.329+0000] {logging_mixin.py:137} INFO - [2024-11-09T22:31:43.328+0000] {dagbag.py:538} INFO - Filling up the DagBag from /opt/airflow/dags/dag_run1.py
[2024-11-09T22:31:43.354+0000] {processor.py:753} INFO - DAG(s) dict_keys(['dag_run1']) retrieved from /opt/airflow/dags/dag_run1.py
[2024-11-09T22:31:43.380+0000] {logging_mixin.py:137} INFO - [2024-11-09T22:31:43.380+0000] {dag.py:2690} INFO - Sync 1 DAGs
[2024-11-09T22:31:43.404+0000] {logging_mixin.py:137} INFO - [2024-11-09T22:31:43.404+0000] {dag.py:3441} INFO - Setting next_dagrun for dag_run1 to None, run_after=None
[2024-11-09T22:31:43.417+0000] {processor.py:175} INFO - Processing /opt/airflow/dags/dag_run1.py took 0.097 seconds
[2024-11-09T22:32:14.203+0000] {processor.py:153} INFO - Started process (PID=15924) to work on /opt/airflow/dags/dag_run1.py
[2024-11-09T22:32:14.204+0000] {processor.py:743} INFO - Processing file /opt/airflow/dags/dag_run1.py for tasks to queue
[2024-11-09T22:32:14.204+0000] {logging_mixin.py:137} INFO - [2024-11-09T22:32:14.204+0000] {dagbag.py:538} INFO - Filling up the DagBag from /opt/airflow/dags/dag_run1.py
[2024-11-09T22:32:14.223+0000] {processor.py:753} INFO - DAG(s) dict_keys(['dag_run1']) retrieved from /opt/airflow/dags/dag_run1.py
[2024-11-09T22:32:14.252+0000] {logging_mixin.py:137} INFO - [2024-11-09T22:32:14.252+0000] {dag.py:2690} INFO - Sync 1 DAGs
[2024-11-09T22:32:14.280+0000] {logging_mixin.py:137} INFO - [2024-11-09T22:32:14.280+0000] {dag.py:3441} INFO - Setting next_dagrun for dag_run1 to None, run_after=None
[2024-11-09T22:32:14.295+0000] {processor.py:175} INFO - Processing /opt/airflow/dags/dag_run1.py took 0.101 seconds
[2024-11-09T22:32:45.148+0000] {processor.py:153} INFO - Started process (PID=15967) to work on /opt/airflow/dags/dag_run1.py
[2024-11-09T22:32:45.149+0000] {processor.py:743} INFO - Processing file /opt/airflow/dags/dag_run1.py for tasks to queue
[2024-11-09T22:32:45.150+0000] {logging_mixin.py:137} INFO - [2024-11-09T22:32:45.150+0000] {dagbag.py:538} INFO - Filling up the DagBag from /opt/airflow/dags/dag_run1.py
[2024-11-09T22:32:45.173+0000] {processor.py:753} INFO - DAG(s) dict_keys(['dag_run1']) retrieved from /opt/airflow/dags/dag_run1.py
[2024-11-09T22:32:45.197+0000] {logging_mixin.py:137} INFO - [2024-11-09T22:32:45.197+0000] {dag.py:2690} INFO - Sync 1 DAGs
[2024-11-09T22:32:45.220+0000] {logging_mixin.py:137} INFO - [2024-11-09T22:32:45.220+0000] {dag.py:3441} INFO - Setting next_dagrun for dag_run1 to None, run_after=None
[2024-11-09T22:32:45.233+0000] {processor.py:175} INFO - Processing /opt/airflow/dags/dag_run1.py took 0.090 seconds
[2024-11-09T22:33:15.940+0000] {processor.py:153} INFO - Started process (PID=16026) to work on /opt/airflow/dags/dag_run1.py
[2024-11-09T22:33:15.941+0000] {processor.py:743} INFO - Processing file /opt/airflow/dags/dag_run1.py for tasks to queue
[2024-11-09T22:33:15.942+0000] {logging_mixin.py:137} INFO - [2024-11-09T22:33:15.942+0000] {dagbag.py:538} INFO - Filling up the DagBag from /opt/airflow/dags/dag_run1.py
[2024-11-09T22:33:15.961+0000] {processor.py:753} INFO - DAG(s) dict_keys(['dag_run1']) retrieved from /opt/airflow/dags/dag_run1.py
[2024-11-09T22:33:15.985+0000] {logging_mixin.py:137} INFO - [2024-11-09T22:33:15.985+0000] {dag.py:2690} INFO - Sync 1 DAGs
[2024-11-09T22:33:16.008+0000] {logging_mixin.py:137} INFO - [2024-11-09T22:33:16.008+0000] {dag.py:3441} INFO - Setting next_dagrun for dag_run1 to None, run_after=None
[2024-11-09T22:33:16.033+0000] {processor.py:175} INFO - Processing /opt/airflow/dags/dag_run1.py took 0.096 seconds
[2024-11-09T22:33:46.833+0000] {processor.py:153} INFO - Started process (PID=16069) to work on /opt/airflow/dags/dag_run1.py
[2024-11-09T22:33:46.834+0000] {processor.py:743} INFO - Processing file /opt/airflow/dags/dag_run1.py for tasks to queue
[2024-11-09T22:33:46.835+0000] {logging_mixin.py:137} INFO - [2024-11-09T22:33:46.835+0000] {dagbag.py:538} INFO - Filling up the DagBag from /opt/airflow/dags/dag_run1.py
[2024-11-09T22:33:46.854+0000] {processor.py:753} INFO - DAG(s) dict_keys(['dag_run1']) retrieved from /opt/airflow/dags/dag_run1.py
[2024-11-09T22:33:46.885+0000] {logging_mixin.py:137} INFO - [2024-11-09T22:33:46.884+0000] {dag.py:2690} INFO - Sync 1 DAGs
[2024-11-09T22:33:46.909+0000] {logging_mixin.py:137} INFO - [2024-11-09T22:33:46.909+0000] {dag.py:3441} INFO - Setting next_dagrun for dag_run1 to None, run_after=None
[2024-11-09T22:33:46.923+0000] {processor.py:175} INFO - Processing /opt/airflow/dags/dag_run1.py took 0.095 seconds
[2024-11-09T22:34:17.787+0000] {processor.py:153} INFO - Started process (PID=16128) to work on /opt/airflow/dags/dag_run1.py
[2024-11-09T22:34:17.788+0000] {processor.py:743} INFO - Processing file /opt/airflow/dags/dag_run1.py for tasks to queue
[2024-11-09T22:34:17.789+0000] {logging_mixin.py:137} INFO - [2024-11-09T22:34:17.789+0000] {dagbag.py:538} INFO - Filling up the DagBag from /opt/airflow/dags/dag_run1.py
[2024-11-09T22:34:17.810+0000] {processor.py:753} INFO - DAG(s) dict_keys(['dag_run1']) retrieved from /opt/airflow/dags/dag_run1.py
[2024-11-09T22:34:17.832+0000] {logging_mixin.py:137} INFO - [2024-11-09T22:34:17.832+0000] {dag.py:2690} INFO - Sync 1 DAGs
[2024-11-09T22:34:17.852+0000] {logging_mixin.py:137} INFO - [2024-11-09T22:34:17.852+0000] {dag.py:3441} INFO - Setting next_dagrun for dag_run1 to None, run_after=None
[2024-11-09T22:34:17.864+0000] {processor.py:175} INFO - Processing /opt/airflow/dags/dag_run1.py took 0.082 seconds
[2024-11-09T22:34:47.979+0000] {processor.py:153} INFO - Started process (PID=16171) to work on /opt/airflow/dags/dag_run1.py
[2024-11-09T22:34:47.980+0000] {processor.py:743} INFO - Processing file /opt/airflow/dags/dag_run1.py for tasks to queue
[2024-11-09T22:34:47.981+0000] {logging_mixin.py:137} INFO - [2024-11-09T22:34:47.981+0000] {dagbag.py:538} INFO - Filling up the DagBag from /opt/airflow/dags/dag_run1.py
[2024-11-09T22:34:48.007+0000] {processor.py:753} INFO - DAG(s) dict_keys(['dag_run1']) retrieved from /opt/airflow/dags/dag_run1.py
[2024-11-09T22:34:48.038+0000] {logging_mixin.py:137} INFO - [2024-11-09T22:34:48.037+0000] {dag.py:2690} INFO - Sync 1 DAGs
[2024-11-09T22:34:48.062+0000] {logging_mixin.py:137} INFO - [2024-11-09T22:34:48.062+0000] {dag.py:3441} INFO - Setting next_dagrun for dag_run1 to None, run_after=None
[2024-11-09T22:34:48.077+0000] {processor.py:175} INFO - Processing /opt/airflow/dags/dag_run1.py took 0.105 seconds
[2024-11-09T22:35:19.036+0000] {processor.py:153} INFO - Started process (PID=16230) to work on /opt/airflow/dags/dag_run1.py
[2024-11-09T22:35:19.037+0000] {processor.py:743} INFO - Processing file /opt/airflow/dags/dag_run1.py for tasks to queue
[2024-11-09T22:35:19.037+0000] {logging_mixin.py:137} INFO - [2024-11-09T22:35:19.037+0000] {dagbag.py:538} INFO - Filling up the DagBag from /opt/airflow/dags/dag_run1.py
[2024-11-09T22:35:19.057+0000] {processor.py:753} INFO - DAG(s) dict_keys(['dag_run1']) retrieved from /opt/airflow/dags/dag_run1.py
[2024-11-09T22:35:19.081+0000] {logging_mixin.py:137} INFO - [2024-11-09T22:35:19.081+0000] {dag.py:2690} INFO - Sync 1 DAGs
[2024-11-09T22:35:19.105+0000] {logging_mixin.py:137} INFO - [2024-11-09T22:35:19.105+0000] {dag.py:3441} INFO - Setting next_dagrun for dag_run1 to None, run_after=None
[2024-11-09T22:35:19.118+0000] {processor.py:175} INFO - Processing /opt/airflow/dags/dag_run1.py took 0.086 seconds
[2024-11-09T22:35:49.509+0000] {processor.py:153} INFO - Started process (PID=16273) to work on /opt/airflow/dags/dag_run1.py
[2024-11-09T22:35:49.510+0000] {processor.py:743} INFO - Processing file /opt/airflow/dags/dag_run1.py for tasks to queue
[2024-11-09T22:35:49.511+0000] {logging_mixin.py:137} INFO - [2024-11-09T22:35:49.511+0000] {dagbag.py:538} INFO - Filling up the DagBag from /opt/airflow/dags/dag_run1.py
[2024-11-09T22:35:49.534+0000] {processor.py:753} INFO - DAG(s) dict_keys(['dag_run1']) retrieved from /opt/airflow/dags/dag_run1.py
[2024-11-09T22:35:49.575+0000] {logging_mixin.py:137} INFO - [2024-11-09T22:35:49.575+0000] {dag.py:2690} INFO - Sync 1 DAGs
[2024-11-09T22:35:49.600+0000] {logging_mixin.py:137} INFO - [2024-11-09T22:35:49.600+0000] {dag.py:3441} INFO - Setting next_dagrun for dag_run1 to None, run_after=None
[2024-11-09T22:35:49.615+0000] {processor.py:175} INFO - Processing /opt/airflow/dags/dag_run1.py took 0.110 seconds
[2024-11-09T22:36:39.927+0000] {processor.py:153} INFO - Started process (PID=16314) to work on /opt/airflow/dags/dag_run1.py
[2024-11-09T22:36:39.929+0000] {processor.py:743} INFO - Processing file /opt/airflow/dags/dag_run1.py for tasks to queue
[2024-11-09T22:36:39.931+0000] {logging_mixin.py:137} INFO - [2024-11-09T22:36:39.930+0000] {dagbag.py:538} INFO - Filling up the DagBag from /opt/airflow/dags/dag_run1.py
[2024-11-09T22:36:39.988+0000] {processor.py:753} INFO - DAG(s) dict_keys(['dag_run1']) retrieved from /opt/airflow/dags/dag_run1.py
[2024-11-09T22:36:40.080+0000] {logging_mixin.py:137} INFO - [2024-11-09T22:36:40.080+0000] {dag.py:2690} INFO - Sync 1 DAGs
[2024-11-09T22:36:40.116+0000] {logging_mixin.py:137} INFO - [2024-11-09T22:36:40.116+0000] {dag.py:3441} INFO - Setting next_dagrun for dag_run1 to None, run_after=None
[2024-11-09T22:36:40.182+0000] {processor.py:175} INFO - Processing /opt/airflow/dags/dag_run1.py took 0.263 seconds
[2024-11-09T22:37:10.650+0000] {processor.py:153} INFO - Started process (PID=16365) to work on /opt/airflow/dags/dag_run1.py
[2024-11-09T22:37:10.652+0000] {processor.py:743} INFO - Processing file /opt/airflow/dags/dag_run1.py for tasks to queue
[2024-11-09T22:37:10.655+0000] {logging_mixin.py:137} INFO - [2024-11-09T22:37:10.654+0000] {dagbag.py:538} INFO - Filling up the DagBag from /opt/airflow/dags/dag_run1.py
[2024-11-09T22:37:10.692+0000] {processor.py:753} INFO - DAG(s) dict_keys(['dag_run1']) retrieved from /opt/airflow/dags/dag_run1.py
[2024-11-09T22:37:10.761+0000] {logging_mixin.py:137} INFO - [2024-11-09T22:37:10.761+0000] {dag.py:2690} INFO - Sync 1 DAGs
[2024-11-09T22:37:10.818+0000] {logging_mixin.py:137} INFO - [2024-11-09T22:37:10.818+0000] {dag.py:3441} INFO - Setting next_dagrun for dag_run1 to None, run_after=None
[2024-11-09T22:37:10.868+0000] {processor.py:175} INFO - Processing /opt/airflow/dags/dag_run1.py took 0.224 seconds
[2024-11-09T22:45:55.317+0000] {processor.py:153} INFO - Started process (PID=16409) to work on /opt/airflow/dags/dag_run1.py
[2024-11-09T22:45:55.319+0000] {processor.py:743} INFO - Processing file /opt/airflow/dags/dag_run1.py for tasks to queue
[2024-11-09T22:45:55.320+0000] {logging_mixin.py:137} INFO - [2024-11-09T22:45:55.320+0000] {dagbag.py:538} INFO - Filling up the DagBag from /opt/airflow/dags/dag_run1.py
[2024-11-09T22:45:55.354+0000] {processor.py:753} INFO - DAG(s) dict_keys(['dag_run1']) retrieved from /opt/airflow/dags/dag_run1.py
[2024-11-09T22:45:55.390+0000] {logging_mixin.py:137} INFO - [2024-11-09T22:45:55.390+0000] {dag.py:2690} INFO - Sync 1 DAGs
[2024-11-09T22:45:55.415+0000] {logging_mixin.py:137} INFO - [2024-11-09T22:45:55.414+0000] {dag.py:3441} INFO - Setting next_dagrun for dag_run1 to None, run_after=None
[2024-11-09T22:45:55.438+0000] {processor.py:175} INFO - Processing /opt/airflow/dags/dag_run1.py took 0.127 seconds
[2024-11-09T22:46:26.379+0000] {processor.py:153} INFO - Started process (PID=16452) to work on /opt/airflow/dags/dag_run1.py
[2024-11-09T22:46:26.381+0000] {processor.py:743} INFO - Processing file /opt/airflow/dags/dag_run1.py for tasks to queue
[2024-11-09T22:46:26.382+0000] {logging_mixin.py:137} INFO - [2024-11-09T22:46:26.381+0000] {dagbag.py:538} INFO - Filling up the DagBag from /opt/airflow/dags/dag_run1.py
[2024-11-09T22:46:26.407+0000] {processor.py:753} INFO - DAG(s) dict_keys(['dag_run1']) retrieved from /opt/airflow/dags/dag_run1.py
[2024-11-09T22:46:26.438+0000] {logging_mixin.py:137} INFO - [2024-11-09T22:46:26.438+0000] {dag.py:2690} INFO - Sync 1 DAGs
[2024-11-09T22:46:26.465+0000] {logging_mixin.py:137} INFO - [2024-11-09T22:46:26.465+0000] {dag.py:3441} INFO - Setting next_dagrun for dag_run1 to None, run_after=None
[2024-11-09T22:46:26.490+0000] {processor.py:175} INFO - Processing /opt/airflow/dags/dag_run1.py took 0.116 seconds
[2024-11-09T22:46:57.444+0000] {processor.py:153} INFO - Started process (PID=16511) to work on /opt/airflow/dags/dag_run1.py
[2024-11-09T22:46:57.445+0000] {processor.py:743} INFO - Processing file /opt/airflow/dags/dag_run1.py for tasks to queue
[2024-11-09T22:46:57.447+0000] {logging_mixin.py:137} INFO - [2024-11-09T22:46:57.447+0000] {dagbag.py:538} INFO - Filling up the DagBag from /opt/airflow/dags/dag_run1.py
[2024-11-09T22:46:57.482+0000] {processor.py:753} INFO - DAG(s) dict_keys(['dag_run1']) retrieved from /opt/airflow/dags/dag_run1.py
[2024-11-09T22:46:57.535+0000] {logging_mixin.py:137} INFO - [2024-11-09T22:46:57.535+0000] {dag.py:2690} INFO - Sync 1 DAGs
[2024-11-09T22:46:57.570+0000] {logging_mixin.py:137} INFO - [2024-11-09T22:46:57.570+0000] {dag.py:3441} INFO - Setting next_dagrun for dag_run1 to None, run_after=None
[2024-11-09T22:46:57.591+0000] {processor.py:175} INFO - Processing /opt/airflow/dags/dag_run1.py took 0.155 seconds
[2024-11-09T22:47:28.446+0000] {processor.py:153} INFO - Started process (PID=16570) to work on /opt/airflow/dags/dag_run1.py
[2024-11-09T22:47:28.450+0000] {processor.py:743} INFO - Processing file /opt/airflow/dags/dag_run1.py for tasks to queue
[2024-11-09T22:47:28.453+0000] {logging_mixin.py:137} INFO - [2024-11-09T22:47:28.453+0000] {dagbag.py:538} INFO - Filling up the DagBag from /opt/airflow/dags/dag_run1.py
[2024-11-09T22:47:28.514+0000] {processor.py:753} INFO - DAG(s) dict_keys(['dag_run1']) retrieved from /opt/airflow/dags/dag_run1.py
[2024-11-09T22:47:28.575+0000] {logging_mixin.py:137} INFO - [2024-11-09T22:47:28.575+0000] {dag.py:2690} INFO - Sync 1 DAGs
[2024-11-09T22:47:28.612+0000] {logging_mixin.py:137} INFO - [2024-11-09T22:47:28.612+0000] {dag.py:3441} INFO - Setting next_dagrun for dag_run1 to None, run_after=None
[2024-11-09T22:47:28.638+0000] {processor.py:175} INFO - Processing /opt/airflow/dags/dag_run1.py took 0.204 seconds
[2024-11-09T22:47:59.585+0000] {processor.py:153} INFO - Started process (PID=16613) to work on /opt/airflow/dags/dag_run1.py
[2024-11-09T22:47:59.586+0000] {processor.py:743} INFO - Processing file /opt/airflow/dags/dag_run1.py for tasks to queue
[2024-11-09T22:47:59.587+0000] {logging_mixin.py:137} INFO - [2024-11-09T22:47:59.587+0000] {dagbag.py:538} INFO - Filling up the DagBag from /opt/airflow/dags/dag_run1.py
[2024-11-09T22:47:59.618+0000] {processor.py:753} INFO - DAG(s) dict_keys(['dag_run1']) retrieved from /opt/airflow/dags/dag_run1.py
[2024-11-09T22:47:59.660+0000] {logging_mixin.py:137} INFO - [2024-11-09T22:47:59.659+0000] {dag.py:2690} INFO - Sync 1 DAGs
[2024-11-09T22:47:59.687+0000] {logging_mixin.py:137} INFO - [2024-11-09T22:47:59.687+0000] {dag.py:3441} INFO - Setting next_dagrun for dag_run1 to None, run_after=None
[2024-11-09T22:47:59.704+0000] {processor.py:175} INFO - Processing /opt/airflow/dags/dag_run1.py took 0.125 seconds
[2024-11-09T22:48:30.591+0000] {processor.py:153} INFO - Started process (PID=16672) to work on /opt/airflow/dags/dag_run1.py
[2024-11-09T22:48:30.593+0000] {processor.py:743} INFO - Processing file /opt/airflow/dags/dag_run1.py for tasks to queue
[2024-11-09T22:48:30.593+0000] {logging_mixin.py:137} INFO - [2024-11-09T22:48:30.593+0000] {dagbag.py:538} INFO - Filling up the DagBag from /opt/airflow/dags/dag_run1.py
[2024-11-09T22:48:30.622+0000] {processor.py:753} INFO - DAG(s) dict_keys(['dag_run1']) retrieved from /opt/airflow/dags/dag_run1.py
[2024-11-09T22:48:30.645+0000] {logging_mixin.py:137} INFO - [2024-11-09T22:48:30.645+0000] {dag.py:2690} INFO - Sync 1 DAGs
[2024-11-09T22:48:30.667+0000] {logging_mixin.py:137} INFO - [2024-11-09T22:48:30.667+0000] {dag.py:3441} INFO - Setting next_dagrun for dag_run1 to None, run_after=None
[2024-11-09T22:48:30.684+0000] {processor.py:175} INFO - Processing /opt/airflow/dags/dag_run1.py took 0.098 seconds
[2024-11-09T22:49:19.283+0000] {processor.py:153} INFO - Started process (PID=16715) to work on /opt/airflow/dags/dag_run1.py
[2024-11-09T22:49:19.285+0000] {processor.py:743} INFO - Processing file /opt/airflow/dags/dag_run1.py for tasks to queue
[2024-11-09T22:49:19.286+0000] {logging_mixin.py:137} INFO - [2024-11-09T22:49:19.285+0000] {dagbag.py:538} INFO - Filling up the DagBag from /opt/airflow/dags/dag_run1.py
[2024-11-09T22:49:19.316+0000] {processor.py:753} INFO - DAG(s) dict_keys(['dag_run1']) retrieved from /opt/airflow/dags/dag_run1.py
[2024-11-09T22:49:19.347+0000] {logging_mixin.py:137} INFO - [2024-11-09T22:49:19.347+0000] {dag.py:2690} INFO - Sync 1 DAGs
[2024-11-09T22:49:19.370+0000] {logging_mixin.py:137} INFO - [2024-11-09T22:49:19.370+0000] {dag.py:3441} INFO - Setting next_dagrun for dag_run1 to None, run_after=None
[2024-11-09T22:49:19.386+0000] {processor.py:175} INFO - Processing /opt/airflow/dags/dag_run1.py took 0.108 seconds
[2024-11-09T22:49:50.183+0000] {processor.py:153} INFO - Started process (PID=16765) to work on /opt/airflow/dags/dag_run1.py
[2024-11-09T22:49:50.185+0000] {processor.py:743} INFO - Processing file /opt/airflow/dags/dag_run1.py for tasks to queue
[2024-11-09T22:49:50.186+0000] {logging_mixin.py:137} INFO - [2024-11-09T22:49:50.186+0000] {dagbag.py:538} INFO - Filling up the DagBag from /opt/airflow/dags/dag_run1.py
[2024-11-09T22:49:50.210+0000] {processor.py:753} INFO - DAG(s) dict_keys(['dag_run1']) retrieved from /opt/airflow/dags/dag_run1.py
[2024-11-09T22:49:50.241+0000] {logging_mixin.py:137} INFO - [2024-11-09T22:49:50.240+0000] {dag.py:2690} INFO - Sync 1 DAGs
[2024-11-09T22:49:50.267+0000] {logging_mixin.py:137} INFO - [2024-11-09T22:49:50.267+0000] {dag.py:3441} INFO - Setting next_dagrun for dag_run1 to None, run_after=None
[2024-11-09T22:49:50.287+0000] {processor.py:175} INFO - Processing /opt/airflow/dags/dag_run1.py took 0.109 seconds
[2024-11-09T22:50:20.622+0000] {processor.py:153} INFO - Started process (PID=16816) to work on /opt/airflow/dags/dag_run1.py
[2024-11-09T22:50:20.624+0000] {processor.py:743} INFO - Processing file /opt/airflow/dags/dag_run1.py for tasks to queue
[2024-11-09T22:50:20.625+0000] {logging_mixin.py:137} INFO - [2024-11-09T22:50:20.625+0000] {dagbag.py:538} INFO - Filling up the DagBag from /opt/airflow/dags/dag_run1.py
[2024-11-09T22:50:20.652+0000] {processor.py:753} INFO - DAG(s) dict_keys(['dag_run1']) retrieved from /opt/airflow/dags/dag_run1.py
[2024-11-09T22:50:20.680+0000] {logging_mixin.py:137} INFO - [2024-11-09T22:50:20.680+0000] {dag.py:2690} INFO - Sync 1 DAGs
[2024-11-09T22:50:20.705+0000] {logging_mixin.py:137} INFO - [2024-11-09T22:50:20.705+0000] {dag.py:3441} INFO - Setting next_dagrun for dag_run1 to None, run_after=None
[2024-11-09T22:50:20.723+0000] {processor.py:175} INFO - Processing /opt/airflow/dags/dag_run1.py took 0.106 seconds
[2024-11-09T22:50:50.830+0000] {processor.py:153} INFO - Started process (PID=16859) to work on /opt/airflow/dags/dag_run1.py
[2024-11-09T22:50:50.831+0000] {processor.py:743} INFO - Processing file /opt/airflow/dags/dag_run1.py for tasks to queue
[2024-11-09T22:50:50.832+0000] {logging_mixin.py:137} INFO - [2024-11-09T22:50:50.832+0000] {dagbag.py:538} INFO - Filling up the DagBag from /opt/airflow/dags/dag_run1.py
[2024-11-09T22:50:50.857+0000] {processor.py:753} INFO - DAG(s) dict_keys(['dag_run1']) retrieved from /opt/airflow/dags/dag_run1.py
[2024-11-09T22:50:50.881+0000] {logging_mixin.py:137} INFO - [2024-11-09T22:50:50.881+0000] {dag.py:2690} INFO - Sync 1 DAGs
[2024-11-09T22:50:50.907+0000] {logging_mixin.py:137} INFO - [2024-11-09T22:50:50.907+0000] {dag.py:3441} INFO - Setting next_dagrun for dag_run1 to None, run_after=None
[2024-11-09T22:50:50.926+0000] {processor.py:175} INFO - Processing /opt/airflow/dags/dag_run1.py took 0.101 seconds
[2024-11-09T22:51:21.845+0000] {processor.py:153} INFO - Started process (PID=16919) to work on /opt/airflow/dags/dag_run1.py
[2024-11-09T22:51:21.846+0000] {processor.py:743} INFO - Processing file /opt/airflow/dags/dag_run1.py for tasks to queue
[2024-11-09T22:51:21.847+0000] {logging_mixin.py:137} INFO - [2024-11-09T22:51:21.847+0000] {dagbag.py:538} INFO - Filling up the DagBag from /opt/airflow/dags/dag_run1.py
[2024-11-09T22:51:21.872+0000] {processor.py:753} INFO - DAG(s) dict_keys(['dag_run1']) retrieved from /opt/airflow/dags/dag_run1.py
[2024-11-09T22:51:21.902+0000] {logging_mixin.py:137} INFO - [2024-11-09T22:51:21.902+0000] {dag.py:2690} INFO - Sync 1 DAGs
[2024-11-09T22:51:21.926+0000] {logging_mixin.py:137} INFO - [2024-11-09T22:51:21.926+0000] {dag.py:3441} INFO - Setting next_dagrun for dag_run1 to None, run_after=None
[2024-11-09T22:51:21.947+0000] {processor.py:175} INFO - Processing /opt/airflow/dags/dag_run1.py took 0.106 seconds
[2024-11-09T22:51:52.867+0000] {processor.py:153} INFO - Started process (PID=16971) to work on /opt/airflow/dags/dag_run1.py
[2024-11-09T22:51:52.869+0000] {processor.py:743} INFO - Processing file /opt/airflow/dags/dag_run1.py for tasks to queue
[2024-11-09T22:51:52.871+0000] {logging_mixin.py:137} INFO - [2024-11-09T22:51:52.871+0000] {dagbag.py:538} INFO - Filling up the DagBag from /opt/airflow/dags/dag_run1.py
[2024-11-09T22:51:52.898+0000] {processor.py:753} INFO - DAG(s) dict_keys(['dag_run1']) retrieved from /opt/airflow/dags/dag_run1.py
[2024-11-09T22:51:52.929+0000] {logging_mixin.py:137} INFO - [2024-11-09T22:51:52.929+0000] {dag.py:2690} INFO - Sync 1 DAGs
[2024-11-09T22:51:52.957+0000] {logging_mixin.py:137} INFO - [2024-11-09T22:51:52.957+0000] {dag.py:3441} INFO - Setting next_dagrun for dag_run1 to None, run_after=None
[2024-11-09T22:51:52.983+0000] {processor.py:175} INFO - Processing /opt/airflow/dags/dag_run1.py took 0.120 seconds
[2024-11-09T22:52:23.743+0000] {processor.py:153} INFO - Started process (PID=17021) to work on /opt/airflow/dags/dag_run1.py
[2024-11-09T22:52:23.744+0000] {processor.py:743} INFO - Processing file /opt/airflow/dags/dag_run1.py for tasks to queue
[2024-11-09T22:52:23.745+0000] {logging_mixin.py:137} INFO - [2024-11-09T22:52:23.745+0000] {dagbag.py:538} INFO - Filling up the DagBag from /opt/airflow/dags/dag_run1.py
[2024-11-09T22:52:23.768+0000] {processor.py:753} INFO - DAG(s) dict_keys(['dag_run1']) retrieved from /opt/airflow/dags/dag_run1.py
[2024-11-09T22:52:23.801+0000] {logging_mixin.py:137} INFO - [2024-11-09T22:52:23.801+0000] {dag.py:2690} INFO - Sync 1 DAGs
[2024-11-09T22:52:23.828+0000] {logging_mixin.py:137} INFO - [2024-11-09T22:52:23.828+0000] {dag.py:3441} INFO - Setting next_dagrun for dag_run1 to None, run_after=None
[2024-11-09T22:52:23.847+0000] {processor.py:175} INFO - Processing /opt/airflow/dags/dag_run1.py took 0.114 seconds
[2024-11-09T22:52:54.167+0000] {processor.py:153} INFO - Started process (PID=17064) to work on /opt/airflow/dags/dag_run1.py
[2024-11-09T22:52:54.169+0000] {processor.py:743} INFO - Processing file /opt/airflow/dags/dag_run1.py for tasks to queue
[2024-11-09T22:52:54.170+0000] {logging_mixin.py:137} INFO - [2024-11-09T22:52:54.170+0000] {dagbag.py:538} INFO - Filling up the DagBag from /opt/airflow/dags/dag_run1.py
[2024-11-09T22:52:54.206+0000] {processor.py:753} INFO - DAG(s) dict_keys(['dag_run1']) retrieved from /opt/airflow/dags/dag_run1.py
[2024-11-09T22:52:54.235+0000] {logging_mixin.py:137} INFO - [2024-11-09T22:52:54.235+0000] {dag.py:2690} INFO - Sync 1 DAGs
[2024-11-09T22:52:54.260+0000] {logging_mixin.py:137} INFO - [2024-11-09T22:52:54.260+0000] {dag.py:3441} INFO - Setting next_dagrun for dag_run1 to None, run_after=None
[2024-11-09T22:52:54.277+0000] {processor.py:175} INFO - Processing /opt/airflow/dags/dag_run1.py took 0.116 seconds
[2024-11-09T22:53:25.333+0000] {processor.py:153} INFO - Started process (PID=17107) to work on /opt/airflow/dags/dag_run1.py
[2024-11-09T22:53:25.335+0000] {processor.py:743} INFO - Processing file /opt/airflow/dags/dag_run1.py for tasks to queue
[2024-11-09T22:53:25.337+0000] {logging_mixin.py:137} INFO - [2024-11-09T22:53:25.337+0000] {dagbag.py:538} INFO - Filling up the DagBag from /opt/airflow/dags/dag_run1.py
[2024-11-09T22:53:25.373+0000] {processor.py:753} INFO - DAG(s) dict_keys(['dag_run1']) retrieved from /opt/airflow/dags/dag_run1.py
[2024-11-09T22:53:25.418+0000] {logging_mixin.py:137} INFO - [2024-11-09T22:53:25.418+0000] {dag.py:2690} INFO - Sync 1 DAGs
[2024-11-09T22:53:25.452+0000] {logging_mixin.py:137} INFO - [2024-11-09T22:53:25.452+0000] {dag.py:3441} INFO - Setting next_dagrun for dag_run1 to None, run_after=None
[2024-11-09T22:53:25.474+0000] {processor.py:175} INFO - Processing /opt/airflow/dags/dag_run1.py took 0.148 seconds
[2024-11-09T22:53:56.345+0000] {processor.py:153} INFO - Started process (PID=17166) to work on /opt/airflow/dags/dag_run1.py
[2024-11-09T22:53:56.348+0000] {processor.py:743} INFO - Processing file /opt/airflow/dags/dag_run1.py for tasks to queue
[2024-11-09T22:53:56.349+0000] {logging_mixin.py:137} INFO - [2024-11-09T22:53:56.349+0000] {dagbag.py:538} INFO - Filling up the DagBag from /opt/airflow/dags/dag_run1.py
[2024-11-09T22:53:56.380+0000] {processor.py:753} INFO - DAG(s) dict_keys(['dag_run1']) retrieved from /opt/airflow/dags/dag_run1.py
[2024-11-09T22:53:56.425+0000] {logging_mixin.py:137} INFO - [2024-11-09T22:53:56.425+0000] {dag.py:2690} INFO - Sync 1 DAGs
[2024-11-09T22:53:56.451+0000] {logging_mixin.py:137} INFO - [2024-11-09T22:53:56.451+0000] {dag.py:3441} INFO - Setting next_dagrun for dag_run1 to None, run_after=None
[2024-11-09T22:53:56.471+0000] {processor.py:175} INFO - Processing /opt/airflow/dags/dag_run1.py took 0.133 seconds
[2024-11-09T22:54:27.400+0000] {processor.py:153} INFO - Started process (PID=17209) to work on /opt/airflow/dags/dag_run1.py
[2024-11-09T22:54:27.402+0000] {processor.py:743} INFO - Processing file /opt/airflow/dags/dag_run1.py for tasks to queue
[2024-11-09T22:54:27.403+0000] {logging_mixin.py:137} INFO - [2024-11-09T22:54:27.403+0000] {dagbag.py:538} INFO - Filling up the DagBag from /opt/airflow/dags/dag_run1.py
[2024-11-09T22:54:27.440+0000] {processor.py:753} INFO - DAG(s) dict_keys(['dag_run1']) retrieved from /opt/airflow/dags/dag_run1.py
[2024-11-09T22:54:27.494+0000] {logging_mixin.py:137} INFO - [2024-11-09T22:54:27.494+0000] {dag.py:2690} INFO - Sync 1 DAGs
[2024-11-09T22:54:27.526+0000] {logging_mixin.py:137} INFO - [2024-11-09T22:54:27.526+0000] {dag.py:3441} INFO - Setting next_dagrun for dag_run1 to None, run_after=None
[2024-11-09T22:54:27.546+0000] {processor.py:175} INFO - Processing /opt/airflow/dags/dag_run1.py took 0.153 seconds
[2024-11-09T22:54:58.570+0000] {processor.py:153} INFO - Started process (PID=17268) to work on /opt/airflow/dags/dag_run1.py
[2024-11-09T22:54:58.573+0000] {processor.py:743} INFO - Processing file /opt/airflow/dags/dag_run1.py for tasks to queue
[2024-11-09T22:54:58.575+0000] {logging_mixin.py:137} INFO - [2024-11-09T22:54:58.575+0000] {dagbag.py:538} INFO - Filling up the DagBag from /opt/airflow/dags/dag_run1.py
[2024-11-09T22:54:58.610+0000] {processor.py:753} INFO - DAG(s) dict_keys(['dag_run1']) retrieved from /opt/airflow/dags/dag_run1.py
[2024-11-09T22:54:58.655+0000] {logging_mixin.py:137} INFO - [2024-11-09T22:54:58.655+0000] {dag.py:2690} INFO - Sync 1 DAGs
[2024-11-09T22:54:58.685+0000] {logging_mixin.py:137} INFO - [2024-11-09T22:54:58.685+0000] {dag.py:3441} INFO - Setting next_dagrun for dag_run1 to None, run_after=None
[2024-11-09T22:54:58.706+0000] {processor.py:175} INFO - Processing /opt/airflow/dags/dag_run1.py took 0.143 seconds
[2024-11-09T22:55:29.604+0000] {processor.py:153} INFO - Started process (PID=17320) to work on /opt/airflow/dags/dag_run1.py
[2024-11-09T22:55:29.605+0000] {processor.py:743} INFO - Processing file /opt/airflow/dags/dag_run1.py for tasks to queue
[2024-11-09T22:55:29.606+0000] {logging_mixin.py:137} INFO - [2024-11-09T22:55:29.606+0000] {dagbag.py:538} INFO - Filling up the DagBag from /opt/airflow/dags/dag_run1.py
[2024-11-09T22:55:29.636+0000] {processor.py:753} INFO - DAG(s) dict_keys(['dag_run1']) retrieved from /opt/airflow/dags/dag_run1.py
[2024-11-09T22:55:29.668+0000] {logging_mixin.py:137} INFO - [2024-11-09T22:55:29.668+0000] {dag.py:2690} INFO - Sync 1 DAGs
[2024-11-09T22:55:29.720+0000] {logging_mixin.py:137} INFO - [2024-11-09T22:55:29.720+0000] {dag.py:3441} INFO - Setting next_dagrun for dag_run1 to None, run_after=None
[2024-11-09T22:55:29.741+0000] {processor.py:175} INFO - Processing /opt/airflow/dags/dag_run1.py took 0.142 seconds
[2024-11-09T22:56:00.114+0000] {processor.py:153} INFO - Started process (PID=17370) to work on /opt/airflow/dags/dag_run1.py
[2024-11-09T22:56:00.116+0000] {processor.py:743} INFO - Processing file /opt/airflow/dags/dag_run1.py for tasks to queue
[2024-11-09T22:56:00.118+0000] {logging_mixin.py:137} INFO - [2024-11-09T22:56:00.117+0000] {dagbag.py:538} INFO - Filling up the DagBag from /opt/airflow/dags/dag_run1.py
[2024-11-09T22:56:00.149+0000] {processor.py:753} INFO - DAG(s) dict_keys(['dag_run1']) retrieved from /opt/airflow/dags/dag_run1.py
[2024-11-09T22:56:00.183+0000] {logging_mixin.py:137} INFO - [2024-11-09T22:56:00.183+0000] {dag.py:2690} INFO - Sync 1 DAGs
[2024-11-09T22:56:00.215+0000] {logging_mixin.py:137} INFO - [2024-11-09T22:56:00.215+0000] {dag.py:3441} INFO - Setting next_dagrun for dag_run1 to None, run_after=None
[2024-11-09T22:56:00.232+0000] {processor.py:175} INFO - Processing /opt/airflow/dags/dag_run1.py took 0.127 seconds
[2024-11-09T22:56:31.129+0000] {processor.py:153} INFO - Started process (PID=17429) to work on /opt/airflow/dags/dag_run1.py
[2024-11-09T22:56:31.133+0000] {processor.py:743} INFO - Processing file /opt/airflow/dags/dag_run1.py for tasks to queue
[2024-11-09T22:56:31.135+0000] {logging_mixin.py:137} INFO - [2024-11-09T22:56:31.135+0000] {dagbag.py:538} INFO - Filling up the DagBag from /opt/airflow/dags/dag_run1.py
[2024-11-09T22:56:31.171+0000] {processor.py:753} INFO - DAG(s) dict_keys(['dag_run1']) retrieved from /opt/airflow/dags/dag_run1.py
[2024-11-09T22:56:31.227+0000] {logging_mixin.py:137} INFO - [2024-11-09T22:56:31.226+0000] {dag.py:2690} INFO - Sync 1 DAGs
[2024-11-09T22:56:31.280+0000] {logging_mixin.py:137} INFO - [2024-11-09T22:56:31.280+0000] {dag.py:3441} INFO - Setting next_dagrun for dag_run1 to None, run_after=None
[2024-11-09T22:56:31.345+0000] {processor.py:175} INFO - Processing /opt/airflow/dags/dag_run1.py took 0.227 seconds
[2024-11-09T22:57:01.877+0000] {processor.py:153} INFO - Started process (PID=17472) to work on /opt/airflow/dags/dag_run1.py
[2024-11-09T22:57:01.880+0000] {processor.py:743} INFO - Processing file /opt/airflow/dags/dag_run1.py for tasks to queue
[2024-11-09T22:57:01.880+0000] {logging_mixin.py:137} INFO - [2024-11-09T22:57:01.880+0000] {dagbag.py:538} INFO - Filling up the DagBag from /opt/airflow/dags/dag_run1.py
[2024-11-09T22:57:01.918+0000] {processor.py:753} INFO - DAG(s) dict_keys(['dag_run1']) retrieved from /opt/airflow/dags/dag_run1.py
[2024-11-09T22:57:01.975+0000] {logging_mixin.py:137} INFO - [2024-11-09T22:57:01.975+0000] {dag.py:2690} INFO - Sync 1 DAGs
[2024-11-09T22:57:02.017+0000] {logging_mixin.py:137} INFO - [2024-11-09T22:57:02.017+0000] {dag.py:3441} INFO - Setting next_dagrun for dag_run1 to None, run_after=None
[2024-11-09T22:57:02.045+0000] {processor.py:175} INFO - Processing /opt/airflow/dags/dag_run1.py took 0.173 seconds
[2024-11-09T22:57:32.653+0000] {processor.py:153} INFO - Started process (PID=17515) to work on /opt/airflow/dags/dag_run1.py
[2024-11-09T22:57:32.660+0000] {processor.py:743} INFO - Processing file /opt/airflow/dags/dag_run1.py for tasks to queue
[2024-11-09T22:57:32.663+0000] {logging_mixin.py:137} INFO - [2024-11-09T22:57:32.662+0000] {dagbag.py:538} INFO - Filling up the DagBag from /opt/airflow/dags/dag_run1.py
[2024-11-09T22:57:32.736+0000] {processor.py:753} INFO - DAG(s) dict_keys(['dag_run1']) retrieved from /opt/airflow/dags/dag_run1.py
[2024-11-09T22:57:32.779+0000] {logging_mixin.py:137} INFO - [2024-11-09T22:57:32.779+0000] {dag.py:2690} INFO - Sync 1 DAGs
[2024-11-09T22:57:32.818+0000] {logging_mixin.py:137} INFO - [2024-11-09T22:57:32.817+0000] {dag.py:3441} INFO - Setting next_dagrun for dag_run1 to None, run_after=None
[2024-11-09T22:57:32.838+0000] {processor.py:175} INFO - Processing /opt/airflow/dags/dag_run1.py took 0.207 seconds
[2024-11-09T22:58:03.838+0000] {processor.py:153} INFO - Started process (PID=17574) to work on /opt/airflow/dags/dag_run1.py
[2024-11-09T22:58:03.842+0000] {processor.py:743} INFO - Processing file /opt/airflow/dags/dag_run1.py for tasks to queue
[2024-11-09T22:58:03.848+0000] {logging_mixin.py:137} INFO - [2024-11-09T22:58:03.847+0000] {dagbag.py:538} INFO - Filling up the DagBag from /opt/airflow/dags/dag_run1.py
[2024-11-09T22:58:03.908+0000] {processor.py:753} INFO - DAG(s) dict_keys(['dag_run1']) retrieved from /opt/airflow/dags/dag_run1.py
[2024-11-09T22:58:03.995+0000] {logging_mixin.py:137} INFO - [2024-11-09T22:58:03.994+0000] {dag.py:2690} INFO - Sync 1 DAGs
[2024-11-09T22:58:04.076+0000] {logging_mixin.py:137} INFO - [2024-11-09T22:58:04.075+0000] {dag.py:3441} INFO - Setting next_dagrun for dag_run1 to None, run_after=None
[2024-11-09T22:58:04.176+0000] {processor.py:175} INFO - Processing /opt/airflow/dags/dag_run1.py took 0.362 seconds
[2024-11-09T22:58:34.725+0000] {processor.py:153} INFO - Started process (PID=17617) to work on /opt/airflow/dags/dag_run1.py
[2024-11-09T22:58:34.726+0000] {processor.py:743} INFO - Processing file /opt/airflow/dags/dag_run1.py for tasks to queue
[2024-11-09T22:58:34.727+0000] {logging_mixin.py:137} INFO - [2024-11-09T22:58:34.727+0000] {dagbag.py:538} INFO - Filling up the DagBag from /opt/airflow/dags/dag_run1.py
[2024-11-09T22:58:34.774+0000] {processor.py:753} INFO - DAG(s) dict_keys(['dag_run1']) retrieved from /opt/airflow/dags/dag_run1.py
[2024-11-09T22:58:34.806+0000] {logging_mixin.py:137} INFO - [2024-11-09T22:58:34.805+0000] {dag.py:2690} INFO - Sync 1 DAGs
[2024-11-09T22:58:34.833+0000] {logging_mixin.py:137} INFO - [2024-11-09T22:58:34.833+0000] {dag.py:3441} INFO - Setting next_dagrun for dag_run1 to None, run_after=None
[2024-11-09T22:58:34.863+0000] {processor.py:175} INFO - Processing /opt/airflow/dags/dag_run1.py took 0.143 seconds
[2024-11-09T22:59:04.941+0000] {processor.py:153} INFO - Started process (PID=17660) to work on /opt/airflow/dags/dag_run1.py
[2024-11-09T22:59:04.944+0000] {processor.py:743} INFO - Processing file /opt/airflow/dags/dag_run1.py for tasks to queue
[2024-11-09T22:59:04.947+0000] {logging_mixin.py:137} INFO - [2024-11-09T22:59:04.947+0000] {dagbag.py:538} INFO - Filling up the DagBag from /opt/airflow/dags/dag_run1.py
[2024-11-09T22:59:04.993+0000] {processor.py:753} INFO - DAG(s) dict_keys(['dag_run1']) retrieved from /opt/airflow/dags/dag_run1.py
[2024-11-09T22:59:05.028+0000] {logging_mixin.py:137} INFO - [2024-11-09T22:59:05.028+0000] {dag.py:2690} INFO - Sync 1 DAGs
[2024-11-09T22:59:05.056+0000] {logging_mixin.py:137} INFO - [2024-11-09T22:59:05.056+0000] {dag.py:3441} INFO - Setting next_dagrun for dag_run1 to None, run_after=None
[2024-11-09T22:59:05.077+0000] {processor.py:175} INFO - Processing /opt/airflow/dags/dag_run1.py took 0.145 seconds
[2024-11-09T22:59:35.123+0000] {processor.py:153} INFO - Started process (PID=17719) to work on /opt/airflow/dags/dag_run1.py
[2024-11-09T22:59:35.125+0000] {processor.py:743} INFO - Processing file /opt/airflow/dags/dag_run1.py for tasks to queue
[2024-11-09T22:59:35.127+0000] {logging_mixin.py:137} INFO - [2024-11-09T22:59:35.127+0000] {dagbag.py:538} INFO - Filling up the DagBag from /opt/airflow/dags/dag_run1.py
[2024-11-09T22:59:35.158+0000] {processor.py:753} INFO - DAG(s) dict_keys(['dag_run1']) retrieved from /opt/airflow/dags/dag_run1.py
[2024-11-09T22:59:35.202+0000] {logging_mixin.py:137} INFO - [2024-11-09T22:59:35.202+0000] {dag.py:2690} INFO - Sync 1 DAGs
[2024-11-09T22:59:35.233+0000] {logging_mixin.py:137} INFO - [2024-11-09T22:59:35.233+0000] {dag.py:3441} INFO - Setting next_dagrun for dag_run1 to None, run_after=None
[2024-11-09T22:59:35.253+0000] {processor.py:175} INFO - Processing /opt/airflow/dags/dag_run1.py took 0.137 seconds
[2024-11-09T23:00:06.203+0000] {processor.py:153} INFO - Started process (PID=17762) to work on /opt/airflow/dags/dag_run1.py
[2024-11-09T23:00:06.206+0000] {processor.py:743} INFO - Processing file /opt/airflow/dags/dag_run1.py for tasks to queue
[2024-11-09T23:00:06.206+0000] {logging_mixin.py:137} INFO - [2024-11-09T23:00:06.206+0000] {dagbag.py:538} INFO - Filling up the DagBag from /opt/airflow/dags/dag_run1.py
[2024-11-09T23:00:06.232+0000] {processor.py:753} INFO - DAG(s) dict_keys(['dag_run1']) retrieved from /opt/airflow/dags/dag_run1.py
[2024-11-09T23:00:06.263+0000] {logging_mixin.py:137} INFO - [2024-11-09T23:00:06.263+0000] {dag.py:2690} INFO - Sync 1 DAGs
[2024-11-09T23:00:06.288+0000] {logging_mixin.py:137} INFO - [2024-11-09T23:00:06.288+0000] {dag.py:3441} INFO - Setting next_dagrun for dag_run1 to None, run_after=None
[2024-11-09T23:00:06.311+0000] {processor.py:175} INFO - Processing /opt/airflow/dags/dag_run1.py took 0.112 seconds
[2024-11-09T23:00:37.342+0000] {processor.py:153} INFO - Started process (PID=17821) to work on /opt/airflow/dags/dag_run1.py
[2024-11-09T23:00:37.344+0000] {processor.py:743} INFO - Processing file /opt/airflow/dags/dag_run1.py for tasks to queue
[2024-11-09T23:00:37.346+0000] {logging_mixin.py:137} INFO - [2024-11-09T23:00:37.346+0000] {dagbag.py:538} INFO - Filling up the DagBag from /opt/airflow/dags/dag_run1.py
[2024-11-09T23:00:37.377+0000] {processor.py:753} INFO - DAG(s) dict_keys(['dag_run1']) retrieved from /opt/airflow/dags/dag_run1.py
[2024-11-09T23:00:37.409+0000] {logging_mixin.py:137} INFO - [2024-11-09T23:00:37.409+0000] {dag.py:2690} INFO - Sync 1 DAGs
[2024-11-09T23:00:37.438+0000] {logging_mixin.py:137} INFO - [2024-11-09T23:00:37.438+0000] {dag.py:3441} INFO - Setting next_dagrun for dag_run1 to None, run_after=None
[2024-11-09T23:00:37.459+0000] {processor.py:175} INFO - Processing /opt/airflow/dags/dag_run1.py took 0.127 seconds
[2024-11-09T23:01:08.369+0000] {processor.py:153} INFO - Started process (PID=17873) to work on /opt/airflow/dags/dag_run1.py
[2024-11-09T23:01:08.373+0000] {processor.py:743} INFO - Processing file /opt/airflow/dags/dag_run1.py for tasks to queue
[2024-11-09T23:01:08.374+0000] {logging_mixin.py:137} INFO - [2024-11-09T23:01:08.374+0000] {dagbag.py:538} INFO - Filling up the DagBag from /opt/airflow/dags/dag_run1.py
[2024-11-09T23:01:08.447+0000] {processor.py:753} INFO - DAG(s) dict_keys(['dag_run1']) retrieved from /opt/airflow/dags/dag_run1.py
[2024-11-09T23:01:08.495+0000] {logging_mixin.py:137} INFO - [2024-11-09T23:01:08.495+0000] {dag.py:2690} INFO - Sync 1 DAGs
[2024-11-09T23:01:08.519+0000] {logging_mixin.py:137} INFO - [2024-11-09T23:01:08.519+0000] {dag.py:3441} INFO - Setting next_dagrun for dag_run1 to None, run_after=None
[2024-11-09T23:01:08.544+0000] {processor.py:175} INFO - Processing /opt/airflow/dags/dag_run1.py took 0.182 seconds
[2024-11-09T23:01:38.635+0000] {processor.py:153} INFO - Started process (PID=17923) to work on /opt/airflow/dags/dag_run1.py
[2024-11-09T23:01:38.637+0000] {processor.py:743} INFO - Processing file /opt/airflow/dags/dag_run1.py for tasks to queue
[2024-11-09T23:01:38.638+0000] {logging_mixin.py:137} INFO - [2024-11-09T23:01:38.638+0000] {dagbag.py:538} INFO - Filling up the DagBag from /opt/airflow/dags/dag_run1.py
[2024-11-09T23:01:38.658+0000] {processor.py:753} INFO - DAG(s) dict_keys(['dag_run1']) retrieved from /opt/airflow/dags/dag_run1.py
[2024-11-09T23:01:38.681+0000] {logging_mixin.py:137} INFO - [2024-11-09T23:01:38.681+0000] {dag.py:2690} INFO - Sync 1 DAGs
[2024-11-09T23:01:38.703+0000] {logging_mixin.py:137} INFO - [2024-11-09T23:01:38.703+0000] {dag.py:3441} INFO - Setting next_dagrun for dag_run1 to None, run_after=None
[2024-11-09T23:01:38.722+0000] {processor.py:175} INFO - Processing /opt/airflow/dags/dag_run1.py took 0.090 seconds
[2024-11-09T23:02:09.627+0000] {processor.py:153} INFO - Started process (PID=17982) to work on /opt/airflow/dags/dag_run1.py
[2024-11-09T23:02:09.629+0000] {processor.py:743} INFO - Processing file /opt/airflow/dags/dag_run1.py for tasks to queue
[2024-11-09T23:02:09.630+0000] {logging_mixin.py:137} INFO - [2024-11-09T23:02:09.630+0000] {dagbag.py:538} INFO - Filling up the DagBag from /opt/airflow/dags/dag_run1.py
[2024-11-09T23:02:09.652+0000] {processor.py:753} INFO - DAG(s) dict_keys(['dag_run1']) retrieved from /opt/airflow/dags/dag_run1.py
[2024-11-09T23:02:09.676+0000] {logging_mixin.py:137} INFO - [2024-11-09T23:02:09.676+0000] {dag.py:2690} INFO - Sync 1 DAGs
[2024-11-09T23:02:09.698+0000] {logging_mixin.py:137} INFO - [2024-11-09T23:02:09.698+0000] {dag.py:3441} INFO - Setting next_dagrun for dag_run1 to None, run_after=None
[2024-11-09T23:02:09.722+0000] {processor.py:175} INFO - Processing /opt/airflow/dags/dag_run1.py took 0.098 seconds
[2024-11-09T23:02:40.615+0000] {processor.py:153} INFO - Started process (PID=18025) to work on /opt/airflow/dags/dag_run1.py
[2024-11-09T23:02:40.617+0000] {processor.py:743} INFO - Processing file /opt/airflow/dags/dag_run1.py for tasks to queue
[2024-11-09T23:02:40.618+0000] {logging_mixin.py:137} INFO - [2024-11-09T23:02:40.618+0000] {dagbag.py:538} INFO - Filling up the DagBag from /opt/airflow/dags/dag_run1.py
[2024-11-09T23:02:40.643+0000] {processor.py:753} INFO - DAG(s) dict_keys(['dag_run1']) retrieved from /opt/airflow/dags/dag_run1.py
[2024-11-09T23:02:40.670+0000] {logging_mixin.py:137} INFO - [2024-11-09T23:02:40.670+0000] {dag.py:2690} INFO - Sync 1 DAGs
[2024-11-09T23:02:40.693+0000] {logging_mixin.py:137} INFO - [2024-11-09T23:02:40.693+0000] {dag.py:3441} INFO - Setting next_dagrun for dag_run1 to None, run_after=None
[2024-11-09T23:02:40.713+0000] {processor.py:175} INFO - Processing /opt/airflow/dags/dag_run1.py took 0.104 seconds
[2024-11-09T23:03:11.449+0000] {processor.py:153} INFO - Started process (PID=18084) to work on /opt/airflow/dags/dag_run1.py
[2024-11-09T23:03:11.452+0000] {processor.py:743} INFO - Processing file /opt/airflow/dags/dag_run1.py for tasks to queue
[2024-11-09T23:03:11.453+0000] {logging_mixin.py:137} INFO - [2024-11-09T23:03:11.453+0000] {dagbag.py:538} INFO - Filling up the DagBag from /opt/airflow/dags/dag_run1.py
[2024-11-09T23:03:11.481+0000] {processor.py:753} INFO - DAG(s) dict_keys(['dag_run1']) retrieved from /opt/airflow/dags/dag_run1.py
[2024-11-09T23:03:11.506+0000] {logging_mixin.py:137} INFO - [2024-11-09T23:03:11.506+0000] {dag.py:2690} INFO - Sync 1 DAGs
[2024-11-09T23:03:11.529+0000] {logging_mixin.py:137} INFO - [2024-11-09T23:03:11.529+0000] {dag.py:3441} INFO - Setting next_dagrun for dag_run1 to None, run_after=None
[2024-11-09T23:03:11.546+0000] {processor.py:175} INFO - Processing /opt/airflow/dags/dag_run1.py took 0.102 seconds
[2024-11-09T23:03:42.461+0000] {processor.py:153} INFO - Started process (PID=18127) to work on /opt/airflow/dags/dag_run1.py
[2024-11-09T23:03:42.464+0000] {processor.py:743} INFO - Processing file /opt/airflow/dags/dag_run1.py for tasks to queue
[2024-11-09T23:03:42.465+0000] {logging_mixin.py:137} INFO - [2024-11-09T23:03:42.465+0000] {dagbag.py:538} INFO - Filling up the DagBag from /opt/airflow/dags/dag_run1.py
[2024-11-09T23:03:42.505+0000] {processor.py:753} INFO - DAG(s) dict_keys(['dag_run1']) retrieved from /opt/airflow/dags/dag_run1.py
[2024-11-09T23:03:42.538+0000] {logging_mixin.py:137} INFO - [2024-11-09T23:03:42.538+0000] {dag.py:2690} INFO - Sync 1 DAGs
[2024-11-09T23:03:42.581+0000] {logging_mixin.py:137} INFO - [2024-11-09T23:03:42.581+0000] {dag.py:3441} INFO - Setting next_dagrun for dag_run1 to None, run_after=None
[2024-11-09T23:03:42.601+0000] {processor.py:175} INFO - Processing /opt/airflow/dags/dag_run1.py took 0.149 seconds
[2024-11-09T23:04:13.540+0000] {processor.py:153} INFO - Started process (PID=18186) to work on /opt/airflow/dags/dag_run1.py
[2024-11-09T23:04:13.543+0000] {processor.py:743} INFO - Processing file /opt/airflow/dags/dag_run1.py for tasks to queue
[2024-11-09T23:04:13.545+0000] {logging_mixin.py:137} INFO - [2024-11-09T23:04:13.545+0000] {dagbag.py:538} INFO - Filling up the DagBag from /opt/airflow/dags/dag_run1.py
[2024-11-09T23:04:13.585+0000] {processor.py:753} INFO - DAG(s) dict_keys(['dag_run1']) retrieved from /opt/airflow/dags/dag_run1.py
[2024-11-09T23:04:13.613+0000] {logging_mixin.py:137} INFO - [2024-11-09T23:04:13.612+0000] {dag.py:2690} INFO - Sync 1 DAGs
[2024-11-09T23:04:13.637+0000] {logging_mixin.py:137} INFO - [2024-11-09T23:04:13.637+0000] {dag.py:3441} INFO - Setting next_dagrun for dag_run1 to None, run_after=None
[2024-11-09T23:04:13.654+0000] {processor.py:175} INFO - Processing /opt/airflow/dags/dag_run1.py took 0.121 seconds
[2024-11-09T23:04:44.619+0000] {processor.py:153} INFO - Started process (PID=18229) to work on /opt/airflow/dags/dag_run1.py
[2024-11-09T23:04:44.621+0000] {processor.py:743} INFO - Processing file /opt/airflow/dags/dag_run1.py for tasks to queue
[2024-11-09T23:04:44.626+0000] {logging_mixin.py:137} INFO - [2024-11-09T23:04:44.625+0000] {dagbag.py:538} INFO - Filling up the DagBag from /opt/airflow/dags/dag_run1.py
[2024-11-09T23:04:44.664+0000] {processor.py:753} INFO - DAG(s) dict_keys(['dag_run1']) retrieved from /opt/airflow/dags/dag_run1.py
[2024-11-09T23:04:44.695+0000] {logging_mixin.py:137} INFO - [2024-11-09T23:04:44.695+0000] {dag.py:2690} INFO - Sync 1 DAGs
[2024-11-09T23:04:44.722+0000] {logging_mixin.py:137} INFO - [2024-11-09T23:04:44.722+0000] {dag.py:3441} INFO - Setting next_dagrun for dag_run1 to None, run_after=None
[2024-11-09T23:04:44.738+0000] {processor.py:175} INFO - Processing /opt/airflow/dags/dag_run1.py took 0.128 seconds
[2024-11-09T23:05:15.581+0000] {processor.py:153} INFO - Started process (PID=18288) to work on /opt/airflow/dags/dag_run1.py
[2024-11-09T23:05:15.584+0000] {processor.py:743} INFO - Processing file /opt/airflow/dags/dag_run1.py for tasks to queue
[2024-11-09T23:05:15.585+0000] {logging_mixin.py:137} INFO - [2024-11-09T23:05:15.585+0000] {dagbag.py:538} INFO - Filling up the DagBag from /opt/airflow/dags/dag_run1.py
[2024-11-09T23:05:15.617+0000] {processor.py:753} INFO - DAG(s) dict_keys(['dag_run1']) retrieved from /opt/airflow/dags/dag_run1.py
[2024-11-09T23:05:15.644+0000] {logging_mixin.py:137} INFO - [2024-11-09T23:05:15.644+0000] {dag.py:2690} INFO - Sync 1 DAGs
[2024-11-09T23:05:15.666+0000] {logging_mixin.py:137} INFO - [2024-11-09T23:05:15.665+0000] {dag.py:3441} INFO - Setting next_dagrun for dag_run1 to None, run_after=None
[2024-11-09T23:05:15.685+0000] {processor.py:175} INFO - Processing /opt/airflow/dags/dag_run1.py took 0.110 seconds
[2024-11-09T23:05:45.791+0000] {processor.py:153} INFO - Started process (PID=18331) to work on /opt/airflow/dags/dag_run1.py
[2024-11-09T23:05:45.794+0000] {processor.py:743} INFO - Processing file /opt/airflow/dags/dag_run1.py for tasks to queue
[2024-11-09T23:05:45.796+0000] {logging_mixin.py:137} INFO - [2024-11-09T23:05:45.796+0000] {dagbag.py:538} INFO - Filling up the DagBag from /opt/airflow/dags/dag_run1.py
[2024-11-09T23:05:45.830+0000] {processor.py:753} INFO - DAG(s) dict_keys(['dag_run1']) retrieved from /opt/airflow/dags/dag_run1.py
[2024-11-09T23:05:45.870+0000] {logging_mixin.py:137} INFO - [2024-11-09T23:05:45.870+0000] {dag.py:2690} INFO - Sync 1 DAGs
[2024-11-09T23:05:45.890+0000] {logging_mixin.py:137} INFO - [2024-11-09T23:05:45.890+0000] {dag.py:3441} INFO - Setting next_dagrun for dag_run1 to None, run_after=None
[2024-11-09T23:05:45.905+0000] {processor.py:175} INFO - Processing /opt/airflow/dags/dag_run1.py took 0.125 seconds
[2024-11-09T23:39:28.225+0000] {processor.py:153} INFO - Started process (PID=18358) to work on /opt/airflow/dags/dag_run1.py
[2024-11-09T23:39:28.227+0000] {processor.py:743} INFO - Processing file /opt/airflow/dags/dag_run1.py for tasks to queue
[2024-11-09T23:39:28.228+0000] {logging_mixin.py:137} INFO - [2024-11-09T23:39:28.228+0000] {dagbag.py:538} INFO - Filling up the DagBag from /opt/airflow/dags/dag_run1.py
[2024-11-09T23:39:28.269+0000] {processor.py:753} INFO - DAG(s) dict_keys(['dag_run1']) retrieved from /opt/airflow/dags/dag_run1.py
[2024-11-09T23:39:28.303+0000] {logging_mixin.py:137} INFO - [2024-11-09T23:39:28.303+0000] {dag.py:2690} INFO - Sync 1 DAGs
[2024-11-09T23:39:28.339+0000] {logging_mixin.py:137} INFO - [2024-11-09T23:39:28.338+0000] {dag.py:3441} INFO - Setting next_dagrun for dag_run1 to None, run_after=None
[2024-11-09T23:39:28.365+0000] {processor.py:175} INFO - Processing /opt/airflow/dags/dag_run1.py took 0.146 seconds
[2024-11-09T23:59:41.223+0000] {processor.py:153} INFO - Started process (PID=18400) to work on /opt/airflow/dags/dag_run1.py
[2024-11-09T23:59:41.226+0000] {processor.py:743} INFO - Processing file /opt/airflow/dags/dag_run1.py for tasks to queue
[2024-11-09T23:59:41.227+0000] {logging_mixin.py:137} INFO - [2024-11-09T23:59:41.226+0000] {dagbag.py:538} INFO - Filling up the DagBag from /opt/airflow/dags/dag_run1.py
[2024-11-09T23:59:41.297+0000] {processor.py:753} INFO - DAG(s) dict_keys(['dag_run1']) retrieved from /opt/airflow/dags/dag_run1.py
[2024-11-09T23:59:41.383+0000] {logging_mixin.py:137} INFO - [2024-11-09T23:59:41.383+0000] {dag.py:2690} INFO - Sync 1 DAGs
[2024-11-09T23:59:41.455+0000] {logging_mixin.py:137} INFO - [2024-11-09T23:59:41.455+0000] {dag.py:3441} INFO - Setting next_dagrun for dag_run1 to None, run_after=None
[2024-11-09T23:59:41.950+0000] {processor.py:175} INFO - Processing /opt/airflow/dags/dag_run1.py took 0.752 seconds
