[2024-11-09T17:43:48.591+0000] {taskinstance.py:1083} INFO - Dependencies all met for <TaskInstance: example_bash_operator.runme_2 scheduled__2024-11-08T00:00:00+00:00 [queued]>
[2024-11-09T17:43:48.647+0000] {taskinstance.py:1083} INFO - Dependencies all met for <TaskInstance: example_bash_operator.runme_2 scheduled__2024-11-08T00:00:00+00:00 [queued]>
[2024-11-09T17:43:48.648+0000] {taskinstance.py:1279} INFO - 
--------------------------------------------------------------------------------
[2024-11-09T17:43:48.649+0000] {taskinstance.py:1280} INFO - Starting attempt 1 of 1
[2024-11-09T17:43:48.649+0000] {taskinstance.py:1281} INFO - 
--------------------------------------------------------------------------------
[2024-11-09T17:43:48.764+0000] {taskinstance.py:1300} INFO - Executing <Task(BashOperator): runme_2> on 2024-11-08 00:00:00+00:00
[2024-11-09T17:43:48.812+0000] {standard_task_runner.py:55} INFO - Started process 931 to run task
[2024-11-09T17:43:48.814+0000] {standard_task_runner.py:82} INFO - Running: ['***', 'tasks', 'run', 'example_bash_operator', 'runme_2', 'scheduled__2024-11-08T00:00:00+00:00', '--job-id', '34', '--raw', '--subdir', '/home/***/.local/lib/python3.7/site-packages/***/example_dags/example_bash_operator.py', '--cfg-path', '/tmp/tmprbgy7zva']
[2024-11-09T17:43:48.816+0000] {standard_task_runner.py:83} INFO - Job 34: Subtask runme_2
[2024-11-09T17:43:49.321+0000] {task_command.py:388} INFO - Running <TaskInstance: example_bash_operator.runme_2 scheduled__2024-11-08T00:00:00+00:00 [running]> on host a8ff7d7dd89a
[2024-11-09T17:43:50.427+0000] {taskinstance.py:1509} INFO - Exporting the following env vars:
AIRFLOW_CTX_DAG_OWNER=***
AIRFLOW_CTX_DAG_ID=example_bash_operator
AIRFLOW_CTX_TASK_ID=runme_2
AIRFLOW_CTX_EXECUTION_DATE=2024-11-08T00:00:00+00:00
AIRFLOW_CTX_TRY_NUMBER=1
AIRFLOW_CTX_DAG_RUN_ID=scheduled__2024-11-08T00:00:00+00:00
[2024-11-09T17:43:50.435+0000] {subprocess.py:63} INFO - Tmp dir root location: 
 /tmp
[2024-11-09T17:43:50.440+0000] {subprocess.py:75} INFO - Running command: ['/bin/bash', '-c', 'echo "example_bash_operator__runme_2__20241108" && sleep 1']
[2024-11-09T17:43:50.494+0000] {subprocess.py:86} INFO - Output:
[2024-11-09T17:43:50.516+0000] {subprocess.py:93} INFO - example_bash_operator__runme_2__20241108
[2024-11-09T17:43:51.550+0000] {subprocess.py:97} INFO - Command exited with return code 0
[2024-11-09T17:43:51.810+0000] {taskinstance.py:1323} INFO - Marking task as SUCCESS. dag_id=example_bash_operator, task_id=runme_2, execution_date=20241108T000000, start_date=20241109T174348, end_date=20241109T174351
[2024-11-09T17:43:51.936+0000] {local_task_job.py:208} INFO - Task exited with return code 0
[2024-11-09T17:43:52.133+0000] {taskinstance.py:2578} INFO - 0 downstream tasks scheduled from follow-on schedule check
