[2024-11-10T01:00:00.469+0000] {taskinstance.py:1083} INFO - Dependencies all met for <TaskInstance: default_args_dag.task1 scheduled__2024-11-10T00:00:00+00:00 [queued]>
[2024-11-10T01:00:00.480+0000] {taskinstance.py:1083} INFO - Dependencies all met for <TaskInstance: default_args_dag.task1 scheduled__2024-11-10T00:00:00+00:00 [queued]>
[2024-11-10T01:00:00.480+0000] {taskinstance.py:1279} INFO - 
--------------------------------------------------------------------------------
[2024-11-10T01:00:00.480+0000] {taskinstance.py:1280} INFO - Starting attempt 1 of 4
[2024-11-10T01:00:00.480+0000] {taskinstance.py:1281} INFO - 
--------------------------------------------------------------------------------
[2024-11-10T01:00:00.488+0000] {taskinstance.py:1300} INFO - Executing <Task(BashOperator): task1> on 2024-11-10 00:00:00+00:00
[2024-11-10T01:00:00.494+0000] {standard_task_runner.py:55} INFO - Started process 21205 to run task
[2024-11-10T01:00:00.498+0000] {standard_task_runner.py:82} INFO - Running: ['***', 'tasks', 'run', 'default_args_dag', 'task1', 'scheduled__2024-11-10T00:00:00+00:00', '--job-id', '148', '--raw', '--subdir', 'DAGS_FOLDER/default_args.py', '--cfg-path', '/tmp/tmpdv08ph0c']
[2024-11-10T01:00:00.499+0000] {standard_task_runner.py:83} INFO - Job 148: Subtask task1
[2024-11-10T01:00:00.540+0000] {task_command.py:388} INFO - Running <TaskInstance: default_args_dag.task1 scheduled__2024-11-10T00:00:00+00:00 [running]> on host a8ff7d7dd89a
[2024-11-10T01:00:00.587+0000] {taskinstance.py:1509} INFO - Exporting the following env vars:
AIRFLOW_CTX_DAG_EMAIL=caubineto@outlook.com
AIRFLOW_CTX_DAG_OWNER=***
AIRFLOW_CTX_DAG_ID=default_args_dag
AIRFLOW_CTX_TASK_ID=task1
AIRFLOW_CTX_EXECUTION_DATE=2024-11-10T00:00:00+00:00
AIRFLOW_CTX_TRY_NUMBER=1
AIRFLOW_CTX_DAG_RUN_ID=scheduled__2024-11-10T00:00:00+00:00
[2024-11-10T01:00:00.594+0000] {subprocess.py:63} INFO - Tmp dir root location: 
 /tmp
[2024-11-10T01:00:00.597+0000] {subprocess.py:75} INFO - Running command: ['/bin/bash', '-c', 'sleep 5']
[2024-11-10T01:00:00.604+0000] {subprocess.py:86} INFO - Output:
[2024-11-10T01:00:05.617+0000] {subprocess.py:97} INFO - Command exited with return code 0
[2024-11-10T01:00:05.674+0000] {taskinstance.py:1323} INFO - Marking task as SUCCESS. dag_id=default_args_dag, task_id=task1, execution_date=20241110T000000, start_date=20241110T010000, end_date=20241110T010005
[2024-11-10T01:00:05.708+0000] {local_task_job.py:208} INFO - Task exited with return code 0
[2024-11-10T01:00:05.727+0000] {taskinstance.py:2578} INFO - 2 downstream tasks scheduled from follow-on schedule check
