[2024-11-09T21:00:05.991+0000] {taskinstance.py:1083} INFO - Dependencies all met for <TaskInstance: fifity_dag.tsk1 manual__2024-11-09T21:00:05.179386+00:00 [queued]>
[2024-11-09T21:00:05.999+0000] {taskinstance.py:1083} INFO - Dependencies all met for <TaskInstance: fifity_dag.tsk1 manual__2024-11-09T21:00:05.179386+00:00 [queued]>
[2024-11-09T21:00:06.002+0000] {taskinstance.py:1279} INFO - 
--------------------------------------------------------------------------------
[2024-11-09T21:00:06.003+0000] {taskinstance.py:1280} INFO - Starting attempt 1 of 1
[2024-11-09T21:00:06.003+0000] {taskinstance.py:1281} INFO - 
--------------------------------------------------------------------------------
[2024-11-09T21:00:06.016+0000] {taskinstance.py:1300} INFO - Executing <Task(BashOperator): tsk1> on 2024-11-09 21:00:05.179386+00:00
[2024-11-09T21:00:06.022+0000] {standard_task_runner.py:55} INFO - Started process 8179 to run task
[2024-11-09T21:00:06.040+0000] {standard_task_runner.py:82} INFO - Running: ['***', 'tasks', 'run', 'fifity_dag', 'tsk1', 'manual__2024-11-09T21:00:05.179386+00:00', '--job-id', '99', '--raw', '--subdir', 'DAGS_FOLDER/fifity_dag.py', '--cfg-path', '/tmp/tmpd9x1knv7']
[2024-11-09T21:00:06.042+0000] {standard_task_runner.py:83} INFO - Job 99: Subtask tsk1
[2024-11-09T21:00:06.171+0000] {task_command.py:388} INFO - Running <TaskInstance: fifity_dag.tsk1 manual__2024-11-09T21:00:05.179386+00:00 [running]> on host a8ff7d7dd89a
[2024-11-09T21:00:06.232+0000] {taskinstance.py:1509} INFO - Exporting the following env vars:
AIRFLOW_CTX_DAG_OWNER=***
AIRFLOW_CTX_DAG_ID=fifity_dag
AIRFLOW_CTX_TASK_ID=tsk1
AIRFLOW_CTX_EXECUTION_DATE=2024-11-09T21:00:05.179386+00:00
AIRFLOW_CTX_TRY_NUMBER=1
AIRFLOW_CTX_DAG_RUN_ID=manual__2024-11-09T21:00:05.179386+00:00
[2024-11-09T21:00:06.233+0000] {subprocess.py:63} INFO - Tmp dir root location: 
 /tmp
[2024-11-09T21:00:06.234+0000] {subprocess.py:75} INFO - Running command: ['/bin/bash', '-c', 'sleep 5']
[2024-11-09T21:00:06.240+0000] {subprocess.py:86} INFO - Output:
[2024-11-09T21:00:11.245+0000] {subprocess.py:97} INFO - Command exited with return code 0
[2024-11-09T21:00:11.310+0000] {taskinstance.py:1323} INFO - Marking task as SUCCESS. dag_id=fifity_dag, task_id=tsk1, execution_date=20241109T210005, start_date=20241109T210005, end_date=20241109T210011
[2024-11-09T21:00:11.352+0000] {local_task_job.py:208} INFO - Task exited with return code 0
[2024-11-09T21:00:11.405+0000] {taskinstance.py:2578} INFO - 1 downstream tasks scheduled from follow-on schedule check
