[2024-11-09T22:23:14.490+0000] {taskinstance.py:1083} INFO - Dependencies all met for <TaskInstance: dag_run1.tsk1 manual__2024-11-09T22:23:12.927825+00:00 [queued]>
[2024-11-09T22:23:14.498+0000] {taskinstance.py:1083} INFO - Dependencies all met for <TaskInstance: dag_run1.tsk1 manual__2024-11-09T22:23:12.927825+00:00 [queued]>
[2024-11-09T22:23:14.499+0000] {taskinstance.py:1279} INFO - 
--------------------------------------------------------------------------------
[2024-11-09T22:23:14.499+0000] {taskinstance.py:1280} INFO - Starting attempt 1 of 1
[2024-11-09T22:23:14.499+0000] {taskinstance.py:1281} INFO - 
--------------------------------------------------------------------------------
[2024-11-09T22:23:14.510+0000] {taskinstance.py:1300} INFO - Executing <Task(BashOperator): tsk1> on 2024-11-09 22:23:12.927825+00:00
[2024-11-09T22:23:14.514+0000] {standard_task_runner.py:55} INFO - Started process 13494 to run task
[2024-11-09T22:23:14.519+0000] {standard_task_runner.py:82} INFO - Running: ['***', 'tasks', 'run', 'dag_run1', 'tsk1', 'manual__2024-11-09T22:23:12.927825+00:00', '--job-id', '114', '--raw', '--subdir', 'DAGS_FOLDER/dag_run1.py', '--cfg-path', '/tmp/tmp4_g0o_mj']
[2024-11-09T22:23:14.519+0000] {standard_task_runner.py:83} INFO - Job 114: Subtask tsk1
[2024-11-09T22:23:14.581+0000] {task_command.py:388} INFO - Running <TaskInstance: dag_run1.tsk1 manual__2024-11-09T22:23:12.927825+00:00 [running]> on host a8ff7d7dd89a
[2024-11-09T22:23:14.639+0000] {taskinstance.py:1509} INFO - Exporting the following env vars:
AIRFLOW_CTX_DAG_OWNER=***
AIRFLOW_CTX_DAG_ID=dag_run1
AIRFLOW_CTX_TASK_ID=tsk1
AIRFLOW_CTX_EXECUTION_DATE=2024-11-09T22:23:12.927825+00:00
AIRFLOW_CTX_TRY_NUMBER=1
AIRFLOW_CTX_DAG_RUN_ID=manual__2024-11-09T22:23:12.927825+00:00
[2024-11-09T22:23:14.640+0000] {subprocess.py:63} INFO - Tmp dir root location: 
 /tmp
[2024-11-09T22:23:14.641+0000] {subprocess.py:75} INFO - Running command: ['/bin/bash', '-c', 'sleep 5']
[2024-11-09T22:23:14.650+0000] {subprocess.py:86} INFO - Output:
[2024-11-09T22:23:19.660+0000] {subprocess.py:97} INFO - Command exited with return code 0
[2024-11-09T22:23:19.703+0000] {taskinstance.py:1323} INFO - Marking task as SUCCESS. dag_id=dag_run1, task_id=tsk1, execution_date=20241109T222312, start_date=20241109T222314, end_date=20241109T222319
[2024-11-09T22:23:19.755+0000] {local_task_job.py:208} INFO - Task exited with return code 0
[2024-11-09T22:23:19.786+0000] {taskinstance.py:2578} INFO - 1 downstream tasks scheduled from follow-on schedule check
