[2024-11-09T20:20:55.337+0000] {taskinstance.py:1083} INFO - Dependencies all met for <TaskInstance: fourth_dag.tsk2 manual__2024-11-09T20:20:48.084380+00:00 [queued]>
[2024-11-09T20:20:55.345+0000] {taskinstance.py:1083} INFO - Dependencies all met for <TaskInstance: fourth_dag.tsk2 manual__2024-11-09T20:20:48.084380+00:00 [queued]>
[2024-11-09T20:20:55.345+0000] {taskinstance.py:1279} INFO - 
--------------------------------------------------------------------------------
[2024-11-09T20:20:55.345+0000] {taskinstance.py:1280} INFO - Starting attempt 1 of 1
[2024-11-09T20:20:55.346+0000] {taskinstance.py:1281} INFO - 
--------------------------------------------------------------------------------
[2024-11-09T20:20:55.355+0000] {taskinstance.py:1300} INFO - Executing <Task(BashOperator): tsk2> on 2024-11-09 20:20:48.084380+00:00
[2024-11-09T20:20:55.358+0000] {standard_task_runner.py:55} INFO - Started process 4759 to run task
[2024-11-09T20:20:55.361+0000] {standard_task_runner.py:82} INFO - Running: ['***', 'tasks', 'run', 'fourth_dag', 'tsk2', 'manual__2024-11-09T20:20:48.084380+00:00', '--job-id', '66', '--raw', '--subdir', 'DAGS_FOLDER/fourth_dag.py', '--cfg-path', '/tmp/tmp81a40tr1']
[2024-11-09T20:20:55.361+0000] {standard_task_runner.py:83} INFO - Job 66: Subtask tsk2
[2024-11-09T20:20:55.424+0000] {task_command.py:388} INFO - Running <TaskInstance: fourth_dag.tsk2 manual__2024-11-09T20:20:48.084380+00:00 [running]> on host a8ff7d7dd89a
[2024-11-09T20:20:55.472+0000] {taskinstance.py:1509} INFO - Exporting the following env vars:
AIRFLOW_CTX_DAG_OWNER=***
AIRFLOW_CTX_DAG_ID=fourth_dag
AIRFLOW_CTX_TASK_ID=tsk2
AIRFLOW_CTX_EXECUTION_DATE=2024-11-09T20:20:48.084380+00:00
AIRFLOW_CTX_TRY_NUMBER=1
AIRFLOW_CTX_DAG_RUN_ID=manual__2024-11-09T20:20:48.084380+00:00
[2024-11-09T20:20:55.473+0000] {subprocess.py:63} INFO - Tmp dir root location: 
 /tmp
[2024-11-09T20:20:55.474+0000] {subprocess.py:75} INFO - Running command: ['/bin/bash', '-c', 'sleep 5']
[2024-11-09T20:20:55.480+0000] {subprocess.py:86} INFO - Output:
[2024-11-09T20:21:00.493+0000] {subprocess.py:97} INFO - Command exited with return code 0
[2024-11-09T20:21:00.578+0000] {taskinstance.py:1323} INFO - Marking task as SUCCESS. dag_id=fourth_dag, task_id=tsk2, execution_date=20241109T202048, start_date=20241109T202055, end_date=20241109T202100
[2024-11-09T20:21:00.652+0000] {local_task_job.py:208} INFO - Task exited with return code 0
[2024-11-09T20:21:00.708+0000] {taskinstance.py:2578} INFO - 1 downstream tasks scheduled from follow-on schedule check
