[2024-11-09T19:58:18.343+0000] {taskinstance.py:1083} INFO - Dependencies all met for <TaskInstance: first_dag.tsk2 manual__2024-11-09T19:58:11.450055+00:00 [queued]>
[2024-11-09T19:58:18.349+0000] {taskinstance.py:1083} INFO - Dependencies all met for <TaskInstance: first_dag.tsk2 manual__2024-11-09T19:58:11.450055+00:00 [queued]>
[2024-11-09T19:58:18.349+0000] {taskinstance.py:1279} INFO - 
--------------------------------------------------------------------------------
[2024-11-09T19:58:18.349+0000] {taskinstance.py:1280} INFO - Starting attempt 1 of 1
[2024-11-09T19:58:18.349+0000] {taskinstance.py:1281} INFO - 
--------------------------------------------------------------------------------
[2024-11-09T19:58:18.355+0000] {taskinstance.py:1300} INFO - Executing <Task(BashOperator): tsk2> on 2024-11-09 19:58:11.450055+00:00
[2024-11-09T19:58:18.358+0000] {standard_task_runner.py:55} INFO - Started process 2806 to run task
[2024-11-09T19:58:18.360+0000] {standard_task_runner.py:82} INFO - Running: ['***', 'tasks', 'run', 'first_dag', 'tsk2', 'manual__2024-11-09T19:58:11.450055+00:00', '--job-id', '49', '--raw', '--subdir', 'DAGS_FOLDER/first_dag.py', '--cfg-path', '/tmp/tmpoi90hawi']
[2024-11-09T19:58:18.360+0000] {standard_task_runner.py:83} INFO - Job 49: Subtask tsk2
[2024-11-09T19:58:18.398+0000] {task_command.py:388} INFO - Running <TaskInstance: first_dag.tsk2 manual__2024-11-09T19:58:11.450055+00:00 [running]> on host a8ff7d7dd89a
[2024-11-09T19:58:18.444+0000] {taskinstance.py:1509} INFO - Exporting the following env vars:
AIRFLOW_CTX_DAG_OWNER=***
AIRFLOW_CTX_DAG_ID=first_dag
AIRFLOW_CTX_TASK_ID=tsk2
AIRFLOW_CTX_EXECUTION_DATE=2024-11-09T19:58:11.450055+00:00
AIRFLOW_CTX_TRY_NUMBER=1
AIRFLOW_CTX_DAG_RUN_ID=manual__2024-11-09T19:58:11.450055+00:00
[2024-11-09T19:58:18.445+0000] {subprocess.py:63} INFO - Tmp dir root location: 
 /tmp
[2024-11-09T19:58:18.445+0000] {subprocess.py:75} INFO - Running command: ['/bin/bash', '-c', 'sleep 5']
[2024-11-09T19:58:18.452+0000] {subprocess.py:86} INFO - Output:
[2024-11-09T19:58:23.457+0000] {subprocess.py:97} INFO - Command exited with return code 0
[2024-11-09T19:58:23.485+0000] {taskinstance.py:1323} INFO - Marking task as SUCCESS. dag_id=first_dag, task_id=tsk2, execution_date=20241109T195811, start_date=20241109T195818, end_date=20241109T195823
[2024-11-09T19:58:23.524+0000] {local_task_job.py:208} INFO - Task exited with return code 0
[2024-11-09T19:58:23.540+0000] {taskinstance.py:2578} INFO - 1 downstream tasks scheduled from follow-on schedule check
