[2024-11-09T20:58:26.878+0000] {taskinstance.py:1083} INFO - Dependencies all met for <TaskInstance: fifity_dag.tsk8 manual__2024-11-09T20:58:01.340382+00:00 [queued]>
[2024-11-09T20:58:26.889+0000] {taskinstance.py:1083} INFO - Dependencies all met for <TaskInstance: fifity_dag.tsk8 manual__2024-11-09T20:58:01.340382+00:00 [queued]>
[2024-11-09T20:58:26.890+0000] {taskinstance.py:1279} INFO - 
--------------------------------------------------------------------------------
[2024-11-09T20:58:26.890+0000] {taskinstance.py:1280} INFO - Starting attempt 1 of 1
[2024-11-09T20:58:26.890+0000] {taskinstance.py:1281} INFO - 
--------------------------------------------------------------------------------
[2024-11-09T20:58:26.900+0000] {taskinstance.py:1300} INFO - Executing <Task(BashOperator): tsk8> on 2024-11-09 20:58:01.340382+00:00
[2024-11-09T20:58:26.907+0000] {standard_task_runner.py:82} INFO - Running: ['***', 'tasks', 'run', 'fifity_dag', 'tsk8', 'manual__2024-11-09T20:58:01.340382+00:00', '--job-id', '96', '--raw', '--subdir', 'DAGS_FOLDER/fifity_dag.py', '--cfg-path', '/tmp/tmp8h1l6999']
[2024-11-09T20:58:26.905+0000] {standard_task_runner.py:55} INFO - Started process 8027 to run task
[2024-11-09T20:58:26.908+0000] {standard_task_runner.py:83} INFO - Job 96: Subtask tsk8
[2024-11-09T20:58:26.972+0000] {task_command.py:388} INFO - Running <TaskInstance: fifity_dag.tsk8 manual__2024-11-09T20:58:01.340382+00:00 [running]> on host a8ff7d7dd89a
[2024-11-09T20:58:27.037+0000] {taskinstance.py:1509} INFO - Exporting the following env vars:
AIRFLOW_CTX_DAG_OWNER=***
AIRFLOW_CTX_DAG_ID=fifity_dag
AIRFLOW_CTX_TASK_ID=tsk8
AIRFLOW_CTX_EXECUTION_DATE=2024-11-09T20:58:01.340382+00:00
AIRFLOW_CTX_TRY_NUMBER=1
AIRFLOW_CTX_DAG_RUN_ID=manual__2024-11-09T20:58:01.340382+00:00
[2024-11-09T20:58:27.038+0000] {subprocess.py:63} INFO - Tmp dir root location: 
 /tmp
[2024-11-09T20:58:27.038+0000] {subprocess.py:75} INFO - Running command: ['/bin/bash', '-c', 'sleep 5']
[2024-11-09T20:58:27.045+0000] {subprocess.py:86} INFO - Output:
[2024-11-09T20:58:32.050+0000] {subprocess.py:97} INFO - Command exited with return code 0
[2024-11-09T20:58:32.101+0000] {taskinstance.py:1323} INFO - Marking task as SUCCESS. dag_id=fifity_dag, task_id=tsk8, execution_date=20241109T205801, start_date=20241109T205826, end_date=20241109T205832
[2024-11-09T20:58:32.130+0000] {local_task_job.py:208} INFO - Task exited with return code 0
[2024-11-09T20:58:32.157+0000] {taskinstance.py:2578} INFO - 0 downstream tasks scheduled from follow-on schedule check
